2026-06-29 16:57:35,765 - __main__ - INFO - 运行所有爬虫
2026-06-29 16:57:35,765 - scrapers.jandan_scraper - INFO - JandanScraper初始化完成
2026-06-29 16:57:35,765 - scrapers.base_scraper - INFO - 开始爬取 煎蛋网
2026-06-29 16:57:35,765 - scrapers.jandan_scraper - INFO - 开始爬取煎蛋热评
2026-06-29 16:57:39,633 - scrapers.jandan_scraper - INFO - 成功获取HTML内容，长度: 37213
2026-06-29 16:57:39,633 - scrapers.jandan_scraper - INFO - 调试: 手动获取评论 5877984 的吐槽数据
2026-06-29 16:57:39,633 - scrapers.jandan_scraper - INFO - 获取评论 5877984 的吐槽内容: https://jandan.net/api/tucao/list/5877984
2026-06-29 16:57:42,428 - scrapers.jandan_scraper - INFO - 评论 5877984 获取到 0 条热门吐槽, 0 条普通吐槽
2026-06-29 16:57:42,428 - scrapers.jandan_scraper - INFO - 调试: 评论 5877984 获取到 0 条热门吐槽, 0 条普通吐槽
2026-06-29 16:57:42,428 - scrapers.jandan_scraper - INFO - 开始解析页面中的评论
2026-06-29 16:57:42,428 - scrapers.jandan_scraper - INFO - 开始解析HTML内容, 长度: 37213
2026-06-29 16:57:42,436 - scrapers.jandan_scraper - INFO - 找到 0 条热门评论
2026-06-29 16:57:42,436 - scrapers.jandan_scraper - INFO - 解析完成，获取到 0 条评论
2026-06-29 16:57:42,436 - scrapers.jandan_scraper - INFO - 开始转换评论为统一格式
2026-06-29 16:57:42,436 - scrapers.jandan_scraper - INFO - 开始转换 0 条评论到统一格式
2026-06-29 16:57:42,436 - scrapers.jandan_scraper - INFO - 共转换 0 条评论为统一格式
2026-06-29 16:57:42,436 - scrapers.jandan_scraper - INFO - 爬取完成，共获取 0 条热评
2026-06-29 16:57:42,436 - scrapers.base_scraper - ERROR - 爬取 煎蛋网 失败
2026-06-29 16:57:42,437 - scrapers.reddit_scraper - INFO - RedditScraper初始化完成
2026-06-29 16:57:42,439 - scrapers.base_scraper - INFO - 开始爬取 Reddit
2026-06-29 16:57:42,439 - scrapers.reddit_scraper - INFO - 开始爬取Reddit r/confessions每周热门帖子
2026-06-29 16:57:45,520 - utils.http_utils - ERROR - 请求失败: https://www.reddit.com/r/confessions/top/.json?t=week&limit=10, 错误: 403 Client Error: Blocked for url: https://www.reddit.com/r/confessions/top/.json?t=week&limit=10
2026-06-29 16:57:45,521 - scrapers.reddit_scraper - ERROR - 获取API数据失败: 403 Client Error: Blocked for url: https://www.reddit.com/r/confessions/top/.json?t=week&limit=10
2026-06-29 16:57:45,521 - scrapers.base_scraper - ERROR - 爬取 Reddit 失败
2026-06-29 16:57:45,521 - scrapers.hackernews_scraper - INFO - HackerNewsScraper初始化完成
2026-06-29 16:57:45,522 - scrapers.base_scraper - INFO - 开始爬取 Hacker News
2026-06-29 16:57:45,522 - scrapers.hackernews_scraper - INFO - 开始爬取Hacker News Ask HN帖子
2026-06-29 16:57:45,522 - scrapers.hackernews_scraper - INFO - 获取Ask HN页面: https://news.ycombinator.com/ask
2026-06-29 16:57:48,672 - scrapers.hackernews_scraper - INFO - 找到 30 个帖子行
2026-06-29 16:57:48,673 - scrapers.hackernews_scraper - INFO - 成功解析故事: Ask HN: Homeless, Former Softw..., 作者=current_robot, 点赞=9, 评论=0
2026-06-29 16:57:48,674 - scrapers.hackernews_scraper - INFO - 成功解析故事: Ask HN: How do you handle QA a..., 作者=ovi_firstqa, 点赞=2, 评论=0
2026-06-29 16:57:48,675 - scrapers.hackernews_scraper - INFO - 成功解析故事: Ask HN: Where is the programmi..., 作者=syntaxbush, 点赞=157, 评论=0
2026-06-29 16:57:48,675 - scrapers.hackernews_scraper - INFO - 成功解析故事: Ask HN: Books about Genetic Al..., 作者=andyjohnson0, 点赞=14, 评论=0
2026-06-29 16:57:48,676 - scrapers.hackernews_scraper - INFO - 成功解析故事: Ask HN: What do SRE do at your..., 作者=petemc_, 点赞=6, 评论=0
2026-06-29 16:57:48,676 - scrapers.hackernews_scraper - INFO - 成功解析故事: Ask HN: Is "no source code was..., 作者=oscgam1, 点赞=66, 评论=0
2026-06-29 16:57:48,677 - scrapers.hackernews_scraper - INFO - 成功解析故事: Ask HN: MacBook vs. Dedicated ..., 作者=mzubairtahir, 点赞=35, 评论=0
2026-06-29 16:57:48,678 - scrapers.hackernews_scraper - INFO - 成功解析故事: Ask HN: How much coding should..., 作者=JohnDSDev, 点赞=38, 评论=0
2026-06-29 16:57:48,678 - scrapers.hackernews_scraper - INFO - 成功解析故事: Ask HN: Is there a bad employe..., 作者=trowa159, 点赞=52, 评论=0
2026-06-29 16:57:48,679 - scrapers.hackernews_scraper - INFO - 成功解析故事: Ask HN: Smallest amount of wor..., 作者=thoughtpeddler, 点赞=8, 评论=0
2026-06-29 16:57:48,679 - scrapers.hackernews_scraper - INFO - 成功解析故事: Ask HN: How do I capture the r..., 作者=akarshhegde18, 点赞=7, 评论=0
2026-06-29 16:57:48,680 - scrapers.hackernews_scraper - INFO - 成功解析故事: Ask HN: What do you predict th..., 作者=justanything, 点赞=10, 评论=0
2026-06-29 16:57:48,680 - scrapers.hackernews_scraper - INFO - 成功解析故事: Ask HN: What GUI/desktop app d..., 作者=howToTestFE, 点赞=5, 评论=0
2026-06-29 16:57:48,681 - scrapers.hackernews_scraper - INFO - 成功解析故事: Ask HN: Norway bans AI in elem..., 作者=mellosty, 点赞=15, 评论=0
2026-06-29 16:57:48,682 - scrapers.hackernews_scraper - INFO - 成功解析故事: Ask HN: Has Ilya Sutskever spo..., 作者=aurenvale, 点赞=11, 评论=0
2026-06-29 16:57:48,682 - scrapers.hackernews_scraper - INFO - 成功解析 15 个Ask HN故事
2026-06-29 16:57:48,682 - scrapers.hackernews_scraper - INFO - 开始转换 15 个故事到统一格式
2026-06-29 16:57:48,682 - scrapers.hackernews_scraper - INFO - 转换第 1/15 个故事: Ask HN: Homeless, Former Softw...
2026-06-29 16:57:50,355 - scrapers.hackernews_scraper - INFO - 找到 6 条评论
2026-06-29 16:57:50,359 - scrapers.hackernews_scraper - INFO - 故事 Ask HN: Homeless, Former Softw... 转换完成，包含 6 条评论
2026-06-29 16:57:50,359 - scrapers.hackernews_scraper - INFO - 转换第 2/15 个故事: Ask HN: How do you handle QA a...
2026-06-29 16:57:52,959 - scrapers.hackernews_scraper - INFO - 找到 2 条评论
2026-06-29 16:57:52,960 - scrapers.hackernews_scraper - INFO - 故事 Ask HN: How do you handle QA a... 转换完成，包含 2 条评论
2026-06-29 16:57:52,960 - scrapers.hackernews_scraper - INFO - 转换第 3/15 个故事: Ask HN: Where is the programmi...
2026-06-29 16:57:54,602 - scrapers.hackernews_scraper - INFO - 找到 168 条评论
2026-06-29 16:57:55,221 - scrapers.hackernews_scraper - INFO - 故事 Ask HN: Where is the programmi... 转换完成，包含 100 条评论
2026-06-29 16:57:55,222 - scrapers.hackernews_scraper - INFO - 转换第 4/15 个故事: Ask HN: Books about Genetic Al...
2026-06-29 16:57:57,654 - utils.http_utils - ERROR - 请求失败: https://news.ycombinator.com/item?id=48711408, 错误: 429 Client Error: Too Many Requests for url: https://news.ycombinator.com/item?id=48711408
2026-06-29 16:57:57,654 - scrapers.hackernews_scraper - ERROR - 获取故事详情失败: 48711408
2026-06-29 16:57:59,444 - utils.http_utils - ERROR - 请求失败: https://news.ycombinator.com/item?id=48711408, 错误: 429 Client Error: Too Many Requests for url: https://news.ycombinator.com/item?id=48711408
2026-06-29 16:57:59,444 - scrapers.hackernews_scraper - ERROR - 获取故事详情失败: 48711408
2026-06-29 16:57:59,444 - scrapers.hackernews_scraper - INFO - 故事 Ask HN: Books about Genetic Al... 转换完成，包含 0 条评论
2026-06-29 16:57:59,445 - scrapers.hackernews_scraper - INFO - 转换第 5/15 个故事: Ask HN: What do SRE do at your...
2026-06-29 16:58:02,323 - utils.http_utils - ERROR - 请求失败: https://news.ycombinator.com/item?id=48711261, 错误: 429 Client Error: Too Many Requests for url: https://news.ycombinator.com/item?id=48711261
2026-06-29 16:58:02,324 - scrapers.hackernews_scraper - ERROR - 获取故事详情失败: 48711261
2026-06-29 16:58:03,504 - utils.http_utils - ERROR - 请求失败: https://news.ycombinator.com/item?id=48711261, 错误: 429 Client Error: Too Many Requests for url: https://news.ycombinator.com/item?id=48711261
2026-06-29 16:58:03,504 - scrapers.hackernews_scraper - ERROR - 获取故事详情失败: 48711261
2026-06-29 16:58:03,504 - scrapers.hackernews_scraper - INFO - 故事 Ask HN: What do SRE do at your... 转换完成，包含 0 条评论
2026-06-29 16:58:03,504 - scrapers.hackernews_scraper - INFO - 转换第 6/15 个故事: Ask HN: Is "no source code was...
2026-06-29 16:58:05,538 - scrapers.hackernews_scraper - INFO - 找到 79 条评论
2026-06-29 16:58:05,670 - scrapers.hackernews_scraper - INFO - 故事 Ask HN: Is "no source code was... 转换完成，包含 79 条评论
2026-06-29 16:58:05,670 - scrapers.hackernews_scraper - INFO - 转换第 7/15 个故事: Ask HN: MacBook vs. Dedicated ...
2026-06-29 16:58:07,282 - utils.http_utils - ERROR - 请求失败: https://news.ycombinator.com/item?id=48694802, 错误: 429 Client Error: Too Many Requests for url: https://news.ycombinator.com/item?id=48694802
2026-06-29 16:58:07,282 - scrapers.hackernews_scraper - ERROR - 获取故事详情失败: 48694802
2026-06-29 16:58:09,912 - utils.http_utils - ERROR - 请求失败: https://news.ycombinator.com/item?id=48694802, 错误: 429 Client Error: Too Many Requests for url: https://news.ycombinator.com/item?id=48694802
2026-06-29 16:58:09,913 - scrapers.hackernews_scraper - ERROR - 获取故事详情失败: 48694802
2026-06-29 16:58:09,913 - scrapers.hackernews_scraper - INFO - 故事 Ask HN: MacBook vs. Dedicated ... 转换完成，包含 0 条评论
2026-06-29 16:58:09,913 - scrapers.hackernews_scraper - INFO - 转换第 8/15 个故事: Ask HN: How much coding should...
2026-06-29 16:58:11,967 - utils.http_utils - ERROR - 请求失败: https://news.ycombinator.com/item?id=48662310, 错误: 429 Client Error: Too Many Requests for url: https://news.ycombinator.com/item?id=48662310
2026-06-29 16:58:11,967 - scrapers.hackernews_scraper - ERROR - 获取故事详情失败: 48662310
2026-06-29 16:58:13,023 - utils.http_utils - ERROR - 请求失败: https://news.ycombinator.com/item?id=48662310, 错误: 429 Client Error: Too Many Requests for url: https://news.ycombinator.com/item?id=48662310
2026-06-29 16:58:13,023 - scrapers.hackernews_scraper - ERROR - 获取故事详情失败: 48662310
2026-06-29 16:58:13,023 - scrapers.hackernews_scraper - INFO - 故事 Ask HN: How much coding should... 转换完成，包含 0 条评论
2026-06-29 16:58:13,023 - scrapers.hackernews_scraper - INFO - 转换第 9/15 个故事: Ask HN: Is there a bad employe...
2026-06-29 16:58:14,978 - scrapers.hackernews_scraper - INFO - 找到 65 条评论
2026-06-29 16:58:15,068 - scrapers.hackernews_scraper - INFO - 故事 Ask HN: Is there a bad employe... 转换完成，包含 65 条评论
2026-06-29 16:58:15,068 - scrapers.hackernews_scraper - INFO - 转换第 10/15 个故事: Ask HN: Smallest amount of wor...
2026-06-29 16:58:16,820 - utils.http_utils - ERROR - 请求失败: https://news.ycombinator.com/item?id=48700586, 错误: 429 Client Error: Too Many Requests for url: https://news.ycombinator.com/item?id=48700586
2026-06-29 16:58:16,820 - scrapers.hackernews_scraper - ERROR - 获取故事详情失败: 48700586
2026-06-29 16:58:18,662 - utils.http_utils - ERROR - 请求失败: https://news.ycombinator.com/item?id=48700586, 错误: 429 Client Error: Too Many Requests for url: https://news.ycombinator.com/item?id=48700586
2026-06-29 16:58:18,662 - scrapers.hackernews_scraper - ERROR - 获取故事详情失败: 48700586
2026-06-29 16:58:18,662 - scrapers.hackernews_scraper - INFO - 故事 Ask HN: Smallest amount of wor... 转换完成，包含 0 条评论
2026-06-29 16:58:18,662 - scrapers.hackernews_scraper - INFO - 转换第 11/15 个故事: Ask HN: How do I capture the r...
2026-06-29 16:58:21,624 - utils.http_utils - ERROR - 请求失败: https://news.ycombinator.com/item?id=48706419, 错误: 429 Client Error: Too Many Requests for url: https://news.ycombinator.com/item?id=48706419
2026-06-29 16:58:21,624 - scrapers.hackernews_scraper - ERROR - 获取故事详情失败: 48706419
2026-06-29 16:58:22,799 - utils.http_utils - ERROR - 请求失败: https://news.ycombinator.com/item?id=48706419, 错误: 429 Client Error: Too Many Requests for url: https://news.ycombinator.com/item?id=48706419
2026-06-29 16:58:22,800 - scrapers.hackernews_scraper - ERROR - 获取故事详情失败: 48706419
2026-06-29 16:58:22,800 - scrapers.hackernews_scraper - INFO - 故事 Ask HN: How do I capture the r... 转换完成，包含 0 条评论
2026-06-29 16:58:22,800 - scrapers.hackernews_scraper - INFO - 转换第 12/15 个故事: Ask HN: What do you predict th...
2026-06-29 16:58:25,273 - utils.http_utils - ERROR - 请求失败: https://news.ycombinator.com/item?id=48697956, 错误: 429 Client Error: Too Many Requests for url: https://news.ycombinator.com/item?id=48697956
2026-06-29 16:58:25,274 - scrapers.hackernews_scraper - ERROR - 获取故事详情失败: 48697956
2026-06-29 16:58:27,703 - utils.http_utils - ERROR - 请求失败: https://news.ycombinator.com/item?id=48697956, 错误: 429 Client Error: Too Many Requests for url: https://news.ycombinator.com/item?id=48697956
2026-06-29 16:58:27,703 - scrapers.hackernews_scraper - ERROR - 获取故事详情失败: 48697956
2026-06-29 16:58:27,703 - scrapers.hackernews_scraper - INFO - 故事 Ask HN: What do you predict th... 转换完成，包含 0 条评论
2026-06-29 16:58:27,703 - scrapers.hackernews_scraper - INFO - 转换第 13/15 个故事: Ask HN: What GUI/desktop app d...
2026-06-29 16:58:29,708 - utils.http_utils - ERROR - 请求失败: https://news.ycombinator.com/item?id=48696704, 错误: 429 Client Error: Too Many Requests for url: https://news.ycombinator.com/item?id=48696704
2026-06-29 16:58:29,708 - scrapers.hackernews_scraper - ERROR - 获取故事详情失败: 48696704
2026-06-29 16:58:31,176 - utils.http_utils - ERROR - 请求失败: https://news.ycombinator.com/item?id=48696704, 错误: 429 Client Error: Too Many Requests for url: https://news.ycombinator.com/item?id=48696704
2026-06-29 16:58:31,177 - scrapers.hackernews_scraper - ERROR - 获取故事详情失败: 48696704
2026-06-29 16:58:31,177 - scrapers.hackernews_scraper - INFO - 故事 Ask HN: What GUI/desktop app d... 转换完成，包含 0 条评论
2026-06-29 16:58:31,177 - scrapers.hackernews_scraper - INFO - 转换第 14/15 个故事: Ask HN: Norway bans AI in elem...
2026-06-29 16:58:34,025 - utils.http_utils - ERROR - 请求失败: https://news.ycombinator.com/item?id=48680504, 错误: 429 Client Error: Too Many Requests for url: https://news.ycombinator.com/item?id=48680504
2026-06-29 16:58:34,026 - scrapers.hackernews_scraper - ERROR - 获取故事详情失败: 48680504
2026-06-29 16:58:36,693 - utils.http_utils - ERROR - 请求失败: https://news.ycombinator.com/item?id=48680504, 错误: 429 Client Error: Too Many Requests for url: https://news.ycombinator.com/item?id=48680504
2026-06-29 16:58:36,693 - scrapers.hackernews_scraper - ERROR - 获取故事详情失败: 48680504
2026-06-29 16:58:36,693 - scrapers.hackernews_scraper - INFO - 故事 Ask HN: Norway bans AI in elem... 转换完成，包含 0 条评论
2026-06-29 16:58:36,693 - scrapers.hackernews_scraper - INFO - 转换第 15/15 个故事: Ask HN: Has Ilya Sutskever spo...
2026-06-29 16:58:39,179 - utils.http_utils - ERROR - 请求失败: https://news.ycombinator.com/item?id=48696161, 错误: 429 Client Error: Too Many Requests for url: https://news.ycombinator.com/item?id=48696161
2026-06-29 16:58:39,179 - scrapers.hackernews_scraper - ERROR - 获取故事详情失败: 48696161
2026-06-29 16:58:41,499 - utils.http_utils - ERROR - 请求失败: https://news.ycombinator.com/item?id=48696161, 错误: 429 Client Error: Too Many Requests for url: https://news.ycombinator.com/item?id=48696161
2026-06-29 16:58:41,499 - scrapers.hackernews_scraper - ERROR - 获取故事详情失败: 48696161
2026-06-29 16:58:41,499 - scrapers.hackernews_scraper - INFO - 故事 Ask HN: Has Ilya Sutskever spo... 转换完成，包含 0 条评论
2026-06-29 16:58:41,499 - scrapers.hackernews_scraper - INFO - 共转换 15 个故事为统一格式
2026-06-29 16:58:41,499 - scrapers.hackernews_scraper - INFO - 爬取完成，共获取 15 个Ask HN故事
2026-06-29 16:58:41,687 - utils.storage_utils - INFO - 已更新源索引: hackernews
2026-06-29 16:58:41,688 - utils.storage_utils - INFO - 数据已保存到 data/hackernews/week_2026-06-29.json
2026-06-29 16:58:41,688 - scrapers.base_scraper - INFO - 数据已保存到 data/hackernews/week_2026-06-29.json
2026-06-29 16:58:41,688 - scrapers.base_scraper - INFO - 成功爬取 Hacker News 的数据
2026-06-29 16:58:41,689 - __main__ - INFO - 完成: 1/3 个爬虫成功运行
2026-06-29 16:58:41,912 - __main__ - INFO - 归档所有源的旧数据
2026-06-29 16:58:41,912 - __main__ - INFO - 源 jandan 归档 无需归档
2026-06-29 16:58:41,912 - __main__ - INFO - 源 reddit 归档 无需归档
2026-06-29 16:58:41,913 - utils.storage_utils - INFO - 已将 week_2026-04-06.json 归档
2026-06-29 16:58:41,913 - __main__ - INFO - 源 hackernews 归档 成功
