2025-11-25 16:02:40,682 - __main__ - INFO - 运行所有爬虫
2025-11-25 16:02:40,682 - scrapers.jandan_scraper - INFO - JandanScraper初始化完成
2025-11-25 16:02:40,682 - scrapers.base_scraper - INFO - 开始爬取 煎蛋网
2025-11-25 16:02:40,682 - scrapers.jandan_scraper - INFO - 开始爬取煎蛋热评
2025-11-25 16:02:44,716 - scrapers.jandan_scraper - INFO - 成功获取HTML内容，长度: 24786
2025-11-25 16:02:44,716 - scrapers.jandan_scraper - INFO - 调试: 手动获取评论 5877984 的吐槽数据
2025-11-25 16:02:44,716 - scrapers.jandan_scraper - INFO - 获取评论 5877984 的吐槽内容: https://jandan.net/api/tucao/list/5877984
2025-11-25 16:02:47,044 - scrapers.jandan_scraper - INFO - 评论 5877984 获取到 1 条热门吐槽, 3 条普通吐槽
2025-11-25 16:02:47,044 - scrapers.jandan_scraper - INFO - 调试: 评论 5877984 获取到 1 条热门吐槽, 3 条普通吐槽
2025-11-25 16:02:47,044 - scrapers.jandan_scraper - INFO - 开始解析页面中的评论
2025-11-25 16:02:47,044 - scrapers.jandan_scraper - INFO - 开始解析HTML内容, 长度: 24786
2025-11-25 16:02:47,053 - scrapers.jandan_scraper - INFO - 找到 0 条热门评论
2025-11-25 16:02:47,053 - scrapers.jandan_scraper - INFO - 解析完成，获取到 0 条评论
2025-11-25 16:02:47,053 - scrapers.jandan_scraper - INFO - 开始转换评论为统一格式
2025-11-25 16:02:47,053 - scrapers.jandan_scraper - INFO - 开始转换 0 条评论到统一格式
2025-11-25 16:02:47,053 - scrapers.jandan_scraper - INFO - 共转换 0 条评论为统一格式
2025-11-25 16:02:47,054 - scrapers.jandan_scraper - INFO - 爬取完成，共获取 0 条热评
2025-11-25 16:02:47,054 - scrapers.base_scraper - ERROR - 爬取 煎蛋网 失败
2025-11-25 16:02:47,054 - scrapers.reddit_scraper - INFO - RedditScraper初始化完成
2025-11-25 16:02:47,055 - scrapers.base_scraper - INFO - 开始爬取 Reddit
2025-11-25 16:02:47,056 - scrapers.reddit_scraper - INFO - 开始爬取Reddit r/confessions每周热门帖子
2025-11-25 16:02:49,270 - utils.http_utils - ERROR - 请求失败: https://www.reddit.com/r/confessions/top/.json?t=week&limit=10, 错误: 403 Client Error: Blocked for url: https://www.reddit.com/r/confessions/top/.json?t=week&limit=10
2025-11-25 16:02:49,271 - scrapers.reddit_scraper - ERROR - 获取API数据失败: 403 Client Error: Blocked for url: https://www.reddit.com/r/confessions/top/.json?t=week&limit=10
2025-11-25 16:02:49,272 - scrapers.base_scraper - ERROR - 爬取 Reddit 失败
2025-11-25 16:02:49,272 - scrapers.hackernews_scraper - INFO - HackerNewsScraper初始化完成
2025-11-25 16:02:49,273 - scrapers.base_scraper - INFO - 开始爬取 Hacker News
2025-11-25 16:02:49,273 - scrapers.hackernews_scraper - INFO - 开始爬取Hacker News Ask HN帖子
2025-11-25 16:02:49,273 - scrapers.hackernews_scraper - INFO - 获取Ask HN页面: https://news.ycombinator.com/ask
2025-11-25 16:02:52,570 - scrapers.hackernews_scraper - INFO - 找到 30 个帖子行
2025-11-25 16:02:52,571 - scrapers.hackernews_scraper - INFO - 成功解析故事: Ask HN: Should account creatio..., 作者=megraf, 点赞=5, 评论=0
2025-11-25 16:02:52,572 - scrapers.hackernews_scraper - INFO - 成功解析故事: Ask HN: Opinions on facial rec..., 作者=bjourne, 点赞=2, 评论=0
2025-11-25 16:02:52,572 - scrapers.hackernews_scraper - INFO - 成功解析故事: Ask HN: Hearing aid wearers, w..., 作者=pugworthy, 点赞=348, 评论=0
2025-11-25 16:02:52,573 - scrapers.hackernews_scraper - INFO - 成功解析故事: Ask HN: Scheduling stateful no..., 作者=leo_e, 点赞=21, 评论=0
2025-11-25 16:02:52,573 - scrapers.hackernews_scraper - INFO - 成功解析故事: Ask HN: What work problems wou..., 作者=aryanchaurasia, 点赞=10, 评论=0
2025-11-25 16:02:52,574 - scrapers.hackernews_scraper - INFO - 成功解析故事: Ask HN: Does anyone just liste..., 作者=ivape, 点赞=7, 评论=0
2025-11-25 16:02:52,574 - scrapers.hackernews_scraper - INFO - 成功解析故事: Ask HN: Good resources to lear..., 作者=_1tan, 点赞=134, 评论=0
2025-11-25 16:02:52,576 - scrapers.hackernews_scraper - INFO - 成功解析故事: Ask HN: What tools do you pay ..., 作者=psicombinator, 点赞=6, 评论=0
2025-11-25 16:02:52,576 - scrapers.hackernews_scraper - INFO - 成功解析故事: Ask HN: Photos corrupted on Go..., 作者=poolnoodle, 点赞=6, 评论=0
2025-11-25 16:02:52,577 - scrapers.hackernews_scraper - INFO - 成功解析故事: Ask HN: How do you balance cre..., 作者=introvertmac, 点赞=18, 评论=0
2025-11-25 16:02:52,578 - scrapers.hackernews_scraper - INFO - 成功解析故事: Ask HN: Is America in Recessio..., 作者=register, 点赞=20, 评论=0
2025-11-25 16:02:52,578 - scrapers.hackernews_scraper - INFO - 成功解析故事: Ask HN: Advice for feeling lik..., 作者=phdthrowaway1, 点赞=8, 评论=0
2025-11-25 16:02:52,579 - scrapers.hackernews_scraper - INFO - 成功解析故事: Ask HN: Where can you find old..., 作者=GaryBluto, 点赞=12, 评论=0
2025-11-25 16:02:52,580 - scrapers.hackernews_scraper - INFO - 成功解析故事: Ask HN: Working in a language ..., 作者=william-cooke, 点赞=8, 评论=0
2025-11-25 16:02:52,580 - scrapers.hackernews_scraper - INFO - 成功解析故事: Ask HN: Current state of Andro..., 作者=namesarehard, 点赞=9, 评论=0
2025-11-25 16:02:52,580 - scrapers.hackernews_scraper - INFO - 成功解析 15 个Ask HN故事
2025-11-25 16:02:52,580 - scrapers.hackernews_scraper - INFO - 开始转换 15 个故事到统一格式
2025-11-25 16:02:52,580 - scrapers.hackernews_scraper - INFO - 转换第 1/15 个故事: Ask HN: Should account creatio...
2025-11-25 16:02:55,625 - scrapers.hackernews_scraper - INFO - 找到 7 条评论
2025-11-25 16:02:55,630 - scrapers.hackernews_scraper - INFO - 故事 Ask HN: Should account creatio... 转换完成，包含 7 条评论
2025-11-25 16:02:55,630 - scrapers.hackernews_scraper - INFO - 转换第 2/15 个故事: Ask HN: Opinions on facial rec...
2025-11-25 16:02:57,340 - scrapers.hackernews_scraper - INFO - 找到 6 条评论
2025-11-25 16:02:57,343 - scrapers.hackernews_scraper - INFO - 故事 Ask HN: Opinions on facial rec... 转换完成，包含 6 条评论
2025-11-25 16:02:57,344 - scrapers.hackernews_scraper - INFO - 转换第 3/15 个故事: Ask HN: Hearing aid wearers, w...
2025-11-25 16:03:00,213 - scrapers.hackernews_scraper - INFO - 找到 206 条评论
2025-11-25 16:03:01,040 - scrapers.hackernews_scraper - INFO - 故事 Ask HN: Hearing aid wearers, w... 转换完成，包含 100 条评论
2025-11-25 16:03:01,040 - scrapers.hackernews_scraper - INFO - 转换第 4/15 个故事: Ask HN: Scheduling stateful no...
2025-11-25 16:03:03,625 - scrapers.hackernews_scraper - INFO - 找到 15 条评论
2025-11-25 16:03:03,637 - scrapers.hackernews_scraper - INFO - 故事 Ask HN: Scheduling stateful no... 转换完成，包含 15 条评论
2025-11-25 16:03:03,638 - scrapers.hackernews_scraper - INFO - 转换第 5/15 个故事: Ask HN: What work problems wou...
2025-11-25 16:03:05,107 - scrapers.hackernews_scraper - INFO - 找到 7 条评论
2025-11-25 16:03:05,112 - scrapers.hackernews_scraper - INFO - 故事 Ask HN: What work problems wou... 转换完成，包含 7 条评论
2025-11-25 16:03:05,112 - scrapers.hackernews_scraper - INFO - 转换第 6/15 个故事: Ask HN: Does anyone just liste...
2025-11-25 16:03:07,358 - scrapers.hackernews_scraper - INFO - 找到 12 条评论
2025-11-25 16:03:07,366 - scrapers.hackernews_scraper - INFO - 故事 Ask HN: Does anyone just liste... 转换完成，包含 12 条评论
2025-11-25 16:03:07,366 - scrapers.hackernews_scraper - INFO - 转换第 7/15 个故事: Ask HN: Good resources to lear...
2025-11-25 16:03:09,900 - scrapers.hackernews_scraper - INFO - 找到 26 条评论
2025-11-25 16:03:09,925 - scrapers.hackernews_scraper - INFO - 故事 Ask HN: Good resources to lear... 转换完成，包含 26 条评论
2025-11-25 16:03:09,925 - scrapers.hackernews_scraper - INFO - 转换第 8/15 个故事: Ask HN: What tools do you pay ...
2025-11-25 16:03:12,818 - scrapers.hackernews_scraper - INFO - 找到 8 条评论
2025-11-25 16:03:12,823 - scrapers.hackernews_scraper - INFO - 故事 Ask HN: What tools do you pay ... 转换完成，包含 8 条评论
2025-11-25 16:03:12,824 - scrapers.hackernews_scraper - INFO - 转换第 9/15 个故事: Ask HN: Photos corrupted on Go...
2025-11-25 16:03:15,549 - scrapers.hackernews_scraper - INFO - 找到 8 条评论
2025-11-25 16:03:15,554 - scrapers.hackernews_scraper - INFO - 故事 Ask HN: Photos corrupted on Go... 转换完成，包含 8 条评论
2025-11-25 16:03:15,554 - scrapers.hackernews_scraper - INFO - 转换第 10/15 个故事: Ask HN: How do you balance cre...
2025-11-25 16:03:17,571 - scrapers.hackernews_scraper - INFO - 找到 10 条评论
2025-11-25 16:03:17,577 - scrapers.hackernews_scraper - INFO - 故事 Ask HN: How do you balance cre... 转换完成，包含 10 条评论
2025-11-25 16:03:17,577 - scrapers.hackernews_scraper - INFO - 转换第 11/15 个故事: Ask HN: Is America in Recessio...
2025-11-25 16:03:20,017 - scrapers.hackernews_scraper - INFO - 找到 32 条评论
2025-11-25 16:03:20,049 - scrapers.hackernews_scraper - INFO - 故事 Ask HN: Is America in Recessio... 转换完成，包含 32 条评论
2025-11-25 16:03:20,050 - scrapers.hackernews_scraper - INFO - 转换第 12/15 个故事: Ask HN: Advice for feeling lik...
2025-11-25 16:03:21,443 - scrapers.hackernews_scraper - INFO - 找到 2 条评论
2025-11-25 16:03:21,444 - scrapers.hackernews_scraper - INFO - 故事 Ask HN: Advice for feeling lik... 转换完成，包含 2 条评论
2025-11-25 16:03:21,444 - scrapers.hackernews_scraper - INFO - 转换第 13/15 个故事: Ask HN: Where can you find old...
2025-11-25 16:03:24,143 - scrapers.hackernews_scraper - INFO - 找到 5 条评论
2025-11-25 16:03:24,146 - scrapers.hackernews_scraper - INFO - 故事 Ask HN: Where can you find old... 转换完成，包含 5 条评论
2025-11-25 16:03:24,146 - scrapers.hackernews_scraper - INFO - 转换第 14/15 个故事: Ask HN: Working in a language ...
2025-11-25 16:03:25,730 - scrapers.hackernews_scraper - INFO - 找到 16 条评论
2025-11-25 16:03:25,743 - scrapers.hackernews_scraper - INFO - 故事 Ask HN: Working in a language ... 转换完成，包含 16 条评论
2025-11-25 16:03:25,743 - scrapers.hackernews_scraper - INFO - 转换第 15/15 个故事: Ask HN: Current state of Andro...
2025-11-25 16:03:28,010 - scrapers.hackernews_scraper - INFO - 找到 0 条评论
2025-11-25 16:03:28,010 - scrapers.hackernews_scraper - INFO - 故事 Ask HN: Current state of Andro... 转换完成，包含 0 条评论
2025-11-25 16:03:28,010 - scrapers.hackernews_scraper - INFO - 共转换 15 个故事为统一格式
2025-11-25 16:03:28,010 - scrapers.hackernews_scraper - INFO - 爬取完成，共获取 15 个Ask HN故事
2025-11-25 16:03:28,468 - utils.storage_utils - INFO - 已更新源索引: hackernews
2025-11-25 16:03:28,469 - utils.storage_utils - INFO - 数据已保存到 data/hackernews/week_2025-11-24.json
2025-11-25 16:03:28,470 - scrapers.base_scraper - INFO - 数据已保存到 data/hackernews/week_2025-11-24.json
2025-11-25 16:03:28,470 - scrapers.base_scraper - INFO - 成功爬取 Hacker News 的数据
2025-11-25 16:03:28,471 - __main__ - INFO - 完成: 1/3 个爬虫成功运行
2025-11-25 16:03:28,700 - __main__ - INFO - 归档所有源的旧数据
2025-11-25 16:03:28,701 - __main__ - INFO - 源 jandan 归档 无需归档
2025-11-25 16:03:28,701 - __main__ - INFO - 源 reddit 归档 无需归档
2025-11-25 16:03:28,701 - __main__ - INFO - 源 hackernews 归档 无需归档
