2025-07-01 16:02:03,071 - __main__ - INFO - 运行所有爬虫
2025-07-01 16:02:03,071 - scrapers.jandan_scraper - INFO - JandanScraper初始化完成
2025-07-01 16:02:03,071 - scrapers.base_scraper - INFO - 开始爬取 煎蛋网
2025-07-01 16:02:03,071 - scrapers.jandan_scraper - INFO - 开始爬取煎蛋热评
2025-07-01 16:02:06,644 - scrapers.jandan_scraper - INFO - 成功获取HTML内容，长度: 26153
2025-07-01 16:02:06,645 - scrapers.jandan_scraper - INFO - 调试: 手动获取评论 5877984 的吐槽数据
2025-07-01 16:02:06,645 - scrapers.jandan_scraper - INFO - 获取评论 5877984 的吐槽内容: https://jandan.net/api/tucao/list/5877984
2025-07-01 16:02:10,259 - scrapers.jandan_scraper - INFO - 评论 5877984 获取到 1 条热门吐槽, 3 条普通吐槽
2025-07-01 16:02:10,259 - scrapers.jandan_scraper - INFO - 调试: 评论 5877984 获取到 1 条热门吐槽, 3 条普通吐槽
2025-07-01 16:02:10,259 - scrapers.jandan_scraper - INFO - 开始解析页面中的评论
2025-07-01 16:02:10,259 - scrapers.jandan_scraper - INFO - 开始解析HTML内容, 长度: 26153
2025-07-01 16:02:10,268 - scrapers.jandan_scraper - INFO - 找到 0 条热门评论
2025-07-01 16:02:10,268 - scrapers.jandan_scraper - INFO - 解析完成，获取到 0 条评论
2025-07-01 16:02:10,268 - scrapers.jandan_scraper - INFO - 开始转换评论为统一格式
2025-07-01 16:02:10,268 - scrapers.jandan_scraper - INFO - 开始转换 0 条评论到统一格式
2025-07-01 16:02:10,268 - scrapers.jandan_scraper - INFO - 共转换 0 条评论为统一格式
2025-07-01 16:02:10,268 - scrapers.jandan_scraper - INFO - 爬取完成，共获取 0 条热评
2025-07-01 16:02:10,268 - scrapers.base_scraper - ERROR - 爬取 煎蛋网 失败
2025-07-01 16:02:10,268 - scrapers.reddit_scraper - INFO - RedditScraper初始化完成
2025-07-01 16:02:10,269 - scrapers.base_scraper - INFO - 开始爬取 Reddit
2025-07-01 16:02:10,269 - scrapers.reddit_scraper - INFO - 开始爬取Reddit r/confessions每周热门帖子
2025-07-01 16:02:12,908 - utils.http_utils - ERROR - 请求失败: https://www.reddit.com/r/confessions/top/.json?t=week&limit=10, 错误: 403 Client Error: Blocked for url: https://www.reddit.com/r/confessions/top/.json?t=week&limit=10
2025-07-01 16:02:12,908 - scrapers.reddit_scraper - ERROR - 获取API数据失败: 403 Client Error: Blocked for url: https://www.reddit.com/r/confessions/top/.json?t=week&limit=10
2025-07-01 16:02:12,909 - scrapers.base_scraper - ERROR - 爬取 Reddit 失败
2025-07-01 16:02:12,909 - scrapers.hackernews_scraper - INFO - HackerNewsScraper初始化完成
2025-07-01 16:02:12,909 - scrapers.base_scraper - INFO - 开始爬取 Hacker News
2025-07-01 16:02:12,909 - scrapers.hackernews_scraper - INFO - 开始爬取Hacker News Ask HN帖子
2025-07-01 16:02:12,909 - scrapers.hackernews_scraper - INFO - 获取Ask HN页面: https://news.ycombinator.com/ask
2025-07-01 16:02:15,896 - scrapers.hackernews_scraper - INFO - 找到 30 个帖子行
2025-07-01 16:02:15,897 - scrapers.hackernews_scraper - INFO - 成功解析故事: Ask HN: Freelancer? Seeking fr..., 作者=whoishiring, 点赞=23, 评论=0
2025-07-01 16:02:15,898 - scrapers.hackernews_scraper - INFO - 成功解析故事: Ask HN: Who is hiring? (July 2..., 作者=whoishiring, 点赞=27, 评论=0
2025-07-01 16:02:15,898 - scrapers.hackernews_scraper - INFO - 成功解析故事: Ask HN: What's the 2025 stack ..., 作者=jamesxv7, 点赞=203, 评论=0
2025-07-01 16:02:15,899 - scrapers.hackernews_scraper - INFO - 成功解析故事: Ask HN: What Are You Working O..., 作者=david927, 点赞=410, 评论=0
2025-07-01 16:02:15,900 - scrapers.hackernews_scraper - INFO - 成功解析故事: Ask HN: Who's using AI to buil..., 作者=leonagano, 点赞=3, 评论=0
2025-07-01 16:02:15,900 - scrapers.hackernews_scraper - INFO - 成功解析故事: Ask HN: Which skill do you bel..., 作者=atleastoptimal, 点赞=9, 评论=0
2025-07-01 16:02:15,901 - scrapers.hackernews_scraper - INFO - 成功解析故事: Ask HN: How to find developers..., 作者=hejhdiss, 点赞=5, 评论=0
2025-07-01 16:02:15,901 - scrapers.hackernews_scraper - INFO - 成功解析故事: Ask HN: How have you shared co..., 作者=msencenb, 点赞=16, 评论=0
2025-07-01 16:02:15,902 - scrapers.hackernews_scraper - INFO - 成功解析故事: Ask HN: 80s electronics book c..., 作者=codpiece, 点赞=30, 评论=0
2025-07-01 16:02:15,902 - scrapers.hackernews_scraper - INFO - 成功解析故事: Ask HN: Stock Android tablet f..., 作者=miki_tyler, 点赞=10, 评论=0
2025-07-01 16:02:15,903 - scrapers.hackernews_scraper - INFO - 成功解析故事: Ask HN: How did low contrast t..., 作者=mr-pink, 点赞=21, 评论=0
2025-07-01 16:02:15,903 - scrapers.hackernews_scraper - INFO - 成功解析故事: Ask HN: Anyone using augmented..., 作者=NewUser76312, 点赞=86, 评论=0
2025-07-01 16:02:15,904 - scrapers.hackernews_scraper - INFO - 成功解析故事: Ask HN: Is noprocrast still wo..., 作者=infotainment, 点赞=8, 评论=0
2025-07-01 16:02:15,904 - scrapers.hackernews_scraper - INFO - 成功解析故事: Ask HN: Which Free Software or..., 作者=em-bee, 点赞=13, 评论=0
2025-07-01 16:02:15,905 - scrapers.hackernews_scraper - INFO - 成功解析故事: Ask HN: Startup shutting down,..., 作者=amadeoeoeo, 点赞=14, 评论=0
2025-07-01 16:02:15,905 - scrapers.hackernews_scraper - INFO - 成功解析 15 个Ask HN故事
2025-07-01 16:02:15,905 - scrapers.hackernews_scraper - INFO - 开始转换 15 个故事到统一格式
2025-07-01 16:02:15,905 - scrapers.hackernews_scraper - INFO - 转换第 1/15 个故事: Ask HN: Freelancer? Seeking fr...
2025-07-01 16:02:18,489 - scrapers.hackernews_scraper - INFO - 找到 27 条评论
2025-07-01 16:02:18,520 - scrapers.hackernews_scraper - INFO - 故事 Ask HN: Freelancer? Seeking fr... 转换完成，包含 27 条评论
2025-07-01 16:02:18,520 - scrapers.hackernews_scraper - INFO - 转换第 2/15 个故事: Ask HN: Who is hiring? (July 2...
2025-07-01 16:02:20,902 - scrapers.hackernews_scraper - INFO - 找到 42 条评论
2025-07-01 16:02:20,964 - scrapers.hackernews_scraper - INFO - 故事 Ask HN: Who is hiring? (July 2... 转换完成，包含 42 条评论
2025-07-01 16:02:20,964 - scrapers.hackernews_scraper - INFO - 转换第 3/15 个故事: Ask HN: What's the 2025 stack ...
2025-07-01 16:02:22,873 - scrapers.hackernews_scraper - INFO - 找到 106 条评论
2025-07-01 16:02:23,094 - scrapers.hackernews_scraper - INFO - 故事 Ask HN: What's the 2025 stack ... 转换完成，包含 100 条评论
2025-07-01 16:02:23,094 - scrapers.hackernews_scraper - INFO - 转换第 4/15 个故事: Ask HN: What Are You Working O...
2025-07-01 16:02:31,259 - scrapers.hackernews_scraper - INFO - 找到 1289 条评论
2025-07-01 16:03:01,135 - scrapers.hackernews_scraper - INFO - 故事 Ask HN: What Are You Working O... 转换完成，包含 100 条评论
2025-07-01 16:03:01,135 - scrapers.hackernews_scraper - INFO - 转换第 5/15 个故事: Ask HN: Who's using AI to buil...
2025-07-01 16:03:03,260 - scrapers.hackernews_scraper - INFO - 找到 0 条评论
2025-07-01 16:03:03,260 - scrapers.hackernews_scraper - INFO - 故事 Ask HN: Who's using AI to buil... 转换完成，包含 0 条评论
2025-07-01 16:03:03,260 - scrapers.hackernews_scraper - INFO - 转换第 6/15 个故事: Ask HN: Which skill do you bel...
2025-07-01 16:03:04,770 - scrapers.hackernews_scraper - INFO - 找到 24 条评论
2025-07-01 16:03:04,792 - scrapers.hackernews_scraper - INFO - 故事 Ask HN: Which skill do you bel... 转换完成，包含 24 条评论
2025-07-01 16:03:04,792 - scrapers.hackernews_scraper - INFO - 转换第 7/15 个故事: Ask HN: How to find developers...
2025-07-01 16:03:06,055 - scrapers.hackernews_scraper - INFO - 找到 2 条评论
2025-07-01 16:03:06,056 - scrapers.hackernews_scraper - INFO - 故事 Ask HN: How to find developers... 转换完成，包含 2 条评论
2025-07-01 16:03:06,057 - scrapers.hackernews_scraper - INFO - 转换第 8/15 个故事: Ask HN: How have you shared co...
2025-07-01 16:03:08,243 - scrapers.hackernews_scraper - INFO - 找到 11 条评论
2025-07-01 16:03:08,251 - scrapers.hackernews_scraper - INFO - 故事 Ask HN: How have you shared co... 转换完成，包含 11 条评论
2025-07-01 16:03:08,251 - scrapers.hackernews_scraper - INFO - 转换第 9/15 个故事: Ask HN: 80s electronics book c...
2025-07-01 16:03:09,575 - scrapers.hackernews_scraper - INFO - 找到 23 条评论
2025-07-01 16:03:09,598 - scrapers.hackernews_scraper - INFO - 故事 Ask HN: 80s electronics book c... 转换完成，包含 23 条评论
2025-07-01 16:03:09,598 - scrapers.hackernews_scraper - INFO - 转换第 10/15 个故事: Ask HN: Stock Android tablet f...
2025-07-01 16:03:11,907 - scrapers.hackernews_scraper - INFO - 找到 4 条评论
2025-07-01 16:03:11,909 - scrapers.hackernews_scraper - INFO - 故事 Ask HN: Stock Android tablet f... 转换完成，包含 4 条评论
2025-07-01 16:03:11,909 - scrapers.hackernews_scraper - INFO - 转换第 11/15 个故事: Ask HN: How did low contrast t...
2025-07-01 16:03:14,720 - scrapers.hackernews_scraper - INFO - 找到 18 条评论
2025-07-01 16:03:14,733 - scrapers.hackernews_scraper - INFO - 故事 Ask HN: How did low contrast t... 转换完成，包含 18 条评论
2025-07-01 16:03:14,733 - scrapers.hackernews_scraper - INFO - 转换第 12/15 个故事: Ask HN: Anyone using augmented...
2025-07-01 16:03:17,670 - scrapers.hackernews_scraper - INFO - 找到 81 条评论
2025-07-01 16:03:17,804 - scrapers.hackernews_scraper - INFO - 故事 Ask HN: Anyone using augmented... 转换完成，包含 81 条评论
2025-07-01 16:03:17,804 - scrapers.hackernews_scraper - INFO - 转换第 13/15 个故事: Ask HN: Is noprocrast still wo...
2025-07-01 16:03:20,757 - scrapers.hackernews_scraper - INFO - 找到 6 条评论
2025-07-01 16:03:20,760 - scrapers.hackernews_scraper - INFO - 故事 Ask HN: Is noprocrast still wo... 转换完成，包含 6 条评论
2025-07-01 16:03:20,760 - scrapers.hackernews_scraper - INFO - 转换第 14/15 个故事: Ask HN: Which Free Software or...
2025-07-01 16:03:23,714 - scrapers.hackernews_scraper - INFO - 找到 6 条评论
2025-07-01 16:03:23,718 - scrapers.hackernews_scraper - INFO - 故事 Ask HN: Which Free Software or... 转换完成，包含 6 条评论
2025-07-01 16:03:23,718 - scrapers.hackernews_scraper - INFO - 转换第 15/15 个故事: Ask HN: Startup shutting down,...
2025-07-01 16:03:25,744 - scrapers.hackernews_scraper - INFO - 找到 36 条评论
2025-07-01 16:03:25,779 - scrapers.hackernews_scraper - INFO - 故事 Ask HN: Startup shutting down,... 转换完成，包含 36 条评论
2025-07-01 16:03:25,779 - scrapers.hackernews_scraper - INFO - 共转换 15 个故事为统一格式
2025-07-01 16:03:25,779 - scrapers.hackernews_scraper - INFO - 爬取完成，共获取 15 个Ask HN故事
2025-07-01 16:03:26,155 - utils.storage_utils - INFO - 已更新源索引: hackernews
2025-07-01 16:03:26,156 - utils.storage_utils - INFO - 数据已保存到 data/hackernews/week_2025-06-30.json
2025-07-01 16:03:26,157 - scrapers.base_scraper - INFO - 数据已保存到 data/hackernews/week_2025-06-30.json
2025-07-01 16:03:26,157 - scrapers.base_scraper - INFO - 成功爬取 Hacker News 的数据
2025-07-01 16:03:26,157 - __main__ - INFO - 完成: 1/3 个爬虫成功运行
2025-07-01 16:03:26,396 - __main__ - INFO - 归档所有源的旧数据
2025-07-01 16:03:26,396 - __main__ - INFO - 源 jandan 归档 无需归档
2025-07-01 16:03:26,396 - __main__ - INFO - 源 reddit 归档 无需归档
2025-07-01 16:03:26,396 - __main__ - INFO - 源 hackernews 归档 无需归档
