2025-12-08 16:02:20,897 - __main__ - INFO - 运行所有爬虫
2025-12-08 16:02:20,897 - scrapers.jandan_scraper - INFO - JandanScraper初始化完成
2025-12-08 16:02:20,897 - scrapers.base_scraper - INFO - 开始爬取 煎蛋网
2025-12-08 16:02:20,897 - scrapers.jandan_scraper - INFO - 开始爬取煎蛋热评
2025-12-08 16:02:24,217 - scrapers.jandan_scraper - INFO - 成功获取HTML内容，长度: 24797
2025-12-08 16:02:24,217 - scrapers.jandan_scraper - INFO - 调试: 手动获取评论 5877984 的吐槽数据
2025-12-08 16:02:24,218 - scrapers.jandan_scraper - INFO - 获取评论 5877984 的吐槽内容: https://jandan.net/api/tucao/list/5877984
2025-12-08 16:02:26,670 - scrapers.jandan_scraper - INFO - 评论 5877984 获取到 1 条热门吐槽, 3 条普通吐槽
2025-12-08 16:02:26,670 - scrapers.jandan_scraper - INFO - 调试: 评论 5877984 获取到 1 条热门吐槽, 3 条普通吐槽
2025-12-08 16:02:26,670 - scrapers.jandan_scraper - INFO - 开始解析页面中的评论
2025-12-08 16:02:26,670 - scrapers.jandan_scraper - INFO - 开始解析HTML内容, 长度: 24797
2025-12-08 16:02:26,679 - scrapers.jandan_scraper - INFO - 找到 0 条热门评论
2025-12-08 16:02:26,679 - scrapers.jandan_scraper - INFO - 解析完成，获取到 0 条评论
2025-12-08 16:02:26,679 - scrapers.jandan_scraper - INFO - 开始转换评论为统一格式
2025-12-08 16:02:26,679 - scrapers.jandan_scraper - INFO - 开始转换 0 条评论到统一格式
2025-12-08 16:02:26,679 - scrapers.jandan_scraper - INFO - 共转换 0 条评论为统一格式
2025-12-08 16:02:26,679 - scrapers.jandan_scraper - INFO - 爬取完成，共获取 0 条热评
2025-12-08 16:02:26,679 - scrapers.base_scraper - ERROR - 爬取 煎蛋网 失败
2025-12-08 16:02:26,679 - scrapers.reddit_scraper - INFO - RedditScraper初始化完成
2025-12-08 16:02:26,680 - scrapers.base_scraper - INFO - 开始爬取 Reddit
2025-12-08 16:02:26,681 - scrapers.reddit_scraper - INFO - 开始爬取Reddit r/confessions每周热门帖子
2025-12-08 16:02:27,961 - utils.http_utils - ERROR - 请求失败: https://www.reddit.com/r/confessions/top/.json?t=week&limit=10, 错误: 403 Client Error: Blocked for url: https://www.reddit.com/r/confessions/top/.json?t=week&limit=10
2025-12-08 16:02:27,962 - scrapers.reddit_scraper - ERROR - 获取API数据失败: 403 Client Error: Blocked for url: https://www.reddit.com/r/confessions/top/.json?t=week&limit=10
2025-12-08 16:02:27,963 - scrapers.base_scraper - ERROR - 爬取 Reddit 失败
2025-12-08 16:02:27,963 - scrapers.hackernews_scraper - INFO - HackerNewsScraper初始化完成
2025-12-08 16:02:27,963 - scrapers.base_scraper - INFO - 开始爬取 Hacker News
2025-12-08 16:02:27,963 - scrapers.hackernews_scraper - INFO - 开始爬取Hacker News Ask HN帖子
2025-12-08 16:02:27,963 - scrapers.hackernews_scraper - INFO - 获取Ask HN页面: https://news.ycombinator.com/ask
2025-12-08 16:02:30,864 - scrapers.hackernews_scraper - INFO - 找到 19 个帖子行
2025-12-08 16:02:30,866 - scrapers.hackernews_scraper - INFO - 成功解析故事: Ask HN: Who wants to be hired?..., 作者=whoishiring, 点赞=160, 评论=0
2025-12-08 16:02:30,867 - scrapers.hackernews_scraper - INFO - 成功解析故事: Ask HN: Quality of recent gens..., 作者=ferguess_k, 点赞=111, 评论=0
2025-12-08 16:02:30,867 - scrapers.hackernews_scraper - INFO - 成功解析故事: Ask HN: Why don't GPU/TPU manu..., 作者=DoctorOetker, 点赞=4, 评论=0
2025-12-08 16:02:30,868 - scrapers.hackernews_scraper - INFO - 成功解析故事: Ask HN: Who is hiring? (Decemb..., 作者=whoishiring, 点赞=309, 评论=0
2025-12-08 16:02:30,869 - scrapers.hackernews_scraper - INFO - 成功解析故事: Ask HN: Modern C# book for exp..., 作者=Fire-Dragon-DoL, 点赞=29, 评论=0
2025-12-08 16:02:30,869 - scrapers.hackernews_scraper - INFO - 成功解析故事: Ask HN: Who else got pwned by ..., 作者=whycombinetor, 点赞=9, 评论=0
2025-12-08 16:02:30,870 - scrapers.hackernews_scraper - INFO - 成功解析故事: Ask HN: Why does every B2B Saa..., 作者=PaulShin, 点赞=7, 评论=0
2025-12-08 16:02:30,871 - scrapers.hackernews_scraper - INFO - 成功解析故事: Ask HN: Cloudflare WAF Alterna..., 作者=rco8786, 点赞=28, 评论=0
2025-12-08 16:02:30,871 - scrapers.hackernews_scraper - INFO - 成功解析故事: Ask HN: Is it just me or techn..., 作者=shubhamjain, 点赞=26, 评论=0
2025-12-08 16:02:30,872 - scrapers.hackernews_scraper - INFO - 成功解析故事: Ask HN: How many people got VP..., 作者=hodgesrm, 点赞=95, 评论=0
2025-12-08 16:02:30,873 - scrapers.hackernews_scraper - INFO - 成功解析故事: Ask HN: What's Been Your Exper..., 作者=lalithaar, 点赞=5, 评论=0
2025-12-08 16:02:30,873 - scrapers.hackernews_scraper - INFO - 成功解析故事: Ask HN: What are the ethics at..., 作者=jagged-chisel, 点赞=27, 评论=0
2025-12-08 16:02:30,874 - scrapers.hackernews_scraper - INFO - 成功解析 12 个Ask HN故事
2025-12-08 16:02:30,874 - scrapers.hackernews_scraper - INFO - 开始转换 12 个故事到统一格式
2025-12-08 16:02:30,874 - scrapers.hackernews_scraper - INFO - 转换第 1/12 个故事: Ask HN: Who wants to be hired?...
2025-12-08 16:02:34,051 - scrapers.hackernews_scraper - INFO - 找到 413 条评论
2025-12-08 16:02:37,595 - scrapers.hackernews_scraper - INFO - 故事 Ask HN: Who wants to be hired?... 转换完成，包含 100 条评论
2025-12-08 16:02:37,596 - scrapers.hackernews_scraper - INFO - 转换第 2/12 个故事: Ask HN: Quality of recent gens...
2025-12-08 16:02:39,777 - scrapers.hackernews_scraper - INFO - 找到 202 条评论
2025-12-08 16:02:40,483 - scrapers.hackernews_scraper - INFO - 故事 Ask HN: Quality of recent gens... 转换完成，包含 100 条评论
2025-12-08 16:02:40,483 - scrapers.hackernews_scraper - INFO - 转换第 3/12 个故事: Ask HN: Why don't GPU/TPU manu...
2025-12-08 16:02:43,299 - scrapers.hackernews_scraper - INFO - 找到 10 条评论
2025-12-08 16:02:43,305 - scrapers.hackernews_scraper - INFO - 故事 Ask HN: Why don't GPU/TPU manu... 转换完成，包含 10 条评论
2025-12-08 16:02:43,305 - scrapers.hackernews_scraper - INFO - 转换第 4/12 个故事: Ask HN: Who is hiring? (Decemb...
2025-12-08 16:02:47,294 - scrapers.hackernews_scraper - INFO - 找到 497 条评论
2025-12-08 16:02:52,029 - scrapers.hackernews_scraper - INFO - 故事 Ask HN: Who is hiring? (Decemb... 转换完成，包含 100 条评论
2025-12-08 16:02:52,029 - scrapers.hackernews_scraper - INFO - 转换第 5/12 个故事: Ask HN: Modern C# book for exp...
2025-12-08 16:02:53,528 - scrapers.hackernews_scraper - INFO - 找到 5 条评论
2025-12-08 16:02:53,531 - scrapers.hackernews_scraper - INFO - 故事 Ask HN: Modern C# book for exp... 转换完成，包含 5 条评论
2025-12-08 16:02:53,531 - scrapers.hackernews_scraper - INFO - 转换第 6/12 个故事: Ask HN: Who else got pwned by ...
2025-12-08 16:02:55,792 - scrapers.hackernews_scraper - INFO - 找到 4 条评论
2025-12-08 16:02:55,794 - scrapers.hackernews_scraper - INFO - 故事 Ask HN: Who else got pwned by ... 转换完成，包含 4 条评论
2025-12-08 16:02:55,794 - scrapers.hackernews_scraper - INFO - 转换第 7/12 个故事: Ask HN: Why does every B2B Saa...
2025-12-08 16:02:58,338 - scrapers.hackernews_scraper - INFO - 找到 11 条评论
2025-12-08 16:02:58,345 - scrapers.hackernews_scraper - INFO - 故事 Ask HN: Why does every B2B Saa... 转换完成，包含 11 条评论
2025-12-08 16:02:58,345 - scrapers.hackernews_scraper - INFO - 转换第 8/12 个故事: Ask HN: Cloudflare WAF Alterna...
2025-12-08 16:03:01,040 - scrapers.hackernews_scraper - INFO - 找到 14 条评论
2025-12-08 16:03:01,049 - scrapers.hackernews_scraper - INFO - 故事 Ask HN: Cloudflare WAF Alterna... 转换完成，包含 14 条评论
2025-12-08 16:03:01,050 - scrapers.hackernews_scraper - INFO - 转换第 9/12 个故事: Ask HN: Is it just me or techn...
2025-12-08 16:03:02,402 - scrapers.hackernews_scraper - INFO - 找到 30 条评论
2025-12-08 16:03:02,430 - scrapers.hackernews_scraper - INFO - 故事 Ask HN: Is it just me or techn... 转换完成，包含 30 条评论
2025-12-08 16:03:02,430 - scrapers.hackernews_scraper - INFO - 转换第 10/12 个故事: Ask HN: How many people got VP...
2025-12-08 16:03:04,263 - scrapers.hackernews_scraper - INFO - 找到 89 条评论
2025-12-08 16:03:04,421 - scrapers.hackernews_scraper - INFO - 故事 Ask HN: How many people got VP... 转换完成，包含 89 条评论
2025-12-08 16:03:04,421 - scrapers.hackernews_scraper - INFO - 转换第 11/12 个故事: Ask HN: What's Been Your Exper...
2025-12-08 16:03:05,768 - scrapers.hackernews_scraper - INFO - 找到 11 条评论
2025-12-08 16:03:05,775 - scrapers.hackernews_scraper - INFO - 故事 Ask HN: What's Been Your Exper... 转换完成，包含 11 条评论
2025-12-08 16:03:05,775 - scrapers.hackernews_scraper - INFO - 转换第 12/12 个故事: Ask HN: What are the ethics at...
2025-12-08 16:03:08,294 - scrapers.hackernews_scraper - INFO - 找到 12 条评论
2025-12-08 16:03:08,302 - scrapers.hackernews_scraper - INFO - 故事 Ask HN: What are the ethics at... 转换完成，包含 12 条评论
2025-12-08 16:03:08,302 - scrapers.hackernews_scraper - INFO - 共转换 12 个故事为统一格式
2025-12-08 16:03:08,302 - scrapers.hackernews_scraper - INFO - 爬取完成，共获取 12 个Ask HN故事
2025-12-08 16:03:08,744 - utils.storage_utils - INFO - 已更新源索引: hackernews
2025-12-08 16:03:08,746 - utils.storage_utils - INFO - 数据已保存到 data/hackernews/week_2025-12-08.json
2025-12-08 16:03:08,746 - scrapers.base_scraper - INFO - 数据已保存到 data/hackernews/week_2025-12-08.json
2025-12-08 16:03:08,746 - scrapers.base_scraper - INFO - 成功爬取 Hacker News 的数据
2025-12-08 16:03:08,747 - __main__ - INFO - 完成: 1/3 个爬虫成功运行
2025-12-08 16:03:08,962 - __main__ - INFO - 归档所有源的旧数据
2025-12-08 16:03:08,962 - __main__ - INFO - 源 jandan 归档 无需归档
2025-12-08 16:03:08,962 - __main__ - INFO - 源 reddit 归档 无需归档
2025-12-08 16:03:08,962 - utils.storage_utils - INFO - 已将 week_2025-09-15.json 归档
2025-12-08 16:03:08,963 - __main__ - INFO - 源 hackernews 归档 成功
