2025-12-06 16:02:14,638 - __main__ - INFO - 运行所有爬虫
2025-12-06 16:02:14,638 - scrapers.jandan_scraper - INFO - JandanScraper初始化完成
2025-12-06 16:02:14,639 - scrapers.base_scraper - INFO - 开始爬取 煎蛋网
2025-12-06 16:02:14,639 - scrapers.jandan_scraper - INFO - 开始爬取煎蛋热评
2025-12-06 16:02:17,219 - scrapers.jandan_scraper - INFO - 成功获取HTML内容，长度: 24786
2025-12-06 16:02:17,219 - scrapers.jandan_scraper - INFO - 调试: 手动获取评论 5877984 的吐槽数据
2025-12-06 16:02:17,219 - scrapers.jandan_scraper - INFO - 获取评论 5877984 的吐槽内容: https://jandan.net/api/tucao/list/5877984
2025-12-06 16:02:19,245 - scrapers.jandan_scraper - INFO - 评论 5877984 获取到 1 条热门吐槽, 3 条普通吐槽
2025-12-06 16:02:19,245 - scrapers.jandan_scraper - INFO - 调试: 评论 5877984 获取到 1 条热门吐槽, 3 条普通吐槽
2025-12-06 16:02:19,245 - scrapers.jandan_scraper - INFO - 开始解析页面中的评论
2025-12-06 16:02:19,245 - scrapers.jandan_scraper - INFO - 开始解析HTML内容, 长度: 24786
2025-12-06 16:02:19,253 - scrapers.jandan_scraper - INFO - 找到 0 条热门评论
2025-12-06 16:02:19,253 - scrapers.jandan_scraper - INFO - 解析完成，获取到 0 条评论
2025-12-06 16:02:19,253 - scrapers.jandan_scraper - INFO - 开始转换评论为统一格式
2025-12-06 16:02:19,253 - scrapers.jandan_scraper - INFO - 开始转换 0 条评论到统一格式
2025-12-06 16:02:19,253 - scrapers.jandan_scraper - INFO - 共转换 0 条评论为统一格式
2025-12-06 16:02:19,253 - scrapers.jandan_scraper - INFO - 爬取完成，共获取 0 条热评
2025-12-06 16:02:19,253 - scrapers.base_scraper - ERROR - 爬取 煎蛋网 失败
2025-12-06 16:02:19,254 - scrapers.reddit_scraper - INFO - RedditScraper初始化完成
2025-12-06 16:02:19,254 - scrapers.base_scraper - INFO - 开始爬取 Reddit
2025-12-06 16:02:19,255 - scrapers.reddit_scraper - INFO - 开始爬取Reddit r/confessions每周热门帖子
2025-12-06 16:02:22,361 - utils.http_utils - ERROR - 请求失败: https://www.reddit.com/r/confessions/top/.json?t=week&limit=10, 错误: 403 Client Error: Blocked for url: https://www.reddit.com/r/confessions/top/.json?t=week&limit=10
2025-12-06 16:02:22,362 - scrapers.reddit_scraper - ERROR - 获取API数据失败: 403 Client Error: Blocked for url: https://www.reddit.com/r/confessions/top/.json?t=week&limit=10
2025-12-06 16:02:22,362 - scrapers.base_scraper - ERROR - 爬取 Reddit 失败
2025-12-06 16:02:22,363 - scrapers.hackernews_scraper - INFO - HackerNewsScraper初始化完成
2025-12-06 16:02:22,363 - scrapers.base_scraper - INFO - 开始爬取 Hacker News
2025-12-06 16:02:22,363 - scrapers.hackernews_scraper - INFO - 开始爬取Hacker News Ask HN帖子
2025-12-06 16:02:22,363 - scrapers.hackernews_scraper - INFO - 获取Ask HN页面: https://news.ycombinator.com/ask
2025-12-06 16:02:23,685 - scrapers.hackernews_scraper - INFO - 找到 27 个帖子行
2025-12-06 16:02:23,686 - scrapers.hackernews_scraper - INFO - 成功解析故事: Ask HN: What's Been Your Exper..., 作者=lalithaar, 点赞=4, 评论=0
2025-12-06 16:02:23,687 - scrapers.hackernews_scraper - INFO - 成功解析故事: Ask HN: How many people got VP..., 作者=hodgesrm, 点赞=84, 评论=0
2025-12-06 16:02:23,687 - scrapers.hackernews_scraper - INFO - 成功解析故事: Ask HN: Modern C# book for exp..., 作者=Fire-Dragon-DoL, 点赞=18, 评论=0
2025-12-06 16:02:23,688 - scrapers.hackernews_scraper - INFO - 成功解析故事: Ask HN: Cloudflare WAF Alterna..., 作者=rco8786, 点赞=24, 评论=0
2025-12-06 16:02:23,688 - scrapers.hackernews_scraper - INFO - 成功解析故事: Ask HN: Who wants to be hired?..., 作者=whoishiring, 点赞=158, 评论=0
2025-12-06 16:02:23,689 - scrapers.hackernews_scraper - INFO - 成功解析故事: Ask HN: Quality of recent gens..., 作者=ferguess_k, 点赞=110, 评论=0
2025-12-06 16:02:23,689 - scrapers.hackernews_scraper - INFO - 成功解析故事: Ask HN: Who is hiring? (Decemb..., 作者=whoishiring, 点赞=309, 评论=0
2025-12-06 16:02:23,690 - scrapers.hackernews_scraper - INFO - 成功解析故事: Ask HN: What is the future of ..., 作者=fbrncci, 点赞=6, 评论=0
2025-12-06 16:02:23,690 - scrapers.hackernews_scraper - INFO - 成功解析故事: Ask HN: How is you and your te..., 作者=IdontKnowRust, 点赞=2, 评论=0
2025-12-06 16:02:23,691 - scrapers.hackernews_scraper - INFO - 成功解析故事: Ask HN: Why does Facebook.com ..., 作者=35mm, 点赞=24, 评论=0
2025-12-06 16:02:23,691 - scrapers.hackernews_scraper - INFO - 成功解析故事: Ask HN: What are the ethics at..., 作者=jagged-chisel, 点赞=25, 评论=0
2025-12-06 16:02:23,691 - scrapers.hackernews_scraper - INFO - 成功解析故事: Ask HN: How does one get invol..., 作者=meifun, 点赞=14, 评论=0
2025-12-06 16:02:23,692 - scrapers.hackernews_scraper - INFO - 成功解析故事: Ask HN: Is Cloudflare Down for..., 作者=Palmik, 点赞=20, 评论=0
2025-12-06 16:02:23,693 - scrapers.hackernews_scraper - INFO - 成功解析故事: Ask HN: Anyone writing code fr..., 作者=mattfrommars, 点赞=10, 评论=0
2025-12-06 16:02:23,693 - scrapers.hackernews_scraper - INFO - 成功解析故事: Ask HN: I haven't had to buy a..., 作者=meifun, 点赞=11, 评论=0
2025-12-06 16:02:23,693 - scrapers.hackernews_scraper - INFO - 成功解析 15 个Ask HN故事
2025-12-06 16:02:23,693 - scrapers.hackernews_scraper - INFO - 开始转换 15 个故事到统一格式
2025-12-06 16:02:23,693 - scrapers.hackernews_scraper - INFO - 转换第 1/15 个故事: Ask HN: What's Been Your Exper...
2025-12-06 16:02:26,590 - scrapers.hackernews_scraper - INFO - 找到 4 条评论
2025-12-06 16:02:26,592 - scrapers.hackernews_scraper - INFO - 故事 Ask HN: What's Been Your Exper... 转换完成，包含 4 条评论
2025-12-06 16:02:26,592 - scrapers.hackernews_scraper - INFO - 转换第 2/15 个故事: Ask HN: How many people got VP...
2025-12-06 16:02:28,194 - scrapers.hackernews_scraper - INFO - 找到 73 条评论
2025-12-06 16:02:28,302 - scrapers.hackernews_scraper - INFO - 故事 Ask HN: How many people got VP... 转换完成，包含 73 条评论
2025-12-06 16:02:28,303 - scrapers.hackernews_scraper - INFO - 转换第 3/15 个故事: Ask HN: Modern C# book for exp...
2025-12-06 16:02:30,862 - scrapers.hackernews_scraper - INFO - 找到 3 条评论
2025-12-06 16:02:30,864 - scrapers.hackernews_scraper - INFO - 故事 Ask HN: Modern C# book for exp... 转换完成，包含 3 条评论
2025-12-06 16:02:30,864 - scrapers.hackernews_scraper - INFO - 转换第 4/15 个故事: Ask HN: Cloudflare WAF Alterna...
2025-12-06 16:02:32,015 - scrapers.hackernews_scraper - INFO - 找到 12 条评论
2025-12-06 16:02:32,022 - scrapers.hackernews_scraper - INFO - 故事 Ask HN: Cloudflare WAF Alterna... 转换完成，包含 12 条评论
2025-12-06 16:02:32,022 - scrapers.hackernews_scraper - INFO - 转换第 5/15 个故事: Ask HN: Who wants to be hired?...
2025-12-06 16:02:34,672 - scrapers.hackernews_scraper - INFO - 找到 399 条评论
2025-12-06 16:02:38,076 - scrapers.hackernews_scraper - INFO - 故事 Ask HN: Who wants to be hired?... 转换完成，包含 100 条评论
2025-12-06 16:02:38,076 - scrapers.hackernews_scraper - INFO - 转换第 6/15 个故事: Ask HN: Quality of recent gens...
2025-12-06 16:02:41,095 - scrapers.hackernews_scraper - INFO - 找到 201 条评论
2025-12-06 16:02:41,779 - scrapers.hackernews_scraper - INFO - 故事 Ask HN: Quality of recent gens... 转换完成，包含 100 条评论
2025-12-06 16:02:41,779 - scrapers.hackernews_scraper - INFO - 转换第 7/15 个故事: Ask HN: Who is hiring? (Decemb...
2025-12-06 16:02:44,989 - scrapers.hackernews_scraper - INFO - 找到 485 条评论
2025-12-06 16:02:49,631 - scrapers.hackernews_scraper - INFO - 故事 Ask HN: Who is hiring? (Decemb... 转换完成，包含 100 条评论
2025-12-06 16:02:49,631 - scrapers.hackernews_scraper - INFO - 转换第 8/15 个故事: Ask HN: What is the future of ...
2025-12-06 16:02:51,181 - scrapers.hackernews_scraper - INFO - 找到 3 条评论
2025-12-06 16:02:51,183 - scrapers.hackernews_scraper - INFO - 故事 Ask HN: What is the future of ... 转换完成，包含 3 条评论
2025-12-06 16:02:51,183 - scrapers.hackernews_scraper - INFO - 转换第 9/15 个故事: Ask HN: How is you and your te...
2025-12-06 16:02:52,268 - scrapers.hackernews_scraper - INFO - 找到 0 条评论
2025-12-06 16:02:52,268 - scrapers.hackernews_scraper - INFO - 故事 Ask HN: How is you and your te... 转换完成，包含 0 条评论
2025-12-06 16:02:52,268 - scrapers.hackernews_scraper - INFO - 转换第 10/15 个故事: Ask HN: Why does Facebook.com ...
2025-12-06 16:02:54,928 - scrapers.hackernews_scraper - INFO - 找到 9 条评论
2025-12-06 16:02:54,932 - scrapers.hackernews_scraper - INFO - 故事 Ask HN: Why does Facebook.com ... 转换完成，包含 9 条评论
2025-12-06 16:02:54,933 - scrapers.hackernews_scraper - INFO - 转换第 11/15 个故事: Ask HN: What are the ethics at...
2025-12-06 16:02:57,228 - scrapers.hackernews_scraper - INFO - 找到 12 条评论
2025-12-06 16:02:57,235 - scrapers.hackernews_scraper - INFO - 故事 Ask HN: What are the ethics at... 转换完成，包含 12 条评论
2025-12-06 16:02:57,235 - scrapers.hackernews_scraper - INFO - 转换第 12/15 个故事: Ask HN: How does one get invol...
2025-12-06 16:02:58,835 - scrapers.hackernews_scraper - INFO - 找到 15 条评论
2025-12-06 16:02:58,845 - scrapers.hackernews_scraper - INFO - 故事 Ask HN: How does one get invol... 转换完成，包含 15 条评论
2025-12-06 16:02:58,845 - scrapers.hackernews_scraper - INFO - 转换第 13/15 个故事: Ask HN: Is Cloudflare Down for...
2025-12-06 16:03:00,546 - scrapers.hackernews_scraper - INFO - 找到 12 条评论
2025-12-06 16:03:00,554 - scrapers.hackernews_scraper - INFO - 故事 Ask HN: Is Cloudflare Down for... 转换完成，包含 12 条评论
2025-12-06 16:03:00,554 - scrapers.hackernews_scraper - INFO - 转换第 14/15 个故事: Ask HN: Anyone writing code fr...
2025-12-06 16:03:02,934 - scrapers.hackernews_scraper - INFO - 找到 17 条评论
2025-12-06 16:03:02,947 - scrapers.hackernews_scraper - INFO - 故事 Ask HN: Anyone writing code fr... 转换完成，包含 17 条评论
2025-12-06 16:03:02,947 - scrapers.hackernews_scraper - INFO - 转换第 15/15 个故事: Ask HN: I haven't had to buy a...
2025-12-06 16:03:05,658 - scrapers.hackernews_scraper - INFO - 找到 18 条评论
2025-12-06 16:03:05,671 - scrapers.hackernews_scraper - INFO - 故事 Ask HN: I haven't had to buy a... 转换完成，包含 18 条评论
2025-12-06 16:03:05,671 - scrapers.hackernews_scraper - INFO - 共转换 15 个故事为统一格式
2025-12-06 16:03:05,671 - scrapers.hackernews_scraper - INFO - 爬取完成，共获取 15 个Ask HN故事
2025-12-06 16:03:06,196 - utils.storage_utils - INFO - 已更新源索引: hackernews
2025-12-06 16:03:06,198 - utils.storage_utils - INFO - 数据已保存到 data/hackernews/week_2025-12-01.json
2025-12-06 16:03:06,199 - scrapers.base_scraper - INFO - 数据已保存到 data/hackernews/week_2025-12-01.json
2025-12-06 16:03:06,199 - scrapers.base_scraper - INFO - 成功爬取 Hacker News 的数据
2025-12-06 16:03:06,200 - __main__ - INFO - 完成: 1/3 个爬虫成功运行
2025-12-06 16:03:06,400 - __main__ - INFO - 归档所有源的旧数据
2025-12-06 16:03:06,400 - __main__ - INFO - 源 jandan 归档 无需归档
2025-12-06 16:03:06,400 - __main__ - INFO - 源 reddit 归档 无需归档
2025-12-06 16:03:06,400 - __main__ - INFO - 源 hackernews 归档 无需归档
