2025-11-26 16:02:19,917 - __main__ - INFO - 运行所有爬虫
2025-11-26 16:02:19,917 - scrapers.jandan_scraper - INFO - JandanScraper初始化完成
2025-11-26 16:02:19,917 - scrapers.base_scraper - INFO - 开始爬取 煎蛋网
2025-11-26 16:02:19,917 - scrapers.jandan_scraper - INFO - 开始爬取煎蛋热评
2025-11-26 16:02:23,184 - scrapers.jandan_scraper - INFO - 成功获取HTML内容，长度: 24786
2025-11-26 16:02:23,184 - scrapers.jandan_scraper - INFO - 调试: 手动获取评论 5877984 的吐槽数据
2025-11-26 16:02:23,184 - scrapers.jandan_scraper - INFO - 获取评论 5877984 的吐槽内容: https://jandan.net/api/tucao/list/5877984
2025-11-26 16:02:26,621 - scrapers.jandan_scraper - INFO - 评论 5877984 获取到 1 条热门吐槽, 3 条普通吐槽
2025-11-26 16:02:26,621 - scrapers.jandan_scraper - INFO - 调试: 评论 5877984 获取到 1 条热门吐槽, 3 条普通吐槽
2025-11-26 16:02:26,621 - scrapers.jandan_scraper - INFO - 开始解析页面中的评论
2025-11-26 16:02:26,621 - scrapers.jandan_scraper - INFO - 开始解析HTML内容, 长度: 24786
2025-11-26 16:02:26,630 - scrapers.jandan_scraper - INFO - 找到 0 条热门评论
2025-11-26 16:02:26,630 - scrapers.jandan_scraper - INFO - 解析完成，获取到 0 条评论
2025-11-26 16:02:26,630 - scrapers.jandan_scraper - INFO - 开始转换评论为统一格式
2025-11-26 16:02:26,630 - scrapers.jandan_scraper - INFO - 开始转换 0 条评论到统一格式
2025-11-26 16:02:26,630 - scrapers.jandan_scraper - INFO - 共转换 0 条评论为统一格式
2025-11-26 16:02:26,630 - scrapers.jandan_scraper - INFO - 爬取完成，共获取 0 条热评
2025-11-26 16:02:26,630 - scrapers.base_scraper - ERROR - 爬取 煎蛋网 失败
2025-11-26 16:02:26,630 - scrapers.reddit_scraper - INFO - RedditScraper初始化完成
2025-11-26 16:02:26,632 - scrapers.base_scraper - INFO - 开始爬取 Reddit
2025-11-26 16:02:26,632 - scrapers.reddit_scraper - INFO - 开始爬取Reddit r/confessions每周热门帖子
2025-11-26 16:02:27,855 - utils.http_utils - ERROR - 请求失败: https://www.reddit.com/r/confessions/top/.json?t=week&limit=10, 错误: 403 Client Error: Blocked for url: https://www.reddit.com/r/confessions/top/.json?t=week&limit=10
2025-11-26 16:02:27,856 - scrapers.reddit_scraper - ERROR - 获取API数据失败: 403 Client Error: Blocked for url: https://www.reddit.com/r/confessions/top/.json?t=week&limit=10
2025-11-26 16:02:27,856 - scrapers.base_scraper - ERROR - 爬取 Reddit 失败
2025-11-26 16:02:27,856 - scrapers.hackernews_scraper - INFO - HackerNewsScraper初始化完成
2025-11-26 16:02:27,856 - scrapers.base_scraper - INFO - 开始爬取 Hacker News
2025-11-26 16:02:27,857 - scrapers.hackernews_scraper - INFO - 开始爬取Hacker News Ask HN帖子
2025-11-26 16:02:27,857 - scrapers.hackernews_scraper - INFO - 获取Ask HN页面: https://news.ycombinator.com/ask
2025-11-26 16:02:29,736 - scrapers.hackernews_scraper - INFO - 找到 30 个帖子行
2025-11-26 16:02:29,737 - scrapers.hackernews_scraper - INFO - 成功解析故事: Ask HN: Hearing aid wearers, w..., 作者=pugworthy, 点赞=351, 评论=0
2025-11-26 16:02:29,738 - scrapers.hackernews_scraper - INFO - 成功解析故事: Ask HN: Should account creatio..., 作者=megraf, 点赞=21, 评论=0
2025-11-26 16:02:29,739 - scrapers.hackernews_scraper - INFO - 成功解析故事: Ask HN: Scheduling stateful no..., 作者=leo_e, 点赞=22, 评论=0
2025-11-26 16:02:29,740 - scrapers.hackernews_scraper - INFO - 成功解析故事: Ask HN: Good resources to lear..., 作者=_1tan, 点赞=135, 评论=0
2025-11-26 16:02:29,740 - scrapers.hackernews_scraper - INFO - 成功解析故事: Ask HN: Opinions on facial rec..., 作者=bjourne, 点赞=4, 评论=0
2025-11-26 16:02:29,741 - scrapers.hackernews_scraper - INFO - 成功解析故事: Ask HN: What did Stripe change..., 作者=dzonga, 点赞=5, 评论=0
2025-11-26 16:02:29,741 - scrapers.hackernews_scraper - INFO - 成功解析故事: Ask HN: Have major security br..., 作者=Wowfunhappy, 点赞=3, 评论=0
2025-11-26 16:02:29,742 - scrapers.hackernews_scraper - INFO - 成功解析故事: Ask HN: Is Techmeme getting pa..., 作者=dabockster, 点赞=3, 评论=0
2025-11-26 16:02:29,743 - scrapers.hackernews_scraper - INFO - 成功解析故事: Ask HN: Hetzner asking for pas..., 作者=casenmgreen, 点赞=3, 评论=0
2025-11-26 16:02:29,743 - scrapers.hackernews_scraper - INFO - 成功解析故事: Ask HN: What work problems wou..., 作者=aryanchaurasia, 点赞=12, 评论=0
2025-11-26 16:02:29,744 - scrapers.hackernews_scraper - INFO - 成功解析故事: Ask HN: What is your monitor s..., 作者=iwebdevfromhome, 点赞=6, 评论=0
2025-11-26 16:02:29,745 - scrapers.hackernews_scraper - INFO - 成功解析故事: Ask HN: How does one move from..., 作者=conqrr, 点赞=8, 评论=0
2025-11-26 16:02:29,746 - scrapers.hackernews_scraper - INFO - 成功解析故事: Ask HN: What tools do you pay ..., 作者=psicombinator, 点赞=7, 评论=0
2025-11-26 16:02:29,746 - scrapers.hackernews_scraper - INFO - 成功解析故事: Ask HN: How do you balance cre..., 作者=introvertmac, 点赞=19, 评论=0
2025-11-26 16:02:29,747 - scrapers.hackernews_scraper - INFO - 成功解析故事: Ask HN: Is America in Recessio..., 作者=register, 点赞=23, 评论=0
2025-11-26 16:02:29,747 - scrapers.hackernews_scraper - INFO - 成功解析 15 个Ask HN故事
2025-11-26 16:02:29,747 - scrapers.hackernews_scraper - INFO - 开始转换 15 个故事到统一格式
2025-11-26 16:02:29,747 - scrapers.hackernews_scraper - INFO - 转换第 1/15 个故事: Ask HN: Hearing aid wearers, w...
2025-11-26 16:02:31,519 - scrapers.hackernews_scraper - INFO - 找到 208 条评论
2025-11-26 16:02:32,286 - scrapers.hackernews_scraper - INFO - 故事 Ask HN: Hearing aid wearers, w... 转换完成，包含 100 条评论
2025-11-26 16:02:32,286 - scrapers.hackernews_scraper - INFO - 转换第 2/15 个故事: Ask HN: Should account creatio...
2025-11-26 16:02:34,074 - scrapers.hackernews_scraper - INFO - 找到 34 条评论
2025-11-26 16:02:34,108 - scrapers.hackernews_scraper - INFO - 故事 Ask HN: Should account creatio... 转换完成，包含 34 条评论
2025-11-26 16:02:34,108 - scrapers.hackernews_scraper - INFO - 转换第 3/15 个故事: Ask HN: Scheduling stateful no...
2025-11-26 16:02:36,943 - scrapers.hackernews_scraper - INFO - 找到 17 条评论
2025-11-26 16:02:36,957 - scrapers.hackernews_scraper - INFO - 故事 Ask HN: Scheduling stateful no... 转换完成，包含 17 条评论
2025-11-26 16:02:36,957 - scrapers.hackernews_scraper - INFO - 转换第 4/15 个故事: Ask HN: Good resources to lear...
2025-11-26 16:02:38,185 - scrapers.hackernews_scraper - INFO - 找到 27 条评论
2025-11-26 16:02:38,210 - scrapers.hackernews_scraper - INFO - 故事 Ask HN: Good resources to lear... 转换完成，包含 27 条评论
2025-11-26 16:02:38,210 - scrapers.hackernews_scraper - INFO - 转换第 5/15 个故事: Ask HN: Opinions on facial rec...
2025-11-26 16:02:39,754 - scrapers.hackernews_scraper - INFO - 找到 23 条评论
2025-11-26 16:02:39,774 - scrapers.hackernews_scraper - INFO - 故事 Ask HN: Opinions on facial rec... 转换完成，包含 23 条评论
2025-11-26 16:02:39,774 - scrapers.hackernews_scraper - INFO - 转换第 6/15 个故事: Ask HN: What did Stripe change...
2025-11-26 16:02:42,662 - scrapers.hackernews_scraper - INFO - 找到 7 条评论
2025-11-26 16:02:42,666 - scrapers.hackernews_scraper - INFO - 故事 Ask HN: What did Stripe change... 转换完成，包含 7 条评论
2025-11-26 16:02:42,666 - scrapers.hackernews_scraper - INFO - 转换第 7/15 个故事: Ask HN: Have major security br...
2025-11-26 16:02:44,210 - scrapers.hackernews_scraper - INFO - 找到 5 条评论
2025-11-26 16:02:44,213 - scrapers.hackernews_scraper - INFO - 故事 Ask HN: Have major security br... 转换完成，包含 5 条评论
2025-11-26 16:02:44,213 - scrapers.hackernews_scraper - INFO - 转换第 8/15 个故事: Ask HN: Is Techmeme getting pa...
2025-11-26 16:02:46,159 - scrapers.hackernews_scraper - INFO - 找到 1 条评论
2025-11-26 16:02:46,159 - scrapers.hackernews_scraper - INFO - 故事 Ask HN: Is Techmeme getting pa... 转换完成，包含 1 条评论
2025-11-26 16:02:46,159 - scrapers.hackernews_scraper - INFO - 转换第 9/15 个故事: Ask HN: Hetzner asking for pas...
2025-11-26 16:02:47,610 - scrapers.hackernews_scraper - INFO - 找到 5 条评论
2025-11-26 16:02:47,613 - scrapers.hackernews_scraper - INFO - 故事 Ask HN: Hetzner asking for pas... 转换完成，包含 5 条评论
2025-11-26 16:02:47,613 - scrapers.hackernews_scraper - INFO - 转换第 10/15 个故事: Ask HN: What work problems wou...
2025-11-26 16:02:49,818 - scrapers.hackernews_scraper - INFO - 找到 12 条评论
2025-11-26 16:02:49,826 - scrapers.hackernews_scraper - INFO - 故事 Ask HN: What work problems wou... 转换完成，包含 12 条评论
2025-11-26 16:02:49,826 - scrapers.hackernews_scraper - INFO - 转换第 11/15 个故事: Ask HN: What is your monitor s...
2025-11-26 16:02:52,253 - scrapers.hackernews_scraper - INFO - 找到 11 条评论
2025-11-26 16:02:52,260 - scrapers.hackernews_scraper - INFO - 故事 Ask HN: What is your monitor s... 转换完成，包含 11 条评论
2025-11-26 16:02:52,260 - scrapers.hackernews_scraper - INFO - 转换第 12/15 个故事: Ask HN: How does one move from...
2025-11-26 16:02:54,286 - scrapers.hackernews_scraper - INFO - 找到 4 条评论
2025-11-26 16:02:54,289 - scrapers.hackernews_scraper - INFO - 故事 Ask HN: How does one move from... 转换完成，包含 4 条评论
2025-11-26 16:02:54,289 - scrapers.hackernews_scraper - INFO - 转换第 13/15 个故事: Ask HN: What tools do you pay ...
2025-11-26 16:02:55,415 - scrapers.hackernews_scraper - INFO - 找到 10 条评论
2025-11-26 16:02:55,422 - scrapers.hackernews_scraper - INFO - 故事 Ask HN: What tools do you pay ... 转换完成，包含 10 条评论
2025-11-26 16:02:55,422 - scrapers.hackernews_scraper - INFO - 转换第 14/15 个故事: Ask HN: How do you balance cre...
2025-11-26 16:02:58,357 - scrapers.hackernews_scraper - INFO - 找到 10 条评论
2025-11-26 16:02:58,364 - scrapers.hackernews_scraper - INFO - 故事 Ask HN: How do you balance cre... 转换完成，包含 10 条评论
2025-11-26 16:02:58,364 - scrapers.hackernews_scraper - INFO - 转换第 15/15 个故事: Ask HN: Is America in Recessio...
2025-11-26 16:02:59,589 - scrapers.hackernews_scraper - INFO - 找到 35 条评论
2025-11-26 16:02:59,626 - scrapers.hackernews_scraper - INFO - 故事 Ask HN: Is America in Recessio... 转换完成，包含 35 条评论
2025-11-26 16:02:59,626 - scrapers.hackernews_scraper - INFO - 共转换 15 个故事为统一格式
2025-11-26 16:02:59,626 - scrapers.hackernews_scraper - INFO - 爬取完成，共获取 15 个Ask HN故事
2025-11-26 16:03:00,018 - utils.storage_utils - INFO - 已更新源索引: hackernews
2025-11-26 16:03:00,019 - utils.storage_utils - INFO - 数据已保存到 data/hackernews/week_2025-11-24.json
2025-11-26 16:03:00,020 - scrapers.base_scraper - INFO - 数据已保存到 data/hackernews/week_2025-11-24.json
2025-11-26 16:03:00,020 - scrapers.base_scraper - INFO - 成功爬取 Hacker News 的数据
2025-11-26 16:03:00,021 - __main__ - INFO - 完成: 1/3 个爬虫成功运行
2025-11-26 16:03:00,240 - __main__ - INFO - 归档所有源的旧数据
2025-11-26 16:03:00,240 - __main__ - INFO - 源 jandan 归档 无需归档
2025-11-26 16:03:00,240 - __main__ - INFO - 源 reddit 归档 无需归档
2025-11-26 16:03:00,241 - __main__ - INFO - 源 hackernews 归档 无需归档
