2025-07-05 16:01:37,119 - __main__ - INFO - 运行所有爬虫
2025-07-05 16:01:37,120 - scrapers.jandan_scraper - INFO - JandanScraper初始化完成
2025-07-05 16:01:37,120 - scrapers.base_scraper - INFO - 开始爬取 煎蛋网
2025-07-05 16:01:37,120 - scrapers.jandan_scraper - INFO - 开始爬取煎蛋热评
2025-07-05 16:01:40,332 - scrapers.jandan_scraper - INFO - 成功获取HTML内容，长度: 26153
2025-07-05 16:01:40,332 - scrapers.jandan_scraper - INFO - 调试: 手动获取评论 5877984 的吐槽数据
2025-07-05 16:01:40,332 - scrapers.jandan_scraper - INFO - 获取评论 5877984 的吐槽内容: https://jandan.net/api/tucao/list/5877984
2025-07-05 16:01:46,873 - scrapers.jandan_scraper - INFO - 评论 5877984 获取到 1 条热门吐槽, 3 条普通吐槽
2025-07-05 16:01:46,873 - scrapers.jandan_scraper - INFO - 调试: 评论 5877984 获取到 1 条热门吐槽, 3 条普通吐槽
2025-07-05 16:01:46,873 - scrapers.jandan_scraper - INFO - 开始解析页面中的评论
2025-07-05 16:01:46,873 - scrapers.jandan_scraper - INFO - 开始解析HTML内容, 长度: 26153
2025-07-05 16:01:46,881 - scrapers.jandan_scraper - INFO - 找到 0 条热门评论
2025-07-05 16:01:46,881 - scrapers.jandan_scraper - INFO - 解析完成，获取到 0 条评论
2025-07-05 16:01:46,881 - scrapers.jandan_scraper - INFO - 开始转换评论为统一格式
2025-07-05 16:01:46,881 - scrapers.jandan_scraper - INFO - 开始转换 0 条评论到统一格式
2025-07-05 16:01:46,882 - scrapers.jandan_scraper - INFO - 共转换 0 条评论为统一格式
2025-07-05 16:01:46,882 - scrapers.jandan_scraper - INFO - 爬取完成，共获取 0 条热评
2025-07-05 16:01:46,882 - scrapers.base_scraper - ERROR - 爬取 煎蛋网 失败
2025-07-05 16:01:46,882 - scrapers.reddit_scraper - INFO - RedditScraper初始化完成
2025-07-05 16:01:46,882 - scrapers.base_scraper - INFO - 开始爬取 Reddit
2025-07-05 16:01:46,882 - scrapers.reddit_scraper - INFO - 开始爬取Reddit r/confessions每周热门帖子
2025-07-05 16:01:49,585 - utils.http_utils - ERROR - 请求失败: https://www.reddit.com/r/confessions/top/.json?t=week&limit=10, 错误: 403 Client Error: Blocked for url: https://www.reddit.com/r/confessions/top/.json?t=week&limit=10
2025-07-05 16:01:49,585 - scrapers.reddit_scraper - ERROR - 获取API数据失败: 403 Client Error: Blocked for url: https://www.reddit.com/r/confessions/top/.json?t=week&limit=10
2025-07-05 16:01:49,585 - scrapers.base_scraper - ERROR - 爬取 Reddit 失败
2025-07-05 16:01:49,585 - scrapers.hackernews_scraper - INFO - HackerNewsScraper初始化完成
2025-07-05 16:01:49,585 - scrapers.base_scraper - INFO - 开始爬取 Hacker News
2025-07-05 16:01:49,585 - scrapers.hackernews_scraper - INFO - 开始爬取Hacker News Ask HN帖子
2025-07-05 16:01:49,586 - scrapers.hackernews_scraper - INFO - 获取Ask HN页面: https://news.ycombinator.com/ask
2025-07-05 16:01:52,012 - scrapers.hackernews_scraper - INFO - 找到 30 个帖子行
2025-07-05 16:01:52,013 - scrapers.hackernews_scraper - INFO - 成功解析故事: Ask HN: How did Soham Parekh g..., 作者=jshchnz, 点赞=210, 评论=0
2025-07-05 16:01:52,014 - scrapers.hackernews_scraper - INFO - 成功解析故事: Ask HN: Worth leaving position..., 作者=NotAnOtter, 点赞=59, 评论=0
2025-07-05 16:01:52,014 - scrapers.hackernews_scraper - INFO - 成功解析故事: Ask HN: Can't Figure Out Where..., 作者=OulaX, 点赞=3, 评论=0
2025-07-05 16:01:52,015 - scrapers.hackernews_scraper - INFO - 成功解析故事: Ask HN: What clever tools/scri..., 作者=sebst, 点赞=4, 评论=0
2025-07-05 16:01:52,016 - scrapers.hackernews_scraper - INFO - 成功解析故事: Ask HN: Freelancer? Seeking fr..., 作者=whoishiring, 点赞=84, 评论=0
2025-07-05 16:01:52,016 - scrapers.hackernews_scraper - INFO - 成功解析故事: Ask HN: What Are You Working O..., 作者=david927, 点赞=434, 评论=0
2025-07-05 16:01:52,017 - scrapers.hackernews_scraper - INFO - 成功解析故事: Ask HN: What are non-social me..., 作者=rPlayer6554, 点赞=5, 评论=0
2025-07-05 16:01:52,018 - scrapers.hackernews_scraper - INFO - 成功解析故事: Ask HN: Who is hiring? (July 2..., 作者=whoishiring, 点赞=268, 评论=0
2025-07-05 16:01:52,018 - scrapers.hackernews_scraper - INFO - 成功解析故事: Ask HN: Who wants to be hired?..., 作者=whoishiring, 点赞=128, 评论=0
2025-07-05 16:01:52,019 - scrapers.hackernews_scraper - INFO - 成功解析故事: Ask HN: Is there a business fo..., 作者=Arubis, 点赞=25, 评论=0
2025-07-05 16:01:52,019 - scrapers.hackernews_scraper - INFO - 成功解析故事: Ask HN: What's the 2025 stack ..., 作者=jamesxv7, 点赞=224, 评论=0
2025-07-05 16:01:52,020 - scrapers.hackernews_scraper - INFO - 成功解析故事: Ask HN: Are there any good WAS..., 作者=brightbeige, 点赞=5, 评论=0
2025-07-05 16:01:52,020 - scrapers.hackernews_scraper - INFO - 成功解析故事: Ask HN: What are the best reso..., 作者=cigna, 点赞=10, 评论=0
2025-07-05 16:01:52,021 - scrapers.hackernews_scraper - INFO - 成功解析故事: Ask HN: What codebase would yo..., 作者=globnomulous, 点赞=6, 评论=0
2025-07-05 16:01:52,021 - scrapers.hackernews_scraper - INFO - 成功解析故事: Ask HN: How do companies like ..., 作者=agaase19, 点赞=5, 评论=0
2025-07-05 16:01:52,021 - scrapers.hackernews_scraper - INFO - 成功解析 15 个Ask HN故事
2025-07-05 16:01:52,022 - scrapers.hackernews_scraper - INFO - 开始转换 15 个故事到统一格式
2025-07-05 16:01:52,022 - scrapers.hackernews_scraper - INFO - 转换第 1/15 个故事: Ask HN: How did Soham Parekh g...
2025-07-05 16:01:55,641 - scrapers.hackernews_scraper - INFO - 找到 317 条评论
2025-07-05 16:01:57,632 - scrapers.hackernews_scraper - INFO - 故事 Ask HN: How did Soham Parekh g... 转换完成，包含 100 条评论
2025-07-05 16:01:57,632 - scrapers.hackernews_scraper - INFO - 转换第 2/15 个故事: Ask HN: Worth leaving position...
2025-07-05 16:02:00,660 - scrapers.hackernews_scraper - INFO - 找到 70 条评论
2025-07-05 16:02:00,771 - scrapers.hackernews_scraper - INFO - 故事 Ask HN: Worth leaving position... 转换完成，包含 70 条评论
2025-07-05 16:02:00,772 - scrapers.hackernews_scraper - INFO - 转换第 3/15 个故事: Ask HN: Can't Figure Out Where...
2025-07-05 16:02:02,605 - scrapers.hackernews_scraper - INFO - 找到 1 条评论
2025-07-05 16:02:02,606 - scrapers.hackernews_scraper - INFO - 故事 Ask HN: Can't Figure Out Where... 转换完成，包含 1 条评论
2025-07-05 16:02:02,606 - scrapers.hackernews_scraper - INFO - 转换第 4/15 个故事: Ask HN: What clever tools/scri...
2025-07-05 16:02:05,140 - scrapers.hackernews_scraper - INFO - 找到 9 条评论
2025-07-05 16:02:05,146 - scrapers.hackernews_scraper - INFO - 故事 Ask HN: What clever tools/scri... 转换完成，包含 9 条评论
2025-07-05 16:02:05,147 - scrapers.hackernews_scraper - INFO - 转换第 5/15 个故事: Ask HN: Freelancer? Seeking fr...
2025-07-05 16:02:07,607 - scrapers.hackernews_scraper - INFO - 找到 198 条评论
2025-07-05 16:02:08,500 - scrapers.hackernews_scraper - INFO - 故事 Ask HN: Freelancer? Seeking fr... 转换完成，包含 100 条评论
2025-07-05 16:02:08,500 - scrapers.hackernews_scraper - INFO - 转换第 6/15 个故事: Ask HN: What Are You Working O...
2025-07-05 16:02:16,789 - scrapers.hackernews_scraper - INFO - 找到 1369 条评论
2025-07-05 16:02:55,754 - scrapers.hackernews_scraper - INFO - 故事 Ask HN: What Are You Working O... 转换完成，包含 100 条评论
2025-07-05 16:02:55,754 - scrapers.hackernews_scraper - INFO - 转换第 7/15 个故事: Ask HN: What are non-social me...
2025-07-05 16:02:56,975 - scrapers.hackernews_scraper - INFO - 找到 7 条评论
2025-07-05 16:02:56,979 - scrapers.hackernews_scraper - INFO - 故事 Ask HN: What are non-social me... 转换完成，包含 7 条评论
2025-07-05 16:02:56,979 - scrapers.hackernews_scraper - INFO - 转换第 8/15 个故事: Ask HN: Who is hiring? (July 2...
2025-07-05 16:03:00,177 - scrapers.hackernews_scraper - INFO - 找到 378 条评论
2025-07-05 16:03:03,356 - scrapers.hackernews_scraper - INFO - 故事 Ask HN: Who is hiring? (July 2... 转换完成，包含 100 条评论
2025-07-05 16:03:03,356 - scrapers.hackernews_scraper - INFO - 转换第 9/15 个故事: Ask HN: Who wants to be hired?...
2025-07-05 16:03:07,276 - scrapers.hackernews_scraper - INFO - 找到 356 条评论
2025-07-05 16:03:10,266 - scrapers.hackernews_scraper - INFO - 故事 Ask HN: Who wants to be hired?... 转换完成，包含 100 条评论
2025-07-05 16:03:10,266 - scrapers.hackernews_scraper - INFO - 转换第 10/15 个故事: Ask HN: Is there a business fo...
2025-07-05 16:03:12,768 - scrapers.hackernews_scraper - INFO - 找到 35 条评论
2025-07-05 16:03:12,803 - scrapers.hackernews_scraper - INFO - 故事 Ask HN: Is there a business fo... 转换完成，包含 35 条评论
2025-07-05 16:03:12,803 - scrapers.hackernews_scraper - INFO - 转换第 11/15 个故事: Ask HN: What's the 2025 stack ...
2025-07-05 16:03:14,502 - scrapers.hackernews_scraper - INFO - 找到 119 条评论
2025-07-05 16:03:14,781 - scrapers.hackernews_scraper - INFO - 故事 Ask HN: What's the 2025 stack ... 转换完成，包含 100 条评论
2025-07-05 16:03:14,781 - scrapers.hackernews_scraper - INFO - 转换第 12/15 个故事: Ask HN: Are there any good WAS...
2025-07-05 16:03:16,719 - scrapers.hackernews_scraper - INFO - 找到 2 条评论
2025-07-05 16:03:16,720 - scrapers.hackernews_scraper - INFO - 故事 Ask HN: Are there any good WAS... 转换完成，包含 2 条评论
2025-07-05 16:03:16,721 - scrapers.hackernews_scraper - INFO - 转换第 13/15 个故事: Ask HN: What are the best reso...
2025-07-05 16:03:19,731 - scrapers.hackernews_scraper - INFO - 找到 11 条评论
2025-07-05 16:03:19,738 - scrapers.hackernews_scraper - INFO - 故事 Ask HN: What are the best reso... 转换完成，包含 11 条评论
2025-07-05 16:03:19,738 - scrapers.hackernews_scraper - INFO - 转换第 14/15 个故事: Ask HN: What codebase would yo...
2025-07-05 16:03:21,714 - scrapers.hackernews_scraper - INFO - 找到 6 条评论
2025-07-05 16:03:21,718 - scrapers.hackernews_scraper - INFO - 故事 Ask HN: What codebase would yo... 转换完成，包含 6 条评论
2025-07-05 16:03:21,718 - scrapers.hackernews_scraper - INFO - 转换第 15/15 个故事: Ask HN: How do companies like ...
2025-07-05 16:03:24,668 - scrapers.hackernews_scraper - INFO - 找到 3 条评论
2025-07-05 16:03:24,669 - scrapers.hackernews_scraper - INFO - 故事 Ask HN: How do companies like ... 转换完成，包含 3 条评论
2025-07-05 16:03:24,669 - scrapers.hackernews_scraper - INFO - 共转换 15 个故事为统一格式
2025-07-05 16:03:24,669 - scrapers.hackernews_scraper - INFO - 爬取完成，共获取 15 个Ask HN故事
2025-07-05 16:03:25,396 - utils.storage_utils - INFO - 已更新源索引: hackernews
2025-07-05 16:03:25,399 - utils.storage_utils - INFO - 数据已保存到 data/hackernews/week_2025-06-30.json
2025-07-05 16:03:25,402 - scrapers.base_scraper - INFO - 数据已保存到 data/hackernews/week_2025-06-30.json
2025-07-05 16:03:25,402 - scrapers.base_scraper - INFO - 成功爬取 Hacker News 的数据
2025-07-05 16:03:25,402 - __main__ - INFO - 完成: 1/3 个爬虫成功运行
2025-07-05 16:03:25,661 - __main__ - INFO - 归档所有源的旧数据
2025-07-05 16:03:25,661 - __main__ - INFO - 源 jandan 归档 无需归档
2025-07-05 16:03:25,661 - __main__ - INFO - 源 reddit 归档 无需归档
2025-07-05 16:03:25,661 - __main__ - INFO - 源 hackernews 归档 无需归档
