2025-05-17 16:01:47,580 - __main__ - INFO - 运行所有爬虫
2025-05-17 16:01:47,580 - scrapers.jandan_scraper - INFO - JandanScraper初始化完成
2025-05-17 16:01:47,580 - scrapers.base_scraper - INFO - 开始爬取 煎蛋网
2025-05-17 16:01:47,580 - scrapers.jandan_scraper - INFO - 开始爬取煎蛋热评
2025-05-17 16:01:59,506 - urllib3.connectionpool - WARNING - Retrying (Retry(total=2, connect=None, read=None, redirect=None, status=None)) after connection broken by 'ReadTimeoutError("HTTPSConnectionPool(host='jandan.net', port=443): Read timed out. (read timeout=10)")': /top-comments
2025-05-17 16:02:00,580 - scrapers.jandan_scraper - INFO - 成功获取HTML内容，长度: 25804
2025-05-17 16:02:00,581 - scrapers.jandan_scraper - INFO - 调试: 手动获取评论 5877984 的吐槽数据
2025-05-17 16:02:00,581 - scrapers.jandan_scraper - INFO - 获取评论 5877984 的吐槽内容: https://jandan.net/api/tucao/list/5877984
2025-05-17 16:02:03,739 - scrapers.jandan_scraper - INFO - 评论 5877984 获取到 1 条热门吐槽, 3 条普通吐槽
2025-05-17 16:02:03,739 - scrapers.jandan_scraper - INFO - 调试: 评论 5877984 获取到 1 条热门吐槽, 3 条普通吐槽
2025-05-17 16:02:03,739 - scrapers.jandan_scraper - INFO - 开始解析页面中的评论
2025-05-17 16:02:03,739 - scrapers.jandan_scraper - INFO - 开始解析HTML内容, 长度: 25804
2025-05-17 16:02:03,748 - scrapers.jandan_scraper - INFO - 找到 0 条热门评论
2025-05-17 16:02:03,748 - scrapers.jandan_scraper - INFO - 解析完成，获取到 0 条评论
2025-05-17 16:02:03,748 - scrapers.jandan_scraper - INFO - 开始转换评论为统一格式
2025-05-17 16:02:03,748 - scrapers.jandan_scraper - INFO - 开始转换 0 条评论到统一格式
2025-05-17 16:02:03,748 - scrapers.jandan_scraper - INFO - 共转换 0 条评论为统一格式
2025-05-17 16:02:03,749 - scrapers.jandan_scraper - INFO - 爬取完成，共获取 0 条热评
2025-05-17 16:02:03,749 - scrapers.base_scraper - ERROR - 爬取 煎蛋网 失败
2025-05-17 16:02:03,749 - scrapers.reddit_scraper - INFO - RedditScraper初始化完成
2025-05-17 16:02:03,749 - scrapers.base_scraper - INFO - 开始爬取 Reddit
2025-05-17 16:02:03,749 - scrapers.reddit_scraper - INFO - 开始爬取Reddit r/confessions每周热门帖子
2025-05-17 16:02:06,638 - utils.http_utils - ERROR - 请求失败: https://www.reddit.com/r/confessions/top/.json?t=week&limit=10, 错误: 403 Client Error: Blocked for url: https://www.reddit.com/r/confessions/top/.json?t=week&limit=10
2025-05-17 16:02:06,638 - scrapers.reddit_scraper - ERROR - 获取API数据失败: 403 Client Error: Blocked for url: https://www.reddit.com/r/confessions/top/.json?t=week&limit=10
2025-05-17 16:02:06,638 - scrapers.base_scraper - ERROR - 爬取 Reddit 失败
2025-05-17 16:02:06,639 - scrapers.hackernews_scraper - INFO - HackerNewsScraper初始化完成
2025-05-17 16:02:06,639 - scrapers.base_scraper - INFO - 开始爬取 Hacker News
2025-05-17 16:02:06,639 - scrapers.hackernews_scraper - INFO - 开始爬取Hacker News Ask HN帖子
2025-05-17 16:02:06,639 - scrapers.hackernews_scraper - INFO - 获取Ask HN页面: https://news.ycombinator.com/ask
2025-05-17 16:02:08,105 - scrapers.hackernews_scraper - INFO - 找到 30 个帖子行
2025-05-17 16:02:08,106 - scrapers.hackernews_scraper - INFO - 成功解析故事: Ask HN: Is there a "YouTube" f..., 作者=amichail, 点赞=4, 评论=0
2025-05-17 16:02:08,107 - scrapers.hackernews_scraper - INFO - 成功解析故事: Ask HN: Conversational AI to L..., 作者=edweis, 点赞=9, 评论=0
2025-05-17 16:02:08,108 - scrapers.hackernews_scraper - INFO - 成功解析故事: Ask HN: Anyone working in trad..., 作者=itsmekali321, 点赞=13, 评论=0
2025-05-17 16:02:08,109 - scrapers.hackernews_scraper - INFO - 成功解析故事: Ask HN: How are you acquiring ..., 作者=amanchanda, 点赞=555, 评论=0
2025-05-17 16:02:08,109 - scrapers.hackernews_scraper - INFO - 成功解析故事: Ask HN: What will tech employm..., 作者=ipnon, 点赞=77, 评论=0
2025-05-17 16:02:08,110 - scrapers.hackernews_scraper - INFO - 成功解析故事: Ask HN: Did anyone else see an..., 作者=DamnInteresting, 点赞=3, 评论=0
2025-05-17 16:02:08,110 - scrapers.hackernews_scraper - INFO - 成功解析故事: Ask HN: Email Provider for Mai..., 作者=agent008t, 点赞=21, 评论=0
2025-05-17 16:02:08,111 - scrapers.hackernews_scraper - INFO - 成功解析故事: Ask HN: Our only salesperson w..., 作者=betrayawayed555, 点赞=10, 评论=0
2025-05-17 16:02:08,112 - scrapers.hackernews_scraper - INFO - 成功解析故事: Ask HN: Cursor or Windsurf?..., 作者=skarat, 点赞=309, 评论=0
2025-05-17 16:02:08,112 - scrapers.hackernews_scraper - INFO - 成功解析故事: Ask HN: Any good tools to pgdu..., 作者=polishdude20, 点赞=3, 评论=0
2025-05-17 16:02:08,113 - scrapers.hackernews_scraper - INFO - 成功解析故事: Ask HN: Facing unemployment – ..., 作者=octo888, 点赞=45, 评论=0
2025-05-17 16:02:08,113 - scrapers.hackernews_scraper - INFO - 成功解析故事: Ask HN: What's your go-to mess..., 作者=enether, 点赞=9, 评论=0
2025-05-17 16:02:08,114 - scrapers.hackernews_scraper - INFO - 成功解析故事: Ask HN: How do you store priva..., 作者=max_, 点赞=5, 评论=0
2025-05-17 16:02:08,114 - scrapers.hackernews_scraper - INFO - 成功解析故事: Ask HN: How do you store the k..., 作者=dennisy, 点赞=64, 评论=0
2025-05-17 16:02:08,115 - scrapers.hackernews_scraper - INFO - 成功解析故事: Ask HN: How are you cleaning a..., 作者=dataflowmapper, 点赞=36, 评论=0
2025-05-17 16:02:08,115 - scrapers.hackernews_scraper - INFO - 成功解析 15 个Ask HN故事
2025-05-17 16:02:08,115 - scrapers.hackernews_scraper - INFO - 开始转换 15 个故事到统一格式
2025-05-17 16:02:08,115 - scrapers.hackernews_scraper - INFO - 转换第 1/15 个故事: Ask HN: Is there a "YouTube" f...
2025-05-17 16:02:10,530 - scrapers.hackernews_scraper - INFO - 找到 2 条评论
2025-05-17 16:02:10,531 - scrapers.hackernews_scraper - INFO - 故事 Ask HN: Is there a "YouTube" f... 转换完成，包含 2 条评论
2025-05-17 16:02:10,531 - scrapers.hackernews_scraper - INFO - 转换第 2/15 个故事: Ask HN: Conversational AI to L...
2025-05-17 16:02:12,196 - scrapers.hackernews_scraper - INFO - 找到 0 条评论
2025-05-17 16:02:12,196 - scrapers.hackernews_scraper - INFO - 故事 Ask HN: Conversational AI to L... 转换完成，包含 0 条评论
2025-05-17 16:02:12,197 - scrapers.hackernews_scraper - INFO - 转换第 3/15 个故事: Ask HN: Anyone working in trad...
2025-05-17 16:02:13,842 - scrapers.hackernews_scraper - INFO - 找到 3 条评论
2025-05-17 16:02:13,844 - scrapers.hackernews_scraper - INFO - 故事 Ask HN: Anyone working in trad... 转换完成，包含 3 条评论
2025-05-17 16:02:13,844 - scrapers.hackernews_scraper - INFO - 转换第 4/15 个故事: Ask HN: How are you acquiring ...
2025-05-17 16:02:16,263 - scrapers.hackernews_scraper - INFO - 找到 351 条评论
2025-05-17 16:02:18,585 - scrapers.hackernews_scraper - INFO - 故事 Ask HN: How are you acquiring ... 转换完成，包含 100 条评论
2025-05-17 16:02:18,585 - scrapers.hackernews_scraper - INFO - 转换第 5/15 个故事: Ask HN: What will tech employm...
2025-05-17 16:02:20,338 - scrapers.hackernews_scraper - INFO - 找到 102 条评论
2025-05-17 16:02:20,574 - scrapers.hackernews_scraper - INFO - 故事 Ask HN: What will tech employm... 转换完成，包含 100 条评论
2025-05-17 16:02:20,574 - scrapers.hackernews_scraper - INFO - 转换第 6/15 个故事: Ask HN: Did anyone else see an...
2025-05-17 16:02:21,958 - scrapers.hackernews_scraper - INFO - 找到 1 条评论
2025-05-17 16:02:21,958 - scrapers.hackernews_scraper - INFO - 故事 Ask HN: Did anyone else see an... 转换完成，包含 1 条评论
2025-05-17 16:02:21,958 - scrapers.hackernews_scraper - INFO - 转换第 7/15 个故事: Ask HN: Email Provider for Mai...
2025-05-17 16:02:23,808 - scrapers.hackernews_scraper - INFO - 找到 20 条评论
2025-05-17 16:02:23,826 - scrapers.hackernews_scraper - INFO - 故事 Ask HN: Email Provider for Mai... 转换完成，包含 20 条评论
2025-05-17 16:02:23,826 - scrapers.hackernews_scraper - INFO - 转换第 8/15 个故事: Ask HN: Our only salesperson w...
2025-05-17 16:02:25,220 - scrapers.hackernews_scraper - INFO - 找到 6 条评论
2025-05-17 16:02:25,224 - scrapers.hackernews_scraper - INFO - 故事 Ask HN: Our only salesperson w... 转换完成，包含 6 条评论
2025-05-17 16:02:25,225 - scrapers.hackernews_scraper - INFO - 转换第 9/15 个故事: Ask HN: Cursor or Windsurf?...
2025-05-17 16:02:27,721 - scrapers.hackernews_scraper - INFO - 找到 390 条评论
2025-05-17 16:02:30,529 - scrapers.hackernews_scraper - INFO - 故事 Ask HN: Cursor or Windsurf?... 转换完成，包含 100 条评论
2025-05-17 16:02:30,529 - scrapers.hackernews_scraper - INFO - 转换第 10/15 个故事: Ask HN: Any good tools to pgdu...
2025-05-17 16:02:32,105 - scrapers.hackernews_scraper - INFO - 找到 4 条评论
2025-05-17 16:02:32,108 - scrapers.hackernews_scraper - INFO - 故事 Ask HN: Any good tools to pgdu... 转换完成，包含 4 条评论
2025-05-17 16:02:32,108 - scrapers.hackernews_scraper - INFO - 转换第 11/15 个故事: Ask HN: Facing unemployment – ...
2025-05-17 16:02:35,164 - scrapers.hackernews_scraper - INFO - 找到 38 条评论
2025-05-17 16:02:35,211 - scrapers.hackernews_scraper - INFO - 故事 Ask HN: Facing unemployment – ... 转换完成，包含 38 条评论
2025-05-17 16:02:35,211 - scrapers.hackernews_scraper - INFO - 转换第 12/15 个故事: Ask HN: What's your go-to mess...
2025-05-17 16:02:38,035 - scrapers.hackernews_scraper - INFO - 找到 12 条评论
2025-05-17 16:02:38,045 - scrapers.hackernews_scraper - INFO - 故事 Ask HN: What's your go-to mess... 转换完成，包含 12 条评论
2025-05-17 16:02:38,045 - scrapers.hackernews_scraper - INFO - 转换第 13/15 个故事: Ask HN: How do you store priva...
2025-05-17 16:02:40,347 - scrapers.hackernews_scraper - INFO - 找到 12 条评论
2025-05-17 16:02:40,356 - scrapers.hackernews_scraper - INFO - 故事 Ask HN: How do you store priva... 转换完成，包含 12 条评论
2025-05-17 16:02:40,356 - scrapers.hackernews_scraper - INFO - 转换第 14/15 个故事: Ask HN: How do you store the k...
2025-05-17 16:02:42,066 - scrapers.hackernews_scraper - INFO - 找到 91 条评论
2025-05-17 16:02:42,260 - scrapers.hackernews_scraper - INFO - 故事 Ask HN: How do you store the k... 转换完成，包含 91 条评论
2025-05-17 16:02:42,260 - scrapers.hackernews_scraper - INFO - 转换第 15/15 个故事: Ask HN: How are you cleaning a...
2025-05-17 16:02:45,056 - scrapers.hackernews_scraper - INFO - 找到 33 条评论
2025-05-17 16:02:45,093 - scrapers.hackernews_scraper - INFO - 故事 Ask HN: How are you cleaning a... 转换完成，包含 33 条评论
2025-05-17 16:02:45,093 - scrapers.hackernews_scraper - INFO - 共转换 15 个故事为统一格式
2025-05-17 16:02:45,093 - scrapers.hackernews_scraper - INFO - 爬取完成，共获取 15 个Ask HN故事
2025-05-17 16:02:45,597 - utils.storage_utils - INFO - 已更新源索引: hackernews
2025-05-17 16:02:45,599 - utils.storage_utils - INFO - 数据已保存到 data/hackernews/week_2025-05-12.json
2025-05-17 16:02:45,601 - scrapers.base_scraper - INFO - 数据已保存到 data/hackernews/week_2025-05-12.json
2025-05-17 16:02:45,601 - scrapers.base_scraper - INFO - 成功爬取 Hacker News 的数据
2025-05-17 16:02:45,601 - __main__ - INFO - 完成: 1/3 个爬虫成功运行
2025-05-17 16:02:45,852 - __main__ - INFO - 归档所有源的旧数据
2025-05-17 16:02:45,852 - __main__ - INFO - 源 jandan 归档 无需归档
2025-05-17 16:02:45,853 - __main__ - INFO - 源 reddit 归档 无需归档
2025-05-17 16:02:45,853 - __main__ - INFO - 源 hackernews 归档 无需归档
