2025-05-15 16:02:00,084 - __main__ - INFO - 运行所有爬虫
2025-05-15 16:02:00,084 - scrapers.jandan_scraper - INFO - JandanScraper初始化完成
2025-05-15 16:02:00,084 - scrapers.base_scraper - INFO - 开始爬取 煎蛋网
2025-05-15 16:02:00,084 - scrapers.jandan_scraper - INFO - 开始爬取煎蛋热评
2025-05-15 16:02:03,367 - scrapers.jandan_scraper - INFO - 成功获取HTML内容，长度: 25804
2025-05-15 16:02:03,368 - scrapers.jandan_scraper - INFO - 调试: 手动获取评论 5877984 的吐槽数据
2025-05-15 16:02:03,368 - scrapers.jandan_scraper - INFO - 获取评论 5877984 的吐槽内容: https://jandan.net/api/tucao/list/5877984
2025-05-15 16:02:06,463 - scrapers.jandan_scraper - INFO - 评论 5877984 获取到 1 条热门吐槽, 3 条普通吐槽
2025-05-15 16:02:06,463 - scrapers.jandan_scraper - INFO - 调试: 评论 5877984 获取到 1 条热门吐槽, 3 条普通吐槽
2025-05-15 16:02:06,463 - scrapers.jandan_scraper - INFO - 开始解析页面中的评论
2025-05-15 16:02:06,463 - scrapers.jandan_scraper - INFO - 开始解析HTML内容, 长度: 25804
2025-05-15 16:02:06,471 - scrapers.jandan_scraper - INFO - 找到 0 条热门评论
2025-05-15 16:02:06,471 - scrapers.jandan_scraper - INFO - 解析完成，获取到 0 条评论
2025-05-15 16:02:06,471 - scrapers.jandan_scraper - INFO - 开始转换评论为统一格式
2025-05-15 16:02:06,472 - scrapers.jandan_scraper - INFO - 开始转换 0 条评论到统一格式
2025-05-15 16:02:06,472 - scrapers.jandan_scraper - INFO - 共转换 0 条评论为统一格式
2025-05-15 16:02:06,472 - scrapers.jandan_scraper - INFO - 爬取完成，共获取 0 条热评
2025-05-15 16:02:06,472 - scrapers.base_scraper - ERROR - 爬取 煎蛋网 失败
2025-05-15 16:02:06,473 - scrapers.reddit_scraper - INFO - RedditScraper初始化完成
2025-05-15 16:02:06,473 - scrapers.base_scraper - INFO - 开始爬取 Reddit
2025-05-15 16:02:06,473 - scrapers.reddit_scraper - INFO - 开始爬取Reddit r/confessions每周热门帖子
2025-05-15 16:02:09,473 - utils.http_utils - ERROR - 请求失败: https://www.reddit.com/r/confessions/top/.json?t=week&limit=10, 错误: 403 Client Error: Blocked for url: https://www.reddit.com/r/confessions/top/.json?t=week&limit=10
2025-05-15 16:02:09,473 - scrapers.reddit_scraper - ERROR - 获取API数据失败: 403 Client Error: Blocked for url: https://www.reddit.com/r/confessions/top/.json?t=week&limit=10
2025-05-15 16:02:09,473 - scrapers.base_scraper - ERROR - 爬取 Reddit 失败
2025-05-15 16:02:09,474 - scrapers.hackernews_scraper - INFO - HackerNewsScraper初始化完成
2025-05-15 16:02:09,474 - scrapers.base_scraper - INFO - 开始爬取 Hacker News
2025-05-15 16:02:09,474 - scrapers.hackernews_scraper - INFO - 开始爬取Hacker News Ask HN帖子
2025-05-15 16:02:09,474 - scrapers.hackernews_scraper - INFO - 获取Ask HN页面: https://news.ycombinator.com/ask
2025-05-15 16:02:11,891 - scrapers.hackernews_scraper - INFO - 找到 30 个帖子行
2025-05-15 16:02:11,893 - scrapers.hackernews_scraper - INFO - 成功解析故事: Ask HN: Email Provider for Mai..., 作者=agent008t, 点赞=6, 评论=0
2025-05-15 16:02:11,893 - scrapers.hackernews_scraper - INFO - 成功解析故事: Ask HN: How are you acquiring ..., 作者=amanchanda, 点赞=533, 评论=0
2025-05-15 16:02:11,894 - scrapers.hackernews_scraper - INFO - 成功解析故事: Ask HN: What's your go-to mess..., 作者=enether, 点赞=5, 评论=0
2025-05-15 16:02:11,895 - scrapers.hackernews_scraper - INFO - 成功解析故事: Ask HN: Why is no one making F..., 作者=reconnecting, 点赞=7, 评论=0
2025-05-15 16:02:11,895 - scrapers.hackernews_scraper - INFO - 成功解析故事: Ask HN: What will tech employm..., 作者=ipnon, 点赞=72, 评论=0
2025-05-15 16:02:11,896 - scrapers.hackernews_scraper - INFO - 成功解析故事: Ask HN: How are you cleaning a..., 作者=dataflowmapper, 点赞=35, 评论=0
2025-05-15 16:02:11,896 - scrapers.hackernews_scraper - INFO - 成功解析故事: Ask HN: Cursor or Windsurf?..., 作者=skarat, 点赞=299, 评论=0
2025-05-15 16:02:11,897 - scrapers.hackernews_scraper - INFO - 成功解析故事: Ask HN: How do you store the k..., 作者=dennisy, 点赞=54, 评论=0
2025-05-15 16:02:11,898 - scrapers.hackernews_scraper - INFO - 成功解析故事: Ask HN: Is Slack Down?..., 作者=abatilo, 点赞=68, 评论=0
2025-05-15 16:02:11,898 - scrapers.hackernews_scraper - INFO - 成功解析故事: Ask HN: What application or we..., 作者=VladVladikoff, 点赞=3, 评论=0
2025-05-15 16:02:11,899 - scrapers.hackernews_scraper - INFO - 成功解析故事: Ask HN: Proven Passive Income ..., 作者=johndavid9991, 点赞=7, 评论=0
2025-05-15 16:02:11,899 - scrapers.hackernews_scraper - INFO - 成功解析故事: Ask HN: How do you use the kno..., 作者=mdoliwa, 点赞=5, 评论=0
2025-05-15 16:02:11,900 - scrapers.hackernews_scraper - INFO - 成功解析故事: Ask HN: AI Model for Adult Cha..., 作者=gsky, 点赞=3, 评论=0
2025-05-15 16:02:11,900 - scrapers.hackernews_scraper - INFO - 成功解析故事: Ask HN: Not sure about the fut..., 作者=xblpob, 点赞=19, 评论=0
2025-05-15 16:02:11,901 - scrapers.hackernews_scraper - INFO - 成功解析故事: Ask HN: Who's building AI syst..., 作者=liefde, 点赞=2, 评论=0
2025-05-15 16:02:11,901 - scrapers.hackernews_scraper - INFO - 成功解析 15 个Ask HN故事
2025-05-15 16:02:11,901 - scrapers.hackernews_scraper - INFO - 开始转换 15 个故事到统一格式
2025-05-15 16:02:11,901 - scrapers.hackernews_scraper - INFO - 转换第 1/15 个故事: Ask HN: Email Provider for Mai...
2025-05-15 16:02:14,561 - scrapers.hackernews_scraper - INFO - 找到 10 条评论
2025-05-15 16:02:14,569 - scrapers.hackernews_scraper - INFO - 故事 Ask HN: Email Provider for Mai... 转换完成，包含 10 条评论
2025-05-15 16:02:14,569 - scrapers.hackernews_scraper - INFO - 转换第 2/15 个故事: Ask HN: How are you acquiring ...
2025-05-15 16:02:17,327 - scrapers.hackernews_scraper - INFO - 找到 346 条评论
2025-05-15 16:02:20,200 - scrapers.hackernews_scraper - INFO - 故事 Ask HN: How are you acquiring ... 转换完成，包含 100 条评论
2025-05-15 16:02:20,201 - scrapers.hackernews_scraper - INFO - 转换第 3/15 个故事: Ask HN: What's your go-to mess...
2025-05-15 16:02:21,794 - scrapers.hackernews_scraper - INFO - 找到 3 条评论
2025-05-15 16:02:21,796 - scrapers.hackernews_scraper - INFO - 故事 Ask HN: What's your go-to mess... 转换完成，包含 3 条评论
2025-05-15 16:02:21,796 - scrapers.hackernews_scraper - INFO - 转换第 4/15 个故事: Ask HN: Why is no one making F...
2025-05-15 16:02:24,280 - scrapers.hackernews_scraper - INFO - 找到 3 条评论
2025-05-15 16:02:24,282 - scrapers.hackernews_scraper - INFO - 故事 Ask HN: Why is no one making F... 转换完成，包含 3 条评论
2025-05-15 16:02:24,282 - scrapers.hackernews_scraper - INFO - 转换第 5/15 个故事: Ask HN: What will tech employm...
2025-05-15 16:02:26,482 - scrapers.hackernews_scraper - INFO - 找到 97 条评论
2025-05-15 16:02:26,704 - scrapers.hackernews_scraper - INFO - 故事 Ask HN: What will tech employm... 转换完成，包含 97 条评论
2025-05-15 16:02:26,704 - scrapers.hackernews_scraper - INFO - 转换第 6/15 个故事: Ask HN: How are you cleaning a...
2025-05-15 16:02:29,766 - scrapers.hackernews_scraper - INFO - 找到 32 条评论
2025-05-15 16:02:29,802 - scrapers.hackernews_scraper - INFO - 故事 Ask HN: How are you cleaning a... 转换完成，包含 32 条评论
2025-05-15 16:02:29,802 - scrapers.hackernews_scraper - INFO - 转换第 7/15 个故事: Ask HN: Cursor or Windsurf?...
2025-05-15 16:02:33,326 - scrapers.hackernews_scraper - INFO - 找到 385 条评论
2025-05-15 16:02:36,837 - scrapers.hackernews_scraper - INFO - 故事 Ask HN: Cursor or Windsurf?... 转换完成，包含 100 条评论
2025-05-15 16:02:36,837 - scrapers.hackernews_scraper - INFO - 转换第 8/15 个故事: Ask HN: How do you store the k...
2025-05-15 16:02:38,930 - scrapers.hackernews_scraper - INFO - 找到 80 条评论
2025-05-15 16:02:39,086 - scrapers.hackernews_scraper - INFO - 故事 Ask HN: How do you store the k... 转换完成，包含 80 条评论
2025-05-15 16:02:39,087 - scrapers.hackernews_scraper - INFO - 转换第 9/15 个故事: Ask HN: Is Slack Down?...
2025-05-15 16:02:40,386 - scrapers.hackernews_scraper - INFO - 找到 29 条评论
2025-05-15 16:02:40,416 - scrapers.hackernews_scraper - INFO - 故事 Ask HN: Is Slack Down?... 转换完成，包含 29 条评论
2025-05-15 16:02:40,416 - scrapers.hackernews_scraper - INFO - 转换第 10/15 个故事: Ask HN: What application or we...
2025-05-15 16:02:43,224 - scrapers.hackernews_scraper - INFO - 找到 6 条评论
2025-05-15 16:02:43,228 - scrapers.hackernews_scraper - INFO - 故事 Ask HN: What application or we... 转换完成，包含 6 条评论
2025-05-15 16:02:43,228 - scrapers.hackernews_scraper - INFO - 转换第 11/15 个故事: Ask HN: Proven Passive Income ...
2025-05-15 16:02:46,042 - scrapers.hackernews_scraper - INFO - 找到 3 条评论
2025-05-15 16:02:46,044 - scrapers.hackernews_scraper - INFO - 故事 Ask HN: Proven Passive Income ... 转换完成，包含 3 条评论
2025-05-15 16:02:46,045 - scrapers.hackernews_scraper - INFO - 转换第 12/15 个故事: Ask HN: How do you use the kno...
2025-05-15 16:02:48,569 - scrapers.hackernews_scraper - INFO - 找到 4 条评论
2025-05-15 16:02:48,572 - scrapers.hackernews_scraper - INFO - 故事 Ask HN: How do you use the kno... 转换完成，包含 4 条评论
2025-05-15 16:02:48,572 - scrapers.hackernews_scraper - INFO - 转换第 13/15 个故事: Ask HN: AI Model for Adult Cha...
2025-05-15 16:02:50,771 - scrapers.hackernews_scraper - INFO - 找到 12 条评论
2025-05-15 16:02:50,780 - scrapers.hackernews_scraper - INFO - 故事 Ask HN: AI Model for Adult Cha... 转换完成，包含 12 条评论
2025-05-15 16:02:50,780 - scrapers.hackernews_scraper - INFO - 转换第 14/15 个故事: Ask HN: Not sure about the fut...
2025-05-15 16:02:52,874 - scrapers.hackernews_scraper - INFO - 找到 14 条评论
2025-05-15 16:02:52,885 - scrapers.hackernews_scraper - INFO - 故事 Ask HN: Not sure about the fut... 转换完成，包含 14 条评论
2025-05-15 16:02:52,886 - scrapers.hackernews_scraper - INFO - 转换第 15/15 个故事: Ask HN: Who's building AI syst...
2025-05-15 16:02:55,479 - scrapers.hackernews_scraper - INFO - 找到 1 条评论
2025-05-15 16:02:55,479 - scrapers.hackernews_scraper - INFO - 故事 Ask HN: Who's building AI syst... 转换完成，包含 1 条评论
2025-05-15 16:02:55,480 - scrapers.hackernews_scraper - INFO - 共转换 15 个故事为统一格式
2025-05-15 16:02:55,480 - scrapers.hackernews_scraper - INFO - 爬取完成，共获取 15 个Ask HN故事
2025-05-15 16:02:55,854 - utils.storage_utils - INFO - 已更新源索引: hackernews
2025-05-15 16:02:55,857 - utils.storage_utils - INFO - 数据已保存到 data/hackernews/week_2025-05-12.json
2025-05-15 16:02:55,858 - scrapers.base_scraper - INFO - 数据已保存到 data/hackernews/week_2025-05-12.json
2025-05-15 16:02:55,858 - scrapers.base_scraper - INFO - 成功爬取 Hacker News 的数据
2025-05-15 16:02:55,859 - __main__ - INFO - 完成: 1/3 个爬虫成功运行
2025-05-15 16:02:56,099 - __main__ - INFO - 归档所有源的旧数据
2025-05-15 16:02:56,099 - __main__ - INFO - 源 jandan 归档 无需归档
2025-05-15 16:02:56,099 - __main__ - INFO - 源 reddit 归档 无需归档
2025-05-15 16:02:56,099 - __main__ - INFO - 源 hackernews 归档 无需归档
