2026-04-28 16:32:25,741 - __main__ - INFO - 运行所有爬虫
2026-04-28 16:32:25,741 - scrapers.jandan_scraper - INFO - JandanScraper初始化完成
2026-04-28 16:32:25,741 - scrapers.base_scraper - INFO - 开始爬取 煎蛋网
2026-04-28 16:32:25,741 - scrapers.jandan_scraper - INFO - 开始爬取煎蛋热评
2026-04-28 16:32:30,439 - scrapers.jandan_scraper - INFO - 成功获取HTML内容，长度: 27649
2026-04-28 16:32:30,440 - scrapers.jandan_scraper - INFO - 调试: 手动获取评论 5877984 的吐槽数据
2026-04-28 16:32:30,440 - scrapers.jandan_scraper - INFO - 获取评论 5877984 的吐槽内容: https://jandan.net/api/tucao/list/5877984
2026-04-28 16:32:32,871 - scrapers.jandan_scraper - INFO - 评论 5877984 获取到 1 条热门吐槽, 3 条普通吐槽
2026-04-28 16:32:32,871 - scrapers.jandan_scraper - INFO - 调试: 评论 5877984 获取到 1 条热门吐槽, 3 条普通吐槽
2026-04-28 16:32:32,871 - scrapers.jandan_scraper - INFO - 开始解析页面中的评论
2026-04-28 16:32:32,871 - scrapers.jandan_scraper - INFO - 开始解析HTML内容, 长度: 27649
2026-04-28 16:32:32,879 - scrapers.jandan_scraper - INFO - 找到 0 条热门评论
2026-04-28 16:32:32,879 - scrapers.jandan_scraper - INFO - 解析完成，获取到 0 条评论
2026-04-28 16:32:32,879 - scrapers.jandan_scraper - INFO - 开始转换评论为统一格式
2026-04-28 16:32:32,879 - scrapers.jandan_scraper - INFO - 开始转换 0 条评论到统一格式
2026-04-28 16:32:32,879 - scrapers.jandan_scraper - INFO - 共转换 0 条评论为统一格式
2026-04-28 16:32:32,879 - scrapers.jandan_scraper - INFO - 爬取完成，共获取 0 条热评
2026-04-28 16:32:32,879 - scrapers.base_scraper - ERROR - 爬取 煎蛋网 失败
2026-04-28 16:32:32,879 - scrapers.reddit_scraper - INFO - RedditScraper初始化完成
2026-04-28 16:32:32,880 - scrapers.base_scraper - INFO - 开始爬取 Reddit
2026-04-28 16:32:32,881 - scrapers.reddit_scraper - INFO - 开始爬取Reddit r/confessions每周热门帖子
2026-04-28 16:32:34,288 - utils.http_utils - ERROR - 请求失败: https://www.reddit.com/r/confessions/top/.json?t=week&limit=10, 错误: 403 Client Error: Blocked for url: https://www.reddit.com/r/confessions/top/.json?t=week&limit=10
2026-04-28 16:32:34,289 - scrapers.reddit_scraper - ERROR - 获取API数据失败: 403 Client Error: Blocked for url: https://www.reddit.com/r/confessions/top/.json?t=week&limit=10
2026-04-28 16:32:34,289 - scrapers.base_scraper - ERROR - 爬取 Reddit 失败
2026-04-28 16:32:34,289 - scrapers.hackernews_scraper - INFO - HackerNewsScraper初始化完成
2026-04-28 16:32:34,289 - scrapers.base_scraper - INFO - 开始爬取 Hacker News
2026-04-28 16:32:34,289 - scrapers.hackernews_scraper - INFO - 开始爬取Hacker News Ask HN帖子
2026-04-28 16:32:34,289 - scrapers.hackernews_scraper - INFO - 获取Ask HN页面: https://news.ycombinator.com/ask
2026-04-28 16:32:36,499 - scrapers.hackernews_scraper - INFO - 找到 30 个帖子行
2026-04-28 16:32:36,500 - scrapers.hackernews_scraper - INFO - 成功解析故事: Ask HN: Is it just me or is Cl..., 作者=e-nouri, 点赞=2, 评论=0
2026-04-28 16:32:36,501 - scrapers.hackernews_scraper - INFO - 成功解析故事: Ask HN: When might we not have..., 作者=samarthv, 点赞=4, 评论=0
2026-04-28 16:32:36,502 - scrapers.hackernews_scraper - INFO - 成功解析故事: Ask HN: What Makes AI a Bubble..., 作者=atleastoptimal, 点赞=16, 评论=0
2026-04-28 16:32:36,502 - scrapers.hackernews_scraper - INFO - 成功解析故事: Ask HN: Will there be global f..., 作者=roschdal, 点赞=5, 评论=0
2026-04-28 16:32:36,503 - scrapers.hackernews_scraper - INFO - 成功解析故事: Ask HN: Will hardware ever be ..., 作者=bjourne, 点赞=10, 评论=0
2026-04-28 16:32:36,504 - scrapers.hackernews_scraper - INFO - 成功解析故事: Ask HN: Do you read differentl..., 作者=dwa3592, 点赞=18, 评论=0
2026-04-28 16:32:36,504 - scrapers.hackernews_scraper - INFO - 成功解析故事: Ask HN: Can you tell the diffe..., 作者=muddi900, 点赞=5, 评论=0
2026-04-28 16:32:36,505 - scrapers.hackernews_scraper - INFO - 成功解析故事: Ask HN: RedHat for Personal Us..., 作者=bozdemir, 点赞=4, 评论=0
2026-04-28 16:32:36,505 - scrapers.hackernews_scraper - INFO - 成功解析故事: Ask HN: Are you concerned by T..., 作者=thom-gtdp, 点赞=7, 评论=0
2026-04-28 16:32:36,506 - scrapers.hackernews_scraper - INFO - 成功解析故事: Ask HN: How do solo devs prote..., 作者=langs, 点赞=36, 评论=0
2026-04-28 16:32:36,506 - scrapers.hackernews_scraper - INFO - 成功解析故事: Ask HN: Anyone want to collabo..., 作者=venkatram-s, 点赞=4, 评论=0
2026-04-28 16:32:36,507 - scrapers.hackernews_scraper - INFO - 成功解析故事: Ask HN: Is anyone working on G..., 作者=lifeisstillgood, 点赞=7, 评论=0
2026-04-28 16:32:36,508 - scrapers.hackernews_scraper - INFO - 成功解析故事: Ask HN: How did the industry s..., 作者=saratogacx, 点赞=13, 评论=0
2026-04-28 16:32:36,508 - scrapers.hackernews_scraper - INFO - 成功解析故事: Ask HN: How I find a job where..., 作者=speeder, 点赞=20, 评论=0
2026-04-28 16:32:36,509 - scrapers.hackernews_scraper - INFO - 成功解析故事: Ask HN: Anyone managed to get ..., 作者=visox, 点赞=13, 评论=0
2026-04-28 16:32:36,509 - scrapers.hackernews_scraper - INFO - 成功解析 15 个Ask HN故事
2026-04-28 16:32:36,509 - scrapers.hackernews_scraper - INFO - 开始转换 15 个故事到统一格式
2026-04-28 16:32:36,509 - scrapers.hackernews_scraper - INFO - 转换第 1/15 个故事: Ask HN: Is it just me or is Cl...
2026-04-28 16:32:39,428 - utils.http_utils - ERROR - 请求失败: https://news.ycombinator.com/item?id=47936579, 错误: 429 Client Error: Too Many Requests for url: https://news.ycombinator.com/item?id=47936579
2026-04-28 16:32:39,428 - scrapers.hackernews_scraper - ERROR - 获取故事详情失败: 47936579
2026-04-28 16:32:42,368 - utils.http_utils - ERROR - 请求失败: https://news.ycombinator.com/item?id=47936579, 错误: 429 Client Error: Too Many Requests for url: https://news.ycombinator.com/item?id=47936579
2026-04-28 16:32:42,368 - scrapers.hackernews_scraper - ERROR - 获取故事详情失败: 47936579
2026-04-28 16:32:42,368 - scrapers.hackernews_scraper - INFO - 故事 Ask HN: Is it just me or is Cl... 转换完成，包含 0 条评论
2026-04-28 16:32:42,368 - scrapers.hackernews_scraper - INFO - 转换第 2/15 个故事: Ask HN: When might we not have...
2026-04-28 16:32:43,392 - utils.http_utils - ERROR - 请求失败: https://news.ycombinator.com/item?id=47931342, 错误: 429 Client Error: Too Many Requests for url: https://news.ycombinator.com/item?id=47931342
2026-04-28 16:32:43,392 - scrapers.hackernews_scraper - ERROR - 获取故事详情失败: 47931342
2026-04-28 16:32:44,540 - utils.http_utils - ERROR - 请求失败: https://news.ycombinator.com/item?id=47931342, 错误: 429 Client Error: Too Many Requests for url: https://news.ycombinator.com/item?id=47931342
2026-04-28 16:32:44,540 - scrapers.hackernews_scraper - ERROR - 获取故事详情失败: 47931342
2026-04-28 16:32:44,541 - scrapers.hackernews_scraper - INFO - 故事 Ask HN: When might we not have... 转换完成，包含 0 条评论
2026-04-28 16:32:44,541 - scrapers.hackernews_scraper - INFO - 转换第 3/15 个故事: Ask HN: What Makes AI a Bubble...
2026-04-28 16:32:45,790 - utils.http_utils - ERROR - 请求失败: https://news.ycombinator.com/item?id=47928683, 错误: 429 Client Error: Too Many Requests for url: https://news.ycombinator.com/item?id=47928683
2026-04-28 16:32:45,790 - scrapers.hackernews_scraper - ERROR - 获取故事详情失败: 47928683
2026-04-28 16:32:47,232 - utils.http_utils - ERROR - 请求失败: https://news.ycombinator.com/item?id=47928683, 错误: 429 Client Error: Too Many Requests for url: https://news.ycombinator.com/item?id=47928683
2026-04-28 16:32:47,232 - scrapers.hackernews_scraper - ERROR - 获取故事详情失败: 47928683
2026-04-28 16:32:47,233 - scrapers.hackernews_scraper - INFO - 故事 Ask HN: What Makes AI a Bubble... 转换完成，包含 0 条评论
2026-04-28 16:32:47,233 - scrapers.hackernews_scraper - INFO - 转换第 4/15 个故事: Ask HN: Will there be global f...
2026-04-28 16:32:49,539 - scrapers.hackernews_scraper - INFO - 找到 3 条评论
2026-04-28 16:32:49,540 - scrapers.hackernews_scraper - INFO - 故事 Ask HN: Will there be global f... 转换完成，包含 3 条评论
2026-04-28 16:32:49,540 - scrapers.hackernews_scraper - INFO - 转换第 5/15 个故事: Ask HN: Will hardware ever be ...
2026-04-28 16:32:52,192 - utils.http_utils - ERROR - 请求失败: https://news.ycombinator.com/item?id=47927899, 错误: 429 Client Error: Too Many Requests for url: https://news.ycombinator.com/item?id=47927899
2026-04-28 16:32:52,192 - scrapers.hackernews_scraper - ERROR - 获取故事详情失败: 47927899
2026-04-28 16:32:53,617 - utils.http_utils - ERROR - 请求失败: https://news.ycombinator.com/item?id=47927899, 错误: 429 Client Error: Too Many Requests for url: https://news.ycombinator.com/item?id=47927899
2026-04-28 16:32:53,617 - scrapers.hackernews_scraper - ERROR - 获取故事详情失败: 47927899
2026-04-28 16:32:53,617 - scrapers.hackernews_scraper - INFO - 故事 Ask HN: Will hardware ever be ... 转换完成，包含 0 条评论
2026-04-28 16:32:53,617 - scrapers.hackernews_scraper - INFO - 转换第 6/15 个故事: Ask HN: Do you read differentl...
2026-04-28 16:32:56,618 - utils.http_utils - ERROR - 请求失败: https://news.ycombinator.com/item?id=47902507, 错误: 429 Client Error: Too Many Requests for url: https://news.ycombinator.com/item?id=47902507
2026-04-28 16:32:56,618 - scrapers.hackernews_scraper - ERROR - 获取故事详情失败: 47902507
2026-04-28 16:32:58,949 - utils.http_utils - ERROR - 请求失败: https://news.ycombinator.com/item?id=47902507, 错误: 429 Client Error: Too Many Requests for url: https://news.ycombinator.com/item?id=47902507
2026-04-28 16:32:58,949 - scrapers.hackernews_scraper - ERROR - 获取故事详情失败: 47902507
2026-04-28 16:32:58,949 - scrapers.hackernews_scraper - INFO - 故事 Ask HN: Do you read differentl... 转换完成，包含 0 条评论
2026-04-28 16:32:58,949 - scrapers.hackernews_scraper - INFO - 转换第 7/15 个故事: Ask HN: Can you tell the diffe...
2026-04-28 16:33:01,720 - utils.http_utils - ERROR - 请求失败: https://news.ycombinator.com/item?id=47919623, 错误: 429 Client Error: Too Many Requests for url: https://news.ycombinator.com/item?id=47919623
2026-04-28 16:33:01,720 - scrapers.hackernews_scraper - ERROR - 获取故事详情失败: 47919623
2026-04-28 16:33:03,479 - utils.http_utils - ERROR - 请求失败: https://news.ycombinator.com/item?id=47919623, 错误: 429 Client Error: Too Many Requests for url: https://news.ycombinator.com/item?id=47919623
2026-04-28 16:33:03,480 - scrapers.hackernews_scraper - ERROR - 获取故事详情失败: 47919623
2026-04-28 16:33:03,480 - scrapers.hackernews_scraper - INFO - 故事 Ask HN: Can you tell the diffe... 转换完成，包含 0 条评论
2026-04-28 16:33:03,480 - scrapers.hackernews_scraper - INFO - 转换第 8/15 个故事: Ask HN: RedHat for Personal Us...
2026-04-28 16:33:06,163 - scrapers.hackernews_scraper - INFO - 找到 4 条评论
2026-04-28 16:33:06,165 - scrapers.hackernews_scraper - INFO - 故事 Ask HN: RedHat for Personal Us... 转换完成，包含 4 条评论
2026-04-28 16:33:06,165 - scrapers.hackernews_scraper - INFO - 转换第 9/15 个故事: Ask HN: Are you concerned by T...
2026-04-28 16:33:08,106 - scrapers.hackernews_scraper - INFO - 找到 6 条评论
2026-04-28 16:33:08,109 - scrapers.hackernews_scraper - INFO - 故事 Ask HN: Are you concerned by T... 转换完成，包含 6 条评论
2026-04-28 16:33:08,109 - scrapers.hackernews_scraper - INFO - 转换第 10/15 个故事: Ask HN: How do solo devs prote...
2026-04-28 16:33:10,338 - scrapers.hackernews_scraper - INFO - 找到 16 条评论
2026-04-28 16:33:10,348 - scrapers.hackernews_scraper - INFO - 故事 Ask HN: How do solo devs prote... 转换完成，包含 16 条评论
2026-04-28 16:33:10,348 - scrapers.hackernews_scraper - INFO - 转换第 11/15 个故事: Ask HN: Anyone want to collabo...
2026-04-28 16:33:13,174 - scrapers.hackernews_scraper - INFO - 找到 8 条评论
2026-04-28 16:33:13,179 - scrapers.hackernews_scraper - INFO - 故事 Ask HN: Anyone want to collabo... 转换完成，包含 8 条评论
2026-04-28 16:33:13,179 - scrapers.hackernews_scraper - INFO - 转换第 12/15 个故事: Ask HN: Is anyone working on G...
2026-04-28 16:33:15,730 - utils.http_utils - ERROR - 请求失败: https://news.ycombinator.com/item?id=47902486, 错误: 429 Client Error: Too Many Requests for url: https://news.ycombinator.com/item?id=47902486
2026-04-28 16:33:15,730 - scrapers.hackernews_scraper - ERROR - 获取故事详情失败: 47902486
2026-04-28 16:33:16,868 - utils.http_utils - ERROR - 请求失败: https://news.ycombinator.com/item?id=47902486, 错误: 429 Client Error: Too Many Requests for url: https://news.ycombinator.com/item?id=47902486
2026-04-28 16:33:16,868 - scrapers.hackernews_scraper - ERROR - 获取故事详情失败: 47902486
2026-04-28 16:33:16,868 - scrapers.hackernews_scraper - INFO - 故事 Ask HN: Is anyone working on G... 转换完成，包含 0 条评论
2026-04-28 16:33:16,868 - scrapers.hackernews_scraper - INFO - 转换第 13/15 个故事: Ask HN: How did the industry s...
2026-04-28 16:33:17,962 - scrapers.hackernews_scraper - INFO - 找到 10 条评论
2026-04-28 16:33:17,968 - scrapers.hackernews_scraper - INFO - 故事 Ask HN: How did the industry s... 转换完成，包含 10 条评论
2026-04-28 16:33:17,968 - scrapers.hackernews_scraper - INFO - 转换第 14/15 个故事: Ask HN: How I find a job where...
2026-04-28 16:33:20,875 - utils.http_utils - ERROR - 请求失败: https://news.ycombinator.com/item?id=47910597, 错误: 429 Client Error: Too Many Requests for url: https://news.ycombinator.com/item?id=47910597
2026-04-28 16:33:20,875 - scrapers.hackernews_scraper - ERROR - 获取故事详情失败: 47910597
2026-04-28 16:33:22,186 - utils.http_utils - ERROR - 请求失败: https://news.ycombinator.com/item?id=47910597, 错误: 429 Client Error: Too Many Requests for url: https://news.ycombinator.com/item?id=47910597
2026-04-28 16:33:22,186 - scrapers.hackernews_scraper - ERROR - 获取故事详情失败: 47910597
2026-04-28 16:33:22,186 - scrapers.hackernews_scraper - INFO - 故事 Ask HN: How I find a job where... 转换完成，包含 0 条评论
2026-04-28 16:33:22,186 - scrapers.hackernews_scraper - INFO - 转换第 15/15 个故事: Ask HN: Anyone managed to get ...
2026-04-28 16:33:25,193 - scrapers.hackernews_scraper - INFO - 找到 3 条评论
2026-04-28 16:33:25,194 - scrapers.hackernews_scraper - INFO - 故事 Ask HN: Anyone managed to get ... 转换完成，包含 3 条评论
2026-04-28 16:33:25,195 - scrapers.hackernews_scraper - INFO - 共转换 15 个故事为统一格式
2026-04-28 16:33:25,195 - scrapers.hackernews_scraper - INFO - 爬取完成，共获取 15 个Ask HN故事
2026-04-28 16:33:25,433 - utils.storage_utils - INFO - 已更新源索引: hackernews
2026-04-28 16:33:25,435 - utils.storage_utils - INFO - 数据已保存到 data/hackernews/week_2026-04-27.json
2026-04-28 16:33:25,435 - scrapers.base_scraper - INFO - 数据已保存到 data/hackernews/week_2026-04-27.json
2026-04-28 16:33:25,435 - scrapers.base_scraper - INFO - 成功爬取 Hacker News 的数据
2026-04-28 16:33:25,436 - __main__ - INFO - 完成: 1/3 个爬虫成功运行
2026-04-28 16:33:25,676 - __main__ - INFO - 归档所有源的旧数据
2026-04-28 16:33:25,677 - __main__ - INFO - 源 jandan 归档 无需归档
2026-04-28 16:33:25,677 - __main__ - INFO - 源 reddit 归档 无需归档
2026-04-28 16:33:25,677 - __main__ - INFO - 源 hackernews 归档 无需归档
