2025-12-09 16:02:29,864 - __main__ - INFO - 运行所有爬虫
2025-12-09 16:02:29,865 - scrapers.jandan_scraper - INFO - JandanScraper初始化完成
2025-12-09 16:02:29,865 - scrapers.base_scraper - INFO - 开始爬取 煎蛋网
2025-12-09 16:02:29,865 - scrapers.jandan_scraper - INFO - 开始爬取煎蛋热评
2025-12-09 16:02:32,739 - scrapers.jandan_scraper - INFO - 成功获取HTML内容，长度: 24797
2025-12-09 16:02:32,739 - scrapers.jandan_scraper - INFO - 调试: 手动获取评论 5877984 的吐槽数据
2025-12-09 16:02:32,739 - scrapers.jandan_scraper - INFO - 获取评论 5877984 的吐槽内容: https://jandan.net/api/tucao/list/5877984
2025-12-09 16:02:34,927 - scrapers.jandan_scraper - INFO - 评论 5877984 获取到 1 条热门吐槽, 3 条普通吐槽
2025-12-09 16:02:34,927 - scrapers.jandan_scraper - INFO - 调试: 评论 5877984 获取到 1 条热门吐槽, 3 条普通吐槽
2025-12-09 16:02:34,927 - scrapers.jandan_scraper - INFO - 开始解析页面中的评论
2025-12-09 16:02:34,927 - scrapers.jandan_scraper - INFO - 开始解析HTML内容, 长度: 24797
2025-12-09 16:02:34,936 - scrapers.jandan_scraper - INFO - 找到 0 条热门评论
2025-12-09 16:02:34,936 - scrapers.jandan_scraper - INFO - 解析完成，获取到 0 条评论
2025-12-09 16:02:34,936 - scrapers.jandan_scraper - INFO - 开始转换评论为统一格式
2025-12-09 16:02:34,936 - scrapers.jandan_scraper - INFO - 开始转换 0 条评论到统一格式
2025-12-09 16:02:34,936 - scrapers.jandan_scraper - INFO - 共转换 0 条评论为统一格式
2025-12-09 16:02:34,936 - scrapers.jandan_scraper - INFO - 爬取完成，共获取 0 条热评
2025-12-09 16:02:34,936 - scrapers.base_scraper - ERROR - 爬取 煎蛋网 失败
2025-12-09 16:02:34,937 - scrapers.reddit_scraper - INFO - RedditScraper初始化完成
2025-12-09 16:02:34,938 - scrapers.base_scraper - INFO - 开始爬取 Reddit
2025-12-09 16:02:34,938 - scrapers.reddit_scraper - INFO - 开始爬取Reddit r/confessions每周热门帖子
2025-12-09 16:02:37,498 - utils.http_utils - ERROR - 请求失败: https://www.reddit.com/r/confessions/top/.json?t=week&limit=10, 错误: 403 Client Error: Blocked for url: https://www.reddit.com/r/confessions/top/.json?t=week&limit=10
2025-12-09 16:02:37,499 - scrapers.reddit_scraper - ERROR - 获取API数据失败: 403 Client Error: Blocked for url: https://www.reddit.com/r/confessions/top/.json?t=week&limit=10
2025-12-09 16:02:37,499 - scrapers.base_scraper - ERROR - 爬取 Reddit 失败
2025-12-09 16:02:37,499 - scrapers.hackernews_scraper - INFO - HackerNewsScraper初始化完成
2025-12-09 16:02:37,500 - scrapers.base_scraper - INFO - 开始爬取 Hacker News
2025-12-09 16:02:37,500 - scrapers.hackernews_scraper - INFO - 开始爬取Hacker News Ask HN帖子
2025-12-09 16:02:37,500 - scrapers.hackernews_scraper - INFO - 获取Ask HN页面: https://news.ycombinator.com/ask
2025-12-09 16:02:38,966 - scrapers.hackernews_scraper - INFO - 找到 16 个帖子行
2025-12-09 16:02:38,968 - scrapers.hackernews_scraper - INFO - 成功解析故事: Ask HN: Are there any viable A..., 作者=gooob, 点赞=10, 评论=0
2025-12-09 16:02:38,968 - scrapers.hackernews_scraper - INFO - 成功解析故事: Ask HN: Who wants to be hired?..., 作者=whoishiring, 点赞=160, 评论=0
2025-12-09 16:02:38,969 - scrapers.hackernews_scraper - INFO - 成功解析故事: Ask HN: Quality of recent gens..., 作者=ferguess_k, 点赞=111, 评论=0
2025-12-09 16:02:38,970 - scrapers.hackernews_scraper - INFO - 成功解析故事: Ask HN: Who is hiring? (Decemb..., 作者=whoishiring, 点赞=312, 评论=0
2025-12-09 16:02:38,970 - scrapers.hackernews_scraper - INFO - 成功解析故事: Ask HN: Modern C# book for exp..., 作者=Fire-Dragon-DoL, 点赞=30, 评论=0
2025-12-09 16:02:38,971 - scrapers.hackernews_scraper - INFO - 成功解析故事: Ask HN: Cloudflare WAF Alterna..., 作者=rco8786, 点赞=28, 评论=0
2025-12-09 16:02:38,971 - scrapers.hackernews_scraper - INFO - 成功解析故事: Ask HN: Why don't GPU/TPU manu..., 作者=DoctorOetker, 点赞=4, 评论=0
2025-12-09 16:02:38,972 - scrapers.hackernews_scraper - INFO - 成功解析故事: Ask HN: Why does every B2B Saa..., 作者=PaulShin, 点赞=8, 评论=0
2025-12-09 16:02:38,972 - scrapers.hackernews_scraper - INFO - 成功解析故事: Ask HN: Is it just me or techn..., 作者=shubhamjain, 点赞=31, 评论=0
2025-12-09 16:02:38,973 - scrapers.hackernews_scraper - INFO - 成功解析故事: Ask HN: Who else got pwned by ..., 作者=whycombinetor, 点赞=9, 评论=0
2025-12-09 16:02:38,974 - scrapers.hackernews_scraper - INFO - 成功解析 10 个Ask HN故事
2025-12-09 16:02:38,974 - scrapers.hackernews_scraper - INFO - 开始转换 10 个故事到统一格式
2025-12-09 16:02:38,974 - scrapers.hackernews_scraper - INFO - 转换第 1/10 个故事: Ask HN: Are there any viable A...
2025-12-09 16:02:40,820 - scrapers.hackernews_scraper - INFO - 找到 1 条评论
2025-12-09 16:02:40,821 - scrapers.hackernews_scraper - INFO - 故事 Ask HN: Are there any viable A... 转换完成，包含 1 条评论
2025-12-09 16:02:40,821 - scrapers.hackernews_scraper - INFO - 转换第 2/10 个故事: Ask HN: Who wants to be hired?...
2025-12-09 16:02:45,232 - scrapers.hackernews_scraper - INFO - 找到 422 条评论
2025-12-09 16:02:48,772 - scrapers.hackernews_scraper - INFO - 故事 Ask HN: Who wants to be hired?... 转换完成，包含 100 条评论
2025-12-09 16:02:48,773 - scrapers.hackernews_scraper - INFO - 转换第 3/10 个故事: Ask HN: Quality of recent gens...
2025-12-09 16:02:51,126 - scrapers.hackernews_scraper - INFO - 找到 205 条评论
2025-12-09 16:02:51,895 - scrapers.hackernews_scraper - INFO - 故事 Ask HN: Quality of recent gens... 转换完成，包含 100 条评论
2025-12-09 16:02:51,895 - scrapers.hackernews_scraper - INFO - 转换第 4/10 个故事: Ask HN: Who is hiring? (Decemb...
2025-12-09 16:02:55,545 - scrapers.hackernews_scraper - INFO - 找到 514 条评论
2025-12-09 16:03:01,066 - scrapers.hackernews_scraper - INFO - 故事 Ask HN: Who is hiring? (Decemb... 转换完成，包含 100 条评论
2025-12-09 16:03:01,066 - scrapers.hackernews_scraper - INFO - 转换第 5/10 个故事: Ask HN: Modern C# book for exp...
2025-12-09 16:03:03,859 - scrapers.hackernews_scraper - INFO - 找到 7 条评论
2025-12-09 16:03:03,864 - scrapers.hackernews_scraper - INFO - 故事 Ask HN: Modern C# book for exp... 转换完成，包含 7 条评论
2025-12-09 16:03:03,864 - scrapers.hackernews_scraper - INFO - 转换第 6/10 个故事: Ask HN: Cloudflare WAF Alterna...
2025-12-09 16:03:05,804 - scrapers.hackernews_scraper - INFO - 找到 15 条评论
2025-12-09 16:03:05,814 - scrapers.hackernews_scraper - INFO - 故事 Ask HN: Cloudflare WAF Alterna... 转换完成，包含 15 条评论
2025-12-09 16:03:05,814 - scrapers.hackernews_scraper - INFO - 转换第 7/10 个故事: Ask HN: Why don't GPU/TPU manu...
2025-12-09 16:03:07,177 - scrapers.hackernews_scraper - INFO - 找到 11 条评论
2025-12-09 16:03:07,184 - scrapers.hackernews_scraper - INFO - 故事 Ask HN: Why don't GPU/TPU manu... 转换完成，包含 11 条评论
2025-12-09 16:03:07,185 - scrapers.hackernews_scraper - INFO - 转换第 8/10 个故事: Ask HN: Why does every B2B Saa...
2025-12-09 16:03:08,545 - scrapers.hackernews_scraper - INFO - 找到 14 条评论
2025-12-09 16:03:08,555 - scrapers.hackernews_scraper - INFO - 故事 Ask HN: Why does every B2B Saa... 转换完成，包含 14 条评论
2025-12-09 16:03:08,555 - scrapers.hackernews_scraper - INFO - 转换第 9/10 个故事: Ask HN: Is it just me or techn...
2025-12-09 16:03:10,311 - scrapers.hackernews_scraper - INFO - 找到 37 条评论
2025-12-09 16:03:10,351 - scrapers.hackernews_scraper - INFO - 故事 Ask HN: Is it just me or techn... 转换完成，包含 37 条评论
2025-12-09 16:03:10,351 - scrapers.hackernews_scraper - INFO - 转换第 10/10 个故事: Ask HN: Who else got pwned by ...
2025-12-09 16:03:12,770 - scrapers.hackernews_scraper - INFO - 找到 5 条评论
2025-12-09 16:03:12,773 - scrapers.hackernews_scraper - INFO - 故事 Ask HN: Who else got pwned by ... 转换完成，包含 5 条评论
2025-12-09 16:03:12,773 - scrapers.hackernews_scraper - INFO - 共转换 10 个故事为统一格式
2025-12-09 16:03:12,773 - scrapers.hackernews_scraper - INFO - 爬取完成，共获取 10 个Ask HN故事
2025-12-09 16:03:13,252 - utils.storage_utils - INFO - 已更新源索引: hackernews
2025-12-09 16:03:13,253 - utils.storage_utils - INFO - 数据已保存到 data/hackernews/week_2025-12-08.json
2025-12-09 16:03:13,254 - scrapers.base_scraper - INFO - 数据已保存到 data/hackernews/week_2025-12-08.json
2025-12-09 16:03:13,254 - scrapers.base_scraper - INFO - 成功爬取 Hacker News 的数据
2025-12-09 16:03:13,255 - __main__ - INFO - 完成: 1/3 个爬虫成功运行
2025-12-09 16:03:13,476 - __main__ - INFO - 归档所有源的旧数据
2025-12-09 16:03:13,477 - __main__ - INFO - 源 jandan 归档 无需归档
2025-12-09 16:03:13,477 - __main__ - INFO - 源 reddit 归档 无需归档
2025-12-09 16:03:13,477 - __main__ - INFO - 源 hackernews 归档 无需归档
