2025-11-23 16:02:03,024 - __main__ - INFO - 运行所有爬虫
2025-11-23 16:02:03,025 - scrapers.jandan_scraper - INFO - JandanScraper初始化完成
2025-11-23 16:02:03,025 - scrapers.base_scraper - INFO - 开始爬取 煎蛋网
2025-11-23 16:02:03,025 - scrapers.jandan_scraper - INFO - 开始爬取煎蛋热评
2025-11-23 16:02:06,582 - scrapers.jandan_scraper - INFO - 成功获取HTML内容，长度: 24786
2025-11-23 16:02:06,582 - scrapers.jandan_scraper - INFO - 调试: 手动获取评论 5877984 的吐槽数据
2025-11-23 16:02:06,582 - scrapers.jandan_scraper - INFO - 获取评论 5877984 的吐槽内容: https://jandan.net/api/tucao/list/5877984
2025-11-23 16:02:09,612 - scrapers.jandan_scraper - INFO - 评论 5877984 获取到 1 条热门吐槽, 3 条普通吐槽
2025-11-23 16:02:09,612 - scrapers.jandan_scraper - INFO - 调试: 评论 5877984 获取到 1 条热门吐槽, 3 条普通吐槽
2025-11-23 16:02:09,612 - scrapers.jandan_scraper - INFO - 开始解析页面中的评论
2025-11-23 16:02:09,612 - scrapers.jandan_scraper - INFO - 开始解析HTML内容, 长度: 24786
2025-11-23 16:02:09,620 - scrapers.jandan_scraper - INFO - 找到 0 条热门评论
2025-11-23 16:02:09,620 - scrapers.jandan_scraper - INFO - 解析完成，获取到 0 条评论
2025-11-23 16:02:09,620 - scrapers.jandan_scraper - INFO - 开始转换评论为统一格式
2025-11-23 16:02:09,621 - scrapers.jandan_scraper - INFO - 开始转换 0 条评论到统一格式
2025-11-23 16:02:09,621 - scrapers.jandan_scraper - INFO - 共转换 0 条评论为统一格式
2025-11-23 16:02:09,621 - scrapers.jandan_scraper - INFO - 爬取完成，共获取 0 条热评
2025-11-23 16:02:09,621 - scrapers.base_scraper - ERROR - 爬取 煎蛋网 失败
2025-11-23 16:02:09,621 - scrapers.reddit_scraper - INFO - RedditScraper初始化完成
2025-11-23 16:02:09,622 - scrapers.base_scraper - INFO - 开始爬取 Reddit
2025-11-23 16:02:09,622 - scrapers.reddit_scraper - INFO - 开始爬取Reddit r/confessions每周热门帖子
2025-11-23 16:02:11,212 - utils.http_utils - ERROR - 请求失败: https://www.reddit.com/r/confessions/top/.json?t=week&limit=10, 错误: 403 Client Error: Blocked for url: https://www.reddit.com/r/confessions/top/.json?t=week&limit=10
2025-11-23 16:02:11,213 - scrapers.reddit_scraper - ERROR - 获取API数据失败: 403 Client Error: Blocked for url: https://www.reddit.com/r/confessions/top/.json?t=week&limit=10
2025-11-23 16:02:11,213 - scrapers.base_scraper - ERROR - 爬取 Reddit 失败
2025-11-23 16:02:11,213 - scrapers.hackernews_scraper - INFO - HackerNewsScraper初始化完成
2025-11-23 16:02:11,214 - scrapers.base_scraper - INFO - 开始爬取 Hacker News
2025-11-23 16:02:11,214 - scrapers.hackernews_scraper - INFO - 开始爬取Hacker News Ask HN帖子
2025-11-23 16:02:11,214 - scrapers.hackernews_scraper - INFO - 获取Ask HN页面: https://news.ycombinator.com/ask
2025-11-23 16:02:13,096 - scrapers.hackernews_scraper - INFO - 找到 18 个帖子行
2025-11-23 16:02:13,098 - scrapers.hackernews_scraper - INFO - 成功解析故事: Ask HN: Looking for a donated ..., 作者=PikoBeam, 点赞=11, 评论=0
2025-11-23 16:02:13,098 - scrapers.hackernews_scraper - INFO - 成功解析故事: Ask HN: How are Markov chains ..., 作者=JPLeRouzic, 点赞=203, 评论=0
2025-11-23 16:02:13,099 - scrapers.hackernews_scraper - INFO - 成功解析故事: Ask HN: How do you balance cre..., 作者=introvertmac, 点赞=8, 评论=0
2025-11-23 16:02:13,099 - scrapers.hackernews_scraper - INFO - 成功解析故事: Ask HN: Is America in Recessio..., 作者=register, 点赞=8, 评论=0
2025-11-23 16:02:13,100 - scrapers.hackernews_scraper - INFO - 成功解析故事: Ask HN: Working in a language ..., 作者=william-cooke, 点赞=5, 评论=0
2025-11-23 16:02:13,101 - scrapers.hackernews_scraper - INFO - 成功解析故事: Ask HN: Is it time to measure ..., 作者=cyrusradfar, 点赞=14, 评论=0
2025-11-23 16:02:13,101 - scrapers.hackernews_scraper - INFO - 成功解析故事: Ask HN: Where can you find old..., 作者=GaryBluto, 点赞=11, 评论=0
2025-11-23 16:02:13,102 - scrapers.hackernews_scraper - INFO - 成功解析故事: Ask HN: Current state of Andro..., 作者=namesarehard, 点赞=8, 评论=0
2025-11-23 16:02:13,102 - scrapers.hackernews_scraper - INFO - 成功解析故事: Ask HN: Are you still working ..., 作者=urnicus, 点赞=11, 评论=0
2025-11-23 16:02:13,103 - scrapers.hackernews_scraper - INFO - 成功解析故事: Ask HN: How would you architec..., 作者=Ftrea, 点赞=20, 评论=0
2025-11-23 16:02:13,104 - scrapers.hackernews_scraper - INFO - 成功解析故事: Ask HN: Can you share what you..., 作者=ludamn, 点赞=4, 评论=0
2025-11-23 16:02:13,104 - scrapers.hackernews_scraper - INFO - 成功解析故事: Ask HN: What is the current st..., 作者=jacobwilliamroy, 点赞=21, 评论=0
2025-11-23 16:02:13,105 - scrapers.hackernews_scraper - INFO - 成功解析故事: Ask HN: Cloud providers are lo..., 作者=clostao, 点赞=35, 评论=0
2025-11-23 16:02:13,105 - scrapers.hackernews_scraper - INFO - 成功解析 13 个Ask HN故事
2025-11-23 16:02:13,105 - scrapers.hackernews_scraper - INFO - 开始转换 13 个故事到统一格式
2025-11-23 16:02:13,105 - scrapers.hackernews_scraper - INFO - 转换第 1/13 个故事: Ask HN: Looking for a donated ...
2025-11-23 16:02:14,327 - scrapers.hackernews_scraper - INFO - 找到 2 条评论
2025-11-23 16:02:14,329 - scrapers.hackernews_scraper - INFO - 故事 Ask HN: Looking for a donated ... 转换完成，包含 2 条评论
2025-11-23 16:02:14,329 - scrapers.hackernews_scraper - INFO - 转换第 2/13 个故事: Ask HN: How are Markov chains ...
2025-11-23 16:02:16,850 - scrapers.hackernews_scraper - INFO - 找到 182 条评论
2025-11-23 16:02:17,483 - scrapers.hackernews_scraper - INFO - 故事 Ask HN: How are Markov chains ... 转换完成，包含 100 条评论
2025-11-23 16:02:17,483 - scrapers.hackernews_scraper - INFO - 转换第 3/13 个故事: Ask HN: How do you balance cre...
2025-11-23 16:02:19,062 - scrapers.hackernews_scraper - INFO - 找到 8 条评论
2025-11-23 16:02:19,067 - scrapers.hackernews_scraper - INFO - 故事 Ask HN: How do you balance cre... 转换完成，包含 8 条评论
2025-11-23 16:02:19,067 - scrapers.hackernews_scraper - INFO - 转换第 4/13 个故事: Ask HN: Is America in Recessio...
2025-11-23 16:02:21,436 - scrapers.hackernews_scraper - INFO - 找到 11 条评论
2025-11-23 16:02:21,444 - scrapers.hackernews_scraper - INFO - 故事 Ask HN: Is America in Recessio... 转换完成，包含 11 条评论
2025-11-23 16:02:21,445 - scrapers.hackernews_scraper - INFO - 转换第 5/13 个故事: Ask HN: Working in a language ...
2025-11-23 16:02:23,827 - scrapers.hackernews_scraper - INFO - 找到 13 条评论
2025-11-23 16:02:23,836 - scrapers.hackernews_scraper - INFO - 故事 Ask HN: Working in a language ... 转换完成，包含 13 条评论
2025-11-23 16:02:23,836 - scrapers.hackernews_scraper - INFO - 转换第 6/13 个故事: Ask HN: Is it time to measure ...
2025-11-23 16:02:25,512 - scrapers.hackernews_scraper - INFO - 找到 4 条评论
2025-11-23 16:02:25,514 - scrapers.hackernews_scraper - INFO - 故事 Ask HN: Is it time to measure ... 转换完成，包含 4 条评论
2025-11-23 16:02:25,514 - scrapers.hackernews_scraper - INFO - 转换第 7/13 个故事: Ask HN: Where can you find old...
2025-11-23 16:02:27,258 - scrapers.hackernews_scraper - INFO - 找到 4 条评论
2025-11-23 16:02:27,260 - scrapers.hackernews_scraper - INFO - 故事 Ask HN: Where can you find old... 转换完成，包含 4 条评论
2025-11-23 16:02:27,260 - scrapers.hackernews_scraper - INFO - 转换第 8/13 个故事: Ask HN: Current state of Andro...
2025-11-23 16:02:28,932 - scrapers.hackernews_scraper - INFO - 找到 0 条评论
2025-11-23 16:02:28,933 - scrapers.hackernews_scraper - INFO - 故事 Ask HN: Current state of Andro... 转换完成，包含 0 条评论
2025-11-23 16:02:28,933 - scrapers.hackernews_scraper - INFO - 转换第 9/13 个故事: Ask HN: Are you still working ...
2025-11-23 16:02:31,357 - scrapers.hackernews_scraper - INFO - 找到 10 条评论
2025-11-23 16:02:31,363 - scrapers.hackernews_scraper - INFO - 故事 Ask HN: Are you still working ... 转换完成，包含 10 条评论
2025-11-23 16:02:31,363 - scrapers.hackernews_scraper - INFO - 转换第 10/13 个故事: Ask HN: How would you architec...
2025-11-23 16:02:33,203 - scrapers.hackernews_scraper - INFO - 找到 4 条评论
2025-11-23 16:02:33,206 - scrapers.hackernews_scraper - INFO - 故事 Ask HN: How would you architec... 转换完成，包含 4 条评论
2025-11-23 16:02:33,206 - scrapers.hackernews_scraper - INFO - 转换第 11/13 个故事: Ask HN: Can you share what you...
2025-11-23 16:02:35,647 - scrapers.hackernews_scraper - INFO - 找到 4 条评论
2025-11-23 16:02:35,650 - scrapers.hackernews_scraper - INFO - 故事 Ask HN: Can you share what you... 转换完成，包含 4 条评论
2025-11-23 16:02:35,650 - scrapers.hackernews_scraper - INFO - 转换第 12/13 个故事: Ask HN: What is the current st...
2025-11-23 16:02:36,940 - scrapers.hackernews_scraper - INFO - 找到 18 条评论
2025-11-23 16:02:36,953 - scrapers.hackernews_scraper - INFO - 故事 Ask HN: What is the current st... 转换完成，包含 18 条评论
2025-11-23 16:02:36,953 - scrapers.hackernews_scraper - INFO - 转换第 13/13 个故事: Ask HN: Cloud providers are lo...
2025-11-23 16:02:40,022 - scrapers.hackernews_scraper - INFO - 找到 30 条评论
2025-11-23 16:02:40,051 - scrapers.hackernews_scraper - INFO - 故事 Ask HN: Cloud providers are lo... 转换完成，包含 30 条评论
2025-11-23 16:02:40,051 - scrapers.hackernews_scraper - INFO - 共转换 13 个故事为统一格式
2025-11-23 16:02:40,052 - scrapers.hackernews_scraper - INFO - 爬取完成，共获取 13 个Ask HN故事
2025-11-23 16:02:40,613 - utils.storage_utils - INFO - 已更新源索引: hackernews
2025-11-23 16:02:40,615 - utils.storage_utils - INFO - 数据已保存到 data/hackernews/week_2025-11-17.json
2025-11-23 16:02:40,617 - scrapers.base_scraper - INFO - 数据已保存到 data/hackernews/week_2025-11-17.json
2025-11-23 16:02:40,617 - scrapers.base_scraper - INFO - 成功爬取 Hacker News 的数据
2025-11-23 16:02:40,618 - __main__ - INFO - 完成: 1/3 个爬虫成功运行
2025-11-23 16:02:40,836 - __main__ - INFO - 归档所有源的旧数据
2025-11-23 16:02:40,836 - __main__ - INFO - 源 jandan 归档 无需归档
2025-11-23 16:02:40,837 - __main__ - INFO - 源 reddit 归档 无需归档
2025-11-23 16:02:40,837 - __main__ - INFO - 源 hackernews 归档 无需归档
