2025-05-20 16:01:46,679 - __main__ - INFO - 运行所有爬虫
2025-05-20 16:01:46,679 - scrapers.jandan_scraper - INFO - JandanScraper初始化完成
2025-05-20 16:01:46,679 - scrapers.base_scraper - INFO - 开始爬取 煎蛋网
2025-05-20 16:01:46,679 - scrapers.jandan_scraper - INFO - 开始爬取煎蛋热评
2025-05-20 16:01:50,709 - scrapers.jandan_scraper - INFO - 成功获取HTML内容，长度: 25804
2025-05-20 16:01:50,709 - scrapers.jandan_scraper - INFO - 调试: 手动获取评论 5877984 的吐槽数据
2025-05-20 16:01:50,709 - scrapers.jandan_scraper - INFO - 获取评论 5877984 的吐槽内容: https://jandan.net/api/tucao/list/5877984
2025-05-20 16:01:52,951 - scrapers.jandan_scraper - INFO - 评论 5877984 获取到 1 条热门吐槽, 3 条普通吐槽
2025-05-20 16:01:52,951 - scrapers.jandan_scraper - INFO - 调试: 评论 5877984 获取到 1 条热门吐槽, 3 条普通吐槽
2025-05-20 16:01:52,951 - scrapers.jandan_scraper - INFO - 开始解析页面中的评论
2025-05-20 16:01:52,952 - scrapers.jandan_scraper - INFO - 开始解析HTML内容, 长度: 25804
2025-05-20 16:01:52,960 - scrapers.jandan_scraper - INFO - 找到 0 条热门评论
2025-05-20 16:01:52,960 - scrapers.jandan_scraper - INFO - 解析完成，获取到 0 条评论
2025-05-20 16:01:52,960 - scrapers.jandan_scraper - INFO - 开始转换评论为统一格式
2025-05-20 16:01:52,961 - scrapers.jandan_scraper - INFO - 开始转换 0 条评论到统一格式
2025-05-20 16:01:52,961 - scrapers.jandan_scraper - INFO - 共转换 0 条评论为统一格式
2025-05-20 16:01:52,961 - scrapers.jandan_scraper - INFO - 爬取完成，共获取 0 条热评
2025-05-20 16:01:52,961 - scrapers.base_scraper - ERROR - 爬取 煎蛋网 失败
2025-05-20 16:01:52,962 - scrapers.reddit_scraper - INFO - RedditScraper初始化完成
2025-05-20 16:01:52,962 - scrapers.base_scraper - INFO - 开始爬取 Reddit
2025-05-20 16:01:52,962 - scrapers.reddit_scraper - INFO - 开始爬取Reddit r/confessions每周热门帖子
2025-05-20 16:01:54,413 - utils.http_utils - ERROR - 请求失败: https://www.reddit.com/r/confessions/top/.json?t=week&limit=10, 错误: 403 Client Error: Blocked for url: https://www.reddit.com/r/confessions/top/.json?t=week&limit=10
2025-05-20 16:01:54,413 - scrapers.reddit_scraper - ERROR - 获取API数据失败: 403 Client Error: Blocked for url: https://www.reddit.com/r/confessions/top/.json?t=week&limit=10
2025-05-20 16:01:54,413 - scrapers.base_scraper - ERROR - 爬取 Reddit 失败
2025-05-20 16:01:54,413 - scrapers.hackernews_scraper - INFO - HackerNewsScraper初始化完成
2025-05-20 16:01:54,413 - scrapers.base_scraper - INFO - 开始爬取 Hacker News
2025-05-20 16:01:54,413 - scrapers.hackernews_scraper - INFO - 开始爬取Hacker News Ask HN帖子
2025-05-20 16:01:54,413 - scrapers.hackernews_scraper - INFO - 获取Ask HN页面: https://news.ycombinator.com/ask
2025-05-20 16:01:56,981 - scrapers.hackernews_scraper - INFO - 找到 30 个帖子行
2025-05-20 16:01:56,982 - scrapers.hackernews_scraper - INFO - 成功解析故事: Ask HN: Way to build AI voice ..., 作者=warthog, 点赞=4, 评论=0
2025-05-20 16:01:56,983 - scrapers.hackernews_scraper - INFO - 成功解析故事: Ask HN: What's behind the stro..., 作者=cloudking, 点赞=7, 评论=0
2025-05-20 16:01:56,983 - scrapers.hackernews_scraper - INFO - 成功解析故事: Ask HN: Does the languages we ..., 作者=Genius_um, 点赞=2, 评论=0
2025-05-20 16:01:56,984 - scrapers.hackernews_scraper - INFO - 成功解析故事: Ask HN: Do people actually pay..., 作者=scratchyone, 点赞=50, 评论=0
2025-05-20 16:01:56,984 - scrapers.hackernews_scraper - INFO - 成功解析故事: Ask HN: When do you just give ..., 作者=90s_dev, 点赞=13, 评论=0
2025-05-20 16:01:56,985 - scrapers.hackernews_scraper - INFO - 成功解析故事: Ask HN: Don't You Mind That LL..., 作者=dakiol, 点赞=9, 评论=0
2025-05-20 16:01:56,986 - scrapers.hackernews_scraper - INFO - 成功解析故事: Ask HN: How do you use AI for ..., 作者=thesurlydev, 点赞=6, 评论=0
2025-05-20 16:01:56,986 - scrapers.hackernews_scraper - INFO - 成功解析故事: Ask HN: Is there a Wikipedia o..., 作者=soferio, 点赞=4, 评论=0
2025-05-20 16:01:56,987 - scrapers.hackernews_scraper - INFO - 成功解析故事: Ask HN: What's your go-to mess..., 作者=enether, 点赞=58, 评论=0
2025-05-20 16:01:56,987 - scrapers.hackernews_scraper - INFO - 成功解析故事: Ask HN: Conversational AI to L..., 作者=edweis, 点赞=14, 评论=0
2025-05-20 16:01:56,988 - scrapers.hackernews_scraper - INFO - 成功解析故事: Ask HN: We built a travel app ..., 作者=kenforthewin, 点赞=4, 评论=0
2025-05-20 16:01:56,988 - scrapers.hackernews_scraper - INFO - 成功解析故事: Ask HN: How do you handle lice..., 作者=lexokoh, 点赞=3, 评论=0
2025-05-20 16:01:56,989 - scrapers.hackernews_scraper - INFO - 成功解析故事: Ask HN: Tech Behind the "Magic..., 作者=ChicagoBoy11, 点赞=4, 评论=0
2025-05-20 16:01:56,989 - scrapers.hackernews_scraper - INFO - 成功解析故事: Ask HN: When will managers be ..., 作者=GianFabien, 点赞=53, 评论=0
2025-05-20 16:01:56,990 - scrapers.hackernews_scraper - INFO - 成功解析故事: Ask HN: Anyone working in trad..., 作者=itsmekali321, 点赞=20, 评论=0
2025-05-20 16:01:56,990 - scrapers.hackernews_scraper - INFO - 成功解析 15 个Ask HN故事
2025-05-20 16:01:56,990 - scrapers.hackernews_scraper - INFO - 开始转换 15 个故事到统一格式
2025-05-20 16:01:56,990 - scrapers.hackernews_scraper - INFO - 转换第 1/15 个故事: Ask HN: Way to build AI voice ...
2025-05-20 16:01:58,165 - scrapers.hackernews_scraper - INFO - 找到 0 条评论
2025-05-20 16:01:58,165 - scrapers.hackernews_scraper - INFO - 故事 Ask HN: Way to build AI voice ... 转换完成，包含 0 条评论
2025-05-20 16:01:58,165 - scrapers.hackernews_scraper - INFO - 转换第 2/15 个故事: Ask HN: What's behind the stro...
2025-05-20 16:02:01,100 - scrapers.hackernews_scraper - INFO - 找到 27 条评论
2025-05-20 16:02:01,128 - scrapers.hackernews_scraper - INFO - 故事 Ask HN: What's behind the stro... 转换完成，包含 27 条评论
2025-05-20 16:02:01,128 - scrapers.hackernews_scraper - INFO - 转换第 3/15 个故事: Ask HN: Does the languages we ...
2025-05-20 16:02:02,457 - scrapers.hackernews_scraper - INFO - 找到 3 条评论
2025-05-20 16:02:02,459 - scrapers.hackernews_scraper - INFO - 故事 Ask HN: Does the languages we ... 转换完成，包含 3 条评论
2025-05-20 16:02:02,459 - scrapers.hackernews_scraper - INFO - 转换第 4/15 个故事: Ask HN: Do people actually pay...
2025-05-20 16:02:04,884 - scrapers.hackernews_scraper - INFO - 找到 55 条评论
2025-05-20 16:02:04,966 - scrapers.hackernews_scraper - INFO - 故事 Ask HN: Do people actually pay... 转换完成，包含 55 条评论
2025-05-20 16:02:04,966 - scrapers.hackernews_scraper - INFO - 转换第 5/15 个故事: Ask HN: When do you just give ...
2025-05-20 16:02:07,190 - scrapers.hackernews_scraper - INFO - 找到 7 条评论
2025-05-20 16:02:07,195 - scrapers.hackernews_scraper - INFO - 故事 Ask HN: When do you just give ... 转换完成，包含 7 条评论
2025-05-20 16:02:07,195 - scrapers.hackernews_scraper - INFO - 转换第 6/15 个故事: Ask HN: Don't You Mind That LL...
2025-05-20 16:02:08,843 - scrapers.hackernews_scraper - INFO - 找到 12 条评论
2025-05-20 16:02:08,852 - scrapers.hackernews_scraper - INFO - 故事 Ask HN: Don't You Mind That LL... 转换完成，包含 12 条评论
2025-05-20 16:02:08,852 - scrapers.hackernews_scraper - INFO - 转换第 7/15 个故事: Ask HN: How do you use AI for ...
2025-05-20 16:02:10,543 - scrapers.hackernews_scraper - INFO - 找到 2 条评论
2025-05-20 16:02:10,545 - scrapers.hackernews_scraper - INFO - 故事 Ask HN: How do you use AI for ... 转换完成，包含 2 条评论
2025-05-20 16:02:10,545 - scrapers.hackernews_scraper - INFO - 转换第 8/15 个故事: Ask HN: Is there a Wikipedia o...
2025-05-20 16:02:11,786 - scrapers.hackernews_scraper - INFO - 找到 6 条评论
2025-05-20 16:02:11,790 - scrapers.hackernews_scraper - INFO - 故事 Ask HN: Is there a Wikipedia o... 转换完成，包含 6 条评论
2025-05-20 16:02:11,790 - scrapers.hackernews_scraper - INFO - 转换第 9/15 个故事: Ask HN: What's your go-to mess...
2025-05-20 16:02:13,413 - scrapers.hackernews_scraper - INFO - 找到 96 条评论
2025-05-20 16:02:13,631 - scrapers.hackernews_scraper - INFO - 故事 Ask HN: What's your go-to mess... 转换完成，包含 96 条评论
2025-05-20 16:02:13,631 - scrapers.hackernews_scraper - INFO - 转换第 10/15 个故事: Ask HN: Conversational AI to L...
2025-05-20 16:02:14,904 - scrapers.hackernews_scraper - INFO - 找到 6 条评论
2025-05-20 16:02:14,909 - scrapers.hackernews_scraper - INFO - 故事 Ask HN: Conversational AI to L... 转换完成，包含 6 条评论
2025-05-20 16:02:14,909 - scrapers.hackernews_scraper - INFO - 转换第 11/15 个故事: Ask HN: We built a travel app ...
2025-05-20 16:02:17,202 - scrapers.hackernews_scraper - INFO - 找到 5 条评论
2025-05-20 16:02:17,205 - scrapers.hackernews_scraper - INFO - 故事 Ask HN: We built a travel app ... 转换完成，包含 5 条评论
2025-05-20 16:02:17,205 - scrapers.hackernews_scraper - INFO - 转换第 12/15 个故事: Ask HN: How do you handle lice...
2025-05-20 16:02:18,243 - scrapers.hackernews_scraper - INFO - 找到 2 条评论
2025-05-20 16:02:18,245 - scrapers.hackernews_scraper - INFO - 故事 Ask HN: How do you handle lice... 转换完成，包含 2 条评论
2025-05-20 16:02:18,245 - scrapers.hackernews_scraper - INFO - 转换第 13/15 个故事: Ask HN: Tech Behind the "Magic...
2025-05-20 16:02:19,809 - scrapers.hackernews_scraper - INFO - 找到 2 条评论
2025-05-20 16:02:19,811 - scrapers.hackernews_scraper - INFO - 故事 Ask HN: Tech Behind the "Magic... 转换完成，包含 2 条评论
2025-05-20 16:02:19,811 - scrapers.hackernews_scraper - INFO - 转换第 14/15 个故事: Ask HN: When will managers be ...
2025-05-20 16:02:21,723 - scrapers.hackernews_scraper - INFO - 找到 72 条评论
2025-05-20 16:02:21,855 - scrapers.hackernews_scraper - INFO - 故事 Ask HN: When will managers be ... 转换完成，包含 72 条评论
2025-05-20 16:02:21,855 - scrapers.hackernews_scraper - INFO - 转换第 15/15 个故事: Ask HN: Anyone working in trad...
2025-05-20 16:02:23,225 - scrapers.hackernews_scraper - INFO - 找到 10 条评论
2025-05-20 16:02:23,233 - scrapers.hackernews_scraper - INFO - 故事 Ask HN: Anyone working in trad... 转换完成，包含 10 条评论
2025-05-20 16:02:23,233 - scrapers.hackernews_scraper - INFO - 共转换 15 个故事为统一格式
2025-05-20 16:02:23,233 - scrapers.hackernews_scraper - INFO - 爬取完成，共获取 15 个Ask HN故事
2025-05-20 16:02:23,541 - utils.storage_utils - INFO - 已更新源索引: hackernews
2025-05-20 16:02:23,544 - utils.storage_utils - INFO - 数据已保存到 data/hackernews/week_2025-05-19.json
2025-05-20 16:02:23,545 - scrapers.base_scraper - INFO - 数据已保存到 data/hackernews/week_2025-05-19.json
2025-05-20 16:02:23,545 - scrapers.base_scraper - INFO - 成功爬取 Hacker News 的数据
2025-05-20 16:02:23,545 - __main__ - INFO - 完成: 1/3 个爬虫成功运行
2025-05-20 16:02:23,790 - __main__ - INFO - 归档所有源的旧数据
2025-05-20 16:02:23,791 - __main__ - INFO - 源 jandan 归档 无需归档
2025-05-20 16:02:23,791 - __main__ - INFO - 源 reddit 归档 无需归档
2025-05-20 16:02:23,791 - __main__ - INFO - 源 hackernews 归档 无需归档
