2026-06-20 16:28:03,146 - __main__ - INFO - 运行所有爬虫
2026-06-20 16:28:03,146 - scrapers.jandan_scraper - INFO - JandanScraper初始化完成
2026-06-20 16:28:03,146 - scrapers.base_scraper - INFO - 开始爬取 煎蛋网
2026-06-20 16:28:03,146 - scrapers.jandan_scraper - INFO - 开始爬取煎蛋热评
2026-06-20 16:28:06,428 - scrapers.jandan_scraper - INFO - 成功获取HTML内容，长度: 37213
2026-06-20 16:28:06,428 - scrapers.jandan_scraper - INFO - 调试: 手动获取评论 5877984 的吐槽数据
2026-06-20 16:28:06,428 - scrapers.jandan_scraper - INFO - 获取评论 5877984 的吐槽内容: https://jandan.net/api/tucao/list/5877984
2026-06-20 16:28:08,218 - scrapers.jandan_scraper - INFO - 评论 5877984 获取到 0 条热门吐槽, 0 条普通吐槽
2026-06-20 16:28:08,218 - scrapers.jandan_scraper - INFO - 调试: 评论 5877984 获取到 0 条热门吐槽, 0 条普通吐槽
2026-06-20 16:28:08,218 - scrapers.jandan_scraper - INFO - 开始解析页面中的评论
2026-06-20 16:28:08,218 - scrapers.jandan_scraper - INFO - 开始解析HTML内容, 长度: 37213
2026-06-20 16:28:08,228 - scrapers.jandan_scraper - INFO - 找到 0 条热门评论
2026-06-20 16:28:08,228 - scrapers.jandan_scraper - INFO - 解析完成，获取到 0 条评论
2026-06-20 16:28:08,228 - scrapers.jandan_scraper - INFO - 开始转换评论为统一格式
2026-06-20 16:28:08,228 - scrapers.jandan_scraper - INFO - 开始转换 0 条评论到统一格式
2026-06-20 16:28:08,228 - scrapers.jandan_scraper - INFO - 共转换 0 条评论为统一格式
2026-06-20 16:28:08,228 - scrapers.jandan_scraper - INFO - 爬取完成，共获取 0 条热评
2026-06-20 16:28:08,229 - scrapers.base_scraper - ERROR - 爬取 煎蛋网 失败
2026-06-20 16:28:08,230 - scrapers.reddit_scraper - INFO - RedditScraper初始化完成
2026-06-20 16:28:08,231 - scrapers.base_scraper - INFO - 开始爬取 Reddit
2026-06-20 16:28:08,231 - scrapers.reddit_scraper - INFO - 开始爬取Reddit r/confessions每周热门帖子
2026-06-20 16:28:09,986 - utils.http_utils - ERROR - 请求失败: https://www.reddit.com/r/confessions/top/.json?t=week&limit=10, 错误: 403 Client Error: Blocked for url: https://www.reddit.com/r/confessions/top/.json?t=week&limit=10
2026-06-20 16:28:09,986 - scrapers.reddit_scraper - ERROR - 获取API数据失败: 403 Client Error: Blocked for url: https://www.reddit.com/r/confessions/top/.json?t=week&limit=10
2026-06-20 16:28:09,987 - scrapers.base_scraper - ERROR - 爬取 Reddit 失败
2026-06-20 16:28:09,987 - scrapers.hackernews_scraper - INFO - HackerNewsScraper初始化完成
2026-06-20 16:28:09,987 - scrapers.base_scraper - INFO - 开始爬取 Hacker News
2026-06-20 16:28:09,987 - scrapers.hackernews_scraper - INFO - 开始爬取Hacker News Ask HN帖子
2026-06-20 16:28:09,987 - scrapers.hackernews_scraper - INFO - 获取Ask HN页面: https://news.ycombinator.com/ask
2026-06-20 16:28:11,160 - scrapers.hackernews_scraper - INFO - 找到 30 个帖子行
2026-06-20 16:28:11,161 - scrapers.hackernews_scraper - INFO - 成功解析故事: Ask HN: Will programmers write..., 作者=amichail, 点赞=134, 评论=0
2026-06-20 16:28:11,161 - scrapers.hackernews_scraper - INFO - 成功解析故事: Ask HN: What do you care about..., 作者=bix6, 点赞=6, 评论=0
2026-06-20 16:28:11,162 - scrapers.hackernews_scraper - INFO - 成功解析故事: Ask HN: How to handle kernel s..., 作者=morolis, 点赞=3, 评论=0
2026-06-20 16:28:11,163 - scrapers.hackernews_scraper - INFO - 成功解析故事: Ask HN: Need advice on distrib..., 作者=darth-pixit, 点赞=2, 评论=0
2026-06-20 16:28:11,163 - scrapers.hackernews_scraper - INFO - 成功解析故事: Ask HN: Is anyone using the A2..., 作者=asim, 点赞=91, 评论=0
2026-06-20 16:28:11,164 - scrapers.hackernews_scraper - INFO - 成功解析故事: Ask HN: What tools are you usi..., 作者=agos, 点赞=21, 评论=0
2026-06-20 16:28:11,164 - scrapers.hackernews_scraper - INFO - 成功解析故事: Ask HN: What's a simple app yo..., 作者=akashwadhwani35, 点赞=4, 评论=0
2026-06-20 16:28:11,165 - scrapers.hackernews_scraper - INFO - 成功解析故事: Ask HN: What is the coolest te..., 作者=vantareed, 点赞=11, 评论=0
2026-06-20 16:28:11,165 - scrapers.hackernews_scraper - INFO - 成功解析故事: Ask HN: Is anyone else leaving..., 作者=lordkrandel, 点赞=6, 评论=0
2026-06-20 16:28:11,166 - scrapers.hackernews_scraper - INFO - 成功解析故事: Ask HN: Using OPA/Rego to secu..., 作者=wmolino, 点赞=5, 评论=0
2026-06-20 16:28:11,166 - scrapers.hackernews_scraper - INFO - 成功解析故事: Ask HN: Open-Source Intelligen..., 作者=silent_butagrim, 点赞=3, 评论=0
2026-06-20 16:28:11,167 - scrapers.hackernews_scraper - INFO - 成功解析故事: Ask HN: Is there a recognized ..., 作者=stephanieriggs, 点赞=5, 评论=0
2026-06-20 16:28:11,167 - scrapers.hackernews_scraper - INFO - 成功解析故事: Ask HN: Why SF? Why not India?..., 作者=akashwadhwani35, 点赞=2, 评论=0
2026-06-20 16:28:11,168 - scrapers.hackernews_scraper - INFO - 成功解析故事: Ask HN: I'm lost. How can I de..., 作者=snowhy, 点赞=5, 评论=0
2026-06-20 16:28:11,169 - scrapers.hackernews_scraper - INFO - 成功解析故事: Ask HN: Is there a way to stop..., 作者=arnejenssen, 点赞=11, 评论=0
2026-06-20 16:28:11,169 - scrapers.hackernews_scraper - INFO - 成功解析 15 个Ask HN故事
2026-06-20 16:28:11,169 - scrapers.hackernews_scraper - INFO - 开始转换 15 个故事到统一格式
2026-06-20 16:28:11,169 - scrapers.hackernews_scraper - INFO - 转换第 1/15 个故事: Ask HN: Will programmers write...
2026-06-20 16:28:14,137 - scrapers.hackernews_scraper - INFO - 找到 221 条评论
2026-06-20 16:28:14,971 - scrapers.hackernews_scraper - INFO - 故事 Ask HN: Will programmers write... 转换完成，包含 100 条评论
2026-06-20 16:28:14,971 - scrapers.hackernews_scraper - INFO - 转换第 2/15 个故事: Ask HN: What do you care about...
2026-06-20 16:28:17,149 - utils.http_utils - ERROR - 请求失败: https://news.ycombinator.com/item?id=48609465, 错误: 429 Client Error: Too Many Requests for url: https://news.ycombinator.com/item?id=48609465
2026-06-20 16:28:17,149 - scrapers.hackernews_scraper - ERROR - 获取故事详情失败: 48609465
2026-06-20 16:28:18,907 - utils.http_utils - ERROR - 请求失败: https://news.ycombinator.com/item?id=48609465, 错误: 429 Client Error: Too Many Requests for url: https://news.ycombinator.com/item?id=48609465
2026-06-20 16:28:18,907 - scrapers.hackernews_scraper - ERROR - 获取故事详情失败: 48609465
2026-06-20 16:28:18,907 - scrapers.hackernews_scraper - INFO - 故事 Ask HN: What do you care about... 转换完成，包含 0 条评论
2026-06-20 16:28:18,908 - scrapers.hackernews_scraper - INFO - 转换第 3/15 个故事: Ask HN: How to handle kernel s...
2026-06-20 16:28:21,109 - utils.http_utils - ERROR - 请求失败: https://news.ycombinator.com/item?id=48609424, 错误: 429 Client Error: Too Many Requests for url: https://news.ycombinator.com/item?id=48609424
2026-06-20 16:28:21,109 - scrapers.hackernews_scraper - ERROR - 获取故事详情失败: 48609424
2026-06-20 16:28:23,232 - utils.http_utils - ERROR - 请求失败: https://news.ycombinator.com/item?id=48609424, 错误: 429 Client Error: Too Many Requests for url: https://news.ycombinator.com/item?id=48609424
2026-06-20 16:28:23,232 - scrapers.hackernews_scraper - ERROR - 获取故事详情失败: 48609424
2026-06-20 16:28:23,233 - scrapers.hackernews_scraper - INFO - 故事 Ask HN: How to handle kernel s... 转换完成，包含 0 条评论
2026-06-20 16:28:23,233 - scrapers.hackernews_scraper - INFO - 转换第 4/15 个故事: Ask HN: Need advice on distrib...
2026-06-20 16:28:24,910 - scrapers.hackernews_scraper - INFO - 找到 0 条评论
2026-06-20 16:28:24,910 - scrapers.hackernews_scraper - INFO - 故事 Ask HN: Need advice on distrib... 转换完成，包含 0 条评论
2026-06-20 16:28:24,910 - scrapers.hackernews_scraper - INFO - 转换第 5/15 个故事: Ask HN: Is anyone using the A2...
2026-06-20 16:28:26,342 - utils.http_utils - ERROR - 请求失败: https://news.ycombinator.com/item?id=48582679, 错误: 429 Client Error: Too Many Requests for url: https://news.ycombinator.com/item?id=48582679
2026-06-20 16:28:26,342 - scrapers.hackernews_scraper - ERROR - 获取故事详情失败: 48582679
2026-06-20 16:28:27,690 - utils.http_utils - ERROR - 请求失败: https://news.ycombinator.com/item?id=48582679, 错误: 429 Client Error: Too Many Requests for url: https://news.ycombinator.com/item?id=48582679
2026-06-20 16:28:27,690 - scrapers.hackernews_scraper - ERROR - 获取故事详情失败: 48582679
2026-06-20 16:28:27,690 - scrapers.hackernews_scraper - INFO - 故事 Ask HN: Is anyone using the A2... 转换完成，包含 0 条评论
2026-06-20 16:28:27,690 - scrapers.hackernews_scraper - INFO - 转换第 6/15 个故事: Ask HN: What tools are you usi...
2026-06-20 16:28:30,094 - scrapers.hackernews_scraper - INFO - 找到 21 条评论
2026-06-20 16:28:30,110 - scrapers.hackernews_scraper - INFO - 故事 Ask HN: What tools are you usi... 转换完成，包含 21 条评论
2026-06-20 16:28:30,110 - scrapers.hackernews_scraper - INFO - 转换第 7/15 个故事: Ask HN: What's a simple app yo...
2026-06-20 16:28:32,792 - scrapers.hackernews_scraper - INFO - 找到 5 条评论
2026-06-20 16:28:32,795 - scrapers.hackernews_scraper - INFO - 故事 Ask HN: What's a simple app yo... 转换完成，包含 5 条评论
2026-06-20 16:28:32,796 - scrapers.hackernews_scraper - INFO - 转换第 8/15 个故事: Ask HN: What is the coolest te...
2026-06-20 16:28:35,587 - utils.http_utils - ERROR - 请求失败: https://news.ycombinator.com/item?id=48601097, 错误: 429 Client Error: Too Many Requests for url: https://news.ycombinator.com/item?id=48601097
2026-06-20 16:28:35,587 - scrapers.hackernews_scraper - ERROR - 获取故事详情失败: 48601097
2026-06-20 16:28:38,510 - utils.http_utils - ERROR - 请求失败: https://news.ycombinator.com/item?id=48601097, 错误: 429 Client Error: Too Many Requests for url: https://news.ycombinator.com/item?id=48601097
2026-06-20 16:28:38,510 - scrapers.hackernews_scraper - ERROR - 获取故事详情失败: 48601097
2026-06-20 16:28:38,510 - scrapers.hackernews_scraper - INFO - 故事 Ask HN: What is the coolest te... 转换完成，包含 0 条评论
2026-06-20 16:28:38,511 - scrapers.hackernews_scraper - INFO - 转换第 9/15 个故事: Ask HN: Is anyone else leaving...
2026-06-20 16:28:41,089 - utils.http_utils - ERROR - 请求失败: https://news.ycombinator.com/item?id=48595300, 错误: 429 Client Error: Too Many Requests for url: https://news.ycombinator.com/item?id=48595300
2026-06-20 16:28:41,090 - scrapers.hackernews_scraper - ERROR - 获取故事详情失败: 48595300
2026-06-20 16:28:42,860 - utils.http_utils - ERROR - 请求失败: https://news.ycombinator.com/item?id=48595300, 错误: 429 Client Error: Too Many Requests for url: https://news.ycombinator.com/item?id=48595300
2026-06-20 16:28:42,860 - scrapers.hackernews_scraper - ERROR - 获取故事详情失败: 48595300
2026-06-20 16:28:42,861 - scrapers.hackernews_scraper - INFO - 故事 Ask HN: Is anyone else leaving... 转换完成，包含 0 条评论
2026-06-20 16:28:42,861 - scrapers.hackernews_scraper - INFO - 转换第 10/15 个故事: Ask HN: Using OPA/Rego to secu...
2026-06-20 16:28:45,453 - utils.http_utils - ERROR - 请求失败: https://news.ycombinator.com/item?id=48606728, 错误: 429 Client Error: Too Many Requests for url: https://news.ycombinator.com/item?id=48606728
2026-06-20 16:28:45,453 - scrapers.hackernews_scraper - ERROR - 获取故事详情失败: 48606728
2026-06-20 16:28:47,367 - utils.http_utils - ERROR - 请求失败: https://news.ycombinator.com/item?id=48606728, 错误: 429 Client Error: Too Many Requests for url: https://news.ycombinator.com/item?id=48606728
2026-06-20 16:28:47,367 - scrapers.hackernews_scraper - ERROR - 获取故事详情失败: 48606728
2026-06-20 16:28:47,367 - scrapers.hackernews_scraper - INFO - 故事 Ask HN: Using OPA/Rego to secu... 转换完成，包含 0 条评论
2026-06-20 16:28:47,367 - scrapers.hackernews_scraper - INFO - 转换第 11/15 个故事: Ask HN: Open-Source Intelligen...
2026-06-20 16:28:49,194 - utils.http_utils - ERROR - 请求失败: https://news.ycombinator.com/item?id=48598508, 错误: 429 Client Error: Too Many Requests for url: https://news.ycombinator.com/item?id=48598508
2026-06-20 16:28:49,194 - scrapers.hackernews_scraper - ERROR - 获取故事详情失败: 48598508
2026-06-20 16:28:51,017 - utils.http_utils - ERROR - 请求失败: https://news.ycombinator.com/item?id=48598508, 错误: 429 Client Error: Too Many Requests for url: https://news.ycombinator.com/item?id=48598508
2026-06-20 16:28:51,018 - scrapers.hackernews_scraper - ERROR - 获取故事详情失败: 48598508
2026-06-20 16:28:51,018 - scrapers.hackernews_scraper - INFO - 故事 Ask HN: Open-Source Intelligen... 转换完成，包含 0 条评论
2026-06-20 16:28:51,018 - scrapers.hackernews_scraper - INFO - 转换第 12/15 个故事: Ask HN: Is there a recognized ...
2026-06-20 16:28:52,563 - utils.http_utils - ERROR - 请求失败: https://news.ycombinator.com/item?id=48598397, 错误: 429 Client Error: Too Many Requests for url: https://news.ycombinator.com/item?id=48598397
2026-06-20 16:28:52,563 - scrapers.hackernews_scraper - ERROR - 获取故事详情失败: 48598397
2026-06-20 16:28:55,425 - utils.http_utils - ERROR - 请求失败: https://news.ycombinator.com/item?id=48598397, 错误: 429 Client Error: Too Many Requests for url: https://news.ycombinator.com/item?id=48598397
2026-06-20 16:28:55,426 - scrapers.hackernews_scraper - ERROR - 获取故事详情失败: 48598397
2026-06-20 16:28:55,426 - scrapers.hackernews_scraper - INFO - 故事 Ask HN: Is there a recognized ... 转换完成，包含 0 条评论
2026-06-20 16:28:55,426 - scrapers.hackernews_scraper - INFO - 转换第 13/15 个故事: Ask HN: Why SF? Why not India?...
2026-06-20 16:28:58,129 - utils.http_utils - ERROR - 请求失败: https://news.ycombinator.com/item?id=48609955, 错误: 429 Client Error: Too Many Requests for url: https://news.ycombinator.com/item?id=48609955
2026-06-20 16:28:58,129 - scrapers.hackernews_scraper - ERROR - 获取故事详情失败: 48609955
2026-06-20 16:29:00,630 - utils.http_utils - ERROR - 请求失败: https://news.ycombinator.com/item?id=48609955, 错误: 429 Client Error: Too Many Requests for url: https://news.ycombinator.com/item?id=48609955
2026-06-20 16:29:00,630 - scrapers.hackernews_scraper - ERROR - 获取故事详情失败: 48609955
2026-06-20 16:29:00,630 - scrapers.hackernews_scraper - INFO - 故事 Ask HN: Why SF? Why not India?... 转换完成，包含 0 条评论
2026-06-20 16:29:00,630 - scrapers.hackernews_scraper - INFO - 转换第 14/15 个故事: Ask HN: I'm lost. How can I de...
2026-06-20 16:29:02,819 - utils.http_utils - ERROR - 请求失败: https://news.ycombinator.com/item?id=48588831, 错误: 429 Client Error: Too Many Requests for url: https://news.ycombinator.com/item?id=48588831
2026-06-20 16:29:02,819 - scrapers.hackernews_scraper - ERROR - 获取故事详情失败: 48588831
2026-06-20 16:29:05,026 - utils.http_utils - ERROR - 请求失败: https://news.ycombinator.com/item?id=48588831, 错误: 429 Client Error: Too Many Requests for url: https://news.ycombinator.com/item?id=48588831
2026-06-20 16:29:05,026 - scrapers.hackernews_scraper - ERROR - 获取故事详情失败: 48588831
2026-06-20 16:29:05,027 - scrapers.hackernews_scraper - INFO - 故事 Ask HN: I'm lost. How can I de... 转换完成，包含 0 条评论
2026-06-20 16:29:05,027 - scrapers.hackernews_scraper - INFO - 转换第 15/15 个故事: Ask HN: Is there a way to stop...
2026-06-20 16:29:07,618 - utils.http_utils - ERROR - 请求失败: https://news.ycombinator.com/item?id=48587539, 错误: 429 Client Error: Too Many Requests for url: https://news.ycombinator.com/item?id=48587539
2026-06-20 16:29:07,618 - scrapers.hackernews_scraper - ERROR - 获取故事详情失败: 48587539
2026-06-20 16:29:08,778 - utils.http_utils - ERROR - 请求失败: https://news.ycombinator.com/item?id=48587539, 错误: 429 Client Error: Too Many Requests for url: https://news.ycombinator.com/item?id=48587539
2026-06-20 16:29:08,778 - scrapers.hackernews_scraper - ERROR - 获取故事详情失败: 48587539
2026-06-20 16:29:08,778 - scrapers.hackernews_scraper - INFO - 故事 Ask HN: Is there a way to stop... 转换完成，包含 0 条评论
2026-06-20 16:29:08,778 - scrapers.hackernews_scraper - INFO - 共转换 15 个故事为统一格式
2026-06-20 16:29:08,778 - scrapers.hackernews_scraper - INFO - 爬取完成，共获取 15 个Ask HN故事
2026-06-20 16:29:09,042 - utils.storage_utils - INFO - 已更新源索引: hackernews
2026-06-20 16:29:09,042 - utils.storage_utils - INFO - 数据已保存到 data/hackernews/week_2026-06-15.json
2026-06-20 16:29:09,043 - scrapers.base_scraper - INFO - 数据已保存到 data/hackernews/week_2026-06-15.json
2026-06-20 16:29:09,044 - scrapers.base_scraper - INFO - 成功爬取 Hacker News 的数据
2026-06-20 16:29:09,044 - __main__ - INFO - 完成: 1/3 个爬虫成功运行
2026-06-20 16:29:09,260 - __main__ - INFO - 归档所有源的旧数据
2026-06-20 16:29:09,260 - __main__ - INFO - 源 jandan 归档 无需归档
2026-06-20 16:29:09,260 - __main__ - INFO - 源 reddit 归档 无需归档
2026-06-20 16:29:09,260 - __main__ - INFO - 源 hackernews 归档 无需归档
