2025-04-08 16:01:56,045 - __main__ - INFO - 运行所有爬虫
2025-04-08 16:01:56,045 - scrapers.jandan_scraper - INFO - JandanScraper初始化完成
2025-04-08 16:01:56,045 - scrapers.base_scraper - INFO - 开始爬取 煎蛋网
2025-04-08 16:01:56,045 - scrapers.jandan_scraper - INFO - 开始爬取煎蛋热评
2025-04-08 16:01:59,628 - scrapers.jandan_scraper - INFO - 成功获取HTML内容，长度: 139613
2025-04-08 16:01:59,628 - scrapers.jandan_scraper - INFO - 调试: 手动获取评论 5877984 的吐槽数据
2025-04-08 16:01:59,628 - scrapers.jandan_scraper - INFO - 获取评论 5877984 的吐槽内容: https://jandan.net/api/tucao/list/5877984
2025-04-08 16:02:02,458 - scrapers.jandan_scraper - INFO - 评论 5877984 获取到 1 条热门吐槽, 3 条普通吐槽
2025-04-08 16:02:02,459 - scrapers.jandan_scraper - INFO - 调试: 评论 5877984 获取到 1 条热门吐槽, 3 条普通吐槽
2025-04-08 16:02:02,459 - scrapers.jandan_scraper - INFO - 开始解析页面中的评论
2025-04-08 16:02:02,459 - scrapers.jandan_scraper - INFO - 开始解析HTML内容, 长度: 139613
2025-04-08 16:02:02,521 - scrapers.jandan_scraper - INFO - 找到 50 条热门评论
2025-04-08 16:02:02,521 - scrapers.jandan_scraper - INFO - 开始处理第 1/50 条评论, ID=5885645
2025-04-08 16:02:02,523 - scrapers.jandan_scraper - INFO - 评论 5885645 有 8 条吐槽，开始获取
2025-04-08 16:02:02,523 - scrapers.jandan_scraper - INFO - 获取评论 5885645 的吐槽内容: https://jandan.net/api/tucao/list/5885645
2025-04-08 16:02:04,980 - scrapers.jandan_scraper - INFO - 评论 5885645 获取到 3 条热门吐槽, 8 条普通吐槽
2025-04-08 16:02:04,981 - scrapers.jandan_scraper - INFO - 评论 5885645 成功获取 8 条吐槽
2025-04-08 16:02:04,981 - scrapers.jandan_scraper - INFO - 评论 5885645 解析完成: 作者=小土豆不用削皮, 类别=@树洞, 点赞=190, 踩=12, 吐槽数=8
2025-04-08 16:02:04,981 - scrapers.jandan_scraper - INFO - 开始处理第 2/50 条评论, ID=5885912
2025-04-08 16:02:04,982 - scrapers.jandan_scraper - INFO - 评论 5885912 有 4 条吐槽，开始获取
2025-04-08 16:02:04,982 - scrapers.jandan_scraper - INFO - 获取评论 5885912 的吐槽内容: https://jandan.net/api/tucao/list/5885912
2025-04-08 16:02:07,383 - scrapers.jandan_scraper - INFO - 评论 5885912 获取到 3 条热门吐槽, 4 条普通吐槽
2025-04-08 16:02:07,383 - scrapers.jandan_scraper - INFO - 评论 5885912 成功获取 4 条吐槽
2025-04-08 16:02:07,383 - scrapers.jandan_scraper - INFO - 评论 5885912 解析完成: 作者=cc, 类别=@树洞, 点赞=186, 踩=5, 吐槽数=4
2025-04-08 16:02:07,383 - scrapers.jandan_scraper - INFO - 开始处理第 3/50 条评论, ID=5885830
2025-04-08 16:02:07,385 - scrapers.jandan_scraper - INFO - 评论 5885830 有 4 条吐槽，开始获取
2025-04-08 16:02:07,385 - scrapers.jandan_scraper - INFO - 获取评论 5885830 的吐槽内容: https://jandan.net/api/tucao/list/5885830
2025-04-08 16:02:10,059 - scrapers.jandan_scraper - INFO - 评论 5885830 获取到 2 条热门吐槽, 4 条普通吐槽
2025-04-08 16:02:10,060 - scrapers.jandan_scraper - INFO - 评论 5885830 成功获取 4 条吐槽
2025-04-08 16:02:10,060 - scrapers.jandan_scraper - INFO - 评论 5885830 解析完成: 作者=净整些没用, 类别=@树洞, 点赞=103, 踩=1, 吐槽数=4
2025-04-08 16:02:10,060 - scrapers.jandan_scraper - INFO - 开始处理第 4/50 条评论, ID=5886137
2025-04-08 16:02:10,061 - scrapers.jandan_scraper - INFO - 评论 5886137 有 2 条吐槽，开始获取
2025-04-08 16:02:10,061 - scrapers.jandan_scraper - INFO - 获取评论 5886137 的吐槽内容: https://jandan.net/api/tucao/list/5886137
2025-04-08 16:02:12,762 - scrapers.jandan_scraper - INFO - 评论 5886137 获取到 1 条热门吐槽, 2 条普通吐槽
2025-04-08 16:02:12,763 - scrapers.jandan_scraper - INFO - 评论 5886137 成功获取 2 条吐槽
2025-04-08 16:02:12,763 - scrapers.jandan_scraper - INFO - 评论 5886137 解析完成: 作者=麻烦, 类别=@树洞, 点赞=101, 踩=1, 吐槽数=2
2025-04-08 16:02:12,763 - scrapers.jandan_scraper - INFO - 开始处理第 5/50 条评论, ID=5885683
2025-04-08 16:02:12,765 - scrapers.jandan_scraper - INFO - 评论 5885683 有 4 条吐槽，开始获取
2025-04-08 16:02:12,765 - scrapers.jandan_scraper - INFO - 获取评论 5885683 的吐槽内容: https://jandan.net/api/tucao/list/5885683
2025-04-08 16:02:15,739 - scrapers.jandan_scraper - INFO - 评论 5885683 获取到 3 条热门吐槽, 4 条普通吐槽
2025-04-08 16:02:15,739 - scrapers.jandan_scraper - INFO - 评论 5885683 成功获取 4 条吐槽
2025-04-08 16:02:15,740 - scrapers.jandan_scraper - INFO - 评论 5885683 解析完成: 作者=为何要当人上人, 类别=@树洞, 点赞=79, 踩=2, 吐槽数=4
2025-04-08 16:02:15,740 - scrapers.jandan_scraper - INFO - 开始处理第 6/50 条评论, ID=5886076
2025-04-08 16:02:15,741 - scrapers.jandan_scraper - INFO - 评论 5886076 有 7 条吐槽，开始获取
2025-04-08 16:02:15,741 - scrapers.jandan_scraper - INFO - 获取评论 5886076 的吐槽内容: https://jandan.net/api/tucao/list/5886076
2025-04-08 16:02:18,581 - scrapers.jandan_scraper - INFO - 评论 5886076 获取到 2 条热门吐槽, 7 条普通吐槽
2025-04-08 16:02:18,581 - scrapers.jandan_scraper - INFO - 评论 5886076 成功获取 7 条吐槽
2025-04-08 16:02:18,581 - scrapers.jandan_scraper - INFO - 评论 5886076 解析完成: 作者=小土豆不用削皮, 类别=@树洞, 点赞=76, 踩=7, 吐槽数=7
2025-04-08 16:02:18,581 - scrapers.jandan_scraper - INFO - 开始处理第 7/50 条评论, ID=5885618
2025-04-08 16:02:18,583 - scrapers.jandan_scraper - INFO - 评论 5885618 有 2 条吐槽，开始获取
2025-04-08 16:02:18,583 - scrapers.jandan_scraper - INFO - 获取评论 5885618 的吐槽内容: https://jandan.net/api/tucao/list/5885618
2025-04-08 16:02:20,071 - scrapers.jandan_scraper - INFO - 评论 5885618 获取到 0 条热门吐槽, 2 条普通吐槽
2025-04-08 16:02:20,071 - scrapers.jandan_scraper - INFO - 评论 5885618 成功获取 2 条吐槽
2025-04-08 16:02:20,071 - scrapers.jandan_scraper - INFO - 评论 5885618 解析完成: 作者=杀手老妪, 类别=@树洞, 点赞=73, 踩=5, 吐槽数=2
2025-04-08 16:02:20,071 - scrapers.jandan_scraper - INFO - 开始处理第 8/50 条评论, ID=5885892
2025-04-08 16:02:20,073 - scrapers.jandan_scraper - INFO - 评论 5885892 解析完成: 作者=杨悦悦, 类别=@树洞, 点赞=51, 踩=2, 吐槽数=0
2025-04-08 16:02:20,073 - scrapers.jandan_scraper - INFO - 开始处理第 9/50 条评论, ID=5885832
2025-04-08 16:02:20,074 - scrapers.jandan_scraper - INFO - 评论 5885832 有 1 条吐槽，开始获取
2025-04-08 16:02:20,074 - scrapers.jandan_scraper - INFO - 获取评论 5885832 的吐槽内容: https://jandan.net/api/tucao/list/5885832
2025-04-08 16:02:22,651 - scrapers.jandan_scraper - INFO - 评论 5885832 获取到 1 条热门吐槽, 1 条普通吐槽
2025-04-08 16:02:22,651 - scrapers.jandan_scraper - INFO - 评论 5885832 成功获取 1 条吐槽
2025-04-08 16:02:22,651 - scrapers.jandan_scraper - INFO - 评论 5885832 解析完成: 作者=XXX, 类别=@树洞, 点赞=44, 踩=2, 吐槽数=1
2025-04-08 16:02:22,651 - scrapers.jandan_scraper - INFO - 开始处理第 10/50 条评论, ID=5885626
2025-04-08 16:02:22,653 - scrapers.jandan_scraper - INFO - 评论 5885626 有 6 条吐槽，开始获取
2025-04-08 16:02:22,653 - scrapers.jandan_scraper - INFO - 获取评论 5885626 的吐槽内容: https://jandan.net/api/tucao/list/5885626
2025-04-08 16:02:26,002 - scrapers.jandan_scraper - INFO - 评论 5885626 获取到 3 条热门吐槽, 6 条普通吐槽
2025-04-08 16:02:26,002 - scrapers.jandan_scraper - INFO - 评论 5885626 成功获取 6 条吐槽
2025-04-08 16:02:26,002 - scrapers.jandan_scraper - INFO - 评论 5885626 解析完成: 作者=道格拉斯, 类别=@树洞, 点赞=44, 踩=9, 吐槽数=6
2025-04-08 16:02:26,003 - scrapers.jandan_scraper - INFO - 开始处理第 11/50 条评论, ID=5885623
2025-04-08 16:02:26,004 - scrapers.jandan_scraper - INFO - 评论 5885623 有 5 条吐槽，开始获取
2025-04-08 16:02:26,004 - scrapers.jandan_scraper - INFO - 获取评论 5885623 的吐槽内容: https://jandan.net/api/tucao/list/5885623
2025-04-08 16:02:28,812 - scrapers.jandan_scraper - INFO - 评论 5885623 获取到 2 条热门吐槽, 5 条普通吐槽
2025-04-08 16:02:28,812 - scrapers.jandan_scraper - INFO - 评论 5885623 成功获取 5 条吐槽
2025-04-08 16:02:28,813 - scrapers.jandan_scraper - INFO - 评论 5885623 解析完成: 作者=僵尸跳跳糖, 类别=@树洞, 点赞=40, 踩=2, 吐槽数=5
2025-04-08 16:02:28,813 - scrapers.jandan_scraper - INFO - 开始处理第 12/50 条评论, ID=5886056
2025-04-08 16:02:28,814 - scrapers.jandan_scraper - INFO - 评论 5886056 有 7 条吐槽，开始获取
2025-04-08 16:02:28,814 - scrapers.jandan_scraper - INFO - 获取评论 5886056 的吐槽内容: https://jandan.net/api/tucao/list/5886056
2025-04-08 16:02:41,083 - urllib3.connectionpool - WARNING - Retrying (Retry(total=2, connect=None, read=None, redirect=None, status=None)) after connection broken by 'ReadTimeoutError("HTTPSConnectionPool(host='jandan.net', port=443): Read timed out. (read timeout=10)")': /api/tucao/list/5886056
2025-04-08 16:02:41,829 - scrapers.jandan_scraper - INFO - 评论 5886056 获取到 1 条热门吐槽, 7 条普通吐槽
2025-04-08 16:02:41,829 - scrapers.jandan_scraper - INFO - 评论 5886056 成功获取 7 条吐槽
2025-04-08 16:02:41,830 - scrapers.jandan_scraper - INFO - 评论 5886056 解析完成: 作者=攸修瞒, 类别=@树洞, 点赞=38, 踩=10, 吐槽数=7
2025-04-08 16:02:41,830 - scrapers.jandan_scraper - INFO - 开始处理第 13/50 条评论, ID=5885833
2025-04-08 16:02:41,831 - scrapers.jandan_scraper - INFO - 评论 5885833 解析完成: 作者=杀手老妪, 类别=@树洞, 点赞=35, 踩=0, 吐槽数=0
2025-04-08 16:02:41,831 - scrapers.jandan_scraper - INFO - 开始处理第 14/50 条评论, ID=5885731
2025-04-08 16:02:41,833 - scrapers.jandan_scraper - INFO - 评论 5885731 有 3 条吐槽，开始获取
2025-04-08 16:02:41,833 - scrapers.jandan_scraper - INFO - 获取评论 5885731 的吐槽内容: https://jandan.net/api/tucao/list/5885731
2025-04-08 16:02:43,565 - scrapers.jandan_scraper - INFO - 评论 5885731 获取到 0 条热门吐槽, 2 条普通吐槽
2025-04-08 16:02:43,565 - scrapers.jandan_scraper - INFO - 评论 5885731 成功获取 2 条吐槽
2025-04-08 16:02:43,566 - scrapers.jandan_scraper - INFO - 评论 5885731 解析完成: 作者=公子開明, 类别=@树洞, 点赞=34, 踩=5, 吐槽数=3
2025-04-08 16:02:43,566 - scrapers.jandan_scraper - INFO - 开始处理第 15/50 条评论, ID=5885890
2025-04-08 16:02:43,568 - scrapers.jandan_scraper - INFO - 评论 5885890 解析完成: 作者=杨悦悦, 类别=@树洞, 点赞=34, 踩=3, 吐槽数=0
2025-04-08 16:02:43,568 - scrapers.jandan_scraper - INFO - 开始处理第 16/50 条评论, ID=5885685
2025-04-08 16:02:43,569 - scrapers.jandan_scraper - INFO - 评论 5885685 有 3 条吐槽，开始获取
2025-04-08 16:02:43,569 - scrapers.jandan_scraper - INFO - 获取评论 5885685 的吐槽内容: https://jandan.net/api/tucao/list/5885685
2025-04-08 16:02:46,672 - scrapers.jandan_scraper - INFO - 评论 5885685 获取到 0 条热门吐槽, 3 条普通吐槽
2025-04-08 16:02:46,672 - scrapers.jandan_scraper - INFO - 评论 5885685 成功获取 3 条吐槽
2025-04-08 16:02:46,672 - scrapers.jandan_scraper - INFO - 评论 5885685 解析完成: 作者=僵尸蜜蜂, 类别=@树洞, 点赞=31, 踩=1, 吐槽数=3
2025-04-08 16:02:46,673 - scrapers.jandan_scraper - INFO - 开始处理第 17/50 条评论, ID=5886057
2025-04-08 16:02:46,674 - scrapers.jandan_scraper - INFO - 评论 5886057 解析完成: 作者=桃子夭夭, 类别=@树洞, 点赞=27, 踩=0, 吐槽数=0
2025-04-08 16:02:46,674 - scrapers.jandan_scraper - INFO - 开始处理第 18/50 条评论, ID=5885974
2025-04-08 16:02:46,675 - scrapers.jandan_scraper - INFO - 评论 5885974 有 4 条吐槽，开始获取
2025-04-08 16:02:46,675 - scrapers.jandan_scraper - INFO - 获取评论 5885974 的吐槽内容: https://jandan.net/api/tucao/list/5885974
2025-04-08 16:02:48,977 - scrapers.jandan_scraper - INFO - 评论 5885974 获取到 0 条热门吐槽, 4 条普通吐槽
2025-04-08 16:02:48,977 - scrapers.jandan_scraper - INFO - 评论 5885974 成功获取 4 条吐槽
2025-04-08 16:02:48,978 - scrapers.jandan_scraper - INFO - 评论 5885974 解析完成: 作者=jcebd, 类别=@树洞, 点赞=26, 踩=1, 吐槽数=4
2025-04-08 16:02:48,978 - scrapers.jandan_scraper - INFO - 开始处理第 19/50 条评论, ID=5886020
2025-04-08 16:02:48,979 - scrapers.jandan_scraper - INFO - 评论 5886020 有 4 条吐槽，开始获取
2025-04-08 16:02:48,979 - scrapers.jandan_scraper - INFO - 获取评论 5886020 的吐槽内容: https://jandan.net/api/tucao/list/5886020
2025-04-08 16:02:52,260 - scrapers.jandan_scraper - INFO - 评论 5886020 获取到 1 条热门吐槽, 4 条普通吐槽
2025-04-08 16:02:52,261 - scrapers.jandan_scraper - INFO - 评论 5886020 成功获取 4 条吐槽
2025-04-08 16:02:52,261 - scrapers.jandan_scraper - INFO - 评论 5886020 解析完成: 作者=哔哔赖赖, 类别=@树洞, 点赞=26, 踩=2, 吐槽数=4
2025-04-08 16:02:52,261 - scrapers.jandan_scraper - INFO - 开始处理第 20/50 条评论, ID=5886084
2025-04-08 16:02:52,262 - scrapers.jandan_scraper - INFO - 评论 5886084 有 2 条吐槽，开始获取
2025-04-08 16:02:52,262 - scrapers.jandan_scraper - INFO - 获取评论 5886084 的吐槽内容: https://jandan.net/api/tucao/list/5886084
2025-04-08 16:02:54,582 - scrapers.jandan_scraper - INFO - 评论 5886084 获取到 0 条热门吐槽, 2 条普通吐槽
2025-04-08 16:02:54,582 - scrapers.jandan_scraper - INFO - 评论 5886084 成功获取 2 条吐槽
2025-04-08 16:02:54,582 - scrapers.jandan_scraper - INFO - 评论 5886084 解析完成: 作者=我无力救救我吧, 类别=@树洞, 点赞=26, 踩=2, 吐槽数=2
2025-04-08 16:02:54,582 - scrapers.jandan_scraper - INFO - 开始处理第 21/50 条评论, ID=5885743
2025-04-08 16:02:54,584 - scrapers.jandan_scraper - INFO - 评论 5885743 有 5 条吐槽，开始获取
2025-04-08 16:02:54,584 - scrapers.jandan_scraper - INFO - 获取评论 5885743 的吐槽内容: https://jandan.net/api/tucao/list/5885743
2025-04-08 16:02:57,478 - scrapers.jandan_scraper - INFO - 评论 5885743 获取到 3 条热门吐槽, 5 条普通吐槽
2025-04-08 16:02:57,478 - scrapers.jandan_scraper - INFO - 评论 5885743 成功获取 5 条吐槽
2025-04-08 16:02:57,478 - scrapers.jandan_scraper - INFO - 评论 5885743 解析完成: 作者=omg, 类别=@树洞, 点赞=25, 踩=10, 吐槽数=5
2025-04-08 16:02:57,478 - scrapers.jandan_scraper - INFO - 开始处理第 22/50 条评论, ID=5886097
2025-04-08 16:02:57,480 - scrapers.jandan_scraper - INFO - 评论 5886097 有 2 条吐槽，开始获取
2025-04-08 16:02:57,480 - scrapers.jandan_scraper - INFO - 获取评论 5886097 的吐槽内容: https://jandan.net/api/tucao/list/5886097
2025-04-08 16:03:00,108 - scrapers.jandan_scraper - INFO - 评论 5886097 获取到 0 条热门吐槽, 2 条普通吐槽
2025-04-08 16:03:00,108 - scrapers.jandan_scraper - INFO - 评论 5886097 成功获取 2 条吐槽
2025-04-08 16:03:00,109 - scrapers.jandan_scraper - INFO - 评论 5886097 解析完成: 作者=俱舍莲帝, 类别=@树洞, 点赞=25, 踩=7, 吐槽数=2
2025-04-08 16:03:00,109 - scrapers.jandan_scraper - INFO - 开始处理第 23/50 条评论, ID=5885901
2025-04-08 16:03:00,110 - scrapers.jandan_scraper - INFO - 评论 5885901 有 4 条吐槽，开始获取
2025-04-08 16:03:00,110 - scrapers.jandan_scraper - INFO - 获取评论 5885901 的吐槽内容: https://jandan.net/api/tucao/list/5885901
2025-04-08 16:03:02,107 - scrapers.jandan_scraper - INFO - 评论 5885901 获取到 0 条热门吐槽, 4 条普通吐槽
2025-04-08 16:03:02,107 - scrapers.jandan_scraper - INFO - 评论 5885901 成功获取 4 条吐槽
2025-04-08 16:03:02,108 - scrapers.jandan_scraper - INFO - 评论 5885901 解析完成: 作者=团长, 类别=@树洞, 点赞=25, 踩=2, 吐槽数=4
2025-04-08 16:03:02,108 - scrapers.jandan_scraper - INFO - 开始处理第 24/50 条评论, ID=5885802
2025-04-08 16:03:02,109 - scrapers.jandan_scraper - INFO - 评论 5885802 有 5 条吐槽，开始获取
2025-04-08 16:03:02,109 - scrapers.jandan_scraper - INFO - 获取评论 5885802 的吐槽内容: https://jandan.net/api/tucao/list/5885802
2025-04-08 16:03:03,819 - scrapers.jandan_scraper - INFO - 评论 5885802 获取到 1 条热门吐槽, 5 条普通吐槽
2025-04-08 16:03:03,819 - scrapers.jandan_scraper - INFO - 评论 5885802 成功获取 5 条吐槽
2025-04-08 16:03:03,819 - scrapers.jandan_scraper - INFO - 评论 5885802 解析完成: 作者=桃梨, 类别=@树洞, 点赞=24, 踩=4, 吐槽数=5
2025-04-08 16:03:03,819 - scrapers.jandan_scraper - INFO - 开始处理第 25/50 条评论, ID=5885613
2025-04-08 16:03:03,821 - scrapers.jandan_scraper - INFO - 评论 5885613 有 2 条吐槽，开始获取
2025-04-08 16:03:03,821 - scrapers.jandan_scraper - INFO - 获取评论 5885613 的吐槽内容: https://jandan.net/api/tucao/list/5885613
2025-04-08 16:03:06,548 - scrapers.jandan_scraper - INFO - 评论 5885613 获取到 2 条热门吐槽, 2 条普通吐槽
2025-04-08 16:03:06,548 - scrapers.jandan_scraper - INFO - 评论 5885613 成功获取 2 条吐槽
2025-04-08 16:03:06,548 - scrapers.jandan_scraper - INFO - 评论 5885613 解析完成: 作者=只有现在才是真实的, 类别=@树洞, 点赞=24, 踩=7, 吐槽数=2
2025-04-08 16:03:06,548 - scrapers.jandan_scraper - INFO - 开始处理第 26/50 条评论, ID=5885724
2025-04-08 16:03:06,550 - scrapers.jandan_scraper - INFO - 评论 5885724 有 4 条吐槽，开始获取
2025-04-08 16:03:06,550 - scrapers.jandan_scraper - INFO - 获取评论 5885724 的吐槽内容: https://jandan.net/api/tucao/list/5885724
2025-04-08 16:03:09,570 - scrapers.jandan_scraper - INFO - 评论 5885724 获取到 1 条热门吐槽, 4 条普通吐槽
2025-04-08 16:03:09,570 - scrapers.jandan_scraper - INFO - 评论 5885724 成功获取 4 条吐槽
2025-04-08 16:03:09,570 - scrapers.jandan_scraper - INFO - 评论 5885724 解析完成: 作者=途慕均, 类别=@树洞, 点赞=23, 踩=3, 吐槽数=4
2025-04-08 16:03:09,570 - scrapers.jandan_scraper - INFO - 开始处理第 27/50 条评论, ID=5885928
2025-04-08 16:03:09,572 - scrapers.jandan_scraper - INFO - 评论 5885928 有 3 条吐槽，开始获取
2025-04-08 16:03:09,572 - scrapers.jandan_scraper - INFO - 获取评论 5885928 的吐槽内容: https://jandan.net/api/tucao/list/5885928
2025-04-08 16:03:12,177 - scrapers.jandan_scraper - INFO - 评论 5885928 获取到 0 条热门吐槽, 3 条普通吐槽
2025-04-08 16:03:12,177 - scrapers.jandan_scraper - INFO - 评论 5885928 成功获取 3 条吐槽
2025-04-08 16:03:12,177 - scrapers.jandan_scraper - INFO - 评论 5885928 解析完成: 作者=租房那个老废物, 类别=@树洞, 点赞=21, 踩=1, 吐槽数=3
2025-04-08 16:03:12,178 - scrapers.jandan_scraper - INFO - 开始处理第 28/50 条评论, ID=5885776
2025-04-08 16:03:12,179 - scrapers.jandan_scraper - INFO - 评论 5885776 有 11 条吐槽，开始获取
2025-04-08 16:03:12,179 - scrapers.jandan_scraper - INFO - 获取评论 5885776 的吐槽内容: https://jandan.net/api/tucao/list/5885776
2025-04-08 16:03:14,321 - scrapers.jandan_scraper - INFO - 评论 5885776 获取到 4 条热门吐槽, 11 条普通吐槽
2025-04-08 16:03:14,321 - scrapers.jandan_scraper - INFO - 评论 5885776 成功获取 11 条吐槽
2025-04-08 16:03:14,321 - scrapers.jandan_scraper - INFO - 评论 5885776 解析完成: 作者=量子骑士, 类别=@树洞, 点赞=20, 踩=10, 吐槽数=11
2025-04-08 16:03:14,321 - scrapers.jandan_scraper - INFO - 开始处理第 29/50 条评论, ID=5886062
2025-04-08 16:03:14,323 - scrapers.jandan_scraper - INFO - 评论 5886062 有 3 条吐槽，开始获取
2025-04-08 16:03:14,323 - scrapers.jandan_scraper - INFO - 获取评论 5886062 的吐槽内容: https://jandan.net/api/tucao/list/5886062
2025-04-08 16:03:16,033 - scrapers.jandan_scraper - INFO - 评论 5886062 获取到 1 条热门吐槽, 3 条普通吐槽
2025-04-08 16:03:16,033 - scrapers.jandan_scraper - INFO - 评论 5886062 成功获取 3 条吐槽
2025-04-08 16:03:16,034 - scrapers.jandan_scraper - INFO - 评论 5886062 解析完成: 作者=没用的阿伟, 类别=@树洞, 点赞=20, 踩=2, 吐槽数=3
2025-04-08 16:03:16,034 - scrapers.jandan_scraper - INFO - 开始处理第 30/50 条评论, ID=5885932
2025-04-08 16:03:16,035 - scrapers.jandan_scraper - INFO - 评论 5885932 有 2 条吐槽，开始获取
2025-04-08 16:03:16,035 - scrapers.jandan_scraper - INFO - 获取评论 5885932 的吐槽内容: https://jandan.net/api/tucao/list/5885932
2025-04-08 16:03:17,956 - scrapers.jandan_scraper - INFO - 评论 5885932 获取到 0 条热门吐槽, 2 条普通吐槽
2025-04-08 16:03:17,956 - scrapers.jandan_scraper - INFO - 评论 5885932 成功获取 2 条吐槽
2025-04-08 16:03:17,957 - scrapers.jandan_scraper - INFO - 评论 5885932 解析完成: 作者=一个人租房的老Five, 类别=@树洞, 点赞=20, 踩=3, 吐槽数=2
2025-04-08 16:03:17,957 - scrapers.jandan_scraper - INFO - 开始处理第 31/50 条评论, ID=5886118
2025-04-08 16:03:17,958 - scrapers.jandan_scraper - INFO - 评论 5886118 解析完成: 作者=Oliver, 类别=@树洞, 点赞=18, 踩=0, 吐槽数=0
2025-04-08 16:03:17,958 - scrapers.jandan_scraper - INFO - 开始处理第 32/50 条评论, ID=5885882
2025-04-08 16:03:17,959 - scrapers.jandan_scraper - INFO - 评论 5885882 有 2 条吐槽，开始获取
2025-04-08 16:03:17,959 - scrapers.jandan_scraper - INFO - 获取评论 5885882 的吐槽内容: https://jandan.net/api/tucao/list/5885882
2025-04-08 16:03:20,128 - scrapers.jandan_scraper - INFO - 评论 5885882 获取到 0 条热门吐槽, 2 条普通吐槽
2025-04-08 16:03:20,129 - scrapers.jandan_scraper - INFO - 评论 5885882 成功获取 2 条吐槽
2025-04-08 16:03:20,129 - scrapers.jandan_scraper - INFO - 评论 5885882 解析完成: 作者=84口服液, 类别=@树洞, 点赞=17, 踩=2, 吐槽数=2
2025-04-08 16:03:20,129 - scrapers.jandan_scraper - INFO - 开始处理第 33/50 条评论, ID=5886030
2025-04-08 16:03:20,130 - scrapers.jandan_scraper - INFO - 评论 5886030 有 4 条吐槽，开始获取
2025-04-08 16:03:20,131 - scrapers.jandan_scraper - INFO - 获取评论 5886030 的吐槽内容: https://jandan.net/api/tucao/list/5886030
2025-04-08 16:03:25,851 - scrapers.jandan_scraper - INFO - 评论 5886030 获取到 2 条热门吐槽, 4 条普通吐槽
2025-04-08 16:03:25,851 - scrapers.jandan_scraper - INFO - 评论 5886030 成功获取 4 条吐槽
2025-04-08 16:03:25,851 - scrapers.jandan_scraper - INFO - 评论 5886030 解析完成: 作者=AlexJander, 类别=@树洞, 点赞=16, 踩=1, 吐槽数=4
2025-04-08 16:03:25,851 - scrapers.jandan_scraper - INFO - 开始处理第 34/50 条评论, ID=5885786
2025-04-08 16:03:25,853 - scrapers.jandan_scraper - INFO - 评论 5885786 有 9 条吐槽，开始获取
2025-04-08 16:03:25,853 - scrapers.jandan_scraper - INFO - 获取评论 5885786 的吐槽内容: https://jandan.net/api/tucao/list/5885786
2025-04-08 16:03:28,753 - scrapers.jandan_scraper - INFO - 评论 5885786 获取到 0 条热门吐槽, 9 条普通吐槽
2025-04-08 16:03:28,753 - scrapers.jandan_scraper - INFO - 评论 5885786 成功获取 9 条吐槽
2025-04-08 16:03:28,754 - scrapers.jandan_scraper - INFO - 评论 5885786 解析完成: 作者=一二三木头人, 类别=@树洞, 点赞=15, 踩=1, 吐槽数=9
2025-04-08 16:03:28,754 - scrapers.jandan_scraper - INFO - 开始处理第 35/50 条评论, ID=5885829
2025-04-08 16:03:28,755 - scrapers.jandan_scraper - INFO - 评论 5885829 有 2 条吐槽，开始获取
2025-04-08 16:03:28,755 - scrapers.jandan_scraper - INFO - 获取评论 5885829 的吐槽内容: https://jandan.net/api/tucao/list/5885829
2025-04-08 16:03:31,832 - scrapers.jandan_scraper - INFO - 评论 5885829 获取到 0 条热门吐槽, 2 条普通吐槽
2025-04-08 16:03:31,832 - scrapers.jandan_scraper - INFO - 评论 5885829 成功获取 2 条吐槽
2025-04-08 16:03:31,832 - scrapers.jandan_scraper - INFO - 评论 5885829 解析完成: 作者=aaa, 类别=@树洞, 点赞=15, 踩=1, 吐槽数=2
2025-04-08 16:03:31,832 - scrapers.jandan_scraper - INFO - 开始处理第 36/50 条评论, ID=5885840
2025-04-08 16:03:31,834 - scrapers.jandan_scraper - INFO - 评论 5885840 有 6 条吐槽，开始获取
2025-04-08 16:03:31,834 - scrapers.jandan_scraper - INFO - 获取评论 5885840 的吐槽内容: https://jandan.net/api/tucao/list/5885840
2025-04-08 16:03:35,143 - scrapers.jandan_scraper - INFO - 评论 5885840 获取到 1 条热门吐槽, 6 条普通吐槽
2025-04-08 16:03:35,143 - scrapers.jandan_scraper - INFO - 评论 5885840 成功获取 6 条吐槽
2025-04-08 16:03:35,143 - scrapers.jandan_scraper - INFO - 评论 5885840 解析完成: 作者=有去无回, 类别=@树洞, 点赞=15, 踩=5, 吐槽数=6
2025-04-08 16:03:35,143 - scrapers.jandan_scraper - INFO - 开始处理第 37/50 条评论, ID=5886123
2025-04-08 16:03:35,144 - scrapers.jandan_scraper - INFO - 评论 5886123 有 2 条吐槽，开始获取
2025-04-08 16:03:35,144 - scrapers.jandan_scraper - INFO - 获取评论 5886123 的吐槽内容: https://jandan.net/api/tucao/list/5886123
2025-04-08 16:03:36,599 - scrapers.jandan_scraper - INFO - 评论 5886123 获取到 1 条热门吐槽, 3 条普通吐槽
2025-04-08 16:03:36,599 - scrapers.jandan_scraper - INFO - 评论 5886123 成功获取 3 条吐槽
2025-04-08 16:03:36,599 - scrapers.jandan_scraper - INFO - 评论 5886123 解析完成: 作者=镜子, 类别=@树洞, 点赞=15, 踩=2, 吐槽数=2
2025-04-08 16:03:36,600 - scrapers.jandan_scraper - INFO - 开始处理第 38/50 条评论, ID=5885791
2025-04-08 16:03:36,601 - scrapers.jandan_scraper - INFO - 评论 5885791 有 4 条吐槽，开始获取
2025-04-08 16:03:36,601 - scrapers.jandan_scraper - INFO - 获取评论 5885791 的吐槽内容: https://jandan.net/api/tucao/list/5885791
2025-04-08 16:03:39,077 - scrapers.jandan_scraper - INFO - 评论 5885791 获取到 0 条热门吐槽, 4 条普通吐槽
2025-04-08 16:03:39,077 - scrapers.jandan_scraper - INFO - 评论 5885791 成功获取 4 条吐槽
2025-04-08 16:03:39,078 - scrapers.jandan_scraper - INFO - 评论 5885791 解析完成: 作者=我是绿老头, 类别=@树洞, 点赞=14, 踩=3, 吐槽数=4
2025-04-08 16:03:39,078 - scrapers.jandan_scraper - INFO - 开始处理第 39/50 条评论, ID=5886055
2025-04-08 16:03:39,080 - scrapers.jandan_scraper - INFO - 评论 5886055 有 4 条吐槽，开始获取
2025-04-08 16:03:39,080 - scrapers.jandan_scraper - INFO - 获取评论 5886055 的吐槽内容: https://jandan.net/api/tucao/list/5886055
2025-04-08 16:03:40,383 - scrapers.jandan_scraper - INFO - 评论 5886055 获取到 0 条热门吐槽, 4 条普通吐槽
2025-04-08 16:03:40,383 - scrapers.jandan_scraper - INFO - 评论 5886055 成功获取 4 条吐槽
2025-04-08 16:03:40,383 - scrapers.jandan_scraper - INFO - 评论 5886055 解析完成: 作者=攸修瞒, 类别=@树洞, 点赞=14, 踩=8, 吐槽数=4
2025-04-08 16:03:40,384 - scrapers.jandan_scraper - INFO - 开始处理第 40/50 条评论, ID=5886061
2025-04-08 16:03:40,385 - scrapers.jandan_scraper - INFO - 评论 5886061 有 3 条吐槽，开始获取
2025-04-08 16:03:40,385 - scrapers.jandan_scraper - INFO - 获取评论 5886061 的吐槽内容: https://jandan.net/api/tucao/list/5886061
2025-04-08 16:03:53,288 - urllib3.connectionpool - WARNING - Retrying (Retry(total=2, connect=None, read=None, redirect=None, status=None)) after connection broken by 'ReadTimeoutError("HTTPSConnectionPool(host='jandan.net', port=443): Read timed out. (read timeout=10)")': /api/tucao/list/5886061
2025-04-08 16:03:54,468 - scrapers.jandan_scraper - INFO - 评论 5886061 获取到 1 条热门吐槽, 3 条普通吐槽
2025-04-08 16:03:54,468 - scrapers.jandan_scraper - INFO - 评论 5886061 成功获取 3 条吐槽
2025-04-08 16:03:54,468 - scrapers.jandan_scraper - INFO - 评论 5886061 解析完成: 作者=jjyy, 类别=@树洞, 点赞=14, 踩=0, 吐槽数=3
2025-04-08 16:03:54,468 - scrapers.jandan_scraper - INFO - 开始处理第 41/50 条评论, ID=5885986
2025-04-08 16:03:54,470 - scrapers.jandan_scraper - INFO - 评论 5885986 有 2 条吐槽，开始获取
2025-04-08 16:03:54,470 - scrapers.jandan_scraper - INFO - 获取评论 5885986 的吐槽内容: https://jandan.net/api/tucao/list/5885986
2025-04-08 16:03:56,493 - scrapers.jandan_scraper - INFO - 评论 5885986 获取到 0 条热门吐槽, 2 条普通吐槽
2025-04-08 16:03:56,493 - scrapers.jandan_scraper - INFO - 评论 5885986 成功获取 2 条吐槽
2025-04-08 16:03:56,493 - scrapers.jandan_scraper - INFO - 评论 5885986 解析完成: 作者=一个人租房的老Five, 类别=@树洞, 点赞=13, 踩=4, 吐槽数=2
2025-04-08 16:03:56,493 - scrapers.jandan_scraper - INFO - 开始处理第 42/50 条评论, ID=5885756
2025-04-08 16:03:56,495 - scrapers.jandan_scraper - INFO - 评论 5885756 有 4 条吐槽，开始获取
2025-04-08 16:03:56,495 - scrapers.jandan_scraper - INFO - 获取评论 5885756 的吐槽内容: https://jandan.net/api/tucao/list/5885756
2025-04-08 16:03:58,091 - scrapers.jandan_scraper - INFO - 评论 5885756 获取到 0 条热门吐槽, 4 条普通吐槽
2025-04-08 16:03:58,091 - scrapers.jandan_scraper - INFO - 评论 5885756 成功获取 4 条吐槽
2025-04-08 16:03:58,092 - scrapers.jandan_scraper - INFO - 评论 5885756 解析完成: 作者=我是绿老头, 类别=@树洞, 点赞=13, 踩=7, 吐槽数=4
2025-04-08 16:03:58,092 - scrapers.jandan_scraper - INFO - 开始处理第 43/50 条评论, ID=5885990
2025-04-08 16:03:58,093 - scrapers.jandan_scraper - INFO - 评论 5885990 解析完成: 作者=纳尼？, 类别=@树洞, 点赞=12, 踩=4, 吐槽数=0
2025-04-08 16:03:58,093 - scrapers.jandan_scraper - INFO - 开始处理第 44/50 条评论, ID=5885778
2025-04-08 16:03:58,095 - scrapers.jandan_scraper - INFO - 评论 5885778 有 6 条吐槽，开始获取
2025-04-08 16:03:58,095 - scrapers.jandan_scraper - INFO - 获取评论 5885778 的吐槽内容: https://jandan.net/api/tucao/list/5885778
2025-04-08 16:04:00,436 - scrapers.jandan_scraper - INFO - 评论 5885778 获取到 4 条热门吐槽, 6 条普通吐槽
2025-04-08 16:04:00,436 - scrapers.jandan_scraper - INFO - 评论 5885778 成功获取 6 条吐槽
2025-04-08 16:04:00,436 - scrapers.jandan_scraper - INFO - 评论 5885778 解析完成: 作者=心中的刺, 类别=@树洞, 点赞=12, 踩=10, 吐槽数=6
2025-04-08 16:04:00,436 - scrapers.jandan_scraper - INFO - 开始处理第 45/50 条评论, ID=5885785
2025-04-08 16:04:00,438 - scrapers.jandan_scraper - INFO - 评论 5885785 有 1 条吐槽，开始获取
2025-04-08 16:04:00,438 - scrapers.jandan_scraper - INFO - 获取评论 5885785 的吐槽内容: https://jandan.net/api/tucao/list/5885785
2025-04-08 16:04:02,109 - scrapers.jandan_scraper - INFO - 评论 5885785 获取到 0 条热门吐槽, 1 条普通吐槽
2025-04-08 16:04:02,109 - scrapers.jandan_scraper - INFO - 评论 5885785 成功获取 1 条吐槽
2025-04-08 16:04:02,110 - scrapers.jandan_scraper - INFO - 评论 5885785 解析完成: 作者=杀手老妪, 类别=@树洞, 点赞=12, 踩=2, 吐槽数=1
2025-04-08 16:04:02,110 - scrapers.jandan_scraper - INFO - 开始处理第 46/50 条评论, ID=5886047
2025-04-08 16:04:02,111 - scrapers.jandan_scraper - INFO - 评论 5886047 有 2 条吐槽，开始获取
2025-04-08 16:04:02,111 - scrapers.jandan_scraper - INFO - 获取评论 5886047 的吐槽内容: https://jandan.net/api/tucao/list/5886047
2025-04-08 16:04:03,609 - scrapers.jandan_scraper - INFO - 评论 5886047 获取到 0 条热门吐槽, 2 条普通吐槽
2025-04-08 16:04:03,609 - scrapers.jandan_scraper - INFO - 评论 5886047 成功获取 2 条吐槽
2025-04-08 16:04:03,609 - scrapers.jandan_scraper - INFO - 评论 5886047 解析完成: 作者=人群洗发才尽其用去, 类别=@树洞, 点赞=12, 踩=1, 吐槽数=2
2025-04-08 16:04:03,609 - scrapers.jandan_scraper - INFO - 开始处理第 47/50 条评论, ID=5886053
2025-04-08 16:04:03,611 - scrapers.jandan_scraper - INFO - 评论 5886053 有 1 条吐槽，开始获取
2025-04-08 16:04:03,611 - scrapers.jandan_scraper - INFO - 获取评论 5886053 的吐槽内容: https://jandan.net/api/tucao/list/5886053
2025-04-08 16:04:06,540 - scrapers.jandan_scraper - INFO - 评论 5886053 获取到 0 条热门吐槽, 1 条普通吐槽
2025-04-08 16:04:06,540 - scrapers.jandan_scraper - INFO - 评论 5886053 成功获取 1 条吐槽
2025-04-08 16:04:06,541 - scrapers.jandan_scraper - INFO - 评论 5886053 解析完成: 作者=攸修瞒, 类别=@树洞, 点赞=12, 踩=6, 吐槽数=1
2025-04-08 16:04:06,541 - scrapers.jandan_scraper - INFO - 开始处理第 48/50 条评论, ID=5885622
2025-04-08 16:04:06,542 - scrapers.jandan_scraper - INFO - 评论 5885622 有 3 条吐槽，开始获取
2025-04-08 16:04:06,542 - scrapers.jandan_scraper - INFO - 获取评论 5885622 的吐槽内容: https://jandan.net/api/tucao/list/5885622
2025-04-08 16:04:08,135 - scrapers.jandan_scraper - INFO - 评论 5885622 获取到 1 条热门吐槽, 3 条普通吐槽
2025-04-08 16:04:08,135 - scrapers.jandan_scraper - INFO - 评论 5885622 成功获取 3 条吐槽
2025-04-08 16:04:08,136 - scrapers.jandan_scraper - INFO - 评论 5885622 解析完成: 作者=满街乱逛者, 类别=@树洞, 点赞=12, 踩=2, 吐槽数=3
2025-04-08 16:04:08,136 - scrapers.jandan_scraper - INFO - 开始处理第 49/50 条评论, ID=5885742
2025-04-08 16:04:08,137 - scrapers.jandan_scraper - INFO - 评论 5885742 有 6 条吐槽，开始获取
2025-04-08 16:04:08,137 - scrapers.jandan_scraper - INFO - 获取评论 5885742 的吐槽内容: https://jandan.net/api/tucao/list/5885742
2025-04-08 16:04:09,909 - scrapers.jandan_scraper - INFO - 评论 5885742 获取到 1 条热门吐槽, 6 条普通吐槽
2025-04-08 16:04:09,909 - scrapers.jandan_scraper - INFO - 评论 5885742 成功获取 6 条吐槽
2025-04-08 16:04:09,909 - scrapers.jandan_scraper - INFO - 评论 5885742 解析完成: 作者=吾与秋风皆过客, 类别=@树洞, 点赞=11, 踩=26, 吐槽数=6
2025-04-08 16:04:09,909 - scrapers.jandan_scraper - INFO - 开始处理第 50/50 条评论, ID=5886052
2025-04-08 16:04:09,911 - scrapers.jandan_scraper - INFO - 评论 5886052 解析完成: 作者=啊啊啊啊, 类别=@树洞, 点赞=11, 踩=0, 吐槽数=0
2025-04-08 16:04:09,911 - scrapers.jandan_scraper - INFO - 解析完成，获取到 50 条评论
2025-04-08 16:04:09,911 - scrapers.jandan_scraper - INFO - 开始转换评论为统一格式
2025-04-08 16:04:09,911 - scrapers.jandan_scraper - INFO - 开始转换 50 条评论到统一格式
2025-04-08 16:04:09,911 - scrapers.jandan_scraper - INFO - 转换第 1/50 条评论: ID=5885645
2025-04-08 16:04:09,912 - scrapers.jandan_scraper - INFO - 评论 5885645 成功转换，包含 8 条吐槽回复
2025-04-08 16:04:09,912 - scrapers.jandan_scraper - INFO - 转换第 2/50 条评论: ID=5885912
2025-04-08 16:04:09,913 - scrapers.jandan_scraper - INFO - 评论 5885912 成功转换，包含 4 条吐槽回复
2025-04-08 16:04:09,913 - scrapers.jandan_scraper - INFO - 转换第 3/50 条评论: ID=5885830
2025-04-08 16:04:09,914 - scrapers.jandan_scraper - INFO - 评论 5885830 成功转换，包含 4 条吐槽回复
2025-04-08 16:04:09,914 - scrapers.jandan_scraper - INFO - 转换第 4/50 条评论: ID=5886137
2025-04-08 16:04:09,914 - scrapers.jandan_scraper - INFO - 评论 5886137 成功转换，包含 2 条吐槽回复
2025-04-08 16:04:09,914 - scrapers.jandan_scraper - INFO - 转换第 5/50 条评论: ID=5885683
2025-04-08 16:04:09,915 - scrapers.jandan_scraper - INFO - 评论 5885683 成功转换，包含 4 条吐槽回复
2025-04-08 16:04:09,915 - scrapers.jandan_scraper - INFO - 转换第 6/50 条评论: ID=5886076
2025-04-08 16:04:09,916 - scrapers.jandan_scraper - INFO - 评论 5886076 成功转换，包含 7 条吐槽回复
2025-04-08 16:04:09,916 - scrapers.jandan_scraper - INFO - 转换第 7/50 条评论: ID=5885618
2025-04-08 16:04:09,917 - scrapers.jandan_scraper - INFO - 评论 5885618 成功转换，包含 2 条吐槽回复
2025-04-08 16:04:09,917 - scrapers.jandan_scraper - INFO - 转换第 8/50 条评论: ID=5885892
2025-04-08 16:04:09,917 - scrapers.jandan_scraper - INFO - 评论 5885892 成功转换，包含 0 条吐槽回复
2025-04-08 16:04:09,917 - scrapers.jandan_scraper - INFO - 转换第 9/50 条评论: ID=5885832
2025-04-08 16:04:09,917 - scrapers.jandan_scraper - INFO - 评论 5885832 成功转换，包含 1 条吐槽回复
2025-04-08 16:04:09,917 - scrapers.jandan_scraper - INFO - 转换第 10/50 条评论: ID=5885626
2025-04-08 16:04:09,918 - scrapers.jandan_scraper - INFO - 评论 5885626 成功转换，包含 6 条吐槽回复
2025-04-08 16:04:09,918 - scrapers.jandan_scraper - INFO - 转换第 11/50 条评论: ID=5885623
2025-04-08 16:04:09,919 - scrapers.jandan_scraper - INFO - 评论 5885623 成功转换，包含 5 条吐槽回复
2025-04-08 16:04:09,919 - scrapers.jandan_scraper - INFO - 转换第 12/50 条评论: ID=5886056
2025-04-08 16:04:09,920 - scrapers.jandan_scraper - INFO - 评论 5886056 成功转换，包含 7 条吐槽回复
2025-04-08 16:04:09,920 - scrapers.jandan_scraper - INFO - 转换第 13/50 条评论: ID=5885833
2025-04-08 16:04:09,920 - scrapers.jandan_scraper - INFO - 评论 5885833 成功转换，包含 0 条吐槽回复
2025-04-08 16:04:09,921 - scrapers.jandan_scraper - INFO - 转换第 14/50 条评论: ID=5885731
2025-04-08 16:04:09,921 - scrapers.jandan_scraper - INFO - 评论 5885731 成功转换，包含 2 条吐槽回复
2025-04-08 16:04:09,921 - scrapers.jandan_scraper - INFO - 转换第 15/50 条评论: ID=5885890
2025-04-08 16:04:09,921 - scrapers.jandan_scraper - INFO - 评论 5885890 成功转换，包含 0 条吐槽回复
2025-04-08 16:04:09,921 - scrapers.jandan_scraper - INFO - 转换第 16/50 条评论: ID=5885685
2025-04-08 16:04:09,922 - scrapers.jandan_scraper - INFO - 评论 5885685 成功转换，包含 3 条吐槽回复
2025-04-08 16:04:09,922 - scrapers.jandan_scraper - INFO - 转换第 17/50 条评论: ID=5886057
2025-04-08 16:04:09,922 - scrapers.jandan_scraper - INFO - 评论 5886057 成功转换，包含 0 条吐槽回复
2025-04-08 16:04:09,922 - scrapers.jandan_scraper - INFO - 转换第 18/50 条评论: ID=5885974
2025-04-08 16:04:09,923 - scrapers.jandan_scraper - INFO - 评论 5885974 成功转换，包含 4 条吐槽回复
2025-04-08 16:04:09,923 - scrapers.jandan_scraper - INFO - 转换第 19/50 条评论: ID=5886020
2025-04-08 16:04:09,924 - scrapers.jandan_scraper - INFO - 评论 5886020 成功转换，包含 4 条吐槽回复
2025-04-08 16:04:09,924 - scrapers.jandan_scraper - INFO - 转换第 20/50 条评论: ID=5886084
2025-04-08 16:04:09,924 - scrapers.jandan_scraper - INFO - 评论 5886084 成功转换，包含 2 条吐槽回复
2025-04-08 16:04:09,924 - scrapers.jandan_scraper - INFO - 转换第 21/50 条评论: ID=5885743
2025-04-08 16:04:09,925 - scrapers.jandan_scraper - INFO - 评论 5885743 成功转换，包含 5 条吐槽回复
2025-04-08 16:04:09,925 - scrapers.jandan_scraper - INFO - 转换第 22/50 条评论: ID=5886097
2025-04-08 16:04:09,925 - scrapers.jandan_scraper - INFO - 评论 5886097 成功转换，包含 2 条吐槽回复
2025-04-08 16:04:09,926 - scrapers.jandan_scraper - INFO - 转换第 23/50 条评论: ID=5885901
2025-04-08 16:04:09,926 - scrapers.jandan_scraper - INFO - 评论 5885901 成功转换，包含 4 条吐槽回复
2025-04-08 16:04:09,926 - scrapers.jandan_scraper - INFO - 转换第 24/50 条评论: ID=5885802
2025-04-08 16:04:09,927 - scrapers.jandan_scraper - INFO - 评论 5885802 成功转换，包含 5 条吐槽回复
2025-04-08 16:04:09,927 - scrapers.jandan_scraper - INFO - 转换第 25/50 条评论: ID=5885613
2025-04-08 16:04:09,927 - scrapers.jandan_scraper - INFO - 评论 5885613 成功转换，包含 2 条吐槽回复
2025-04-08 16:04:09,927 - scrapers.jandan_scraper - INFO - 转换第 26/50 条评论: ID=5885724
2025-04-08 16:04:09,928 - scrapers.jandan_scraper - INFO - 评论 5885724 成功转换，包含 4 条吐槽回复
2025-04-08 16:04:09,928 - scrapers.jandan_scraper - INFO - 转换第 27/50 条评论: ID=5885928
2025-04-08 16:04:09,929 - scrapers.jandan_scraper - INFO - 评论 5885928 成功转换，包含 3 条吐槽回复
2025-04-08 16:04:09,929 - scrapers.jandan_scraper - INFO - 转换第 28/50 条评论: ID=5885776
2025-04-08 16:04:09,931 - scrapers.jandan_scraper - INFO - 评论 5885776 成功转换，包含 11 条吐槽回复
2025-04-08 16:04:09,931 - scrapers.jandan_scraper - INFO - 转换第 29/50 条评论: ID=5886062
2025-04-08 16:04:09,932 - scrapers.jandan_scraper - INFO - 评论 5886062 成功转换，包含 3 条吐槽回复
2025-04-08 16:04:09,932 - scrapers.jandan_scraper - INFO - 转换第 30/50 条评论: ID=5885932
2025-04-08 16:04:09,933 - scrapers.jandan_scraper - INFO - 评论 5885932 成功转换，包含 2 条吐槽回复
2025-04-08 16:04:09,933 - scrapers.jandan_scraper - INFO - 转换第 31/50 条评论: ID=5886118
2025-04-08 16:04:09,933 - scrapers.jandan_scraper - INFO - 评论 5886118 成功转换，包含 0 条吐槽回复
2025-04-08 16:04:09,933 - scrapers.jandan_scraper - INFO - 转换第 32/50 条评论: ID=5885882
2025-04-08 16:04:09,933 - scrapers.jandan_scraper - INFO - 评论 5885882 成功转换，包含 2 条吐槽回复
2025-04-08 16:04:09,933 - scrapers.jandan_scraper - INFO - 转换第 33/50 条评论: ID=5886030
2025-04-08 16:04:09,934 - scrapers.jandan_scraper - INFO - 评论 5886030 成功转换，包含 4 条吐槽回复
2025-04-08 16:04:09,934 - scrapers.jandan_scraper - INFO - 转换第 34/50 条评论: ID=5885786
2025-04-08 16:04:09,937 - scrapers.jandan_scraper - INFO - 评论 5885786 成功转换，包含 9 条吐槽回复
2025-04-08 16:04:09,937 - scrapers.jandan_scraper - INFO - 转换第 35/50 条评论: ID=5885829
2025-04-08 16:04:09,937 - scrapers.jandan_scraper - INFO - 评论 5885829 成功转换，包含 2 条吐槽回复
2025-04-08 16:04:09,938 - scrapers.jandan_scraper - INFO - 转换第 36/50 条评论: ID=5885840
2025-04-08 16:04:09,939 - scrapers.jandan_scraper - INFO - 评论 5885840 成功转换，包含 6 条吐槽回复
2025-04-08 16:04:09,939 - scrapers.jandan_scraper - INFO - 转换第 37/50 条评论: ID=5886123
2025-04-08 16:04:09,939 - scrapers.jandan_scraper - INFO - 评论 5886123 成功转换，包含 3 条吐槽回复
2025-04-08 16:04:09,939 - scrapers.jandan_scraper - INFO - 转换第 38/50 条评论: ID=5885791
2025-04-08 16:04:09,940 - scrapers.jandan_scraper - INFO - 评论 5885791 成功转换，包含 4 条吐槽回复
2025-04-08 16:04:09,940 - scrapers.jandan_scraper - INFO - 转换第 39/50 条评论: ID=5886055
2025-04-08 16:04:09,941 - scrapers.jandan_scraper - INFO - 评论 5886055 成功转换，包含 4 条吐槽回复
2025-04-08 16:04:09,941 - scrapers.jandan_scraper - INFO - 转换第 40/50 条评论: ID=5886061
2025-04-08 16:04:09,941 - scrapers.jandan_scraper - INFO - 评论 5886061 成功转换，包含 3 条吐槽回复
2025-04-08 16:04:09,941 - scrapers.jandan_scraper - INFO - 转换第 41/50 条评论: ID=5885986
2025-04-08 16:04:09,942 - scrapers.jandan_scraper - INFO - 评论 5885986 成功转换，包含 2 条吐槽回复
2025-04-08 16:04:09,942 - scrapers.jandan_scraper - INFO - 转换第 42/50 条评论: ID=5885756
2025-04-08 16:04:09,942 - scrapers.jandan_scraper - INFO - 评论 5885756 成功转换，包含 4 条吐槽回复
2025-04-08 16:04:09,942 - scrapers.jandan_scraper - INFO - 转换第 43/50 条评论: ID=5885990
2025-04-08 16:04:09,942 - scrapers.jandan_scraper - INFO - 评论 5885990 成功转换，包含 0 条吐槽回复
2025-04-08 16:04:09,943 - scrapers.jandan_scraper - INFO - 转换第 44/50 条评论: ID=5885778
2025-04-08 16:04:09,943 - scrapers.jandan_scraper - INFO - 评论 5885778 成功转换，包含 6 条吐槽回复
2025-04-08 16:04:09,943 - scrapers.jandan_scraper - INFO - 转换第 45/50 条评论: ID=5885785
2025-04-08 16:04:09,944 - scrapers.jandan_scraper - INFO - 评论 5885785 成功转换，包含 1 条吐槽回复
2025-04-08 16:04:09,944 - scrapers.jandan_scraper - INFO - 转换第 46/50 条评论: ID=5886047
2025-04-08 16:04:09,944 - scrapers.jandan_scraper - INFO - 评论 5886047 成功转换，包含 2 条吐槽回复
2025-04-08 16:04:09,944 - scrapers.jandan_scraper - INFO - 转换第 47/50 条评论: ID=5886053
2025-04-08 16:04:09,944 - scrapers.jandan_scraper - INFO - 评论 5886053 成功转换，包含 1 条吐槽回复
2025-04-08 16:04:09,944 - scrapers.jandan_scraper - INFO - 转换第 48/50 条评论: ID=5885622
2025-04-08 16:04:09,945 - scrapers.jandan_scraper - INFO - 评论 5885622 成功转换，包含 3 条吐槽回复
2025-04-08 16:04:09,945 - scrapers.jandan_scraper - INFO - 转换第 49/50 条评论: ID=5885742
2025-04-08 16:04:09,946 - scrapers.jandan_scraper - INFO - 评论 5885742 成功转换，包含 6 条吐槽回复
2025-04-08 16:04:09,946 - scrapers.jandan_scraper - INFO - 转换第 50/50 条评论: ID=5886052
2025-04-08 16:04:09,946 - scrapers.jandan_scraper - INFO - 评论 5886052 成功转换，包含 0 条吐槽回复
2025-04-08 16:04:09,946 - scrapers.jandan_scraper - INFO - 共转换 50 条评论为统一格式
2025-04-08 16:04:09,946 - scrapers.jandan_scraper - INFO - 爬取完成，共获取 50 条热评
2025-04-08 16:04:10,035 - utils.storage_utils - INFO - 已更新源索引: jandan
2025-04-08 16:04:10,036 - utils.storage_utils - INFO - 数据已保存到 data/jandan/week_2025-04-07.json
2025-04-08 16:04:10,036 - scrapers.base_scraper - INFO - 数据已保存到 data/jandan/week_2025-04-07.json
2025-04-08 16:04:10,036 - scrapers.base_scraper - INFO - 成功爬取 煎蛋网 的数据
2025-04-08 16:04:10,037 - scrapers.reddit_scraper - INFO - RedditScraper初始化完成
2025-04-08 16:04:10,037 - scrapers.base_scraper - INFO - 开始爬取 Reddit
2025-04-08 16:04:10,037 - scrapers.reddit_scraper - INFO - 开始爬取Reddit r/confessions每周热门帖子
2025-04-08 16:04:11,341 - utils.http_utils - ERROR - 请求失败: https://www.reddit.com/r/confessions/top/.json?t=week&limit=10, 错误: 403 Client Error: Blocked for url: https://www.reddit.com/r/confessions/top/.json?t=week&limit=10
2025-04-08 16:04:11,341 - scrapers.reddit_scraper - ERROR - 获取API数据失败: 403 Client Error: Blocked for url: https://www.reddit.com/r/confessions/top/.json?t=week&limit=10
2025-04-08 16:04:11,342 - scrapers.base_scraper - ERROR - 爬取 Reddit 失败
2025-04-08 16:04:11,342 - scrapers.hackernews_scraper - INFO - HackerNewsScraper初始化完成
2025-04-08 16:04:11,342 - scrapers.base_scraper - INFO - 开始爬取 Hacker News
2025-04-08 16:04:11,342 - scrapers.hackernews_scraper - INFO - 开始爬取Hacker News Ask HN帖子
2025-04-08 16:04:11,342 - scrapers.hackernews_scraper - INFO - 获取Ask HN页面: https://news.ycombinator.com/ask
2025-04-08 16:04:14,349 - scrapers.hackernews_scraper - INFO - 找到 30 个帖子行
2025-04-08 16:04:14,350 - scrapers.hackernews_scraper - INFO - 成功解析故事: Ask HN: I'm an MIT senior and ..., 作者=MITthrow123, 点赞=131, 评论=0
2025-04-08 16:04:14,350 - scrapers.hackernews_scraper - INFO - 成功解析故事: Ask HN: Who is hiring? (April ..., 作者=whoishiring, 点赞=275, 评论=0
2025-04-08 16:04:14,351 - scrapers.hackernews_scraper - INFO - 成功解析故事: Ask HN: Who wants to be hired?..., 作者=whoishiring, 点赞=78, 评论=0
2025-04-08 16:04:14,351 - scrapers.hackernews_scraper - INFO - 成功解析故事: Ask HN: Pigeonholed into role ..., 作者=thawawaycold, 点赞=6, 评论=0
2025-04-08 16:04:14,352 - scrapers.hackernews_scraper - INFO - 成功解析故事: Ask HN: How to Use "Deep Resea..., 作者=muddi900, 点赞=21, 评论=0
2025-04-08 16:04:14,353 - scrapers.hackernews_scraper - INFO - 成功解析故事: Ask HN: Is anyone here an Insu..., 作者=caspercrf, 点赞=5, 评论=0
2025-04-08 16:04:14,353 - scrapers.hackernews_scraper - INFO - 成功解析故事: Ask HN: How and when do I use ..., 作者=Haeuserschlucht, 点赞=2, 评论=0
2025-04-08 16:04:14,354 - scrapers.hackernews_scraper - INFO - 成功解析故事: Ask HN: How do you make a livi..., 作者=Brysonbw, 点赞=84, 评论=0
2025-04-08 16:04:14,354 - scrapers.hackernews_scraper - INFO - 成功解析故事: Ask HN: Looking to Break into ..., 作者=OulaX, 点赞=14, 评论=0
2025-04-08 16:04:14,355 - scrapers.hackernews_scraper - INFO - 成功解析故事: Ask HN: Is There a Crypto Equi..., 作者=zigmig, 点赞=6, 评论=0
2025-04-08 16:04:14,355 - scrapers.hackernews_scraper - INFO - 成功解析故事: Ask HN: What happened after LK..., 作者=colesantiago, 点赞=5, 评论=0
2025-04-08 16:04:14,356 - scrapers.hackernews_scraper - INFO - 成功解析故事: Ask HN: How do you consume HN?..., 作者=franczesko, 点赞=15, 评论=0
2025-04-08 16:04:14,356 - scrapers.hackernews_scraper - INFO - 成功解析故事: Ask HN: Could tariffs be used ..., 作者=pkdpic, 点赞=16, 评论=0
2025-04-08 16:04:14,357 - scrapers.hackernews_scraper - INFO - 成功解析故事: Ask HN: For the privacy minded..., 作者=OrbitalShotput_, 点赞=21, 评论=0
2025-04-08 16:04:14,357 - scrapers.hackernews_scraper - INFO - 成功解析故事: Ask HN: As an eng leader, how ..., 作者=hsiYwko, 点赞=5, 评论=0
2025-04-08 16:04:14,357 - scrapers.hackernews_scraper - INFO - 成功解析 15 个Ask HN故事
2025-04-08 16:04:14,357 - scrapers.hackernews_scraper - INFO - 开始转换 15 个故事到统一格式
2025-04-08 16:04:14,357 - scrapers.hackernews_scraper - INFO - 转换第 1/15 个故事: Ask HN: I'm an MIT senior and ...
2025-04-08 16:04:17,315 - scrapers.hackernews_scraper - INFO - 找到 156 条评论
2025-04-08 16:04:17,833 - scrapers.hackernews_scraper - INFO - 故事 Ask HN: I'm an MIT senior and ... 转换完成，包含 100 条评论
2025-04-08 16:04:17,833 - scrapers.hackernews_scraper - INFO - 转换第 2/15 个故事: Ask HN: Who is hiring? (April ...
2025-04-08 16:04:21,609 - scrapers.hackernews_scraper - INFO - 找到 439 条评论
2025-04-08 16:04:26,022 - scrapers.hackernews_scraper - INFO - 故事 Ask HN: Who is hiring? (April ... 转换完成，包含 100 条评论
2025-04-08 16:04:26,022 - scrapers.hackernews_scraper - INFO - 转换第 3/15 个故事: Ask HN: Who wants to be hired?...
2025-04-08 16:04:29,034 - scrapers.hackernews_scraper - INFO - 找到 286 条评论
2025-04-08 16:04:31,126 - scrapers.hackernews_scraper - INFO - 故事 Ask HN: Who wants to be hired?... 转换完成，包含 100 条评论
2025-04-08 16:04:31,126 - scrapers.hackernews_scraper - INFO - 转换第 4/15 个故事: Ask HN: Pigeonholed into role ...
2025-04-08 16:04:33,016 - scrapers.hackernews_scraper - INFO - 找到 11 条评论
2025-04-08 16:04:33,025 - scrapers.hackernews_scraper - INFO - 故事 Ask HN: Pigeonholed into role ... 转换完成，包含 11 条评论
2025-04-08 16:04:33,025 - scrapers.hackernews_scraper - INFO - 转换第 5/15 个故事: Ask HN: How to Use "Deep Resea...
2025-04-08 16:04:35,876 - scrapers.hackernews_scraper - INFO - 找到 14 条评论
2025-04-08 16:04:35,886 - scrapers.hackernews_scraper - INFO - 故事 Ask HN: How to Use "Deep Resea... 转换完成，包含 14 条评论
2025-04-08 16:04:35,886 - scrapers.hackernews_scraper - INFO - 转换第 6/15 个故事: Ask HN: Is anyone here an Insu...
2025-04-08 16:04:38,441 - scrapers.hackernews_scraper - INFO - 找到 2 条评论
2025-04-08 16:04:38,443 - scrapers.hackernews_scraper - INFO - 故事 Ask HN: Is anyone here an Insu... 转换完成，包含 2 条评论
2025-04-08 16:04:38,443 - scrapers.hackernews_scraper - INFO - 转换第 7/15 个故事: Ask HN: How and when do I use ...
2025-04-08 16:04:40,413 - scrapers.hackernews_scraper - INFO - 找到 1 条评论
2025-04-08 16:04:40,414 - scrapers.hackernews_scraper - INFO - 故事 Ask HN: How and when do I use ... 转换完成，包含 1 条评论
2025-04-08 16:04:40,414 - scrapers.hackernews_scraper - INFO - 转换第 8/15 个故事: Ask HN: How do you make a livi...
2025-04-08 16:04:43,696 - scrapers.hackernews_scraper - INFO - 找到 68 条评论
2025-04-08 16:04:43,813 - scrapers.hackernews_scraper - INFO - 故事 Ask HN: How do you make a livi... 转换完成，包含 68 条评论
2025-04-08 16:04:43,813 - scrapers.hackernews_scraper - INFO - 转换第 9/15 个故事: Ask HN: Looking to Break into ...
2025-04-08 16:04:45,731 - scrapers.hackernews_scraper - INFO - 找到 8 条评论
2025-04-08 16:04:45,737 - scrapers.hackernews_scraper - INFO - 故事 Ask HN: Looking to Break into ... 转换完成，包含 8 条评论
2025-04-08 16:04:45,737 - scrapers.hackernews_scraper - INFO - 转换第 10/15 个故事: Ask HN: Is There a Crypto Equi...
2025-04-08 16:04:48,441 - scrapers.hackernews_scraper - INFO - 找到 3 条评论
2025-04-08 16:04:48,443 - scrapers.hackernews_scraper - INFO - 故事 Ask HN: Is There a Crypto Equi... 转换完成，包含 3 条评论
2025-04-08 16:04:48,443 - scrapers.hackernews_scraper - INFO - 转换第 11/15 个故事: Ask HN: What happened after LK...
2025-04-08 16:04:49,655 - scrapers.hackernews_scraper - INFO - 找到 2 条评论
2025-04-08 16:04:49,657 - scrapers.hackernews_scraper - INFO - 故事 Ask HN: What happened after LK... 转换完成，包含 2 条评论
2025-04-08 16:04:49,657 - scrapers.hackernews_scraper - INFO - 转换第 12/15 个故事: Ask HN: How do you consume HN?...
2025-04-08 16:04:51,447 - scrapers.hackernews_scraper - INFO - 找到 17 条评论
2025-04-08 16:04:51,462 - scrapers.hackernews_scraper - INFO - 故事 Ask HN: How do you consume HN?... 转换完成，包含 17 条评论
2025-04-08 16:04:51,462 - scrapers.hackernews_scraper - INFO - 转换第 13/15 个故事: Ask HN: Could tariffs be used ...
2025-04-08 16:04:53,123 - scrapers.hackernews_scraper - INFO - 找到 10 条评论
2025-04-08 16:04:53,130 - scrapers.hackernews_scraper - INFO - 故事 Ask HN: Could tariffs be used ... 转换完成，包含 10 条评论
2025-04-08 16:04:53,131 - scrapers.hackernews_scraper - INFO - 转换第 14/15 个故事: Ask HN: For the privacy minded...
2025-04-08 16:04:56,133 - scrapers.hackernews_scraper - INFO - 找到 20 条评论
2025-04-08 16:04:56,151 - scrapers.hackernews_scraper - INFO - 故事 Ask HN: For the privacy minded... 转换完成，包含 20 条评论
2025-04-08 16:04:56,151 - scrapers.hackernews_scraper - INFO - 转换第 15/15 个故事: Ask HN: As an eng leader, how ...
2025-04-08 16:04:58,661 - scrapers.hackernews_scraper - INFO - 找到 4 条评论
2025-04-08 16:04:58,664 - scrapers.hackernews_scraper - INFO - 故事 Ask HN: As an eng leader, how ... 转换完成，包含 4 条评论
2025-04-08 16:04:58,664 - scrapers.hackernews_scraper - INFO - 共转换 15 个故事为统一格式
2025-04-08 16:04:58,664 - scrapers.hackernews_scraper - INFO - 爬取完成，共获取 15 个Ask HN故事
2025-04-08 16:04:58,786 - utils.storage_utils - INFO - 已更新源索引: hackernews
2025-04-08 16:04:58,789 - utils.storage_utils - INFO - 数据已保存到 data/hackernews/week_2025-04-07.json
2025-04-08 16:04:58,789 - scrapers.base_scraper - INFO - 数据已保存到 data/hackernews/week_2025-04-07.json
2025-04-08 16:04:58,790 - scrapers.base_scraper - INFO - 成功爬取 Hacker News 的数据
2025-04-08 16:04:58,790 - __main__ - INFO - 完成: 2/3 个爬虫成功运行
2025-04-08 16:04:59,042 - __main__ - INFO - 归档所有源的旧数据
2025-04-08 16:04:59,042 - __main__ - INFO - 源 jandan 归档 无需归档
2025-04-08 16:04:59,042 - __main__ - INFO - 源 reddit 归档 无需归档
2025-04-08 16:04:59,042 - __main__ - INFO - 源 hackernews 归档 无需归档
