2025-07-23 16:02:00,508 - __main__ - INFO - 运行所有爬虫
2025-07-23 16:02:00,508 - scrapers.jandan_scraper - INFO - JandanScraper初始化完成
2025-07-23 16:02:00,508 - scrapers.base_scraper - INFO - 开始爬取 煎蛋网
2025-07-23 16:02:00,508 - scrapers.jandan_scraper - INFO - 开始爬取煎蛋热评
2025-07-23 16:02:04,589 - scrapers.jandan_scraper - INFO - 成功获取HTML内容，长度: 26133
2025-07-23 16:02:04,590 - scrapers.jandan_scraper - INFO - 调试: 手动获取评论 5877984 的吐槽数据
2025-07-23 16:02:04,590 - scrapers.jandan_scraper - INFO - 获取评论 5877984 的吐槽内容: https://jandan.net/api/tucao/list/5877984
2025-07-23 16:02:07,591 - scrapers.jandan_scraper - INFO - 评论 5877984 获取到 1 条热门吐槽, 3 条普通吐槽
2025-07-23 16:02:07,591 - scrapers.jandan_scraper - INFO - 调试: 评论 5877984 获取到 1 条热门吐槽, 3 条普通吐槽
2025-07-23 16:02:07,591 - scrapers.jandan_scraper - INFO - 开始解析页面中的评论
2025-07-23 16:02:07,591 - scrapers.jandan_scraper - INFO - 开始解析HTML内容, 长度: 26133
2025-07-23 16:02:07,600 - scrapers.jandan_scraper - INFO - 找到 0 条热门评论
2025-07-23 16:02:07,600 - scrapers.jandan_scraper - INFO - 解析完成，获取到 0 条评论
2025-07-23 16:02:07,600 - scrapers.jandan_scraper - INFO - 开始转换评论为统一格式
2025-07-23 16:02:07,600 - scrapers.jandan_scraper - INFO - 开始转换 0 条评论到统一格式
2025-07-23 16:02:07,600 - scrapers.jandan_scraper - INFO - 共转换 0 条评论为统一格式
2025-07-23 16:02:07,600 - scrapers.jandan_scraper - INFO - 爬取完成，共获取 0 条热评
2025-07-23 16:02:07,600 - scrapers.base_scraper - ERROR - 爬取 煎蛋网 失败
2025-07-23 16:02:07,600 - scrapers.reddit_scraper - INFO - RedditScraper初始化完成
2025-07-23 16:02:07,601 - scrapers.base_scraper - INFO - 开始爬取 Reddit
2025-07-23 16:02:07,601 - scrapers.reddit_scraper - INFO - 开始爬取Reddit r/confessions每周热门帖子
2025-07-23 16:02:10,010 - utils.http_utils - ERROR - 请求失败: https://www.reddit.com/r/confessions/top/.json?t=week&limit=10, 错误: 403 Client Error: Blocked for url: https://www.reddit.com/r/confessions/top/.json?t=week&limit=10
2025-07-23 16:02:10,011 - scrapers.reddit_scraper - ERROR - 获取API数据失败: 403 Client Error: Blocked for url: https://www.reddit.com/r/confessions/top/.json?t=week&limit=10
2025-07-23 16:02:10,011 - scrapers.base_scraper - ERROR - 爬取 Reddit 失败
2025-07-23 16:02:10,011 - scrapers.hackernews_scraper - INFO - HackerNewsScraper初始化完成
2025-07-23 16:02:10,011 - scrapers.base_scraper - INFO - 开始爬取 Hacker News
2025-07-23 16:02:10,011 - scrapers.hackernews_scraper - INFO - 开始爬取Hacker News Ask HN帖子
2025-07-23 16:02:10,011 - scrapers.hackernews_scraper - INFO - 获取Ask HN页面: https://news.ycombinator.com/ask
2025-07-23 16:02:13,010 - scrapers.hackernews_scraper - INFO - 找到 29 个帖子行
2025-07-23 16:02:13,011 - scrapers.hackernews_scraper - INFO - 成功解析故事: Ask HN: How many of you are wo..., 作者=zebproj, 点赞=9, 评论=0
2025-07-23 16:02:13,012 - scrapers.hackernews_scraper - INFO - 成功解析故事: Ask HN: Python developers at b..., 作者=ravshan, 点赞=28, 评论=0
2025-07-23 16:02:13,013 - scrapers.hackernews_scraper - INFO - 成功解析故事: Ask HN: Why do Cursor, Windsur..., 作者=bluelightning2k, 点赞=19, 评论=0
2025-07-23 16:02:13,013 - scrapers.hackernews_scraper - INFO - 成功解析故事: Ask HN: Is Tensorflow.js Dead?..., 作者=fouronnes3, 点赞=3, 评论=0
2025-07-23 16:02:13,014 - scrapers.hackernews_scraper - INFO - 成功解析故事: Ask HN: What Speaker Diarizati..., 作者=justforfunhere, 点赞=11, 评论=0
2025-07-23 16:02:13,015 - scrapers.hackernews_scraper - INFO - 成功解析故事: Ask HN: How have you optimized..., 作者=Xx_crazy420_xX, 点赞=6, 评论=0
2025-07-23 16:02:13,015 - scrapers.hackernews_scraper - INFO - 成功解析故事: Ask HN: Any active COBOL devs ..., 作者=_false, 点赞=241, 评论=0
2025-07-23 16:02:13,016 - scrapers.hackernews_scraper - INFO - 成功解析故事: Ask HN: Mentor for Transition ..., 作者=pedrodelfino, 点赞=5, 评论=0
2025-07-23 16:02:13,016 - scrapers.hackernews_scraper - INFO - 成功解析故事: Ask HN: How to find non-popula..., 作者=dominicq, 点赞=24, 评论=0
2025-07-23 16:02:13,017 - scrapers.hackernews_scraper - INFO - 成功解析故事: Ask HN: What Pocket alternativ..., 作者=ahmedfromtunis, 点赞=123, 评论=0
2025-07-23 16:02:13,018 - scrapers.hackernews_scraper - INFO - 成功解析故事: Ask HN: What is a great projec..., 作者=coopreme, 点赞=15, 评论=0
2025-07-23 16:02:13,018 - scrapers.hackernews_scraper - INFO - 成功解析故事: Ask HN: What's Your Useful Loc..., 作者=Olshansky, 点赞=89, 评论=0
2025-07-23 16:02:13,019 - scrapers.hackernews_scraper - INFO - 成功解析故事: Ask HN: Can we better use heat..., 作者=mclau157, 点赞=6, 评论=0
2025-07-23 16:02:13,019 - scrapers.hackernews_scraper - INFO - 成功解析故事: Ask HN: Is there a way to get ..., 作者=nomilk, 点赞=5, 评论=0
2025-07-23 16:02:13,020 - scrapers.hackernews_scraper - INFO - 成功解析故事: Ask HN: US expats/nomads, how ..., 作者=rudnevr, 点赞=17, 评论=0
2025-07-23 16:02:13,020 - scrapers.hackernews_scraper - INFO - 成功解析 15 个Ask HN故事
2025-07-23 16:02:13,020 - scrapers.hackernews_scraper - INFO - 开始转换 15 个故事到统一格式
2025-07-23 16:02:13,020 - scrapers.hackernews_scraper - INFO - 转换第 1/15 个故事: Ask HN: How many of you are wo...
2025-07-23 16:02:15,580 - scrapers.hackernews_scraper - INFO - 找到 8 条评论
2025-07-23 16:02:15,585 - scrapers.hackernews_scraper - INFO - 故事 Ask HN: How many of you are wo... 转换完成，包含 8 条评论
2025-07-23 16:02:15,585 - scrapers.hackernews_scraper - INFO - 转换第 2/15 个故事: Ask HN: Python developers at b...
2025-07-23 16:02:17,190 - scrapers.hackernews_scraper - INFO - 找到 29 条评论
2025-07-23 16:02:17,217 - scrapers.hackernews_scraper - INFO - 故事 Ask HN: Python developers at b... 转换完成，包含 29 条评论
2025-07-23 16:02:17,218 - scrapers.hackernews_scraper - INFO - 转换第 3/15 个故事: Ask HN: Why do Cursor, Windsur...
2025-07-23 16:02:20,448 - scrapers.hackernews_scraper - INFO - 找到 30 条评论
2025-07-23 16:02:20,477 - scrapers.hackernews_scraper - INFO - 故事 Ask HN: Why do Cursor, Windsur... 转换完成，包含 30 条评论
2025-07-23 16:02:20,477 - scrapers.hackernews_scraper - INFO - 转换第 4/15 个故事: Ask HN: Is Tensorflow.js Dead?...
2025-07-23 16:02:23,265 - scrapers.hackernews_scraper - INFO - 找到 2 条评论
2025-07-23 16:02:23,267 - scrapers.hackernews_scraper - INFO - 故事 Ask HN: Is Tensorflow.js Dead?... 转换完成，包含 2 条评论
2025-07-23 16:02:23,267 - scrapers.hackernews_scraper - INFO - 转换第 5/15 个故事: Ask HN: What Speaker Diarizati...
2025-07-23 16:02:25,839 - scrapers.hackernews_scraper - INFO - 找到 7 条评论
2025-07-23 16:02:25,844 - scrapers.hackernews_scraper - INFO - 故事 Ask HN: What Speaker Diarizati... 转换完成，包含 7 条评论
2025-07-23 16:02:25,844 - scrapers.hackernews_scraper - INFO - 转换第 6/15 个故事: Ask HN: How have you optimized...
2025-07-23 16:02:28,328 - scrapers.hackernews_scraper - INFO - 找到 4 条评论
2025-07-23 16:02:28,330 - scrapers.hackernews_scraper - INFO - 故事 Ask HN: How have you optimized... 转换完成，包含 4 条评论
2025-07-23 16:02:28,331 - scrapers.hackernews_scraper - INFO - 转换第 7/15 个故事: Ask HN: Any active COBOL devs ...
2025-07-23 16:02:31,057 - scrapers.hackernews_scraper - INFO - 找到 186 条评论
2025-07-23 16:02:31,676 - scrapers.hackernews_scraper - INFO - 故事 Ask HN: Any active COBOL devs ... 转换完成，包含 100 条评论
2025-07-23 16:02:31,676 - scrapers.hackernews_scraper - INFO - 转换第 8/15 个故事: Ask HN: Mentor for Transition ...
2025-07-23 16:02:34,302 - scrapers.hackernews_scraper - INFO - 找到 2 条评论
2025-07-23 16:02:34,303 - scrapers.hackernews_scraper - INFO - 故事 Ask HN: Mentor for Transition ... 转换完成，包含 2 条评论
2025-07-23 16:02:34,303 - scrapers.hackernews_scraper - INFO - 转换第 9/15 个故事: Ask HN: How to find non-popula...
2025-07-23 16:02:36,834 - scrapers.hackernews_scraper - INFO - 找到 20 条评论
2025-07-23 16:02:36,850 - scrapers.hackernews_scraper - INFO - 故事 Ask HN: How to find non-popula... 转换完成，包含 20 条评论
2025-07-23 16:02:36,850 - scrapers.hackernews_scraper - INFO - 转换第 10/15 个故事: Ask HN: What Pocket alternativ...
2025-07-23 16:02:38,629 - scrapers.hackernews_scraper - INFO - 找到 140 条评论
2025-07-23 16:02:38,987 - scrapers.hackernews_scraper - INFO - 故事 Ask HN: What Pocket alternativ... 转换完成，包含 100 条评论
2025-07-23 16:02:38,987 - scrapers.hackernews_scraper - INFO - 转换第 11/15 个故事: Ask HN: What is a great projec...
2025-07-23 16:02:40,747 - scrapers.hackernews_scraper - INFO - 找到 6 条评论
2025-07-23 16:02:40,750 - scrapers.hackernews_scraper - INFO - 故事 Ask HN: What is a great projec... 转换完成，包含 6 条评论
2025-07-23 16:02:40,750 - scrapers.hackernews_scraper - INFO - 转换第 12/15 个故事: Ask HN: What's Your Useful Loc...
2025-07-23 16:02:43,634 - scrapers.hackernews_scraper - INFO - 找到 52 条评论
2025-07-23 16:02:43,703 - scrapers.hackernews_scraper - INFO - 故事 Ask HN: What's Your Useful Loc... 转换完成，包含 52 条评论
2025-07-23 16:02:43,704 - scrapers.hackernews_scraper - INFO - 转换第 13/15 个故事: Ask HN: Can we better use heat...
2025-07-23 16:02:45,547 - scrapers.hackernews_scraper - INFO - 找到 2 条评论
2025-07-23 16:02:45,548 - scrapers.hackernews_scraper - INFO - 故事 Ask HN: Can we better use heat... 转换完成，包含 2 条评论
2025-07-23 16:02:45,548 - scrapers.hackernews_scraper - INFO - 转换第 14/15 个故事: Ask HN: Is there a way to get ...
2025-07-23 16:02:47,724 - scrapers.hackernews_scraper - INFO - 找到 17 条评论
2025-07-23 16:02:47,736 - scrapers.hackernews_scraper - INFO - 故事 Ask HN: Is there a way to get ... 转换完成，包含 17 条评论
2025-07-23 16:02:47,737 - scrapers.hackernews_scraper - INFO - 转换第 15/15 个故事: Ask HN: US expats/nomads, how ...
2025-07-23 16:02:49,569 - scrapers.hackernews_scraper - INFO - 找到 16 条评论
2025-07-23 16:02:49,581 - scrapers.hackernews_scraper - INFO - 故事 Ask HN: US expats/nomads, how ... 转换完成，包含 16 条评论
2025-07-23 16:02:49,581 - scrapers.hackernews_scraper - INFO - 共转换 15 个故事为统一格式
2025-07-23 16:02:49,582 - scrapers.hackernews_scraper - INFO - 爬取完成，共获取 15 个Ask HN故事
2025-07-23 16:02:50,053 - utils.storage_utils - INFO - 已更新源索引: hackernews
2025-07-23 16:02:50,055 - utils.storage_utils - INFO - 数据已保存到 data/hackernews/week_2025-07-21.json
2025-07-23 16:02:50,056 - scrapers.base_scraper - INFO - 数据已保存到 data/hackernews/week_2025-07-21.json
2025-07-23 16:02:50,056 - scrapers.base_scraper - INFO - 成功爬取 Hacker News 的数据
2025-07-23 16:02:50,056 - __main__ - INFO - 完成: 1/3 个爬虫成功运行
2025-07-23 16:02:50,299 - __main__ - INFO - 归档所有源的旧数据
2025-07-23 16:02:50,299 - __main__ - INFO - 源 jandan 归档 无需归档
2025-07-23 16:02:50,299 - __main__ - INFO - 源 reddit 归档 无需归档
2025-07-23 16:02:50,300 - __main__ - INFO - 源 hackernews 归档 无需归档
