2025-08-05 16:01:47,447 - __main__ - INFO - 运行所有爬虫
2025-08-05 16:01:47,448 - scrapers.jandan_scraper - INFO - JandanScraper初始化完成
2025-08-05 16:01:47,448 - scrapers.base_scraper - INFO - 开始爬取 煎蛋网
2025-08-05 16:01:47,448 - scrapers.jandan_scraper - INFO - 开始爬取煎蛋热评
2025-08-05 16:01:51,606 - scrapers.jandan_scraper - INFO - 成功获取HTML内容，长度: 24792
2025-08-05 16:01:51,606 - scrapers.jandan_scraper - INFO - 调试: 手动获取评论 5877984 的吐槽数据
2025-08-05 16:01:51,606 - scrapers.jandan_scraper - INFO - 获取评论 5877984 的吐槽内容: https://jandan.net/api/tucao/list/5877984
2025-08-05 16:01:53,990 - scrapers.jandan_scraper - INFO - 评论 5877984 获取到 1 条热门吐槽, 3 条普通吐槽
2025-08-05 16:01:53,990 - scrapers.jandan_scraper - INFO - 调试: 评论 5877984 获取到 1 条热门吐槽, 3 条普通吐槽
2025-08-05 16:01:53,990 - scrapers.jandan_scraper - INFO - 开始解析页面中的评论
2025-08-05 16:01:53,990 - scrapers.jandan_scraper - INFO - 开始解析HTML内容, 长度: 24792
2025-08-05 16:01:53,998 - scrapers.jandan_scraper - INFO - 找到 0 条热门评论
2025-08-05 16:01:53,998 - scrapers.jandan_scraper - INFO - 解析完成，获取到 0 条评论
2025-08-05 16:01:53,998 - scrapers.jandan_scraper - INFO - 开始转换评论为统一格式
2025-08-05 16:01:53,999 - scrapers.jandan_scraper - INFO - 开始转换 0 条评论到统一格式
2025-08-05 16:01:53,999 - scrapers.jandan_scraper - INFO - 共转换 0 条评论为统一格式
2025-08-05 16:01:53,999 - scrapers.jandan_scraper - INFO - 爬取完成，共获取 0 条热评
2025-08-05 16:01:53,999 - scrapers.base_scraper - ERROR - 爬取 煎蛋网 失败
2025-08-05 16:01:53,999 - scrapers.reddit_scraper - INFO - RedditScraper初始化完成
2025-08-05 16:01:53,999 - scrapers.base_scraper - INFO - 开始爬取 Reddit
2025-08-05 16:01:53,999 - scrapers.reddit_scraper - INFO - 开始爬取Reddit r/confessions每周热门帖子
2025-08-05 16:01:56,678 - utils.http_utils - ERROR - 请求失败: https://www.reddit.com/r/confessions/top/.json?t=week&limit=10, 错误: 403 Client Error: Blocked for url: https://www.reddit.com/r/confessions/top/.json?t=week&limit=10
2025-08-05 16:01:56,678 - scrapers.reddit_scraper - ERROR - 获取API数据失败: 403 Client Error: Blocked for url: https://www.reddit.com/r/confessions/top/.json?t=week&limit=10
2025-08-05 16:01:56,678 - scrapers.base_scraper - ERROR - 爬取 Reddit 失败
2025-08-05 16:01:56,678 - scrapers.hackernews_scraper - INFO - HackerNewsScraper初始化完成
2025-08-05 16:01:56,679 - scrapers.base_scraper - INFO - 开始爬取 Hacker News
2025-08-05 16:01:56,679 - scrapers.hackernews_scraper - INFO - 开始爬取Hacker News Ask HN帖子
2025-08-05 16:01:56,679 - scrapers.hackernews_scraper - INFO - 获取Ask HN页面: https://news.ycombinator.com/ask
2025-08-05 16:01:59,002 - scrapers.hackernews_scraper - INFO - 找到 30 个帖子行
2025-08-05 16:01:59,004 - scrapers.hackernews_scraper - INFO - 成功解析故事: Ask HN: What trick of the trad..., 作者=unsupp0rted, 点赞=281, 评论=0
2025-08-05 16:01:59,004 - scrapers.hackernews_scraper - INFO - 成功解析故事: Ask HN: Why Did Mercurial Die?..., 作者=sergiotapia, 点赞=3, 评论=0
2025-08-05 16:01:59,005 - scrapers.hackernews_scraper - INFO - 成功解析故事: Ask HN: Why is it called "Vibe..., 作者=giantg2, 点赞=16, 评论=0
2025-08-05 16:01:59,006 - scrapers.hackernews_scraper - INFO - 成功解析故事: Ask HN: Feedback on my privacy..., 作者=rashidrashi, 点赞=3, 评论=0
2025-08-05 16:01:59,006 - scrapers.hackernews_scraper - INFO - 成功解析故事: Ask HN: What change enabled yo..., 作者=pillefitz, 点赞=43, 评论=0
2025-08-05 16:01:59,007 - scrapers.hackernews_scraper - INFO - 成功解析故事: Ask HN: Who wants to be hired?..., 作者=whoishiring, 点赞=113, 评论=0
2025-08-05 16:01:59,007 - scrapers.hackernews_scraper - INFO - 成功解析故事: Ask HN: If this was your last ..., 作者=ff12wq111, 点赞=4, 评论=0
2025-08-05 16:01:59,008 - scrapers.hackernews_scraper - INFO - 成功解析故事: Ask HN: Who is hiring? (August..., 作者=whoishiring, 点赞=229, 评论=0
2025-08-05 16:01:59,009 - scrapers.hackernews_scraper - INFO - 成功解析故事: Ask HN: What are your best pra..., 作者=hubraumhugo, 点赞=34, 评论=0
2025-08-05 16:01:59,009 - scrapers.hackernews_scraper - INFO - 成功解析故事: Ask HN: What if I fail to make..., 作者=nextweeks, 点赞=7, 评论=0
2025-08-05 16:01:59,010 - scrapers.hackernews_scraper - INFO - 成功解析故事: Ask HN: What service should I ..., 作者=TimCTRL, 点赞=4, 评论=0
2025-08-05 16:01:59,010 - scrapers.hackernews_scraper - INFO - 成功解析故事: Ask HN: Why does YC care what ..., 作者=codecracker3001, 点赞=3, 评论=0
2025-08-05 16:01:59,011 - scrapers.hackernews_scraper - INFO - 成功解析故事: Ask HN: How to Extract Shell C..., 作者=debba, 点赞=2, 评论=0
2025-08-05 16:01:59,011 - scrapers.hackernews_scraper - INFO - 成功解析故事: Ask HN: Have you ever regrette..., 作者=paulwilsonn, 点赞=9, 评论=0
2025-08-05 16:01:59,012 - scrapers.hackernews_scraper - INFO - 成功解析故事: Ask HN: Want to leave my job w..., 作者=bsjak, 点赞=38, 评论=0
2025-08-05 16:01:59,012 - scrapers.hackernews_scraper - INFO - 成功解析 15 个Ask HN故事
2025-08-05 16:01:59,012 - scrapers.hackernews_scraper - INFO - 开始转换 15 个故事到统一格式
2025-08-05 16:01:59,012 - scrapers.hackernews_scraper - INFO - 转换第 1/15 个故事: Ask HN: What trick of the trad...
2025-08-05 16:02:02,653 - scrapers.hackernews_scraper - INFO - 找到 534 条评论
2025-08-05 16:02:07,372 - scrapers.hackernews_scraper - INFO - 故事 Ask HN: What trick of the trad... 转换完成，包含 100 条评论
2025-08-05 16:02:07,372 - scrapers.hackernews_scraper - INFO - 转换第 2/15 个故事: Ask HN: Why Did Mercurial Die?...
2025-08-05 16:02:08,692 - scrapers.hackernews_scraper - INFO - 找到 0 条评论
2025-08-05 16:02:08,692 - scrapers.hackernews_scraper - INFO - 故事 Ask HN: Why Did Mercurial Die?... 转换完成，包含 0 条评论
2025-08-05 16:02:08,692 - scrapers.hackernews_scraper - INFO - 转换第 3/15 个故事: Ask HN: Why is it called "Vibe...
2025-08-05 16:02:11,363 - scrapers.hackernews_scraper - INFO - 找到 16 条评论
2025-08-05 16:02:11,374 - scrapers.hackernews_scraper - INFO - 故事 Ask HN: Why is it called "Vibe... 转换完成，包含 16 条评论
2025-08-05 16:02:11,374 - scrapers.hackernews_scraper - INFO - 转换第 4/15 个故事: Ask HN: Feedback on my privacy...
2025-08-05 16:02:12,765 - scrapers.hackernews_scraper - INFO - 找到 0 条评论
2025-08-05 16:02:12,765 - scrapers.hackernews_scraper - INFO - 故事 Ask HN: Feedback on my privacy... 转换完成，包含 0 条评论
2025-08-05 16:02:12,765 - scrapers.hackernews_scraper - INFO - 转换第 5/15 个故事: Ask HN: What change enabled yo...
2025-08-05 16:02:15,694 - scrapers.hackernews_scraper - INFO - 找到 30 条评论
2025-08-05 16:02:15,722 - scrapers.hackernews_scraper - INFO - 故事 Ask HN: What change enabled yo... 转换完成，包含 30 条评论
2025-08-05 16:02:15,722 - scrapers.hackernews_scraper - INFO - 转换第 6/15 个故事: Ask HN: Who wants to be hired?...
2025-08-05 16:02:18,715 - scrapers.hackernews_scraper - INFO - 找到 321 条评论
2025-08-05 16:02:20,810 - scrapers.hackernews_scraper - INFO - 故事 Ask HN: Who wants to be hired?... 转换完成，包含 100 条评论
2025-08-05 16:02:20,811 - scrapers.hackernews_scraper - INFO - 转换第 7/15 个故事: Ask HN: If this was your last ...
2025-08-05 16:02:22,809 - scrapers.hackernews_scraper - INFO - 找到 4 条评论
2025-08-05 16:02:22,812 - scrapers.hackernews_scraper - INFO - 故事 Ask HN: If this was your last ... 转换完成，包含 4 条评论
2025-08-05 16:02:22,812 - scrapers.hackernews_scraper - INFO - 转换第 8/15 个故事: Ask HN: Who is hiring? (August...
2025-08-05 16:02:25,628 - scrapers.hackernews_scraper - INFO - 找到 336 条评论
2025-08-05 16:02:27,827 - scrapers.hackernews_scraper - INFO - 故事 Ask HN: Who is hiring? (August... 转换完成，包含 100 条评论
2025-08-05 16:02:27,827 - scrapers.hackernews_scraper - INFO - 转换第 9/15 个故事: Ask HN: What are your best pra...
2025-08-05 16:02:30,219 - scrapers.hackernews_scraper - INFO - 找到 3 条评论
2025-08-05 16:02:30,221 - scrapers.hackernews_scraper - INFO - 故事 Ask HN: What are your best pra... 转换完成，包含 3 条评论
2025-08-05 16:02:30,221 - scrapers.hackernews_scraper - INFO - 转换第 10/15 个故事: Ask HN: What if I fail to make...
2025-08-05 16:02:32,558 - scrapers.hackernews_scraper - INFO - 找到 17 条评论
2025-08-05 16:02:32,571 - scrapers.hackernews_scraper - INFO - 故事 Ask HN: What if I fail to make... 转换完成，包含 17 条评论
2025-08-05 16:02:32,571 - scrapers.hackernews_scraper - INFO - 转换第 11/15 个故事: Ask HN: What service should I ...
2025-08-05 16:02:35,438 - scrapers.hackernews_scraper - INFO - 找到 8 条评论
2025-08-05 16:02:35,443 - scrapers.hackernews_scraper - INFO - 故事 Ask HN: What service should I ... 转换完成，包含 8 条评论
2025-08-05 16:02:35,443 - scrapers.hackernews_scraper - INFO - 转换第 12/15 个故事: Ask HN: Why does YC care what ...
2025-08-05 16:02:36,632 - scrapers.hackernews_scraper - INFO - 找到 6 条评论
2025-08-05 16:02:36,636 - scrapers.hackernews_scraper - INFO - 故事 Ask HN: Why does YC care what ... 转换完成，包含 6 条评论
2025-08-05 16:02:36,636 - scrapers.hackernews_scraper - INFO - 转换第 13/15 个故事: Ask HN: How to Extract Shell C...
2025-08-05 16:02:39,097 - scrapers.hackernews_scraper - INFO - 找到 1 条评论
2025-08-05 16:02:39,097 - scrapers.hackernews_scraper - INFO - 故事 Ask HN: How to Extract Shell C... 转换完成，包含 1 条评论
2025-08-05 16:02:39,097 - scrapers.hackernews_scraper - INFO - 转换第 14/15 个故事: Ask HN: Have you ever regrette...
2025-08-05 16:02:41,555 - scrapers.hackernews_scraper - INFO - 找到 11 条评论
2025-08-05 16:02:41,562 - scrapers.hackernews_scraper - INFO - 故事 Ask HN: Have you ever regrette... 转换完成，包含 11 条评论
2025-08-05 16:02:41,562 - scrapers.hackernews_scraper - INFO - 转换第 15/15 个故事: Ask HN: Want to leave my job w...
2025-08-05 16:02:42,939 - scrapers.hackernews_scraper - INFO - 找到 36 条评论
2025-08-05 16:02:42,977 - scrapers.hackernews_scraper - INFO - 故事 Ask HN: Want to leave my job w... 转换完成，包含 36 条评论
2025-08-05 16:02:42,977 - scrapers.hackernews_scraper - INFO - 共转换 15 个故事为统一格式
2025-08-05 16:02:42,977 - scrapers.hackernews_scraper - INFO - 爬取完成，共获取 15 个Ask HN故事
2025-08-05 16:02:43,461 - utils.storage_utils - INFO - 已更新源索引: hackernews
2025-08-05 16:02:43,462 - utils.storage_utils - INFO - 数据已保存到 data/hackernews/week_2025-08-04.json
2025-08-05 16:02:43,463 - scrapers.base_scraper - INFO - 数据已保存到 data/hackernews/week_2025-08-04.json
2025-08-05 16:02:43,463 - scrapers.base_scraper - INFO - 成功爬取 Hacker News 的数据
2025-08-05 16:02:43,463 - __main__ - INFO - 完成: 1/3 个爬虫成功运行
2025-08-05 16:02:43,708 - __main__ - INFO - 归档所有源的旧数据
2025-08-05 16:02:43,708 - __main__ - INFO - 源 jandan 归档 无需归档
2025-08-05 16:02:43,708 - __main__ - INFO - 源 reddit 归档 无需归档
2025-08-05 16:02:43,708 - __main__ - INFO - 源 hackernews 归档 无需归档
