2025-07-30 16:02:00,201 - __main__ - INFO - 运行所有爬虫
2025-07-30 16:02:00,202 - scrapers.jandan_scraper - INFO - JandanScraper初始化完成
2025-07-30 16:02:00,202 - scrapers.base_scraper - INFO - 开始爬取 煎蛋网
2025-07-30 16:02:00,202 - scrapers.jandan_scraper - INFO - 开始爬取煎蛋热评
2025-07-30 16:02:04,175 - scrapers.jandan_scraper - INFO - 成功获取HTML内容，长度: 24792
2025-07-30 16:02:04,175 - scrapers.jandan_scraper - INFO - 调试: 手动获取评论 5877984 的吐槽数据
2025-07-30 16:02:04,175 - scrapers.jandan_scraper - INFO - 获取评论 5877984 的吐槽内容: https://jandan.net/api/tucao/list/5877984
2025-07-30 16:02:07,300 - scrapers.jandan_scraper - INFO - 评论 5877984 获取到 1 条热门吐槽, 3 条普通吐槽
2025-07-30 16:02:07,301 - scrapers.jandan_scraper - INFO - 调试: 评论 5877984 获取到 1 条热门吐槽, 3 条普通吐槽
2025-07-30 16:02:07,301 - scrapers.jandan_scraper - INFO - 开始解析页面中的评论
2025-07-30 16:02:07,301 - scrapers.jandan_scraper - INFO - 开始解析HTML内容, 长度: 24792
2025-07-30 16:02:07,309 - scrapers.jandan_scraper - INFO - 找到 0 条热门评论
2025-07-30 16:02:07,309 - scrapers.jandan_scraper - INFO - 解析完成，获取到 0 条评论
2025-07-30 16:02:07,309 - scrapers.jandan_scraper - INFO - 开始转换评论为统一格式
2025-07-30 16:02:07,309 - scrapers.jandan_scraper - INFO - 开始转换 0 条评论到统一格式
2025-07-30 16:02:07,310 - scrapers.jandan_scraper - INFO - 共转换 0 条评论为统一格式
2025-07-30 16:02:07,310 - scrapers.jandan_scraper - INFO - 爬取完成，共获取 0 条热评
2025-07-30 16:02:07,310 - scrapers.base_scraper - ERROR - 爬取 煎蛋网 失败
2025-07-30 16:02:07,310 - scrapers.reddit_scraper - INFO - RedditScraper初始化完成
2025-07-30 16:02:07,310 - scrapers.base_scraper - INFO - 开始爬取 Reddit
2025-07-30 16:02:07,310 - scrapers.reddit_scraper - INFO - 开始爬取Reddit r/confessions每周热门帖子
2025-07-30 16:02:10,125 - utils.http_utils - ERROR - 请求失败: https://www.reddit.com/r/confessions/top/.json?t=week&limit=10, 错误: 403 Client Error: Blocked for url: https://www.reddit.com/r/confessions/top/.json?t=week&limit=10
2025-07-30 16:02:10,125 - scrapers.reddit_scraper - ERROR - 获取API数据失败: 403 Client Error: Blocked for url: https://www.reddit.com/r/confessions/top/.json?t=week&limit=10
2025-07-30 16:02:10,125 - scrapers.base_scraper - ERROR - 爬取 Reddit 失败
2025-07-30 16:02:10,125 - scrapers.hackernews_scraper - INFO - HackerNewsScraper初始化完成
2025-07-30 16:02:10,126 - scrapers.base_scraper - INFO - 开始爬取 Hacker News
2025-07-30 16:02:10,126 - scrapers.hackernews_scraper - INFO - 开始爬取Hacker News Ask HN帖子
2025-07-30 16:02:10,126 - scrapers.hackernews_scraper - INFO - 获取Ask HN页面: https://news.ycombinator.com/ask
2025-07-30 16:02:12,699 - scrapers.hackernews_scraper - INFO - 找到 23 个帖子行
2025-07-30 16:02:12,701 - scrapers.hackernews_scraper - INFO - 成功解析故事: Ask HN: Is university still cr..., 作者=mettamage, 点赞=11, 评论=0
2025-07-30 16:02:12,701 - scrapers.hackernews_scraper - INFO - 成功解析故事: Ask HN: What are you working o..., 作者=david927, 点赞=252, 评论=0
2025-07-30 16:02:12,702 - scrapers.hackernews_scraper - INFO - 成功解析故事: Ask HN: How will the OSA affec..., 作者=Digit-Al, 点赞=27, 评论=0
2025-07-30 16:02:12,703 - scrapers.hackernews_scraper - INFO - 成功解析故事: Ask HN: Whats your best workfl..., 作者=philippb, 点赞=6, 评论=0
2025-07-30 16:02:12,703 - scrapers.hackernews_scraper - INFO - 成功解析故事: Ask HN: With AI written resume..., 作者=plentysun, 点赞=3, 评论=0
2025-07-30 16:02:12,704 - scrapers.hackernews_scraper - INFO - 成功解析故事: Ask HN: Should I Leave Softwar..., 作者=apatheticonion, 点赞=8, 评论=0
2025-07-30 16:02:12,704 - scrapers.hackernews_scraper - INFO - 成功解析故事: Ask HN: Why is "Tea" still on ..., 作者=benguild, 点赞=81, 评论=0
2025-07-30 16:02:12,705 - scrapers.hackernews_scraper - INFO - 成功解析故事: Ask HN: What is the reason Chi..., 作者=awaisraad, 点赞=2, 评论=0
2025-07-30 16:02:12,705 - scrapers.hackernews_scraper - INFO - 成功解析故事: Ask HN: How many of you are wo..., 作者=zebproj, 点赞=52, 评论=0
2025-07-30 16:02:12,706 - scrapers.hackernews_scraper - INFO - 成功解析故事: Ask HN: What's your secret wea..., 作者=bochoh, 点赞=3, 评论=0
2025-07-30 16:02:12,707 - scrapers.hackernews_scraper - INFO - 成功解析故事: Ask HN: How do you handle audi..., 作者=efeoge, 点赞=17, 评论=0
2025-07-30 16:02:12,707 - scrapers.hackernews_scraper - INFO - 成功解析故事: Ask HN: Why do Cursor, Windsur..., 作者=bluelightning2k, 点赞=28, 评论=0
2025-07-30 16:02:12,707 - scrapers.hackernews_scraper - INFO - 成功解析 12 个Ask HN故事
2025-07-30 16:02:12,707 - scrapers.hackernews_scraper - INFO - 开始转换 12 个故事到统一格式
2025-07-30 16:02:12,708 - scrapers.hackernews_scraper - INFO - 转换第 1/12 个故事: Ask HN: Is university still cr...
2025-07-30 16:02:15,054 - scrapers.hackernews_scraper - INFO - 找到 18 条评论
2025-07-30 16:02:15,068 - scrapers.hackernews_scraper - INFO - 故事 Ask HN: Is university still cr... 转换完成，包含 18 条评论
2025-07-30 16:02:15,068 - scrapers.hackernews_scraper - INFO - 转换第 2/12 个故事: Ask HN: What are you working o...
2025-07-30 16:02:19,298 - scrapers.hackernews_scraper - INFO - 找到 834 条评论
2025-07-30 16:02:31,806 - scrapers.hackernews_scraper - INFO - 故事 Ask HN: What are you working o... 转换完成，包含 100 条评论
2025-07-30 16:02:31,806 - scrapers.hackernews_scraper - INFO - 转换第 3/12 个故事: Ask HN: How will the OSA affec...
2025-07-30 16:02:34,738 - scrapers.hackernews_scraper - INFO - 找到 15 条评论
2025-07-30 16:02:34,749 - scrapers.hackernews_scraper - INFO - 故事 Ask HN: How will the OSA affec... 转换完成，包含 15 条评论
2025-07-30 16:02:34,749 - scrapers.hackernews_scraper - INFO - 转换第 4/12 个故事: Ask HN: Whats your best workfl...
2025-07-30 16:02:37,351 - scrapers.hackernews_scraper - INFO - 找到 11 条评论
2025-07-30 16:02:37,359 - scrapers.hackernews_scraper - INFO - 故事 Ask HN: Whats your best workfl... 转换完成，包含 11 条评论
2025-07-30 16:02:37,359 - scrapers.hackernews_scraper - INFO - 转换第 5/12 个故事: Ask HN: With AI written resume...
2025-07-30 16:02:39,838 - scrapers.hackernews_scraper - INFO - 找到 4 条评论
2025-07-30 16:02:39,840 - scrapers.hackernews_scraper - INFO - 故事 Ask HN: With AI written resume... 转换完成，包含 4 条评论
2025-07-30 16:02:39,840 - scrapers.hackernews_scraper - INFO - 转换第 6/12 个故事: Ask HN: Should I Leave Softwar...
2025-07-30 16:02:42,806 - scrapers.hackernews_scraper - INFO - 找到 10 条评论
2025-07-30 16:02:42,813 - scrapers.hackernews_scraper - INFO - 故事 Ask HN: Should I Leave Softwar... 转换完成，包含 10 条评论
2025-07-30 16:02:42,813 - scrapers.hackernews_scraper - INFO - 转换第 7/12 个故事: Ask HN: Why is "Tea" still on ...
2025-07-30 16:02:44,883 - scrapers.hackernews_scraper - INFO - 找到 63 条评论
2025-07-30 16:02:44,969 - scrapers.hackernews_scraper - INFO - 故事 Ask HN: Why is "Tea" still on ... 转换完成，包含 63 条评论
2025-07-30 16:02:44,969 - scrapers.hackernews_scraper - INFO - 转换第 8/12 个故事: Ask HN: What is the reason Chi...
2025-07-30 16:02:47,329 - scrapers.hackernews_scraper - INFO - 找到 4 条评论
2025-07-30 16:02:47,331 - scrapers.hackernews_scraper - INFO - 故事 Ask HN: What is the reason Chi... 转换完成，包含 4 条评论
2025-07-30 16:02:47,332 - scrapers.hackernews_scraper - INFO - 转换第 9/12 个故事: Ask HN: How many of you are wo...
2025-07-30 16:02:49,822 - scrapers.hackernews_scraper - INFO - 找到 81 条评论
2025-07-30 16:02:49,957 - scrapers.hackernews_scraper - INFO - 故事 Ask HN: How many of you are wo... 转换完成，包含 81 条评论
2025-07-30 16:02:49,957 - scrapers.hackernews_scraper - INFO - 转换第 10/12 个故事: Ask HN: What's your secret wea...
2025-07-30 16:02:52,923 - scrapers.hackernews_scraper - INFO - 找到 4 条评论
2025-07-30 16:02:52,925 - scrapers.hackernews_scraper - INFO - 故事 Ask HN: What's your secret wea... 转换完成，包含 4 条评论
2025-07-30 16:02:52,925 - scrapers.hackernews_scraper - INFO - 转换第 11/12 个故事: Ask HN: How do you handle audi...
2025-07-30 16:02:54,271 - scrapers.hackernews_scraper - INFO - 找到 8 条评论
2025-07-30 16:02:54,276 - scrapers.hackernews_scraper - INFO - 故事 Ask HN: How do you handle audi... 转换完成，包含 8 条评论
2025-07-30 16:02:54,276 - scrapers.hackernews_scraper - INFO - 转换第 12/12 个故事: Ask HN: Why do Cursor, Windsur...
2025-07-30 16:02:56,700 - scrapers.hackernews_scraper - INFO - 找到 38 条评论
2025-07-30 16:02:56,739 - scrapers.hackernews_scraper - INFO - 故事 Ask HN: Why do Cursor, Windsur... 转换完成，包含 38 条评论
2025-07-30 16:02:56,739 - scrapers.hackernews_scraper - INFO - 共转换 12 个故事为统一格式
2025-07-30 16:02:56,739 - scrapers.hackernews_scraper - INFO - 爬取完成，共获取 12 个Ask HN故事
2025-07-30 16:02:57,203 - utils.storage_utils - INFO - 已更新源索引: hackernews
2025-07-30 16:02:57,205 - utils.storage_utils - INFO - 数据已保存到 data/hackernews/week_2025-07-28.json
2025-07-30 16:02:57,206 - scrapers.base_scraper - INFO - 数据已保存到 data/hackernews/week_2025-07-28.json
2025-07-30 16:02:57,206 - scrapers.base_scraper - INFO - 成功爬取 Hacker News 的数据
2025-07-30 16:02:57,206 - __main__ - INFO - 完成: 1/3 个爬虫成功运行
2025-07-30 16:02:57,447 - __main__ - INFO - 归档所有源的旧数据
2025-07-30 16:02:57,448 - __main__ - INFO - 源 jandan 归档 无需归档
2025-07-30 16:02:57,448 - __main__ - INFO - 源 reddit 归档 无需归档
2025-07-30 16:02:57,448 - __main__ - INFO - 源 hackernews 归档 无需归档
