2025-03-29 08:02:58,014 - __main__ - INFO - 运行所有爬虫
2025-03-29 08:02:58,015 - scrapers.base_scraper - INFO - 开始爬取 煎蛋网
2025-03-29 08:02:58,015 - scrapers.jandan_scraper - INFO - 开始爬取煎蛋热评
2025-03-29 08:03:02,628 - scrapers.jandan_scraper - INFO - 调试: 手动获取评论 5877984 的吐槽数据
2025-03-29 08:03:02,628 - scrapers.jandan_scraper - INFO - 获取评论 5877984 的吐槽内容: https://jandan.net/api/tucao/list/5877984
2025-03-29 08:03:04,590 - scrapers.jandan_scraper - INFO - 评论 5877984 获取到 1 条热门吐槽, 3 条普通吐槽
2025-03-29 08:03:04,590 - scrapers.jandan_scraper - INFO - 调试: 评论 5877984 获取到 1 条热门吐槽, 3 条普通吐槽
2025-03-29 08:03:04,590 - scrapers.jandan_scraper - INFO - 开始解析页面中的评论
2025-03-29 08:03:04,649 - scrapers.jandan_scraper - INFO - 找到 50 条热门评论
2025-03-29 08:03:04,652 - scrapers.jandan_scraper - INFO - 评论 5879113 有 1 条吐槽，开始获取
2025-03-29 08:03:04,652 - scrapers.jandan_scraper - INFO - 获取评论 5879113 的吐槽内容: https://jandan.net/api/tucao/list/5879113
2025-03-29 08:03:07,148 - scrapers.jandan_scraper - INFO - 评论 5879113 获取到 0 条热门吐槽, 1 条普通吐槽
2025-03-29 08:03:07,148 - scrapers.jandan_scraper - INFO - 评论 5879113 成功获取 1 条吐槽
2025-03-29 08:03:07,149 - scrapers.jandan_scraper - INFO - 评论 5879113 解析完成: 作者=疲惫, 类别=@树洞, 点赞=176, 踩=10, 吐槽数=1
2025-03-29 08:03:07,150 - scrapers.jandan_scraper - INFO - 评论 5879119 有 6 条吐槽，开始获取
2025-03-29 08:03:07,150 - scrapers.jandan_scraper - INFO - 获取评论 5879119 的吐槽内容: https://jandan.net/api/tucao/list/5879119
2025-03-29 08:03:09,895 - scrapers.jandan_scraper - INFO - 评论 5879119 获取到 2 条热门吐槽, 6 条普通吐槽
2025-03-29 08:03:09,895 - scrapers.jandan_scraper - INFO - 评论 5879119 成功获取 6 条吐槽
2025-03-29 08:03:09,896 - scrapers.jandan_scraper - INFO - 评论 5879119 解析完成: 作者=tuoo, 类别=@树洞, 点赞=118, 踩=1, 吐槽数=6
2025-03-29 08:03:09,897 - scrapers.jandan_scraper - INFO - 评论 5879247 有 1 条吐槽，开始获取
2025-03-29 08:03:09,897 - scrapers.jandan_scraper - INFO - 获取评论 5879247 的吐槽内容: https://jandan.net/api/tucao/list/5879247
2025-03-29 08:03:11,735 - scrapers.jandan_scraper - INFO - 评论 5879247 获取到 1 条热门吐槽, 1 条普通吐槽
2025-03-29 08:03:11,735 - scrapers.jandan_scraper - INFO - 评论 5879247 成功获取 1 条吐槽
2025-03-29 08:03:11,735 - scrapers.jandan_scraper - INFO - 评论 5879247 解析完成: 作者=叉烧葡挞, 类别=@树洞, 点赞=77, 踩=0, 吐槽数=1
2025-03-29 08:03:11,737 - scrapers.jandan_scraper - INFO - 评论 5879528 有 3 条吐槽，开始获取
2025-03-29 08:03:11,737 - scrapers.jandan_scraper - INFO - 获取评论 5879528 的吐槽内容: https://jandan.net/api/tucao/list/5879528
2025-03-29 08:03:13,544 - scrapers.jandan_scraper - INFO - 评论 5879528 获取到 1 条热门吐槽, 3 条普通吐槽
2025-03-29 08:03:13,544 - scrapers.jandan_scraper - INFO - 评论 5879528 成功获取 3 条吐槽
2025-03-29 08:03:13,544 - scrapers.jandan_scraper - INFO - 评论 5879528 解析完成: 作者=钢棍解师傅, 类别=@树洞, 点赞=61, 踩=2, 吐槽数=3
2025-03-29 08:03:13,546 - scrapers.jandan_scraper - INFO - 评论 5879391 有 3 条吐槽，开始获取
2025-03-29 08:03:13,546 - scrapers.jandan_scraper - INFO - 获取评论 5879391 的吐槽内容: https://jandan.net/api/tucao/list/5879391
2025-03-29 08:03:16,416 - scrapers.jandan_scraper - INFO - 评论 5879391 获取到 1 条热门吐槽, 3 条普通吐槽
2025-03-29 08:03:16,416 - scrapers.jandan_scraper - INFO - 评论 5879391 成功获取 3 条吐槽
2025-03-29 08:03:16,416 - scrapers.jandan_scraper - INFO - 评论 5879391 解析完成: 作者=Hornpub, 类别=@树洞, 点赞=55, 踩=5, 吐槽数=3
2025-03-29 08:03:16,417 - scrapers.jandan_scraper - INFO - 评论 5879190 有 4 条吐槽，开始获取
2025-03-29 08:03:16,418 - scrapers.jandan_scraper - INFO - 获取评论 5879190 的吐槽内容: https://jandan.net/api/tucao/list/5879190
2025-03-29 08:03:28,176 - urllib3.connectionpool - WARNING - Retrying (Retry(total=2, connect=None, read=None, redirect=None, status=None)) after connection broken by 'ReadTimeoutError("HTTPSConnectionPool(host='jandan.net', port=443): Read timed out. (read timeout=10)")': /api/tucao/list/5879190
2025-03-29 08:03:28,933 - scrapers.jandan_scraper - INFO - 评论 5879190 获取到 2 条热门吐槽, 4 条普通吐槽
2025-03-29 08:03:28,934 - scrapers.jandan_scraper - INFO - 评论 5879190 成功获取 4 条吐槽
2025-03-29 08:03:28,934 - scrapers.jandan_scraper - INFO - 评论 5879190 解析完成: 作者=Rinkan, 类别=@树洞, 点赞=49, 踩=0, 吐槽数=4
2025-03-29 08:03:28,935 - scrapers.jandan_scraper - INFO - 评论 5879193 有 1 条吐槽，开始获取
2025-03-29 08:03:28,935 - scrapers.jandan_scraper - INFO - 获取评论 5879193 的吐槽内容: https://jandan.net/api/tucao/list/5879193
2025-03-29 08:03:31,939 - scrapers.jandan_scraper - INFO - 评论 5879193 获取到 0 条热门吐槽, 1 条普通吐槽
2025-03-29 08:03:31,939 - scrapers.jandan_scraper - INFO - 评论 5879193 成功获取 1 条吐槽
2025-03-29 08:03:31,940 - scrapers.jandan_scraper - INFO - 评论 5879193 解析完成: 作者=Wodimaya, 类别=@树洞, 点赞=46, 踩=2, 吐槽数=1
2025-03-29 08:03:31,941 - scrapers.jandan_scraper - INFO - 评论 5879103 有 5 条吐槽，开始获取
2025-03-29 08:03:31,941 - scrapers.jandan_scraper - INFO - 获取评论 5879103 的吐槽内容: https://jandan.net/api/tucao/list/5879103
2025-03-29 08:03:35,087 - scrapers.jandan_scraper - INFO - 评论 5879103 获取到 4 条热门吐槽, 5 条普通吐槽
2025-03-29 08:03:35,087 - scrapers.jandan_scraper - INFO - 评论 5879103 成功获取 5 条吐槽
2025-03-29 08:03:35,087 - scrapers.jandan_scraper - INFO - 评论 5879103 解析完成: 作者=几度电一场, 类别=@树洞, 点赞=44, 踩=1, 吐槽数=5
2025-03-29 08:03:35,088 - scrapers.jandan_scraper - INFO - 评论 5879187 有 3 条吐槽，开始获取
2025-03-29 08:03:35,089 - scrapers.jandan_scraper - INFO - 获取评论 5879187 的吐槽内容: https://jandan.net/api/tucao/list/5879187
2025-03-29 08:03:37,887 - scrapers.jandan_scraper - INFO - 评论 5879187 获取到 2 条热门吐槽, 3 条普通吐槽
2025-03-29 08:03:37,887 - scrapers.jandan_scraper - INFO - 评论 5879187 成功获取 3 条吐槽
2025-03-29 08:03:37,888 - scrapers.jandan_scraper - INFO - 评论 5879187 解析完成: 作者=_equinox, 类别=@树洞, 点赞=44, 踩=14, 吐槽数=3
2025-03-29 08:03:37,889 - scrapers.jandan_scraper - INFO - 评论 5879164 有 1 条吐槽，开始获取
2025-03-29 08:03:37,889 - scrapers.jandan_scraper - INFO - 获取评论 5879164 的吐槽内容: https://jandan.net/api/tucao/list/5879164
2025-03-29 08:03:41,080 - scrapers.jandan_scraper - INFO - 评论 5879164 获取到 0 条热门吐槽, 1 条普通吐槽
2025-03-29 08:03:41,080 - scrapers.jandan_scraper - INFO - 评论 5879164 成功获取 1 条吐槽
2025-03-29 08:03:41,081 - scrapers.jandan_scraper - INFO - 评论 5879164 解析完成: 作者=好贵, 类别=@树洞, 点赞=37, 踩=0, 吐槽数=1
2025-03-29 08:03:41,082 - scrapers.jandan_scraper - INFO - 评论 5879387 解析完成: 作者=别骂就分享下, 类别=@树洞, 点赞=35, 踩=0, 吐槽数=0
2025-03-29 08:03:41,083 - scrapers.jandan_scraper - INFO - 评论 5879314 有 4 条吐槽，开始获取
2025-03-29 08:03:41,083 - scrapers.jandan_scraper - INFO - 获取评论 5879314 的吐槽内容: https://jandan.net/api/tucao/list/5879314
2025-03-29 08:03:52,203 - urllib3.connectionpool - WARNING - Retrying (Retry(total=2, connect=None, read=None, redirect=None, status=None)) after connection broken by 'ReadTimeoutError("HTTPSConnectionPool(host='jandan.net', port=443): Read timed out. (read timeout=10)")': /api/tucao/list/5879314
2025-03-29 08:03:53,204 - scrapers.jandan_scraper - INFO - 评论 5879314 获取到 0 条热门吐槽, 4 条普通吐槽
2025-03-29 08:03:53,204 - scrapers.jandan_scraper - INFO - 评论 5879314 成功获取 4 条吐槽
2025-03-29 08:03:53,204 - scrapers.jandan_scraper - INFO - 评论 5879314 解析完成: 作者=霸气小腿子, 类别=@树洞, 点赞=33, 踩=3, 吐槽数=4
2025-03-29 08:03:53,206 - scrapers.jandan_scraper - INFO - 评论 5879353 有 1 条吐槽，开始获取
2025-03-29 08:03:53,206 - scrapers.jandan_scraper - INFO - 获取评论 5879353 的吐槽内容: https://jandan.net/api/tucao/list/5879353
2025-03-29 08:03:55,770 - scrapers.jandan_scraper - INFO - 评论 5879353 获取到 1 条热门吐槽, 1 条普通吐槽
2025-03-29 08:03:55,770 - scrapers.jandan_scraper - INFO - 评论 5879353 成功获取 1 条吐槽
2025-03-29 08:03:55,770 - scrapers.jandan_scraper - INFO - 评论 5879353 解析完成: 作者=va23, 类别=@树洞, 点赞=33, 踩=2, 吐槽数=1
2025-03-29 08:03:55,771 - scrapers.jandan_scraper - INFO - 评论 5879449 有 4 条吐槽，开始获取
2025-03-29 08:03:55,771 - scrapers.jandan_scraper - INFO - 获取评论 5879449 的吐槽内容: https://jandan.net/api/tucao/list/5879449
2025-03-29 08:03:57,850 - scrapers.jandan_scraper - INFO - 评论 5879449 获取到 0 条热门吐槽, 4 条普通吐槽
2025-03-29 08:03:57,850 - scrapers.jandan_scraper - INFO - 评论 5879449 成功获取 4 条吐槽
2025-03-29 08:03:57,850 - scrapers.jandan_scraper - INFO - 评论 5879449 解析完成: 作者=Ziyu, 类别=@树洞, 点赞=30, 踩=0, 吐槽数=4
2025-03-29 08:03:57,852 - scrapers.jandan_scraper - INFO - 评论 5879117 解析完成: 作者=零四, 类别=@树洞, 点赞=28, 踩=0, 吐槽数=0
2025-03-29 08:03:57,853 - scrapers.jandan_scraper - INFO - 评论 5879249 有 3 条吐槽，开始获取
2025-03-29 08:03:57,853 - scrapers.jandan_scraper - INFO - 获取评论 5879249 的吐槽内容: https://jandan.net/api/tucao/list/5879249
2025-03-29 08:04:00,139 - scrapers.jandan_scraper - INFO - 评论 5879249 获取到 0 条热门吐槽, 3 条普通吐槽
2025-03-29 08:04:00,139 - scrapers.jandan_scraper - INFO - 评论 5879249 成功获取 3 条吐槽
2025-03-29 08:04:00,140 - scrapers.jandan_scraper - INFO - 评论 5879249 解析完成: 作者=阿了个乐, 类别=@树洞, 点赞=28, 踩=2, 吐槽数=3
2025-03-29 08:04:00,141 - scrapers.jandan_scraper - INFO - 评论 5879563 有 7 条吐槽，开始获取
2025-03-29 08:04:00,141 - scrapers.jandan_scraper - INFO - 获取评论 5879563 的吐槽内容: https://jandan.net/api/tucao/list/5879563
2025-03-29 08:04:02,744 - scrapers.jandan_scraper - INFO - 评论 5879563 获取到 0 条热门吐槽, 7 条普通吐槽
2025-03-29 08:04:02,744 - scrapers.jandan_scraper - INFO - 评论 5879563 成功获取 7 条吐槽
2025-03-29 08:04:02,744 - scrapers.jandan_scraper - INFO - 评论 5879563 解析完成: 作者=戒烟爱好者, 类别=@树洞, 点赞=27, 踩=2, 吐槽数=7
2025-03-29 08:04:02,746 - scrapers.jandan_scraper - INFO - 评论 5879361 有 4 条吐槽，开始获取
2025-03-29 08:04:02,746 - scrapers.jandan_scraper - INFO - 获取评论 5879361 的吐槽内容: https://jandan.net/api/tucao/list/5879361
2025-03-29 08:04:04,373 - scrapers.jandan_scraper - INFO - 评论 5879361 获取到 1 条热门吐槽, 4 条普通吐槽
2025-03-29 08:04:04,373 - scrapers.jandan_scraper - INFO - 评论 5879361 成功获取 4 条吐槽
2025-03-29 08:04:04,374 - scrapers.jandan_scraper - INFO - 评论 5879361 解析完成: 作者=俱舍莲帝, 类别=@树洞, 点赞=26, 踩=7, 吐槽数=4
2025-03-29 08:04:04,375 - scrapers.jandan_scraper - INFO - 评论 5879108 有 5 条吐槽，开始获取
2025-03-29 08:04:04,375 - scrapers.jandan_scraper - INFO - 获取评论 5879108 的吐槽内容: https://jandan.net/api/tucao/list/5879108
2025-03-29 08:04:07,299 - scrapers.jandan_scraper - INFO - 评论 5879108 获取到 2 条热门吐槽, 5 条普通吐槽
2025-03-29 08:04:07,299 - scrapers.jandan_scraper - INFO - 评论 5879108 成功获取 5 条吐槽
2025-03-29 08:04:07,300 - scrapers.jandan_scraper - INFO - 评论 5879108 解析完成: 作者=石岐佬有鸽子, 类别=@树洞, 点赞=26, 踩=2, 吐槽数=5
2025-03-29 08:04:07,301 - scrapers.jandan_scraper - INFO - 评论 5879448 有 4 条吐槽，开始获取
2025-03-29 08:04:07,301 - scrapers.jandan_scraper - INFO - 获取评论 5879448 的吐槽内容: https://jandan.net/api/tucao/list/5879448
2025-03-29 08:04:10,547 - scrapers.jandan_scraper - INFO - 评论 5879448 获取到 2 条热门吐槽, 4 条普通吐槽
2025-03-29 08:04:10,547 - scrapers.jandan_scraper - INFO - 评论 5879448 成功获取 4 条吐槽
2025-03-29 08:04:10,547 - scrapers.jandan_scraper - INFO - 评论 5879448 解析完成: 作者=糖鸡磕的, 类别=@树洞, 点赞=26, 踩=3, 吐槽数=4
2025-03-29 08:04:10,549 - scrapers.jandan_scraper - INFO - 评论 5879509 有 10 条吐槽，开始获取
2025-03-29 08:04:10,549 - scrapers.jandan_scraper - INFO - 获取评论 5879509 的吐槽内容: https://jandan.net/api/tucao/list/5879509
2025-03-29 08:04:23,161 - urllib3.connectionpool - WARNING - Retrying (Retry(total=2, connect=None, read=None, redirect=None, status=None)) after connection broken by 'ReadTimeoutError("HTTPSConnectionPool(host='jandan.net', port=443): Read timed out. (read timeout=10)")': /api/tucao/list/5879509
2025-03-29 08:04:23,812 - scrapers.jandan_scraper - INFO - 评论 5879509 获取到 2 条热门吐槽, 10 条普通吐槽
2025-03-29 08:04:23,813 - scrapers.jandan_scraper - INFO - 评论 5879509 成功获取 10 条吐槽
2025-03-29 08:04:23,813 - scrapers.jandan_scraper - INFO - 评论 5879509 解析完成: 作者=吐下水, 类别=@树洞, 点赞=25, 踩=5, 吐槽数=10
2025-03-29 08:04:23,814 - scrapers.jandan_scraper - INFO - 评论 5879559 有 2 条吐槽，开始获取
2025-03-29 08:04:23,814 - scrapers.jandan_scraper - INFO - 获取评论 5879559 的吐槽内容: https://jandan.net/api/tucao/list/5879559
2025-03-29 08:04:25,933 - scrapers.jandan_scraper - INFO - 评论 5879559 获取到 1 条热门吐槽, 2 条普通吐槽
2025-03-29 08:04:25,933 - scrapers.jandan_scraper - INFO - 评论 5879559 成功获取 2 条吐槽
2025-03-29 08:04:25,933 - scrapers.jandan_scraper - INFO - 评论 5879559 解析完成: 作者=不开心, 类别=@树洞, 点赞=21, 踩=3, 吐槽数=2
2025-03-29 08:04:25,935 - scrapers.jandan_scraper - INFO - 评论 5879160 有 1 条吐槽，开始获取
2025-03-29 08:04:25,935 - scrapers.jandan_scraper - INFO - 获取评论 5879160 的吐槽内容: https://jandan.net/api/tucao/list/5879160
2025-03-29 08:04:29,267 - scrapers.jandan_scraper - INFO - 评论 5879160 获取到 0 条热门吐槽, 1 条普通吐槽
2025-03-29 08:04:29,267 - scrapers.jandan_scraper - INFO - 评论 5879160 成功获取 1 条吐槽
2025-03-29 08:04:29,267 - scrapers.jandan_scraper - INFO - 评论 5879160 解析完成: 作者=闭眼皆无身是幻象, 类别=@树洞, 点赞=20, 踩=3, 吐槽数=1
2025-03-29 08:04:29,268 - scrapers.jandan_scraper - INFO - 评论 5879281 有 2 条吐槽，开始获取
2025-03-29 08:04:29,268 - scrapers.jandan_scraper - INFO - 获取评论 5879281 的吐槽内容: https://jandan.net/api/tucao/list/5879281
2025-03-29 08:04:31,764 - scrapers.jandan_scraper - INFO - 评论 5879281 获取到 0 条热门吐槽, 2 条普通吐槽
2025-03-29 08:04:31,764 - scrapers.jandan_scraper - INFO - 评论 5879281 成功获取 2 条吐槽
2025-03-29 08:04:31,764 - scrapers.jandan_scraper - INFO - 评论 5879281 解析完成: 作者=Jore, 类别=@树洞, 点赞=20, 踩=1, 吐槽数=2
2025-03-29 08:04:31,766 - scrapers.jandan_scraper - INFO - 评论 5879310 有 12 条吐槽，开始获取
2025-03-29 08:04:31,766 - scrapers.jandan_scraper - INFO - 获取评论 5879310 的吐槽内容: https://jandan.net/api/tucao/list/5879310
2025-03-29 08:04:33,157 - scrapers.jandan_scraper - INFO - 评论 5879310 获取到 4 条热门吐槽, 12 条普通吐槽
2025-03-29 08:04:33,158 - scrapers.jandan_scraper - INFO - 评论 5879310 成功获取 12 条吐槽
2025-03-29 08:04:33,158 - scrapers.jandan_scraper - INFO - 评论 5879310 解析完成: 作者=@我秋, 类别=@树洞, 点赞=19, 踩=42, 吐槽数=12
2025-03-29 08:04:33,159 - scrapers.jandan_scraper - INFO - 评论 5879506 有 6 条吐槽，开始获取
2025-03-29 08:04:33,159 - scrapers.jandan_scraper - INFO - 获取评论 5879506 的吐槽内容: https://jandan.net/api/tucao/list/5879506
2025-03-29 08:04:36,015 - scrapers.jandan_scraper - INFO - 评论 5879506 获取到 1 条热门吐槽, 6 条普通吐槽
2025-03-29 08:04:36,015 - scrapers.jandan_scraper - INFO - 评论 5879506 成功获取 6 条吐槽
2025-03-29 08:04:36,015 - scrapers.jandan_scraper - INFO - 评论 5879506 解析完成: 作者=世界将我唾弃, 类别=@树洞, 点赞=19, 踩=0, 吐槽数=6
2025-03-29 08:04:36,017 - scrapers.jandan_scraper - INFO - 评论 5879274 有 4 条吐槽，开始获取
2025-03-29 08:04:36,017 - scrapers.jandan_scraper - INFO - 获取评论 5879274 的吐槽内容: https://jandan.net/api/tucao/list/5879274
2025-03-29 08:04:37,975 - scrapers.jandan_scraper - INFO - 评论 5879274 获取到 0 条热门吐槽, 4 条普通吐槽
2025-03-29 08:04:37,976 - scrapers.jandan_scraper - INFO - 评论 5879274 成功获取 4 条吐槽
2025-03-29 08:04:37,976 - scrapers.jandan_scraper - INFO - 评论 5879274 解析完成: 作者=mp5, 类别=@树洞, 点赞=19, 踩=0, 吐槽数=4
2025-03-29 08:04:37,977 - scrapers.jandan_scraper - INFO - 评论 5879633 有 2 条吐槽，开始获取
2025-03-29 08:04:37,977 - scrapers.jandan_scraper - INFO - 获取评论 5879633 的吐槽内容: https://jandan.net/api/tucao/list/5879633
2025-03-29 08:04:40,479 - scrapers.jandan_scraper - INFO - 评论 5879633 获取到 0 条热门吐槽, 2 条普通吐槽
2025-03-29 08:04:40,479 - scrapers.jandan_scraper - INFO - 评论 5879633 成功获取 2 条吐槽
2025-03-29 08:04:40,480 - scrapers.jandan_scraper - INFO - 评论 5879633 解析完成: 作者=头顶尖尖的, 类别=@树洞, 点赞=18, 踩=1, 吐槽数=2
2025-03-29 08:04:40,481 - scrapers.jandan_scraper - INFO - 评论 5879482 有 1 条吐槽，开始获取
2025-03-29 08:04:40,481 - scrapers.jandan_scraper - INFO - 获取评论 5879482 的吐槽内容: https://jandan.net/api/tucao/list/5879482
2025-03-29 08:04:43,007 - scrapers.jandan_scraper - INFO - 评论 5879482 获取到 0 条热门吐槽, 1 条普通吐槽
2025-03-29 08:04:43,008 - scrapers.jandan_scraper - INFO - 评论 5879482 成功获取 1 条吐槽
2025-03-29 08:04:43,008 - scrapers.jandan_scraper - INFO - 评论 5879482 解析完成: 作者=苦瓜干, 类别=@树洞, 点赞=18, 踩=0, 吐槽数=1
2025-03-29 08:04:43,009 - scrapers.jandan_scraper - INFO - 评论 5879607 有 1 条吐槽，开始获取
2025-03-29 08:04:43,009 - scrapers.jandan_scraper - INFO - 获取评论 5879607 的吐槽内容: https://jandan.net/api/tucao/list/5879607
2025-03-29 08:04:45,263 - scrapers.jandan_scraper - INFO - 评论 5879607 获取到 0 条热门吐槽, 1 条普通吐槽
2025-03-29 08:04:45,263 - scrapers.jandan_scraper - INFO - 评论 5879607 成功获取 1 条吐槽
2025-03-29 08:04:45,264 - scrapers.jandan_scraper - INFO - 评论 5879607 解析完成: 作者=貌美如如花, 类别=@树洞, 点赞=17, 踩=0, 吐槽数=1
2025-03-29 08:04:45,265 - scrapers.jandan_scraper - INFO - 评论 5879486 有 4 条吐槽，开始获取
2025-03-29 08:04:45,265 - scrapers.jandan_scraper - INFO - 获取评论 5879486 的吐槽内容: https://jandan.net/api/tucao/list/5879486
2025-03-29 08:04:48,252 - scrapers.jandan_scraper - INFO - 评论 5879486 获取到 1 条热门吐槽, 4 条普通吐槽
2025-03-29 08:04:48,252 - scrapers.jandan_scraper - INFO - 评论 5879486 成功获取 4 条吐槽
2025-03-29 08:04:48,252 - scrapers.jandan_scraper - INFO - 评论 5879486 解析完成: 作者=DOS, 类别=@树洞, 点赞=17, 踩=1, 吐槽数=4
2025-03-29 08:04:48,253 - scrapers.jandan_scraper - INFO - 评论 5879307 有 6 条吐槽，开始获取
2025-03-29 08:04:48,254 - scrapers.jandan_scraper - INFO - 获取评论 5879307 的吐槽内容: https://jandan.net/api/tucao/list/5879307
2025-03-29 08:04:51,455 - scrapers.jandan_scraper - INFO - 评论 5879307 获取到 3 条热门吐槽, 6 条普通吐槽
2025-03-29 08:04:51,455 - scrapers.jandan_scraper - INFO - 评论 5879307 成功获取 6 条吐槽
2025-03-29 08:04:51,456 - scrapers.jandan_scraper - INFO - 评论 5879307 解析完成: 作者=xiaochuer, 类别=@树洞, 点赞=16, 踩=12, 吐槽数=6
2025-03-29 08:04:51,457 - scrapers.jandan_scraper - INFO - 评论 5879209 有 1 条吐槽，开始获取
2025-03-29 08:04:51,457 - scrapers.jandan_scraper - INFO - 获取评论 5879209 的吐槽内容: https://jandan.net/api/tucao/list/5879209
2025-03-29 08:04:53,688 - scrapers.jandan_scraper - INFO - 评论 5879209 获取到 1 条热门吐槽, 1 条普通吐槽
2025-03-29 08:04:53,689 - scrapers.jandan_scraper - INFO - 评论 5879209 成功获取 1 条吐槽
2025-03-29 08:04:53,689 - scrapers.jandan_scraper - INFO - 评论 5879209 解析完成: 作者=桃子夭夭, 类别=@树洞, 点赞=16, 踩=0, 吐槽数=1
2025-03-29 08:04:53,690 - scrapers.jandan_scraper - INFO - 评论 5879578 有 1 条吐槽，开始获取
2025-03-29 08:04:53,690 - scrapers.jandan_scraper - INFO - 获取评论 5879578 的吐槽内容: https://jandan.net/api/tucao/list/5879578
2025-03-29 08:04:56,559 - scrapers.jandan_scraper - INFO - 评论 5879578 获取到 0 条热门吐槽, 1 条普通吐槽
2025-03-29 08:04:56,559 - scrapers.jandan_scraper - INFO - 评论 5879578 成功获取 1 条吐槽
2025-03-29 08:04:56,559 - scrapers.jandan_scraper - INFO - 评论 5879578 解析完成: 作者=像野狗一样自私卑鄙的窃睾, 类别=@树洞, 点赞=15, 踩=0, 吐槽数=1
2025-03-29 08:04:56,561 - scrapers.jandan_scraper - INFO - 评论 5879158 有 2 条吐槽，开始获取
2025-03-29 08:04:56,561 - scrapers.jandan_scraper - INFO - 获取评论 5879158 的吐槽内容: https://jandan.net/api/tucao/list/5879158
2025-03-29 08:04:58,466 - scrapers.jandan_scraper - INFO - 评论 5879158 获取到 1 条热门吐槽, 2 条普通吐槽
2025-03-29 08:04:58,466 - scrapers.jandan_scraper - INFO - 评论 5879158 成功获取 2 条吐槽
2025-03-29 08:04:58,466 - scrapers.jandan_scraper - INFO - 评论 5879158 解析完成: 作者=像野狗一样自私卑鄙的窃睾, 类别=@树洞, 点赞=15, 踩=0, 吐槽数=2
2025-03-29 08:04:58,468 - scrapers.jandan_scraper - INFO - 评论 5879436 有 4 条吐槽，开始获取
2025-03-29 08:04:58,468 - scrapers.jandan_scraper - INFO - 获取评论 5879436 的吐槽内容: https://jandan.net/api/tucao/list/5879436
2025-03-29 08:04:59,873 - scrapers.jandan_scraper - INFO - 评论 5879436 获取到 2 条热门吐槽, 4 条普通吐槽
2025-03-29 08:04:59,873 - scrapers.jandan_scraper - INFO - 评论 5879436 成功获取 4 条吐槽
2025-03-29 08:04:59,873 - scrapers.jandan_scraper - INFO - 评论 5879436 解析完成: 作者=可乐五岁半, 类别=@树洞, 点赞=15, 踩=1, 吐槽数=4
2025-03-29 08:04:59,875 - scrapers.jandan_scraper - INFO - 评论 5879460 有 1 条吐槽，开始获取
2025-03-29 08:04:59,875 - scrapers.jandan_scraper - INFO - 获取评论 5879460 的吐槽内容: https://jandan.net/api/tucao/list/5879460
2025-03-29 08:05:02,516 - scrapers.jandan_scraper - INFO - 评论 5879460 获取到 0 条热门吐槽, 1 条普通吐槽
2025-03-29 08:05:02,516 - scrapers.jandan_scraper - INFO - 评论 5879460 成功获取 1 条吐槽
2025-03-29 08:05:02,517 - scrapers.jandan_scraper - INFO - 评论 5879460 解析完成: 作者=拔剑四顾心茫然, 类别=@树洞, 点赞=15, 踩=6, 吐槽数=1
2025-03-29 08:05:02,518 - scrapers.jandan_scraper - INFO - 评论 5879481 有 5 条吐槽，开始获取
2025-03-29 08:05:02,518 - scrapers.jandan_scraper - INFO - 获取评论 5879481 的吐槽内容: https://jandan.net/api/tucao/list/5879481
2025-03-29 08:05:05,540 - scrapers.jandan_scraper - INFO - 评论 5879481 获取到 0 条热门吐槽, 5 条普通吐槽
2025-03-29 08:05:05,540 - scrapers.jandan_scraper - INFO - 评论 5879481 成功获取 5 条吐槽
2025-03-29 08:05:05,540 - scrapers.jandan_scraper - INFO - 评论 5879481 解析完成: 作者=午夜, 类别=@树洞, 点赞=14, 踩=0, 吐槽数=5
2025-03-29 08:05:05,541 - scrapers.jandan_scraper - INFO - 评论 5879221 有 9 条吐槽，开始获取
2025-03-29 08:05:05,541 - scrapers.jandan_scraper - INFO - 获取评论 5879221 的吐槽内容: https://jandan.net/api/tucao/list/5879221
2025-03-29 08:05:08,682 - scrapers.jandan_scraper - INFO - 评论 5879221 获取到 1 条热门吐槽, 9 条普通吐槽
2025-03-29 08:05:08,682 - scrapers.jandan_scraper - INFO - 评论 5879221 成功获取 9 条吐槽
2025-03-29 08:05:08,683 - scrapers.jandan_scraper - INFO - 评论 5879221 解析完成: 作者=满街乱逛者, 类别=@树洞, 点赞=13, 踩=22, 吐槽数=9
2025-03-29 08:05:08,684 - scrapers.jandan_scraper - INFO - 评论 5879231 有 1 条吐槽，开始获取
2025-03-29 08:05:08,684 - scrapers.jandan_scraper - INFO - 获取评论 5879231 的吐槽内容: https://jandan.net/api/tucao/list/5879231
2025-03-29 08:05:11,313 - scrapers.jandan_scraper - INFO - 评论 5879231 获取到 0 条热门吐槽, 1 条普通吐槽
2025-03-29 08:05:11,313 - scrapers.jandan_scraper - INFO - 评论 5879231 成功获取 1 条吐槽
2025-03-29 08:05:11,313 - scrapers.jandan_scraper - INFO - 评论 5879231 解析完成: 作者=调味食品厂, 类别=@树洞, 点赞=13, 踩=1, 吐槽数=1
2025-03-29 08:05:11,314 - scrapers.jandan_scraper - INFO - 评论 5879146 有 1 条吐槽，开始获取
2025-03-29 08:05:11,315 - scrapers.jandan_scraper - INFO - 获取评论 5879146 的吐槽内容: https://jandan.net/api/tucao/list/5879146
2025-03-29 08:05:13,790 - scrapers.jandan_scraper - INFO - 评论 5879146 获取到 0 条热门吐槽, 1 条普通吐槽
2025-03-29 08:05:13,790 - scrapers.jandan_scraper - INFO - 评论 5879146 成功获取 1 条吐槽
2025-03-29 08:05:13,791 - scrapers.jandan_scraper - INFO - 评论 5879146 解析完成: 作者=啊~六环, 类别=@树洞, 点赞=12, 踩=2, 吐槽数=1
2025-03-29 08:05:13,792 - scrapers.jandan_scraper - INFO - 评论 5879198 有 3 条吐槽，开始获取
2025-03-29 08:05:13,792 - scrapers.jandan_scraper - INFO - 获取评论 5879198 的吐槽内容: https://jandan.net/api/tucao/list/5879198
2025-03-29 08:05:16,924 - scrapers.jandan_scraper - INFO - 评论 5879198 获取到 0 条热门吐槽, 3 条普通吐槽
2025-03-29 08:05:16,924 - scrapers.jandan_scraper - INFO - 评论 5879198 成功获取 3 条吐槽
2025-03-29 08:05:16,924 - scrapers.jandan_scraper - INFO - 评论 5879198 解析完成: 作者=fjlkoin, 类别=@树洞, 点赞=11, 踩=2, 吐槽数=3
2025-03-29 08:05:16,925 - scrapers.jandan_scraper - INFO - 评论 5879527 有 4 条吐槽，开始获取
2025-03-29 08:05:16,925 - scrapers.jandan_scraper - INFO - 获取评论 5879527 的吐槽内容: https://jandan.net/api/tucao/list/5879527
2025-03-29 08:05:19,842 - scrapers.jandan_scraper - INFO - 评论 5879527 获取到 1 条热门吐槽, 4 条普通吐槽
2025-03-29 08:05:19,842 - scrapers.jandan_scraper - INFO - 评论 5879527 成功获取 4 条吐槽
2025-03-29 08:05:19,843 - scrapers.jandan_scraper - INFO - 评论 5879527 解析完成: 作者=混天度日, 类别=@树洞, 点赞=11, 踩=0, 吐槽数=4
2025-03-29 08:05:19,844 - scrapers.jandan_scraper - INFO - 评论 5879558 有 1 条吐槽，开始获取
2025-03-29 08:05:19,844 - scrapers.jandan_scraper - INFO - 获取评论 5879558 的吐槽内容: https://jandan.net/api/tucao/list/5879558
2025-03-29 08:05:22,954 - scrapers.jandan_scraper - INFO - 评论 5879558 获取到 0 条热门吐槽, 1 条普通吐槽
2025-03-29 08:05:22,954 - scrapers.jandan_scraper - INFO - 评论 5879558 成功获取 1 条吐槽
2025-03-29 08:05:22,955 - scrapers.jandan_scraper - INFO - 评论 5879558 解析完成: 作者=零四, 类别=@树洞, 点赞=10, 踩=1, 吐槽数=1
2025-03-29 08:05:22,956 - scrapers.jandan_scraper - INFO - 评论 5879581 有 2 条吐槽，开始获取
2025-03-29 08:05:22,956 - scrapers.jandan_scraper - INFO - 获取评论 5879581 的吐槽内容: https://jandan.net/api/tucao/list/5879581
2025-03-29 08:05:25,793 - scrapers.jandan_scraper - INFO - 评论 5879581 获取到 0 条热门吐槽, 2 条普通吐槽
2025-03-29 08:05:25,793 - scrapers.jandan_scraper - INFO - 评论 5879581 成功获取 2 条吐槽
2025-03-29 08:05:25,793 - scrapers.jandan_scraper - INFO - 评论 5879581 解析完成: 作者=盛夏芦苇荡, 类别=@树洞, 点赞=10, 踩=3, 吐槽数=2
2025-03-29 08:05:25,794 - scrapers.jandan_scraper - INFO - 评论 5879156 解析完成: 作者=spike, 类别=@树洞, 点赞=10, 踩=3, 吐槽数=0
2025-03-29 08:05:25,795 - scrapers.jandan_scraper - INFO - 评论 5879435 有 3 条吐槽，开始获取
2025-03-29 08:05:25,796 - scrapers.jandan_scraper - INFO - 获取评论 5879435 的吐槽内容: https://jandan.net/api/tucao/list/5879435
2025-03-29 08:05:28,627 - scrapers.jandan_scraper - INFO - 评论 5879435 获取到 1 条热门吐槽, 3 条普通吐槽
2025-03-29 08:05:28,628 - scrapers.jandan_scraper - INFO - 评论 5879435 成功获取 3 条吐槽
2025-03-29 08:05:28,628 - scrapers.jandan_scraper - INFO - 评论 5879435 解析完成: 作者=拧发条鸟, 类别=@树洞, 点赞=10, 踩=16, 吐槽数=3
2025-03-29 08:05:28,629 - scrapers.jandan_scraper - INFO - 评论 5879184 有 2 条吐槽，开始获取
2025-03-29 08:05:28,629 - scrapers.jandan_scraper - INFO - 获取评论 5879184 的吐槽内容: https://jandan.net/api/tucao/list/5879184
2025-03-29 08:05:31,349 - scrapers.jandan_scraper - INFO - 评论 5879184 获取到 0 条热门吐槽, 2 条普通吐槽
2025-03-29 08:05:31,349 - scrapers.jandan_scraper - INFO - 评论 5879184 成功获取 2 条吐槽
2025-03-29 08:05:31,349 - scrapers.jandan_scraper - INFO - 评论 5879184 解析完成: 作者=困困困, 类别=@树洞, 点赞=10, 踩=9, 吐槽数=2
2025-03-29 08:05:31,350 - scrapers.jandan_scraper - INFO - 评论 5879127 有 1 条吐槽，开始获取
2025-03-29 08:05:31,351 - scrapers.jandan_scraper - INFO - 获取评论 5879127 的吐槽内容: https://jandan.net/api/tucao/list/5879127
2025-03-29 08:05:34,385 - scrapers.jandan_scraper - INFO - 评论 5879127 获取到 0 条热门吐槽, 1 条普通吐槽
2025-03-29 08:05:34,385 - scrapers.jandan_scraper - INFO - 评论 5879127 成功获取 1 条吐槽
2025-03-29 08:05:34,386 - scrapers.jandan_scraper - INFO - 评论 5879127 解析完成: 作者=坚持不懈, 类别=@树洞, 点赞=9, 踩=0, 吐槽数=1
2025-03-29 08:05:34,387 - scrapers.jandan_scraper - INFO - 评论 5879285 有 1 条吐槽，开始获取
2025-03-29 08:05:34,387 - scrapers.jandan_scraper - INFO - 获取评论 5879285 的吐槽内容: https://jandan.net/api/tucao/list/5879285
2025-03-29 08:05:37,599 - scrapers.jandan_scraper - INFO - 评论 5879285 获取到 0 条热门吐槽, 1 条普通吐槽
2025-03-29 08:05:37,599 - scrapers.jandan_scraper - INFO - 评论 5879285 成功获取 1 条吐槽
2025-03-29 08:05:37,599 - scrapers.jandan_scraper - INFO - 评论 5879285 解析完成: 作者=稳食艰难, 类别=@树洞, 点赞=9, 踩=0, 吐槽数=1
2025-03-29 08:05:37,600 - scrapers.jandan_scraper - INFO - 开始转换评论为统一格式
2025-03-29 08:05:37,600 - scrapers.jandan_scraper - INFO - 开始转换 50 条评论到统一格式
2025-03-29 08:05:37,600 - scrapers.jandan_scraper - INFO - 评论 5879113 成功转换，包含 1 条吐槽回复
2025-03-29 08:05:37,601 - scrapers.jandan_scraper - INFO - 评论 5879119 成功转换，包含 6 条吐槽回复
2025-03-29 08:05:37,601 - scrapers.jandan_scraper - INFO - 评论 5879247 成功转换，包含 1 条吐槽回复
2025-03-29 08:05:37,604 - scrapers.jandan_scraper - INFO - 评论 5879528 成功转换，包含 3 条吐槽回复
2025-03-29 08:05:37,604 - scrapers.jandan_scraper - INFO - 评论 5879391 成功转换，包含 3 条吐槽回复
2025-03-29 08:05:37,605 - scrapers.jandan_scraper - INFO - 评论 5879190 成功转换，包含 4 条吐槽回复
2025-03-29 08:05:37,605 - scrapers.jandan_scraper - INFO - 评论 5879193 成功转换，包含 1 条吐槽回复
2025-03-29 08:05:37,606 - scrapers.jandan_scraper - INFO - 评论 5879103 成功转换，包含 5 条吐槽回复
2025-03-29 08:05:37,607 - scrapers.jandan_scraper - INFO - 评论 5879187 成功转换，包含 3 条吐槽回复
2025-03-29 08:05:37,607 - scrapers.jandan_scraper - INFO - 评论 5879164 成功转换，包含 1 条吐槽回复
2025-03-29 08:05:37,607 - scrapers.jandan_scraper - INFO - 评论 5879387 成功转换，包含 0 条吐槽回复
2025-03-29 08:05:37,608 - scrapers.jandan_scraper - INFO - 评论 5879314 成功转换，包含 4 条吐槽回复
2025-03-29 08:05:37,608 - scrapers.jandan_scraper - INFO - 评论 5879353 成功转换，包含 1 条吐槽回复
2025-03-29 08:05:37,608 - scrapers.jandan_scraper - INFO - 评论 5879449 成功转换，包含 4 条吐槽回复
2025-03-29 08:05:37,609 - scrapers.jandan_scraper - INFO - 评论 5879117 成功转换，包含 0 条吐槽回复
2025-03-29 08:05:37,609 - scrapers.jandan_scraper - INFO - 评论 5879249 成功转换，包含 3 条吐槽回复
2025-03-29 08:05:37,610 - scrapers.jandan_scraper - INFO - 评论 5879563 成功转换，包含 7 条吐槽回复
2025-03-29 08:05:37,611 - scrapers.jandan_scraper - INFO - 评论 5879361 成功转换，包含 4 条吐槽回复
2025-03-29 08:05:37,612 - scrapers.jandan_scraper - INFO - 评论 5879108 成功转换，包含 5 条吐槽回复
2025-03-29 08:05:37,612 - scrapers.jandan_scraper - INFO - 评论 5879448 成功转换，包含 4 条吐槽回复
2025-03-29 08:05:37,614 - scrapers.jandan_scraper - INFO - 评论 5879509 成功转换，包含 10 条吐槽回复
2025-03-29 08:05:37,614 - scrapers.jandan_scraper - INFO - 评论 5879559 成功转换，包含 2 条吐槽回复
2025-03-29 08:05:37,614 - scrapers.jandan_scraper - INFO - 评论 5879160 成功转换，包含 1 条吐槽回复
2025-03-29 08:05:37,615 - scrapers.jandan_scraper - INFO - 评论 5879281 成功转换，包含 2 条吐槽回复
2025-03-29 08:05:37,616 - scrapers.jandan_scraper - INFO - 评论 5879310 成功转换，包含 12 条吐槽回复
2025-03-29 08:05:37,617 - scrapers.jandan_scraper - INFO - 评论 5879506 成功转换，包含 6 条吐槽回复
2025-03-29 08:05:37,618 - scrapers.jandan_scraper - INFO - 评论 5879274 成功转换，包含 4 条吐槽回复
2025-03-29 08:05:37,618 - scrapers.jandan_scraper - INFO - 评论 5879633 成功转换，包含 2 条吐槽回复
2025-03-29 08:05:37,619 - scrapers.jandan_scraper - INFO - 评论 5879482 成功转换，包含 1 条吐槽回复
2025-03-29 08:05:37,619 - scrapers.jandan_scraper - INFO - 评论 5879607 成功转换，包含 1 条吐槽回复
2025-03-29 08:05:37,619 - scrapers.jandan_scraper - INFO - 评论 5879486 成功转换，包含 4 条吐槽回复
2025-03-29 08:05:37,621 - scrapers.jandan_scraper - INFO - 评论 5879307 成功转换，包含 6 条吐槽回复
2025-03-29 08:05:37,621 - scrapers.jandan_scraper - INFO - 评论 5879209 成功转换，包含 1 条吐槽回复
2025-03-29 08:05:37,621 - scrapers.jandan_scraper - INFO - 评论 5879578 成功转换，包含 1 条吐槽回复
2025-03-29 08:05:37,622 - scrapers.jandan_scraper - INFO - 评论 5879158 成功转换，包含 2 条吐槽回复
2025-03-29 08:05:37,622 - scrapers.jandan_scraper - INFO - 评论 5879436 成功转换，包含 4 条吐槽回复
2025-03-29 08:05:37,623 - scrapers.jandan_scraper - INFO - 评论 5879460 成功转换，包含 1 条吐槽回复
2025-03-29 08:05:37,624 - scrapers.jandan_scraper - INFO - 评论 5879481 成功转换，包含 5 条吐槽回复
2025-03-29 08:05:37,625 - scrapers.jandan_scraper - INFO - 评论 5879221 成功转换，包含 9 条吐槽回复
2025-03-29 08:05:37,625 - scrapers.jandan_scraper - INFO - 评论 5879231 成功转换，包含 1 条吐槽回复
2025-03-29 08:05:37,625 - scrapers.jandan_scraper - INFO - 评论 5879146 成功转换，包含 1 条吐槽回复
2025-03-29 08:05:37,626 - scrapers.jandan_scraper - INFO - 评论 5879198 成功转换，包含 3 条吐槽回复
2025-03-29 08:05:37,627 - scrapers.jandan_scraper - INFO - 评论 5879527 成功转换，包含 4 条吐槽回复
2025-03-29 08:05:37,627 - scrapers.jandan_scraper - INFO - 评论 5879558 成功转换，包含 1 条吐槽回复
2025-03-29 08:05:37,627 - scrapers.jandan_scraper - INFO - 评论 5879581 成功转换，包含 2 条吐槽回复
2025-03-29 08:05:37,627 - scrapers.jandan_scraper - INFO - 评论 5879156 成功转换，包含 0 条吐槽回复
2025-03-29 08:05:37,628 - scrapers.jandan_scraper - INFO - 评论 5879435 成功转换，包含 3 条吐槽回复
2025-03-29 08:05:37,628 - scrapers.jandan_scraper - INFO - 评论 5879184 成功转换，包含 2 条吐槽回复
2025-03-29 08:05:37,629 - scrapers.jandan_scraper - INFO - 评论 5879127 成功转换，包含 1 条吐槽回复
2025-03-29 08:05:37,629 - scrapers.jandan_scraper - INFO - 评论 5879285 成功转换，包含 1 条吐槽回复
2025-03-29 08:05:37,629 - scrapers.jandan_scraper - INFO - 共转换 50 条评论为统一格式
2025-03-29 08:05:37,629 - scrapers.jandan_scraper - INFO - 爬取完成，共获取 50 条热评
2025-03-29 08:05:37,637 - root - ERROR - 运行爬虫 jandan 时出错: list indices must be integers or slices, not str
2025-03-29 08:05:37,638 - __main__ - INFO - 完成: 0/1 个爬虫成功运行
2025-03-29 08:05:37,888 - __main__ - INFO - 归档所有源的旧数据
2025-03-29 08:05:37,888 - __main__ - INFO - 源 jandan 归档 无需归档
