2025-12-27 16:02:15,801 - __main__ - INFO - 运行所有爬虫
2025-12-27 16:02:15,801 - scrapers.jandan_scraper - INFO - JandanScraper初始化完成
2025-12-27 16:02:15,801 - scrapers.base_scraper - INFO - 开始爬取 煎蛋网
2025-12-27 16:02:15,801 - scrapers.jandan_scraper - INFO - 开始爬取煎蛋热评
2025-12-27 16:02:18,943 - scrapers.jandan_scraper - INFO - 成功获取HTML内容，长度: 24804
2025-12-27 16:02:18,943 - scrapers.jandan_scraper - INFO - 调试: 手动获取评论 5877984 的吐槽数据
2025-12-27 16:02:18,944 - scrapers.jandan_scraper - INFO - 获取评论 5877984 的吐槽内容: https://jandan.net/api/tucao/list/5877984
2025-12-27 16:02:21,507 - scrapers.jandan_scraper - INFO - 评论 5877984 获取到 1 条热门吐槽, 3 条普通吐槽
2025-12-27 16:02:21,507 - scrapers.jandan_scraper - INFO - 调试: 评论 5877984 获取到 1 条热门吐槽, 3 条普通吐槽
2025-12-27 16:02:21,507 - scrapers.jandan_scraper - INFO - 开始解析页面中的评论
2025-12-27 16:02:21,507 - scrapers.jandan_scraper - INFO - 开始解析HTML内容, 长度: 24804
2025-12-27 16:02:21,515 - scrapers.jandan_scraper - INFO - 找到 0 条热门评论
2025-12-27 16:02:21,516 - scrapers.jandan_scraper - INFO - 解析完成，获取到 0 条评论
2025-12-27 16:02:21,516 - scrapers.jandan_scraper - INFO - 开始转换评论为统一格式
2025-12-27 16:02:21,516 - scrapers.jandan_scraper - INFO - 开始转换 0 条评论到统一格式
2025-12-27 16:02:21,516 - scrapers.jandan_scraper - INFO - 共转换 0 条评论为统一格式
2025-12-27 16:02:21,516 - scrapers.jandan_scraper - INFO - 爬取完成，共获取 0 条热评
2025-12-27 16:02:21,516 - scrapers.base_scraper - ERROR - 爬取 煎蛋网 失败
2025-12-27 16:02:21,516 - scrapers.reddit_scraper - INFO - RedditScraper初始化完成
2025-12-27 16:02:21,517 - scrapers.base_scraper - INFO - 开始爬取 Reddit
2025-12-27 16:02:21,517 - scrapers.reddit_scraper - INFO - 开始爬取Reddit r/confessions每周热门帖子
2025-12-27 16:02:24,164 - utils.http_utils - ERROR - 请求失败: https://www.reddit.com/r/confessions/top/.json?t=week&limit=10, 错误: 403 Client Error: Blocked for url: https://www.reddit.com/r/confessions/top/.json?t=week&limit=10
2025-12-27 16:02:24,165 - scrapers.reddit_scraper - ERROR - 获取API数据失败: 403 Client Error: Blocked for url: https://www.reddit.com/r/confessions/top/.json?t=week&limit=10
2025-12-27 16:02:24,165 - scrapers.base_scraper - ERROR - 爬取 Reddit 失败
2025-12-27 16:02:24,165 - scrapers.hackernews_scraper - INFO - HackerNewsScraper初始化完成
2025-12-27 16:02:24,165 - scrapers.base_scraper - INFO - 开始爬取 Hacker News
2025-12-27 16:02:24,165 - scrapers.hackernews_scraper - INFO - 开始爬取Hacker News Ask HN帖子
2025-12-27 16:02:24,166 - scrapers.hackernews_scraper - INFO - 获取Ask HN页面: https://news.ycombinator.com/ask
2025-12-27 16:02:26,296 - scrapers.hackernews_scraper - INFO - 找到 30 个帖子行
2025-12-27 16:02:26,298 - scrapers.hackernews_scraper - INFO - 成功解析故事: Ask HN: Resources to get bette..., 作者=sieep, 点赞=22, 评论=0
2025-12-27 16:02:26,298 - scrapers.hackernews_scraper - INFO - 成功解析故事: Ask HN: What did you read in 2..., 作者=kwar13, 点赞=256, 评论=0
2025-12-27 16:02:26,299 - scrapers.hackernews_scraper - INFO - 成功解析故事: Ask HN: What skills do you wan..., 作者=meridion, 点赞=224, 评论=0
2025-12-27 16:02:26,299 - scrapers.hackernews_scraper - INFO - 成功解析故事: Ask HN: Would anyone pay for a..., 作者=neilfd, 点赞=3, 评论=0
2025-12-27 16:02:26,300 - scrapers.hackernews_scraper - INFO - 成功解析故事: Ask HN: How are you sandboxing..., 作者=m-hodges, 点赞=25, 评论=0
2025-12-27 16:02:26,300 - scrapers.hackernews_scraper - INFO - 成功解析故事: Ask HN: What was the hardest b..., 作者=varshith17, 点赞=5, 评论=0
2025-12-27 16:02:26,301 - scrapers.hackernews_scraper - INFO - 成功解析故事: Ask HN: What are the best engi..., 作者=nishilpatel, 点赞=457, 评论=0
2025-12-27 16:02:26,302 - scrapers.hackernews_scraper - INFO - 成功解析故事: Ask HN: Why isn't there compet..., 作者=antfie, 点赞=59, 评论=0
2025-12-27 16:02:26,302 - scrapers.hackernews_scraper - INFO - 成功解析故事: Ask HN: What is the internatio..., 作者=KellyCriterion, 点赞=60, 评论=0
2025-12-27 16:02:26,303 - scrapers.hackernews_scraper - INFO - 成功解析故事: Ask HN: How many HN'ers Celebr..., 作者=gist, 点赞=18, 评论=0
2025-12-27 16:02:26,304 - scrapers.hackernews_scraper - INFO - 成功解析故事: Ask HN: Is Dart a particularly..., 作者=theanonymousone, 点赞=4, 评论=0
2025-12-27 16:02:26,304 - scrapers.hackernews_scraper - INFO - 成功解析故事: Ask HN: Good uses cases for Fa..., 作者=fud101, 点赞=14, 评论=0
2025-12-27 16:02:26,305 - scrapers.hackernews_scraper - INFO - 成功解析故事: Ask HN: At 34, can I aspire to..., 作者=yesitcan, 点赞=26, 评论=0
2025-12-27 16:02:26,305 - scrapers.hackernews_scraper - INFO - 成功解析故事: Ask HN: Useful (Non-Coding) Ag..., 作者=qaboutthat, 点赞=2, 评论=0
2025-12-27 16:02:26,306 - scrapers.hackernews_scraper - INFO - 成功解析故事: Ask HN: My mother was scammed ..., 作者=scapbi, 点赞=133, 评论=0
2025-12-27 16:02:26,306 - scrapers.hackernews_scraper - INFO - 成功解析 15 个Ask HN故事
2025-12-27 16:02:26,306 - scrapers.hackernews_scraper - INFO - 开始转换 15 个故事到统一格式
2025-12-27 16:02:26,306 - scrapers.hackernews_scraper - INFO - 转换第 1/15 个故事: Ask HN: Resources to get bette...
2025-12-27 16:02:28,543 - scrapers.hackernews_scraper - INFO - 找到 8 条评论
2025-12-27 16:02:28,549 - scrapers.hackernews_scraper - INFO - 故事 Ask HN: Resources to get bette... 转换完成，包含 8 条评论
2025-12-27 16:02:28,549 - scrapers.hackernews_scraper - INFO - 转换第 2/15 个故事: Ask HN: What did you read in 2...
2025-12-27 16:02:32,495 - scrapers.hackernews_scraper - INFO - 找到 358 条评论
2025-12-27 16:02:34,692 - scrapers.hackernews_scraper - INFO - 故事 Ask HN: What did you read in 2... 转换完成，包含 100 条评论
2025-12-27 16:02:34,692 - scrapers.hackernews_scraper - INFO - 转换第 3/15 个故事: Ask HN: What skills do you wan...
2025-12-27 16:02:37,272 - scrapers.hackernews_scraper - INFO - 找到 366 条评论
2025-12-27 16:02:39,555 - scrapers.hackernews_scraper - INFO - 故事 Ask HN: What skills do you wan... 转换完成，包含 100 条评论
2025-12-27 16:02:39,555 - scrapers.hackernews_scraper - INFO - 转换第 4/15 个故事: Ask HN: Would anyone pay for a...
2025-12-27 16:02:41,689 - scrapers.hackernews_scraper - INFO - 找到 11 条评论
2025-12-27 16:02:41,697 - scrapers.hackernews_scraper - INFO - 故事 Ask HN: Would anyone pay for a... 转换完成，包含 11 条评论
2025-12-27 16:02:41,697 - scrapers.hackernews_scraper - INFO - 转换第 5/15 个故事: Ask HN: How are you sandboxing...
2025-12-27 16:02:43,240 - scrapers.hackernews_scraper - INFO - 找到 17 条评论
2025-12-27 16:02:43,253 - scrapers.hackernews_scraper - INFO - 故事 Ask HN: How are you sandboxing... 转换完成，包含 17 条评论
2025-12-27 16:02:43,253 - scrapers.hackernews_scraper - INFO - 转换第 6/15 个故事: Ask HN: What was the hardest b...
2025-12-27 16:02:45,214 - scrapers.hackernews_scraper - INFO - 找到 2 条评论
2025-12-27 16:02:45,215 - scrapers.hackernews_scraper - INFO - 故事 Ask HN: What was the hardest b... 转换完成，包含 2 条评论
2025-12-27 16:02:45,215 - scrapers.hackernews_scraper - INFO - 转换第 7/15 个故事: Ask HN: What are the best engi...
2025-12-27 16:02:46,733 - scrapers.hackernews_scraper - INFO - 找到 135 条评论
2025-12-27 16:02:47,082 - scrapers.hackernews_scraper - INFO - 故事 Ask HN: What are the best engi... 转换完成，包含 100 条评论
2025-12-27 16:02:47,082 - scrapers.hackernews_scraper - INFO - 转换第 8/15 个故事: Ask HN: Why isn't there compet...
2025-12-27 16:02:48,742 - scrapers.hackernews_scraper - INFO - 找到 57 条评论
2025-12-27 16:02:48,818 - scrapers.hackernews_scraper - INFO - 故事 Ask HN: Why isn't there compet... 转换完成，包含 57 条评论
2025-12-27 16:02:48,818 - scrapers.hackernews_scraper - INFO - 转换第 9/15 个故事: Ask HN: What is the internatio...
2025-12-27 16:02:51,571 - scrapers.hackernews_scraper - INFO - 找到 26 条评论
2025-12-27 16:02:51,594 - scrapers.hackernews_scraper - INFO - 故事 Ask HN: What is the internatio... 转换完成，包含 26 条评论
2025-12-27 16:02:51,594 - scrapers.hackernews_scraper - INFO - 转换第 10/15 个故事: Ask HN: How many HN'ers Celebr...
2025-12-27 16:02:53,051 - scrapers.hackernews_scraper - INFO - 找到 31 条评论
2025-12-27 16:02:53,081 - scrapers.hackernews_scraper - INFO - 故事 Ask HN: How many HN'ers Celebr... 转换完成，包含 31 条评论
2025-12-27 16:02:53,081 - scrapers.hackernews_scraper - INFO - 转换第 11/15 个故事: Ask HN: Is Dart a particularly...
2025-12-27 16:02:54,454 - scrapers.hackernews_scraper - INFO - 找到 7 条评论
2025-12-27 16:02:54,459 - scrapers.hackernews_scraper - INFO - 故事 Ask HN: Is Dart a particularly... 转换完成，包含 7 条评论
2025-12-27 16:02:54,459 - scrapers.hackernews_scraper - INFO - 转换第 12/15 个故事: Ask HN: Good uses cases for Fa...
2025-12-27 16:02:55,832 - scrapers.hackernews_scraper - INFO - 找到 5 条评论
2025-12-27 16:02:55,835 - scrapers.hackernews_scraper - INFO - 故事 Ask HN: Good uses cases for Fa... 转换完成，包含 5 条评论
2025-12-27 16:02:55,835 - scrapers.hackernews_scraper - INFO - 转换第 13/15 个故事: Ask HN: At 34, can I aspire to...
2025-12-27 16:02:57,676 - scrapers.hackernews_scraper - INFO - 找到 21 条评论
2025-12-27 16:02:57,692 - scrapers.hackernews_scraper - INFO - 故事 Ask HN: At 34, can I aspire to... 转换完成，包含 21 条评论
2025-12-27 16:02:57,692 - scrapers.hackernews_scraper - INFO - 转换第 14/15 个故事: Ask HN: Useful (Non-Coding) Ag...
2025-12-27 16:03:00,137 - scrapers.hackernews_scraper - INFO - 找到 0 条评论
2025-12-27 16:03:00,137 - scrapers.hackernews_scraper - INFO - 故事 Ask HN: Useful (Non-Coding) Ag... 转换完成，包含 0 条评论
2025-12-27 16:03:00,137 - scrapers.hackernews_scraper - INFO - 转换第 15/15 个故事: Ask HN: My mother was scammed ...
2025-12-27 16:03:02,789 - scrapers.hackernews_scraper - INFO - 找到 67 条评论
2025-12-27 16:03:02,887 - scrapers.hackernews_scraper - INFO - 故事 Ask HN: My mother was scammed ... 转换完成，包含 67 条评论
2025-12-27 16:03:02,887 - scrapers.hackernews_scraper - INFO - 共转换 15 个故事为统一格式
2025-12-27 16:03:02,887 - scrapers.hackernews_scraper - INFO - 爬取完成，共获取 15 个Ask HN故事
2025-12-27 16:03:03,494 - utils.storage_utils - INFO - 已更新源索引: hackernews
2025-12-27 16:03:03,497 - utils.storage_utils - INFO - 数据已保存到 data/hackernews/week_2025-12-22.json
2025-12-27 16:03:03,499 - scrapers.base_scraper - INFO - 数据已保存到 data/hackernews/week_2025-12-22.json
2025-12-27 16:03:03,499 - scrapers.base_scraper - INFO - 成功爬取 Hacker News 的数据
2025-12-27 16:03:03,500 - __main__ - INFO - 完成: 1/3 个爬虫成功运行
2025-12-27 16:03:03,718 - __main__ - INFO - 归档所有源的旧数据
2025-12-27 16:03:03,719 - __main__ - INFO - 源 jandan 归档 无需归档
2025-12-27 16:03:03,719 - __main__ - INFO - 源 reddit 归档 无需归档
2025-12-27 16:03:03,719 - __main__ - INFO - 源 hackernews 归档 无需归档
