2026-01-12 16:03:42,460 - __main__ - INFO - 运行所有爬虫
2026-01-12 16:03:42,461 - scrapers.jandan_scraper - INFO - JandanScraper初始化完成
2026-01-12 16:03:42,461 - scrapers.base_scraper - INFO - 开始爬取 煎蛋网
2026-01-12 16:03:42,461 - scrapers.jandan_scraper - INFO - 开始爬取煎蛋热评
2026-01-12 16:03:46,649 - scrapers.jandan_scraper - INFO - 成功获取HTML内容，长度: 24777
2026-01-12 16:03:46,649 - scrapers.jandan_scraper - INFO - 调试: 手动获取评论 5877984 的吐槽数据
2026-01-12 16:03:46,649 - scrapers.jandan_scraper - INFO - 获取评论 5877984 的吐槽内容: https://jandan.net/api/tucao/list/5877984
2026-01-12 16:03:49,517 - scrapers.jandan_scraper - INFO - 评论 5877984 获取到 1 条热门吐槽, 3 条普通吐槽
2026-01-12 16:03:49,517 - scrapers.jandan_scraper - INFO - 调试: 评论 5877984 获取到 1 条热门吐槽, 3 条普通吐槽
2026-01-12 16:03:49,517 - scrapers.jandan_scraper - INFO - 开始解析页面中的评论
2026-01-12 16:03:49,517 - scrapers.jandan_scraper - INFO - 开始解析HTML内容, 长度: 24777
2026-01-12 16:03:49,526 - scrapers.jandan_scraper - INFO - 找到 0 条热门评论
2026-01-12 16:03:49,526 - scrapers.jandan_scraper - INFO - 解析完成，获取到 0 条评论
2026-01-12 16:03:49,526 - scrapers.jandan_scraper - INFO - 开始转换评论为统一格式
2026-01-12 16:03:49,526 - scrapers.jandan_scraper - INFO - 开始转换 0 条评论到统一格式
2026-01-12 16:03:49,526 - scrapers.jandan_scraper - INFO - 共转换 0 条评论为统一格式
2026-01-12 16:03:49,526 - scrapers.jandan_scraper - INFO - 爬取完成，共获取 0 条热评
2026-01-12 16:03:49,526 - scrapers.base_scraper - ERROR - 爬取 煎蛋网 失败
2026-01-12 16:03:49,527 - scrapers.reddit_scraper - INFO - RedditScraper初始化完成
2026-01-12 16:03:49,528 - scrapers.base_scraper - INFO - 开始爬取 Reddit
2026-01-12 16:03:49,528 - scrapers.reddit_scraper - INFO - 开始爬取Reddit r/confessions每周热门帖子
2026-01-12 16:03:51,635 - utils.http_utils - ERROR - 请求失败: https://www.reddit.com/r/confessions/top/.json?t=week&limit=10, 错误: 403 Client Error: Blocked for url: https://www.reddit.com/r/confessions/top/.json?t=week&limit=10
2026-01-12 16:03:51,635 - scrapers.reddit_scraper - ERROR - 获取API数据失败: 403 Client Error: Blocked for url: https://www.reddit.com/r/confessions/top/.json?t=week&limit=10
2026-01-12 16:03:51,636 - scrapers.base_scraper - ERROR - 爬取 Reddit 失败
2026-01-12 16:03:51,636 - scrapers.hackernews_scraper - INFO - HackerNewsScraper初始化完成
2026-01-12 16:03:51,636 - scrapers.base_scraper - INFO - 开始爬取 Hacker News
2026-01-12 16:03:51,636 - scrapers.hackernews_scraper - INFO - 开始爬取Hacker News Ask HN帖子
2026-01-12 16:03:51,636 - scrapers.hackernews_scraper - INFO - 获取Ask HN页面: https://news.ycombinator.com/ask
2026-01-12 16:03:53,460 - scrapers.hackernews_scraper - INFO - 找到 30 个帖子行
2026-01-12 16:03:53,461 - scrapers.hackernews_scraper - INFO - 成功解析故事: Ask HN: What are you working o..., 作者=david927, 点赞=230, 评论=0
2026-01-12 16:03:53,462 - scrapers.hackernews_scraper - INFO - 成功解析故事: Ask HN: Job seekers, what's wo..., 作者=Jabbs, 点赞=4, 评论=0
2026-01-12 16:03:53,463 - scrapers.hackernews_scraper - INFO - 成功解析故事: Ask HN: What are you proud of ..., 作者=nemath, 点赞=2, 评论=0
2026-01-12 16:03:53,463 - scrapers.hackernews_scraper - INFO - 成功解析故事: Ask HN: What business processe..., 作者=lzr_mihnea, 点赞=2, 评论=0
2026-01-12 16:03:53,464 - scrapers.hackernews_scraper - INFO - 成功解析故事: Ask HN: When has a "dumb" solu..., 作者=amadeuswoo, 点赞=9, 评论=0
2026-01-12 16:03:53,464 - scrapers.hackernews_scraper - INFO - 成功解析故事: Ask HN: Has anyone built payme..., 作者=wasiyc, 点赞=2, 评论=0
2026-01-12 16:03:53,465 - scrapers.hackernews_scraper - INFO - 成功解析故事: Ask HN: Senior engineering mng..., 作者=kitetm, 点赞=31, 评论=0
2026-01-12 16:03:53,465 - scrapers.hackernews_scraper - INFO - 成功解析故事: Ask HN: Is Programming as a Pr..., 作者=fnoef, 点赞=15, 评论=0
2026-01-12 16:03:53,466 - scrapers.hackernews_scraper - INFO - 成功解析故事: Ask HN: Best way to find chill..., 作者=digitdiglet, 点赞=33, 评论=0
2026-01-12 16:03:53,466 - scrapers.hackernews_scraper - INFO - 成功解析故事: Ask HN: Is it time for HN to i..., 作者=Rooster61, 点赞=89, 评论=0
2026-01-12 16:03:53,467 - scrapers.hackernews_scraper - INFO - 成功解析故事: Ask HN: What was the best sci-..., 作者=Erikun, 点赞=12, 评论=0
2026-01-12 16:03:53,468 - scrapers.hackernews_scraper - INFO - 成功解析故事: Ask HN: Senior software engine..., 作者=allie1, 点赞=12, 评论=0
2026-01-12 16:03:53,468 - scrapers.hackernews_scraper - INFO - 成功解析故事: Ask HN: Would you pay for a pr..., 作者=sammiej, 点赞=8, 评论=0
2026-01-12 16:03:53,469 - scrapers.hackernews_scraper - INFO - 成功解析故事: Ask HN: Moved to SF to build a..., 作者=kvaranasi_, 点赞=4, 评论=0
2026-01-12 16:03:53,469 - scrapers.hackernews_scraper - INFO - 成功解析故事: Ask HN: Cheaper Datadog anyone..., 作者=kvaranasi_, 点赞=3, 评论=0
2026-01-12 16:03:53,469 - scrapers.hackernews_scraper - INFO - 成功解析 15 个Ask HN故事
2026-01-12 16:03:53,469 - scrapers.hackernews_scraper - INFO - 开始转换 15 个故事到统一格式
2026-01-12 16:03:53,469 - scrapers.hackernews_scraper - INFO - 转换第 1/15 个故事: Ask HN: What are you working o...
2026-01-12 16:03:57,057 - scrapers.hackernews_scraper - INFO - 找到 725 条评论
2026-01-12 16:04:07,097 - scrapers.hackernews_scraper - INFO - 故事 Ask HN: What are you working o... 转换完成，包含 100 条评论
2026-01-12 16:04:07,097 - scrapers.hackernews_scraper - INFO - 转换第 2/15 个故事: Ask HN: Job seekers, what's wo...
2026-01-12 16:04:08,463 - scrapers.hackernews_scraper - INFO - 找到 2 条评论
2026-01-12 16:04:08,464 - scrapers.hackernews_scraper - INFO - 故事 Ask HN: Job seekers, what's wo... 转换完成，包含 2 条评论
2026-01-12 16:04:08,464 - scrapers.hackernews_scraper - INFO - 转换第 3/15 个故事: Ask HN: What are you proud of ...
2026-01-12 16:04:11,223 - scrapers.hackernews_scraper - INFO - 找到 3 条评论
2026-01-12 16:04:11,225 - scrapers.hackernews_scraper - INFO - 故事 Ask HN: What are you proud of ... 转换完成，包含 3 条评论
2026-01-12 16:04:11,225 - scrapers.hackernews_scraper - INFO - 转换第 4/15 个故事: Ask HN: What business processe...
2026-01-12 16:04:13,017 - scrapers.hackernews_scraper - INFO - 找到 3 条评论
2026-01-12 16:04:13,019 - scrapers.hackernews_scraper - INFO - 故事 Ask HN: What business processe... 转换完成，包含 3 条评论
2026-01-12 16:04:13,019 - scrapers.hackernews_scraper - INFO - 转换第 5/15 个故事: Ask HN: When has a "dumb" solu...
2026-01-12 16:04:15,282 - scrapers.hackernews_scraper - INFO - 找到 14 条评论
2026-01-12 16:04:15,293 - scrapers.hackernews_scraper - INFO - 故事 Ask HN: When has a "dumb" solu... 转换完成，包含 14 条评论
2026-01-12 16:04:15,293 - scrapers.hackernews_scraper - INFO - 转换第 6/15 个故事: Ask HN: Has anyone built payme...
2026-01-12 16:04:18,061 - scrapers.hackernews_scraper - INFO - 找到 0 条评论
2026-01-12 16:04:18,062 - scrapers.hackernews_scraper - INFO - 故事 Ask HN: Has anyone built payme... 转换完成，包含 0 条评论
2026-01-12 16:04:18,062 - scrapers.hackernews_scraper - INFO - 转换第 7/15 个故事: Ask HN: Senior engineering mng...
2026-01-12 16:04:19,620 - scrapers.hackernews_scraper - INFO - 找到 7 条评论
2026-01-12 16:04:19,624 - scrapers.hackernews_scraper - INFO - 故事 Ask HN: Senior engineering mng... 转换完成，包含 7 条评论
2026-01-12 16:04:19,624 - scrapers.hackernews_scraper - INFO - 转换第 8/15 个故事: Ask HN: Is Programming as a Pr...
2026-01-12 16:04:21,845 - scrapers.hackernews_scraper - INFO - 找到 30 条评论
2026-01-12 16:04:21,873 - scrapers.hackernews_scraper - INFO - 故事 Ask HN: Is Programming as a Pr... 转换完成，包含 30 条评论
2026-01-12 16:04:21,873 - scrapers.hackernews_scraper - INFO - 转换第 9/15 个故事: Ask HN: Best way to find chill...
2026-01-12 16:04:24,534 - scrapers.hackernews_scraper - INFO - 找到 43 条评论
2026-01-12 16:04:24,581 - scrapers.hackernews_scraper - INFO - 故事 Ask HN: Best way to find chill... 转换完成，包含 43 条评论
2026-01-12 16:04:24,581 - scrapers.hackernews_scraper - INFO - 转换第 10/15 个故事: Ask HN: Is it time for HN to i...
2026-01-12 16:04:26,251 - scrapers.hackernews_scraper - INFO - 找到 135 条评论
2026-01-12 16:04:26,587 - scrapers.hackernews_scraper - INFO - 故事 Ask HN: Is it time for HN to i... 转换完成，包含 100 条评论
2026-01-12 16:04:26,587 - scrapers.hackernews_scraper - INFO - 转换第 11/15 个故事: Ask HN: What was the best sci-...
2026-01-12 16:04:28,891 - scrapers.hackernews_scraper - INFO - 找到 1 条评论
2026-01-12 16:04:28,892 - scrapers.hackernews_scraper - INFO - 故事 Ask HN: What was the best sci-... 转换完成，包含 1 条评论
2026-01-12 16:04:28,892 - scrapers.hackernews_scraper - INFO - 转换第 12/15 个故事: Ask HN: Senior software engine...
2026-01-12 16:04:31,791 - scrapers.hackernews_scraper - INFO - 找到 13 条评论
2026-01-12 16:04:31,801 - scrapers.hackernews_scraper - INFO - 故事 Ask HN: Senior software engine... 转换完成，包含 13 条评论
2026-01-12 16:04:31,801 - scrapers.hackernews_scraper - INFO - 转换第 13/15 个故事: Ask HN: Would you pay for a pr...
2026-01-12 16:04:33,389 - scrapers.hackernews_scraper - INFO - 找到 10 条评论
2026-01-12 16:04:33,396 - scrapers.hackernews_scraper - INFO - 故事 Ask HN: Would you pay for a pr... 转换完成，包含 10 条评论
2026-01-12 16:04:33,396 - scrapers.hackernews_scraper - INFO - 转换第 14/15 个故事: Ask HN: Moved to SF to build a...
2026-01-12 16:04:35,594 - scrapers.hackernews_scraper - INFO - 找到 3 条评论
2026-01-12 16:04:35,595 - scrapers.hackernews_scraper - INFO - 故事 Ask HN: Moved to SF to build a... 转换完成，包含 3 条评论
2026-01-12 16:04:35,595 - scrapers.hackernews_scraper - INFO - 转换第 15/15 个故事: Ask HN: Cheaper Datadog anyone...
2026-01-12 16:04:38,656 - scrapers.hackernews_scraper - INFO - 找到 9 条评论
2026-01-12 16:04:38,661 - scrapers.hackernews_scraper - INFO - 故事 Ask HN: Cheaper Datadog anyone... 转换完成，包含 9 条评论
2026-01-12 16:04:38,662 - scrapers.hackernews_scraper - INFO - 共转换 15 个故事为统一格式
2026-01-12 16:04:38,662 - scrapers.hackernews_scraper - INFO - 爬取完成，共获取 15 个Ask HN故事
2026-01-12 16:04:39,082 - utils.storage_utils - INFO - 已更新源索引: hackernews
2026-01-12 16:04:39,084 - utils.storage_utils - INFO - 数据已保存到 data/hackernews/week_2026-01-12.json
2026-01-12 16:04:39,084 - scrapers.base_scraper - INFO - 数据已保存到 data/hackernews/week_2026-01-12.json
2026-01-12 16:04:39,084 - scrapers.base_scraper - INFO - 成功爬取 Hacker News 的数据
2026-01-12 16:04:39,085 - __main__ - INFO - 完成: 1/3 个爬虫成功运行
2026-01-12 16:04:39,301 - __main__ - INFO - 归档所有源的旧数据
2026-01-12 16:04:39,302 - __main__ - INFO - 源 jandan 归档 无需归档
2026-01-12 16:04:39,302 - __main__ - INFO - 源 reddit 归档 无需归档
2026-01-12 16:04:39,302 - utils.storage_utils - INFO - 已将 week_2025-10-20.json 归档
2026-01-12 16:04:39,302 - __main__ - INFO - 源 hackernews 归档 成功
