2026-03-02 16:09:07,833 - __main__ - INFO - 运行所有爬虫
2026-03-02 16:09:07,833 - scrapers.jandan_scraper - INFO - JandanScraper初始化完成
2026-03-02 16:09:07,834 - scrapers.base_scraper - INFO - 开始爬取 煎蛋网
2026-03-02 16:09:07,834 - scrapers.jandan_scraper - INFO - 开始爬取煎蛋热评
2026-03-02 16:09:12,051 - scrapers.jandan_scraper - INFO - 成功获取HTML内容，长度: 27377
2026-03-02 16:09:12,051 - scrapers.jandan_scraper - INFO - 调试: 手动获取评论 5877984 的吐槽数据
2026-03-02 16:09:12,052 - scrapers.jandan_scraper - INFO - 获取评论 5877984 的吐槽内容: https://jandan.net/api/tucao/list/5877984
2026-03-02 16:09:14,466 - scrapers.jandan_scraper - INFO - 评论 5877984 获取到 1 条热门吐槽, 3 条普通吐槽
2026-03-02 16:09:14,466 - scrapers.jandan_scraper - INFO - 调试: 评论 5877984 获取到 1 条热门吐槽, 3 条普通吐槽
2026-03-02 16:09:14,466 - scrapers.jandan_scraper - INFO - 开始解析页面中的评论
2026-03-02 16:09:14,466 - scrapers.jandan_scraper - INFO - 开始解析HTML内容, 长度: 27377
2026-03-02 16:09:14,475 - scrapers.jandan_scraper - INFO - 找到 0 条热门评论
2026-03-02 16:09:14,475 - scrapers.jandan_scraper - INFO - 解析完成，获取到 0 条评论
2026-03-02 16:09:14,475 - scrapers.jandan_scraper - INFO - 开始转换评论为统一格式
2026-03-02 16:09:14,475 - scrapers.jandan_scraper - INFO - 开始转换 0 条评论到统一格式
2026-03-02 16:09:14,475 - scrapers.jandan_scraper - INFO - 共转换 0 条评论为统一格式
2026-03-02 16:09:14,476 - scrapers.jandan_scraper - INFO - 爬取完成，共获取 0 条热评
2026-03-02 16:09:14,476 - scrapers.base_scraper - ERROR - 爬取 煎蛋网 失败
2026-03-02 16:09:14,476 - scrapers.reddit_scraper - INFO - RedditScraper初始化完成
2026-03-02 16:09:14,477 - scrapers.base_scraper - INFO - 开始爬取 Reddit
2026-03-02 16:09:14,478 - scrapers.reddit_scraper - INFO - 开始爬取Reddit r/confessions每周热门帖子
2026-03-02 16:09:17,320 - utils.http_utils - ERROR - 请求失败: https://www.reddit.com/r/confessions/top/.json?t=week&limit=10, 错误: 403 Client Error: Blocked for url: https://www.reddit.com/r/confessions/top/.json?t=week&limit=10
2026-03-02 16:09:17,321 - scrapers.reddit_scraper - ERROR - 获取API数据失败: 403 Client Error: Blocked for url: https://www.reddit.com/r/confessions/top/.json?t=week&limit=10
2026-03-02 16:09:17,322 - scrapers.base_scraper - ERROR - 爬取 Reddit 失败
2026-03-02 16:09:17,322 - scrapers.hackernews_scraper - INFO - HackerNewsScraper初始化完成
2026-03-02 16:09:17,322 - scrapers.base_scraper - INFO - 开始爬取 Hacker News
2026-03-02 16:09:17,322 - scrapers.hackernews_scraper - INFO - 开始爬取Hacker News Ask HN帖子
2026-03-02 16:09:17,322 - scrapers.hackernews_scraper - INFO - 获取Ask HN页面: https://news.ycombinator.com/ask
2026-03-02 16:09:19,962 - scrapers.hackernews_scraper - INFO - 找到 27 个帖子行
2026-03-02 16:09:19,964 - scrapers.hackernews_scraper - INFO - 成功解析故事: Ask HN: What sources like HN d..., 作者=DavidHaerer, 点赞=37, 评论=0
2026-03-02 16:09:19,965 - scrapers.hackernews_scraper - INFO - 成功解析故事: Ask HN: Billions of dollars in..., 作者=ajax33, 点赞=8, 评论=0
2026-03-02 16:09:19,966 - scrapers.hackernews_scraper - INFO - 成功解析故事: Ask HN: How to approach new pe..., 作者=tavro, 点赞=10, 评论=0
2026-03-02 16:09:19,967 - scrapers.hackernews_scraper - INFO - 成功解析故事: Ask HN: When do you expect Cha..., 作者=p1esk, 点赞=9, 评论=0
2026-03-02 16:09:19,968 - scrapers.hackernews_scraper - INFO - 成功解析故事: Ask HN: How will most Anthropi..., 作者=Poomba, 点赞=6, 评论=0
2026-03-02 16:09:19,969 - scrapers.hackernews_scraper - INFO - 成功解析故事: Ask HN: How do we solve the bo..., 作者=txrx0000, 点赞=13, 评论=0
2026-03-02 16:09:19,970 - scrapers.hackernews_scraper - INFO - 成功解析故事: Ask HN: Builder.ai ($1B Micros..., 作者=gamelock, 点赞=6, 评论=0
2026-03-02 16:09:19,970 - scrapers.hackernews_scraper - INFO - 成功解析故事: Ask HN: Who Is Using XMPP?..., 作者=nunobrito, 点赞=24, 评论=0
2026-03-02 16:09:19,971 - scrapers.hackernews_scraper - INFO - 成功解析故事: Ask HN: How do you handle dupl..., 作者=shineDaPoker, 点赞=11, 评论=0
2026-03-02 16:09:19,972 - scrapers.hackernews_scraper - INFO - 成功解析故事: Ask HN: My competitor wants to..., 作者=VladVladikoff, 点赞=8, 评论=0
2026-03-02 16:09:19,973 - scrapers.hackernews_scraper - INFO - 成功解析故事: Ask HN: Why are some websites ..., 作者=ezconnect, 点赞=4, 评论=0
2026-03-02 16:09:19,973 - scrapers.hackernews_scraper - INFO - 成功解析故事: Ask HN: What's it like working..., 作者=ex-aws-dude, 点赞=23, 评论=0
2026-03-02 16:09:19,974 - scrapers.hackernews_scraper - INFO - 成功解析故事: Ask HN: How are you all stayin..., 作者=throwaway53463, 点赞=83, 评论=0
2026-03-02 16:09:19,974 - scrapers.hackernews_scraper - INFO - 成功解析 13 个Ask HN故事
2026-03-02 16:09:19,974 - scrapers.hackernews_scraper - INFO - 开始转换 13 个故事到统一格式
2026-03-02 16:09:19,974 - scrapers.hackernews_scraper - INFO - 转换第 1/13 个故事: Ask HN: What sources like HN d...
2026-03-02 16:09:22,343 - scrapers.hackernews_scraper - INFO - 找到 20 条评论
2026-03-02 16:09:22,361 - scrapers.hackernews_scraper - INFO - 故事 Ask HN: What sources like HN d... 转换完成，包含 20 条评论
2026-03-02 16:09:22,361 - scrapers.hackernews_scraper - INFO - 转换第 2/13 个故事: Ask HN: Billions of dollars in...
2026-03-02 16:09:24,059 - scrapers.hackernews_scraper - INFO - 找到 1 条评论
2026-03-02 16:09:24,060 - scrapers.hackernews_scraper - INFO - 故事 Ask HN: Billions of dollars in... 转换完成，包含 1 条评论
2026-03-02 16:09:24,060 - scrapers.hackernews_scraper - INFO - 转换第 3/13 个故事: Ask HN: How to approach new pe...
2026-03-02 16:09:26,480 - scrapers.hackernews_scraper - INFO - 找到 12 条评论
2026-03-02 16:09:26,489 - scrapers.hackernews_scraper - INFO - 故事 Ask HN: How to approach new pe... 转换完成，包含 12 条评论
2026-03-02 16:09:26,490 - scrapers.hackernews_scraper - INFO - 转换第 4/13 个故事: Ask HN: When do you expect Cha...
2026-03-02 16:09:29,526 - scrapers.hackernews_scraper - INFO - 找到 11 条评论
2026-03-02 16:09:29,534 - scrapers.hackernews_scraper - INFO - 故事 Ask HN: When do you expect Cha... 转换完成，包含 11 条评论
2026-03-02 16:09:29,534 - scrapers.hackernews_scraper - INFO - 转换第 5/13 个故事: Ask HN: How will most Anthropi...
2026-03-02 16:09:31,245 - scrapers.hackernews_scraper - INFO - 找到 3 条评论
2026-03-02 16:09:31,248 - scrapers.hackernews_scraper - INFO - 故事 Ask HN: How will most Anthropi... 转换完成，包含 3 条评论
2026-03-02 16:09:31,248 - scrapers.hackernews_scraper - INFO - 转换第 6/13 个故事: Ask HN: How do we solve the bo...
2026-03-02 16:09:32,737 - scrapers.hackernews_scraper - INFO - 找到 17 条评论
2026-03-02 16:09:32,752 - scrapers.hackernews_scraper - INFO - 故事 Ask HN: How do we solve the bo... 转换完成，包含 17 条评论
2026-03-02 16:09:32,752 - scrapers.hackernews_scraper - INFO - 转换第 7/13 个故事: Ask HN: Builder.ai ($1B Micros...
2026-03-02 16:09:35,290 - scrapers.hackernews_scraper - INFO - 找到 5 条评论
2026-03-02 16:09:35,293 - scrapers.hackernews_scraper - INFO - 故事 Ask HN: Builder.ai ($1B Micros... 转换完成，包含 5 条评论
2026-03-02 16:09:35,293 - scrapers.hackernews_scraper - INFO - 转换第 8/13 个故事: Ask HN: Who Is Using XMPP?...
2026-03-02 16:09:38,242 - scrapers.hackernews_scraper - INFO - 找到 12 条评论
2026-03-02 16:09:38,252 - scrapers.hackernews_scraper - INFO - 故事 Ask HN: Who Is Using XMPP?... 转换完成，包含 12 条评论
2026-03-02 16:09:38,252 - scrapers.hackernews_scraper - INFO - 转换第 9/13 个故事: Ask HN: How do you handle dupl...
2026-03-02 16:09:41,147 - scrapers.hackernews_scraper - INFO - 找到 11 条评论
2026-03-02 16:09:41,155 - scrapers.hackernews_scraper - INFO - 故事 Ask HN: How do you handle dupl... 转换完成，包含 11 条评论
2026-03-02 16:09:41,155 - scrapers.hackernews_scraper - INFO - 转换第 10/13 个故事: Ask HN: My competitor wants to...
2026-03-02 16:09:43,297 - scrapers.hackernews_scraper - INFO - 找到 8 条评论
2026-03-02 16:09:43,303 - scrapers.hackernews_scraper - INFO - 故事 Ask HN: My competitor wants to... 转换完成，包含 8 条评论
2026-03-02 16:09:43,303 - scrapers.hackernews_scraper - INFO - 转换第 11/13 个故事: Ask HN: Why are some websites ...
2026-03-02 16:09:45,411 - scrapers.hackernews_scraper - INFO - 找到 1 条评论
2026-03-02 16:09:45,412 - scrapers.hackernews_scraper - INFO - 故事 Ask HN: Why are some websites ... 转换完成，包含 1 条评论
2026-03-02 16:09:45,412 - scrapers.hackernews_scraper - INFO - 转换第 12/13 个故事: Ask HN: What's it like working...
2026-03-02 16:09:46,857 - scrapers.hackernews_scraper - INFO - 找到 15 条评论
2026-03-02 16:09:46,869 - scrapers.hackernews_scraper - INFO - 故事 Ask HN: What's it like working... 转换完成，包含 15 条评论
2026-03-02 16:09:46,869 - scrapers.hackernews_scraper - INFO - 转换第 13/13 个故事: Ask HN: How are you all stayin...
2026-03-02 16:09:49,596 - scrapers.hackernews_scraper - INFO - 找到 88 条评论
2026-03-02 16:09:49,775 - scrapers.hackernews_scraper - INFO - 故事 Ask HN: How are you all stayin... 转换完成，包含 88 条评论
2026-03-02 16:09:49,775 - scrapers.hackernews_scraper - INFO - 共转换 13 个故事为统一格式
2026-03-02 16:09:49,775 - scrapers.hackernews_scraper - INFO - 爬取完成，共获取 13 个Ask HN故事
2026-03-02 16:09:50,176 - utils.storage_utils - INFO - 已更新源索引: hackernews
2026-03-02 16:09:50,179 - utils.storage_utils - INFO - 数据已保存到 data/hackernews/week_2026-03-02.json
2026-03-02 16:09:50,179 - scrapers.base_scraper - INFO - 数据已保存到 data/hackernews/week_2026-03-02.json
2026-03-02 16:09:50,179 - scrapers.base_scraper - INFO - 成功爬取 Hacker News 的数据
2026-03-02 16:09:50,181 - __main__ - INFO - 完成: 1/3 个爬虫成功运行
2026-03-02 16:09:50,431 - __main__ - INFO - 归档所有源的旧数据
2026-03-02 16:09:50,431 - __main__ - INFO - 源 jandan 归档 无需归档
2026-03-02 16:09:50,432 - __main__ - INFO - 源 reddit 归档 无需归档
2026-03-02 16:09:50,432 - utils.storage_utils - INFO - 已将 week_2025-12-08.json 归档
2026-03-02 16:09:50,432 - __main__ - INFO - 源 hackernews 归档 成功
