2025-11-10 16:02:16,642 - __main__ - INFO - 运行所有爬虫
2025-11-10 16:02:16,642 - scrapers.jandan_scraper - INFO - JandanScraper初始化完成
2025-11-10 16:02:16,642 - scrapers.base_scraper - INFO - 开始爬取 煎蛋网
2025-11-10 16:02:16,642 - scrapers.jandan_scraper - INFO - 开始爬取煎蛋热评
2025-11-10 16:02:21,971 - scrapers.jandan_scraper - INFO - 成功获取HTML内容，长度: 24786
2025-11-10 16:02:21,971 - scrapers.jandan_scraper - INFO - 调试: 手动获取评论 5877984 的吐槽数据
2025-11-10 16:02:21,971 - scrapers.jandan_scraper - INFO - 获取评论 5877984 的吐槽内容: https://jandan.net/api/tucao/list/5877984
2025-11-10 16:02:24,190 - scrapers.jandan_scraper - INFO - 评论 5877984 获取到 1 条热门吐槽, 3 条普通吐槽
2025-11-10 16:02:24,191 - scrapers.jandan_scraper - INFO - 调试: 评论 5877984 获取到 1 条热门吐槽, 3 条普通吐槽
2025-11-10 16:02:24,191 - scrapers.jandan_scraper - INFO - 开始解析页面中的评论
2025-11-10 16:02:24,191 - scrapers.jandan_scraper - INFO - 开始解析HTML内容, 长度: 24786
2025-11-10 16:02:24,200 - scrapers.jandan_scraper - INFO - 找到 0 条热门评论
2025-11-10 16:02:24,200 - scrapers.jandan_scraper - INFO - 解析完成，获取到 0 条评论
2025-11-10 16:02:24,200 - scrapers.jandan_scraper - INFO - 开始转换评论为统一格式
2025-11-10 16:02:24,200 - scrapers.jandan_scraper - INFO - 开始转换 0 条评论到统一格式
2025-11-10 16:02:24,200 - scrapers.jandan_scraper - INFO - 共转换 0 条评论为统一格式
2025-11-10 16:02:24,200 - scrapers.jandan_scraper - INFO - 爬取完成，共获取 0 条热评
2025-11-10 16:02:24,200 - scrapers.base_scraper - ERROR - 爬取 煎蛋网 失败
2025-11-10 16:02:24,200 - scrapers.reddit_scraper - INFO - RedditScraper初始化完成
2025-11-10 16:02:24,202 - scrapers.base_scraper - INFO - 开始爬取 Reddit
2025-11-10 16:02:24,202 - scrapers.reddit_scraper - INFO - 开始爬取Reddit r/confessions每周热门帖子
2025-11-10 16:02:25,923 - utils.http_utils - ERROR - 请求失败: https://www.reddit.com/r/confessions/top/.json?t=week&limit=10, 错误: 403 Client Error: Blocked for url: https://www.reddit.com/r/confessions/top/.json?t=week&limit=10
2025-11-10 16:02:25,924 - scrapers.reddit_scraper - ERROR - 获取API数据失败: 403 Client Error: Blocked for url: https://www.reddit.com/r/confessions/top/.json?t=week&limit=10
2025-11-10 16:02:25,924 - scrapers.base_scraper - ERROR - 爬取 Reddit 失败
2025-11-10 16:02:25,924 - scrapers.hackernews_scraper - INFO - HackerNewsScraper初始化完成
2025-11-10 16:02:25,924 - scrapers.base_scraper - INFO - 开始爬取 Hacker News
2025-11-10 16:02:25,924 - scrapers.hackernews_scraper - INFO - 开始爬取Hacker News Ask HN帖子
2025-11-10 16:02:25,925 - scrapers.hackernews_scraper - INFO - 获取Ask HN页面: https://news.ycombinator.com/ask
2025-11-10 16:02:27,638 - scrapers.hackernews_scraper - INFO - 找到 26 个帖子行
2025-11-10 16:02:27,640 - scrapers.hackernews_scraper - INFO - 成功解析故事: Ask HN: What Are You Working O..., 作者=david927, 点赞=321, 评论=0
2025-11-10 16:02:27,640 - scrapers.hackernews_scraper - INFO - 成功解析故事: Ask HN: How would you set up a..., 作者=evolve2k, 点赞=203, 评论=0
2025-11-10 16:02:27,641 - scrapers.hackernews_scraper - INFO - 成功解析故事: Ask HN: How do you get over th..., 作者=sodokuwizard, 点赞=65, 评论=0
2025-11-10 16:02:27,641 - scrapers.hackernews_scraper - INFO - 成功解析故事: Ask HN: Do you let your kids u..., 作者=eibrahim, 点赞=6, 评论=0
2025-11-10 16:02:27,642 - scrapers.hackernews_scraper - INFO - 成功解析故事: Ask HN: Is AI code assistance ..., 作者=meloncafe, 点赞=4, 评论=0
2025-11-10 16:02:27,643 - scrapers.hackernews_scraper - INFO - 成功解析故事: Ask HN: My family business run..., 作者=urnicus, 点赞=312, 评论=0
2025-11-10 16:02:27,643 - scrapers.hackernews_scraper - INFO - 成功解析故事: Ask HN: Why do designers have ..., 作者=admissionsguy, 点赞=14, 评论=0
2025-11-10 16:02:27,644 - scrapers.hackernews_scraper - INFO - 成功解析故事: Ask HN: Who is hiring? (Novemb..., 作者=whoishiring, 点赞=397, 评论=0
2025-11-10 16:02:27,645 - scrapers.hackernews_scraper - INFO - 成功解析故事: Ask HN: Why doesn't USPS act a..., 作者=piratesAndSons, 点赞=11, 评论=0
2025-11-10 16:02:27,645 - scrapers.hackernews_scraper - INFO - 成功解析故事: Ask HN: Who wants to be hired?..., 作者=whoishiring, 点赞=197, 评论=0
2025-11-10 16:02:27,646 - scrapers.hackernews_scraper - INFO - 成功解析故事: Ask HN: Should there be a mont..., 作者=WhoIsNotHiring_, 点赞=4, 评论=0
2025-11-10 16:02:27,646 - scrapers.hackernews_scraper - INFO - 成功解析故事: Ask HN: Any actual AI projects..., 作者=meetingthrower, 点赞=4, 评论=0
2025-11-10 16:02:27,647 - scrapers.hackernews_scraper - INFO - 成功解析故事: Ask HN: Where to begin with "m..., 作者=weakfish, 点赞=225, 评论=0
2025-11-10 16:02:27,647 - scrapers.hackernews_scraper - INFO - 成功解析故事: Ask HN: What's a Purchase You ..., 作者=znpy, 点赞=11, 评论=0
2025-11-10 16:02:27,648 - scrapers.hackernews_scraper - INFO - 成功解析故事: Ask HN: Windows/Linux software..., 作者=fastily, 点赞=8, 评论=0
2025-11-10 16:02:27,648 - scrapers.hackernews_scraper - INFO - 成功解析 15 个Ask HN故事
2025-11-10 16:02:27,648 - scrapers.hackernews_scraper - INFO - 开始转换 15 个故事到统一格式
2025-11-10 16:02:27,648 - scrapers.hackernews_scraper - INFO - 转换第 1/15 个故事: Ask HN: What Are You Working O...
2025-11-10 16:02:33,970 - scrapers.hackernews_scraper - INFO - 找到 958 条评论
2025-11-10 16:02:49,683 - scrapers.hackernews_scraper - INFO - 故事 Ask HN: What Are You Working O... 转换完成，包含 100 条评论
2025-11-10 16:02:49,683 - scrapers.hackernews_scraper - INFO - 转换第 2/15 个故事: Ask HN: How would you set up a...
2025-11-10 16:02:53,366 - scrapers.hackernews_scraper - INFO - 找到 265 条评论
2025-11-10 16:02:54,576 - scrapers.hackernews_scraper - INFO - 故事 Ask HN: How would you set up a... 转换完成，包含 100 条评论
2025-11-10 16:02:54,576 - scrapers.hackernews_scraper - INFO - 转换第 3/15 个故事: Ask HN: How do you get over th...
2025-11-10 16:02:57,845 - scrapers.hackernews_scraper - INFO - 找到 88 条评论
2025-11-10 16:02:58,001 - scrapers.hackernews_scraper - INFO - 故事 Ask HN: How do you get over th... 转换完成，包含 88 条评论
2025-11-10 16:02:58,001 - scrapers.hackernews_scraper - INFO - 转换第 4/15 个故事: Ask HN: Do you let your kids u...
2025-11-10 16:03:01,042 - scrapers.hackernews_scraper - INFO - 找到 2 条评论
2025-11-10 16:03:01,043 - scrapers.hackernews_scraper - INFO - 故事 Ask HN: Do you let your kids u... 转换完成，包含 2 条评论
2025-11-10 16:03:01,043 - scrapers.hackernews_scraper - INFO - 转换第 5/15 个故事: Ask HN: Is AI code assistance ...
2025-11-10 16:03:02,828 - scrapers.hackernews_scraper - INFO - 找到 2 条评论
2025-11-10 16:03:02,830 - scrapers.hackernews_scraper - INFO - 故事 Ask HN: Is AI code assistance ... 转换完成，包含 2 条评论
2025-11-10 16:03:02,830 - scrapers.hackernews_scraper - INFO - 转换第 6/15 个故事: Ask HN: My family business run...
2025-11-10 16:03:06,123 - scrapers.hackernews_scraper - INFO - 找到 306 条评论
2025-11-10 16:03:07,789 - scrapers.hackernews_scraper - INFO - 故事 Ask HN: My family business run... 转换完成，包含 100 条评论
2025-11-10 16:03:07,789 - scrapers.hackernews_scraper - INFO - 转换第 7/15 个故事: Ask HN: Why do designers have ...
2025-11-10 16:03:10,197 - scrapers.hackernews_scraper - INFO - 找到 9 条评论
2025-11-10 16:03:10,203 - scrapers.hackernews_scraper - INFO - 故事 Ask HN: Why do designers have ... 转换完成，包含 9 条评论
2025-11-10 16:03:10,203 - scrapers.hackernews_scraper - INFO - 转换第 8/15 个故事: Ask HN: Who is hiring? (Novemb...
2025-11-10 16:03:14,019 - scrapers.hackernews_scraper - INFO - 找到 555 条评论
2025-11-10 16:03:20,167 - scrapers.hackernews_scraper - INFO - 故事 Ask HN: Who is hiring? (Novemb... 转换完成，包含 100 条评论
2025-11-10 16:03:20,167 - scrapers.hackernews_scraper - INFO - 转换第 9/15 个故事: Ask HN: Why doesn't USPS act a...
2025-11-10 16:03:21,984 - scrapers.hackernews_scraper - INFO - 找到 7 条评论
2025-11-10 16:03:21,988 - scrapers.hackernews_scraper - INFO - 故事 Ask HN: Why doesn't USPS act a... 转换完成，包含 7 条评论
2025-11-10 16:03:21,988 - scrapers.hackernews_scraper - INFO - 转换第 10/15 个故事: Ask HN: Who wants to be hired?...
2025-11-10 16:03:25,046 - scrapers.hackernews_scraper - INFO - 找到 452 条评论
2025-11-10 16:03:29,100 - scrapers.hackernews_scraper - INFO - 故事 Ask HN: Who wants to be hired?... 转换完成，包含 100 条评论
2025-11-10 16:03:29,100 - scrapers.hackernews_scraper - INFO - 转换第 11/15 个故事: Ask HN: Should there be a mont...
2025-11-10 16:03:30,638 - scrapers.hackernews_scraper - INFO - 找到 3 条评论
2025-11-10 16:03:30,640 - scrapers.hackernews_scraper - INFO - 故事 Ask HN: Should there be a mont... 转换完成，包含 3 条评论
2025-11-10 16:03:30,640 - scrapers.hackernews_scraper - INFO - 转换第 12/15 个故事: Ask HN: Any actual AI projects...
2025-11-10 16:03:33,666 - scrapers.hackernews_scraper - INFO - 找到 4 条评论
2025-11-10 16:03:33,669 - scrapers.hackernews_scraper - INFO - 故事 Ask HN: Any actual AI projects... 转换完成，包含 4 条评论
2025-11-10 16:03:33,669 - scrapers.hackernews_scraper - INFO - 转换第 13/15 个故事: Ask HN: Where to begin with "m...
2025-11-10 16:03:36,135 - scrapers.hackernews_scraper - INFO - 找到 124 条评论
2025-11-10 16:03:36,426 - scrapers.hackernews_scraper - INFO - 故事 Ask HN: Where to begin with "m... 转换完成，包含 100 条评论
2025-11-10 16:03:36,426 - scrapers.hackernews_scraper - INFO - 转换第 14/15 个故事: Ask HN: What's a Purchase You ...
2025-11-10 16:03:38,514 - scrapers.hackernews_scraper - INFO - 找到 30 条评论
2025-11-10 16:03:38,541 - scrapers.hackernews_scraper - INFO - 故事 Ask HN: What's a Purchase You ... 转换完成，包含 30 条评论
2025-11-10 16:03:38,541 - scrapers.hackernews_scraper - INFO - 转换第 15/15 个故事: Ask HN: Windows/Linux software...
2025-11-10 16:03:42,025 - scrapers.hackernews_scraper - INFO - 找到 21 条评论
2025-11-10 16:03:42,042 - scrapers.hackernews_scraper - INFO - 故事 Ask HN: Windows/Linux software... 转换完成，包含 21 条评论
2025-11-10 16:03:42,042 - scrapers.hackernews_scraper - INFO - 共转换 15 个故事为统一格式
2025-11-10 16:03:42,042 - scrapers.hackernews_scraper - INFO - 爬取完成，共获取 15 个Ask HN故事
2025-11-10 16:03:42,462 - utils.storage_utils - INFO - 已更新源索引: hackernews
2025-11-10 16:03:42,464 - utils.storage_utils - INFO - 数据已保存到 data/hackernews/week_2025-11-10.json
2025-11-10 16:03:42,464 - scrapers.base_scraper - INFO - 数据已保存到 data/hackernews/week_2025-11-10.json
2025-11-10 16:03:42,464 - scrapers.base_scraper - INFO - 成功爬取 Hacker News 的数据
2025-11-10 16:03:42,465 - __main__ - INFO - 完成: 1/3 个爬虫成功运行
2025-11-10 16:03:42,680 - __main__ - INFO - 归档所有源的旧数据
2025-11-10 16:03:42,680 - __main__ - INFO - 源 jandan 归档 无需归档
2025-11-10 16:03:42,680 - __main__ - INFO - 源 reddit 归档 无需归档
2025-11-10 16:03:42,680 - utils.storage_utils - INFO - 已将 week_2025-08-18.json 归档
2025-11-10 16:03:42,680 - __main__ - INFO - 源 hackernews 归档 成功
