2026-01-25 16:02:14,978 - __main__ - INFO - 运行所有爬虫
2026-01-25 16:02:14,979 - scrapers.jandan_scraper - INFO - JandanScraper初始化完成
2026-01-25 16:02:14,979 - scrapers.base_scraper - INFO - 开始爬取 煎蛋网
2026-01-25 16:02:14,979 - scrapers.jandan_scraper - INFO - 开始爬取煎蛋热评
2026-01-25 16:02:18,840 - scrapers.jandan_scraper - INFO - 成功获取HTML内容，长度: 24777
2026-01-25 16:02:18,840 - scrapers.jandan_scraper - INFO - 调试: 手动获取评论 5877984 的吐槽数据
2026-01-25 16:02:18,841 - scrapers.jandan_scraper - INFO - 获取评论 5877984 的吐槽内容: https://jandan.net/api/tucao/list/5877984
2026-01-25 16:02:20,440 - scrapers.jandan_scraper - INFO - 评论 5877984 获取到 1 条热门吐槽, 3 条普通吐槽
2026-01-25 16:02:20,441 - scrapers.jandan_scraper - INFO - 调试: 评论 5877984 获取到 1 条热门吐槽, 3 条普通吐槽
2026-01-25 16:02:20,441 - scrapers.jandan_scraper - INFO - 开始解析页面中的评论
2026-01-25 16:02:20,441 - scrapers.jandan_scraper - INFO - 开始解析HTML内容, 长度: 24777
2026-01-25 16:02:20,449 - scrapers.jandan_scraper - INFO - 找到 0 条热门评论
2026-01-25 16:02:20,449 - scrapers.jandan_scraper - INFO - 解析完成，获取到 0 条评论
2026-01-25 16:02:20,449 - scrapers.jandan_scraper - INFO - 开始转换评论为统一格式
2026-01-25 16:02:20,449 - scrapers.jandan_scraper - INFO - 开始转换 0 条评论到统一格式
2026-01-25 16:02:20,449 - scrapers.jandan_scraper - INFO - 共转换 0 条评论为统一格式
2026-01-25 16:02:20,450 - scrapers.jandan_scraper - INFO - 爬取完成，共获取 0 条热评
2026-01-25 16:02:20,450 - scrapers.base_scraper - ERROR - 爬取 煎蛋网 失败
2026-01-25 16:02:20,450 - scrapers.reddit_scraper - INFO - RedditScraper初始化完成
2026-01-25 16:02:20,451 - scrapers.base_scraper - INFO - 开始爬取 Reddit
2026-01-25 16:02:20,451 - scrapers.reddit_scraper - INFO - 开始爬取Reddit r/confessions每周热门帖子
2026-01-25 16:02:22,298 - utils.http_utils - ERROR - 请求失败: https://www.reddit.com/r/confessions/top/.json?t=week&limit=10, 错误: 403 Client Error: Blocked for url: https://www.reddit.com/r/confessions/top/.json?t=week&limit=10
2026-01-25 16:02:22,298 - scrapers.reddit_scraper - ERROR - 获取API数据失败: 403 Client Error: Blocked for url: https://www.reddit.com/r/confessions/top/.json?t=week&limit=10
2026-01-25 16:02:22,299 - scrapers.base_scraper - ERROR - 爬取 Reddit 失败
2026-01-25 16:02:22,299 - scrapers.hackernews_scraper - INFO - HackerNewsScraper初始化完成
2026-01-25 16:02:22,299 - scrapers.base_scraper - INFO - 开始爬取 Hacker News
2026-01-25 16:02:22,299 - scrapers.hackernews_scraper - INFO - 开始爬取Hacker News Ask HN帖子
2026-01-25 16:02:22,299 - scrapers.hackernews_scraper - INFO - 获取Ask HN页面: https://news.ycombinator.com/ask
2026-01-25 16:02:24,937 - scrapers.hackernews_scraper - INFO - 找到 30 个帖子行
2026-01-25 16:02:24,938 - scrapers.hackernews_scraper - INFO - 成功解析故事: Ask HN: Gmail spam filtering s..., 作者=goopthink, 点赞=192, 评论=0
2026-01-25 16:02:24,939 - scrapers.hackernews_scraper - INFO - 成功解析故事: Ask HN: How to reach out to a ..., 作者=jsumn, 点赞=3, 评论=0
2026-01-25 16:02:24,940 - scrapers.hackernews_scraper - INFO - 成功解析故事: Ask HN: What are the most sign..., 作者=George97, 点赞=5, 评论=0
2026-01-25 16:02:24,940 - scrapers.hackernews_scraper - INFO - 成功解析故事: Ask HN: What's the current bes..., 作者=dsrtslnd23, 点赞=244, 评论=0
2026-01-25 16:02:24,941 - scrapers.hackernews_scraper - INFO - 成功解析故事: Ask HN: Do you have any eviden..., 作者=terabytest, 点赞=455, 评论=0
2026-01-25 16:02:24,941 - scrapers.hackernews_scraper - INFO - 成功解析故事: Ask HN: Have we confused effic..., 作者=nickevante, 点赞=26, 评论=0
2026-01-25 16:02:24,942 - scrapers.hackernews_scraper - INFO - 成功解析故事: Ask HN: What usually happens a..., 作者=stijo, 点赞=12, 评论=0
2026-01-25 16:02:24,942 - scrapers.hackernews_scraper - INFO - 成功解析故事: Ask HN: Seeeking help to rever..., 作者=Dlg001, 点赞=20, 评论=0
2026-01-25 16:02:24,943 - scrapers.hackernews_scraper - INFO - 成功解析故事: Ask HN: May an agent accept a ..., 作者=athrowaway3z, 点赞=26, 评论=0
2026-01-25 16:02:24,943 - scrapers.hackernews_scraper - INFO - 成功解析故事: Ask HN: Career transition ques..., 作者=Pierre_Esteves, 点赞=4, 评论=0
2026-01-25 16:02:24,944 - scrapers.hackernews_scraper - INFO - 成功解析故事: Ask HN: Why does the number of..., 作者=akudha, 点赞=8, 评论=0
2026-01-25 16:02:24,944 - scrapers.hackernews_scraper - INFO - 成功解析故事: Ask HN: Thinking about memory ..., 作者=hoangnnguyen, 点赞=6, 评论=0
2026-01-25 16:02:24,945 - scrapers.hackernews_scraper - INFO - 成功解析故事: Ask HN: What are some good uni..., 作者=ronbenton, 点赞=6, 评论=0
2026-01-25 16:02:24,945 - scrapers.hackernews_scraper - INFO - 成功解析故事: Ask HN: Rust and AI builders i..., 作者=cajazzer, 点赞=3, 评论=0
2026-01-25 16:02:24,946 - scrapers.hackernews_scraper - INFO - 成功解析故事: Ask HN: How to redeem a gift c..., 作者=magnetic, 点赞=6, 评论=0
2026-01-25 16:02:24,946 - scrapers.hackernews_scraper - INFO - 成功解析 15 个Ask HN故事
2026-01-25 16:02:24,946 - scrapers.hackernews_scraper - INFO - 开始转换 15 个故事到统一格式
2026-01-25 16:02:24,946 - scrapers.hackernews_scraper - INFO - 转换第 1/15 个故事: Ask HN: Gmail spam filtering s...
2026-01-25 16:02:28,213 - scrapers.hackernews_scraper - INFO - 找到 121 条评论
2026-01-25 16:02:28,491 - scrapers.hackernews_scraper - INFO - 故事 Ask HN: Gmail spam filtering s... 转换完成，包含 100 条评论
2026-01-25 16:02:28,491 - scrapers.hackernews_scraper - INFO - 转换第 2/15 个故事: Ask HN: How to reach out to a ...
2026-01-25 16:02:30,704 - scrapers.hackernews_scraper - INFO - 找到 3 条评论
2026-01-25 16:02:30,706 - scrapers.hackernews_scraper - INFO - 故事 Ask HN: How to reach out to a ... 转换完成，包含 3 条评论
2026-01-25 16:02:30,706 - scrapers.hackernews_scraper - INFO - 转换第 3/15 个故事: Ask HN: What are the most sign...
2026-01-25 16:02:33,293 - scrapers.hackernews_scraper - INFO - 找到 8 条评论
2026-01-25 16:02:33,298 - scrapers.hackernews_scraper - INFO - 故事 Ask HN: What are the most sign... 转换完成，包含 8 条评论
2026-01-25 16:02:33,298 - scrapers.hackernews_scraper - INFO - 转换第 4/15 个故事: Ask HN: What's the current bes...
2026-01-25 16:02:35,533 - scrapers.hackernews_scraper - INFO - 找到 61 条评论
2026-01-25 16:02:35,618 - scrapers.hackernews_scraper - INFO - 故事 Ask HN: What's the current bes... 转换完成，包含 61 条评论
2026-01-25 16:02:35,618 - scrapers.hackernews_scraper - INFO - 转换第 5/15 个故事: Ask HN: Do you have any eviden...
2026-01-25 16:02:39,972 - scrapers.hackernews_scraper - INFO - 找到 456 条评论
2026-01-25 16:02:43,474 - scrapers.hackernews_scraper - INFO - 故事 Ask HN: Do you have any eviden... 转换完成，包含 100 条评论
2026-01-25 16:02:43,474 - scrapers.hackernews_scraper - INFO - 转换第 6/15 个故事: Ask HN: Have we confused effic...
2026-01-25 16:02:46,555 - scrapers.hackernews_scraper - INFO - 找到 15 条评论
2026-01-25 16:02:46,566 - scrapers.hackernews_scraper - INFO - 故事 Ask HN: Have we confused effic... 转换完成，包含 15 条评论
2026-01-25 16:02:46,566 - scrapers.hackernews_scraper - INFO - 转换第 7/15 个故事: Ask HN: What usually happens a...
2026-01-25 16:02:49,262 - scrapers.hackernews_scraper - INFO - 找到 4 条评论
2026-01-25 16:02:49,264 - scrapers.hackernews_scraper - INFO - 故事 Ask HN: What usually happens a... 转换完成，包含 4 条评论
2026-01-25 16:02:49,264 - scrapers.hackernews_scraper - INFO - 转换第 8/15 个故事: Ask HN: Seeeking help to rever...
2026-01-25 16:02:51,011 - scrapers.hackernews_scraper - INFO - 找到 9 条评论
2026-01-25 16:02:51,017 - scrapers.hackernews_scraper - INFO - 故事 Ask HN: Seeeking help to rever... 转换完成，包含 9 条评论
2026-01-25 16:02:51,017 - scrapers.hackernews_scraper - INFO - 转换第 9/15 个故事: Ask HN: May an agent accept a ...
2026-01-25 16:02:53,096 - scrapers.hackernews_scraper - INFO - 找到 47 条评论
2026-01-25 16:02:53,155 - scrapers.hackernews_scraper - INFO - 故事 Ask HN: May an agent accept a ... 转换完成，包含 47 条评论
2026-01-25 16:02:53,155 - scrapers.hackernews_scraper - INFO - 转换第 10/15 个故事: Ask HN: Career transition ques...
2026-01-25 16:02:55,362 - scrapers.hackernews_scraper - INFO - 找到 0 条评论
2026-01-25 16:02:55,362 - scrapers.hackernews_scraper - INFO - 故事 Ask HN: Career transition ques... 转换完成，包含 0 条评论
2026-01-25 16:02:55,362 - scrapers.hackernews_scraper - INFO - 转换第 11/15 个故事: Ask HN: Why does the number of...
2026-01-25 16:02:57,146 - scrapers.hackernews_scraper - INFO - 找到 4 条评论
2026-01-25 16:02:57,148 - scrapers.hackernews_scraper - INFO - 故事 Ask HN: Why does the number of... 转换完成，包含 4 条评论
2026-01-25 16:02:57,148 - scrapers.hackernews_scraper - INFO - 转换第 12/15 个故事: Ask HN: Thinking about memory ...
2026-01-25 16:02:58,281 - scrapers.hackernews_scraper - INFO - 找到 7 条评论
2026-01-25 16:02:58,285 - scrapers.hackernews_scraper - INFO - 故事 Ask HN: Thinking about memory ... 转换完成，包含 7 条评论
2026-01-25 16:02:58,286 - scrapers.hackernews_scraper - INFO - 转换第 13/15 个故事: Ask HN: What are some good uni...
2026-01-25 16:02:59,519 - scrapers.hackernews_scraper - INFO - 找到 6 条评论
2026-01-25 16:02:59,523 - scrapers.hackernews_scraper - INFO - 故事 Ask HN: What are some good uni... 转换完成，包含 6 条评论
2026-01-25 16:02:59,523 - scrapers.hackernews_scraper - INFO - 转换第 14/15 个故事: Ask HN: Rust and AI builders i...
2026-01-25 16:03:01,366 - scrapers.hackernews_scraper - INFO - 找到 8 条评论
2026-01-25 16:03:01,371 - scrapers.hackernews_scraper - INFO - 故事 Ask HN: Rust and AI builders i... 转换完成，包含 8 条评论
2026-01-25 16:03:01,371 - scrapers.hackernews_scraper - INFO - 转换第 15/15 个故事: Ask HN: How to redeem a gift c...
2026-01-25 16:03:03,252 - scrapers.hackernews_scraper - INFO - 找到 6 条评论
2026-01-25 16:03:03,256 - scrapers.hackernews_scraper - INFO - 故事 Ask HN: How to redeem a gift c... 转换完成，包含 6 条评论
2026-01-25 16:03:03,256 - scrapers.hackernews_scraper - INFO - 共转换 15 个故事为统一格式
2026-01-25 16:03:03,256 - scrapers.hackernews_scraper - INFO - 爬取完成，共获取 15 个Ask HN故事
2026-01-25 16:03:03,894 - utils.storage_utils - INFO - 已更新源索引: hackernews
2026-01-25 16:03:03,897 - utils.storage_utils - INFO - 数据已保存到 data/hackernews/week_2026-01-19.json
2026-01-25 16:03:03,900 - scrapers.base_scraper - INFO - 数据已保存到 data/hackernews/week_2026-01-19.json
2026-01-25 16:03:03,900 - scrapers.base_scraper - INFO - 成功爬取 Hacker News 的数据
2026-01-25 16:03:03,901 - __main__ - INFO - 完成: 1/3 个爬虫成功运行
2026-01-25 16:03:04,118 - __main__ - INFO - 归档所有源的旧数据
2026-01-25 16:03:04,118 - __main__ - INFO - 源 jandan 归档 无需归档
2026-01-25 16:03:04,118 - __main__ - INFO - 源 reddit 归档 无需归档
2026-01-25 16:03:04,119 - __main__ - INFO - 源 hackernews 归档 无需归档
