2026-01-05 16:03:07,986 - __main__ - INFO - 运行所有爬虫
2026-01-05 16:03:07,987 - scrapers.jandan_scraper - INFO - JandanScraper初始化完成
2026-01-05 16:03:07,987 - scrapers.base_scraper - INFO - 开始爬取 煎蛋网
2026-01-05 16:03:07,987 - scrapers.jandan_scraper - INFO - 开始爬取煎蛋热评
2026-01-05 16:03:10,835 - scrapers.jandan_scraper - INFO - 成功获取HTML内容，长度: 24765
2026-01-05 16:03:10,835 - scrapers.jandan_scraper - INFO - 调试: 手动获取评论 5877984 的吐槽数据
2026-01-05 16:03:10,835 - scrapers.jandan_scraper - INFO - 获取评论 5877984 的吐槽内容: https://jandan.net/api/tucao/list/5877984
2026-01-05 16:03:13,579 - scrapers.jandan_scraper - INFO - 评论 5877984 获取到 1 条热门吐槽, 3 条普通吐槽
2026-01-05 16:03:13,579 - scrapers.jandan_scraper - INFO - 调试: 评论 5877984 获取到 1 条热门吐槽, 3 条普通吐槽
2026-01-05 16:03:13,579 - scrapers.jandan_scraper - INFO - 开始解析页面中的评论
2026-01-05 16:03:13,579 - scrapers.jandan_scraper - INFO - 开始解析HTML内容, 长度: 24765
2026-01-05 16:03:13,588 - scrapers.jandan_scraper - INFO - 找到 0 条热门评论
2026-01-05 16:03:13,588 - scrapers.jandan_scraper - INFO - 解析完成，获取到 0 条评论
2026-01-05 16:03:13,588 - scrapers.jandan_scraper - INFO - 开始转换评论为统一格式
2026-01-05 16:03:13,588 - scrapers.jandan_scraper - INFO - 开始转换 0 条评论到统一格式
2026-01-05 16:03:13,588 - scrapers.jandan_scraper - INFO - 共转换 0 条评论为统一格式
2026-01-05 16:03:13,588 - scrapers.jandan_scraper - INFO - 爬取完成，共获取 0 条热评
2026-01-05 16:03:13,589 - scrapers.base_scraper - ERROR - 爬取 煎蛋网 失败
2026-01-05 16:03:13,589 - scrapers.reddit_scraper - INFO - RedditScraper初始化完成
2026-01-05 16:03:13,590 - scrapers.base_scraper - INFO - 开始爬取 Reddit
2026-01-05 16:03:13,590 - scrapers.reddit_scraper - INFO - 开始爬取Reddit r/confessions每周热门帖子
2026-01-05 16:03:16,049 - utils.http_utils - ERROR - 请求失败: https://www.reddit.com/r/confessions/top/.json?t=week&limit=10, 错误: 403 Client Error: Blocked for url: https://www.reddit.com/r/confessions/top/.json?t=week&limit=10
2026-01-05 16:03:16,050 - scrapers.reddit_scraper - ERROR - 获取API数据失败: 403 Client Error: Blocked for url: https://www.reddit.com/r/confessions/top/.json?t=week&limit=10
2026-01-05 16:03:16,050 - scrapers.base_scraper - ERROR - 爬取 Reddit 失败
2026-01-05 16:03:16,051 - scrapers.hackernews_scraper - INFO - HackerNewsScraper初始化完成
2026-01-05 16:03:16,051 - scrapers.base_scraper - INFO - 开始爬取 Hacker News
2026-01-05 16:03:16,051 - scrapers.hackernews_scraper - INFO - 开始爬取Hacker News Ask HN帖子
2026-01-05 16:03:16,051 - scrapers.hackernews_scraper - INFO - 获取Ask HN页面: https://news.ycombinator.com/ask
2026-01-05 16:03:17,363 - scrapers.hackernews_scraper - INFO - 找到 30 个帖子行
2026-01-05 16:03:17,365 - scrapers.hackernews_scraper - INFO - 成功解析故事: Ask HN: Who wants to be hired?..., 作者=whoishiring, 点赞=158, 评论=0
2026-01-05 16:03:17,366 - scrapers.hackernews_scraper - INFO - 成功解析故事: Ask HN: Are you missing Daily ..., 作者=unknownhad, 点赞=3, 评论=0
2026-01-05 16:03:17,366 - scrapers.hackernews_scraper - INFO - 成功解析故事: Ask HN: Who is hiring? (Januar..., 作者=whoishiring, 点赞=345, 评论=0
2026-01-05 16:03:17,367 - scrapers.hackernews_scraper - INFO - 成功解析故事: Ask HN: How is your work makin..., 作者=AbstractH24, 点赞=11, 评论=0
2026-01-05 16:03:17,368 - scrapers.hackernews_scraper - INFO - 成功解析故事: Ask HN: Reading list for being..., 作者=drekipus, 点赞=38, 评论=0
2026-01-05 16:03:17,368 - scrapers.hackernews_scraper - INFO - 成功解析故事: Ask HN: Did the number of Ask ..., 作者=zerr, 点赞=2, 评论=0
2026-01-05 16:03:17,369 - scrapers.hackernews_scraper - INFO - 成功解析故事: Ask HN: What's the future of s..., 作者=sjgeek, 点赞=21, 评论=0
2026-01-05 16:03:17,370 - scrapers.hackernews_scraper - INFO - 成功解析故事: Ask HN: What did you learn in ..., 作者=kiernanmcgowan, 点赞=17, 评论=0
2026-01-05 16:03:17,370 - scrapers.hackernews_scraper - INFO - 成功解析故事: Ask HN: Why not ban first-pers..., 作者=libertyit, 点赞=6, 评论=0
2026-01-05 16:03:17,371 - scrapers.hackernews_scraper - INFO - 成功解析故事: Ask HN: How do you use 5–10 mi..., 作者=pea, 点赞=25, 评论=0
2026-01-05 16:03:17,372 - scrapers.hackernews_scraper - INFO - 成功解析故事: Ask HN: What if a language's s..., 作者=stevendgarcia, 点赞=4, 评论=0
2026-01-05 16:03:17,372 - scrapers.hackernews_scraper - INFO - 成功解析故事: Ask HN: Expository/Succinct Bo..., 作者=rramadass, 点赞=27, 评论=0
2026-01-05 16:03:17,373 - scrapers.hackernews_scraper - INFO - 成功解析故事: Ask HN: Who is using Nebula (m..., 作者=cdsl, 点赞=6, 评论=0
2026-01-05 16:03:17,374 - scrapers.hackernews_scraper - INFO - 成功解析故事: Ask HN: Replacement for MacUpd..., 作者=croemer, 点赞=3, 评论=0
2026-01-05 16:03:17,374 - scrapers.hackernews_scraper - INFO - 成功解析故事: Ask HN: When do we expose "Hum..., 作者=vedmakk, 点赞=47, 评论=0
2026-01-05 16:03:17,374 - scrapers.hackernews_scraper - INFO - 成功解析 15 个Ask HN故事
2026-01-05 16:03:17,374 - scrapers.hackernews_scraper - INFO - 开始转换 15 个故事到统一格式
2026-01-05 16:03:17,375 - scrapers.hackernews_scraper - INFO - 转换第 1/15 个故事: Ask HN: Who wants to be hired?...
2026-01-05 16:03:19,679 - scrapers.hackernews_scraper - INFO - 找到 336 条评论
2026-01-05 16:03:22,288 - scrapers.hackernews_scraper - INFO - 故事 Ask HN: Who wants to be hired?... 转换完成，包含 100 条评论
2026-01-05 16:03:22,289 - scrapers.hackernews_scraper - INFO - 转换第 2/15 个故事: Ask HN: Are you missing Daily ...
2026-01-05 16:03:24,811 - scrapers.hackernews_scraper - INFO - 找到 1 条评论
2026-01-05 16:03:24,812 - scrapers.hackernews_scraper - INFO - 故事 Ask HN: Are you missing Daily ... 转换完成，包含 1 条评论
2026-01-05 16:03:24,812 - scrapers.hackernews_scraper - INFO - 转换第 3/15 个故事: Ask HN: Who is hiring? (Januar...
2026-01-05 16:03:27,133 - scrapers.hackernews_scraper - INFO - 找到 258 条评论
2026-01-05 16:03:28,609 - scrapers.hackernews_scraper - INFO - 故事 Ask HN: Who is hiring? (Januar... 转换完成，包含 100 条评论
2026-01-05 16:03:28,609 - scrapers.hackernews_scraper - INFO - 转换第 4/15 个故事: Ask HN: How is your work makin...
2026-01-05 16:03:30,430 - scrapers.hackernews_scraper - INFO - 找到 5 条评论
2026-01-05 16:03:30,433 - scrapers.hackernews_scraper - INFO - 故事 Ask HN: How is your work makin... 转换完成，包含 5 条评论
2026-01-05 16:03:30,433 - scrapers.hackernews_scraper - INFO - 转换第 5/15 个故事: Ask HN: Reading list for being...
2026-01-05 16:03:33,158 - scrapers.hackernews_scraper - INFO - 找到 15 条评论
2026-01-05 16:03:33,169 - scrapers.hackernews_scraper - INFO - 故事 Ask HN: Reading list for being... 转换完成，包含 15 条评论
2026-01-05 16:03:33,170 - scrapers.hackernews_scraper - INFO - 转换第 6/15 个故事: Ask HN: Did the number of Ask ...
2026-01-05 16:03:35,954 - scrapers.hackernews_scraper - INFO - 找到 0 条评论
2026-01-05 16:03:35,954 - scrapers.hackernews_scraper - INFO - 故事 Ask HN: Did the number of Ask ... 转换完成，包含 0 条评论
2026-01-05 16:03:35,955 - scrapers.hackernews_scraper - INFO - 转换第 7/15 个故事: Ask HN: What's the future of s...
2026-01-05 16:03:37,794 - scrapers.hackernews_scraper - INFO - 找到 13 条评论
2026-01-05 16:03:37,804 - scrapers.hackernews_scraper - INFO - 故事 Ask HN: What's the future of s... 转换完成，包含 13 条评论
2026-01-05 16:03:37,804 - scrapers.hackernews_scraper - INFO - 转换第 8/15 个故事: Ask HN: What did you learn in ...
2026-01-05 16:03:40,389 - scrapers.hackernews_scraper - INFO - 找到 5 条评论
2026-01-05 16:03:40,393 - scrapers.hackernews_scraper - INFO - 故事 Ask HN: What did you learn in ... 转换完成，包含 5 条评论
2026-01-05 16:03:40,393 - scrapers.hackernews_scraper - INFO - 转换第 9/15 个故事: Ask HN: Why not ban first-pers...
2026-01-05 16:03:41,799 - scrapers.hackernews_scraper - INFO - 找到 6 条评论
2026-01-05 16:03:41,803 - scrapers.hackernews_scraper - INFO - 故事 Ask HN: Why not ban first-pers... 转换完成，包含 6 条评论
2026-01-05 16:03:41,803 - scrapers.hackernews_scraper - INFO - 转换第 10/15 个故事: Ask HN: How do you use 5–10 mi...
2026-01-05 16:03:44,485 - scrapers.hackernews_scraper - INFO - 找到 40 条评论
2026-01-05 16:03:44,529 - scrapers.hackernews_scraper - INFO - 故事 Ask HN: How do you use 5–10 mi... 转换完成，包含 40 条评论
2026-01-05 16:03:44,529 - scrapers.hackernews_scraper - INFO - 转换第 11/15 个故事: Ask HN: What if a language's s...
2026-01-05 16:03:47,167 - scrapers.hackernews_scraper - INFO - 找到 17 条评论
2026-01-05 16:03:47,181 - scrapers.hackernews_scraper - INFO - 故事 Ask HN: What if a language's s... 转换完成，包含 17 条评论
2026-01-05 16:03:47,182 - scrapers.hackernews_scraper - INFO - 转换第 12/15 个故事: Ask HN: Expository/Succinct Bo...
2026-01-05 16:03:48,309 - scrapers.hackernews_scraper - INFO - 找到 25 条评论
2026-01-05 16:03:48,331 - scrapers.hackernews_scraper - INFO - 故事 Ask HN: Expository/Succinct Bo... 转换完成，包含 25 条评论
2026-01-05 16:03:48,331 - scrapers.hackernews_scraper - INFO - 转换第 13/15 个故事: Ask HN: Who is using Nebula (m...
2026-01-05 16:03:50,114 - scrapers.hackernews_scraper - INFO - 找到 6 条评论
2026-01-05 16:03:50,118 - scrapers.hackernews_scraper - INFO - 故事 Ask HN: Who is using Nebula (m... 转换完成，包含 6 条评论
2026-01-05 16:03:50,118 - scrapers.hackernews_scraper - INFO - 转换第 14/15 个故事: Ask HN: Replacement for MacUpd...
2026-01-05 16:03:52,246 - scrapers.hackernews_scraper - INFO - 找到 3 条评论
2026-01-05 16:03:52,248 - scrapers.hackernews_scraper - INFO - 故事 Ask HN: Replacement for MacUpd... 转换完成，包含 3 条评论
2026-01-05 16:03:52,248 - scrapers.hackernews_scraper - INFO - 转换第 15/15 个故事: Ask HN: When do we expose "Hum...
2026-01-05 16:03:53,893 - scrapers.hackernews_scraper - INFO - 找到 32 条评论
2026-01-05 16:03:53,925 - scrapers.hackernews_scraper - INFO - 故事 Ask HN: When do we expose "Hum... 转换完成，包含 32 条评论
2026-01-05 16:03:53,925 - scrapers.hackernews_scraper - INFO - 共转换 15 个故事为统一格式
2026-01-05 16:03:53,925 - scrapers.hackernews_scraper - INFO - 爬取完成，共获取 15 个Ask HN故事
2026-01-05 16:03:54,323 - utils.storage_utils - INFO - 已更新源索引: hackernews
2026-01-05 16:03:54,325 - utils.storage_utils - INFO - 数据已保存到 data/hackernews/week_2026-01-05.json
2026-01-05 16:03:54,325 - scrapers.base_scraper - INFO - 数据已保存到 data/hackernews/week_2026-01-05.json
2026-01-05 16:03:54,325 - scrapers.base_scraper - INFO - 成功爬取 Hacker News 的数据
2026-01-05 16:03:54,326 - __main__ - INFO - 完成: 1/3 个爬虫成功运行
2026-01-05 16:03:54,549 - __main__ - INFO - 归档所有源的旧数据
2026-01-05 16:03:54,549 - __main__ - INFO - 源 jandan 归档 无需归档
2026-01-05 16:03:54,549 - __main__ - INFO - 源 reddit 归档 无需归档
2026-01-05 16:03:54,549 - utils.storage_utils - INFO - 已将 week_2025-10-13.json 归档
2026-01-05 16:03:54,549 - __main__ - INFO - 源 hackernews 归档 成功
