2026-05-27 17:00:17,607 - __main__ - INFO - 运行所有爬虫
2026-05-27 17:00:17,607 - scrapers.jandan_scraper - INFO - JandanScraper初始化完成
2026-05-27 17:00:17,607 - scrapers.base_scraper - INFO - 开始爬取 煎蛋网
2026-05-27 17:00:17,608 - scrapers.jandan_scraper - INFO - 开始爬取煎蛋热评
2026-05-27 17:00:22,315 - scrapers.jandan_scraper - INFO - 成功获取HTML内容，长度: 27302
2026-05-27 17:00:22,315 - scrapers.jandan_scraper - INFO - 调试: 手动获取评论 5877984 的吐槽数据
2026-05-27 17:00:22,315 - scrapers.jandan_scraper - INFO - 获取评论 5877984 的吐槽内容: https://jandan.net/api/tucao/list/5877984
2026-05-27 17:00:25,458 - scrapers.jandan_scraper - INFO - 评论 5877984 获取到 1 条热门吐槽, 3 条普通吐槽
2026-05-27 17:00:25,458 - scrapers.jandan_scraper - INFO - 调试: 评论 5877984 获取到 1 条热门吐槽, 3 条普通吐槽
2026-05-27 17:00:25,458 - scrapers.jandan_scraper - INFO - 开始解析页面中的评论
2026-05-27 17:00:25,458 - scrapers.jandan_scraper - INFO - 开始解析HTML内容, 长度: 27302
2026-05-27 17:00:25,467 - scrapers.jandan_scraper - INFO - 找到 0 条热门评论
2026-05-27 17:00:25,467 - scrapers.jandan_scraper - INFO - 解析完成，获取到 0 条评论
2026-05-27 17:00:25,467 - scrapers.jandan_scraper - INFO - 开始转换评论为统一格式
2026-05-27 17:00:25,467 - scrapers.jandan_scraper - INFO - 开始转换 0 条评论到统一格式
2026-05-27 17:00:25,467 - scrapers.jandan_scraper - INFO - 共转换 0 条评论为统一格式
2026-05-27 17:00:25,467 - scrapers.jandan_scraper - INFO - 爬取完成，共获取 0 条热评
2026-05-27 17:00:25,468 - scrapers.base_scraper - ERROR - 爬取 煎蛋网 失败
2026-05-27 17:00:25,468 - scrapers.reddit_scraper - INFO - RedditScraper初始化完成
2026-05-27 17:00:25,469 - scrapers.base_scraper - INFO - 开始爬取 Reddit
2026-05-27 17:00:25,469 - scrapers.reddit_scraper - INFO - 开始爬取Reddit r/confessions每周热门帖子
2026-05-27 17:00:27,207 - utils.http_utils - ERROR - 请求失败: https://www.reddit.com/r/confessions/top/.json?t=week&limit=10, 错误: 403 Client Error: Blocked for url: https://www.reddit.com/r/confessions/top/.json?t=week&limit=10
2026-05-27 17:00:27,208 - scrapers.reddit_scraper - ERROR - 获取API数据失败: 403 Client Error: Blocked for url: https://www.reddit.com/r/confessions/top/.json?t=week&limit=10
2026-05-27 17:00:27,209 - scrapers.base_scraper - ERROR - 爬取 Reddit 失败
2026-05-27 17:00:27,209 - scrapers.hackernews_scraper - INFO - HackerNewsScraper初始化完成
2026-05-27 17:00:27,209 - scrapers.base_scraper - INFO - 开始爬取 Hacker News
2026-05-27 17:00:27,209 - scrapers.hackernews_scraper - INFO - 开始爬取Hacker News Ask HN帖子
2026-05-27 17:00:27,209 - scrapers.hackernews_scraper - INFO - 获取Ask HN页面: https://news.ycombinator.com/ask
2026-05-27 17:00:28,909 - scrapers.hackernews_scraper - INFO - 找到 18 个帖子行
2026-05-27 17:00:28,910 - scrapers.hackernews_scraper - INFO - 成功解析故事: Ask HN: What game have you rep..., 作者=yashnitro, 点赞=6, 评论=0
2026-05-27 17:00:28,911 - scrapers.hackernews_scraper - INFO - 成功解析故事: Ask HN: Is anyone working at l..., 作者=widenrun, 点赞=148, 评论=0
2026-05-27 17:00:28,912 - scrapers.hackernews_scraper - INFO - 成功解析故事: Ask HN: How do you model tempo..., 作者=escot, 点赞=3, 评论=0
2026-05-27 17:00:28,913 - scrapers.hackernews_scraper - INFO - 成功解析故事: Ask HN: Why didn't the C64 com..., 作者=amichail, 点赞=15, 评论=0
2026-05-27 17:00:28,914 - scrapers.hackernews_scraper - INFO - 成功解析故事: Ask HN: Did Messages get remov..., 作者=MollyRealized, 点赞=22, 评论=0
2026-05-27 17:00:28,914 - scrapers.hackernews_scraper - INFO - 成功解析故事: Ask HN: When and why did you s..., 作者=dvrp, 点赞=11, 评论=0
2026-05-27 17:00:28,915 - scrapers.hackernews_scraper - INFO - 成功解析故事: Ask HN: How do you prepare to ..., 作者=DmitriyBuchilin, 点赞=16, 评论=0
2026-05-27 17:00:28,915 - scrapers.hackernews_scraper - INFO - 成功解析故事: Ask HN: Why do we snore? And w..., 作者=simonebrunozzi, 点赞=19, 评论=0
2026-05-27 17:00:28,916 - scrapers.hackernews_scraper - INFO - 成功解析故事: Ask HN: Shouldn't Google need ..., 作者=srameshc, 点赞=180, 评论=0
2026-05-27 17:00:28,916 - scrapers.hackernews_scraper - INFO - 成功解析故事: Ask HN: Are there any serious ..., 作者=0rganize, 点赞=40, 评论=0
2026-05-27 17:00:28,917 - scrapers.hackernews_scraper - INFO - 成功解析故事: Ask HN: Best worldwide / class..., 作者=bix6, 点赞=7, 评论=0
2026-05-27 17:00:28,917 - scrapers.hackernews_scraper - INFO - 成功解析 11 个Ask HN故事
2026-05-27 17:00:28,917 - scrapers.hackernews_scraper - INFO - 开始转换 11 个故事到统一格式
2026-05-27 17:00:28,917 - scrapers.hackernews_scraper - INFO - 转换第 1/11 个故事: Ask HN: What game have you rep...
2026-05-27 17:00:30,093 - utils.http_utils - ERROR - 请求失败: https://news.ycombinator.com/item?id=48292665, 错误: 429 Client Error: Too Many Requests for url: https://news.ycombinator.com/item?id=48292665
2026-05-27 17:00:30,093 - scrapers.hackernews_scraper - ERROR - 获取故事详情失败: 48292665
2026-05-27 17:00:32,245 - utils.http_utils - ERROR - 请求失败: https://news.ycombinator.com/item?id=48292665, 错误: 429 Client Error: Too Many Requests for url: https://news.ycombinator.com/item?id=48292665
2026-05-27 17:00:32,246 - scrapers.hackernews_scraper - ERROR - 获取故事详情失败: 48292665
2026-05-27 17:00:32,246 - scrapers.hackernews_scraper - INFO - 故事 Ask HN: What game have you rep... 转换完成，包含 0 条评论
2026-05-27 17:00:32,246 - scrapers.hackernews_scraper - INFO - 转换第 2/11 个故事: Ask HN: Is anyone working at l...
2026-05-27 17:00:33,666 - utils.http_utils - ERROR - 请求失败: https://news.ycombinator.com/item?id=48275508, 错误: 429 Client Error: Too Many Requests for url: https://news.ycombinator.com/item?id=48275508
2026-05-27 17:00:33,666 - scrapers.hackernews_scraper - ERROR - 获取故事详情失败: 48275508
2026-05-27 17:00:35,535 - utils.http_utils - ERROR - 请求失败: https://news.ycombinator.com/item?id=48275508, 错误: 429 Client Error: Too Many Requests for url: https://news.ycombinator.com/item?id=48275508
2026-05-27 17:00:35,535 - scrapers.hackernews_scraper - ERROR - 获取故事详情失败: 48275508
2026-05-27 17:00:35,535 - scrapers.hackernews_scraper - INFO - 故事 Ask HN: Is anyone working at l... 转换完成，包含 0 条评论
2026-05-27 17:00:35,535 - scrapers.hackernews_scraper - INFO - 转换第 3/11 个故事: Ask HN: How do you model tempo...
2026-05-27 17:00:37,145 - utils.http_utils - ERROR - 请求失败: https://news.ycombinator.com/item?id=48285139, 错误: 429 Client Error: Too Many Requests for url: https://news.ycombinator.com/item?id=48285139
2026-05-27 17:00:37,146 - scrapers.hackernews_scraper - ERROR - 获取故事详情失败: 48285139
2026-05-27 17:00:38,319 - utils.http_utils - ERROR - 请求失败: https://news.ycombinator.com/item?id=48285139, 错误: 429 Client Error: Too Many Requests for url: https://news.ycombinator.com/item?id=48285139
2026-05-27 17:00:38,319 - scrapers.hackernews_scraper - ERROR - 获取故事详情失败: 48285139
2026-05-27 17:00:38,319 - scrapers.hackernews_scraper - INFO - 故事 Ask HN: How do you model tempo... 转换完成，包含 0 条评论
2026-05-27 17:00:38,319 - scrapers.hackernews_scraper - INFO - 转换第 4/11 个故事: Ask HN: Why didn't the C64 com...
2026-05-27 17:00:39,680 - utils.http_utils - ERROR - 请求失败: https://news.ycombinator.com/item?id=48260307, 错误: 429 Client Error: Too Many Requests for url: https://news.ycombinator.com/item?id=48260307
2026-05-27 17:00:39,680 - scrapers.hackernews_scraper - ERROR - 获取故事详情失败: 48260307
2026-05-27 17:00:41,845 - utils.http_utils - ERROR - 请求失败: https://news.ycombinator.com/item?id=48260307, 错误: 429 Client Error: Too Many Requests for url: https://news.ycombinator.com/item?id=48260307
2026-05-27 17:00:41,845 - scrapers.hackernews_scraper - ERROR - 获取故事详情失败: 48260307
2026-05-27 17:00:41,845 - scrapers.hackernews_scraper - INFO - 故事 Ask HN: Why didn't the C64 com... 转换完成，包含 0 条评论
2026-05-27 17:00:41,845 - scrapers.hackernews_scraper - INFO - 转换第 5/11 个故事: Ask HN: Did Messages get remov...
2026-05-27 17:00:43,224 - utils.http_utils - ERROR - 请求失败: https://news.ycombinator.com/item?id=48253165, 错误: 429 Client Error: Too Many Requests for url: https://news.ycombinator.com/item?id=48253165
2026-05-27 17:00:43,225 - scrapers.hackernews_scraper - ERROR - 获取故事详情失败: 48253165
2026-05-27 17:00:46,208 - utils.http_utils - ERROR - 请求失败: https://news.ycombinator.com/item?id=48253165, 错误: 429 Client Error: Too Many Requests for url: https://news.ycombinator.com/item?id=48253165
2026-05-27 17:00:46,209 - scrapers.hackernews_scraper - ERROR - 获取故事详情失败: 48253165
2026-05-27 17:00:46,209 - scrapers.hackernews_scraper - INFO - 故事 Ask HN: Did Messages get remov... 转换完成，包含 0 条评论
2026-05-27 17:00:46,209 - scrapers.hackernews_scraper - INFO - 转换第 6/11 个故事: Ask HN: When and why did you s...
2026-05-27 17:00:49,198 - utils.http_utils - ERROR - 请求失败: https://news.ycombinator.com/item?id=48275038, 错误: 429 Client Error: Too Many Requests for url: https://news.ycombinator.com/item?id=48275038
2026-05-27 17:00:49,198 - scrapers.hackernews_scraper - ERROR - 获取故事详情失败: 48275038
2026-05-27 17:00:51,126 - utils.http_utils - ERROR - 请求失败: https://news.ycombinator.com/item?id=48275038, 错误: 429 Client Error: Too Many Requests for url: https://news.ycombinator.com/item?id=48275038
2026-05-27 17:00:51,126 - scrapers.hackernews_scraper - ERROR - 获取故事详情失败: 48275038
2026-05-27 17:00:51,126 - scrapers.hackernews_scraper - INFO - 故事 Ask HN: When and why did you s... 转换完成，包含 0 条评论
2026-05-27 17:00:51,126 - scrapers.hackernews_scraper - INFO - 转换第 7/11 个故事: Ask HN: How do you prepare to ...
2026-05-27 17:00:52,461 - utils.http_utils - ERROR - 请求失败: https://news.ycombinator.com/item?id=48269051, 错误: 429 Client Error: Too Many Requests for url: https://news.ycombinator.com/item?id=48269051
2026-05-27 17:00:52,461 - scrapers.hackernews_scraper - ERROR - 获取故事详情失败: 48269051
2026-05-27 17:00:54,293 - utils.http_utils - ERROR - 请求失败: https://news.ycombinator.com/item?id=48269051, 错误: 429 Client Error: Too Many Requests for url: https://news.ycombinator.com/item?id=48269051
2026-05-27 17:00:54,293 - scrapers.hackernews_scraper - ERROR - 获取故事详情失败: 48269051
2026-05-27 17:00:54,293 - scrapers.hackernews_scraper - INFO - 故事 Ask HN: How do you prepare to ... 转换完成，包含 0 条评论
2026-05-27 17:00:54,293 - scrapers.hackernews_scraper - INFO - 转换第 8/11 个故事: Ask HN: Why do we snore? And w...
2026-05-27 17:00:56,207 - utils.http_utils - ERROR - 请求失败: https://news.ycombinator.com/item?id=48265379, 错误: 429 Client Error: Too Many Requests for url: https://news.ycombinator.com/item?id=48265379
2026-05-27 17:00:56,207 - scrapers.hackernews_scraper - ERROR - 获取故事详情失败: 48265379
2026-05-27 17:00:58,246 - utils.http_utils - ERROR - 请求失败: https://news.ycombinator.com/item?id=48265379, 错误: 429 Client Error: Too Many Requests for url: https://news.ycombinator.com/item?id=48265379
2026-05-27 17:00:58,246 - scrapers.hackernews_scraper - ERROR - 获取故事详情失败: 48265379
2026-05-27 17:00:58,246 - scrapers.hackernews_scraper - INFO - 故事 Ask HN: Why do we snore? And w... 转换完成，包含 0 条评论
2026-05-27 17:00:58,246 - scrapers.hackernews_scraper - INFO - 转换第 9/11 个故事: Ask HN: Shouldn't Google need ...
2026-05-27 17:00:59,803 - utils.http_utils - ERROR - 请求失败: https://news.ycombinator.com/item?id=48210590, 错误: 429 Client Error: Too Many Requests for url: https://news.ycombinator.com/item?id=48210590
2026-05-27 17:00:59,804 - scrapers.hackernews_scraper - ERROR - 获取故事详情失败: 48210590
2026-05-27 17:01:01,784 - utils.http_utils - ERROR - 请求失败: https://news.ycombinator.com/item?id=48210590, 错误: 429 Client Error: Too Many Requests for url: https://news.ycombinator.com/item?id=48210590
2026-05-27 17:01:01,785 - scrapers.hackernews_scraper - ERROR - 获取故事详情失败: 48210590
2026-05-27 17:01:01,785 - scrapers.hackernews_scraper - INFO - 故事 Ask HN: Shouldn't Google need ... 转换完成，包含 0 条评论
2026-05-27 17:01:01,785 - scrapers.hackernews_scraper - INFO - 转换第 10/11 个故事: Ask HN: Are there any serious ...
2026-05-27 17:01:03,378 - scrapers.hackernews_scraper - INFO - 找到 29 条评论
2026-05-27 17:01:03,406 - scrapers.hackernews_scraper - INFO - 故事 Ask HN: Are there any serious ... 转换完成，包含 29 条评论
2026-05-27 17:01:03,407 - scrapers.hackernews_scraper - INFO - 转换第 11/11 个故事: Ask HN: Best worldwide / class...
2026-05-27 17:01:05,757 - utils.http_utils - ERROR - 请求失败: https://news.ycombinator.com/item?id=48257769, 错误: 429 Client Error: Too Many Requests for url: https://news.ycombinator.com/item?id=48257769
2026-05-27 17:01:05,757 - scrapers.hackernews_scraper - ERROR - 获取故事详情失败: 48257769
2026-05-27 17:01:07,349 - utils.http_utils - ERROR - 请求失败: https://news.ycombinator.com/item?id=48257769, 错误: 429 Client Error: Too Many Requests for url: https://news.ycombinator.com/item?id=48257769
2026-05-27 17:01:07,349 - scrapers.hackernews_scraper - ERROR - 获取故事详情失败: 48257769
2026-05-27 17:01:07,349 - scrapers.hackernews_scraper - INFO - 故事 Ask HN: Best worldwide / class... 转换完成，包含 0 条评论
2026-05-27 17:01:07,349 - scrapers.hackernews_scraper - INFO - 共转换 11 个故事为统一格式
2026-05-27 17:01:07,349 - scrapers.hackernews_scraper - INFO - 爬取完成，共获取 11 个Ask HN故事
2026-05-27 17:01:07,600 - utils.storage_utils - INFO - 已更新源索引: hackernews
2026-05-27 17:01:07,603 - utils.storage_utils - INFO - 数据已保存到 data/hackernews/week_2026-05-25.json
2026-05-27 17:01:07,604 - scrapers.base_scraper - INFO - 数据已保存到 data/hackernews/week_2026-05-25.json
2026-05-27 17:01:07,604 - scrapers.base_scraper - INFO - 成功爬取 Hacker News 的数据
2026-05-27 17:01:07,605 - __main__ - INFO - 完成: 1/3 个爬虫成功运行
2026-05-27 17:01:07,868 - __main__ - INFO - 归档所有源的旧数据
2026-05-27 17:01:07,868 - __main__ - INFO - 源 jandan 归档 无需归档
2026-05-27 17:01:07,869 - __main__ - INFO - 源 reddit 归档 无需归档
2026-05-27 17:01:07,869 - __main__ - INFO - 源 hackernews 归档 无需归档
