2026-05-20 17:00:01,598 - __main__ - INFO - 运行所有爬虫
2026-05-20 17:00:01,598 - scrapers.jandan_scraper - INFO - JandanScraper初始化完成
2026-05-20 17:00:01,599 - scrapers.base_scraper - INFO - 开始爬取 煎蛋网
2026-05-20 17:00:01,599 - scrapers.jandan_scraper - INFO - 开始爬取煎蛋热评
2026-05-20 17:00:05,160 - scrapers.jandan_scraper - INFO - 成功获取HTML内容，长度: 27302
2026-05-20 17:00:05,160 - scrapers.jandan_scraper - INFO - 调试: 手动获取评论 5877984 的吐槽数据
2026-05-20 17:00:05,161 - scrapers.jandan_scraper - INFO - 获取评论 5877984 的吐槽内容: https://jandan.net/api/tucao/list/5877984
2026-05-20 17:00:07,459 - scrapers.jandan_scraper - INFO - 评论 5877984 获取到 1 条热门吐槽, 3 条普通吐槽
2026-05-20 17:00:07,459 - scrapers.jandan_scraper - INFO - 调试: 评论 5877984 获取到 1 条热门吐槽, 3 条普通吐槽
2026-05-20 17:00:07,459 - scrapers.jandan_scraper - INFO - 开始解析页面中的评论
2026-05-20 17:00:07,459 - scrapers.jandan_scraper - INFO - 开始解析HTML内容, 长度: 27302
2026-05-20 17:00:07,466 - scrapers.jandan_scraper - INFO - 找到 0 条热门评论
2026-05-20 17:00:07,466 - scrapers.jandan_scraper - INFO - 解析完成，获取到 0 条评论
2026-05-20 17:00:07,466 - scrapers.jandan_scraper - INFO - 开始转换评论为统一格式
2026-05-20 17:00:07,466 - scrapers.jandan_scraper - INFO - 开始转换 0 条评论到统一格式
2026-05-20 17:00:07,466 - scrapers.jandan_scraper - INFO - 共转换 0 条评论为统一格式
2026-05-20 17:00:07,467 - scrapers.jandan_scraper - INFO - 爬取完成，共获取 0 条热评
2026-05-20 17:00:07,467 - scrapers.base_scraper - ERROR - 爬取 煎蛋网 失败
2026-05-20 17:00:07,467 - scrapers.reddit_scraper - INFO - RedditScraper初始化完成
2026-05-20 17:00:07,468 - scrapers.base_scraper - INFO - 开始爬取 Reddit
2026-05-20 17:00:07,468 - scrapers.reddit_scraper - INFO - 开始爬取Reddit r/confessions每周热门帖子
2026-05-20 17:00:09,772 - utils.http_utils - ERROR - 请求失败: https://www.reddit.com/r/confessions/top/.json?t=week&limit=10, 错误: 403 Client Error: Blocked for url: https://www.reddit.com/r/confessions/top/.json?t=week&limit=10
2026-05-20 17:00:09,772 - scrapers.reddit_scraper - ERROR - 获取API数据失败: 403 Client Error: Blocked for url: https://www.reddit.com/r/confessions/top/.json?t=week&limit=10
2026-05-20 17:00:09,773 - scrapers.base_scraper - ERROR - 爬取 Reddit 失败
2026-05-20 17:00:09,773 - scrapers.hackernews_scraper - INFO - HackerNewsScraper初始化完成
2026-05-20 17:00:09,773 - scrapers.base_scraper - INFO - 开始爬取 Hacker News
2026-05-20 17:00:09,773 - scrapers.hackernews_scraper - INFO - 开始爬取Hacker News Ask HN帖子
2026-05-20 17:00:09,773 - scrapers.hackernews_scraper - INFO - 获取Ask HN页面: https://news.ycombinator.com/ask
2026-05-20 17:00:11,513 - scrapers.hackernews_scraper - INFO - 找到 30 个帖子行
2026-05-20 17:00:11,515 - scrapers.hackernews_scraper - INFO - 成功解析故事: Ask HN: Shouldn't Google need ..., 作者=srameshc, 点赞=3, 评论=0
2026-05-20 17:00:11,515 - scrapers.hackernews_scraper - INFO - 成功解析故事: Ask HN: Suggest Google Antigra..., 作者=Pallavimdb, 点赞=4, 评论=0
2026-05-20 17:00:11,516 - scrapers.hackernews_scraper - INFO - 成功解析故事: Ask HN: Are there any serious ..., 作者=0rganize, 点赞=9, 评论=0
2026-05-20 17:00:11,517 - scrapers.hackernews_scraper - INFO - 成功解析故事: Ask HN: How to make a mono-rep..., 作者=kasnaka, 点赞=2, 评论=0
2026-05-20 17:00:11,517 - scrapers.hackernews_scraper - INFO - 成功解析故事: Ask HN: Sorry, what Was FiveTh..., 作者=gagdiez, 点赞=5, 评论=0
2026-05-20 17:00:11,518 - scrapers.hackernews_scraper - INFO - 成功解析故事: Ask HN: How to manage AI APIs ..., 作者=sbinnee, 点赞=4, 评论=0
2026-05-20 17:00:11,518 - scrapers.hackernews_scraper - INFO - 成功解析故事: Ask HN: How to be SOC2 Type 2 ..., 作者=sochix, 点赞=172, 评论=0
2026-05-20 17:00:11,519 - scrapers.hackernews_scraper - INFO - 成功解析故事: Ask HN: How does everyone talk..., 作者=deku2099, 点赞=3, 评论=0
2026-05-20 17:00:11,519 - scrapers.hackernews_scraper - INFO - 成功解析故事: Ask HN: What are Stainless use..., 作者=ubutler, 点赞=5, 评论=0
2026-05-20 17:00:11,520 - scrapers.hackernews_scraper - INFO - 成功解析故事: Ask HN: Does root have to be u..., 作者=axismundi, 点赞=4, 评论=0
2026-05-20 17:00:11,520 - scrapers.hackernews_scraper - INFO - 成功解析故事: Ask HN: Antigravity 2.0 instal..., 作者=jdw64, 点赞=3, 评论=0
2026-05-20 17:00:11,521 - scrapers.hackernews_scraper - INFO - 成功解析故事: Ask HN: Is grpcurl home page c..., 作者=jicea, 点赞=4, 评论=0
2026-05-20 17:00:11,521 - scrapers.hackernews_scraper - INFO - 成功解析故事: Ask HN: How do word docs, slid..., 作者=FailMore, 点赞=6, 评论=0
2026-05-20 17:00:11,522 - scrapers.hackernews_scraper - INFO - 成功解析故事: Ask HN: Go all in on startup i..., 作者=Mnexium, 点赞=2, 评论=0
2026-05-20 17:00:11,522 - scrapers.hackernews_scraper - INFO - 成功解析故事: Ask HN: How often do you code ..., 作者=recycling, 点赞=4, 评论=0
2026-05-20 17:00:11,522 - scrapers.hackernews_scraper - INFO - 成功解析 15 个Ask HN故事
2026-05-20 17:00:11,523 - scrapers.hackernews_scraper - INFO - 开始转换 15 个故事到统一格式
2026-05-20 17:00:11,523 - scrapers.hackernews_scraper - INFO - 转换第 1/15 个故事: Ask HN: Shouldn't Google need ...
2026-05-20 17:00:13,506 - scrapers.hackernews_scraper - INFO - 找到 0 条评论
2026-05-20 17:00:13,506 - scrapers.hackernews_scraper - INFO - 故事 Ask HN: Shouldn't Google need ... 转换完成，包含 0 条评论
2026-05-20 17:00:13,506 - scrapers.hackernews_scraper - INFO - 转换第 2/15 个故事: Ask HN: Suggest Google Antigra...
2026-05-20 17:00:16,246 - utils.http_utils - ERROR - 请求失败: https://news.ycombinator.com/item?id=48208281, 错误: 429 Client Error: Too Many Requests for url: https://news.ycombinator.com/item?id=48208281
2026-05-20 17:00:16,247 - scrapers.hackernews_scraper - ERROR - 获取故事详情失败: 48208281
2026-05-20 17:00:17,851 - utils.http_utils - ERROR - 请求失败: https://news.ycombinator.com/item?id=48208281, 错误: 429 Client Error: Too Many Requests for url: https://news.ycombinator.com/item?id=48208281
2026-05-20 17:00:17,851 - scrapers.hackernews_scraper - ERROR - 获取故事详情失败: 48208281
2026-05-20 17:00:17,851 - scrapers.hackernews_scraper - INFO - 故事 Ask HN: Suggest Google Antigra... 转换完成，包含 0 条评论
2026-05-20 17:00:17,851 - scrapers.hackernews_scraper - INFO - 转换第 3/15 个故事: Ask HN: Are there any serious ...
2026-05-20 17:00:19,435 - utils.http_utils - ERROR - 请求失败: https://news.ycombinator.com/item?id=48207785, 错误: 429 Client Error: Too Many Requests for url: https://news.ycombinator.com/item?id=48207785
2026-05-20 17:00:19,435 - scrapers.hackernews_scraper - ERROR - 获取故事详情失败: 48207785
2026-05-20 17:00:20,785 - utils.http_utils - ERROR - 请求失败: https://news.ycombinator.com/item?id=48207785, 错误: 429 Client Error: Too Many Requests for url: https://news.ycombinator.com/item?id=48207785
2026-05-20 17:00:20,785 - scrapers.hackernews_scraper - ERROR - 获取故事详情失败: 48207785
2026-05-20 17:00:20,785 - scrapers.hackernews_scraper - INFO - 故事 Ask HN: Are there any serious ... 转换完成，包含 0 条评论
2026-05-20 17:00:20,786 - scrapers.hackernews_scraper - INFO - 转换第 4/15 个故事: Ask HN: How to make a mono-rep...
2026-05-20 17:00:22,815 - utils.http_utils - ERROR - 请求失败: https://news.ycombinator.com/item?id=48205190, 错误: 429 Client Error: Too Many Requests for url: https://news.ycombinator.com/item?id=48205190
2026-05-20 17:00:22,815 - scrapers.hackernews_scraper - ERROR - 获取故事详情失败: 48205190
2026-05-20 17:00:25,261 - utils.http_utils - ERROR - 请求失败: https://news.ycombinator.com/item?id=48205190, 错误: 429 Client Error: Too Many Requests for url: https://news.ycombinator.com/item?id=48205190
2026-05-20 17:00:25,261 - scrapers.hackernews_scraper - ERROR - 获取故事详情失败: 48205190
2026-05-20 17:00:25,261 - scrapers.hackernews_scraper - INFO - 故事 Ask HN: How to make a mono-rep... 转换完成，包含 0 条评论
2026-05-20 17:00:25,261 - scrapers.hackernews_scraper - INFO - 转换第 5/15 个故事: Ask HN: Sorry, what Was FiveTh...
2026-05-20 17:00:28,010 - utils.http_utils - ERROR - 请求失败: https://news.ycombinator.com/item?id=48204929, 错误: 429 Client Error: Too Many Requests for url: https://news.ycombinator.com/item?id=48204929
2026-05-20 17:00:28,010 - scrapers.hackernews_scraper - ERROR - 获取故事详情失败: 48204929
2026-05-20 17:00:30,307 - utils.http_utils - ERROR - 请求失败: https://news.ycombinator.com/item?id=48204929, 错误: 429 Client Error: Too Many Requests for url: https://news.ycombinator.com/item?id=48204929
2026-05-20 17:00:30,307 - scrapers.hackernews_scraper - ERROR - 获取故事详情失败: 48204929
2026-05-20 17:00:30,307 - scrapers.hackernews_scraper - INFO - 故事 Ask HN: Sorry, what Was FiveTh... 转换完成，包含 0 条评论
2026-05-20 17:00:30,307 - scrapers.hackernews_scraper - INFO - 转换第 6/15 个故事: Ask HN: How to manage AI APIs ...
2026-05-20 17:00:32,589 - utils.http_utils - ERROR - 请求失败: https://news.ycombinator.com/item?id=48202984, 错误: 429 Client Error: Too Many Requests for url: https://news.ycombinator.com/item?id=48202984
2026-05-20 17:00:32,589 - scrapers.hackernews_scraper - ERROR - 获取故事详情失败: 48202984
2026-05-20 17:00:34,107 - utils.http_utils - ERROR - 请求失败: https://news.ycombinator.com/item?id=48202984, 错误: 429 Client Error: Too Many Requests for url: https://news.ycombinator.com/item?id=48202984
2026-05-20 17:00:34,107 - scrapers.hackernews_scraper - ERROR - 获取故事详情失败: 48202984
2026-05-20 17:00:34,108 - scrapers.hackernews_scraper - INFO - 故事 Ask HN: How to manage AI APIs ... 转换完成，包含 0 条评论
2026-05-20 17:00:34,108 - scrapers.hackernews_scraper - INFO - 转换第 7/15 个故事: Ask HN: How to be SOC2 Type 2 ...
2026-05-20 17:00:36,492 - utils.http_utils - ERROR - 请求失败: https://news.ycombinator.com/item?id=48145524, 错误: 429 Client Error: Too Many Requests for url: https://news.ycombinator.com/item?id=48145524
2026-05-20 17:00:36,492 - scrapers.hackernews_scraper - ERROR - 获取故事详情失败: 48145524
2026-05-20 17:00:39,272 - utils.http_utils - ERROR - 请求失败: https://news.ycombinator.com/item?id=48145524, 错误: 429 Client Error: Too Many Requests for url: https://news.ycombinator.com/item?id=48145524
2026-05-20 17:00:39,273 - scrapers.hackernews_scraper - ERROR - 获取故事详情失败: 48145524
2026-05-20 17:00:39,273 - scrapers.hackernews_scraper - INFO - 故事 Ask HN: How to be SOC2 Type 2 ... 转换完成，包含 0 条评论
2026-05-20 17:00:39,273 - scrapers.hackernews_scraper - INFO - 转换第 8/15 个故事: Ask HN: How does everyone talk...
2026-05-20 17:00:41,868 - utils.http_utils - ERROR - 请求失败: https://news.ycombinator.com/item?id=48203050, 错误: 429 Client Error: Too Many Requests for url: https://news.ycombinator.com/item?id=48203050
2026-05-20 17:00:41,868 - scrapers.hackernews_scraper - ERROR - 获取故事详情失败: 48203050
2026-05-20 17:00:43,808 - utils.http_utils - ERROR - 请求失败: https://news.ycombinator.com/item?id=48203050, 错误: 429 Client Error: Too Many Requests for url: https://news.ycombinator.com/item?id=48203050
2026-05-20 17:00:43,808 - scrapers.hackernews_scraper - ERROR - 获取故事详情失败: 48203050
2026-05-20 17:00:43,808 - scrapers.hackernews_scraper - INFO - 故事 Ask HN: How does everyone talk... 转换完成，包含 0 条评论
2026-05-20 17:00:43,808 - scrapers.hackernews_scraper - INFO - 转换第 9/15 个故事: Ask HN: What are Stainless use...
2026-05-20 17:00:46,200 - scrapers.hackernews_scraper - INFO - 找到 2 条评论
2026-05-20 17:00:46,202 - scrapers.hackernews_scraper - INFO - 故事 Ask HN: What are Stainless use... 转换完成，包含 2 条评论
2026-05-20 17:00:46,202 - scrapers.hackernews_scraper - INFO - 转换第 10/15 个故事: Ask HN: Does root have to be u...
2026-05-20 17:00:49,238 - utils.http_utils - ERROR - 请求失败: https://news.ycombinator.com/item?id=48195267, 错误: 429 Client Error: Too Many Requests for url: https://news.ycombinator.com/item?id=48195267
2026-05-20 17:00:49,238 - scrapers.hackernews_scraper - ERROR - 获取故事详情失败: 48195267
2026-05-20 17:00:52,135 - utils.http_utils - ERROR - 请求失败: https://news.ycombinator.com/item?id=48195267, 错误: 429 Client Error: Too Many Requests for url: https://news.ycombinator.com/item?id=48195267
2026-05-20 17:00:52,135 - scrapers.hackernews_scraper - ERROR - 获取故事详情失败: 48195267
2026-05-20 17:00:52,136 - scrapers.hackernews_scraper - INFO - 故事 Ask HN: Does root have to be u... 转换完成，包含 0 条评论
2026-05-20 17:00:52,136 - scrapers.hackernews_scraper - INFO - 转换第 11/15 个故事: Ask HN: Antigravity 2.0 instal...
2026-05-20 17:00:54,909 - utils.http_utils - ERROR - 请求失败: https://news.ycombinator.com/item?id=48199074, 错误: 429 Client Error: Too Many Requests for url: https://news.ycombinator.com/item?id=48199074
2026-05-20 17:00:54,909 - scrapers.hackernews_scraper - ERROR - 获取故事详情失败: 48199074
2026-05-20 17:00:56,306 - utils.http_utils - ERROR - 请求失败: https://news.ycombinator.com/item?id=48199074, 错误: 429 Client Error: Too Many Requests for url: https://news.ycombinator.com/item?id=48199074
2026-05-20 17:00:56,306 - scrapers.hackernews_scraper - ERROR - 获取故事详情失败: 48199074
2026-05-20 17:00:56,306 - scrapers.hackernews_scraper - INFO - 故事 Ask HN: Antigravity 2.0 instal... 转换完成，包含 0 条评论
2026-05-20 17:00:56,306 - scrapers.hackernews_scraper - INFO - 转换第 12/15 个故事: Ask HN: Is grpcurl home page c...
2026-05-20 17:00:59,098 - utils.http_utils - ERROR - 请求失败: https://news.ycombinator.com/item?id=48198841, 错误: 429 Client Error: Too Many Requests for url: https://news.ycombinator.com/item?id=48198841
2026-05-20 17:00:59,098 - scrapers.hackernews_scraper - ERROR - 获取故事详情失败: 48198841
2026-05-20 17:01:00,862 - utils.http_utils - ERROR - 请求失败: https://news.ycombinator.com/item?id=48198841, 错误: 429 Client Error: Too Many Requests for url: https://news.ycombinator.com/item?id=48198841
2026-05-20 17:01:00,863 - scrapers.hackernews_scraper - ERROR - 获取故事详情失败: 48198841
2026-05-20 17:01:00,863 - scrapers.hackernews_scraper - INFO - 故事 Ask HN: Is grpcurl home page c... 转换完成，包含 0 条评论
2026-05-20 17:01:00,863 - scrapers.hackernews_scraper - INFO - 转换第 13/15 个故事: Ask HN: How do word docs, slid...
2026-05-20 17:01:02,920 - utils.http_utils - ERROR - 请求失败: https://news.ycombinator.com/item?id=48195550, 错误: 429 Client Error: Too Many Requests for url: https://news.ycombinator.com/item?id=48195550
2026-05-20 17:01:02,920 - scrapers.hackernews_scraper - ERROR - 获取故事详情失败: 48195550
2026-05-20 17:01:05,222 - utils.http_utils - ERROR - 请求失败: https://news.ycombinator.com/item?id=48195550, 错误: 429 Client Error: Too Many Requests for url: https://news.ycombinator.com/item?id=48195550
2026-05-20 17:01:05,222 - scrapers.hackernews_scraper - ERROR - 获取故事详情失败: 48195550
2026-05-20 17:01:05,222 - scrapers.hackernews_scraper - INFO - 故事 Ask HN: How do word docs, slid... 转换完成，包含 0 条评论
2026-05-20 17:01:05,222 - scrapers.hackernews_scraper - INFO - 转换第 14/15 个故事: Ask HN: Go all in on startup i...
2026-05-20 17:01:07,191 - utils.http_utils - ERROR - 请求失败: https://news.ycombinator.com/item?id=48193451, 错误: 429 Client Error: Too Many Requests for url: https://news.ycombinator.com/item?id=48193451
2026-05-20 17:01:07,191 - scrapers.hackernews_scraper - ERROR - 获取故事详情失败: 48193451
2026-05-20 17:01:08,970 - utils.http_utils - ERROR - 请求失败: https://news.ycombinator.com/item?id=48193451, 错误: 429 Client Error: Too Many Requests for url: https://news.ycombinator.com/item?id=48193451
2026-05-20 17:01:08,970 - scrapers.hackernews_scraper - ERROR - 获取故事详情失败: 48193451
2026-05-20 17:01:08,970 - scrapers.hackernews_scraper - INFO - 故事 Ask HN: Go all in on startup i... 转换完成，包含 0 条评论
2026-05-20 17:01:08,970 - scrapers.hackernews_scraper - INFO - 转换第 15/15 个故事: Ask HN: How often do you code ...
2026-05-20 17:01:10,857 - utils.http_utils - ERROR - 请求失败: https://news.ycombinator.com/item?id=48192078, 错误: 429 Client Error: Too Many Requests for url: https://news.ycombinator.com/item?id=48192078
2026-05-20 17:01:10,857 - scrapers.hackernews_scraper - ERROR - 获取故事详情失败: 48192078
2026-05-20 17:01:13,856 - utils.http_utils - ERROR - 请求失败: https://news.ycombinator.com/item?id=48192078, 错误: 429 Client Error: Too Many Requests for url: https://news.ycombinator.com/item?id=48192078
2026-05-20 17:01:13,856 - scrapers.hackernews_scraper - ERROR - 获取故事详情失败: 48192078
2026-05-20 17:01:13,857 - scrapers.hackernews_scraper - INFO - 故事 Ask HN: How often do you code ... 转换完成，包含 0 条评论
2026-05-20 17:01:13,857 - scrapers.hackernews_scraper - INFO - 共转换 15 个故事为统一格式
2026-05-20 17:01:13,857 - scrapers.hackernews_scraper - INFO - 爬取完成，共获取 15 个Ask HN故事
2026-05-20 17:01:14,111 - utils.storage_utils - INFO - 已更新源索引: hackernews
2026-05-20 17:01:14,113 - utils.storage_utils - INFO - 数据已保存到 data/hackernews/week_2026-05-18.json
2026-05-20 17:01:14,114 - scrapers.base_scraper - INFO - 数据已保存到 data/hackernews/week_2026-05-18.json
2026-05-20 17:01:14,114 - scrapers.base_scraper - INFO - 成功爬取 Hacker News 的数据
2026-05-20 17:01:14,115 - __main__ - INFO - 完成: 1/3 个爬虫成功运行
2026-05-20 17:01:14,356 - __main__ - INFO - 归档所有源的旧数据
2026-05-20 17:01:14,356 - __main__ - INFO - 源 jandan 归档 无需归档
2026-05-20 17:01:14,357 - __main__ - INFO - 源 reddit 归档 无需归档
2026-05-20 17:01:14,357 - __main__ - INFO - 源 hackernews 归档 无需归档
