2026-05-05 16:29:49,188 - __main__ - INFO - 运行所有爬虫
2026-05-05 16:29:49,188 - scrapers.jandan_scraper - INFO - JandanScraper初始化完成
2026-05-05 16:29:49,188 - scrapers.base_scraper - INFO - 开始爬取 煎蛋网
2026-05-05 16:29:49,188 - scrapers.jandan_scraper - INFO - 开始爬取煎蛋热评
2026-05-05 16:29:53,186 - scrapers.jandan_scraper - INFO - 成功获取HTML内容，长度: 27412
2026-05-05 16:29:53,187 - scrapers.jandan_scraper - INFO - 调试: 手动获取评论 5877984 的吐槽数据
2026-05-05 16:29:53,187 - scrapers.jandan_scraper - INFO - 获取评论 5877984 的吐槽内容: https://jandan.net/api/tucao/list/5877984
2026-05-05 16:29:56,587 - scrapers.jandan_scraper - INFO - 评论 5877984 获取到 1 条热门吐槽, 3 条普通吐槽
2026-05-05 16:29:56,587 - scrapers.jandan_scraper - INFO - 调试: 评论 5877984 获取到 1 条热门吐槽, 3 条普通吐槽
2026-05-05 16:29:56,587 - scrapers.jandan_scraper - INFO - 开始解析页面中的评论
2026-05-05 16:29:56,587 - scrapers.jandan_scraper - INFO - 开始解析HTML内容, 长度: 27412
2026-05-05 16:29:56,595 - scrapers.jandan_scraper - INFO - 找到 0 条热门评论
2026-05-05 16:29:56,595 - scrapers.jandan_scraper - INFO - 解析完成，获取到 0 条评论
2026-05-05 16:29:56,595 - scrapers.jandan_scraper - INFO - 开始转换评论为统一格式
2026-05-05 16:29:56,595 - scrapers.jandan_scraper - INFO - 开始转换 0 条评论到统一格式
2026-05-05 16:29:56,595 - scrapers.jandan_scraper - INFO - 共转换 0 条评论为统一格式
2026-05-05 16:29:56,595 - scrapers.jandan_scraper - INFO - 爬取完成，共获取 0 条热评
2026-05-05 16:29:56,595 - scrapers.base_scraper - ERROR - 爬取 煎蛋网 失败
2026-05-05 16:29:56,595 - scrapers.reddit_scraper - INFO - RedditScraper初始化完成
2026-05-05 16:29:56,596 - scrapers.base_scraper - INFO - 开始爬取 Reddit
2026-05-05 16:29:56,597 - scrapers.reddit_scraper - INFO - 开始爬取Reddit r/confessions每周热门帖子
2026-05-05 16:29:59,001 - utils.http_utils - ERROR - 请求失败: https://www.reddit.com/r/confessions/top/.json?t=week&limit=10, 错误: 403 Client Error: Blocked for url: https://www.reddit.com/r/confessions/top/.json?t=week&limit=10
2026-05-05 16:29:59,001 - scrapers.reddit_scraper - ERROR - 获取API数据失败: 403 Client Error: Blocked for url: https://www.reddit.com/r/confessions/top/.json?t=week&limit=10
2026-05-05 16:29:59,002 - scrapers.base_scraper - ERROR - 爬取 Reddit 失败
2026-05-05 16:29:59,002 - scrapers.hackernews_scraper - INFO - HackerNewsScraper初始化完成
2026-05-05 16:29:59,002 - scrapers.base_scraper - INFO - 开始爬取 Hacker News
2026-05-05 16:29:59,002 - scrapers.hackernews_scraper - INFO - 开始爬取Hacker News Ask HN帖子
2026-05-05 16:29:59,002 - scrapers.hackernews_scraper - INFO - 获取Ask HN页面: https://news.ycombinator.com/ask
2026-05-05 16:30:00,993 - scrapers.hackernews_scraper - INFO - 找到 17 个帖子行
2026-05-05 16:30:00,994 - scrapers.hackernews_scraper - INFO - 成功解析故事: Ask HN: Best Embedding Models?..., 作者=devstein, 点赞=14, 评论=0
2026-05-05 16:30:00,995 - scrapers.hackernews_scraper - INFO - 成功解析故事: Ask HN: Who wants to be hired?..., 作者=whoishiring, 点赞=147, 评论=0
2026-05-05 16:30:00,995 - scrapers.hackernews_scraper - INFO - 成功解析故事: Ask HN: Who is hiring? (May 20..., 作者=whoishiring, 点赞=303, 评论=0
2026-05-05 16:30:00,996 - scrapers.hackernews_scraper - INFO - 成功解析故事: Ask HN: Where are you getting ..., 作者=baetylus, 点赞=7, 评论=0
2026-05-05 16:30:00,996 - scrapers.hackernews_scraper - INFO - 成功解析故事: Ask HN: Is the Job Market Actu..., 作者=idontwantthis, 点赞=125, 评论=0
2026-05-05 16:30:00,997 - scrapers.hackernews_scraper - INFO - 成功解析故事: Ask HN: Is a hands-off, family..., 作者=strix_varius, 点赞=10, 评论=0
2026-05-05 16:30:00,997 - scrapers.hackernews_scraper - INFO - 成功解析故事: Ask HN: When did you move from..., 作者=laxmena, 点赞=6, 评论=0
2026-05-05 16:30:00,998 - scrapers.hackernews_scraper - INFO - 成功解析故事: Ask HN: Those building Swift a..., 作者=p5v, 点赞=18, 评论=0
2026-05-05 16:30:00,999 - scrapers.hackernews_scraper - INFO - 成功解析 8 个Ask HN故事
2026-05-05 16:30:00,999 - scrapers.hackernews_scraper - INFO - 开始转换 8 个故事到统一格式
2026-05-05 16:30:00,999 - scrapers.hackernews_scraper - INFO - 转换第 1/8 个故事: Ask HN: Best Embedding Models?...
2026-05-05 16:30:03,887 - scrapers.hackernews_scraper - INFO - 找到 12 条评论
2026-05-05 16:30:03,894 - scrapers.hackernews_scraper - INFO - 故事 Ask HN: Best Embedding Models?... 转换完成，包含 12 条评论
2026-05-05 16:30:03,894 - scrapers.hackernews_scraper - INFO - 转换第 2/8 个故事: Ask HN: Who wants to be hired?...
2026-05-05 16:30:08,112 - scrapers.hackernews_scraper - INFO - 找到 442 条评论
2026-05-05 16:30:12,063 - scrapers.hackernews_scraper - INFO - 故事 Ask HN: Who wants to be hired?... 转换完成，包含 100 条评论
2026-05-05 16:30:12,064 - scrapers.hackernews_scraper - INFO - 转换第 3/8 个故事: Ask HN: Who is hiring? (May 20...
2026-05-05 16:30:15,790 - scrapers.hackernews_scraper - INFO - 找到 434 条评论
2026-05-05 16:30:19,361 - scrapers.hackernews_scraper - INFO - 故事 Ask HN: Who is hiring? (May 20... 转换完成，包含 100 条评论
2026-05-05 16:30:19,362 - scrapers.hackernews_scraper - INFO - 转换第 4/8 个故事: Ask HN: Where are you getting ...
2026-05-05 16:30:20,677 - scrapers.hackernews_scraper - INFO - 找到 8 条评论
2026-05-05 16:30:20,682 - scrapers.hackernews_scraper - INFO - 故事 Ask HN: Where are you getting ... 转换完成，包含 8 条评论
2026-05-05 16:30:20,682 - scrapers.hackernews_scraper - INFO - 转换第 5/8 个故事: Ask HN: Is the Job Market Actu...
2026-05-05 16:30:23,518 - scrapers.hackernews_scraper - INFO - 找到 199 条评论
2026-05-05 16:30:24,204 - scrapers.hackernews_scraper - INFO - 故事 Ask HN: Is the Job Market Actu... 转换完成，包含 100 条评论
2026-05-05 16:30:24,204 - scrapers.hackernews_scraper - INFO - 转换第 6/8 个故事: Ask HN: Is a hands-off, family...
2026-05-05 16:30:25,356 - scrapers.hackernews_scraper - INFO - 找到 10 条评论
2026-05-05 16:30:25,363 - scrapers.hackernews_scraper - INFO - 故事 Ask HN: Is a hands-off, family... 转换完成，包含 10 条评论
2026-05-05 16:30:25,363 - scrapers.hackernews_scraper - INFO - 转换第 7/8 个故事: Ask HN: When did you move from...
2026-05-05 16:30:28,179 - scrapers.hackernews_scraper - INFO - 找到 3 条评论
2026-05-05 16:30:28,181 - scrapers.hackernews_scraper - INFO - 故事 Ask HN: When did you move from... 转换完成，包含 3 条评论
2026-05-05 16:30:28,181 - scrapers.hackernews_scraper - INFO - 转换第 8/8 个故事: Ask HN: Those building Swift a...
2026-05-05 16:30:29,787 - utils.http_utils - ERROR - 请求失败: https://news.ycombinator.com/item?id=47998643, 错误: 429 Client Error: Too Many Requests for url: https://news.ycombinator.com/item?id=47998643
2026-05-05 16:30:29,787 - scrapers.hackernews_scraper - ERROR - 获取故事详情失败: 47998643
2026-05-05 16:30:31,188 - utils.http_utils - ERROR - 请求失败: https://news.ycombinator.com/item?id=47998643, 错误: 429 Client Error: Too Many Requests for url: https://news.ycombinator.com/item?id=47998643
2026-05-05 16:30:31,189 - scrapers.hackernews_scraper - ERROR - 获取故事详情失败: 47998643
2026-05-05 16:30:31,189 - scrapers.hackernews_scraper - INFO - 故事 Ask HN: Those building Swift a... 转换完成，包含 0 条评论
2026-05-05 16:30:31,189 - scrapers.hackernews_scraper - INFO - 共转换 8 个故事为统一格式
2026-05-05 16:30:31,189 - scrapers.hackernews_scraper - INFO - 爬取完成，共获取 8 个Ask HN故事
2026-05-05 16:30:31,508 - utils.storage_utils - INFO - 已更新源索引: hackernews
2026-05-05 16:30:31,509 - utils.storage_utils - INFO - 数据已保存到 data/hackernews/week_2026-05-04.json
2026-05-05 16:30:31,510 - scrapers.base_scraper - INFO - 数据已保存到 data/hackernews/week_2026-05-04.json
2026-05-05 16:30:31,510 - scrapers.base_scraper - INFO - 成功爬取 Hacker News 的数据
2026-05-05 16:30:31,511 - __main__ - INFO - 完成: 1/3 个爬虫成功运行
2026-05-05 16:30:31,745 - __main__ - INFO - 归档所有源的旧数据
2026-05-05 16:30:31,745 - __main__ - INFO - 源 jandan 归档 无需归档
2026-05-05 16:30:31,745 - __main__ - INFO - 源 reddit 归档 无需归档
2026-05-05 16:30:31,745 - __main__ - INFO - 源 hackernews 归档 无需归档
