2025-08-24 16:01:41,030 - __main__ - INFO - 运行所有爬虫
2025-08-24 16:01:41,030 - scrapers.jandan_scraper - INFO - JandanScraper初始化完成
2025-08-24 16:01:41,030 - scrapers.base_scraper - INFO - 开始爬取 煎蛋网
2025-08-24 16:01:41,030 - scrapers.jandan_scraper - INFO - 开始爬取煎蛋热评
2025-08-24 16:01:44,817 - scrapers.jandan_scraper - INFO - 成功获取HTML内容，长度: 24792
2025-08-24 16:01:44,818 - scrapers.jandan_scraper - INFO - 调试: 手动获取评论 5877984 的吐槽数据
2025-08-24 16:01:44,818 - scrapers.jandan_scraper - INFO - 获取评论 5877984 的吐槽内容: https://jandan.net/api/tucao/list/5877984
2025-08-24 16:01:46,719 - scrapers.jandan_scraper - INFO - 评论 5877984 获取到 1 条热门吐槽, 3 条普通吐槽
2025-08-24 16:01:46,719 - scrapers.jandan_scraper - INFO - 调试: 评论 5877984 获取到 1 条热门吐槽, 3 条普通吐槽
2025-08-24 16:01:46,719 - scrapers.jandan_scraper - INFO - 开始解析页面中的评论
2025-08-24 16:01:46,719 - scrapers.jandan_scraper - INFO - 开始解析HTML内容, 长度: 24792
2025-08-24 16:01:46,728 - scrapers.jandan_scraper - INFO - 找到 0 条热门评论
2025-08-24 16:01:46,728 - scrapers.jandan_scraper - INFO - 解析完成，获取到 0 条评论
2025-08-24 16:01:46,728 - scrapers.jandan_scraper - INFO - 开始转换评论为统一格式
2025-08-24 16:01:46,728 - scrapers.jandan_scraper - INFO - 开始转换 0 条评论到统一格式
2025-08-24 16:01:46,728 - scrapers.jandan_scraper - INFO - 共转换 0 条评论为统一格式
2025-08-24 16:01:46,728 - scrapers.jandan_scraper - INFO - 爬取完成，共获取 0 条热评
2025-08-24 16:01:46,728 - scrapers.base_scraper - ERROR - 爬取 煎蛋网 失败
2025-08-24 16:01:46,728 - scrapers.reddit_scraper - INFO - RedditScraper初始化完成
2025-08-24 16:01:46,730 - scrapers.base_scraper - INFO - 开始爬取 Reddit
2025-08-24 16:01:46,730 - scrapers.reddit_scraper - INFO - 开始爬取Reddit r/confessions每周热门帖子
2025-08-24 16:01:49,135 - utils.http_utils - ERROR - 请求失败: https://www.reddit.com/r/confessions/top/.json?t=week&limit=10, 错误: 403 Client Error: Blocked for url: https://www.reddit.com/r/confessions/top/.json?t=week&limit=10
2025-08-24 16:01:49,136 - scrapers.reddit_scraper - ERROR - 获取API数据失败: 403 Client Error: Blocked for url: https://www.reddit.com/r/confessions/top/.json?t=week&limit=10
2025-08-24 16:01:49,137 - scrapers.base_scraper - ERROR - 爬取 Reddit 失败
2025-08-24 16:01:49,137 - scrapers.hackernews_scraper - INFO - HackerNewsScraper初始化完成
2025-08-24 16:01:49,137 - scrapers.base_scraper - INFO - 开始爬取 Hacker News
2025-08-24 16:01:49,137 - scrapers.hackernews_scraper - INFO - 开始爬取Hacker News Ask HN帖子
2025-08-24 16:01:49,137 - scrapers.hackernews_scraper - INFO - 获取Ask HN页面: https://news.ycombinator.com/ask
2025-08-24 16:01:51,418 - scrapers.hackernews_scraper - INFO - 找到 30 个帖子行
2025-08-24 16:01:51,420 - scrapers.hackernews_scraper - INFO - 成功解析故事: Ask HN: Best codebases to stud..., 作者=pixelworm, 点赞=74, 评论=0
2025-08-24 16:01:51,421 - scrapers.hackernews_scraper - INFO - 成功解析故事: Ask HN: Are emojis a dead give..., 作者=gtirloni, 点赞=2, 评论=0
2025-08-24 16:01:51,421 - scrapers.hackernews_scraper - INFO - 成功解析故事: Ask HN: What is the biggest pr..., 作者=mrs6969, 点赞=12, 评论=0
2025-08-24 16:01:51,422 - scrapers.hackernews_scraper - INFO - 成功解析故事: Ask HN: Why does the US Visa a..., 作者=mbix77, 点赞=531, 评论=0
2025-08-24 16:01:51,422 - scrapers.hackernews_scraper - INFO - 成功解析故事: Ask HN: How do you find early ..., 作者=gavino, 点赞=40, 评论=0
2025-08-24 16:01:51,423 - scrapers.hackernews_scraper - INFO - 成功解析故事: Ask HN: Anyone have experience..., 作者=chosewon, 点赞=4, 评论=0
2025-08-24 16:01:51,424 - scrapers.hackernews_scraper - INFO - 成功解析故事: Ask HN: What can I do to fight..., 作者=PutaXavier, 点赞=6, 评论=0
2025-08-24 16:01:51,424 - scrapers.hackernews_scraper - INFO - 成功解析故事: Ask HN: Why is Apple so far be..., 作者=davidajackson, 点赞=5, 评论=0
2025-08-24 16:01:51,425 - scrapers.hackernews_scraper - INFO - 成功解析故事: Ask HN: What's Hacker News's v..., 作者=gooob, 点赞=19, 评论=0
2025-08-24 16:01:51,425 - scrapers.hackernews_scraper - INFO - 成功解析故事: Ask HN: Is it possible to do g..., 作者=shivajikobardan, 点赞=7, 评论=0
2025-08-24 16:01:51,426 - scrapers.hackernews_scraper - INFO - 成功解析故事: Ask HN: Non-Smart TV Recommend..., 作者=behnamoh, 点赞=19, 评论=0
2025-08-24 16:01:51,427 - scrapers.hackernews_scraper - INFO - 成功解析故事: Ask HN: Help find old article ..., 作者=rhardih, 点赞=4, 评论=0
2025-08-24 16:01:51,428 - scrapers.hackernews_scraper - INFO - 成功解析故事: Ask HN: Has GitHub's web UI go..., 作者=SirensOfTitan, 点赞=5, 评论=0
2025-08-24 16:01:51,428 - scrapers.hackernews_scraper - INFO - 成功解析故事: Ask HN: Vibecoding in a Team..., 作者=matthewfan, 点赞=4, 评论=0
2025-08-24 16:01:51,429 - scrapers.hackernews_scraper - INFO - 成功解析故事: Ask HN: Recently laid off deve..., 作者=thatgloomyguy, 点赞=20, 评论=0
2025-08-24 16:01:51,429 - scrapers.hackernews_scraper - INFO - 成功解析 15 个Ask HN故事
2025-08-24 16:01:51,429 - scrapers.hackernews_scraper - INFO - 开始转换 15 个故事到统一格式
2025-08-24 16:01:51,429 - scrapers.hackernews_scraper - INFO - 转换第 1/15 个故事: Ask HN: Best codebases to stud...
2025-08-24 16:01:53,106 - scrapers.hackernews_scraper - INFO - 找到 60 条评论
2025-08-24 16:01:53,192 - scrapers.hackernews_scraper - INFO - 故事 Ask HN: Best codebases to stud... 转换完成，包含 60 条评论
2025-08-24 16:01:53,192 - scrapers.hackernews_scraper - INFO - 转换第 2/15 个故事: Ask HN: Are emojis a dead give...
2025-08-24 16:01:54,846 - scrapers.hackernews_scraper - INFO - 找到 2 条评论
2025-08-24 16:01:54,847 - scrapers.hackernews_scraper - INFO - 故事 Ask HN: Are emojis a dead give... 转换完成，包含 2 条评论
2025-08-24 16:01:54,847 - scrapers.hackernews_scraper - INFO - 转换第 3/15 个故事: Ask HN: What is the biggest pr...
2025-08-24 16:01:57,468 - scrapers.hackernews_scraper - INFO - 找到 14 条评论
2025-08-24 16:01:57,480 - scrapers.hackernews_scraper - INFO - 故事 Ask HN: What is the biggest pr... 转换完成，包含 14 条评论
2025-08-24 16:01:57,480 - scrapers.hackernews_scraper - INFO - 转换第 4/15 个故事: Ask HN: Why does the US Visa a...
2025-08-24 16:02:00,644 - scrapers.hackernews_scraper - INFO - 找到 250 条评论
2025-08-24 16:02:01,757 - scrapers.hackernews_scraper - INFO - 故事 Ask HN: Why does the US Visa a... 转换完成，包含 100 条评论
2025-08-24 16:02:01,757 - scrapers.hackernews_scraper - INFO - 转换第 5/15 个故事: Ask HN: How do you find early ...
2025-08-24 16:02:04,699 - scrapers.hackernews_scraper - INFO - 找到 22 条评论
2025-08-24 16:02:04,719 - scrapers.hackernews_scraper - INFO - 故事 Ask HN: How do you find early ... 转换完成，包含 22 条评论
2025-08-24 16:02:04,719 - scrapers.hackernews_scraper - INFO - 转换第 6/15 个故事: Ask HN: Anyone have experience...
2025-08-24 16:02:07,383 - scrapers.hackernews_scraper - INFO - 找到 4 条评论
2025-08-24 16:02:07,385 - scrapers.hackernews_scraper - INFO - 故事 Ask HN: Anyone have experience... 转换完成，包含 4 条评论
2025-08-24 16:02:07,385 - scrapers.hackernews_scraper - INFO - 转换第 7/15 个故事: Ask HN: What can I do to fight...
2025-08-24 16:02:10,027 - scrapers.hackernews_scraper - INFO - 找到 3 条评论
2025-08-24 16:02:10,028 - scrapers.hackernews_scraper - INFO - 故事 Ask HN: What can I do to fight... 转换完成，包含 3 条评论
2025-08-24 16:02:10,029 - scrapers.hackernews_scraper - INFO - 转换第 8/15 个故事: Ask HN: Why is Apple so far be...
2025-08-24 16:02:12,204 - scrapers.hackernews_scraper - INFO - 找到 9 条评论
2025-08-24 16:02:12,210 - scrapers.hackernews_scraper - INFO - 故事 Ask HN: Why is Apple so far be... 转换完成，包含 9 条评论
2025-08-24 16:02:12,210 - scrapers.hackernews_scraper - INFO - 转换第 9/15 个故事: Ask HN: What's Hacker News's v...
2025-08-24 16:02:15,035 - scrapers.hackernews_scraper - INFO - 找到 15 条评论
2025-08-24 16:02:15,046 - scrapers.hackernews_scraper - INFO - 故事 Ask HN: What's Hacker News's v... 转换完成，包含 15 条评论
2025-08-24 16:02:15,046 - scrapers.hackernews_scraper - INFO - 转换第 10/15 个故事: Ask HN: Is it possible to do g...
2025-08-24 16:02:16,202 - scrapers.hackernews_scraper - INFO - 找到 3 条评论
2025-08-24 16:02:16,204 - scrapers.hackernews_scraper - INFO - 故事 Ask HN: Is it possible to do g... 转换完成，包含 3 条评论
2025-08-24 16:02:16,204 - scrapers.hackernews_scraper - INFO - 转换第 11/15 个故事: Ask HN: Non-Smart TV Recommend...
2025-08-24 16:02:17,925 - scrapers.hackernews_scraper - INFO - 找到 23 条评论
2025-08-24 16:02:17,945 - scrapers.hackernews_scraper - INFO - 故事 Ask HN: Non-Smart TV Recommend... 转换完成，包含 23 条评论
2025-08-24 16:02:17,945 - scrapers.hackernews_scraper - INFO - 转换第 12/15 个故事: Ask HN: Help find old article ...
2025-08-24 16:02:20,233 - scrapers.hackernews_scraper - INFO - 找到 4 条评论
2025-08-24 16:02:20,235 - scrapers.hackernews_scraper - INFO - 故事 Ask HN: Help find old article ... 转换完成，包含 4 条评论
2025-08-24 16:02:20,235 - scrapers.hackernews_scraper - INFO - 转换第 13/15 个故事: Ask HN: Has GitHub's web UI go...
2025-08-24 16:02:21,421 - scrapers.hackernews_scraper - INFO - 找到 4 条评论
2025-08-24 16:02:21,423 - scrapers.hackernews_scraper - INFO - 故事 Ask HN: Has GitHub's web UI go... 转换完成，包含 4 条评论
2025-08-24 16:02:21,423 - scrapers.hackernews_scraper - INFO - 转换第 14/15 个故事: Ask HN: Vibecoding in a Team...
2025-08-24 16:02:22,731 - scrapers.hackernews_scraper - INFO - 找到 6 条评论
2025-08-24 16:02:22,734 - scrapers.hackernews_scraper - INFO - 故事 Ask HN: Vibecoding in a Team... 转换完成，包含 6 条评论
2025-08-24 16:02:22,735 - scrapers.hackernews_scraper - INFO - 转换第 15/15 个故事: Ask HN: Recently laid off deve...
2025-08-24 16:02:25,842 - scrapers.hackernews_scraper - INFO - 找到 18 条评论
2025-08-24 16:02:25,857 - scrapers.hackernews_scraper - INFO - 故事 Ask HN: Recently laid off deve... 转换完成，包含 18 条评论
2025-08-24 16:02:25,857 - scrapers.hackernews_scraper - INFO - 共转换 15 个故事为统一格式
2025-08-24 16:02:25,857 - scrapers.hackernews_scraper - INFO - 爬取完成，共获取 15 个Ask HN故事
2025-08-24 16:02:26,477 - utils.storage_utils - INFO - 已更新源索引: hackernews
2025-08-24 16:02:26,481 - utils.storage_utils - INFO - 数据已保存到 data/hackernews/week_2025-08-18.json
2025-08-24 16:02:26,483 - scrapers.base_scraper - INFO - 数据已保存到 data/hackernews/week_2025-08-18.json
2025-08-24 16:02:26,483 - scrapers.base_scraper - INFO - 成功爬取 Hacker News 的数据
2025-08-24 16:02:26,484 - __main__ - INFO - 完成: 1/3 个爬虫成功运行
2025-08-24 16:02:26,702 - __main__ - INFO - 归档所有源的旧数据
2025-08-24 16:02:26,702 - __main__ - INFO - 源 jandan 归档 无需归档
2025-08-24 16:02:26,703 - __main__ - INFO - 源 reddit 归档 无需归档
2025-08-24 16:02:26,703 - __main__ - INFO - 源 hackernews 归档 无需归档
