2025-05-01 16:01:56,862 - __main__ - INFO - 运行所有爬虫
2025-05-01 16:01:56,862 - scrapers.jandan_scraper - INFO - JandanScraper初始化完成
2025-05-01 16:01:56,862 - scrapers.base_scraper - INFO - 开始爬取 煎蛋网
2025-05-01 16:01:56,862 - scrapers.jandan_scraper - INFO - 开始爬取煎蛋热评
2025-05-01 16:02:08,962 - urllib3.connectionpool - WARNING - Retrying (Retry(total=2, connect=None, read=None, redirect=None, status=None)) after connection broken by 'ReadTimeoutError("HTTPSConnectionPool(host='jandan.net', port=443): Read timed out. (read timeout=10)")': /top-comments
2025-05-01 16:02:15,359 - scrapers.jandan_scraper - INFO - 成功获取HTML内容，长度: 25423
2025-05-01 16:02:15,359 - scrapers.jandan_scraper - INFO - 调试: 手动获取评论 5877984 的吐槽数据
2025-05-01 16:02:15,359 - scrapers.jandan_scraper - INFO - 获取评论 5877984 的吐槽内容: https://jandan.net/api/tucao/list/5877984
2025-05-01 16:02:18,319 - scrapers.jandan_scraper - INFO - 评论 5877984 获取到 1 条热门吐槽, 3 条普通吐槽
2025-05-01 16:02:18,320 - scrapers.jandan_scraper - INFO - 调试: 评论 5877984 获取到 1 条热门吐槽, 3 条普通吐槽
2025-05-01 16:02:18,320 - scrapers.jandan_scraper - INFO - 开始解析页面中的评论
2025-05-01 16:02:18,320 - scrapers.jandan_scraper - INFO - 开始解析HTML内容, 长度: 25423
2025-05-01 16:02:18,329 - scrapers.jandan_scraper - INFO - 找到 0 条热门评论
2025-05-01 16:02:18,329 - scrapers.jandan_scraper - INFO - 解析完成，获取到 0 条评论
2025-05-01 16:02:18,329 - scrapers.jandan_scraper - INFO - 开始转换评论为统一格式
2025-05-01 16:02:18,329 - scrapers.jandan_scraper - INFO - 开始转换 0 条评论到统一格式
2025-05-01 16:02:18,329 - scrapers.jandan_scraper - INFO - 共转换 0 条评论为统一格式
2025-05-01 16:02:18,329 - scrapers.jandan_scraper - INFO - 爬取完成，共获取 0 条热评
2025-05-01 16:02:18,329 - scrapers.base_scraper - ERROR - 爬取 煎蛋网 失败
2025-05-01 16:02:18,329 - scrapers.reddit_scraper - INFO - RedditScraper初始化完成
2025-05-01 16:02:18,330 - scrapers.base_scraper - INFO - 开始爬取 Reddit
2025-05-01 16:02:18,330 - scrapers.reddit_scraper - INFO - 开始爬取Reddit r/confessions每周热门帖子
2025-05-01 16:02:19,921 - utils.http_utils - ERROR - 请求失败: https://www.reddit.com/r/confessions/top/.json?t=week&limit=10, 错误: 403 Client Error: Blocked for url: https://www.reddit.com/r/confessions/top/.json?t=week&limit=10
2025-05-01 16:02:19,921 - scrapers.reddit_scraper - ERROR - 获取API数据失败: 403 Client Error: Blocked for url: https://www.reddit.com/r/confessions/top/.json?t=week&limit=10
2025-05-01 16:02:19,921 - scrapers.base_scraper - ERROR - 爬取 Reddit 失败
2025-05-01 16:02:19,922 - scrapers.hackernews_scraper - INFO - HackerNewsScraper初始化完成
2025-05-01 16:02:19,922 - scrapers.base_scraper - INFO - 开始爬取 Hacker News
2025-05-01 16:02:19,922 - scrapers.hackernews_scraper - INFO - 开始爬取Hacker News Ask HN帖子
2025-05-01 16:02:19,922 - scrapers.hackernews_scraper - INFO - 获取Ask HN页面: https://news.ycombinator.com/ask
2025-05-01 16:02:22,293 - scrapers.hackernews_scraper - INFO - 找到 30 个帖子行
2025-05-01 16:02:22,294 - scrapers.hackernews_scraper - INFO - 成功解析故事: Ask HN: Who wants to be hired?..., 作者=whoishiring, 点赞=7, 评论=0
2025-05-01 16:02:22,295 - scrapers.hackernews_scraper - INFO - 成功解析故事: Ask HN: What are you working o..., 作者=david927, 点赞=395, 评论=0
2025-05-01 16:02:22,296 - scrapers.hackernews_scraper - INFO - 成功解析故事: Ask HN: Email Client..., 作者=gabeyaw, 点赞=4, 评论=0
2025-05-01 16:02:22,296 - scrapers.hackernews_scraper - INFO - 成功解析故事: Ask HN: 3rd Week at FAANG and ..., 作者=HowDoesSound, 点赞=28, 评论=0
2025-05-01 16:02:22,297 - scrapers.hackernews_scraper - INFO - 成功解析故事: Ask HN: Parents of young kids:..., 作者=recursiverogue, 点赞=3, 评论=0
2025-05-01 16:02:22,298 - scrapers.hackernews_scraper - INFO - 成功解析故事: Ask HN: I don't want to work i..., 作者=needtoquitmyjob, 点赞=56, 评论=0
2025-05-01 16:02:22,298 - scrapers.hackernews_scraper - INFO - 成功解析故事: Ask HN: Share your AI prompt t..., 作者=owendarko, 点赞=438, 评论=0
2025-05-01 16:02:22,299 - scrapers.hackernews_scraper - INFO - 成功解析故事: Ask HN: Are there any apps to ..., 作者=cantrobot, 点赞=23, 评论=0
2025-05-01 16:02:22,300 - scrapers.hackernews_scraper - INFO - 成功解析故事: Ask HN: Memory-safe low level ..., 作者=hyperbrainer, 点赞=51, 评论=0
2025-05-01 16:02:22,300 - scrapers.hackernews_scraper - INFO - 成功解析故事: Ask HN: What benchmarks are yo..., 作者=cowpig, 点赞=4, 评论=0
2025-05-01 16:02:22,301 - scrapers.hackernews_scraper - INFO - 成功解析故事: Ask HN: What Makes a Good Data..., 作者=RetroTechie, 点赞=6, 评论=0
2025-05-01 16:02:22,302 - scrapers.hackernews_scraper - INFO - 成功解析故事: Ask HN: Valuable habit you've ..., 作者=cracadumi, 点赞=6, 评论=0
2025-05-01 16:02:22,302 - scrapers.hackernews_scraper - INFO - 成功解析故事: Ask HN: Do you have a blog you..., 作者=barikabassey, 点赞=5, 评论=0
2025-05-01 16:02:22,303 - scrapers.hackernews_scraper - INFO - 成功解析故事: Ask HN: CS degrees, do they ma..., 作者=platevoltage, 点赞=83, 评论=0
2025-05-01 16:02:22,304 - scrapers.hackernews_scraper - INFO - 成功解析故事: Ask HN: When will Wayland ecli..., 作者=Rooster61, 点赞=10, 评论=0
2025-05-01 16:02:22,304 - scrapers.hackernews_scraper - INFO - 成功解析 15 个Ask HN故事
2025-05-01 16:02:22,304 - scrapers.hackernews_scraper - INFO - 开始转换 15 个故事到统一格式
2025-05-01 16:02:22,304 - scrapers.hackernews_scraper - INFO - 转换第 1/15 个故事: Ask HN: Who wants to be hired?...
2025-05-01 16:02:24,277 - scrapers.hackernews_scraper - INFO - 找到 25 条评论
2025-05-01 16:02:24,306 - scrapers.hackernews_scraper - INFO - 故事 Ask HN: Who wants to be hired?... 转换完成，包含 25 条评论
2025-05-01 16:02:24,306 - scrapers.hackernews_scraper - INFO - 转换第 2/15 个故事: Ask HN: What are you working o...
2025-05-01 16:02:32,394 - scrapers.hackernews_scraper - INFO - 找到 1173 条评论
2025-05-01 16:03:03,700 - scrapers.hackernews_scraper - INFO - 故事 Ask HN: What are you working o... 转换完成，包含 100 条评论
2025-05-01 16:03:03,700 - scrapers.hackernews_scraper - INFO - 转换第 3/15 个故事: Ask HN: Email Client...
2025-05-01 16:03:05,903 - scrapers.hackernews_scraper - INFO - 找到 14 条评论
2025-05-01 16:03:05,914 - scrapers.hackernews_scraper - INFO - 故事 Ask HN: Email Client... 转换完成，包含 14 条评论
2025-05-01 16:03:05,914 - scrapers.hackernews_scraper - INFO - 转换第 4/15 个故事: Ask HN: 3rd Week at FAANG and ...
2025-05-01 16:03:08,374 - scrapers.hackernews_scraper - INFO - 找到 30 条评论
2025-05-01 16:03:08,405 - scrapers.hackernews_scraper - INFO - 故事 Ask HN: 3rd Week at FAANG and ... 转换完成，包含 30 条评论
2025-05-01 16:03:08,405 - scrapers.hackernews_scraper - INFO - 转换第 5/15 个故事: Ask HN: Parents of young kids:...
2025-05-01 16:03:11,191 - scrapers.hackernews_scraper - INFO - 找到 17 条评论
2025-05-01 16:03:11,206 - scrapers.hackernews_scraper - INFO - 故事 Ask HN: Parents of young kids:... 转换完成，包含 17 条评论
2025-05-01 16:03:11,206 - scrapers.hackernews_scraper - INFO - 转换第 6/15 个故事: Ask HN: I don't want to work i...
2025-05-01 16:03:13,081 - scrapers.hackernews_scraper - INFO - 找到 39 条评论
2025-05-01 16:03:13,128 - scrapers.hackernews_scraper - INFO - 故事 Ask HN: I don't want to work i... 转换完成，包含 39 条评论
2025-05-01 16:03:13,128 - scrapers.hackernews_scraper - INFO - 转换第 7/15 个故事: Ask HN: Share your AI prompt t...
2025-05-01 16:03:18,702 - scrapers.hackernews_scraper - INFO - 找到 631 条评论
2025-05-01 16:03:28,520 - scrapers.hackernews_scraper - INFO - 故事 Ask HN: Share your AI prompt t... 转换完成，包含 100 条评论
2025-05-01 16:03:28,520 - scrapers.hackernews_scraper - INFO - 转换第 8/15 个故事: Ask HN: Are there any apps to ...
2025-05-01 16:03:30,763 - scrapers.hackernews_scraper - INFO - 找到 12 条评论
2025-05-01 16:03:30,772 - scrapers.hackernews_scraper - INFO - 故事 Ask HN: Are there any apps to ... 转换完成，包含 12 条评论
2025-05-01 16:03:30,772 - scrapers.hackernews_scraper - INFO - 转换第 9/15 个故事: Ask HN: Memory-safe low level ...
2025-05-01 16:03:32,333 - scrapers.hackernews_scraper - INFO - 找到 109 条评论
2025-05-01 16:03:32,610 - scrapers.hackernews_scraper - INFO - 故事 Ask HN: Memory-safe low level ... 转换完成，包含 100 条评论
2025-05-01 16:03:32,610 - scrapers.hackernews_scraper - INFO - 转换第 10/15 个故事: Ask HN: What benchmarks are yo...
2025-05-01 16:03:34,913 - scrapers.hackernews_scraper - INFO - 找到 2 条评论
2025-05-01 16:03:34,915 - scrapers.hackernews_scraper - INFO - 故事 Ask HN: What benchmarks are yo... 转换完成，包含 2 条评论
2025-05-01 16:03:34,915 - scrapers.hackernews_scraper - INFO - 转换第 11/15 个故事: Ask HN: What Makes a Good Data...
2025-05-01 16:03:37,647 - scrapers.hackernews_scraper - INFO - 找到 0 条评论
2025-05-01 16:03:37,647 - scrapers.hackernews_scraper - INFO - 故事 Ask HN: What Makes a Good Data... 转换完成，包含 0 条评论
2025-05-01 16:03:37,647 - scrapers.hackernews_scraper - INFO - 转换第 12/15 个故事: Ask HN: Valuable habit you've ...
2025-05-01 16:03:39,064 - scrapers.hackernews_scraper - INFO - 找到 19 条评论
2025-05-01 16:03:39,080 - scrapers.hackernews_scraper - INFO - 故事 Ask HN: Valuable habit you've ... 转换完成，包含 19 条评论
2025-05-01 16:03:39,080 - scrapers.hackernews_scraper - INFO - 转换第 13/15 个故事: Ask HN: Do you have a blog you...
2025-05-01 16:03:42,166 - scrapers.hackernews_scraper - INFO - 找到 5 条评论
2025-05-01 16:03:42,170 - scrapers.hackernews_scraper - INFO - 故事 Ask HN: Do you have a blog you... 转换完成，包含 5 条评论
2025-05-01 16:03:42,170 - scrapers.hackernews_scraper - INFO - 转换第 14/15 个故事: Ask HN: CS degrees, do they ma...
2025-05-01 16:03:44,752 - scrapers.hackernews_scraper - INFO - 找到 226 条评论
2025-05-01 16:03:45,749 - scrapers.hackernews_scraper - INFO - 故事 Ask HN: CS degrees, do they ma... 转换完成，包含 100 条评论
2025-05-01 16:03:45,749 - scrapers.hackernews_scraper - INFO - 转换第 15/15 个故事: Ask HN: When will Wayland ecli...
2025-05-01 16:03:48,301 - scrapers.hackernews_scraper - INFO - 找到 26 条评论
2025-05-01 16:03:48,325 - scrapers.hackernews_scraper - INFO - 故事 Ask HN: When will Wayland ecli... 转换完成，包含 26 条评论
2025-05-01 16:03:48,326 - scrapers.hackernews_scraper - INFO - 共转换 15 个故事为统一格式
2025-05-01 16:03:48,326 - scrapers.hackernews_scraper - INFO - 爬取完成，共获取 15 个Ask HN故事
2025-05-01 16:03:48,650 - utils.storage_utils - INFO - 已更新源索引: hackernews
2025-05-01 16:03:48,653 - utils.storage_utils - INFO - 数据已保存到 data/hackernews/week_2025-04-28.json
2025-05-01 16:03:48,654 - scrapers.base_scraper - INFO - 数据已保存到 data/hackernews/week_2025-04-28.json
2025-05-01 16:03:48,654 - scrapers.base_scraper - INFO - 成功爬取 Hacker News 的数据
2025-05-01 16:03:48,655 - __main__ - INFO - 完成: 1/3 个爬虫成功运行
2025-05-01 16:03:48,897 - __main__ - INFO - 归档所有源的旧数据
2025-05-01 16:03:48,898 - __main__ - INFO - 源 jandan 归档 无需归档
2025-05-01 16:03:48,898 - __main__ - INFO - 源 reddit 归档 无需归档
2025-05-01 16:03:48,898 - __main__ - INFO - 源 hackernews 归档 无需归档
