2025-06-20 16:01:42,054 - __main__ - INFO - 运行所有爬虫
2025-06-20 16:01:42,054 - scrapers.jandan_scraper - INFO - JandanScraper初始化完成
2025-06-20 16:01:42,055 - scrapers.base_scraper - INFO - 开始爬取 煎蛋网
2025-06-20 16:01:42,055 - scrapers.jandan_scraper - INFO - 开始爬取煎蛋热评
2025-06-20 16:01:45,235 - scrapers.jandan_scraper - INFO - 成功获取HTML内容，长度: 26153
2025-06-20 16:01:45,235 - scrapers.jandan_scraper - INFO - 调试: 手动获取评论 5877984 的吐槽数据
2025-06-20 16:01:45,235 - scrapers.jandan_scraper - INFO - 获取评论 5877984 的吐槽内容: https://jandan.net/api/tucao/list/5877984
2025-06-20 16:01:46,962 - scrapers.jandan_scraper - INFO - 评论 5877984 获取到 1 条热门吐槽, 3 条普通吐槽
2025-06-20 16:01:46,962 - scrapers.jandan_scraper - INFO - 调试: 评论 5877984 获取到 1 条热门吐槽, 3 条普通吐槽
2025-06-20 16:01:46,963 - scrapers.jandan_scraper - INFO - 开始解析页面中的评论
2025-06-20 16:01:46,963 - scrapers.jandan_scraper - INFO - 开始解析HTML内容, 长度: 26153
2025-06-20 16:01:46,972 - scrapers.jandan_scraper - INFO - 找到 0 条热门评论
2025-06-20 16:01:46,972 - scrapers.jandan_scraper - INFO - 解析完成，获取到 0 条评论
2025-06-20 16:01:46,972 - scrapers.jandan_scraper - INFO - 开始转换评论为统一格式
2025-06-20 16:01:46,972 - scrapers.jandan_scraper - INFO - 开始转换 0 条评论到统一格式
2025-06-20 16:01:46,972 - scrapers.jandan_scraper - INFO - 共转换 0 条评论为统一格式
2025-06-20 16:01:46,972 - scrapers.jandan_scraper - INFO - 爬取完成，共获取 0 条热评
2025-06-20 16:01:46,972 - scrapers.base_scraper - ERROR - 爬取 煎蛋网 失败
2025-06-20 16:01:46,972 - scrapers.reddit_scraper - INFO - RedditScraper初始化完成
2025-06-20 16:01:46,973 - scrapers.base_scraper - INFO - 开始爬取 Reddit
2025-06-20 16:01:46,973 - scrapers.reddit_scraper - INFO - 开始爬取Reddit r/confessions每周热门帖子
2025-06-20 16:01:48,168 - utils.http_utils - ERROR - 请求失败: https://www.reddit.com/r/confessions/top/.json?t=week&limit=10, 错误: 403 Client Error: Blocked for url: https://www.reddit.com/r/confessions/top/.json?t=week&limit=10
2025-06-20 16:01:48,169 - scrapers.reddit_scraper - ERROR - 获取API数据失败: 403 Client Error: Blocked for url: https://www.reddit.com/r/confessions/top/.json?t=week&limit=10
2025-06-20 16:01:48,169 - scrapers.base_scraper - ERROR - 爬取 Reddit 失败
2025-06-20 16:01:48,169 - scrapers.hackernews_scraper - INFO - HackerNewsScraper初始化完成
2025-06-20 16:01:48,169 - scrapers.base_scraper - INFO - 开始爬取 Hacker News
2025-06-20 16:01:48,169 - scrapers.hackernews_scraper - INFO - 开始爬取Hacker News Ask HN帖子
2025-06-20 16:01:48,169 - scrapers.hackernews_scraper - INFO - 获取Ask HN页面: https://news.ycombinator.com/ask
2025-06-20 16:01:50,192 - scrapers.hackernews_scraper - INFO - 找到 28 个帖子行
2025-06-20 16:01:50,193 - scrapers.hackernews_scraper - INFO - 成功解析故事: Ask HN: What is the equivalent..., 作者=sirjaz, 点赞=4, 评论=0
2025-06-20 16:01:50,194 - scrapers.hackernews_scraper - INFO - 成功解析故事: Ask HN: What newspaper are you..., 作者=mynti, 点赞=15, 评论=0
2025-06-20 16:01:50,195 - scrapers.hackernews_scraper - INFO - 成功解析故事: Ask HN: Advice about transitio..., 作者=tiniuclx, 点赞=3, 评论=0
2025-06-20 16:01:50,195 - scrapers.hackernews_scraper - INFO - 成功解析故事: Ask HN: Tips for hiring? It ha..., 作者=aprdm, 点赞=18, 评论=0
2025-06-20 16:01:50,196 - scrapers.hackernews_scraper - INFO - 成功解析故事: Ask HN: Is AI 'context switchi..., 作者=interstice, 点赞=15, 评论=0
2025-06-20 16:01:50,197 - scrapers.hackernews_scraper - INFO - 成功解析故事: Ask HN: AI agents and the futu..., 作者=jackmenotti, 点赞=7, 评论=0
2025-06-20 16:01:50,197 - scrapers.hackernews_scraper - INFO - 成功解析故事: Ask HN: Data engineers, What s..., 作者=robz75, 点赞=12, 评论=0
2025-06-20 16:01:50,198 - scrapers.hackernews_scraper - INFO - 成功解析故事: Ask HN: Is cloud infra making ..., 作者=hliyan, 点赞=5, 评论=0
2025-06-20 16:01:50,199 - scrapers.hackernews_scraper - INFO - 成功解析故事: Ask HN: For a team experienced..., 作者=pinter69, 点赞=4, 评论=0
2025-06-20 16:01:50,199 - scrapers.hackernews_scraper - INFO - 成功解析故事: Ask HN: Tech people who are se..., 作者=throwaway_owe98, 点赞=21, 评论=0
2025-06-20 16:01:50,200 - scrapers.hackernews_scraper - INFO - 成功解析故事: Ask HN: What cool skill or pro..., 作者=akktor, 点赞=125, 评论=0
2025-06-20 16:01:50,201 - scrapers.hackernews_scraper - INFO - 成功解析故事: Ask HN: What happens post ESOP..., 作者=makeavish, 点赞=2, 评论=0
2025-06-20 16:01:50,201 - scrapers.hackernews_scraper - INFO - 成功解析故事: Ask HN: How do I give back to ..., 作者=jupiterglimpse, 点赞=395, 评论=0
2025-06-20 16:01:50,202 - scrapers.hackernews_scraper - INFO - 成功解析故事: Ask HN: In a guide to inner wo..., 作者=cjbarber, 点赞=7, 评论=0
2025-06-20 16:01:50,203 - scrapers.hackernews_scraper - INFO - 成功解析故事: Ask HN: What is your fallback ..., 作者=7402, 点赞=93, 评论=0
2025-06-20 16:01:50,203 - scrapers.hackernews_scraper - INFO - 成功解析 15 个Ask HN故事
2025-06-20 16:01:50,203 - scrapers.hackernews_scraper - INFO - 开始转换 15 个故事到统一格式
2025-06-20 16:01:50,203 - scrapers.hackernews_scraper - INFO - 转换第 1/15 个故事: Ask HN: What is the equivalent...
2025-06-20 16:01:52,178 - scrapers.hackernews_scraper - INFO - 找到 4 条评论
2025-06-20 16:01:52,181 - scrapers.hackernews_scraper - INFO - 故事 Ask HN: What is the equivalent... 转换完成，包含 4 条评论
2025-06-20 16:01:52,181 - scrapers.hackernews_scraper - INFO - 转换第 2/15 个故事: Ask HN: What newspaper are you...
2025-06-20 16:01:54,910 - scrapers.hackernews_scraper - INFO - 找到 61 条评论
2025-06-20 16:01:55,008 - scrapers.hackernews_scraper - INFO - 故事 Ask HN: What newspaper are you... 转换完成，包含 61 条评论
2025-06-20 16:01:55,008 - scrapers.hackernews_scraper - INFO - 转换第 3/15 个故事: Ask HN: Advice about transitio...
2025-06-20 16:01:56,462 - scrapers.hackernews_scraper - INFO - 找到 7 条评论
2025-06-20 16:01:56,467 - scrapers.hackernews_scraper - INFO - 故事 Ask HN: Advice about transitio... 转换完成，包含 7 条评论
2025-06-20 16:01:56,467 - scrapers.hackernews_scraper - INFO - 转换第 4/15 个故事: Ask HN: Tips for hiring? It ha...
2025-06-20 16:01:58,687 - scrapers.hackernews_scraper - INFO - 找到 31 条评论
2025-06-20 16:01:58,721 - scrapers.hackernews_scraper - INFO - 故事 Ask HN: Tips for hiring? It ha... 转换完成，包含 31 条评论
2025-06-20 16:01:58,722 - scrapers.hackernews_scraper - INFO - 转换第 5/15 个故事: Ask HN: Is AI 'context switchi...
2025-06-20 16:02:00,725 - scrapers.hackernews_scraper - INFO - 找到 20 条评论
2025-06-20 16:02:00,742 - scrapers.hackernews_scraper - INFO - 故事 Ask HN: Is AI 'context switchi... 转换完成，包含 20 条评论
2025-06-20 16:02:00,742 - scrapers.hackernews_scraper - INFO - 转换第 6/15 个故事: Ask HN: AI agents and the futu...
2025-06-20 16:02:02,214 - scrapers.hackernews_scraper - INFO - 找到 3 条评论
2025-06-20 16:02:02,216 - scrapers.hackernews_scraper - INFO - 故事 Ask HN: AI agents and the futu... 转换完成，包含 3 条评论
2025-06-20 16:02:02,216 - scrapers.hackernews_scraper - INFO - 转换第 7/15 个故事: Ask HN: Data engineers, What s...
2025-06-20 16:02:03,420 - scrapers.hackernews_scraper - INFO - 找到 19 条评论
2025-06-20 16:02:03,437 - scrapers.hackernews_scraper - INFO - 故事 Ask HN: Data engineers, What s... 转换完成，包含 19 条评论
2025-06-20 16:02:03,437 - scrapers.hackernews_scraper - INFO - 转换第 8/15 个故事: Ask HN: Is cloud infra making ...
2025-06-20 16:02:04,672 - scrapers.hackernews_scraper - INFO - 找到 2 条评论
2025-06-20 16:02:04,674 - scrapers.hackernews_scraper - INFO - 故事 Ask HN: Is cloud infra making ... 转换完成，包含 2 条评论
2025-06-20 16:02:04,674 - scrapers.hackernews_scraper - INFO - 转换第 9/15 个故事: Ask HN: For a team experienced...
2025-06-20 16:02:06,006 - scrapers.hackernews_scraper - INFO - 找到 2 条评论
2025-06-20 16:02:06,007 - scrapers.hackernews_scraper - INFO - 故事 Ask HN: For a team experienced... 转换完成，包含 2 条评论
2025-06-20 16:02:06,008 - scrapers.hackernews_scraper - INFO - 转换第 10/15 个故事: Ask HN: Tech people who are se...
2025-06-20 16:02:09,085 - scrapers.hackernews_scraper - INFO - 找到 9 条评论
2025-06-20 16:02:09,092 - scrapers.hackernews_scraper - INFO - 故事 Ask HN: Tech people who are se... 转换完成，包含 9 条评论
2025-06-20 16:02:09,092 - scrapers.hackernews_scraper - INFO - 转换第 11/15 个故事: Ask HN: What cool skill or pro...
2025-06-20 16:02:12,162 - scrapers.hackernews_scraper - INFO - 找到 272 条评论
2025-06-20 16:02:13,569 - scrapers.hackernews_scraper - INFO - 故事 Ask HN: What cool skill or pro... 转换完成，包含 100 条评论
2025-06-20 16:02:13,570 - scrapers.hackernews_scraper - INFO - 转换第 12/15 个故事: Ask HN: What happens post ESOP...
2025-06-20 16:02:15,900 - scrapers.hackernews_scraper - INFO - 找到 0 条评论
2025-06-20 16:02:15,900 - scrapers.hackernews_scraper - INFO - 故事 Ask HN: What happens post ESOP... 转换完成，包含 0 条评论
2025-06-20 16:02:15,900 - scrapers.hackernews_scraper - INFO - 转换第 13/15 个故事: Ask HN: How do I give back to ...
2025-06-20 16:02:17,918 - scrapers.hackernews_scraper - INFO - 找到 206 条评论
2025-06-20 16:02:18,737 - scrapers.hackernews_scraper - INFO - 故事 Ask HN: How do I give back to ... 转换完成，包含 100 条评论
2025-06-20 16:02:18,738 - scrapers.hackernews_scraper - INFO - 转换第 14/15 个故事: Ask HN: In a guide to inner wo...
2025-06-20 16:02:21,345 - scrapers.hackernews_scraper - INFO - 找到 3 条评论
2025-06-20 16:02:21,347 - scrapers.hackernews_scraper - INFO - 故事 Ask HN: In a guide to inner wo... 转换完成，包含 3 条评论
2025-06-20 16:02:21,347 - scrapers.hackernews_scraper - INFO - 转换第 15/15 个故事: Ask HN: What is your fallback ...
2025-06-20 16:02:23,952 - scrapers.hackernews_scraper - INFO - 找到 196 条评论
2025-06-20 16:02:24,700 - scrapers.hackernews_scraper - INFO - 故事 Ask HN: What is your fallback ... 转换完成，包含 100 条评论
2025-06-20 16:02:24,700 - scrapers.hackernews_scraper - INFO - 共转换 15 个故事为统一格式
2025-06-20 16:02:24,700 - scrapers.hackernews_scraper - INFO - 爬取完成，共获取 15 个Ask HN故事
2025-06-20 16:02:25,314 - utils.storage_utils - INFO - 已更新源索引: hackernews
2025-06-20 16:02:25,317 - utils.storage_utils - INFO - 数据已保存到 data/hackernews/week_2025-06-16.json
2025-06-20 16:02:25,320 - scrapers.base_scraper - INFO - 数据已保存到 data/hackernews/week_2025-06-16.json
2025-06-20 16:02:25,320 - scrapers.base_scraper - INFO - 成功爬取 Hacker News 的数据
2025-06-20 16:02:25,320 - __main__ - INFO - 完成: 1/3 个爬虫成功运行
2025-06-20 16:02:25,567 - __main__ - INFO - 归档所有源的旧数据
2025-06-20 16:02:25,567 - __main__ - INFO - 源 jandan 归档 无需归档
2025-06-20 16:02:25,568 - __main__ - INFO - 源 reddit 归档 无需归档
2025-06-20 16:02:25,568 - __main__ - INFO - 源 hackernews 归档 无需归档
