2026-05-07 16:32:05,272 - __main__ - INFO - 运行所有爬虫
2026-05-07 16:32:05,272 - scrapers.jandan_scraper - INFO - JandanScraper初始化完成
2026-05-07 16:32:05,272 - scrapers.base_scraper - INFO - 开始爬取 煎蛋网
2026-05-07 16:32:05,272 - scrapers.jandan_scraper - INFO - 开始爬取煎蛋热评
2026-05-07 16:32:09,995 - scrapers.jandan_scraper - INFO - 成功获取HTML内容，长度: 27412
2026-05-07 16:32:09,995 - scrapers.jandan_scraper - INFO - 调试: 手动获取评论 5877984 的吐槽数据
2026-05-07 16:32:09,995 - scrapers.jandan_scraper - INFO - 获取评论 5877984 的吐槽内容: https://jandan.net/api/tucao/list/5877984
2026-05-07 16:32:13,322 - scrapers.jandan_scraper - INFO - 评论 5877984 获取到 1 条热门吐槽, 3 条普通吐槽
2026-05-07 16:32:13,323 - scrapers.jandan_scraper - INFO - 调试: 评论 5877984 获取到 1 条热门吐槽, 3 条普通吐槽
2026-05-07 16:32:13,323 - scrapers.jandan_scraper - INFO - 开始解析页面中的评论
2026-05-07 16:32:13,323 - scrapers.jandan_scraper - INFO - 开始解析HTML内容, 长度: 27412
2026-05-07 16:32:13,330 - scrapers.jandan_scraper - INFO - 找到 0 条热门评论
2026-05-07 16:32:13,330 - scrapers.jandan_scraper - INFO - 解析完成，获取到 0 条评论
2026-05-07 16:32:13,330 - scrapers.jandan_scraper - INFO - 开始转换评论为统一格式
2026-05-07 16:32:13,330 - scrapers.jandan_scraper - INFO - 开始转换 0 条评论到统一格式
2026-05-07 16:32:13,330 - scrapers.jandan_scraper - INFO - 共转换 0 条评论为统一格式
2026-05-07 16:32:13,330 - scrapers.jandan_scraper - INFO - 爬取完成，共获取 0 条热评
2026-05-07 16:32:13,330 - scrapers.base_scraper - ERROR - 爬取 煎蛋网 失败
2026-05-07 16:32:13,330 - scrapers.reddit_scraper - INFO - RedditScraper初始化完成
2026-05-07 16:32:13,332 - scrapers.base_scraper - INFO - 开始爬取 Reddit
2026-05-07 16:32:13,332 - scrapers.reddit_scraper - INFO - 开始爬取Reddit r/confessions每周热门帖子
2026-05-07 16:32:16,226 - utils.http_utils - ERROR - 请求失败: https://www.reddit.com/r/confessions/top/.json?t=week&limit=10, 错误: 403 Client Error: Blocked for url: https://www.reddit.com/r/confessions/top/.json?t=week&limit=10
2026-05-07 16:32:16,227 - scrapers.reddit_scraper - ERROR - 获取API数据失败: 403 Client Error: Blocked for url: https://www.reddit.com/r/confessions/top/.json?t=week&limit=10
2026-05-07 16:32:16,227 - scrapers.base_scraper - ERROR - 爬取 Reddit 失败
2026-05-07 16:32:16,228 - scrapers.hackernews_scraper - INFO - HackerNewsScraper初始化完成
2026-05-07 16:32:16,228 - scrapers.base_scraper - INFO - 开始爬取 Hacker News
2026-05-07 16:32:16,228 - scrapers.hackernews_scraper - INFO - 开始爬取Hacker News Ask HN帖子
2026-05-07 16:32:16,228 - scrapers.hackernews_scraper - INFO - 获取Ask HN页面: https://news.ycombinator.com/ask
2026-05-07 16:32:17,742 - scrapers.hackernews_scraper - INFO - 找到 19 个帖子行
2026-05-07 16:32:17,743 - scrapers.hackernews_scraper - INFO - 成功解析故事: Ask HN: What do you still do m..., 作者=lishunsheng, 点赞=13, 评论=0
2026-05-07 16:32:17,743 - scrapers.hackernews_scraper - INFO - 成功解析故事: Ask HN: How to start up as an ..., 作者=alexyan0431, 点赞=7, 评论=0
2026-05-07 16:32:17,744 - scrapers.hackernews_scraper - INFO - 成功解析故事: Ask HN: Who got hired with Who..., 作者=Gooblebrai, 点赞=15, 评论=0
2026-05-07 16:32:17,744 - scrapers.hackernews_scraper - INFO - 成功解析故事: Ask HN: Terafab – Smart move o..., 作者=imheretolearn, 点赞=3, 评论=0
2026-05-07 16:32:17,745 - scrapers.hackernews_scraper - INFO - 成功解析故事: Ask HN: Is anyone seriously co..., 作者=zeven7, 点赞=29, 评论=0
2026-05-07 16:32:17,745 - scrapers.hackernews_scraper - INFO - 成功解析故事: Ask HN: Is the future everyone..., 作者=ex-aws-dude, 点赞=6, 评论=0
2026-05-07 16:32:17,746 - scrapers.hackernews_scraper - INFO - 成功解析故事: Ask HN: Is the Job Market Actu..., 作者=idontwantthis, 点赞=128, 评论=0
2026-05-07 16:32:17,746 - scrapers.hackernews_scraper - INFO - 成功解析故事: Ask HN: The death of software ..., 作者=piratesAndSons, 点赞=16, 评论=0
2026-05-07 16:32:17,747 - scrapers.hackernews_scraper - INFO - 成功解析故事: Ask HN: Best Embedding Models?..., 作者=devstein, 点赞=17, 评论=0
2026-05-07 16:32:17,747 - scrapers.hackernews_scraper - INFO - 成功解析故事: Ask HN: Is there a term for fe..., 作者=ge96, 点赞=22, 评论=0
2026-05-07 16:32:17,748 - scrapers.hackernews_scraper - INFO - 成功解析故事: Ask HN: How do I get freelance..., 作者=downbad_, 点赞=7, 评论=0
2026-05-07 16:32:17,748 - scrapers.hackernews_scraper - INFO - 成功解析故事: Ask HN: Why would we care abou..., 作者=ozozozd, 点赞=5, 评论=0
2026-05-07 16:32:17,749 - scrapers.hackernews_scraper - INFO - 成功解析故事: Ask HN: Where are you getting ..., 作者=baetylus, 点赞=10, 评论=0
2026-05-07 16:32:17,749 - scrapers.hackernews_scraper - INFO - 成功解析故事: Ask HN: Those building Swift a..., 作者=p5v, 点赞=18, 评论=0
2026-05-07 16:32:17,750 - scrapers.hackernews_scraper - INFO - 成功解析故事: Ask HN: Is a hands-off, family..., 作者=strix_varius, 点赞=10, 评论=0
2026-05-07 16:32:17,750 - scrapers.hackernews_scraper - INFO - 成功解析 15 个Ask HN故事
2026-05-07 16:32:17,750 - scrapers.hackernews_scraper - INFO - 开始转换 15 个故事到统一格式
2026-05-07 16:32:17,750 - scrapers.hackernews_scraper - INFO - 转换第 1/15 个故事: Ask HN: What do you still do m...
2026-05-07 16:32:20,156 - utils.http_utils - ERROR - 请求失败: https://news.ycombinator.com/item?id=48045237, 错误: 429 Client Error: Too Many Requests for url: https://news.ycombinator.com/item?id=48045237
2026-05-07 16:32:20,156 - scrapers.hackernews_scraper - ERROR - 获取故事详情失败: 48045237
2026-05-07 16:32:21,652 - utils.http_utils - ERROR - 请求失败: https://news.ycombinator.com/item?id=48045237, 错误: 429 Client Error: Too Many Requests for url: https://news.ycombinator.com/item?id=48045237
2026-05-07 16:32:21,652 - scrapers.hackernews_scraper - ERROR - 获取故事详情失败: 48045237
2026-05-07 16:32:21,652 - scrapers.hackernews_scraper - INFO - 故事 Ask HN: What do you still do m... 转换完成，包含 0 条评论
2026-05-07 16:32:21,653 - scrapers.hackernews_scraper - INFO - 转换第 2/15 个故事: Ask HN: How to start up as an ...
2026-05-07 16:32:23,196 - scrapers.hackernews_scraper - INFO - 找到 5 条评论
2026-05-07 16:32:23,199 - scrapers.hackernews_scraper - INFO - 故事 Ask HN: How to start up as an ... 转换完成，包含 5 条评论
2026-05-07 16:32:23,199 - scrapers.hackernews_scraper - INFO - 转换第 3/15 个故事: Ask HN: Who got hired with Who...
2026-05-07 16:32:26,129 - utils.http_utils - ERROR - 请求失败: https://news.ycombinator.com/item?id=48033457, 错误: 429 Client Error: Too Many Requests for url: https://news.ycombinator.com/item?id=48033457
2026-05-07 16:32:26,129 - scrapers.hackernews_scraper - ERROR - 获取故事详情失败: 48033457
2026-05-07 16:32:28,763 - utils.http_utils - ERROR - 请求失败: https://news.ycombinator.com/item?id=48033457, 错误: 429 Client Error: Too Many Requests for url: https://news.ycombinator.com/item?id=48033457
2026-05-07 16:32:28,764 - scrapers.hackernews_scraper - ERROR - 获取故事详情失败: 48033457
2026-05-07 16:32:28,764 - scrapers.hackernews_scraper - INFO - 故事 Ask HN: Who got hired with Who... 转换完成，包含 0 条评论
2026-05-07 16:32:28,764 - scrapers.hackernews_scraper - INFO - 转换第 4/15 个故事: Ask HN: Terafab – Smart move o...
2026-05-07 16:32:30,658 - utils.http_utils - ERROR - 请求失败: https://news.ycombinator.com/item?id=48042106, 错误: 429 Client Error: Too Many Requests for url: https://news.ycombinator.com/item?id=48042106
2026-05-07 16:32:30,659 - scrapers.hackernews_scraper - ERROR - 获取故事详情失败: 48042106
2026-05-07 16:32:32,131 - utils.http_utils - ERROR - 请求失败: https://news.ycombinator.com/item?id=48042106, 错误: 429 Client Error: Too Many Requests for url: https://news.ycombinator.com/item?id=48042106
2026-05-07 16:32:32,131 - scrapers.hackernews_scraper - ERROR - 获取故事详情失败: 48042106
2026-05-07 16:32:32,132 - scrapers.hackernews_scraper - INFO - 故事 Ask HN: Terafab – Smart move o... 转换完成，包含 0 条评论
2026-05-07 16:32:32,132 - scrapers.hackernews_scraper - INFO - 转换第 5/15 个故事: Ask HN: Is anyone seriously co...
2026-05-07 16:32:34,362 - utils.http_utils - ERROR - 请求失败: https://news.ycombinator.com/item?id=48038191, 错误: 429 Client Error: Too Many Requests for url: https://news.ycombinator.com/item?id=48038191
2026-05-07 16:32:34,362 - scrapers.hackernews_scraper - ERROR - 获取故事详情失败: 48038191
2026-05-07 16:32:37,113 - utils.http_utils - ERROR - 请求失败: https://news.ycombinator.com/item?id=48038191, 错误: 429 Client Error: Too Many Requests for url: https://news.ycombinator.com/item?id=48038191
2026-05-07 16:32:37,113 - scrapers.hackernews_scraper - ERROR - 获取故事详情失败: 48038191
2026-05-07 16:32:37,113 - scrapers.hackernews_scraper - INFO - 故事 Ask HN: Is anyone seriously co... 转换完成，包含 0 条评论
2026-05-07 16:32:37,113 - scrapers.hackernews_scraper - INFO - 转换第 6/15 个故事: Ask HN: Is the future everyone...
2026-05-07 16:32:39,772 - scrapers.hackernews_scraper - INFO - 找到 4 条评论
2026-05-07 16:32:39,774 - scrapers.hackernews_scraper - INFO - 故事 Ask HN: Is the future everyone... 转换完成，包含 4 条评论
2026-05-07 16:32:39,774 - scrapers.hackernews_scraper - INFO - 转换第 7/15 个故事: Ask HN: Is the Job Market Actu...
2026-05-07 16:32:42,476 - utils.http_utils - ERROR - 请求失败: https://news.ycombinator.com/item?id=47988268, 错误: 429 Client Error: Too Many Requests for url: https://news.ycombinator.com/item?id=47988268
2026-05-07 16:32:42,477 - scrapers.hackernews_scraper - ERROR - 获取故事详情失败: 47988268
2026-05-07 16:32:44,101 - utils.http_utils - ERROR - 请求失败: https://news.ycombinator.com/item?id=47988268, 错误: 429 Client Error: Too Many Requests for url: https://news.ycombinator.com/item?id=47988268
2026-05-07 16:32:44,101 - scrapers.hackernews_scraper - ERROR - 获取故事详情失败: 47988268
2026-05-07 16:32:44,101 - scrapers.hackernews_scraper - INFO - 故事 Ask HN: Is the Job Market Actu... 转换完成，包含 0 条评论
2026-05-07 16:32:44,101 - scrapers.hackernews_scraper - INFO - 转换第 8/15 个故事: Ask HN: The death of software ...
2026-05-07 16:32:47,108 - utils.http_utils - ERROR - 请求失败: https://news.ycombinator.com/item?id=48030736, 错误: 429 Client Error: Too Many Requests for url: https://news.ycombinator.com/item?id=48030736
2026-05-07 16:32:47,108 - scrapers.hackernews_scraper - ERROR - 获取故事详情失败: 48030736
2026-05-07 16:32:48,466 - utils.http_utils - ERROR - 请求失败: https://news.ycombinator.com/item?id=48030736, 错误: 429 Client Error: Too Many Requests for url: https://news.ycombinator.com/item?id=48030736
2026-05-07 16:32:48,466 - scrapers.hackernews_scraper - ERROR - 获取故事详情失败: 48030736
2026-05-07 16:32:48,466 - scrapers.hackernews_scraper - INFO - 故事 Ask HN: The death of software ... 转换完成，包含 0 条评论
2026-05-07 16:32:48,466 - scrapers.hackernews_scraper - INFO - 转换第 9/15 个故事: Ask HN: Best Embedding Models?...
2026-05-07 16:32:49,872 - utils.http_utils - ERROR - 请求失败: https://news.ycombinator.com/item?id=48017668, 错误: 429 Client Error: Too Many Requests for url: https://news.ycombinator.com/item?id=48017668
2026-05-07 16:32:49,872 - scrapers.hackernews_scraper - ERROR - 获取故事详情失败: 48017668
2026-05-07 16:32:51,003 - utils.http_utils - ERROR - 请求失败: https://news.ycombinator.com/item?id=48017668, 错误: 429 Client Error: Too Many Requests for url: https://news.ycombinator.com/item?id=48017668
2026-05-07 16:32:51,003 - scrapers.hackernews_scraper - ERROR - 获取故事详情失败: 48017668
2026-05-07 16:32:51,004 - scrapers.hackernews_scraper - INFO - 故事 Ask HN: Best Embedding Models?... 转换完成，包含 0 条评论
2026-05-07 16:32:51,004 - scrapers.hackernews_scraper - INFO - 转换第 10/15 个故事: Ask HN: Is there a term for fe...
2026-05-07 16:32:53,918 - scrapers.hackernews_scraper - INFO - 找到 33 条评论
2026-05-07 16:32:53,948 - scrapers.hackernews_scraper - INFO - 故事 Ask HN: Is there a term for fe... 转换完成，包含 33 条评论
2026-05-07 16:32:53,948 - scrapers.hackernews_scraper - INFO - 转换第 11/15 个故事: Ask HN: How do I get freelance...
2026-05-07 16:32:56,267 - utils.http_utils - ERROR - 请求失败: https://news.ycombinator.com/item?id=48038988, 错误: 429 Client Error: Too Many Requests for url: https://news.ycombinator.com/item?id=48038988
2026-05-07 16:32:56,268 - scrapers.hackernews_scraper - ERROR - 获取故事详情失败: 48038988
2026-05-07 16:32:58,068 - utils.http_utils - ERROR - 请求失败: https://news.ycombinator.com/item?id=48038988, 错误: 429 Client Error: Too Many Requests for url: https://news.ycombinator.com/item?id=48038988
2026-05-07 16:32:58,068 - scrapers.hackernews_scraper - ERROR - 获取故事详情失败: 48038988
2026-05-07 16:32:58,068 - scrapers.hackernews_scraper - INFO - 故事 Ask HN: How do I get freelance... 转换完成，包含 0 条评论
2026-05-07 16:32:58,068 - scrapers.hackernews_scraper - INFO - 转换第 12/15 个故事: Ask HN: Why would we care abou...
2026-05-07 16:33:00,597 - utils.http_utils - ERROR - 请求失败: https://news.ycombinator.com/item?id=48018160, 错误: 429 Client Error: Too Many Requests for url: https://news.ycombinator.com/item?id=48018160
2026-05-07 16:33:00,597 - scrapers.hackernews_scraper - ERROR - 获取故事详情失败: 48018160
2026-05-07 16:33:02,270 - utils.http_utils - ERROR - 请求失败: https://news.ycombinator.com/item?id=48018160, 错误: 429 Client Error: Too Many Requests for url: https://news.ycombinator.com/item?id=48018160
2026-05-07 16:33:02,271 - scrapers.hackernews_scraper - ERROR - 获取故事详情失败: 48018160
2026-05-07 16:33:02,271 - scrapers.hackernews_scraper - INFO - 故事 Ask HN: Why would we care abou... 转换完成，包含 0 条评论
2026-05-07 16:33:02,271 - scrapers.hackernews_scraper - INFO - 转换第 13/15 个故事: Ask HN: Where are you getting ...
2026-05-07 16:33:05,018 - scrapers.hackernews_scraper - INFO - 找到 16 条评论
2026-05-07 16:33:05,029 - scrapers.hackernews_scraper - INFO - 故事 Ask HN: Where are you getting ... 转换完成，包含 16 条评论
2026-05-07 16:33:05,029 - scrapers.hackernews_scraper - INFO - 转换第 14/15 个故事: Ask HN: Those building Swift a...
2026-05-07 16:33:07,226 - scrapers.hackernews_scraper - INFO - 找到 9 条评论
2026-05-07 16:33:07,232 - scrapers.hackernews_scraper - INFO - 故事 Ask HN: Those building Swift a... 转换完成，包含 9 条评论
2026-05-07 16:33:07,232 - scrapers.hackernews_scraper - INFO - 转换第 15/15 个故事: Ask HN: Is a hands-off, family...
2026-05-07 16:33:09,631 - utils.http_utils - ERROR - 请求失败: https://news.ycombinator.com/item?id=48009180, 错误: 429 Client Error: Too Many Requests for url: https://news.ycombinator.com/item?id=48009180
2026-05-07 16:33:09,631 - scrapers.hackernews_scraper - ERROR - 获取故事详情失败: 48009180
2026-05-07 16:33:12,303 - utils.http_utils - ERROR - 请求失败: https://news.ycombinator.com/item?id=48009180, 错误: 429 Client Error: Too Many Requests for url: https://news.ycombinator.com/item?id=48009180
2026-05-07 16:33:12,303 - scrapers.hackernews_scraper - ERROR - 获取故事详情失败: 48009180
2026-05-07 16:33:12,303 - scrapers.hackernews_scraper - INFO - 故事 Ask HN: Is a hands-off, family... 转换完成，包含 0 条评论
2026-05-07 16:33:12,303 - scrapers.hackernews_scraper - INFO - 共转换 15 个故事为统一格式
2026-05-07 16:33:12,303 - scrapers.hackernews_scraper - INFO - 爬取完成，共获取 15 个Ask HN故事
2026-05-07 16:33:12,655 - utils.storage_utils - INFO - 已更新源索引: hackernews
2026-05-07 16:33:12,656 - utils.storage_utils - INFO - 数据已保存到 data/hackernews/week_2026-05-04.json
2026-05-07 16:33:12,657 - scrapers.base_scraper - INFO - 数据已保存到 data/hackernews/week_2026-05-04.json
2026-05-07 16:33:12,657 - scrapers.base_scraper - INFO - 成功爬取 Hacker News 的数据
2026-05-07 16:33:12,658 - __main__ - INFO - 完成: 1/3 个爬虫成功运行
2026-05-07 16:33:12,890 - __main__ - INFO - 归档所有源的旧数据
2026-05-07 16:33:12,890 - __main__ - INFO - 源 jandan 归档 无需归档
2026-05-07 16:33:12,890 - __main__ - INFO - 源 reddit 归档 无需归档
2026-05-07 16:33:12,890 - __main__ - INFO - 源 hackernews 归档 无需归档
