2026-01-07 16:03:19,498 - __main__ - INFO - 运行所有爬虫
2026-01-07 16:03:19,499 - scrapers.jandan_scraper - INFO - JandanScraper初始化完成
2026-01-07 16:03:19,499 - scrapers.base_scraper - INFO - 开始爬取 煎蛋网
2026-01-07 16:03:19,499 - scrapers.jandan_scraper - INFO - 开始爬取煎蛋热评
2026-01-07 16:03:23,189 - scrapers.jandan_scraper - INFO - 成功获取HTML内容，长度: 24777
2026-01-07 16:03:23,189 - scrapers.jandan_scraper - INFO - 调试: 手动获取评论 5877984 的吐槽数据
2026-01-07 16:03:23,189 - scrapers.jandan_scraper - INFO - 获取评论 5877984 的吐槽内容: https://jandan.net/api/tucao/list/5877984
2026-01-07 16:03:26,426 - scrapers.jandan_scraper - INFO - 评论 5877984 获取到 1 条热门吐槽, 3 条普通吐槽
2026-01-07 16:03:26,426 - scrapers.jandan_scraper - INFO - 调试: 评论 5877984 获取到 1 条热门吐槽, 3 条普通吐槽
2026-01-07 16:03:26,426 - scrapers.jandan_scraper - INFO - 开始解析页面中的评论
2026-01-07 16:03:26,426 - scrapers.jandan_scraper - INFO - 开始解析HTML内容, 长度: 24777
2026-01-07 16:03:26,435 - scrapers.jandan_scraper - INFO - 找到 0 条热门评论
2026-01-07 16:03:26,435 - scrapers.jandan_scraper - INFO - 解析完成，获取到 0 条评论
2026-01-07 16:03:26,435 - scrapers.jandan_scraper - INFO - 开始转换评论为统一格式
2026-01-07 16:03:26,435 - scrapers.jandan_scraper - INFO - 开始转换 0 条评论到统一格式
2026-01-07 16:03:26,435 - scrapers.jandan_scraper - INFO - 共转换 0 条评论为统一格式
2026-01-07 16:03:26,435 - scrapers.jandan_scraper - INFO - 爬取完成，共获取 0 条热评
2026-01-07 16:03:26,435 - scrapers.base_scraper - ERROR - 爬取 煎蛋网 失败
2026-01-07 16:03:26,435 - scrapers.reddit_scraper - INFO - RedditScraper初始化完成
2026-01-07 16:03:26,437 - scrapers.base_scraper - INFO - 开始爬取 Reddit
2026-01-07 16:03:26,437 - scrapers.reddit_scraper - INFO - 开始爬取Reddit r/confessions每周热门帖子
2026-01-07 16:03:28,504 - utils.http_utils - ERROR - 请求失败: https://www.reddit.com/r/confessions/top/.json?t=week&limit=10, 错误: 403 Client Error: Blocked for url: https://www.reddit.com/r/confessions/top/.json?t=week&limit=10
2026-01-07 16:03:28,504 - scrapers.reddit_scraper - ERROR - 获取API数据失败: 403 Client Error: Blocked for url: https://www.reddit.com/r/confessions/top/.json?t=week&limit=10
2026-01-07 16:03:28,505 - scrapers.base_scraper - ERROR - 爬取 Reddit 失败
2026-01-07 16:03:28,505 - scrapers.hackernews_scraper - INFO - HackerNewsScraper初始化完成
2026-01-07 16:03:28,505 - scrapers.base_scraper - INFO - 开始爬取 Hacker News
2026-01-07 16:03:28,505 - scrapers.hackernews_scraper - INFO - 开始爬取Hacker News Ask HN帖子
2026-01-07 16:03:28,505 - scrapers.hackernews_scraper - INFO - 获取Ask HN页面: https://news.ycombinator.com/ask
2026-01-07 16:03:29,974 - scrapers.hackernews_scraper - INFO - 找到 30 个帖子行
2026-01-07 16:03:29,976 - scrapers.hackernews_scraper - INFO - 成功解析故事: Ask HN: How do you do store-an..., 作者=Aydarbek, 点赞=2, 评论=0
2026-01-07 16:03:29,976 - scrapers.hackernews_scraper - INFO - 成功解析故事: Ask HN: Is anyone aware of a L..., 作者=danielfalbo, 点赞=2, 评论=0
2026-01-07 16:03:29,977 - scrapers.hackernews_scraper - INFO - 成功解析故事: Ask HN: Who wants to be hired?..., 作者=whoishiring, 点赞=166, 评论=0
2026-01-07 16:03:29,978 - scrapers.hackernews_scraper - INFO - 成功解析故事: Ask HN: Any Microsoft employee..., 作者=thehamkercat, 点赞=40, 评论=0
2026-01-07 16:03:29,978 - scrapers.hackernews_scraper - INFO - 成功解析故事: Ask HN: How do you use 5–10 mi..., 作者=pea, 点赞=37, 评论=0
2026-01-07 16:03:29,979 - scrapers.hackernews_scraper - INFO - 成功解析故事: Ask HN: Who is hiring? (Januar..., 作者=whoishiring, 点赞=348, 评论=0
2026-01-07 16:03:29,980 - scrapers.hackernews_scraper - INFO - 成功解析故事: Ask HN: What's a standard way ..., 作者=nvader, 点赞=4, 评论=0
2026-01-07 16:03:29,981 - scrapers.hackernews_scraper - INFO - 成功解析故事: Ask HN: Has anyone else been s..., 作者=areoform, 点赞=27, 评论=0
2026-01-07 16:03:29,982 - scrapers.hackernews_scraper - INFO - 成功解析故事: Ask HN: How do small teams mak..., 作者=batels, 点赞=5, 评论=0
2026-01-07 16:03:29,983 - scrapers.hackernews_scraper - INFO - 成功解析故事: Ask HN: Those making $500/mont..., 作者=selmas58, 点赞=7, 评论=0
2026-01-07 16:03:29,984 - scrapers.hackernews_scraper - INFO - 成功解析故事: Ask HN: What kind of setup do ..., 作者=mattwdelong, 点赞=6, 评论=0
2026-01-07 16:03:29,984 - scrapers.hackernews_scraper - INFO - 成功解析故事: Ask HN: Reading list for being..., 作者=drekipus, 点赞=41, 评论=0
2026-01-07 16:03:29,985 - scrapers.hackernews_scraper - INFO - 成功解析故事: Ask HN: What's the future of s..., 作者=sjgeek, 点赞=23, 评论=0
2026-01-07 16:03:29,985 - scrapers.hackernews_scraper - INFO - 成功解析故事: Ask HN: What did you learn in ..., 作者=kiernanmcgowan, 点赞=19, 评论=0
2026-01-07 16:03:29,986 - scrapers.hackernews_scraper - INFO - 成功解析故事: Ask HN: Are you missing daily ..., 作者=unknownhad, 点赞=9, 评论=0
2026-01-07 16:03:29,986 - scrapers.hackernews_scraper - INFO - 成功解析 15 个Ask HN故事
2026-01-07 16:03:29,986 - scrapers.hackernews_scraper - INFO - 开始转换 15 个故事到统一格式
2026-01-07 16:03:29,986 - scrapers.hackernews_scraper - INFO - 转换第 1/15 个故事: Ask HN: How do you do store-an...
2026-01-07 16:03:32,730 - scrapers.hackernews_scraper - INFO - 找到 1 条评论
2026-01-07 16:03:32,731 - scrapers.hackernews_scraper - INFO - 故事 Ask HN: How do you do store-an... 转换完成，包含 1 条评论
2026-01-07 16:03:32,731 - scrapers.hackernews_scraper - INFO - 转换第 2/15 个故事: Ask HN: Is anyone aware of a L...
2026-01-07 16:03:34,737 - scrapers.hackernews_scraper - INFO - 找到 2 条评论
2026-01-07 16:03:34,738 - scrapers.hackernews_scraper - INFO - 故事 Ask HN: Is anyone aware of a L... 转换完成，包含 2 条评论
2026-01-07 16:03:34,739 - scrapers.hackernews_scraper - INFO - 转换第 3/15 个故事: Ask HN: Who wants to be hired?...
2026-01-07 16:03:37,296 - scrapers.hackernews_scraper - INFO - 找到 379 条评论
2026-01-07 16:03:40,520 - scrapers.hackernews_scraper - INFO - 故事 Ask HN: Who wants to be hired?... 转换完成，包含 100 条评论
2026-01-07 16:03:40,520 - scrapers.hackernews_scraper - INFO - 转换第 4/15 个故事: Ask HN: Any Microsoft employee...
2026-01-07 16:03:41,654 - scrapers.hackernews_scraper - INFO - 找到 19 条评论
2026-01-07 16:03:41,669 - scrapers.hackernews_scraper - INFO - 故事 Ask HN: Any Microsoft employee... 转换完成，包含 19 条评论
2026-01-07 16:03:41,669 - scrapers.hackernews_scraper - INFO - 转换第 5/15 个故事: Ask HN: How do you use 5–10 mi...
2026-01-07 16:03:43,681 - scrapers.hackernews_scraper - INFO - 找到 48 条评论
2026-01-07 16:03:43,737 - scrapers.hackernews_scraper - INFO - 故事 Ask HN: How do you use 5–10 mi... 转换完成，包含 48 条评论
2026-01-07 16:03:43,738 - scrapers.hackernews_scraper - INFO - 转换第 6/15 个故事: Ask HN: Who is hiring? (Januar...
2026-01-07 16:03:46,173 - scrapers.hackernews_scraper - INFO - 找到 308 条评论
2026-01-07 16:03:48,050 - scrapers.hackernews_scraper - INFO - 故事 Ask HN: Who is hiring? (Januar... 转换完成，包含 100 条评论
2026-01-07 16:03:48,050 - scrapers.hackernews_scraper - INFO - 转换第 7/15 个故事: Ask HN: What's a standard way ...
2026-01-07 16:03:50,117 - scrapers.hackernews_scraper - INFO - 找到 2 条评论
2026-01-07 16:03:50,119 - scrapers.hackernews_scraper - INFO - 故事 Ask HN: What's a standard way ... 转换完成，包含 2 条评论
2026-01-07 16:03:50,119 - scrapers.hackernews_scraper - INFO - 转换第 8/15 个故事: Ask HN: Has anyone else been s...
2026-01-07 16:03:53,139 - scrapers.hackernews_scraper - INFO - 找到 16 条评论
2026-01-07 16:03:53,150 - scrapers.hackernews_scraper - INFO - 故事 Ask HN: Has anyone else been s... 转换完成，包含 16 条评论
2026-01-07 16:03:53,150 - scrapers.hackernews_scraper - INFO - 转换第 9/15 个故事: Ask HN: How do small teams mak...
2026-01-07 16:03:54,239 - scrapers.hackernews_scraper - INFO - 找到 7 条评论
2026-01-07 16:03:54,243 - scrapers.hackernews_scraper - INFO - 故事 Ask HN: How do small teams mak... 转换完成，包含 7 条评论
2026-01-07 16:03:54,243 - scrapers.hackernews_scraper - INFO - 转换第 10/15 个故事: Ask HN: Those making $500/mont...
2026-01-07 16:03:55,513 - scrapers.hackernews_scraper - INFO - 找到 9 条评论
2026-01-07 16:03:55,519 - scrapers.hackernews_scraper - INFO - 故事 Ask HN: Those making $500/mont... 转换完成，包含 9 条评论
2026-01-07 16:03:55,519 - scrapers.hackernews_scraper - INFO - 转换第 11/15 个故事: Ask HN: What kind of setup do ...
2026-01-07 16:03:58,302 - scrapers.hackernews_scraper - INFO - 找到 11 条评论
2026-01-07 16:03:58,312 - scrapers.hackernews_scraper - INFO - 故事 Ask HN: What kind of setup do ... 转换完成，包含 11 条评论
2026-01-07 16:03:58,312 - scrapers.hackernews_scraper - INFO - 转换第 12/15 个故事: Ask HN: Reading list for being...
2026-01-07 16:03:59,862 - scrapers.hackernews_scraper - INFO - 找到 15 条评论
2026-01-07 16:03:59,873 - scrapers.hackernews_scraper - INFO - 故事 Ask HN: Reading list for being... 转换完成，包含 15 条评论
2026-01-07 16:03:59,873 - scrapers.hackernews_scraper - INFO - 转换第 13/15 个故事: Ask HN: What's the future of s...
2026-01-07 16:04:01,871 - scrapers.hackernews_scraper - INFO - 找到 17 条评论
2026-01-07 16:04:01,883 - scrapers.hackernews_scraper - INFO - 故事 Ask HN: What's the future of s... 转换完成，包含 17 条评论
2026-01-07 16:04:01,884 - scrapers.hackernews_scraper - INFO - 转换第 14/15 个故事: Ask HN: What did you learn in ...
2026-01-07 16:04:03,207 - scrapers.hackernews_scraper - INFO - 找到 8 条评论
2026-01-07 16:04:03,212 - scrapers.hackernews_scraper - INFO - 故事 Ask HN: What did you learn in ... 转换完成，包含 8 条评论
2026-01-07 16:04:03,213 - scrapers.hackernews_scraper - INFO - 转换第 15/15 个故事: Ask HN: Are you missing daily ...
2026-01-07 16:04:04,741 - scrapers.hackernews_scraper - INFO - 找到 7 条评论
2026-01-07 16:04:04,745 - scrapers.hackernews_scraper - INFO - 故事 Ask HN: Are you missing daily ... 转换完成，包含 7 条评论
2026-01-07 16:04:04,745 - scrapers.hackernews_scraper - INFO - 共转换 15 个故事为统一格式
2026-01-07 16:04:04,745 - scrapers.hackernews_scraper - INFO - 爬取完成，共获取 15 个Ask HN故事
2026-01-07 16:04:05,261 - utils.storage_utils - INFO - 已更新源索引: hackernews
2026-01-07 16:04:05,264 - utils.storage_utils - INFO - 数据已保存到 data/hackernews/week_2026-01-05.json
2026-01-07 16:04:05,265 - scrapers.base_scraper - INFO - 数据已保存到 data/hackernews/week_2026-01-05.json
2026-01-07 16:04:05,265 - scrapers.base_scraper - INFO - 成功爬取 Hacker News 的数据
2026-01-07 16:04:05,266 - __main__ - INFO - 完成: 1/3 个爬虫成功运行
2026-01-07 16:04:05,489 - __main__ - INFO - 归档所有源的旧数据
2026-01-07 16:04:05,489 - __main__ - INFO - 源 jandan 归档 无需归档
2026-01-07 16:04:05,490 - __main__ - INFO - 源 reddit 归档 无需归档
2026-01-07 16:04:05,490 - __main__ - INFO - 源 hackernews 归档 无需归档
