2025-09-11 16:02:15,319 - __main__ - INFO - 运行所有爬虫
2025-09-11 16:02:15,319 - scrapers.jandan_scraper - INFO - JandanScraper初始化完成
2025-09-11 16:02:15,320 - scrapers.base_scraper - INFO - 开始爬取 煎蛋网
2025-09-11 16:02:15,320 - scrapers.jandan_scraper - INFO - 开始爬取煎蛋热评
2025-09-11 16:02:19,066 - scrapers.jandan_scraper - INFO - 成功获取HTML内容，长度: 24792
2025-09-11 16:02:19,067 - scrapers.jandan_scraper - INFO - 调试: 手动获取评论 5877984 的吐槽数据
2025-09-11 16:02:19,067 - scrapers.jandan_scraper - INFO - 获取评论 5877984 的吐槽内容: https://jandan.net/api/tucao/list/5877984
2025-09-11 16:02:22,111 - scrapers.jandan_scraper - INFO - 评论 5877984 获取到 1 条热门吐槽, 3 条普通吐槽
2025-09-11 16:02:22,111 - scrapers.jandan_scraper - INFO - 调试: 评论 5877984 获取到 1 条热门吐槽, 3 条普通吐槽
2025-09-11 16:02:22,111 - scrapers.jandan_scraper - INFO - 开始解析页面中的评论
2025-09-11 16:02:22,111 - scrapers.jandan_scraper - INFO - 开始解析HTML内容, 长度: 24792
2025-09-11 16:02:22,119 - scrapers.jandan_scraper - INFO - 找到 0 条热门评论
2025-09-11 16:02:22,119 - scrapers.jandan_scraper - INFO - 解析完成，获取到 0 条评论
2025-09-11 16:02:22,119 - scrapers.jandan_scraper - INFO - 开始转换评论为统一格式
2025-09-11 16:02:22,119 - scrapers.jandan_scraper - INFO - 开始转换 0 条评论到统一格式
2025-09-11 16:02:22,120 - scrapers.jandan_scraper - INFO - 共转换 0 条评论为统一格式
2025-09-11 16:02:22,120 - scrapers.jandan_scraper - INFO - 爬取完成，共获取 0 条热评
2025-09-11 16:02:22,120 - scrapers.base_scraper - ERROR - 爬取 煎蛋网 失败
2025-09-11 16:02:22,120 - scrapers.reddit_scraper - INFO - RedditScraper初始化完成
2025-09-11 16:02:22,121 - scrapers.base_scraper - INFO - 开始爬取 Reddit
2025-09-11 16:02:22,121 - scrapers.reddit_scraper - INFO - 开始爬取Reddit r/confessions每周热门帖子
2025-09-11 16:02:23,865 - utils.http_utils - ERROR - 请求失败: https://www.reddit.com/r/confessions/top/.json?t=week&limit=10, 错误: 403 Client Error: Blocked for url: https://www.reddit.com/r/confessions/top/.json?t=week&limit=10
2025-09-11 16:02:23,866 - scrapers.reddit_scraper - ERROR - 获取API数据失败: 403 Client Error: Blocked for url: https://www.reddit.com/r/confessions/top/.json?t=week&limit=10
2025-09-11 16:02:23,867 - scrapers.base_scraper - ERROR - 爬取 Reddit 失败
2025-09-11 16:02:23,867 - scrapers.hackernews_scraper - INFO - HackerNewsScraper初始化完成
2025-09-11 16:02:23,867 - scrapers.base_scraper - INFO - 开始爬取 Hacker News
2025-09-11 16:02:23,867 - scrapers.hackernews_scraper - INFO - 开始爬取Hacker News Ask HN帖子
2025-09-11 16:02:23,867 - scrapers.hackernews_scraper - INFO - 获取Ask HN页面: https://news.ycombinator.com/ask
2025-09-11 16:02:26,961 - scrapers.hackernews_scraper - INFO - 找到 20 个帖子行
2025-09-11 16:02:26,963 - scrapers.hackernews_scraper - INFO - 成功解析故事: Ask HN: Is MSFT hotmail down f..., 作者=markus_zhang, 点赞=2, 评论=0
2025-09-11 16:02:26,963 - scrapers.hackernews_scraper - INFO - 成功解析故事: Ask HN: Good resources for DIY..., 作者=xrd, 点赞=29, 评论=0
2025-09-11 16:02:26,964 - scrapers.hackernews_scraper - INFO - 成功解析故事: Ask HN: Would you use a CAPTCH..., 作者=vieews, 点赞=5, 评论=0
2025-09-11 16:02:26,965 - scrapers.hackernews_scraper - INFO - 成功解析故事: Ask HN: Were programmers more ..., 作者=amichail, 点赞=4, 评论=0
2025-09-11 16:02:26,965 - scrapers.hackernews_scraper - INFO - 成功解析故事: Ask HN: How are you preparing ..., 作者=froil, 点赞=6, 评论=0
2025-09-11 16:02:26,966 - scrapers.hackernews_scraper - INFO - 成功解析故事: Ask HN: Who wants to be hired?..., 作者=whoishiring, 点赞=123, 评论=0
2025-09-11 16:02:26,966 - scrapers.hackernews_scraper - INFO - 成功解析故事: Ask HN: Looking for headless C..., 作者=rakshithbellare, 点赞=83, 评论=0
2025-09-11 16:02:26,967 - scrapers.hackernews_scraper - INFO - 成功解析故事: Ask HN: Who is hiring? (Septem..., 作者=whoishiring, 点赞=265, 评论=0
2025-09-11 16:02:26,968 - scrapers.hackernews_scraper - INFO - 成功解析故事: Ask HN: What are the best AI v..., 作者=jamessmithe, 点赞=10, 评论=0
2025-09-11 16:02:26,968 - scrapers.hackernews_scraper - INFO - 成功解析故事: Ask HN: Does anyone else prono..., 作者=codazoda, 点赞=5, 评论=0
2025-09-11 16:02:26,969 - scrapers.hackernews_scraper - INFO - 成功解析故事: Ask HN: How high is the bar fo..., 作者=adinhitlore, 点赞=2, 评论=0
2025-09-11 16:02:26,969 - scrapers.hackernews_scraper - INFO - 成功解析 11 个Ask HN故事
2025-09-11 16:02:26,969 - scrapers.hackernews_scraper - INFO - 开始转换 11 个故事到统一格式
2025-09-11 16:02:26,969 - scrapers.hackernews_scraper - INFO - 转换第 1/11 个故事: Ask HN: Is MSFT hotmail down f...
2025-09-11 16:02:29,606 - scrapers.hackernews_scraper - INFO - 找到 3 条评论
2025-09-11 16:02:29,608 - scrapers.hackernews_scraper - INFO - 故事 Ask HN: Is MSFT hotmail down f... 转换完成，包含 3 条评论
2025-09-11 16:02:29,608 - scrapers.hackernews_scraper - INFO - 转换第 2/11 个故事: Ask HN: Good resources for DIY...
2025-09-11 16:02:31,638 - scrapers.hackernews_scraper - INFO - 找到 8 条评论
2025-09-11 16:02:31,644 - scrapers.hackernews_scraper - INFO - 故事 Ask HN: Good resources for DIY... 转换完成，包含 8 条评论
2025-09-11 16:02:31,644 - scrapers.hackernews_scraper - INFO - 转换第 3/11 个故事: Ask HN: Would you use a CAPTCH...
2025-09-11 16:02:34,996 - scrapers.hackernews_scraper - INFO - 找到 1 条评论
2025-09-11 16:02:34,996 - scrapers.hackernews_scraper - INFO - 故事 Ask HN: Would you use a CAPTCH... 转换完成，包含 1 条评论
2025-09-11 16:02:34,996 - scrapers.hackernews_scraper - INFO - 转换第 4/11 个故事: Ask HN: Were programmers more ...
2025-09-11 16:02:36,735 - scrapers.hackernews_scraper - INFO - 找到 7 条评论
2025-09-11 16:02:36,740 - scrapers.hackernews_scraper - INFO - 故事 Ask HN: Were programmers more ... 转换完成，包含 7 条评论
2025-09-11 16:02:36,740 - scrapers.hackernews_scraper - INFO - 转换第 5/11 个故事: Ask HN: How are you preparing ...
2025-09-11 16:02:39,228 - scrapers.hackernews_scraper - INFO - 找到 8 条评论
2025-09-11 16:02:39,233 - scrapers.hackernews_scraper - INFO - 故事 Ask HN: How are you preparing ... 转换完成，包含 8 条评论
2025-09-11 16:02:39,233 - scrapers.hackernews_scraper - INFO - 转换第 6/11 个故事: Ask HN: Who wants to be hired?...
2025-09-11 16:02:42,202 - scrapers.hackernews_scraper - INFO - 找到 376 条评论
2025-09-11 16:02:45,136 - scrapers.hackernews_scraper - INFO - 故事 Ask HN: Who wants to be hired?... 转换完成，包含 100 条评论
2025-09-11 16:02:45,136 - scrapers.hackernews_scraper - INFO - 转换第 7/11 个故事: Ask HN: Looking for headless C...
2025-09-11 16:02:47,022 - scrapers.hackernews_scraper - INFO - 找到 88 条评论
2025-09-11 16:02:47,183 - scrapers.hackernews_scraper - INFO - 故事 Ask HN: Looking for headless C... 转换完成，包含 88 条评论
2025-09-11 16:02:47,183 - scrapers.hackernews_scraper - INFO - 转换第 8/11 个故事: Ask HN: Who is hiring? (Septem...
2025-09-11 16:02:50,584 - scrapers.hackernews_scraper - INFO - 找到 432 条评论
2025-09-11 16:02:54,833 - scrapers.hackernews_scraper - INFO - 故事 Ask HN: Who is hiring? (Septem... 转换完成，包含 100 条评论
2025-09-11 16:02:54,833 - scrapers.hackernews_scraper - INFO - 转换第 9/11 个故事: Ask HN: What are the best AI v...
2025-09-11 16:02:57,057 - scrapers.hackernews_scraper - INFO - 找到 2 条评论
2025-09-11 16:02:57,059 - scrapers.hackernews_scraper - INFO - 故事 Ask HN: What are the best AI v... 转换完成，包含 2 条评论
2025-09-11 16:02:57,059 - scrapers.hackernews_scraper - INFO - 转换第 10/11 个故事: Ask HN: Does anyone else prono...
2025-09-11 16:03:00,117 - scrapers.hackernews_scraper - INFO - 找到 15 条评论
2025-09-11 16:03:00,128 - scrapers.hackernews_scraper - INFO - 故事 Ask HN: Does anyone else prono... 转换完成，包含 15 条评论
2025-09-11 16:03:00,128 - scrapers.hackernews_scraper - INFO - 转换第 11/11 个故事: Ask HN: How high is the bar fo...
2025-09-11 16:03:01,930 - scrapers.hackernews_scraper - INFO - 找到 3 条评论
2025-09-11 16:03:01,932 - scrapers.hackernews_scraper - INFO - 故事 Ask HN: How high is the bar fo... 转换完成，包含 3 条评论
2025-09-11 16:03:01,932 - scrapers.hackernews_scraper - INFO - 共转换 11 个故事为统一格式
2025-09-11 16:03:01,932 - scrapers.hackernews_scraper - INFO - 爬取完成，共获取 11 个Ask HN故事
2025-09-11 16:03:02,450 - utils.storage_utils - INFO - 已更新源索引: hackernews
2025-09-11 16:03:02,451 - utils.storage_utils - INFO - 数据已保存到 data/hackernews/week_2025-09-08.json
2025-09-11 16:03:02,453 - scrapers.base_scraper - INFO - 数据已保存到 data/hackernews/week_2025-09-08.json
2025-09-11 16:03:02,453 - scrapers.base_scraper - INFO - 成功爬取 Hacker News 的数据
2025-09-11 16:03:02,454 - __main__ - INFO - 完成: 1/3 个爬虫成功运行
2025-09-11 16:03:02,669 - __main__ - INFO - 归档所有源的旧数据
2025-09-11 16:03:02,669 - __main__ - INFO - 源 jandan 归档 无需归档
2025-09-11 16:03:02,669 - __main__ - INFO - 源 reddit 归档 无需归档
2025-09-11 16:03:02,669 - __main__ - INFO - 源 hackernews 归档 无需归档
