2026-02-01 16:03:25,594 - __main__ - INFO - 运行所有爬虫
2026-02-01 16:03:25,594 - scrapers.jandan_scraper - INFO - JandanScraper初始化完成
2026-02-01 16:03:25,595 - scrapers.base_scraper - INFO - 开始爬取 煎蛋网
2026-02-01 16:03:25,595 - scrapers.jandan_scraper - INFO - 开始爬取煎蛋热评
2026-02-01 16:03:29,029 - scrapers.jandan_scraper - INFO - 成功获取HTML内容，长度: 25648
2026-02-01 16:03:29,029 - scrapers.jandan_scraper - INFO - 调试: 手动获取评论 5877984 的吐槽数据
2026-02-01 16:03:29,029 - scrapers.jandan_scraper - INFO - 获取评论 5877984 的吐槽内容: https://jandan.net/api/tucao/list/5877984
2026-02-01 16:03:31,376 - scrapers.jandan_scraper - INFO - 评论 5877984 获取到 1 条热门吐槽, 3 条普通吐槽
2026-02-01 16:03:31,377 - scrapers.jandan_scraper - INFO - 调试: 评论 5877984 获取到 1 条热门吐槽, 3 条普通吐槽
2026-02-01 16:03:31,377 - scrapers.jandan_scraper - INFO - 开始解析页面中的评论
2026-02-01 16:03:31,377 - scrapers.jandan_scraper - INFO - 开始解析HTML内容, 长度: 25648
2026-02-01 16:03:31,385 - scrapers.jandan_scraper - INFO - 找到 0 条热门评论
2026-02-01 16:03:31,385 - scrapers.jandan_scraper - INFO - 解析完成，获取到 0 条评论
2026-02-01 16:03:31,385 - scrapers.jandan_scraper - INFO - 开始转换评论为统一格式
2026-02-01 16:03:31,385 - scrapers.jandan_scraper - INFO - 开始转换 0 条评论到统一格式
2026-02-01 16:03:31,385 - scrapers.jandan_scraper - INFO - 共转换 0 条评论为统一格式
2026-02-01 16:03:31,385 - scrapers.jandan_scraper - INFO - 爬取完成，共获取 0 条热评
2026-02-01 16:03:31,385 - scrapers.base_scraper - ERROR - 爬取 煎蛋网 失败
2026-02-01 16:03:31,386 - scrapers.reddit_scraper - INFO - RedditScraper初始化完成
2026-02-01 16:03:31,387 - scrapers.base_scraper - INFO - 开始爬取 Reddit
2026-02-01 16:03:31,387 - scrapers.reddit_scraper - INFO - 开始爬取Reddit r/confessions每周热门帖子
2026-02-01 16:03:32,887 - utils.http_utils - ERROR - 请求失败: https://www.reddit.com/r/confessions/top/.json?t=week&limit=10, 错误: 403 Client Error: Blocked for url: https://www.reddit.com/r/confessions/top/.json?t=week&limit=10
2026-02-01 16:03:32,888 - scrapers.reddit_scraper - ERROR - 获取API数据失败: 403 Client Error: Blocked for url: https://www.reddit.com/r/confessions/top/.json?t=week&limit=10
2026-02-01 16:03:32,888 - scrapers.base_scraper - ERROR - 爬取 Reddit 失败
2026-02-01 16:03:32,888 - scrapers.hackernews_scraper - INFO - HackerNewsScraper初始化完成
2026-02-01 16:03:32,889 - scrapers.base_scraper - INFO - 开始爬取 Hacker News
2026-02-01 16:03:32,889 - scrapers.hackernews_scraper - INFO - 开始爬取Hacker News Ask HN帖子
2026-02-01 16:03:32,889 - scrapers.hackernews_scraper - INFO - 获取Ask HN页面: https://news.ycombinator.com/ask
2026-02-01 16:03:34,695 - scrapers.hackernews_scraper - INFO - 找到 30 个帖子行
2026-02-01 16:03:34,697 - scrapers.hackernews_scraper - INFO - 成功解析故事: Ask HN: How do you handle auth..., 作者=NBenkovich, 点赞=2, 评论=0
2026-02-01 16:03:34,698 - scrapers.hackernews_scraper - INFO - 成功解析故事: Ask HN: Do you still use physi..., 作者=speedylight, 点赞=28, 评论=0
2026-02-01 16:03:34,698 - scrapers.hackernews_scraper - INFO - 成功解析故事: Ask HN: Any real OpenClaw (Cla..., 作者=cvhc, 点赞=90, 评论=0
2026-02-01 16:03:34,699 - scrapers.hackernews_scraper - INFO - 成功解析故事: Ask HN: Junior getting lost..., 作者=TheRegularOne, 点赞=46, 评论=0
2026-02-01 16:03:34,699 - scrapers.hackernews_scraper - INFO - 成功解析故事: Ask HN: Do you also "hoard" no..., 作者=item007, 点赞=224, 评论=0
2026-02-01 16:03:34,700 - scrapers.hackernews_scraper - INFO - 成功解析故事: Ask HN: Any Successful Co-Ops ..., 作者=rubyn00bie, 点赞=3, 评论=0
2026-02-01 16:03:34,700 - scrapers.hackernews_scraper - INFO - 成功解析故事: Ask HN: Is understanding code ..., 作者=mikaelaast, 点赞=14, 评论=0
2026-02-01 16:03:34,701 - scrapers.hackernews_scraper - INFO - 成功解析故事: Ask HN: What's your biggest LL..., 作者=teilom, 点赞=5, 评论=0
2026-02-01 16:03:34,701 - scrapers.hackernews_scraper - INFO - 成功解析故事: Ask HN: How do you reset an Ap..., 作者=OhMeadhbh, 点赞=12, 评论=0
2026-02-01 16:03:34,702 - scrapers.hackernews_scraper - INFO - 成功解析故事: Ask HN: How do you market a si..., 作者=ruairidhwm, 点赞=10, 评论=0
2026-02-01 16:03:34,703 - scrapers.hackernews_scraper - INFO - 成功解析故事: Ask HN: What's the Point Anymo..., 作者=fnoef, 点赞=65, 评论=0
2026-02-01 16:03:34,703 - scrapers.hackernews_scraper - INFO - 成功解析故事: Ask HN: Should a software engi..., 作者=c_daeda, 点赞=4, 评论=0
2026-02-01 16:03:34,704 - scrapers.hackernews_scraper - INFO - 成功解析故事: Ask HN: How do you force yours..., 作者=glidea, 点赞=4, 评论=0
2026-02-01 16:03:34,704 - scrapers.hackernews_scraper - INFO - 成功解析故事: Ask HN: Ergo wireless keyboard..., 作者=MarcelOlsz, 点赞=5, 评论=0
2026-02-01 16:03:34,705 - scrapers.hackernews_scraper - INFO - 成功解析故事: Ask HN: What recent UX changes..., 作者=superasn, 点赞=32, 评论=0
2026-02-01 16:03:34,705 - scrapers.hackernews_scraper - INFO - 成功解析 15 个Ask HN故事
2026-02-01 16:03:34,705 - scrapers.hackernews_scraper - INFO - 开始转换 15 个故事到统一格式
2026-02-01 16:03:34,705 - scrapers.hackernews_scraper - INFO - 转换第 1/15 个故事: Ask HN: How do you handle auth...
2026-02-01 16:03:36,334 - scrapers.hackernews_scraper - INFO - 找到 0 条评论
2026-02-01 16:03:36,334 - scrapers.hackernews_scraper - INFO - 故事 Ask HN: How do you handle auth... 转换完成，包含 0 条评论
2026-02-01 16:03:36,334 - scrapers.hackernews_scraper - INFO - 转换第 2/15 个故事: Ask HN: Do you still use physi...
2026-02-01 16:03:38,498 - scrapers.hackernews_scraper - INFO - 找到 79 条评论
2026-02-01 16:03:38,626 - scrapers.hackernews_scraper - INFO - 故事 Ask HN: Do you still use physi... 转换完成，包含 79 条评论
2026-02-01 16:03:38,626 - scrapers.hackernews_scraper - INFO - 转换第 3/15 个故事: Ask HN: Any real OpenClaw (Cla...
2026-02-01 16:03:40,364 - scrapers.hackernews_scraper - INFO - 找到 130 条评论
2026-02-01 16:03:40,676 - scrapers.hackernews_scraper - INFO - 故事 Ask HN: Any real OpenClaw (Cla... 转换完成，包含 100 条评论
2026-02-01 16:03:40,676 - scrapers.hackernews_scraper - INFO - 转换第 4/15 个故事: Ask HN: Junior getting lost...
2026-02-01 16:03:43,532 - scrapers.hackernews_scraper - INFO - 找到 35 条评论
2026-02-01 16:03:43,570 - scrapers.hackernews_scraper - INFO - 故事 Ask HN: Junior getting lost... 转换完成，包含 35 条评论
2026-02-01 16:03:43,570 - scrapers.hackernews_scraper - INFO - 转换第 5/15 个故事: Ask HN: Do you also "hoard" no...
2026-02-01 16:03:45,998 - scrapers.hackernews_scraper - INFO - 找到 202 条评论
2026-02-01 16:03:46,721 - scrapers.hackernews_scraper - INFO - 故事 Ask HN: Do you also "hoard" no... 转换完成，包含 100 条评论
2026-02-01 16:03:46,721 - scrapers.hackernews_scraper - INFO - 转换第 6/15 个故事: Ask HN: Any Successful Co-Ops ...
2026-02-01 16:03:49,358 - scrapers.hackernews_scraper - INFO - 找到 5 条评论
2026-02-01 16:03:49,361 - scrapers.hackernews_scraper - INFO - 故事 Ask HN: Any Successful Co-Ops ... 转换完成，包含 5 条评论
2026-02-01 16:03:49,361 - scrapers.hackernews_scraper - INFO - 转换第 7/15 个故事: Ask HN: Is understanding code ...
2026-02-01 16:03:51,588 - scrapers.hackernews_scraper - INFO - 找到 38 条评论
2026-02-01 16:03:51,628 - scrapers.hackernews_scraper - INFO - 故事 Ask HN: Is understanding code ... 转换完成，包含 38 条评论
2026-02-01 16:03:51,629 - scrapers.hackernews_scraper - INFO - 转换第 8/15 个故事: Ask HN: What's your biggest LL...
2026-02-01 16:03:54,465 - scrapers.hackernews_scraper - INFO - 找到 5 条评论
2026-02-01 16:03:54,468 - scrapers.hackernews_scraper - INFO - 故事 Ask HN: What's your biggest LL... 转换完成，包含 5 条评论
2026-02-01 16:03:54,468 - scrapers.hackernews_scraper - INFO - 转换第 9/15 个故事: Ask HN: How do you reset an Ap...
2026-02-01 16:03:57,086 - scrapers.hackernews_scraper - INFO - 找到 25 条评论
2026-02-01 16:03:57,108 - scrapers.hackernews_scraper - INFO - 故事 Ask HN: How do you reset an Ap... 转换完成，包含 25 条评论
2026-02-01 16:03:57,108 - scrapers.hackernews_scraper - INFO - 转换第 10/15 个故事: Ask HN: How do you market a si...
2026-02-01 16:03:59,236 - scrapers.hackernews_scraper - INFO - 找到 11 条评论
2026-02-01 16:03:59,244 - scrapers.hackernews_scraper - INFO - 故事 Ask HN: How do you market a si... 转换完成，包含 11 条评论
2026-02-01 16:03:59,244 - scrapers.hackernews_scraper - INFO - 转换第 11/15 个故事: Ask HN: What's the Point Anymo...
2026-02-01 16:04:02,306 - scrapers.hackernews_scraper - INFO - 找到 81 条评论
2026-02-01 16:04:02,443 - scrapers.hackernews_scraper - INFO - 故事 Ask HN: What's the Point Anymo... 转换完成，包含 81 条评论
2026-02-01 16:04:02,443 - scrapers.hackernews_scraper - INFO - 转换第 12/15 个故事: Ask HN: Should a software engi...
2026-02-01 16:04:03,797 - scrapers.hackernews_scraper - INFO - 找到 1 条评论
2026-02-01 16:04:03,798 - scrapers.hackernews_scraper - INFO - 故事 Ask HN: Should a software engi... 转换完成，包含 1 条评论
2026-02-01 16:04:03,798 - scrapers.hackernews_scraper - INFO - 转换第 13/15 个故事: Ask HN: How do you force yours...
2026-02-01 16:04:05,350 - scrapers.hackernews_scraper - INFO - 找到 24 条评论
2026-02-01 16:04:05,369 - scrapers.hackernews_scraper - INFO - 故事 Ask HN: How do you force yours... 转换完成，包含 24 条评论
2026-02-01 16:04:05,369 - scrapers.hackernews_scraper - INFO - 转换第 14/15 个故事: Ask HN: Ergo wireless keyboard...
2026-02-01 16:04:08,086 - scrapers.hackernews_scraper - INFO - 找到 5 条评论
2026-02-01 16:04:08,089 - scrapers.hackernews_scraper - INFO - 故事 Ask HN: Ergo wireless keyboard... 转换完成，包含 5 条评论
2026-02-01 16:04:08,089 - scrapers.hackernews_scraper - INFO - 转换第 15/15 个故事: Ask HN: What recent UX changes...
2026-02-01 16:04:09,377 - scrapers.hackernews_scraper - INFO - 找到 35 条评论
2026-02-01 16:04:09,411 - scrapers.hackernews_scraper - INFO - 故事 Ask HN: What recent UX changes... 转换完成，包含 35 条评论
2026-02-01 16:04:09,411 - scrapers.hackernews_scraper - INFO - 共转换 15 个故事为统一格式
2026-02-01 16:04:09,411 - scrapers.hackernews_scraper - INFO - 爬取完成，共获取 15 个Ask HN故事
2026-02-01 16:04:10,029 - utils.storage_utils - INFO - 已更新源索引: hackernews
2026-02-01 16:04:10,031 - utils.storage_utils - INFO - 数据已保存到 data/hackernews/week_2026-01-26.json
2026-02-01 16:04:10,034 - scrapers.base_scraper - INFO - 数据已保存到 data/hackernews/week_2026-01-26.json
2026-02-01 16:04:10,034 - scrapers.base_scraper - INFO - 成功爬取 Hacker News 的数据
2026-02-01 16:04:10,035 - __main__ - INFO - 完成: 1/3 个爬虫成功运行
2026-02-01 16:04:10,252 - __main__ - INFO - 归档所有源的旧数据
2026-02-01 16:04:10,252 - __main__ - INFO - 源 jandan 归档 无需归档
2026-02-01 16:04:10,252 - __main__ - INFO - 源 reddit 归档 无需归档
2026-02-01 16:04:10,252 - __main__ - INFO - 源 hackernews 归档 无需归档
