2026-01-10 16:02:02,926 - __main__ - INFO - 运行所有爬虫
2026-01-10 16:02:02,926 - scrapers.jandan_scraper - INFO - JandanScraper初始化完成
2026-01-10 16:02:02,927 - scrapers.base_scraper - INFO - 开始爬取 煎蛋网
2026-01-10 16:02:02,927 - scrapers.jandan_scraper - INFO - 开始爬取煎蛋热评
2026-01-10 16:02:07,374 - scrapers.jandan_scraper - INFO - 成功获取HTML内容，长度: 24777
2026-01-10 16:02:07,374 - scrapers.jandan_scraper - INFO - 调试: 手动获取评论 5877984 的吐槽数据
2026-01-10 16:02:07,374 - scrapers.jandan_scraper - INFO - 获取评论 5877984 的吐槽内容: https://jandan.net/api/tucao/list/5877984
2026-01-10 16:02:10,089 - scrapers.jandan_scraper - INFO - 评论 5877984 获取到 1 条热门吐槽, 3 条普通吐槽
2026-01-10 16:02:10,089 - scrapers.jandan_scraper - INFO - 调试: 评论 5877984 获取到 1 条热门吐槽, 3 条普通吐槽
2026-01-10 16:02:10,089 - scrapers.jandan_scraper - INFO - 开始解析页面中的评论
2026-01-10 16:02:10,089 - scrapers.jandan_scraper - INFO - 开始解析HTML内容, 长度: 24777
2026-01-10 16:02:10,098 - scrapers.jandan_scraper - INFO - 找到 0 条热门评论
2026-01-10 16:02:10,098 - scrapers.jandan_scraper - INFO - 解析完成，获取到 0 条评论
2026-01-10 16:02:10,098 - scrapers.jandan_scraper - INFO - 开始转换评论为统一格式
2026-01-10 16:02:10,098 - scrapers.jandan_scraper - INFO - 开始转换 0 条评论到统一格式
2026-01-10 16:02:10,098 - scrapers.jandan_scraper - INFO - 共转换 0 条评论为统一格式
2026-01-10 16:02:10,098 - scrapers.jandan_scraper - INFO - 爬取完成，共获取 0 条热评
2026-01-10 16:02:10,098 - scrapers.base_scraper - ERROR - 爬取 煎蛋网 失败
2026-01-10 16:02:10,098 - scrapers.reddit_scraper - INFO - RedditScraper初始化完成
2026-01-10 16:02:10,100 - scrapers.base_scraper - INFO - 开始爬取 Reddit
2026-01-10 16:02:10,100 - scrapers.reddit_scraper - INFO - 开始爬取Reddit r/confessions每周热门帖子
2026-01-10 16:02:12,401 - utils.http_utils - ERROR - 请求失败: https://www.reddit.com/r/confessions/top/.json?t=week&limit=10, 错误: 403 Client Error: Blocked for url: https://www.reddit.com/r/confessions/top/.json?t=week&limit=10
2026-01-10 16:02:12,401 - scrapers.reddit_scraper - ERROR - 获取API数据失败: 403 Client Error: Blocked for url: https://www.reddit.com/r/confessions/top/.json?t=week&limit=10
2026-01-10 16:02:12,402 - scrapers.base_scraper - ERROR - 爬取 Reddit 失败
2026-01-10 16:02:12,402 - scrapers.hackernews_scraper - INFO - HackerNewsScraper初始化完成
2026-01-10 16:02:12,402 - scrapers.base_scraper - INFO - 开始爬取 Hacker News
2026-01-10 16:02:12,402 - scrapers.hackernews_scraper - INFO - 开始爬取Hacker News Ask HN帖子
2026-01-10 16:02:12,402 - scrapers.hackernews_scraper - INFO - 获取Ask HN页面: https://news.ycombinator.com/ask
2026-01-10 16:02:15,633 - scrapers.hackernews_scraper - INFO - 找到 25 个帖子行
2026-01-10 16:02:15,634 - scrapers.hackernews_scraper - INFO - 成功解析故事: Ask HN: What's a standard way ..., 作者=nvader, 点赞=27, 评论=0
2026-01-10 16:02:15,635 - scrapers.hackernews_scraper - INFO - 成功解析故事: Ask HN: Best way to find chill..., 作者=digitdiglet, 点赞=27, 评论=0
2026-01-10 16:02:15,635 - scrapers.hackernews_scraper - INFO - 成功解析故事: Ask HN: What happened to self-..., 作者=curiousaboutml, 点赞=3, 评论=0
2026-01-10 16:02:15,636 - scrapers.hackernews_scraper - INFO - 成功解析故事: Ask HN: Senior engineering mng..., 作者=kitetm, 点赞=4, 评论=0
2026-01-10 16:02:15,636 - scrapers.hackernews_scraper - INFO - 成功解析故事: Ask HN: Is it time for HN to i..., 作者=Rooster61, 点赞=87, 评论=0
2026-01-10 16:02:15,637 - scrapers.hackernews_scraper - INFO - 成功解析故事: Ask HN: Any Microsoft employee..., 作者=thehamkercat, 点赞=107, 评论=0
2026-01-10 16:02:15,637 - scrapers.hackernews_scraper - INFO - 成功解析故事: Ask HN: Who wants to be hired?..., 作者=whoishiring, 点赞=171, 评论=0
2026-01-10 16:02:15,638 - scrapers.hackernews_scraper - INFO - 成功解析故事: Ask HN: How to make working in..., 作者=canxerian, 点赞=5, 评论=0
2026-01-10 16:02:15,639 - scrapers.hackernews_scraper - INFO - 成功解析故事: Ask HN: How do you use 5–10 mi..., 作者=pea, 点赞=46, 评论=0
2026-01-10 16:02:15,639 - scrapers.hackernews_scraper - INFO - 成功解析故事: Ask HN: Who is hiring? (Januar..., 作者=whoishiring, 点赞=358, 评论=0
2026-01-10 16:02:15,640 - scrapers.hackernews_scraper - INFO - 成功解析故事: Ask HN: What's your preferred ..., 作者=vednig, 点赞=3, 评论=0
2026-01-10 16:02:15,640 - scrapers.hackernews_scraper - INFO - 成功解析故事: Ask HN: How would you decouple..., 作者=yawa_me_worht, 点赞=33, 评论=0
2026-01-10 16:02:15,641 - scrapers.hackernews_scraper - INFO - 成功解析故事: Ask HN: Feeling irrelevant in ..., 作者=culopatin, 点赞=3, 评论=0
2026-01-10 16:02:15,642 - scrapers.hackernews_scraper - INFO - 成功解析故事: Ask HN: How do you do store-an..., 作者=Aydarbek, 点赞=5, 评论=0
2026-01-10 16:02:15,642 - scrapers.hackernews_scraper - INFO - 成功解析故事: Ask HN: Have AI tools like age..., 作者=SpicyNoodle, 点赞=7, 评论=0
2026-01-10 16:02:15,642 - scrapers.hackernews_scraper - INFO - 成功解析 15 个Ask HN故事
2026-01-10 16:02:15,642 - scrapers.hackernews_scraper - INFO - 开始转换 15 个故事到统一格式
2026-01-10 16:02:15,642 - scrapers.hackernews_scraper - INFO - 转换第 1/15 个故事: Ask HN: What's a standard way ...
2026-01-10 16:02:17,178 - scrapers.hackernews_scraper - INFO - 找到 15 条评论
2026-01-10 16:02:17,189 - scrapers.hackernews_scraper - INFO - 故事 Ask HN: What's a standard way ... 转换完成，包含 15 条评论
2026-01-10 16:02:17,189 - scrapers.hackernews_scraper - INFO - 转换第 2/15 个故事: Ask HN: Best way to find chill...
2026-01-10 16:02:19,852 - scrapers.hackernews_scraper - INFO - 找到 28 条评论
2026-01-10 16:02:19,877 - scrapers.hackernews_scraper - INFO - 故事 Ask HN: Best way to find chill... 转换完成，包含 28 条评论
2026-01-10 16:02:19,877 - scrapers.hackernews_scraper - INFO - 转换第 3/15 个故事: Ask HN: What happened to self-...
2026-01-10 16:02:22,574 - scrapers.hackernews_scraper - INFO - 找到 7 条评论
2026-01-10 16:02:22,579 - scrapers.hackernews_scraper - INFO - 故事 Ask HN: What happened to self-... 转换完成，包含 7 条评论
2026-01-10 16:02:22,579 - scrapers.hackernews_scraper - INFO - 转换第 4/15 个故事: Ask HN: Senior engineering mng...
2026-01-10 16:02:24,734 - scrapers.hackernews_scraper - INFO - 找到 0 条评论
2026-01-10 16:02:24,734 - scrapers.hackernews_scraper - INFO - 故事 Ask HN: Senior engineering mng... 转换完成，包含 0 条评论
2026-01-10 16:02:24,735 - scrapers.hackernews_scraper - INFO - 转换第 5/15 个故事: Ask HN: Is it time for HN to i...
2026-01-10 16:02:27,139 - scrapers.hackernews_scraper - INFO - 找到 134 条评论
2026-01-10 16:02:27,465 - scrapers.hackernews_scraper - INFO - 故事 Ask HN: Is it time for HN to i... 转换完成，包含 100 条评论
2026-01-10 16:02:27,465 - scrapers.hackernews_scraper - INFO - 转换第 6/15 个故事: Ask HN: Any Microsoft employee...
2026-01-10 16:02:29,490 - scrapers.hackernews_scraper - INFO - 找到 82 条评论
2026-01-10 16:02:29,628 - scrapers.hackernews_scraper - INFO - 故事 Ask HN: Any Microsoft employee... 转换完成，包含 82 条评论
2026-01-10 16:02:29,628 - scrapers.hackernews_scraper - INFO - 转换第 7/15 个故事: Ask HN: Who wants to be hired?...
2026-01-10 16:02:33,910 - scrapers.hackernews_scraper - INFO - 找到 411 条评论
2026-01-10 16:02:37,265 - scrapers.hackernews_scraper - INFO - 故事 Ask HN: Who wants to be hired?... 转换完成，包含 100 条评论
2026-01-10 16:02:37,266 - scrapers.hackernews_scraper - INFO - 转换第 8/15 个故事: Ask HN: How to make working in...
2026-01-10 16:02:39,784 - scrapers.hackernews_scraper - INFO - 找到 6 条评论
2026-01-10 16:02:39,788 - scrapers.hackernews_scraper - INFO - 故事 Ask HN: How to make working in... 转换完成，包含 6 条评论
2026-01-10 16:02:39,788 - scrapers.hackernews_scraper - INFO - 转换第 9/15 个故事: Ask HN: How do you use 5–10 mi...
2026-01-10 16:02:42,727 - scrapers.hackernews_scraper - INFO - 找到 56 条评论
2026-01-10 16:02:42,799 - scrapers.hackernews_scraper - INFO - 故事 Ask HN: How do you use 5–10 mi... 转换完成，包含 56 条评论
2026-01-10 16:02:42,799 - scrapers.hackernews_scraper - INFO - 转换第 10/15 个故事: Ask HN: Who is hiring? (Januar...
2026-01-10 16:02:45,924 - scrapers.hackernews_scraper - INFO - 找到 354 条评论
2026-01-10 16:02:48,239 - scrapers.hackernews_scraper - INFO - 故事 Ask HN: Who is hiring? (Januar... 转换完成，包含 100 条评论
2026-01-10 16:02:48,239 - scrapers.hackernews_scraper - INFO - 转换第 11/15 个故事: Ask HN: What's your preferred ...
2026-01-10 16:02:50,771 - scrapers.hackernews_scraper - INFO - 找到 17 条评论
2026-01-10 16:02:50,784 - scrapers.hackernews_scraper - INFO - 故事 Ask HN: What's your preferred ... 转换完成，包含 17 条评论
2026-01-10 16:02:50,784 - scrapers.hackernews_scraper - INFO - 转换第 12/15 个故事: Ask HN: How would you decouple...
2026-01-10 16:02:52,701 - scrapers.hackernews_scraper - INFO - 找到 18 条评论
2026-01-10 16:02:52,715 - scrapers.hackernews_scraper - INFO - 故事 Ask HN: How would you decouple... 转换完成，包含 18 条评论
2026-01-10 16:02:52,715 - scrapers.hackernews_scraper - INFO - 转换第 13/15 个故事: Ask HN: Feeling irrelevant in ...
2026-01-10 16:02:55,550 - scrapers.hackernews_scraper - INFO - 找到 3 条评论
2026-01-10 16:02:55,552 - scrapers.hackernews_scraper - INFO - 故事 Ask HN: Feeling irrelevant in ... 转换完成，包含 3 条评论
2026-01-10 16:02:55,552 - scrapers.hackernews_scraper - INFO - 转换第 14/15 个故事: Ask HN: How do you do store-an...
2026-01-10 16:02:58,864 - scrapers.hackernews_scraper - INFO - 找到 3 条评论
2026-01-10 16:02:58,866 - scrapers.hackernews_scraper - INFO - 故事 Ask HN: How do you do store-an... 转换完成，包含 3 条评论
2026-01-10 16:02:58,866 - scrapers.hackernews_scraper - INFO - 转换第 15/15 个故事: Ask HN: Have AI tools like age...
2026-01-10 16:03:00,638 - scrapers.hackernews_scraper - INFO - 找到 1 条评论
2026-01-10 16:03:00,639 - scrapers.hackernews_scraper - INFO - 故事 Ask HN: Have AI tools like age... 转换完成，包含 1 条评论
2026-01-10 16:03:00,639 - scrapers.hackernews_scraper - INFO - 共转换 15 个故事为统一格式
2026-01-10 16:03:00,639 - scrapers.hackernews_scraper - INFO - 爬取完成，共获取 15 个Ask HN故事
2026-01-10 16:03:01,245 - utils.storage_utils - INFO - 已更新源索引: hackernews
2026-01-10 16:03:01,248 - utils.storage_utils - INFO - 数据已保存到 data/hackernews/week_2026-01-05.json
2026-01-10 16:03:01,249 - scrapers.base_scraper - INFO - 数据已保存到 data/hackernews/week_2026-01-05.json
2026-01-10 16:03:01,249 - scrapers.base_scraper - INFO - 成功爬取 Hacker News 的数据
2026-01-10 16:03:01,250 - __main__ - INFO - 完成: 1/3 个爬虫成功运行
2026-01-10 16:03:01,469 - __main__ - INFO - 归档所有源的旧数据
2026-01-10 16:03:01,470 - __main__ - INFO - 源 jandan 归档 无需归档
2026-01-10 16:03:01,470 - __main__ - INFO - 源 reddit 归档 无需归档
2026-01-10 16:03:01,470 - __main__ - INFO - 源 hackernews 归档 无需归档
