2026-07-10 17:39:23,246 - __main__ - INFO - 运行所有爬虫
2026-07-10 17:39:23,246 - scrapers.jandan_scraper - INFO - JandanScraper初始化完成
2026-07-10 17:39:23,247 - scrapers.base_scraper - INFO - 开始爬取 煎蛋网
2026-07-10 17:39:23,247 - scrapers.jandan_scraper - INFO - 开始爬取煎蛋热评
2026-07-10 17:39:27,174 - scrapers.jandan_scraper - INFO - 成功获取HTML内容，长度: 36949
2026-07-10 17:39:27,174 - scrapers.jandan_scraper - INFO - 调试: 手动获取评论 5877984 的吐槽数据
2026-07-10 17:39:27,174 - scrapers.jandan_scraper - INFO - 获取评论 5877984 的吐槽内容: https://jandan.net/api/tucao/list/5877984
2026-07-10 17:39:29,393 - scrapers.jandan_scraper - INFO - 评论 5877984 获取到 0 条热门吐槽, 0 条普通吐槽
2026-07-10 17:39:29,393 - scrapers.jandan_scraper - INFO - 调试: 评论 5877984 获取到 0 条热门吐槽, 0 条普通吐槽
2026-07-10 17:39:29,393 - scrapers.jandan_scraper - INFO - 开始解析页面中的评论
2026-07-10 17:39:29,393 - scrapers.jandan_scraper - INFO - 开始解析HTML内容, 长度: 36949
2026-07-10 17:39:29,402 - scrapers.jandan_scraper - INFO - 找到 0 条热门评论
2026-07-10 17:39:29,402 - scrapers.jandan_scraper - INFO - 解析完成，获取到 0 条评论
2026-07-10 17:39:29,402 - scrapers.jandan_scraper - INFO - 开始转换评论为统一格式
2026-07-10 17:39:29,403 - scrapers.jandan_scraper - INFO - 开始转换 0 条评论到统一格式
2026-07-10 17:39:29,403 - scrapers.jandan_scraper - INFO - 共转换 0 条评论为统一格式
2026-07-10 17:39:29,403 - scrapers.jandan_scraper - INFO - 爬取完成，共获取 0 条热评
2026-07-10 17:39:29,403 - scrapers.base_scraper - ERROR - 爬取 煎蛋网 失败
2026-07-10 17:39:29,403 - scrapers.reddit_scraper - INFO - RedditScraper初始化完成
2026-07-10 17:39:29,404 - scrapers.base_scraper - INFO - 开始爬取 Reddit
2026-07-10 17:39:29,404 - scrapers.reddit_scraper - INFO - 开始爬取Reddit r/confessions每周热门帖子
2026-07-10 17:39:30,804 - utils.http_utils - ERROR - 请求失败: https://www.reddit.com/r/confessions/top/.json?t=week&limit=10, 错误: 403 Client Error: Blocked for url: https://www.reddit.com/r/confessions/top/.json?t=week&limit=10
2026-07-10 17:39:30,805 - scrapers.reddit_scraper - ERROR - 获取API数据失败: 403 Client Error: Blocked for url: https://www.reddit.com/r/confessions/top/.json?t=week&limit=10
2026-07-10 17:39:30,805 - scrapers.base_scraper - ERROR - 爬取 Reddit 失败
2026-07-10 17:39:30,806 - scrapers.hackernews_scraper - INFO - HackerNewsScraper初始化完成
2026-07-10 17:39:30,806 - scrapers.base_scraper - INFO - 开始爬取 Hacker News
2026-07-10 17:39:30,806 - scrapers.hackernews_scraper - INFO - 开始爬取Hacker News Ask HN帖子
2026-07-10 17:39:30,806 - scrapers.hackernews_scraper - INFO - 获取Ask HN页面: https://news.ycombinator.com/ask
2026-07-10 17:39:32,865 - scrapers.hackernews_scraper - INFO - 找到 26 个帖子行
2026-07-10 17:39:32,866 - scrapers.hackernews_scraper - INFO - 成功解析故事: Ask HN: Burned Tokens scented ..., 作者=Tade0, 点赞=2, 评论=0
2026-07-10 17:39:32,867 - scrapers.hackernews_scraper - INFO - 成功解析故事: Ask HN: Do we need a support g..., 作者=sph, 点赞=23, 评论=0
2026-07-10 17:39:32,868 - scrapers.hackernews_scraper - INFO - 成功解析故事: Ask HN: HN frontpage feels bor..., 作者=xeonmc, 点赞=46, 评论=0
2026-07-10 17:39:32,869 - scrapers.hackernews_scraper - INFO - 成功解析故事: Ask HN: I hate coding agents. ..., 作者=cmar00, 点赞=15, 评论=0
2026-07-10 17:39:32,869 - scrapers.hackernews_scraper - INFO - 成功解析故事: Ask HN: I am not able to find ..., 作者=need_a_work23, 点赞=11, 评论=0
2026-07-10 17:39:32,870 - scrapers.hackernews_scraper - INFO - 成功解析故事: Ask HN: Is anyone experimentin..., 作者=yehiaabdelm, 点赞=206, 评论=0
2026-07-10 17:39:32,871 - scrapers.hackernews_scraper - INFO - 成功解析故事: Ask HN: Ubuntu 24.04 now force..., 作者=everybodyknows, 点赞=3, 评论=0
2026-07-10 17:39:32,871 - scrapers.hackernews_scraper - INFO - 成功解析故事: Ask HN: Thoughts on AI in Pers..., 作者=foxtrot8672, 点赞=6, 评论=0
2026-07-10 17:39:32,872 - scrapers.hackernews_scraper - INFO - 成功解析故事: Ask HN: Where are the good sea..., 作者=lo0dot0, 点赞=56, 评论=0
2026-07-10 17:39:32,873 - scrapers.hackernews_scraper - INFO - 成功解析故事: Ask HN: What are you running l..., 作者=agcat, 点赞=3, 评论=0
2026-07-10 17:39:32,873 - scrapers.hackernews_scraper - INFO - 成功解析故事: Ask HN: Is GitHub preparing to..., 作者=reconnecting, 点赞=55, 评论=0
2026-07-10 17:39:32,874 - scrapers.hackernews_scraper - INFO - 成功解析故事: Ask HN: Is Google NERFing AI M..., 作者=PaulHoule, 点赞=4, 评论=0
2026-07-10 17:39:32,875 - scrapers.hackernews_scraper - INFO - 成功解析故事: Ask HN: How long has it been s..., 作者=novoreorx, 点赞=5, 评论=0
2026-07-10 17:39:32,876 - scrapers.hackernews_scraper - INFO - 成功解析故事: Ask HN: Who is hiring? (July 2..., 作者=whoishiring, 点赞=246, 评论=0
2026-07-10 17:39:32,876 - scrapers.hackernews_scraper - INFO - 成功解析故事: Ask HN: Are systems ready for ..., 作者=Asmod4n, 点赞=11, 评论=0
2026-07-10 17:39:32,876 - scrapers.hackernews_scraper - INFO - 成功解析 15 个Ask HN故事
2026-07-10 17:39:32,876 - scrapers.hackernews_scraper - INFO - 开始转换 15 个故事到统一格式
2026-07-10 17:39:32,876 - scrapers.hackernews_scraper - INFO - 转换第 1/15 个故事: Ask HN: Burned Tokens scented ...
2026-07-10 17:39:34,016 - scrapers.hackernews_scraper - INFO - 找到 10 条评论
2026-07-10 17:39:34,022 - scrapers.hackernews_scraper - INFO - 故事 Ask HN: Burned Tokens scented ... 转换完成，包含 10 条评论
2026-07-10 17:39:34,022 - scrapers.hackernews_scraper - INFO - 转换第 2/15 个故事: Ask HN: Do we need a support g...
2026-07-10 17:39:35,368 - scrapers.hackernews_scraper - INFO - 找到 36 条评论
2026-07-10 17:39:35,405 - scrapers.hackernews_scraper - INFO - 故事 Ask HN: Do we need a support g... 转换完成，包含 36 条评论
2026-07-10 17:39:35,405 - scrapers.hackernews_scraper - INFO - 转换第 3/15 个故事: Ask HN: HN frontpage feels bor...
2026-07-10 17:39:37,882 - scrapers.hackernews_scraper - INFO - 找到 33 条评论
2026-07-10 17:39:37,914 - scrapers.hackernews_scraper - INFO - 故事 Ask HN: HN frontpage feels bor... 转换完成，包含 33 条评论
2026-07-10 17:39:37,914 - scrapers.hackernews_scraper - INFO - 转换第 4/15 个故事: Ask HN: I hate coding agents. ...
2026-07-10 17:39:40,157 - utils.http_utils - ERROR - 请求失败: https://news.ycombinator.com/item?id=48844345, 错误: 429 Client Error: Too Many Requests for url: https://news.ycombinator.com/item?id=48844345
2026-07-10 17:39:40,157 - scrapers.hackernews_scraper - ERROR - 获取故事详情失败: 48844345
2026-07-10 17:39:42,073 - utils.http_utils - ERROR - 请求失败: https://news.ycombinator.com/item?id=48844345, 错误: 429 Client Error: Too Many Requests for url: https://news.ycombinator.com/item?id=48844345
2026-07-10 17:39:42,073 - scrapers.hackernews_scraper - ERROR - 获取故事详情失败: 48844345
2026-07-10 17:39:42,073 - scrapers.hackernews_scraper - INFO - 故事 Ask HN: I hate coding agents. ... 转换完成，包含 0 条评论
2026-07-10 17:39:42,073 - scrapers.hackernews_scraper - INFO - 转换第 5/15 个故事: Ask HN: I am not able to find ...
2026-07-10 17:39:44,048 - scrapers.hackernews_scraper - INFO - 找到 17 条评论
2026-07-10 17:39:44,061 - scrapers.hackernews_scraper - INFO - 故事 Ask HN: I am not able to find ... 转换完成，包含 17 条评论
2026-07-10 17:39:44,061 - scrapers.hackernews_scraper - INFO - 转换第 6/15 个故事: Ask HN: Is anyone experimentin...
2026-07-10 17:39:46,726 - utils.http_utils - ERROR - 请求失败: https://news.ycombinator.com/item?id=48771515, 错误: 429 Client Error: Too Many Requests for url: https://news.ycombinator.com/item?id=48771515
2026-07-10 17:39:46,726 - scrapers.hackernews_scraper - ERROR - 获取故事详情失败: 48771515
2026-07-10 17:39:47,878 - utils.http_utils - ERROR - 请求失败: https://news.ycombinator.com/item?id=48771515, 错误: 429 Client Error: Too Many Requests for url: https://news.ycombinator.com/item?id=48771515
2026-07-10 17:39:47,878 - scrapers.hackernews_scraper - ERROR - 获取故事详情失败: 48771515
2026-07-10 17:39:47,878 - scrapers.hackernews_scraper - INFO - 故事 Ask HN: Is anyone experimentin... 转换完成，包含 0 条评论
2026-07-10 17:39:47,878 - scrapers.hackernews_scraper - INFO - 转换第 7/15 个故事: Ask HN: Ubuntu 24.04 now force...
2026-07-10 17:39:50,157 - utils.http_utils - ERROR - 请求失败: https://news.ycombinator.com/item?id=48851667, 错误: 429 Client Error: Too Many Requests for url: https://news.ycombinator.com/item?id=48851667
2026-07-10 17:39:50,157 - scrapers.hackernews_scraper - ERROR - 获取故事详情失败: 48851667
2026-07-10 17:39:52,716 - utils.http_utils - ERROR - 请求失败: https://news.ycombinator.com/item?id=48851667, 错误: 429 Client Error: Too Many Requests for url: https://news.ycombinator.com/item?id=48851667
2026-07-10 17:39:52,716 - scrapers.hackernews_scraper - ERROR - 获取故事详情失败: 48851667
2026-07-10 17:39:52,717 - scrapers.hackernews_scraper - INFO - 故事 Ask HN: Ubuntu 24.04 now force... 转换完成，包含 0 条评论
2026-07-10 17:39:52,717 - scrapers.hackernews_scraper - INFO - 转换第 8/15 个故事: Ask HN: Thoughts on AI in Pers...
2026-07-10 17:39:55,183 - scrapers.hackernews_scraper - INFO - 找到 11 条评论
2026-07-10 17:39:55,190 - scrapers.hackernews_scraper - INFO - 故事 Ask HN: Thoughts on AI in Pers... 转换完成，包含 11 条评论
2026-07-10 17:39:55,191 - scrapers.hackernews_scraper - INFO - 转换第 9/15 个故事: Ask HN: Where are the good sea...
2026-07-10 17:39:58,190 - utils.http_utils - ERROR - 请求失败: https://news.ycombinator.com/item?id=48787886, 错误: 429 Client Error: Too Many Requests for url: https://news.ycombinator.com/item?id=48787886
2026-07-10 17:39:58,190 - scrapers.hackernews_scraper - ERROR - 获取故事详情失败: 48787886
2026-07-10 17:39:59,380 - utils.http_utils - ERROR - 请求失败: https://news.ycombinator.com/item?id=48787886, 错误: 429 Client Error: Too Many Requests for url: https://news.ycombinator.com/item?id=48787886
2026-07-10 17:39:59,380 - scrapers.hackernews_scraper - ERROR - 获取故事详情失败: 48787886
2026-07-10 17:39:59,380 - scrapers.hackernews_scraper - INFO - 故事 Ask HN: Where are the good sea... 转换完成，包含 0 条评论
2026-07-10 17:39:59,380 - scrapers.hackernews_scraper - INFO - 转换第 10/15 个故事: Ask HN: What are you running l...
2026-07-10 17:40:01,678 - utils.http_utils - ERROR - 请求失败: https://news.ycombinator.com/item?id=48854066, 错误: 429 Client Error: Too Many Requests for url: https://news.ycombinator.com/item?id=48854066
2026-07-10 17:40:01,679 - scrapers.hackernews_scraper - ERROR - 获取故事详情失败: 48854066
2026-07-10 17:40:04,200 - utils.http_utils - ERROR - 请求失败: https://news.ycombinator.com/item?id=48854066, 错误: 429 Client Error: Too Many Requests for url: https://news.ycombinator.com/item?id=48854066
2026-07-10 17:40:04,200 - scrapers.hackernews_scraper - ERROR - 获取故事详情失败: 48854066
2026-07-10 17:40:04,200 - scrapers.hackernews_scraper - INFO - 故事 Ask HN: What are you running l... 转换完成，包含 0 条评论
2026-07-10 17:40:04,200 - scrapers.hackernews_scraper - INFO - 转换第 11/15 个故事: Ask HN: Is GitHub preparing to...
2026-07-10 17:40:06,759 - utils.http_utils - ERROR - 请求失败: https://news.ycombinator.com/item?id=48821803, 错误: 429 Client Error: Too Many Requests for url: https://news.ycombinator.com/item?id=48821803
2026-07-10 17:40:06,759 - scrapers.hackernews_scraper - ERROR - 获取故事详情失败: 48821803
2026-07-10 17:40:09,628 - utils.http_utils - ERROR - 请求失败: https://news.ycombinator.com/item?id=48821803, 错误: 429 Client Error: Too Many Requests for url: https://news.ycombinator.com/item?id=48821803
2026-07-10 17:40:09,628 - scrapers.hackernews_scraper - ERROR - 获取故事详情失败: 48821803
2026-07-10 17:40:09,628 - scrapers.hackernews_scraper - INFO - 故事 Ask HN: Is GitHub preparing to... 转换完成，包含 0 条评论
2026-07-10 17:40:09,628 - scrapers.hackernews_scraper - INFO - 转换第 12/15 个故事: Ask HN: Is Google NERFing AI M...
2026-07-10 17:40:11,537 - utils.http_utils - ERROR - 请求失败: https://news.ycombinator.com/item?id=48845508, 错误: 429 Client Error: Too Many Requests for url: https://news.ycombinator.com/item?id=48845508
2026-07-10 17:40:11,537 - scrapers.hackernews_scraper - ERROR - 获取故事详情失败: 48845508
2026-07-10 17:40:13,695 - utils.http_utils - ERROR - 请求失败: https://news.ycombinator.com/item?id=48845508, 错误: 429 Client Error: Too Many Requests for url: https://news.ycombinator.com/item?id=48845508
2026-07-10 17:40:13,695 - scrapers.hackernews_scraper - ERROR - 获取故事详情失败: 48845508
2026-07-10 17:40:13,695 - scrapers.hackernews_scraper - INFO - 故事 Ask HN: Is Google NERFing AI M... 转换完成，包含 0 条评论
2026-07-10 17:40:13,696 - scrapers.hackernews_scraper - INFO - 转换第 13/15 个故事: Ask HN: How long has it been s...
2026-07-10 17:40:16,351 - utils.http_utils - ERROR - 请求失败: https://news.ycombinator.com/item?id=48843956, 错误: 429 Client Error: Too Many Requests for url: https://news.ycombinator.com/item?id=48843956
2026-07-10 17:40:16,351 - scrapers.hackernews_scraper - ERROR - 获取故事详情失败: 48843956
2026-07-10 17:40:18,599 - utils.http_utils - ERROR - 请求失败: https://news.ycombinator.com/item?id=48843956, 错误: 429 Client Error: Too Many Requests for url: https://news.ycombinator.com/item?id=48843956
2026-07-10 17:40:18,599 - scrapers.hackernews_scraper - ERROR - 获取故事详情失败: 48843956
2026-07-10 17:40:18,599 - scrapers.hackernews_scraper - INFO - 故事 Ask HN: How long has it been s... 转换完成，包含 0 条评论
2026-07-10 17:40:18,599 - scrapers.hackernews_scraper - INFO - 转换第 14/15 个故事: Ask HN: Who is hiring? (July 2...
2026-07-10 17:40:21,909 - scrapers.hackernews_scraper - INFO - 找到 405 条评论
2026-07-10 17:40:25,231 - scrapers.hackernews_scraper - INFO - 故事 Ask HN: Who is hiring? (July 2... 转换完成，包含 100 条评论
2026-07-10 17:40:25,231 - scrapers.hackernews_scraper - INFO - 转换第 15/15 个故事: Ask HN: Are systems ready for ...
2026-07-10 17:40:27,704 - utils.http_utils - ERROR - 请求失败: https://news.ycombinator.com/item?id=48807108, 错误: 429 Client Error: Too Many Requests for url: https://news.ycombinator.com/item?id=48807108
2026-07-10 17:40:27,704 - scrapers.hackernews_scraper - ERROR - 获取故事详情失败: 48807108
2026-07-10 17:40:28,830 - utils.http_utils - ERROR - 请求失败: https://news.ycombinator.com/item?id=48807108, 错误: 429 Client Error: Too Many Requests for url: https://news.ycombinator.com/item?id=48807108
2026-07-10 17:40:28,830 - scrapers.hackernews_scraper - ERROR - 获取故事详情失败: 48807108
2026-07-10 17:40:28,831 - scrapers.hackernews_scraper - INFO - 故事 Ask HN: Are systems ready for ... 转换完成，包含 0 条评论
2026-07-10 17:40:28,831 - scrapers.hackernews_scraper - INFO - 共转换 15 个故事为统一格式
2026-07-10 17:40:28,831 - scrapers.hackernews_scraper - INFO - 爬取完成，共获取 15 个Ask HN故事
2026-07-10 17:40:29,080 - utils.storage_utils - INFO - 已更新源索引: hackernews
2026-07-10 17:40:29,081 - utils.storage_utils - INFO - 数据已保存到 data/hackernews/week_2026-07-06.json
2026-07-10 17:40:29,082 - scrapers.base_scraper - INFO - 数据已保存到 data/hackernews/week_2026-07-06.json
2026-07-10 17:40:29,082 - scrapers.base_scraper - INFO - 成功爬取 Hacker News 的数据
2026-07-10 17:40:29,083 - __main__ - INFO - 完成: 1/3 个爬虫成功运行
2026-07-10 17:40:29,289 - __main__ - INFO - 归档所有源的旧数据
2026-07-10 17:40:29,290 - __main__ - INFO - 源 jandan 归档 无需归档
2026-07-10 17:40:29,290 - __main__ - INFO - 源 reddit 归档 无需归档
2026-07-10 17:40:29,290 - __main__ - INFO - 源 hackernews 归档 无需归档
