2025-07-22 16:02:08,196 - __main__ - INFO - 运行所有爬虫
2025-07-22 16:02:08,196 - scrapers.jandan_scraper - INFO - JandanScraper初始化完成
2025-07-22 16:02:08,197 - scrapers.base_scraper - INFO - 开始爬取 煎蛋网
2025-07-22 16:02:08,197 - scrapers.jandan_scraper - INFO - 开始爬取煎蛋热评
2025-07-22 16:02:12,339 - scrapers.jandan_scraper - INFO - 成功获取HTML内容，长度: 26181
2025-07-22 16:02:12,339 - scrapers.jandan_scraper - INFO - 调试: 手动获取评论 5877984 的吐槽数据
2025-07-22 16:02:12,339 - scrapers.jandan_scraper - INFO - 获取评论 5877984 的吐槽内容: https://jandan.net/api/tucao/list/5877984
2025-07-22 16:02:15,324 - scrapers.jandan_scraper - INFO - 评论 5877984 获取到 1 条热门吐槽, 3 条普通吐槽
2025-07-22 16:02:15,324 - scrapers.jandan_scraper - INFO - 调试: 评论 5877984 获取到 1 条热门吐槽, 3 条普通吐槽
2025-07-22 16:02:15,324 - scrapers.jandan_scraper - INFO - 开始解析页面中的评论
2025-07-22 16:02:15,324 - scrapers.jandan_scraper - INFO - 开始解析HTML内容, 长度: 26181
2025-07-22 16:02:15,332 - scrapers.jandan_scraper - INFO - 找到 0 条热门评论
2025-07-22 16:02:15,332 - scrapers.jandan_scraper - INFO - 解析完成，获取到 0 条评论
2025-07-22 16:02:15,332 - scrapers.jandan_scraper - INFO - 开始转换评论为统一格式
2025-07-22 16:02:15,333 - scrapers.jandan_scraper - INFO - 开始转换 0 条评论到统一格式
2025-07-22 16:02:15,333 - scrapers.jandan_scraper - INFO - 共转换 0 条评论为统一格式
2025-07-22 16:02:15,333 - scrapers.jandan_scraper - INFO - 爬取完成，共获取 0 条热评
2025-07-22 16:02:15,333 - scrapers.base_scraper - ERROR - 爬取 煎蛋网 失败
2025-07-22 16:02:15,333 - scrapers.reddit_scraper - INFO - RedditScraper初始化完成
2025-07-22 16:02:15,333 - scrapers.base_scraper - INFO - 开始爬取 Reddit
2025-07-22 16:02:15,333 - scrapers.reddit_scraper - INFO - 开始爬取Reddit r/confessions每周热门帖子
2025-07-22 16:02:16,838 - utils.http_utils - ERROR - 请求失败: https://www.reddit.com/r/confessions/top/.json?t=week&limit=10, 错误: 403 Client Error: Blocked for url: https://www.reddit.com/r/confessions/top/.json?t=week&limit=10
2025-07-22 16:02:16,838 - scrapers.reddit_scraper - ERROR - 获取API数据失败: 403 Client Error: Blocked for url: https://www.reddit.com/r/confessions/top/.json?t=week&limit=10
2025-07-22 16:02:16,838 - scrapers.base_scraper - ERROR - 爬取 Reddit 失败
2025-07-22 16:02:16,838 - scrapers.hackernews_scraper - INFO - HackerNewsScraper初始化完成
2025-07-22 16:02:16,839 - scrapers.base_scraper - INFO - 开始爬取 Hacker News
2025-07-22 16:02:16,839 - scrapers.hackernews_scraper - INFO - 开始爬取Hacker News Ask HN帖子
2025-07-22 16:02:16,839 - scrapers.hackernews_scraper - INFO - 获取Ask HN页面: https://news.ycombinator.com/ask
2025-07-22 16:02:18,094 - scrapers.hackernews_scraper - INFO - 找到 30 个帖子行
2025-07-22 16:02:18,095 - scrapers.hackernews_scraper - INFO - 成功解析故事: Ask HN: What are your thoughts..., 作者=HisoMorow, 点赞=6, 评论=0
2025-07-22 16:02:18,096 - scrapers.hackernews_scraper - INFO - 成功解析故事: Ask HN: Python developers at b..., 作者=ravshan, 点赞=4, 评论=0
2025-07-22 16:02:18,097 - scrapers.hackernews_scraper - INFO - 成功解析故事: Ask HN: What Speaker Diarizati..., 作者=justforfunhere, 点赞=9, 评论=0
2025-07-22 16:02:18,097 - scrapers.hackernews_scraper - INFO - 成功解析故事: Ask HN: Why is Gmail so incomp..., 作者=sn9, 点赞=50, 评论=0
2025-07-22 16:02:18,098 - scrapers.hackernews_scraper - INFO - 成功解析故事: Ask HN: How to find non-popula..., 作者=dominicq, 点赞=19, 评论=0
2025-07-22 16:02:18,099 - scrapers.hackernews_scraper - INFO - 成功解析故事: Ask HN: Who is doing the best ..., 作者=_samjarman, 点赞=2, 评论=0
2025-07-22 16:02:18,099 - scrapers.hackernews_scraper - INFO - 成功解析故事: Ask HN: Any active COBOL devs ..., 作者=_false, 点赞=241, 评论=0
2025-07-22 16:02:18,100 - scrapers.hackernews_scraper - INFO - 成功解析故事: Ask HN: What is a great projec..., 作者=coopreme, 点赞=14, 评论=0
2025-07-22 16:02:18,100 - scrapers.hackernews_scraper - INFO - 成功解析故事: Ask HN: What Pocket alternativ..., 作者=ahmedfromtunis, 点赞=122, 评论=0
2025-07-22 16:02:18,101 - scrapers.hackernews_scraper - INFO - 成功解析故事: Ask HN: US expats/nomads, how ..., 作者=rudnevr, 点赞=14, 评论=0
2025-07-22 16:02:18,102 - scrapers.hackernews_scraper - INFO - 成功解析故事: Ask HN: What's Your Useful Loc..., 作者=Olshansky, 点赞=85, 评论=0
2025-07-22 16:02:18,102 - scrapers.hackernews_scraper - INFO - 成功解析故事: Ask HN: Is there a way to get ..., 作者=nomilk, 点赞=2, 评论=0
2025-07-22 16:02:18,103 - scrapers.hackernews_scraper - INFO - 成功解析故事: Ask HN: Is it time to fork HN ..., 作者=bookofjoe, 点赞=538, 评论=0
2025-07-22 16:02:18,103 - scrapers.hackernews_scraper - INFO - 成功解析故事: Ask HN: What is your most dist..., 作者=gardnr, 点赞=9, 评论=0
2025-07-22 16:02:18,104 - scrapers.hackernews_scraper - INFO - 成功解析故事: Ask HN: What could I build to ..., 作者=uint9_t, 点赞=14, 评论=0
2025-07-22 16:02:18,104 - scrapers.hackernews_scraper - INFO - 成功解析 15 个Ask HN故事
2025-07-22 16:02:18,104 - scrapers.hackernews_scraper - INFO - 开始转换 15 个故事到统一格式
2025-07-22 16:02:18,104 - scrapers.hackernews_scraper - INFO - 转换第 1/15 个故事: Ask HN: What are your thoughts...
2025-07-22 16:02:19,709 - scrapers.hackernews_scraper - INFO - 找到 3 条评论
2025-07-22 16:02:19,711 - scrapers.hackernews_scraper - INFO - 故事 Ask HN: What are your thoughts... 转换完成，包含 3 条评论
2025-07-22 16:02:19,711 - scrapers.hackernews_scraper - INFO - 转换第 2/15 个故事: Ask HN: Python developers at b...
2025-07-22 16:02:22,064 - scrapers.hackernews_scraper - INFO - 找到 4 条评论
2025-07-22 16:02:22,066 - scrapers.hackernews_scraper - INFO - 故事 Ask HN: Python developers at b... 转换完成，包含 4 条评论
2025-07-22 16:02:22,066 - scrapers.hackernews_scraper - INFO - 转换第 3/15 个故事: Ask HN: What Speaker Diarizati...
2025-07-22 16:02:24,698 - scrapers.hackernews_scraper - INFO - 找到 3 条评论
2025-07-22 16:02:24,700 - scrapers.hackernews_scraper - INFO - 故事 Ask HN: What Speaker Diarizati... 转换完成，包含 3 条评论
2025-07-22 16:02:24,700 - scrapers.hackernews_scraper - INFO - 转换第 4/15 个故事: Ask HN: Why is Gmail so incomp...
2025-07-22 16:02:27,452 - scrapers.hackernews_scraper - INFO - 找到 41 条评论
2025-07-22 16:02:27,498 - scrapers.hackernews_scraper - INFO - 故事 Ask HN: Why is Gmail so incomp... 转换完成，包含 41 条评论
2025-07-22 16:02:27,498 - scrapers.hackernews_scraper - INFO - 转换第 5/15 个故事: Ask HN: How to find non-popula...
2025-07-22 16:02:29,184 - scrapers.hackernews_scraper - INFO - 找到 19 条评论
2025-07-22 16:02:29,199 - scrapers.hackernews_scraper - INFO - 故事 Ask HN: How to find non-popula... 转换完成，包含 19 条评论
2025-07-22 16:02:29,199 - scrapers.hackernews_scraper - INFO - 转换第 6/15 个故事: Ask HN: Who is doing the best ...
2025-07-22 16:02:31,690 - scrapers.hackernews_scraper - INFO - 找到 4 条评论
2025-07-22 16:02:31,692 - scrapers.hackernews_scraper - INFO - 故事 Ask HN: Who is doing the best ... 转换完成，包含 4 条评论
2025-07-22 16:02:31,692 - scrapers.hackernews_scraper - INFO - 转换第 7/15 个故事: Ask HN: Any active COBOL devs ...
2025-07-22 16:02:35,194 - scrapers.hackernews_scraper - INFO - 找到 185 条评论
2025-07-22 16:02:35,807 - scrapers.hackernews_scraper - INFO - 故事 Ask HN: Any active COBOL devs ... 转换完成，包含 100 条评论
2025-07-22 16:02:35,807 - scrapers.hackernews_scraper - INFO - 转换第 8/15 个故事: Ask HN: What is a great projec...
2025-07-22 16:02:37,125 - scrapers.hackernews_scraper - INFO - 找到 6 条评论
2025-07-22 16:02:37,129 - scrapers.hackernews_scraper - INFO - 故事 Ask HN: What is a great projec... 转换完成，包含 6 条评论
2025-07-22 16:02:37,129 - scrapers.hackernews_scraper - INFO - 转换第 9/15 个故事: Ask HN: What Pocket alternativ...
2025-07-22 16:02:40,152 - scrapers.hackernews_scraper - INFO - 找到 140 条评论
2025-07-22 16:02:40,519 - scrapers.hackernews_scraper - INFO - 故事 Ask HN: What Pocket alternativ... 转换完成，包含 100 条评论
2025-07-22 16:02:40,519 - scrapers.hackernews_scraper - INFO - 转换第 10/15 个故事: Ask HN: US expats/nomads, how ...
2025-07-22 16:02:42,752 - scrapers.hackernews_scraper - INFO - 找到 14 条评论
2025-07-22 16:02:42,762 - scrapers.hackernews_scraper - INFO - 故事 Ask HN: US expats/nomads, how ... 转换完成，包含 14 条评论
2025-07-22 16:02:42,762 - scrapers.hackernews_scraper - INFO - 转换第 11/15 个故事: Ask HN: What's Your Useful Loc...
2025-07-22 16:02:43,965 - scrapers.hackernews_scraper - INFO - 找到 52 条评论
2025-07-22 16:02:44,034 - scrapers.hackernews_scraper - INFO - 故事 Ask HN: What's Your Useful Loc... 转换完成，包含 52 条评论
2025-07-22 16:02:44,034 - scrapers.hackernews_scraper - INFO - 转换第 12/15 个故事: Ask HN: Is there a way to get ...
2025-07-22 16:02:46,983 - scrapers.hackernews_scraper - INFO - 找到 11 条评论
2025-07-22 16:02:46,990 - scrapers.hackernews_scraper - INFO - 故事 Ask HN: Is there a way to get ... 转换完成，包含 11 条评论
2025-07-22 16:02:46,990 - scrapers.hackernews_scraper - INFO - 转换第 13/15 个故事: Ask HN: Is it time to fork HN ...
2025-07-22 16:02:49,550 - scrapers.hackernews_scraper - INFO - 找到 374 条评论
2025-07-22 16:02:51,932 - scrapers.hackernews_scraper - INFO - 故事 Ask HN: Is it time to fork HN ... 转换完成，包含 100 条评论
2025-07-22 16:02:51,932 - scrapers.hackernews_scraper - INFO - 转换第 14/15 个故事: Ask HN: What is your most dist...
2025-07-22 16:02:54,981 - scrapers.hackernews_scraper - INFO - 找到 11 条评论
2025-07-22 16:02:54,988 - scrapers.hackernews_scraper - INFO - 故事 Ask HN: What is your most dist... 转换完成，包含 11 条评论
2025-07-22 16:02:54,988 - scrapers.hackernews_scraper - INFO - 转换第 15/15 个故事: Ask HN: What could I build to ...
2025-07-22 16:02:57,497 - scrapers.hackernews_scraper - INFO - 找到 17 条评论
2025-07-22 16:02:57,510 - scrapers.hackernews_scraper - INFO - 故事 Ask HN: What could I build to ... 转换完成，包含 17 条评论
2025-07-22 16:02:57,510 - scrapers.hackernews_scraper - INFO - 共转换 15 个故事为统一格式
2025-07-22 16:02:57,510 - scrapers.hackernews_scraper - INFO - 爬取完成，共获取 15 个Ask HN故事
2025-07-22 16:02:57,909 - utils.storage_utils - INFO - 已更新源索引: hackernews
2025-07-22 16:02:57,911 - utils.storage_utils - INFO - 数据已保存到 data/hackernews/week_2025-07-21.json
2025-07-22 16:02:57,912 - scrapers.base_scraper - INFO - 数据已保存到 data/hackernews/week_2025-07-21.json
2025-07-22 16:02:57,912 - scrapers.base_scraper - INFO - 成功爬取 Hacker News 的数据
2025-07-22 16:02:57,912 - __main__ - INFO - 完成: 1/3 个爬虫成功运行
2025-07-22 16:02:58,153 - __main__ - INFO - 归档所有源的旧数据
2025-07-22 16:02:58,153 - __main__ - INFO - 源 jandan 归档 无需归档
2025-07-22 16:02:58,154 - __main__ - INFO - 源 reddit 归档 无需归档
2025-07-22 16:02:58,154 - __main__ - INFO - 源 hackernews 归档 无需归档
