2026-03-23 16:16:39,221 - __main__ - INFO - 运行所有爬虫
2026-03-23 16:16:39,222 - scrapers.jandan_scraper - INFO - JandanScraper初始化完成
2026-03-23 16:16:39,222 - scrapers.base_scraper - INFO - 开始爬取 煎蛋网
2026-03-23 16:16:39,222 - scrapers.jandan_scraper - INFO - 开始爬取煎蛋热评
2026-03-23 16:16:43,177 - scrapers.jandan_scraper - INFO - 成功获取HTML内容，长度: 27206
2026-03-23 16:16:43,178 - scrapers.jandan_scraper - INFO - 调试: 手动获取评论 5877984 的吐槽数据
2026-03-23 16:16:43,178 - scrapers.jandan_scraper - INFO - 获取评论 5877984 的吐槽内容: https://jandan.net/api/tucao/list/5877984
2026-03-23 16:16:45,745 - scrapers.jandan_scraper - INFO - 评论 5877984 获取到 1 条热门吐槽, 3 条普通吐槽
2026-03-23 16:16:45,745 - scrapers.jandan_scraper - INFO - 调试: 评论 5877984 获取到 1 条热门吐槽, 3 条普通吐槽
2026-03-23 16:16:45,745 - scrapers.jandan_scraper - INFO - 开始解析页面中的评论
2026-03-23 16:16:45,745 - scrapers.jandan_scraper - INFO - 开始解析HTML内容, 长度: 27206
2026-03-23 16:16:45,754 - scrapers.jandan_scraper - INFO - 找到 0 条热门评论
2026-03-23 16:16:45,754 - scrapers.jandan_scraper - INFO - 解析完成，获取到 0 条评论
2026-03-23 16:16:45,754 - scrapers.jandan_scraper - INFO - 开始转换评论为统一格式
2026-03-23 16:16:45,754 - scrapers.jandan_scraper - INFO - 开始转换 0 条评论到统一格式
2026-03-23 16:16:45,754 - scrapers.jandan_scraper - INFO - 共转换 0 条评论为统一格式
2026-03-23 16:16:45,755 - scrapers.jandan_scraper - INFO - 爬取完成，共获取 0 条热评
2026-03-23 16:16:45,755 - scrapers.base_scraper - ERROR - 爬取 煎蛋网 失败
2026-03-23 16:16:45,755 - scrapers.reddit_scraper - INFO - RedditScraper初始化完成
2026-03-23 16:16:45,756 - scrapers.base_scraper - INFO - 开始爬取 Reddit
2026-03-23 16:16:45,756 - scrapers.reddit_scraper - INFO - 开始爬取Reddit r/confessions每周热门帖子
2026-03-23 16:16:46,874 - utils.http_utils - ERROR - 请求失败: https://www.reddit.com/r/confessions/top/.json?t=week&limit=10, 错误: 403 Client Error: Blocked for url: https://www.reddit.com/r/confessions/top/.json?t=week&limit=10
2026-03-23 16:16:46,875 - scrapers.reddit_scraper - ERROR - 获取API数据失败: 403 Client Error: Blocked for url: https://www.reddit.com/r/confessions/top/.json?t=week&limit=10
2026-03-23 16:16:46,875 - scrapers.base_scraper - ERROR - 爬取 Reddit 失败
2026-03-23 16:16:46,875 - scrapers.hackernews_scraper - INFO - HackerNewsScraper初始化完成
2026-03-23 16:16:46,875 - scrapers.base_scraper - INFO - 开始爬取 Hacker News
2026-03-23 16:16:46,876 - scrapers.hackernews_scraper - INFO - 开始爬取Hacker News Ask HN帖子
2026-03-23 16:16:46,876 - scrapers.hackernews_scraper - INFO - 获取Ask HN页面: https://news.ycombinator.com/ask
2026-03-23 16:16:48,048 - scrapers.hackernews_scraper - INFO - 找到 30 个帖子行
2026-03-23 16:16:48,049 - scrapers.hackernews_scraper - INFO - 成功解析故事: Ask HN: If there has been no p..., 作者=sayYayToLife, 点赞=2, 评论=0
2026-03-23 16:16:48,050 - scrapers.hackernews_scraper - INFO - 成功解析故事: Ask HN: AI productivity gains ..., 作者=Bleiglanz, 点赞=95, 评论=0
2026-03-23 16:16:48,050 - scrapers.hackernews_scraper - INFO - 成功解析故事: Ask HN: How many of you are pr..., 作者=general_reveal, 点赞=4, 评论=0
2026-03-23 16:16:48,051 - scrapers.hackernews_scraper - INFO - 成功解析故事: Ask HN: Are you using OpenClaw..., 作者=nclin_, 点赞=2, 评论=0
2026-03-23 16:16:48,052 - scrapers.hackernews_scraper - INFO - 成功解析故事: Ask HN: Growth for me,is reali..., 作者=kathir05, 点赞=4, 评论=0
2026-03-23 16:16:48,053 - scrapers.hackernews_scraper - INFO - 成功解析故事: Ask HN: How much are you spend..., 作者=habosa, 点赞=6, 评论=0
2026-03-23 16:16:48,053 - scrapers.hackernews_scraper - INFO - 成功解析故事: Ask HN: How to get free/cheap ..., 作者=jacAtSea, 点赞=4, 评论=0
2026-03-23 16:16:48,054 - scrapers.hackernews_scraper - INFO - 成功解析故事: Ask HN: How do you handle peer..., 作者=redgridtactical, 点赞=6, 评论=0
2026-03-23 16:16:48,055 - scrapers.hackernews_scraper - INFO - 成功解析故事: Ask HN: what’s your favorite l..., 作者=khasan222, 点赞=14, 评论=0
2026-03-23 16:16:48,056 - scrapers.hackernews_scraper - INFO - 成功解析故事: Ask HN: What do you look for i..., 作者=neilk17, 点赞=28, 评论=0
2026-03-23 16:16:48,056 - scrapers.hackernews_scraper - INFO - 成功解析故事: Ask HN: Why isn't the NSA cate..., 作者=TheOpenSourcer, 点赞=5, 评论=0
2026-03-23 16:16:48,057 - scrapers.hackernews_scraper - INFO - 成功解析故事: Ask HN: Is vibe coding a new m..., 作者=newswangerd, 点赞=38, 评论=0
2026-03-23 16:16:48,058 - scrapers.hackernews_scraper - INFO - 成功解析故事: Ask HN: How do you deal with p..., 作者=basilikum, 点赞=153, 评论=0
2026-03-23 16:16:48,058 - scrapers.hackernews_scraper - INFO - 成功解析故事: Ask HN: Have you cancelled any..., 作者=maxim_bg, 点赞=10, 评论=0
2026-03-23 16:16:48,059 - scrapers.hackernews_scraper - INFO - 成功解析故事: Ask HN: Is operational memory ..., 作者=varunrrai, 点赞=5, 评论=0
2026-03-23 16:16:48,059 - scrapers.hackernews_scraper - INFO - 成功解析 15 个Ask HN故事
2026-03-23 16:16:48,059 - scrapers.hackernews_scraper - INFO - 开始转换 15 个故事到统一格式
2026-03-23 16:16:48,059 - scrapers.hackernews_scraper - INFO - 转换第 1/15 个故事: Ask HN: If there has been no p...
2026-03-23 16:16:50,036 - scrapers.hackernews_scraper - INFO - 找到 2 条评论
2026-03-23 16:16:50,037 - scrapers.hackernews_scraper - INFO - 故事 Ask HN: If there has been no p... 转换完成，包含 2 条评论
2026-03-23 16:16:50,037 - scrapers.hackernews_scraper - INFO - 转换第 2/15 个故事: Ask HN: AI productivity gains ...
2026-03-23 16:16:52,004 - scrapers.hackernews_scraper - INFO - 找到 176 条评论
2026-03-23 16:16:52,586 - scrapers.hackernews_scraper - INFO - 故事 Ask HN: AI productivity gains ... 转换完成，包含 100 条评论
2026-03-23 16:16:52,586 - scrapers.hackernews_scraper - INFO - 转换第 3/15 个故事: Ask HN: How many of you are pr...
2026-03-23 16:16:54,074 - scrapers.hackernews_scraper - INFO - 找到 0 条评论
2026-03-23 16:16:54,074 - scrapers.hackernews_scraper - INFO - 故事 Ask HN: How many of you are pr... 转换完成，包含 0 条评论
2026-03-23 16:16:54,074 - scrapers.hackernews_scraper - INFO - 转换第 4/15 个故事: Ask HN: Are you using OpenClaw...
2026-03-23 16:16:56,928 - scrapers.hackernews_scraper - INFO - 找到 5 条评论
2026-03-23 16:16:56,931 - scrapers.hackernews_scraper - INFO - 故事 Ask HN: Are you using OpenClaw... 转换完成，包含 5 条评论
2026-03-23 16:16:56,931 - scrapers.hackernews_scraper - INFO - 转换第 5/15 个故事: Ask HN: Growth for me,is reali...
2026-03-23 16:16:59,829 - scrapers.hackernews_scraper - INFO - 找到 2 条评论
2026-03-23 16:16:59,831 - scrapers.hackernews_scraper - INFO - 故事 Ask HN: Growth for me,is reali... 转换完成，包含 2 条评论
2026-03-23 16:16:59,831 - scrapers.hackernews_scraper - INFO - 转换第 6/15 个故事: Ask HN: How much are you spend...
2026-03-23 16:17:02,234 - scrapers.hackernews_scraper - INFO - 找到 6 条评论
2026-03-23 16:17:02,239 - scrapers.hackernews_scraper - INFO - 故事 Ask HN: How much are you spend... 转换完成，包含 6 条评论
2026-03-23 16:17:02,239 - scrapers.hackernews_scraper - INFO - 转换第 7/15 个故事: Ask HN: How to get free/cheap ...
2026-03-23 16:17:04,062 - scrapers.hackernews_scraper - INFO - 找到 4 条评论
2026-03-23 16:17:04,065 - scrapers.hackernews_scraper - INFO - 故事 Ask HN: How to get free/cheap ... 转换完成，包含 4 条评论
2026-03-23 16:17:04,065 - scrapers.hackernews_scraper - INFO - 转换第 8/15 个故事: Ask HN: How do you handle peer...
2026-03-23 16:17:06,583 - scrapers.hackernews_scraper - INFO - 找到 5 条评论
2026-03-23 16:17:06,586 - scrapers.hackernews_scraper - INFO - 故事 Ask HN: How do you handle peer... 转换完成，包含 5 条评论
2026-03-23 16:17:06,586 - scrapers.hackernews_scraper - INFO - 转换第 9/15 个故事: Ask HN: what’s your favorite l...
2026-03-23 16:17:08,348 - scrapers.hackernews_scraper - INFO - 找到 9 条评论
2026-03-23 16:17:08,354 - scrapers.hackernews_scraper - INFO - 故事 Ask HN: what’s your favorite l... 转换完成，包含 9 条评论
2026-03-23 16:17:08,354 - scrapers.hackernews_scraper - INFO - 转换第 10/15 个故事: Ask HN: What do you look for i...
2026-03-23 16:17:09,652 - scrapers.hackernews_scraper - INFO - 找到 35 条评论
2026-03-23 16:17:09,688 - scrapers.hackernews_scraper - INFO - 故事 Ask HN: What do you look for i... 转换完成，包含 35 条评论
2026-03-23 16:17:09,688 - scrapers.hackernews_scraper - INFO - 转换第 11/15 个故事: Ask HN: Why isn't the NSA cate...
2026-03-23 16:17:12,641 - scrapers.hackernews_scraper - INFO - 找到 9 条评论
2026-03-23 16:17:12,647 - scrapers.hackernews_scraper - INFO - 故事 Ask HN: Why isn't the NSA cate... 转换完成，包含 9 条评论
2026-03-23 16:17:12,647 - scrapers.hackernews_scraper - INFO - 转换第 12/15 个故事: Ask HN: Is vibe coding a new m...
2026-03-23 16:17:14,302 - scrapers.hackernews_scraper - INFO - 找到 75 条评论
2026-03-23 16:17:14,436 - scrapers.hackernews_scraper - INFO - 故事 Ask HN: Is vibe coding a new m... 转换完成，包含 75 条评论
2026-03-23 16:17:14,436 - scrapers.hackernews_scraper - INFO - 转换第 13/15 个故事: Ask HN: How do you deal with p...
2026-03-23 16:17:16,297 - scrapers.hackernews_scraper - INFO - 找到 203 条评论
2026-03-23 16:17:17,072 - scrapers.hackernews_scraper - INFO - 故事 Ask HN: How do you deal with p... 转换完成，包含 100 条评论
2026-03-23 16:17:17,072 - scrapers.hackernews_scraper - INFO - 转换第 14/15 个故事: Ask HN: Have you cancelled any...
2026-03-23 16:17:19,736 - scrapers.hackernews_scraper - INFO - 找到 14 条评论
2026-03-23 16:17:19,747 - scrapers.hackernews_scraper - INFO - 故事 Ask HN: Have you cancelled any... 转换完成，包含 14 条评论
2026-03-23 16:17:19,747 - scrapers.hackernews_scraper - INFO - 转换第 15/15 个故事: Ask HN: Is operational memory ...
2026-03-23 16:17:21,848 - scrapers.hackernews_scraper - INFO - 找到 0 条评论
2026-03-23 16:17:21,848 - scrapers.hackernews_scraper - INFO - 故事 Ask HN: Is operational memory ... 转换完成，包含 0 条评论
2026-03-23 16:17:21,848 - scrapers.hackernews_scraper - INFO - 共转换 15 个故事为统一格式
2026-03-23 16:17:21,848 - scrapers.hackernews_scraper - INFO - 爬取完成，共获取 15 个Ask HN故事
2026-03-23 16:17:22,223 - utils.storage_utils - INFO - 已更新源索引: hackernews
2026-03-23 16:17:22,226 - utils.storage_utils - INFO - 数据已保存到 data/hackernews/week_2026-03-23.json
2026-03-23 16:17:22,226 - scrapers.base_scraper - INFO - 数据已保存到 data/hackernews/week_2026-03-23.json
2026-03-23 16:17:22,226 - scrapers.base_scraper - INFO - 成功爬取 Hacker News 的数据
2026-03-23 16:17:22,227 - __main__ - INFO - 完成: 1/3 个爬虫成功运行
2026-03-23 16:17:22,479 - __main__ - INFO - 归档所有源的旧数据
2026-03-23 16:17:22,479 - __main__ - INFO - 源 jandan 归档 无需归档
2026-03-23 16:17:22,479 - __main__ - INFO - 源 reddit 归档 无需归档
2026-03-23 16:17:22,480 - utils.storage_utils - INFO - 已将 week_2025-12-29.json 归档
2026-03-23 16:17:22,480 - __main__ - INFO - 源 hackernews 归档 成功
