2026-02-04 16:12:45,411 - __main__ - INFO - 运行所有爬虫
2026-02-04 16:12:45,411 - scrapers.jandan_scraper - INFO - JandanScraper初始化完成
2026-02-04 16:12:45,411 - scrapers.base_scraper - INFO - 开始爬取 煎蛋网
2026-02-04 16:12:45,411 - scrapers.jandan_scraper - INFO - 开始爬取煎蛋热评
2026-02-04 16:12:49,480 - scrapers.jandan_scraper - INFO - 成功获取HTML内容，长度: 25798
2026-02-04 16:12:49,480 - scrapers.jandan_scraper - INFO - 调试: 手动获取评论 5877984 的吐槽数据
2026-02-04 16:12:49,480 - scrapers.jandan_scraper - INFO - 获取评论 5877984 的吐槽内容: https://jandan.net/api/tucao/list/5877984
2026-02-04 16:12:51,884 - scrapers.jandan_scraper - INFO - 评论 5877984 获取到 1 条热门吐槽, 3 条普通吐槽
2026-02-04 16:12:51,884 - scrapers.jandan_scraper - INFO - 调试: 评论 5877984 获取到 1 条热门吐槽, 3 条普通吐槽
2026-02-04 16:12:51,884 - scrapers.jandan_scraper - INFO - 开始解析页面中的评论
2026-02-04 16:12:51,884 - scrapers.jandan_scraper - INFO - 开始解析HTML内容, 长度: 25798
2026-02-04 16:12:51,893 - scrapers.jandan_scraper - INFO - 找到 0 条热门评论
2026-02-04 16:12:51,893 - scrapers.jandan_scraper - INFO - 解析完成，获取到 0 条评论
2026-02-04 16:12:51,893 - scrapers.jandan_scraper - INFO - 开始转换评论为统一格式
2026-02-04 16:12:51,893 - scrapers.jandan_scraper - INFO - 开始转换 0 条评论到统一格式
2026-02-04 16:12:51,893 - scrapers.jandan_scraper - INFO - 共转换 0 条评论为统一格式
2026-02-04 16:12:51,893 - scrapers.jandan_scraper - INFO - 爬取完成，共获取 0 条热评
2026-02-04 16:12:51,893 - scrapers.base_scraper - ERROR - 爬取 煎蛋网 失败
2026-02-04 16:12:51,893 - scrapers.reddit_scraper - INFO - RedditScraper初始化完成
2026-02-04 16:12:51,894 - scrapers.base_scraper - INFO - 开始爬取 Reddit
2026-02-04 16:12:51,895 - scrapers.reddit_scraper - INFO - 开始爬取Reddit r/confessions每周热门帖子
2026-02-04 16:12:53,382 - utils.http_utils - ERROR - 请求失败: https://www.reddit.com/r/confessions/top/.json?t=week&limit=10, 错误: 403 Client Error: Blocked for url: https://www.reddit.com/r/confessions/top/.json?t=week&limit=10
2026-02-04 16:12:53,383 - scrapers.reddit_scraper - ERROR - 获取API数据失败: 403 Client Error: Blocked for url: https://www.reddit.com/r/confessions/top/.json?t=week&limit=10
2026-02-04 16:12:53,383 - scrapers.base_scraper - ERROR - 爬取 Reddit 失败
2026-02-04 16:12:53,384 - scrapers.hackernews_scraper - INFO - HackerNewsScraper初始化完成
2026-02-04 16:12:53,384 - scrapers.base_scraper - INFO - 开始爬取 Hacker News
2026-02-04 16:12:53,384 - scrapers.hackernews_scraper - INFO - 开始爬取Hacker News Ask HN帖子
2026-02-04 16:12:53,384 - scrapers.hackernews_scraper - INFO - 获取Ask HN页面: https://news.ycombinator.com/ask
2026-02-04 16:12:55,664 - scrapers.hackernews_scraper - INFO - 找到 30 个帖子行
2026-02-04 16:12:55,665 - scrapers.hackernews_scraper - INFO - 成功解析故事: Ask HN: Who wants to be hired?..., 作者=whoishiring, 点赞=134, 评论=0
2026-02-04 16:12:55,666 - scrapers.hackernews_scraper - INFO - 成功解析故事: Ask HN: Who is hiring? (Februa..., 作者=whoishiring, 点赞=302, 评论=0
2026-02-04 16:12:55,667 - scrapers.hackernews_scraper - INFO - 成功解析故事: Ask HN: Is there anyone here w..., 作者=blenderob, 点赞=116, 评论=0
2026-02-04 16:12:55,667 - scrapers.hackernews_scraper - INFO - 成功解析故事: Ask HN: Do you still use physi..., 作者=speedylight, 点赞=56, 评论=0
2026-02-04 16:12:55,668 - scrapers.hackernews_scraper - INFO - 成功解析故事: Ask HN: Tech Debt War Stories..., 作者=erubini_fg, 点赞=6, 评论=0
2026-02-04 16:12:55,669 - scrapers.hackernews_scraper - INFO - 成功解析故事: Ask HN: Cheap laptop for Linux..., 作者=locusofself, 点赞=10, 评论=0
2026-02-04 16:12:55,669 - scrapers.hackernews_scraper - INFO - 成功解析故事: Ask HN: Does a good "read it l..., 作者=buchanae, 点赞=4, 评论=0
2026-02-04 16:12:55,670 - scrapers.hackernews_scraper - INFO - 成功解析故事: Ask HN: Do you also "hoard" no..., 作者=item007, 点赞=233, 评论=0
2026-02-04 16:12:55,671 - scrapers.hackernews_scraper - INFO - 成功解析故事: Ask HN: Anyone have a "soverei..., 作者=kldg, 点赞=9, 评论=0
2026-02-04 16:12:55,671 - scrapers.hackernews_scraper - INFO - 成功解析故事: Ask HN: OpenClaw users, what i..., 作者=8cvor6j844qw_d6, 点赞=14, 评论=0
2026-02-04 16:12:55,672 - scrapers.hackernews_scraper - INFO - 成功解析故事: Ask HN: Have you been fired be..., 作者=s-stude, 点赞=15, 评论=0
2026-02-04 16:12:55,673 - scrapers.hackernews_scraper - INFO - 成功解析故事: Ask HN: What weird or scrappy ..., 作者=preston-kwei, 点赞=13, 评论=0
2026-02-04 16:12:55,674 - scrapers.hackernews_scraper - INFO - 成功解析故事: Ask HN: Has anybody moved thei..., 作者=madsohm, 点赞=21, 评论=0
2026-02-04 16:12:55,674 - scrapers.hackernews_scraper - INFO - 成功解析故事: Ask HN: What are you working o..., 作者=iryndin, 点赞=5, 评论=0
2026-02-04 16:12:55,675 - scrapers.hackernews_scraper - INFO - 成功解析故事: Ask HN: Are you still using sp..., 作者=cherry_tree, 点赞=6, 评论=0
2026-02-04 16:12:55,675 - scrapers.hackernews_scraper - INFO - 成功解析 15 个Ask HN故事
2026-02-04 16:12:55,675 - scrapers.hackernews_scraper - INFO - 开始转换 15 个故事到统一格式
2026-02-04 16:12:55,675 - scrapers.hackernews_scraper - INFO - 转换第 1/15 个故事: Ask HN: Who wants to be hired?...
2026-02-04 16:12:59,089 - scrapers.hackernews_scraper - INFO - 找到 417 条评论
2026-02-04 16:13:02,778 - scrapers.hackernews_scraper - INFO - 故事 Ask HN: Who wants to be hired?... 转换完成，包含 100 条评论
2026-02-04 16:13:02,778 - scrapers.hackernews_scraper - INFO - 转换第 2/15 个故事: Ask HN: Who is hiring? (Februa...
2026-02-04 16:13:06,317 - scrapers.hackernews_scraper - INFO - 找到 436 条评论
2026-02-04 16:13:10,101 - scrapers.hackernews_scraper - INFO - 故事 Ask HN: Who is hiring? (Februa... 转换完成，包含 100 条评论
2026-02-04 16:13:10,101 - scrapers.hackernews_scraper - INFO - 转换第 3/15 个故事: Ask HN: Is there anyone here w...
2026-02-04 16:13:13,062 - scrapers.hackernews_scraper - INFO - 找到 113 条评论
2026-02-04 16:13:13,305 - scrapers.hackernews_scraper - INFO - 故事 Ask HN: Is there anyone here w... 转换完成，包含 100 条评论
2026-02-04 16:13:13,305 - scrapers.hackernews_scraper - INFO - 转换第 4/15 个故事: Ask HN: Do you still use physi...
2026-02-04 16:13:15,369 - scrapers.hackernews_scraper - INFO - 找到 119 条评论
2026-02-04 16:13:15,630 - scrapers.hackernews_scraper - INFO - 故事 Ask HN: Do you still use physi... 转换完成，包含 100 条评论
2026-02-04 16:13:15,630 - scrapers.hackernews_scraper - INFO - 转换第 5/15 个故事: Ask HN: Tech Debt War Stories...
2026-02-04 16:13:17,161 - scrapers.hackernews_scraper - INFO - 找到 8 条评论
2026-02-04 16:13:17,166 - scrapers.hackernews_scraper - INFO - 故事 Ask HN: Tech Debt War Stories... 转换完成，包含 8 条评论
2026-02-04 16:13:17,166 - scrapers.hackernews_scraper - INFO - 转换第 6/15 个故事: Ask HN: Cheap laptop for Linux...
2026-02-04 16:13:20,243 - scrapers.hackernews_scraper - INFO - 找到 10 条评论
2026-02-04 16:13:20,249 - scrapers.hackernews_scraper - INFO - 故事 Ask HN: Cheap laptop for Linux... 转换完成，包含 10 条评论
2026-02-04 16:13:20,249 - scrapers.hackernews_scraper - INFO - 转换第 7/15 个故事: Ask HN: Does a good "read it l...
2026-02-04 16:13:21,399 - scrapers.hackernews_scraper - INFO - 找到 15 条评论
2026-02-04 16:13:21,410 - scrapers.hackernews_scraper - INFO - 故事 Ask HN: Does a good "read it l... 转换完成，包含 15 条评论
2026-02-04 16:13:21,410 - scrapers.hackernews_scraper - INFO - 转换第 8/15 个故事: Ask HN: Do you also "hoard" no...
2026-02-04 16:13:23,570 - scrapers.hackernews_scraper - INFO - 找到 215 条评论
2026-02-04 16:13:24,384 - scrapers.hackernews_scraper - INFO - 故事 Ask HN: Do you also "hoard" no... 转换完成，包含 100 条评论
2026-02-04 16:13:24,384 - scrapers.hackernews_scraper - INFO - 转换第 9/15 个故事: Ask HN: Anyone have a "soverei...
2026-02-04 16:13:25,865 - scrapers.hackernews_scraper - INFO - 找到 0 条评论
2026-02-04 16:13:25,865 - scrapers.hackernews_scraper - INFO - 故事 Ask HN: Anyone have a "soverei... 转换完成，包含 0 条评论
2026-02-04 16:13:25,865 - scrapers.hackernews_scraper - INFO - 转换第 10/15 个故事: Ask HN: OpenClaw users, what i...
2026-02-04 16:13:28,372 - scrapers.hackernews_scraper - INFO - 找到 6 条评论
2026-02-04 16:13:28,376 - scrapers.hackernews_scraper - INFO - 故事 Ask HN: OpenClaw users, what i... 转换完成，包含 6 条评论
2026-02-04 16:13:28,376 - scrapers.hackernews_scraper - INFO - 转换第 11/15 个故事: Ask HN: Have you been fired be...
2026-02-04 16:13:30,090 - scrapers.hackernews_scraper - INFO - 找到 14 条评论
2026-02-04 16:13:30,100 - scrapers.hackernews_scraper - INFO - 故事 Ask HN: Have you been fired be... 转换完成，包含 14 条评论
2026-02-04 16:13:30,100 - scrapers.hackernews_scraper - INFO - 转换第 12/15 个故事: Ask HN: What weird or scrappy ...
2026-02-04 16:13:31,447 - scrapers.hackernews_scraper - INFO - 找到 8 条评论
2026-02-04 16:13:31,452 - scrapers.hackernews_scraper - INFO - 故事 Ask HN: What weird or scrappy ... 转换完成，包含 8 条评论
2026-02-04 16:13:31,452 - scrapers.hackernews_scraper - INFO - 转换第 13/15 个故事: Ask HN: Has anybody moved thei...
2026-02-04 16:13:32,947 - scrapers.hackernews_scraper - INFO - 找到 15 条评论
2026-02-04 16:13:32,958 - scrapers.hackernews_scraper - INFO - 故事 Ask HN: Has anybody moved thei... 转换完成，包含 15 条评论
2026-02-04 16:13:32,958 - scrapers.hackernews_scraper - INFO - 转换第 14/15 个故事: Ask HN: What are you working o...
2026-02-04 16:13:34,902 - scrapers.hackernews_scraper - INFO - 找到 14 条评论
2026-02-04 16:13:34,912 - scrapers.hackernews_scraper - INFO - 故事 Ask HN: What are you working o... 转换完成，包含 14 条评论
2026-02-04 16:13:34,912 - scrapers.hackernews_scraper - INFO - 转换第 15/15 个故事: Ask HN: Are you still using sp...
2026-02-04 16:13:36,633 - scrapers.hackernews_scraper - INFO - 找到 4 条评论
2026-02-04 16:13:36,636 - scrapers.hackernews_scraper - INFO - 故事 Ask HN: Are you still using sp... 转换完成，包含 4 条评论
2026-02-04 16:13:36,636 - scrapers.hackernews_scraper - INFO - 共转换 15 个故事为统一格式
2026-02-04 16:13:36,636 - scrapers.hackernews_scraper - INFO - 爬取完成，共获取 15 个Ask HN故事
2026-02-04 16:13:37,145 - utils.storage_utils - INFO - 已更新源索引: hackernews
2026-02-04 16:13:37,146 - utils.storage_utils - INFO - 数据已保存到 data/hackernews/week_2026-02-02.json
2026-02-04 16:13:37,147 - scrapers.base_scraper - INFO - 数据已保存到 data/hackernews/week_2026-02-02.json
2026-02-04 16:13:37,147 - scrapers.base_scraper - INFO - 成功爬取 Hacker News 的数据
2026-02-04 16:13:37,148 - __main__ - INFO - 完成: 1/3 个爬虫成功运行
2026-02-04 16:13:37,369 - __main__ - INFO - 归档所有源的旧数据
2026-02-04 16:13:37,369 - __main__ - INFO - 源 jandan 归档 无需归档
2026-02-04 16:13:37,369 - __main__ - INFO - 源 reddit 归档 无需归档
2026-02-04 16:13:37,369 - __main__ - INFO - 源 hackernews 归档 无需归档
