2025-06-08 16:01:52,605 - __main__ - INFO - 运行所有爬虫
2025-06-08 16:01:52,606 - scrapers.jandan_scraper - INFO - JandanScraper初始化完成
2025-06-08 16:01:52,606 - scrapers.base_scraper - INFO - 开始爬取 煎蛋网
2025-06-08 16:01:52,606 - scrapers.jandan_scraper - INFO - 开始爬取煎蛋热评
2025-06-08 16:01:56,779 - scrapers.jandan_scraper - INFO - 成功获取HTML内容，长度: 26153
2025-06-08 16:01:56,780 - scrapers.jandan_scraper - INFO - 调试: 手动获取评论 5877984 的吐槽数据
2025-06-08 16:01:56,780 - scrapers.jandan_scraper - INFO - 获取评论 5877984 的吐槽内容: https://jandan.net/api/tucao/list/5877984
2025-06-08 16:01:58,683 - scrapers.jandan_scraper - INFO - 评论 5877984 获取到 1 条热门吐槽, 3 条普通吐槽
2025-06-08 16:01:58,683 - scrapers.jandan_scraper - INFO - 调试: 评论 5877984 获取到 1 条热门吐槽, 3 条普通吐槽
2025-06-08 16:01:58,684 - scrapers.jandan_scraper - INFO - 开始解析页面中的评论
2025-06-08 16:01:58,684 - scrapers.jandan_scraper - INFO - 开始解析HTML内容, 长度: 26153
2025-06-08 16:01:58,693 - scrapers.jandan_scraper - INFO - 找到 0 条热门评论
2025-06-08 16:01:58,693 - scrapers.jandan_scraper - INFO - 解析完成，获取到 0 条评论
2025-06-08 16:01:58,693 - scrapers.jandan_scraper - INFO - 开始转换评论为统一格式
2025-06-08 16:01:58,693 - scrapers.jandan_scraper - INFO - 开始转换 0 条评论到统一格式
2025-06-08 16:01:58,693 - scrapers.jandan_scraper - INFO - 共转换 0 条评论为统一格式
2025-06-08 16:01:58,693 - scrapers.jandan_scraper - INFO - 爬取完成，共获取 0 条热评
2025-06-08 16:01:58,693 - scrapers.base_scraper - ERROR - 爬取 煎蛋网 失败
2025-06-08 16:01:58,693 - scrapers.reddit_scraper - INFO - RedditScraper初始化完成
2025-06-08 16:01:58,694 - scrapers.base_scraper - INFO - 开始爬取 Reddit
2025-06-08 16:01:58,694 - scrapers.reddit_scraper - INFO - 开始爬取Reddit r/confessions每周热门帖子
2025-06-08 16:02:00,993 - utils.http_utils - ERROR - 请求失败: https://www.reddit.com/r/confessions/top/.json?t=week&limit=10, 错误: 403 Client Error: Blocked for url: https://www.reddit.com/r/confessions/top/.json?t=week&limit=10
2025-06-08 16:02:00,993 - scrapers.reddit_scraper - ERROR - 获取API数据失败: 403 Client Error: Blocked for url: https://www.reddit.com/r/confessions/top/.json?t=week&limit=10
2025-06-08 16:02:00,993 - scrapers.base_scraper - ERROR - 爬取 Reddit 失败
2025-06-08 16:02:00,993 - scrapers.hackernews_scraper - INFO - HackerNewsScraper初始化完成
2025-06-08 16:02:00,993 - scrapers.base_scraper - INFO - 开始爬取 Hacker News
2025-06-08 16:02:00,994 - scrapers.hackernews_scraper - INFO - 开始爬取Hacker News Ask HN帖子
2025-06-08 16:02:00,994 - scrapers.hackernews_scraper - INFO - 获取Ask HN页面: https://news.ycombinator.com/ask
2025-06-08 16:02:04,297 - scrapers.hackernews_scraper - INFO - 找到 30 个帖子行
2025-06-08 16:02:04,299 - scrapers.hackernews_scraper - INFO - 成功解析故事: Ask HN: How to learn CUDA to p..., 作者=upmind, 点赞=101, 评论=0
2025-06-08 16:02:04,300 - scrapers.hackernews_scraper - INFO - 成功解析故事: Ask HN: Share real complaints ..., 作者=yogoism, 点赞=3, 评论=0
2025-06-08 16:02:04,300 - scrapers.hackernews_scraper - INFO - 成功解析故事: Ask HN: What is something you ..., 作者=blahaj, 点赞=15, 评论=0
2025-06-08 16:02:04,301 - scrapers.hackernews_scraper - INFO - 成功解析故事: Ask HN: Startup getting spamme..., 作者=june3739, 点赞=285, 评论=0
2025-06-08 16:02:04,301 - scrapers.hackernews_scraper - INFO - 成功解析故事: Ask HN: What's your open sourc..., 作者=3D39739091, 点赞=22, 评论=0
2025-06-08 16:02:04,302 - scrapers.hackernews_scraper - INFO - 成功解析故事: Ask HN: Any good tools for vie..., 作者=tlhunter, 点赞=105, 评论=0
2025-06-08 16:02:04,303 - scrapers.hackernews_scraper - INFO - 成功解析故事: Ask HN: Best practices for bui..., 作者=sukit, 点赞=3, 评论=0
2025-06-08 16:02:04,303 - scrapers.hackernews_scraper - INFO - 成功解析故事: Ask HN: Has anybody built sear..., 作者=neonate, 点赞=288, 评论=0
2025-06-08 16:02:04,304 - scrapers.hackernews_scraper - INFO - 成功解析故事: Ask HN: Resources to Learn AI/..., 作者=anonymzz, 点赞=3, 评论=0
2025-06-08 16:02:04,305 - scrapers.hackernews_scraper - INFO - 成功解析故事: Ask HN: Who is hiring? (June 2..., 作者=whoishiring, 点赞=368, 评论=0
2025-06-08 16:02:04,305 - scrapers.hackernews_scraper - INFO - 成功解析故事: Ask HN: How do I learn robotic..., 作者=srijansriv, 点赞=403, 评论=0
2025-06-08 16:02:04,306 - scrapers.hackernews_scraper - INFO - 成功解析故事: Ask HN: Anyone making a living..., 作者=meander_water, 点赞=252, 评论=0
2025-06-08 16:02:04,306 - scrapers.hackernews_scraper - INFO - 成功解析故事: Ask HN: What would you work on..., 作者=rblion, 点赞=13, 评论=0
2025-06-08 16:02:04,307 - scrapers.hackernews_scraper - INFO - 成功解析故事: Ask HN: How do I learn practic..., 作者=juanse, 点赞=184, 评论=0
2025-06-08 16:02:04,308 - scrapers.hackernews_scraper - INFO - 成功解析故事: Ask HN: Does anyone know of a ..., 作者=THENATHE, 点赞=40, 评论=0
2025-06-08 16:02:04,308 - scrapers.hackernews_scraper - INFO - 成功解析 15 个Ask HN故事
2025-06-08 16:02:04,308 - scrapers.hackernews_scraper - INFO - 开始转换 15 个故事到统一格式
2025-06-08 16:02:04,308 - scrapers.hackernews_scraper - INFO - 转换第 1/15 个故事: Ask HN: How to learn CUDA to p...
2025-06-08 16:02:06,869 - scrapers.hackernews_scraper - INFO - 找到 40 条评论
2025-06-08 16:02:06,919 - scrapers.hackernews_scraper - INFO - 故事 Ask HN: How to learn CUDA to p... 转换完成，包含 40 条评论
2025-06-08 16:02:06,919 - scrapers.hackernews_scraper - INFO - 转换第 2/15 个故事: Ask HN: Share real complaints ...
2025-06-08 16:02:09,690 - scrapers.hackernews_scraper - INFO - 找到 0 条评论
2025-06-08 16:02:09,690 - scrapers.hackernews_scraper - INFO - 故事 Ask HN: Share real complaints ... 转换完成，包含 0 条评论
2025-06-08 16:02:09,690 - scrapers.hackernews_scraper - INFO - 转换第 3/15 个故事: Ask HN: What is something you ...
2025-06-08 16:02:11,754 - scrapers.hackernews_scraper - INFO - 找到 32 条评论
2025-06-08 16:02:11,789 - scrapers.hackernews_scraper - INFO - 故事 Ask HN: What is something you ... 转换完成，包含 32 条评论
2025-06-08 16:02:11,789 - scrapers.hackernews_scraper - INFO - 转换第 4/15 个故事: Ask HN: Startup getting spamme...
2025-06-08 16:02:14,927 - scrapers.hackernews_scraper - INFO - 找到 183 条评论
2025-06-08 16:02:15,620 - scrapers.hackernews_scraper - INFO - 故事 Ask HN: Startup getting spamme... 转换完成，包含 100 条评论
2025-06-08 16:02:15,620 - scrapers.hackernews_scraper - INFO - 转换第 5/15 个故事: Ask HN: What's your open sourc...
2025-06-08 16:02:18,213 - scrapers.hackernews_scraper - INFO - 找到 11 条评论
2025-06-08 16:02:18,221 - scrapers.hackernews_scraper - INFO - 故事 Ask HN: What's your open sourc... 转换完成，包含 11 条评论
2025-06-08 16:02:18,221 - scrapers.hackernews_scraper - INFO - 转换第 6/15 个故事: Ask HN: Any good tools for vie...
2025-06-08 16:02:19,853 - scrapers.hackernews_scraper - INFO - 找到 39 条评论
2025-06-08 16:02:19,900 - scrapers.hackernews_scraper - INFO - 故事 Ask HN: Any good tools for vie... 转换完成，包含 39 条评论
2025-06-08 16:02:19,900 - scrapers.hackernews_scraper - INFO - 转换第 7/15 个故事: Ask HN: Best practices for bui...
2025-06-08 16:02:20,969 - scrapers.hackernews_scraper - INFO - 找到 2 条评论
2025-06-08 16:02:20,970 - scrapers.hackernews_scraper - INFO - 故事 Ask HN: Best practices for bui... 转换完成，包含 2 条评论
2025-06-08 16:02:20,970 - scrapers.hackernews_scraper - INFO - 转换第 8/15 个故事: Ask HN: Has anybody built sear...
2025-06-08 16:02:23,178 - scrapers.hackernews_scraper - INFO - 找到 146 条评论
2025-06-08 16:02:23,651 - scrapers.hackernews_scraper - INFO - 故事 Ask HN: Has anybody built sear... 转换完成，包含 100 条评论
2025-06-08 16:02:23,651 - scrapers.hackernews_scraper - INFO - 转换第 9/15 个故事: Ask HN: Resources to Learn AI/...
2025-06-08 16:02:24,798 - scrapers.hackernews_scraper - INFO - 找到 3 条评论
2025-06-08 16:02:24,800 - scrapers.hackernews_scraper - INFO - 故事 Ask HN: Resources to Learn AI/... 转换完成，包含 3 条评论
2025-06-08 16:02:24,800 - scrapers.hackernews_scraper - INFO - 转换第 10/15 个故事: Ask HN: Who is hiring? (June 2...
2025-06-08 16:02:28,060 - scrapers.hackernews_scraper - INFO - 找到 475 条评论
2025-06-08 16:02:32,832 - scrapers.hackernews_scraper - INFO - 故事 Ask HN: Who is hiring? (June 2... 转换完成，包含 100 条评论
2025-06-08 16:02:32,832 - scrapers.hackernews_scraper - INFO - 转换第 11/15 个故事: Ask HN: How do I learn robotic...
2025-06-08 16:02:35,261 - scrapers.hackernews_scraper - INFO - 找到 100 条评论
2025-06-08 16:02:35,488 - scrapers.hackernews_scraper - INFO - 故事 Ask HN: How do I learn robotic... 转换完成，包含 100 条评论
2025-06-08 16:02:35,488 - scrapers.hackernews_scraper - INFO - 转换第 12/15 个故事: Ask HN: Anyone making a living...
2025-06-08 16:02:37,250 - scrapers.hackernews_scraper - INFO - 找到 173 条评论
2025-06-08 16:02:37,869 - scrapers.hackernews_scraper - INFO - 故事 Ask HN: Anyone making a living... 转换完成，包含 100 条评论
2025-06-08 16:02:37,869 - scrapers.hackernews_scraper - INFO - 转换第 13/15 个故事: Ask HN: What would you work on...
2025-06-08 16:02:40,046 - scrapers.hackernews_scraper - INFO - 找到 19 条评论
2025-06-08 16:02:40,061 - scrapers.hackernews_scraper - INFO - 故事 Ask HN: What would you work on... 转换完成，包含 19 条评论
2025-06-08 16:02:40,062 - scrapers.hackernews_scraper - INFO - 转换第 14/15 个故事: Ask HN: How do I learn practic...
2025-06-08 16:02:42,386 - scrapers.hackernews_scraper - INFO - 找到 112 条评论
2025-06-08 16:02:42,673 - scrapers.hackernews_scraper - INFO - 故事 Ask HN: How do I learn practic... 转换完成，包含 100 条评论
2025-06-08 16:02:42,673 - scrapers.hackernews_scraper - INFO - 转换第 15/15 个故事: Ask HN: Does anyone know of a ...
2025-06-08 16:02:44,904 - scrapers.hackernews_scraper - INFO - 找到 60 条评论
2025-06-08 16:02:44,998 - scrapers.hackernews_scraper - INFO - 故事 Ask HN: Does anyone know of a ... 转换完成，包含 60 条评论
2025-06-08 16:02:44,998 - scrapers.hackernews_scraper - INFO - 共转换 15 个故事为统一格式
2025-06-08 16:02:44,998 - scrapers.hackernews_scraper - INFO - 爬取完成，共获取 15 个Ask HN故事
2025-06-08 16:02:45,799 - utils.storage_utils - INFO - 已更新源索引: hackernews
2025-06-08 16:02:45,801 - utils.storage_utils - INFO - 数据已保存到 data/hackernews/week_2025-06-02.json
2025-06-08 16:02:45,805 - scrapers.base_scraper - INFO - 数据已保存到 data/hackernews/week_2025-06-02.json
2025-06-08 16:02:45,805 - scrapers.base_scraper - INFO - 成功爬取 Hacker News 的数据
2025-06-08 16:02:45,805 - __main__ - INFO - 完成: 1/3 个爬虫成功运行
2025-06-08 16:02:46,058 - __main__ - INFO - 归档所有源的旧数据
2025-06-08 16:02:46,058 - __main__ - INFO - 源 jandan 归档 无需归档
2025-06-08 16:02:46,058 - __main__ - INFO - 源 reddit 归档 无需归档
2025-06-08 16:02:46,059 - __main__ - INFO - 源 hackernews 归档 无需归档
