2025-06-11 16:01:53,646 - __main__ - INFO - 运行所有爬虫
2025-06-11 16:01:53,646 - scrapers.jandan_scraper - INFO - JandanScraper初始化完成
2025-06-11 16:01:53,646 - scrapers.base_scraper - INFO - 开始爬取 煎蛋网
2025-06-11 16:01:53,647 - scrapers.jandan_scraper - INFO - 开始爬取煎蛋热评
2025-06-11 16:01:57,573 - scrapers.jandan_scraper - INFO - 成功获取HTML内容，长度: 26153
2025-06-11 16:01:57,573 - scrapers.jandan_scraper - INFO - 调试: 手动获取评论 5877984 的吐槽数据
2025-06-11 16:01:57,573 - scrapers.jandan_scraper - INFO - 获取评论 5877984 的吐槽内容: https://jandan.net/api/tucao/list/5877984
2025-06-11 16:02:01,330 - scrapers.jandan_scraper - INFO - 评论 5877984 获取到 1 条热门吐槽, 3 条普通吐槽
2025-06-11 16:02:01,330 - scrapers.jandan_scraper - INFO - 调试: 评论 5877984 获取到 1 条热门吐槽, 3 条普通吐槽
2025-06-11 16:02:01,330 - scrapers.jandan_scraper - INFO - 开始解析页面中的评论
2025-06-11 16:02:01,330 - scrapers.jandan_scraper - INFO - 开始解析HTML内容, 长度: 26153
2025-06-11 16:02:01,340 - scrapers.jandan_scraper - INFO - 找到 0 条热门评论
2025-06-11 16:02:01,340 - scrapers.jandan_scraper - INFO - 解析完成，获取到 0 条评论
2025-06-11 16:02:01,340 - scrapers.jandan_scraper - INFO - 开始转换评论为统一格式
2025-06-11 16:02:01,340 - scrapers.jandan_scraper - INFO - 开始转换 0 条评论到统一格式
2025-06-11 16:02:01,340 - scrapers.jandan_scraper - INFO - 共转换 0 条评论为统一格式
2025-06-11 16:02:01,340 - scrapers.jandan_scraper - INFO - 爬取完成，共获取 0 条热评
2025-06-11 16:02:01,340 - scrapers.base_scraper - ERROR - 爬取 煎蛋网 失败
2025-06-11 16:02:01,340 - scrapers.reddit_scraper - INFO - RedditScraper初始化完成
2025-06-11 16:02:01,340 - scrapers.base_scraper - INFO - 开始爬取 Reddit
2025-06-11 16:02:01,341 - scrapers.reddit_scraper - INFO - 开始爬取Reddit r/confessions每周热门帖子
2025-06-11 16:02:03,876 - utils.http_utils - ERROR - 请求失败: https://www.reddit.com/r/confessions/top/.json?t=week&limit=10, 错误: 403 Client Error: Blocked for url: https://www.reddit.com/r/confessions/top/.json?t=week&limit=10
2025-06-11 16:02:03,876 - scrapers.reddit_scraper - ERROR - 获取API数据失败: 403 Client Error: Blocked for url: https://www.reddit.com/r/confessions/top/.json?t=week&limit=10
2025-06-11 16:02:03,876 - scrapers.base_scraper - ERROR - 爬取 Reddit 失败
2025-06-11 16:02:03,876 - scrapers.hackernews_scraper - INFO - HackerNewsScraper初始化完成
2025-06-11 16:02:03,876 - scrapers.base_scraper - INFO - 开始爬取 Hacker News
2025-06-11 16:02:03,876 - scrapers.hackernews_scraper - INFO - 开始爬取Hacker News Ask HN帖子
2025-06-11 16:02:03,877 - scrapers.hackernews_scraper - INFO - 获取Ask HN页面: https://news.ycombinator.com/ask
2025-06-11 16:02:06,878 - scrapers.hackernews_scraper - INFO - 找到 30 个帖子行
2025-06-11 16:02:06,879 - scrapers.hackernews_scraper - INFO - 成功解析故事: Ask HN: What cool skill or pro..., 作者=akktor, 点赞=74, 评论=0
2025-06-11 16:02:06,880 - scrapers.hackernews_scraper - INFO - 成功解析故事: Ask HN: What is the latest on ..., 作者=hazrmard, 点赞=20, 评论=0
2025-06-11 16:02:06,880 - scrapers.hackernews_scraper - INFO - 成功解析故事: Ask HN: Dear Product Managers ..., 作者=tss93, 点赞=6, 评论=0
2025-06-11 16:02:06,881 - scrapers.hackernews_scraper - INFO - 成功解析故事: Ask HN: Does Apple's Liquid Gl..., 作者=divan, 点赞=3, 评论=0
2025-06-11 16:02:06,882 - scrapers.hackernews_scraper - INFO - 成功解析故事: Ask HN: How to learn CUDA to p..., 作者=upmind, 点赞=239, 评论=0
2025-06-11 16:02:06,882 - scrapers.hackernews_scraper - INFO - 成功解析故事: Ask HN: Any Way to Sidestep St..., 作者=SilentDonor, 点赞=4, 评论=0
2025-06-11 16:02:06,883 - scrapers.hackernews_scraper - INFO - 成功解析故事: Ask HN: Startup getting spamme..., 作者=june3739, 点赞=291, 评论=0
2025-06-11 16:02:06,883 - scrapers.hackernews_scraper - INFO - 成功解析故事: Ask HN: Would You Use a Declar..., 作者=Imazadi, 点赞=3, 评论=0
2025-06-11 16:02:06,884 - scrapers.hackernews_scraper - INFO - 成功解析故事: Ask HN: In 15 years, what will..., 作者=thomassmith65, 点赞=53, 评论=0
2025-06-11 16:02:06,884 - scrapers.hackernews_scraper - INFO - 成功解析故事: Ask HN: Has anybody built sear..., 作者=neonate, 点赞=291, 评论=0
2025-06-11 16:02:06,885 - scrapers.hackernews_scraper - INFO - 成功解析故事: Ask HN: Does Google train on G..., 作者=puttycat, 点赞=8, 评论=0
2025-06-11 16:02:06,885 - scrapers.hackernews_scraper - INFO - 成功解析故事: Ask HN: Any good tools for vie..., 作者=tlhunter, 点赞=110, 评论=0
2025-06-11 16:02:06,886 - scrapers.hackernews_scraper - INFO - 成功解析故事: Ask HN: What API or software a..., 作者=indigodaddy, 点赞=54, 评论=0
2025-06-11 16:02:06,887 - scrapers.hackernews_scraper - INFO - 成功解析故事: Ask HN: What's your open sourc..., 作者=3D39739091, 点赞=27, 评论=0
2025-06-11 16:02:06,887 - scrapers.hackernews_scraper - INFO - 成功解析故事: Ask HN: What Happened to the A..., 作者=pera, 点赞=16, 评论=0
2025-06-11 16:02:06,887 - scrapers.hackernews_scraper - INFO - 成功解析 15 个Ask HN故事
2025-06-11 16:02:06,887 - scrapers.hackernews_scraper - INFO - 开始转换 15 个故事到统一格式
2025-06-11 16:02:06,887 - scrapers.hackernews_scraper - INFO - 转换第 1/15 个故事: Ask HN: What cool skill or pro...
2025-06-11 16:02:09,619 - scrapers.hackernews_scraper - INFO - 找到 159 条评论
2025-06-11 16:02:10,135 - scrapers.hackernews_scraper - INFO - 故事 Ask HN: What cool skill or pro... 转换完成，包含 100 条评论
2025-06-11 16:02:10,135 - scrapers.hackernews_scraper - INFO - 转换第 2/15 个故事: Ask HN: What is the latest on ...
2025-06-11 16:02:12,770 - scrapers.hackernews_scraper - INFO - 找到 3 条评论
2025-06-11 16:02:12,772 - scrapers.hackernews_scraper - INFO - 故事 Ask HN: What is the latest on ... 转换完成，包含 3 条评论
2025-06-11 16:02:12,772 - scrapers.hackernews_scraper - INFO - 转换第 3/15 个故事: Ask HN: Dear Product Managers ...
2025-06-11 16:02:14,935 - scrapers.hackernews_scraper - INFO - 找到 1 条评论
2025-06-11 16:02:14,936 - scrapers.hackernews_scraper - INFO - 故事 Ask HN: Dear Product Managers ... 转换完成，包含 1 条评论
2025-06-11 16:02:14,936 - scrapers.hackernews_scraper - INFO - 转换第 4/15 个故事: Ask HN: Does Apple's Liquid Gl...
2025-06-11 16:02:17,176 - scrapers.hackernews_scraper - INFO - 找到 1 条评论
2025-06-11 16:02:17,177 - scrapers.hackernews_scraper - INFO - 故事 Ask HN: Does Apple's Liquid Gl... 转换完成，包含 1 条评论
2025-06-11 16:02:17,177 - scrapers.hackernews_scraper - INFO - 转换第 5/15 个故事: Ask HN: How to learn CUDA to p...
2025-06-11 16:02:20,536 - scrapers.hackernews_scraper - INFO - 找到 78 条评论
2025-06-11 16:02:20,685 - scrapers.hackernews_scraper - INFO - 故事 Ask HN: How to learn CUDA to p... 转换完成，包含 78 条评论
2025-06-11 16:02:20,685 - scrapers.hackernews_scraper - INFO - 转换第 6/15 个故事: Ask HN: Any Way to Sidestep St...
2025-06-11 16:02:22,866 - scrapers.hackernews_scraper - INFO - 找到 0 条评论
2025-06-11 16:02:22,866 - scrapers.hackernews_scraper - INFO - 故事 Ask HN: Any Way to Sidestep St... 转换完成，包含 0 条评论
2025-06-11 16:02:22,866 - scrapers.hackernews_scraper - INFO - 转换第 7/15 个故事: Ask HN: Startup getting spamme...
2025-06-11 16:02:25,387 - scrapers.hackernews_scraper - INFO - 找到 183 条评论
2025-06-11 16:02:26,079 - scrapers.hackernews_scraper - INFO - 故事 Ask HN: Startup getting spamme... 转换完成，包含 100 条评论
2025-06-11 16:02:26,079 - scrapers.hackernews_scraper - INFO - 转换第 8/15 个故事: Ask HN: Would You Use a Declar...
2025-06-11 16:02:28,127 - scrapers.hackernews_scraper - INFO - 找到 1 条评论
2025-06-11 16:02:28,127 - scrapers.hackernews_scraper - INFO - 故事 Ask HN: Would You Use a Declar... 转换完成，包含 1 条评论
2025-06-11 16:02:28,127 - scrapers.hackernews_scraper - INFO - 转换第 9/15 个故事: Ask HN: In 15 years, what will...
2025-06-11 16:02:30,443 - scrapers.hackernews_scraper - INFO - 找到 157 条评论
2025-06-11 16:02:30,970 - scrapers.hackernews_scraper - INFO - 故事 Ask HN: In 15 years, what will... 转换完成，包含 100 条评论
2025-06-11 16:02:30,970 - scrapers.hackernews_scraper - INFO - 转换第 10/15 个故事: Ask HN: Has anybody built sear...
2025-06-11 16:02:32,873 - scrapers.hackernews_scraper - INFO - 找到 146 条评论
2025-06-11 16:02:33,334 - scrapers.hackernews_scraper - INFO - 故事 Ask HN: Has anybody built sear... 转换完成，包含 100 条评论
2025-06-11 16:02:33,334 - scrapers.hackernews_scraper - INFO - 转换第 11/15 个故事: Ask HN: Does Google train on G...
2025-06-11 16:02:35,174 - scrapers.hackernews_scraper - INFO - 找到 6 条评论
2025-06-11 16:02:35,178 - scrapers.hackernews_scraper - INFO - 故事 Ask HN: Does Google train on G... 转换完成，包含 6 条评论
2025-06-11 16:02:35,178 - scrapers.hackernews_scraper - INFO - 转换第 12/15 个故事: Ask HN: Any good tools for vie...
2025-06-11 16:02:36,490 - scrapers.hackernews_scraper - INFO - 找到 40 条评论
2025-06-11 16:02:36,540 - scrapers.hackernews_scraper - INFO - 故事 Ask HN: Any good tools for vie... 转换完成，包含 40 条评论
2025-06-11 16:02:36,540 - scrapers.hackernews_scraper - INFO - 转换第 13/15 个故事: Ask HN: What API or software a...
2025-06-11 16:02:39,200 - scrapers.hackernews_scraper - INFO - 找到 63 条评论
2025-06-11 16:02:39,303 - scrapers.hackernews_scraper - INFO - 故事 Ask HN: What API or software a... 转换完成，包含 63 条评论
2025-06-11 16:02:39,303 - scrapers.hackernews_scraper - INFO - 转换第 14/15 个故事: Ask HN: What's your open sourc...
2025-06-11 16:02:40,963 - scrapers.hackernews_scraper - INFO - 找到 14 条评论
2025-06-11 16:02:40,974 - scrapers.hackernews_scraper - INFO - 故事 Ask HN: What's your open sourc... 转换完成，包含 14 条评论
2025-06-11 16:02:40,974 - scrapers.hackernews_scraper - INFO - 转换第 15/15 个故事: Ask HN: What Happened to the A...
2025-06-11 16:02:43,066 - scrapers.hackernews_scraper - INFO - 找到 31 条评论
2025-06-11 16:02:43,100 - scrapers.hackernews_scraper - INFO - 故事 Ask HN: What Happened to the A... 转换完成，包含 31 条评论
2025-06-11 16:02:43,100 - scrapers.hackernews_scraper - INFO - 共转换 15 个故事为统一格式
2025-06-11 16:02:43,101 - scrapers.hackernews_scraper - INFO - 爬取完成，共获取 15 个Ask HN故事
2025-06-11 16:02:43,619 - utils.storage_utils - INFO - 已更新源索引: hackernews
2025-06-11 16:02:43,621 - utils.storage_utils - INFO - 数据已保存到 data/hackernews/week_2025-06-09.json
2025-06-11 16:02:43,622 - scrapers.base_scraper - INFO - 数据已保存到 data/hackernews/week_2025-06-09.json
2025-06-11 16:02:43,622 - scrapers.base_scraper - INFO - 成功爬取 Hacker News 的数据
2025-06-11 16:02:43,623 - __main__ - INFO - 完成: 1/3 个爬虫成功运行
2025-06-11 16:02:43,861 - __main__ - INFO - 归档所有源的旧数据
2025-06-11 16:02:43,861 - __main__ - INFO - 源 jandan 归档 无需归档
2025-06-11 16:02:43,861 - __main__ - INFO - 源 reddit 归档 无需归档
2025-06-11 16:02:43,861 - __main__ - INFO - 源 hackernews 归档 无需归档
