2025-07-06 16:01:34,979 - __main__ - INFO - 运行所有爬虫
2025-07-06 16:01:34,979 - scrapers.jandan_scraper - INFO - JandanScraper初始化完成
2025-07-06 16:01:34,979 - scrapers.base_scraper - INFO - 开始爬取 煎蛋网
2025-07-06 16:01:34,979 - scrapers.jandan_scraper - INFO - 开始爬取煎蛋热评
2025-07-06 16:01:39,031 - scrapers.jandan_scraper - INFO - 成功获取HTML内容，长度: 26153
2025-07-06 16:01:39,031 - scrapers.jandan_scraper - INFO - 调试: 手动获取评论 5877984 的吐槽数据
2025-07-06 16:01:39,031 - scrapers.jandan_scraper - INFO - 获取评论 5877984 的吐槽内容: https://jandan.net/api/tucao/list/5877984
2025-07-06 16:01:40,601 - scrapers.jandan_scraper - INFO - 评论 5877984 获取到 1 条热门吐槽, 3 条普通吐槽
2025-07-06 16:01:40,601 - scrapers.jandan_scraper - INFO - 调试: 评论 5877984 获取到 1 条热门吐槽, 3 条普通吐槽
2025-07-06 16:01:40,602 - scrapers.jandan_scraper - INFO - 开始解析页面中的评论
2025-07-06 16:01:40,602 - scrapers.jandan_scraper - INFO - 开始解析HTML内容, 长度: 26153
2025-07-06 16:01:40,610 - scrapers.jandan_scraper - INFO - 找到 0 条热门评论
2025-07-06 16:01:40,610 - scrapers.jandan_scraper - INFO - 解析完成，获取到 0 条评论
2025-07-06 16:01:40,610 - scrapers.jandan_scraper - INFO - 开始转换评论为统一格式
2025-07-06 16:01:40,610 - scrapers.jandan_scraper - INFO - 开始转换 0 条评论到统一格式
2025-07-06 16:01:40,610 - scrapers.jandan_scraper - INFO - 共转换 0 条评论为统一格式
2025-07-06 16:01:40,610 - scrapers.jandan_scraper - INFO - 爬取完成，共获取 0 条热评
2025-07-06 16:01:40,610 - scrapers.base_scraper - ERROR - 爬取 煎蛋网 失败
2025-07-06 16:01:40,611 - scrapers.reddit_scraper - INFO - RedditScraper初始化完成
2025-07-06 16:01:40,611 - scrapers.base_scraper - INFO - 开始爬取 Reddit
2025-07-06 16:01:40,611 - scrapers.reddit_scraper - INFO - 开始爬取Reddit r/confessions每周热门帖子
2025-07-06 16:01:43,345 - utils.http_utils - ERROR - 请求失败: https://www.reddit.com/r/confessions/top/.json?t=week&limit=10, 错误: 403 Client Error: Blocked for url: https://www.reddit.com/r/confessions/top/.json?t=week&limit=10
2025-07-06 16:01:43,345 - scrapers.reddit_scraper - ERROR - 获取API数据失败: 403 Client Error: Blocked for url: https://www.reddit.com/r/confessions/top/.json?t=week&limit=10
2025-07-06 16:01:43,345 - scrapers.base_scraper - ERROR - 爬取 Reddit 失败
2025-07-06 16:01:43,346 - scrapers.hackernews_scraper - INFO - HackerNewsScraper初始化完成
2025-07-06 16:01:43,346 - scrapers.base_scraper - INFO - 开始爬取 Hacker News
2025-07-06 16:01:43,346 - scrapers.hackernews_scraper - INFO - 开始爬取Hacker News Ask HN帖子
2025-07-06 16:01:43,346 - scrapers.hackernews_scraper - INFO - 获取Ask HN页面: https://news.ycombinator.com/ask
2025-07-06 16:01:44,740 - scrapers.hackernews_scraper - INFO - 找到 30 个帖子行
2025-07-06 16:01:44,742 - scrapers.hackernews_scraper - INFO - 成功解析故事: Ask HN: How did Soham Parekh g..., 作者=jshchnz, 点赞=265, 评论=0
2025-07-06 16:01:44,742 - scrapers.hackernews_scraper - INFO - 成功解析故事: Ask HN: What old or outdated s..., 作者=prisenco, 点赞=18, 评论=0
2025-07-06 16:01:44,743 - scrapers.hackernews_scraper - INFO - 成功解析故事: Ask HN: Advice for Starting a ..., 作者=pkdpic, 点赞=23, 评论=0
2025-07-06 16:01:44,744 - scrapers.hackernews_scraper - INFO - 成功解析故事: Ask HN: Worth leaving position..., 作者=NotAnOtter, 点赞=68, 评论=0
2025-07-06 16:01:44,744 - scrapers.hackernews_scraper - INFO - 成功解析故事: Ask HN: How many communities H..., 作者=FerkiHN, 点赞=6, 评论=0
2025-07-06 16:01:44,745 - scrapers.hackernews_scraper - INFO - 成功解析故事: Ask HN: What Are You Working O..., 作者=david927, 点赞=436, 评论=0
2025-07-06 16:01:44,745 - scrapers.hackernews_scraper - INFO - 成功解析故事: Ask HN: Freelancer? Seeking fr..., 作者=whoishiring, 点赞=84, 评论=0
2025-07-06 16:01:44,746 - scrapers.hackernews_scraper - INFO - 成功解析故事: Ask HN: Who is hiring? (July 2..., 作者=whoishiring, 点赞=268, 评论=0
2025-07-06 16:01:44,747 - scrapers.hackernews_scraper - INFO - 成功解析故事: Ask HN: Who wants to be hired?..., 作者=whoishiring, 点赞=128, 评论=0
2025-07-06 16:01:44,747 - scrapers.hackernews_scraper - INFO - 成功解析故事: Ask HN: How do you sell to B2B..., 作者=salesdo, 点赞=4, 评论=0
2025-07-06 16:01:44,748 - scrapers.hackernews_scraper - INFO - 成功解析故事: Ask HN: What's the 2025 stack ..., 作者=jamesxv7, 点赞=224, 评论=0
2025-07-06 16:01:44,749 - scrapers.hackernews_scraper - INFO - 成功解析故事: Ask HN: What clever tools/scri..., 作者=sebst, 点赞=8, 评论=0
2025-07-06 16:01:44,749 - scrapers.hackernews_scraper - INFO - 成功解析故事: Ask HN: Is there a business fo..., 作者=Arubis, 点赞=27, 评论=0
2025-07-06 16:01:44,750 - scrapers.hackernews_scraper - INFO - 成功解析故事: Ask HN: Requests for Software ..., 作者=NewUser76312, 点赞=8, 评论=0
2025-07-06 16:01:44,751 - scrapers.hackernews_scraper - INFO - 成功解析故事: Ask HN: Can't Figure Out Where..., 作者=OulaX, 点赞=4, 评论=0
2025-07-06 16:01:44,751 - scrapers.hackernews_scraper - INFO - 成功解析 15 个Ask HN故事
2025-07-06 16:01:44,751 - scrapers.hackernews_scraper - INFO - 开始转换 15 个故事到统一格式
2025-07-06 16:01:44,751 - scrapers.hackernews_scraper - INFO - 转换第 1/15 个故事: Ask HN: How did Soham Parekh g...
2025-07-06 16:01:48,402 - scrapers.hackernews_scraper - INFO - 找到 374 条评论
2025-07-06 16:01:50,929 - scrapers.hackernews_scraper - INFO - 故事 Ask HN: How did Soham Parekh g... 转换完成，包含 100 条评论
2025-07-06 16:01:50,929 - scrapers.hackernews_scraper - INFO - 转换第 2/15 个故事: Ask HN: What old or outdated s...
2025-07-06 16:01:52,671 - scrapers.hackernews_scraper - INFO - 找到 30 条评论
2025-07-06 16:01:52,699 - scrapers.hackernews_scraper - INFO - 故事 Ask HN: What old or outdated s... 转换完成，包含 30 条评论
2025-07-06 16:01:52,699 - scrapers.hackernews_scraper - INFO - 转换第 3/15 个故事: Ask HN: Advice for Starting a ...
2025-07-06 16:01:55,238 - scrapers.hackernews_scraper - INFO - 找到 25 条评论
2025-07-06 16:01:55,260 - scrapers.hackernews_scraper - INFO - 故事 Ask HN: Advice for Starting a ... 转换完成，包含 25 条评论
2025-07-06 16:01:55,260 - scrapers.hackernews_scraper - INFO - 转换第 4/15 个故事: Ask HN: Worth leaving position...
2025-07-06 16:01:57,954 - scrapers.hackernews_scraper - INFO - 找到 84 条评论
2025-07-06 16:01:58,109 - scrapers.hackernews_scraper - INFO - 故事 Ask HN: Worth leaving position... 转换完成，包含 84 条评论
2025-07-06 16:01:58,109 - scrapers.hackernews_scraper - INFO - 转换第 5/15 个故事: Ask HN: How many communities H...
2025-07-06 16:01:59,387 - scrapers.hackernews_scraper - INFO - 找到 9 条评论
2025-07-06 16:01:59,393 - scrapers.hackernews_scraper - INFO - 故事 Ask HN: How many communities H... 转换完成，包含 9 条评论
2025-07-06 16:01:59,393 - scrapers.hackernews_scraper - INFO - 转换第 6/15 个故事: Ask HN: What Are You Working O...
2025-07-06 16:02:07,307 - scrapers.hackernews_scraper - INFO - 找到 1375 条评论
2025-07-06 16:02:45,872 - scrapers.hackernews_scraper - INFO - 故事 Ask HN: What Are You Working O... 转换完成，包含 100 条评论
2025-07-06 16:02:45,872 - scrapers.hackernews_scraper - INFO - 转换第 7/15 个故事: Ask HN: Freelancer? Seeking fr...
2025-07-06 16:02:47,749 - scrapers.hackernews_scraper - INFO - 找到 201 条评论
2025-07-06 16:02:48,729 - scrapers.hackernews_scraper - INFO - 故事 Ask HN: Freelancer? Seeking fr... 转换完成，包含 100 条评论
2025-07-06 16:02:48,729 - scrapers.hackernews_scraper - INFO - 转换第 8/15 个故事: Ask HN: Who is hiring? (July 2...
2025-07-06 16:02:51,187 - scrapers.hackernews_scraper - INFO - 找到 380 条评论
2025-07-06 16:02:54,279 - scrapers.hackernews_scraper - INFO - 故事 Ask HN: Who is hiring? (July 2... 转换完成，包含 100 条评论
2025-07-06 16:02:54,280 - scrapers.hackernews_scraper - INFO - 转换第 9/15 个故事: Ask HN: Who wants to be hired?...
2025-07-06 16:02:56,975 - scrapers.hackernews_scraper - INFO - 找到 361 条评论
2025-07-06 16:03:00,318 - scrapers.hackernews_scraper - INFO - 故事 Ask HN: Who wants to be hired?... 转换完成，包含 100 条评论
2025-07-06 16:03:00,318 - scrapers.hackernews_scraper - INFO - 转换第 10/15 个故事: Ask HN: How do you sell to B2B...
2025-07-06 16:03:02,008 - scrapers.hackernews_scraper - INFO - 找到 4 条评论
2025-07-06 16:03:02,010 - scrapers.hackernews_scraper - INFO - 故事 Ask HN: How do you sell to B2B... 转换完成，包含 4 条评论
2025-07-06 16:03:02,010 - scrapers.hackernews_scraper - INFO - 转换第 11/15 个故事: Ask HN: What's the 2025 stack ...
2025-07-06 16:03:03,392 - scrapers.hackernews_scraper - INFO - 找到 120 条评论
2025-07-06 16:03:03,671 - scrapers.hackernews_scraper - INFO - 故事 Ask HN: What's the 2025 stack ... 转换完成，包含 100 条评论
2025-07-06 16:03:03,671 - scrapers.hackernews_scraper - INFO - 转换第 12/15 个故事: Ask HN: What clever tools/scri...
2025-07-06 16:03:04,725 - scrapers.hackernews_scraper - INFO - 找到 11 条评论
2025-07-06 16:03:04,732 - scrapers.hackernews_scraper - INFO - 故事 Ask HN: What clever tools/scri... 转换完成，包含 11 条评论
2025-07-06 16:03:04,732 - scrapers.hackernews_scraper - INFO - 转换第 13/15 个故事: Ask HN: Is there a business fo...
2025-07-06 16:03:06,295 - scrapers.hackernews_scraper - INFO - 找到 36 条评论
2025-07-06 16:03:06,334 - scrapers.hackernews_scraper - INFO - 故事 Ask HN: Is there a business fo... 转换完成，包含 36 条评论
2025-07-06 16:03:06,334 - scrapers.hackernews_scraper - INFO - 转换第 14/15 个故事: Ask HN: Requests for Software ...
2025-07-06 16:03:08,924 - scrapers.hackernews_scraper - INFO - 找到 4 条评论
2025-07-06 16:03:08,926 - scrapers.hackernews_scraper - INFO - 故事 Ask HN: Requests for Software ... 转换完成，包含 4 条评论
2025-07-06 16:03:08,927 - scrapers.hackernews_scraper - INFO - 转换第 15/15 个故事: Ask HN: Can't Figure Out Where...
2025-07-06 16:03:10,998 - scrapers.hackernews_scraper - INFO - 找到 3 条评论
2025-07-06 16:03:11,000 - scrapers.hackernews_scraper - INFO - 故事 Ask HN: Can't Figure Out Where... 转换完成，包含 3 条评论
2025-07-06 16:03:11,000 - scrapers.hackernews_scraper - INFO - 共转换 15 个故事为统一格式
2025-07-06 16:03:11,000 - scrapers.hackernews_scraper - INFO - 爬取完成，共获取 15 个Ask HN故事
2025-07-06 16:03:11,747 - utils.storage_utils - INFO - 已更新源索引: hackernews
2025-07-06 16:03:11,749 - utils.storage_utils - INFO - 数据已保存到 data/hackernews/week_2025-06-30.json
2025-07-06 16:03:11,752 - scrapers.base_scraper - INFO - 数据已保存到 data/hackernews/week_2025-06-30.json
2025-07-06 16:03:11,752 - scrapers.base_scraper - INFO - 成功爬取 Hacker News 的数据
2025-07-06 16:03:11,752 - __main__ - INFO - 完成: 1/3 个爬虫成功运行
2025-07-06 16:03:12,001 - __main__ - INFO - 归档所有源的旧数据
2025-07-06 16:03:12,001 - __main__ - INFO - 源 jandan 归档 无需归档
2025-07-06 16:03:12,001 - __main__ - INFO - 源 reddit 归档 无需归档
2025-07-06 16:03:12,001 - __main__ - INFO - 源 hackernews 归档 无需归档
