2025-09-30 16:02:27,059 - __main__ - INFO - 运行所有爬虫
2025-09-30 16:02:27,059 - scrapers.jandan_scraper - INFO - JandanScraper初始化完成
2025-09-30 16:02:27,059 - scrapers.base_scraper - INFO - 开始爬取 煎蛋网
2025-09-30 16:02:27,059 - scrapers.jandan_scraper - INFO - 开始爬取煎蛋热评
2025-09-30 16:02:31,776 - scrapers.jandan_scraper - INFO - 成功获取HTML内容，长度: 24786
2025-09-30 16:02:31,776 - scrapers.jandan_scraper - INFO - 调试: 手动获取评论 5877984 的吐槽数据
2025-09-30 16:02:31,776 - scrapers.jandan_scraper - INFO - 获取评论 5877984 的吐槽内容: https://jandan.net/api/tucao/list/5877984
2025-09-30 16:02:33,865 - scrapers.jandan_scraper - INFO - 评论 5877984 获取到 1 条热门吐槽, 3 条普通吐槽
2025-09-30 16:02:33,865 - scrapers.jandan_scraper - INFO - 调试: 评论 5877984 获取到 1 条热门吐槽, 3 条普通吐槽
2025-09-30 16:02:33,865 - scrapers.jandan_scraper - INFO - 开始解析页面中的评论
2025-09-30 16:02:33,866 - scrapers.jandan_scraper - INFO - 开始解析HTML内容, 长度: 24786
2025-09-30 16:02:33,874 - scrapers.jandan_scraper - INFO - 找到 0 条热门评论
2025-09-30 16:02:33,874 - scrapers.jandan_scraper - INFO - 解析完成，获取到 0 条评论
2025-09-30 16:02:33,874 - scrapers.jandan_scraper - INFO - 开始转换评论为统一格式
2025-09-30 16:02:33,874 - scrapers.jandan_scraper - INFO - 开始转换 0 条评论到统一格式
2025-09-30 16:02:33,874 - scrapers.jandan_scraper - INFO - 共转换 0 条评论为统一格式
2025-09-30 16:02:33,874 - scrapers.jandan_scraper - INFO - 爬取完成，共获取 0 条热评
2025-09-30 16:02:33,874 - scrapers.base_scraper - ERROR - 爬取 煎蛋网 失败
2025-09-30 16:02:33,875 - scrapers.reddit_scraper - INFO - RedditScraper初始化完成
2025-09-30 16:02:33,876 - scrapers.base_scraper - INFO - 开始爬取 Reddit
2025-09-30 16:02:33,876 - scrapers.reddit_scraper - INFO - 开始爬取Reddit r/confessions每周热门帖子
2025-09-30 16:02:36,540 - utils.http_utils - ERROR - 请求失败: https://www.reddit.com/r/confessions/top/.json?t=week&limit=10, 错误: 403 Client Error: Blocked for url: https://www.reddit.com/r/confessions/top/.json?t=week&limit=10
2025-09-30 16:02:36,541 - scrapers.reddit_scraper - ERROR - 获取API数据失败: 403 Client Error: Blocked for url: https://www.reddit.com/r/confessions/top/.json?t=week&limit=10
2025-09-30 16:02:36,541 - scrapers.base_scraper - ERROR - 爬取 Reddit 失败
2025-09-30 16:02:36,541 - scrapers.hackernews_scraper - INFO - HackerNewsScraper初始化完成
2025-09-30 16:02:36,541 - scrapers.base_scraper - INFO - 开始爬取 Hacker News
2025-09-30 16:02:36,541 - scrapers.hackernews_scraper - INFO - 开始爬取Hacker News Ask HN帖子
2025-09-30 16:02:36,541 - scrapers.hackernews_scraper - INFO - 获取Ask HN页面: https://news.ycombinator.com/ask
2025-09-30 16:02:38,071 - scrapers.hackernews_scraper - INFO - 找到 16 个帖子行
2025-09-30 16:02:38,072 - scrapers.hackernews_scraper - INFO - 成功解析故事: Ask HN: What are you working o..., 作者=david927, 点赞=266, 评论=0
2025-09-30 16:02:38,073 - scrapers.hackernews_scraper - INFO - 成功解析故事: Ask HN: Any local agents to he..., 作者=pcdoodle, 点赞=12, 评论=0
2025-09-30 16:02:38,074 - scrapers.hackernews_scraper - INFO - 成功解析故事: Ask HN: How Do I Get over My E..., 作者=OulaX, 点赞=99, 评论=0
2025-09-30 16:02:38,074 - scrapers.hackernews_scraper - INFO - 成功解析故事: Ask HN: Do you use mind maps i..., 作者=kentich, 点赞=7, 评论=0
2025-09-30 16:02:38,075 - scrapers.hackernews_scraper - INFO - 成功解析故事: Ask HN: Last time you needed a..., 作者=robomiri, 点赞=2, 评论=0
2025-09-30 16:02:38,076 - scrapers.hackernews_scraper - INFO - 成功解析故事: Ask HN: Do people lose interes..., 作者=amichail, 点赞=6, 评论=0
2025-09-30 16:02:38,076 - scrapers.hackernews_scraper - INFO - 成功解析故事: Ask HN: Follow-up: I found it..., 作者=xbkandxe, 点赞=6, 评论=0
2025-09-30 16:02:38,077 - scrapers.hackernews_scraper - INFO - 成功解析故事: Ask HN: Does Google Search's V..., 作者=frmersdog, 点赞=5, 评论=0
2025-09-30 16:02:38,078 - scrapers.hackernews_scraper - INFO - 成功解析故事: Ask HN: Local hostnames withou..., 作者=terry_hc, 点赞=13, 评论=0
2025-09-30 16:02:38,078 - scrapers.hackernews_scraper - INFO - 成功解析 9 个Ask HN故事
2025-09-30 16:02:38,078 - scrapers.hackernews_scraper - INFO - 开始转换 9 个故事到统一格式
2025-09-30 16:02:38,078 - scrapers.hackernews_scraper - INFO - 转换第 1/9 个故事: Ask HN: What are you working o...
2025-09-30 16:02:42,413 - scrapers.hackernews_scraper - INFO - 找到 780 条评论
2025-09-30 16:02:54,412 - scrapers.hackernews_scraper - INFO - 故事 Ask HN: What are you working o... 转换完成，包含 100 条评论
2025-09-30 16:02:54,412 - scrapers.hackernews_scraper - INFO - 转换第 2/9 个故事: Ask HN: Any local agents to he...
2025-09-30 16:02:56,216 - scrapers.hackernews_scraper - INFO - 找到 9 条评论
2025-09-30 16:02:56,221 - scrapers.hackernews_scraper - INFO - 故事 Ask HN: Any local agents to he... 转换完成，包含 9 条评论
2025-09-30 16:02:56,221 - scrapers.hackernews_scraper - INFO - 转换第 3/9 个故事: Ask HN: How Do I Get over My E...
2025-09-30 16:02:58,166 - scrapers.hackernews_scraper - INFO - 找到 88 条评论
2025-09-30 16:02:58,326 - scrapers.hackernews_scraper - INFO - 故事 Ask HN: How Do I Get over My E... 转换完成，包含 88 条评论
2025-09-30 16:02:58,326 - scrapers.hackernews_scraper - INFO - 转换第 4/9 个故事: Ask HN: Do you use mind maps i...
2025-09-30 16:03:00,133 - scrapers.hackernews_scraper - INFO - 找到 3 条评论
2025-09-30 16:03:00,135 - scrapers.hackernews_scraper - INFO - 故事 Ask HN: Do you use mind maps i... 转换完成，包含 3 条评论
2025-09-30 16:03:00,135 - scrapers.hackernews_scraper - INFO - 转换第 5/9 个故事: Ask HN: Last time you needed a...
2025-09-30 16:03:02,418 - scrapers.hackernews_scraper - INFO - 找到 4 条评论
2025-09-30 16:03:02,421 - scrapers.hackernews_scraper - INFO - 故事 Ask HN: Last time you needed a... 转换完成，包含 4 条评论
2025-09-30 16:03:02,421 - scrapers.hackernews_scraper - INFO - 转换第 6/9 个故事: Ask HN: Do people lose interes...
2025-09-30 16:03:04,455 - scrapers.hackernews_scraper - INFO - 找到 10 条评论
2025-09-30 16:03:04,462 - scrapers.hackernews_scraper - INFO - 故事 Ask HN: Do people lose interes... 转换完成，包含 10 条评论
2025-09-30 16:03:04,462 - scrapers.hackernews_scraper - INFO - 转换第 7/9 个故事: Ask HN: Follow-up: I found it...
2025-09-30 16:03:06,800 - scrapers.hackernews_scraper - INFO - 找到 2 条评论
2025-09-30 16:03:06,801 - scrapers.hackernews_scraper - INFO - 故事 Ask HN: Follow-up: I found it... 转换完成，包含 2 条评论
2025-09-30 16:03:06,801 - scrapers.hackernews_scraper - INFO - 转换第 8/9 个故事: Ask HN: Does Google Search's V...
2025-09-30 16:03:08,060 - scrapers.hackernews_scraper - INFO - 找到 2 条评论
2025-09-30 16:03:08,062 - scrapers.hackernews_scraper - INFO - 故事 Ask HN: Does Google Search's V... 转换完成，包含 2 条评论
2025-09-30 16:03:08,062 - scrapers.hackernews_scraper - INFO - 转换第 9/9 个故事: Ask HN: Local hostnames withou...
2025-09-30 16:03:11,030 - scrapers.hackernews_scraper - INFO - 找到 32 条评论
2025-09-30 16:03:11,061 - scrapers.hackernews_scraper - INFO - 故事 Ask HN: Local hostnames withou... 转换完成，包含 32 条评论
2025-09-30 16:03:11,061 - scrapers.hackernews_scraper - INFO - 共转换 9 个故事为统一格式
2025-09-30 16:03:11,061 - scrapers.hackernews_scraper - INFO - 爬取完成，共获取 9 个Ask HN故事
2025-09-30 16:03:11,374 - utils.storage_utils - INFO - 已更新源索引: hackernews
2025-09-30 16:03:11,377 - utils.storage_utils - INFO - 数据已保存到 data/hackernews/week_2025-09-29.json
2025-09-30 16:03:11,377 - scrapers.base_scraper - INFO - 数据已保存到 data/hackernews/week_2025-09-29.json
2025-09-30 16:03:11,377 - scrapers.base_scraper - INFO - 成功爬取 Hacker News 的数据
2025-09-30 16:03:11,378 - __main__ - INFO - 完成: 1/3 个爬虫成功运行
2025-09-30 16:03:11,601 - __main__ - INFO - 归档所有源的旧数据
2025-09-30 16:03:11,601 - __main__ - INFO - 源 jandan 归档 无需归档
2025-09-30 16:03:11,601 - __main__ - INFO - 源 reddit 归档 无需归档
2025-09-30 16:03:11,601 - __main__ - INFO - 源 hackernews 归档 无需归档
