2025-08-26 16:02:04,370 - __main__ - INFO - 运行所有爬虫
2025-08-26 16:02:04,370 - scrapers.jandan_scraper - INFO - JandanScraper初始化完成
2025-08-26 16:02:04,370 - scrapers.base_scraper - INFO - 开始爬取 煎蛋网
2025-08-26 16:02:04,370 - scrapers.jandan_scraper - INFO - 开始爬取煎蛋热评
2025-08-26 16:02:08,228 - scrapers.jandan_scraper - INFO - 成功获取HTML内容，长度: 24792
2025-08-26 16:02:08,228 - scrapers.jandan_scraper - INFO - 调试: 手动获取评论 5877984 的吐槽数据
2025-08-26 16:02:08,228 - scrapers.jandan_scraper - INFO - 获取评论 5877984 的吐槽内容: https://jandan.net/api/tucao/list/5877984
2025-08-26 16:02:09,639 - scrapers.jandan_scraper - INFO - 评论 5877984 获取到 1 条热门吐槽, 3 条普通吐槽
2025-08-26 16:02:09,639 - scrapers.jandan_scraper - INFO - 调试: 评论 5877984 获取到 1 条热门吐槽, 3 条普通吐槽
2025-08-26 16:02:09,639 - scrapers.jandan_scraper - INFO - 开始解析页面中的评论
2025-08-26 16:02:09,639 - scrapers.jandan_scraper - INFO - 开始解析HTML内容, 长度: 24792
2025-08-26 16:02:09,647 - scrapers.jandan_scraper - INFO - 找到 0 条热门评论
2025-08-26 16:02:09,648 - scrapers.jandan_scraper - INFO - 解析完成，获取到 0 条评论
2025-08-26 16:02:09,648 - scrapers.jandan_scraper - INFO - 开始转换评论为统一格式
2025-08-26 16:02:09,648 - scrapers.jandan_scraper - INFO - 开始转换 0 条评论到统一格式
2025-08-26 16:02:09,648 - scrapers.jandan_scraper - INFO - 共转换 0 条评论为统一格式
2025-08-26 16:02:09,648 - scrapers.jandan_scraper - INFO - 爬取完成，共获取 0 条热评
2025-08-26 16:02:09,648 - scrapers.base_scraper - ERROR - 爬取 煎蛋网 失败
2025-08-26 16:02:09,648 - scrapers.reddit_scraper - INFO - RedditScraper初始化完成
2025-08-26 16:02:09,650 - scrapers.base_scraper - INFO - 开始爬取 Reddit
2025-08-26 16:02:09,650 - scrapers.reddit_scraper - INFO - 开始爬取Reddit r/confessions每周热门帖子
2025-08-26 16:02:12,019 - utils.http_utils - ERROR - 请求失败: https://www.reddit.com/r/confessions/top/.json?t=week&limit=10, 错误: 403 Client Error: Blocked for url: https://www.reddit.com/r/confessions/top/.json?t=week&limit=10
2025-08-26 16:02:12,020 - scrapers.reddit_scraper - ERROR - 获取API数据失败: 403 Client Error: Blocked for url: https://www.reddit.com/r/confessions/top/.json?t=week&limit=10
2025-08-26 16:02:12,020 - scrapers.base_scraper - ERROR - 爬取 Reddit 失败
2025-08-26 16:02:12,020 - scrapers.hackernews_scraper - INFO - HackerNewsScraper初始化完成
2025-08-26 16:02:12,020 - scrapers.base_scraper - INFO - 开始爬取 Hacker News
2025-08-26 16:02:12,021 - scrapers.hackernews_scraper - INFO - 开始爬取Hacker News Ask HN帖子
2025-08-26 16:02:12,021 - scrapers.hackernews_scraper - INFO - 获取Ask HN页面: https://news.ycombinator.com/ask
2025-08-26 16:02:15,329 - scrapers.hackernews_scraper - INFO - 找到 30 个帖子行
2025-08-26 16:02:15,330 - scrapers.hackernews_scraper - INFO - 成功解析故事: Ask HN: How can I recover and ..., 作者=diasks2, 点赞=37, 评论=0
2025-08-26 16:02:15,331 - scrapers.hackernews_scraper - INFO - 成功解析故事: Ask HN: Why hasn't x86 caught ..., 作者=stephenheron, 点赞=301, 评论=0
2025-08-26 16:02:15,332 - scrapers.hackernews_scraper - INFO - 成功解析故事: Ask HN: What to Do with Old iP..., 作者=owenmakes, 点赞=10, 评论=0
2025-08-26 16:02:15,332 - scrapers.hackernews_scraper - INFO - 成功解析故事: Ask HN: What is wrong with mod..., 作者=fzeindl, 点赞=5, 评论=0
2025-08-26 16:02:15,333 - scrapers.hackernews_scraper - INFO - 成功解析故事: Ask HN: Recommandation for an ..., 作者=cx42net, 点赞=7, 评论=0
2025-08-26 16:02:15,333 - scrapers.hackernews_scraper - INFO - 成功解析故事: Ask HN: Someone has committed ..., 作者=zacian, 点赞=3, 评论=0
2025-08-26 16:02:15,334 - scrapers.hackernews_scraper - INFO - 成功解析故事: Ask HN: Best codebases to stud..., 作者=pixelworm, 点赞=100, 评论=0
2025-08-26 16:02:15,334 - scrapers.hackernews_scraper - INFO - 成功解析故事: Ask HN: Why does the US Visa a..., 作者=mbix77, 点赞=536, 评论=0
2025-08-26 16:02:15,335 - scrapers.hackernews_scraper - INFO - 成功解析故事: Ask HN: How can I trace what u..., 作者=ATechGuy, 点赞=4, 评论=0
2025-08-26 16:02:15,335 - scrapers.hackernews_scraper - INFO - 成功解析故事: Ask HN: Are AI filters becomin..., 作者=tsevis, 点赞=29, 评论=0
2025-08-26 16:02:15,336 - scrapers.hackernews_scraper - INFO - 成功解析故事: Ask HN: I just abandoned my Py..., 作者=jmward01, 点赞=21, 评论=0
2025-08-26 16:02:15,337 - scrapers.hackernews_scraper - INFO - 成功解析故事: Ask HN: What is your source fo..., 作者=Haeuserschlucht, 点赞=3, 评论=0
2025-08-26 16:02:15,337 - scrapers.hackernews_scraper - INFO - 成功解析故事: Ask HN: Devices to allow child..., 作者=jareds, 点赞=2, 评论=0
2025-08-26 16:02:15,338 - scrapers.hackernews_scraper - INFO - 成功解析故事: Ask HN: Best Marketplaces for ..., 作者=bloudermilk, 点赞=6, 评论=0
2025-08-26 16:02:15,338 - scrapers.hackernews_scraper - INFO - 成功解析故事: Ask HN: No easy way for tvOS t..., 作者=amichail, 点赞=6, 评论=0
2025-08-26 16:02:15,338 - scrapers.hackernews_scraper - INFO - 成功解析 15 个Ask HN故事
2025-08-26 16:02:15,338 - scrapers.hackernews_scraper - INFO - 开始转换 15 个故事到统一格式
2025-08-26 16:02:15,338 - scrapers.hackernews_scraper - INFO - 转换第 1/15 个故事: Ask HN: How can I recover and ...
2025-08-26 16:02:18,369 - scrapers.hackernews_scraper - INFO - 找到 27 条评论
2025-08-26 16:02:18,393 - scrapers.hackernews_scraper - INFO - 故事 Ask HN: How can I recover and ... 转换完成，包含 27 条评论
2025-08-26 16:02:18,393 - scrapers.hackernews_scraper - INFO - 转换第 2/15 个故事: Ask HN: Why hasn't x86 caught ...
2025-08-26 16:02:21,947 - scrapers.hackernews_scraper - INFO - 找到 391 条评论
2025-08-26 16:02:24,877 - scrapers.hackernews_scraper - INFO - 故事 Ask HN: Why hasn't x86 caught ... 转换完成，包含 100 条评论
2025-08-26 16:02:24,877 - scrapers.hackernews_scraper - INFO - 转换第 3/15 个故事: Ask HN: What to Do with Old iP...
2025-08-26 16:02:27,848 - scrapers.hackernews_scraper - INFO - 找到 8 条评论
2025-08-26 16:02:27,853 - scrapers.hackernews_scraper - INFO - 故事 Ask HN: What to Do with Old iP... 转换完成，包含 8 条评论
2025-08-26 16:02:27,853 - scrapers.hackernews_scraper - INFO - 转换第 4/15 个故事: Ask HN: What is wrong with mod...
2025-08-26 16:02:30,552 - scrapers.hackernews_scraper - INFO - 找到 3 条评论
2025-08-26 16:02:30,554 - scrapers.hackernews_scraper - INFO - 故事 Ask HN: What is wrong with mod... 转换完成，包含 3 条评论
2025-08-26 16:02:30,554 - scrapers.hackernews_scraper - INFO - 转换第 5/15 个故事: Ask HN: Recommandation for an ...
2025-08-26 16:02:33,323 - scrapers.hackernews_scraper - INFO - 找到 14 条评论
2025-08-26 16:02:33,333 - scrapers.hackernews_scraper - INFO - 故事 Ask HN: Recommandation for an ... 转换完成，包含 14 条评论
2025-08-26 16:02:33,333 - scrapers.hackernews_scraper - INFO - 转换第 6/15 个故事: Ask HN: Someone has committed ...
2025-08-26 16:02:35,947 - scrapers.hackernews_scraper - INFO - 找到 4 条评论
2025-08-26 16:02:35,950 - scrapers.hackernews_scraper - INFO - 故事 Ask HN: Someone has committed ... 转换完成，包含 4 条评论
2025-08-26 16:02:35,950 - scrapers.hackernews_scraper - INFO - 转换第 7/15 个故事: Ask HN: Best codebases to stud...
2025-08-26 16:02:39,283 - scrapers.hackernews_scraper - INFO - 找到 89 条评论
2025-08-26 16:02:39,452 - scrapers.hackernews_scraper - INFO - 故事 Ask HN: Best codebases to stud... 转换完成，包含 89 条评论
2025-08-26 16:02:39,452 - scrapers.hackernews_scraper - INFO - 转换第 8/15 个故事: Ask HN: Why does the US Visa a...
2025-08-26 16:02:43,241 - scrapers.hackernews_scraper - INFO - 找到 254 条评论
2025-08-26 16:02:44,364 - scrapers.hackernews_scraper - INFO - 故事 Ask HN: Why does the US Visa a... 转换完成，包含 100 条评论
2025-08-26 16:02:44,364 - scrapers.hackernews_scraper - INFO - 转换第 9/15 个故事: Ask HN: How can I trace what u...
2025-08-26 16:02:46,198 - scrapers.hackernews_scraper - INFO - 找到 2 条评论
2025-08-26 16:02:46,199 - scrapers.hackernews_scraper - INFO - 故事 Ask HN: How can I trace what u... 转换完成，包含 2 条评论
2025-08-26 16:02:46,200 - scrapers.hackernews_scraper - INFO - 转换第 10/15 个故事: Ask HN: Are AI filters becomin...
2025-08-26 16:02:48,508 - scrapers.hackernews_scraper - INFO - 找到 16 条评论
2025-08-26 16:02:48,519 - scrapers.hackernews_scraper - INFO - 故事 Ask HN: Are AI filters becomin... 转换完成，包含 16 条评论
2025-08-26 16:02:48,520 - scrapers.hackernews_scraper - INFO - 转换第 11/15 个故事: Ask HN: I just abandoned my Py...
2025-08-26 16:02:50,016 - scrapers.hackernews_scraper - INFO - 找到 21 条评论
2025-08-26 16:02:50,033 - scrapers.hackernews_scraper - INFO - 故事 Ask HN: I just abandoned my Py... 转换完成，包含 21 条评论
2025-08-26 16:02:50,033 - scrapers.hackernews_scraper - INFO - 转换第 12/15 个故事: Ask HN: What is your source fo...
2025-08-26 16:02:52,212 - scrapers.hackernews_scraper - INFO - 找到 5 条评论
2025-08-26 16:02:52,215 - scrapers.hackernews_scraper - INFO - 故事 Ask HN: What is your source fo... 转换完成，包含 5 条评论
2025-08-26 16:02:52,216 - scrapers.hackernews_scraper - INFO - 转换第 13/15 个故事: Ask HN: Devices to allow child...
2025-08-26 16:02:55,276 - scrapers.hackernews_scraper - INFO - 找到 1 条评论
2025-08-26 16:02:55,277 - scrapers.hackernews_scraper - INFO - 故事 Ask HN: Devices to allow child... 转换完成，包含 1 条评论
2025-08-26 16:02:55,277 - scrapers.hackernews_scraper - INFO - 转换第 14/15 个故事: Ask HN: Best Marketplaces for ...
2025-08-26 16:02:57,662 - scrapers.hackernews_scraper - INFO - 找到 11 条评论
2025-08-26 16:02:57,669 - scrapers.hackernews_scraper - INFO - 故事 Ask HN: Best Marketplaces for ... 转换完成，包含 11 条评论
2025-08-26 16:02:57,669 - scrapers.hackernews_scraper - INFO - 转换第 15/15 个故事: Ask HN: No easy way for tvOS t...
2025-08-26 16:02:59,312 - scrapers.hackernews_scraper - INFO - 找到 5 条评论
2025-08-26 16:02:59,315 - scrapers.hackernews_scraper - INFO - 故事 Ask HN: No easy way for tvOS t... 转换完成，包含 5 条评论
2025-08-26 16:02:59,315 - scrapers.hackernews_scraper - INFO - 共转换 15 个故事为统一格式
2025-08-26 16:02:59,315 - scrapers.hackernews_scraper - INFO - 爬取完成，共获取 15 个Ask HN故事
2025-08-26 16:02:59,700 - utils.storage_utils - INFO - 已更新源索引: hackernews
2025-08-26 16:02:59,703 - utils.storage_utils - INFO - 数据已保存到 data/hackernews/week_2025-08-25.json
2025-08-26 16:02:59,703 - scrapers.base_scraper - INFO - 数据已保存到 data/hackernews/week_2025-08-25.json
2025-08-26 16:02:59,703 - scrapers.base_scraper - INFO - 成功爬取 Hacker News 的数据
2025-08-26 16:02:59,704 - __main__ - INFO - 完成: 1/3 个爬虫成功运行
2025-08-26 16:02:59,923 - __main__ - INFO - 归档所有源的旧数据
2025-08-26 16:02:59,923 - __main__ - INFO - 源 jandan 归档 无需归档
2025-08-26 16:02:59,924 - __main__ - INFO - 源 reddit 归档 无需归档
2025-08-26 16:02:59,924 - __main__ - INFO - 源 hackernews 归档 无需归档
