2025-12-16 16:02:23,540 - __main__ - INFO - 运行所有爬虫
2025-12-16 16:02:23,540 - scrapers.jandan_scraper - INFO - JandanScraper初始化完成
2025-12-16 16:02:23,540 - scrapers.base_scraper - INFO - 开始爬取 煎蛋网
2025-12-16 16:02:23,540 - scrapers.jandan_scraper - INFO - 开始爬取煎蛋热评
2025-12-16 16:02:26,294 - scrapers.jandan_scraper - INFO - 成功获取HTML内容，长度: 24797
2025-12-16 16:02:26,294 - scrapers.jandan_scraper - INFO - 调试: 手动获取评论 5877984 的吐槽数据
2025-12-16 16:02:26,294 - scrapers.jandan_scraper - INFO - 获取评论 5877984 的吐槽内容: https://jandan.net/api/tucao/list/5877984
2025-12-16 16:02:28,660 - scrapers.jandan_scraper - INFO - 评论 5877984 获取到 1 条热门吐槽, 3 条普通吐槽
2025-12-16 16:02:28,660 - scrapers.jandan_scraper - INFO - 调试: 评论 5877984 获取到 1 条热门吐槽, 3 条普通吐槽
2025-12-16 16:02:28,660 - scrapers.jandan_scraper - INFO - 开始解析页面中的评论
2025-12-16 16:02:28,660 - scrapers.jandan_scraper - INFO - 开始解析HTML内容, 长度: 24797
2025-12-16 16:02:28,669 - scrapers.jandan_scraper - INFO - 找到 0 条热门评论
2025-12-16 16:02:28,669 - scrapers.jandan_scraper - INFO - 解析完成，获取到 0 条评论
2025-12-16 16:02:28,669 - scrapers.jandan_scraper - INFO - 开始转换评论为统一格式
2025-12-16 16:02:28,669 - scrapers.jandan_scraper - INFO - 开始转换 0 条评论到统一格式
2025-12-16 16:02:28,669 - scrapers.jandan_scraper - INFO - 共转换 0 条评论为统一格式
2025-12-16 16:02:28,669 - scrapers.jandan_scraper - INFO - 爬取完成，共获取 0 条热评
2025-12-16 16:02:28,669 - scrapers.base_scraper - ERROR - 爬取 煎蛋网 失败
2025-12-16 16:02:28,669 - scrapers.reddit_scraper - INFO - RedditScraper初始化完成
2025-12-16 16:02:28,671 - scrapers.base_scraper - INFO - 开始爬取 Reddit
2025-12-16 16:02:28,671 - scrapers.reddit_scraper - INFO - 开始爬取Reddit r/confessions每周热门帖子
2025-12-16 16:02:31,021 - utils.http_utils - ERROR - 请求失败: https://www.reddit.com/r/confessions/top/.json?t=week&limit=10, 错误: 403 Client Error: Blocked for url: https://www.reddit.com/r/confessions/top/.json?t=week&limit=10
2025-12-16 16:02:31,022 - scrapers.reddit_scraper - ERROR - 获取API数据失败: 403 Client Error: Blocked for url: https://www.reddit.com/r/confessions/top/.json?t=week&limit=10
2025-12-16 16:02:31,022 - scrapers.base_scraper - ERROR - 爬取 Reddit 失败
2025-12-16 16:02:31,022 - scrapers.hackernews_scraper - INFO - HackerNewsScraper初始化完成
2025-12-16 16:02:31,023 - scrapers.base_scraper - INFO - 开始爬取 Hacker News
2025-12-16 16:02:31,023 - scrapers.hackernews_scraper - INFO - 开始爬取Hacker News Ask HN帖子
2025-12-16 16:02:31,023 - scrapers.hackernews_scraper - INFO - 获取Ask HN页面: https://news.ycombinator.com/ask
2025-12-16 16:02:32,601 - scrapers.hackernews_scraper - INFO - 找到 30 个帖子行
2025-12-16 16:02:32,603 - scrapers.hackernews_scraper - INFO - 成功解析故事: Ask HN: What Are You Working O..., 作者=david927, 点赞=422, 评论=0
2025-12-16 16:02:32,604 - scrapers.hackernews_scraper - INFO - 成功解析故事: Ask HN: Is building a calm, no..., 作者=hussein-khalil, 点赞=81, 评论=0
2025-12-16 16:02:32,604 - scrapers.hackernews_scraper - INFO - 成功解析故事: Ask HN: Is starting a personal..., 作者=nazarh, 点赞=55, 评论=0
2025-12-16 16:02:32,605 - scrapers.hackernews_scraper - INFO - 成功解析故事: Ask HN: How do you know what y..., 作者=ideavo, 点赞=4, 评论=0
2025-12-16 16:02:32,606 - scrapers.hackernews_scraper - INFO - 成功解析故事: Ask HN: How can I get better a..., 作者=lemonlime227, 点赞=459, 评论=0
2025-12-16 16:02:32,606 - scrapers.hackernews_scraper - INFO - 成功解析故事: Ask HN: Bloggers, how do you m..., 作者=freemanjiang, 点赞=7, 评论=0
2025-12-16 16:02:32,607 - scrapers.hackernews_scraper - INFO - 成功解析故事: Ask HN: Best back end to run m..., 作者=vood, 点赞=7, 评论=0
2025-12-16 16:02:32,608 - scrapers.hackernews_scraper - INFO - 成功解析故事: Ask HN: How do you get comfort..., 作者=fnimick, 点赞=7, 评论=0
2025-12-16 16:02:32,608 - scrapers.hackernews_scraper - INFO - 成功解析故事: Ask HN: Why are modern AIs ign..., 作者=amichail, 点赞=2, 评论=0
2025-12-16 16:02:32,609 - scrapers.hackernews_scraper - INFO - 成功解析故事: Ask HN: Thought-Provoking Book..., 作者=Agraillo, 点赞=15, 评论=0
2025-12-16 16:02:32,610 - scrapers.hackernews_scraper - INFO - 成功解析故事: Ask HN: How do I navigate horr..., 作者=souravpradhan, 点赞=4, 评论=0
2025-12-16 16:02:32,610 - scrapers.hackernews_scraper - INFO - 成功解析故事: Ask HN: Please suggest a smart..., 作者=VladVladikoff, 点赞=9, 评论=0
2025-12-16 16:02:32,611 - scrapers.hackernews_scraper - INFO - 成功解析故事: Ask HN: Any online tech spaces..., 作者=jc_811, 点赞=12, 评论=0
2025-12-16 16:02:32,611 - scrapers.hackernews_scraper - INFO - 成功解析故事: Ask HN: How are you educating ..., 作者=ychandler, 点赞=4, 评论=0
2025-12-16 16:02:32,612 - scrapers.hackernews_scraper - INFO - 成功解析故事: Ask HN: Did anyone else notice..., 作者=underlipton, 点赞=25, 评论=0
2025-12-16 16:02:32,612 - scrapers.hackernews_scraper - INFO - 成功解析 15 个Ask HN故事
2025-12-16 16:02:32,612 - scrapers.hackernews_scraper - INFO - 开始转换 15 个故事到统一格式
2025-12-16 16:02:32,612 - scrapers.hackernews_scraper - INFO - 转换第 1/15 个故事: Ask HN: What Are You Working O...
2025-12-16 16:02:41,196 - scrapers.hackernews_scraper - INFO - 找到 1357 条评论
2025-12-16 16:03:12,227 - scrapers.hackernews_scraper - INFO - 故事 Ask HN: What Are You Working O... 转换完成，包含 100 条评论
2025-12-16 16:03:12,227 - scrapers.hackernews_scraper - INFO - 转换第 2/15 个故事: Ask HN: Is building a calm, no...
2025-12-16 16:03:14,190 - scrapers.hackernews_scraper - INFO - 找到 111 条评论
2025-12-16 16:03:14,422 - scrapers.hackernews_scraper - INFO - 故事 Ask HN: Is building a calm, no... 转换完成，包含 100 条评论
2025-12-16 16:03:14,422 - scrapers.hackernews_scraper - INFO - 转换第 3/15 个故事: Ask HN: Is starting a personal...
2025-12-16 16:03:16,124 - scrapers.hackernews_scraper - INFO - 找到 69 条评论
2025-12-16 16:03:16,228 - scrapers.hackernews_scraper - INFO - 故事 Ask HN: Is starting a personal... 转换完成，包含 69 条评论
2025-12-16 16:03:16,228 - scrapers.hackernews_scraper - INFO - 转换第 4/15 个故事: Ask HN: How do you know what y...
2025-12-16 16:03:18,597 - scrapers.hackernews_scraper - INFO - 找到 6 条评论
2025-12-16 16:03:18,601 - scrapers.hackernews_scraper - INFO - 故事 Ask HN: How do you know what y... 转换完成，包含 6 条评论
2025-12-16 16:03:18,601 - scrapers.hackernews_scraper - INFO - 转换第 5/15 个故事: Ask HN: How can I get better a...
2025-12-16 16:03:22,126 - scrapers.hackernews_scraper - INFO - 找到 461 条评论
2025-12-16 16:03:25,518 - scrapers.hackernews_scraper - INFO - 故事 Ask HN: How can I get better a... 转换完成，包含 100 条评论
2025-12-16 16:03:25,518 - scrapers.hackernews_scraper - INFO - 转换第 6/15 个故事: Ask HN: Bloggers, how do you m...
2025-12-16 16:03:27,174 - scrapers.hackernews_scraper - INFO - 找到 10 条评论
2025-12-16 16:03:27,181 - scrapers.hackernews_scraper - INFO - 故事 Ask HN: Bloggers, how do you m... 转换完成，包含 10 条评论
2025-12-16 16:03:27,181 - scrapers.hackernews_scraper - INFO - 转换第 7/15 个故事: Ask HN: Best back end to run m...
2025-12-16 16:03:29,573 - scrapers.hackernews_scraper - INFO - 找到 0 条评论
2025-12-16 16:03:29,573 - scrapers.hackernews_scraper - INFO - 故事 Ask HN: Best back end to run m... 转换完成，包含 0 条评论
2025-12-16 16:03:29,573 - scrapers.hackernews_scraper - INFO - 转换第 8/15 个故事: Ask HN: How do you get comfort...
2025-12-16 16:03:32,282 - scrapers.hackernews_scraper - INFO - 找到 10 条评论
2025-12-16 16:03:32,289 - scrapers.hackernews_scraper - INFO - 故事 Ask HN: How do you get comfort... 转换完成，包含 10 条评论
2025-12-16 16:03:32,289 - scrapers.hackernews_scraper - INFO - 转换第 9/15 个故事: Ask HN: Why are modern AIs ign...
2025-12-16 16:03:34,898 - scrapers.hackernews_scraper - INFO - 找到 16 条评论
2025-12-16 16:03:34,910 - scrapers.hackernews_scraper - INFO - 故事 Ask HN: Why are modern AIs ign... 转换完成，包含 16 条评论
2025-12-16 16:03:34,910 - scrapers.hackernews_scraper - INFO - 转换第 10/15 个故事: Ask HN: Thought-Provoking Book...
2025-12-16 16:03:38,021 - scrapers.hackernews_scraper - INFO - 找到 15 条评论
2025-12-16 16:03:38,032 - scrapers.hackernews_scraper - INFO - 故事 Ask HN: Thought-Provoking Book... 转换完成，包含 15 条评论
2025-12-16 16:03:38,032 - scrapers.hackernews_scraper - INFO - 转换第 11/15 个故事: Ask HN: How do I navigate horr...
2025-12-16 16:03:40,126 - scrapers.hackernews_scraper - INFO - 找到 5 条评论
2025-12-16 16:03:40,129 - scrapers.hackernews_scraper - INFO - 故事 Ask HN: How do I navigate horr... 转换完成，包含 5 条评论
2025-12-16 16:03:40,129 - scrapers.hackernews_scraper - INFO - 转换第 12/15 个故事: Ask HN: Please suggest a smart...
2025-12-16 16:03:42,610 - scrapers.hackernews_scraper - INFO - 找到 7 条评论
2025-12-16 16:03:42,614 - scrapers.hackernews_scraper - INFO - 故事 Ask HN: Please suggest a smart... 转换完成，包含 7 条评论
2025-12-16 16:03:42,614 - scrapers.hackernews_scraper - INFO - 转换第 13/15 个故事: Ask HN: Any online tech spaces...
2025-12-16 16:03:45,104 - scrapers.hackernews_scraper - INFO - 找到 9 条评论
2025-12-16 16:03:45,109 - scrapers.hackernews_scraper - INFO - 故事 Ask HN: Any online tech spaces... 转换完成，包含 9 条评论
2025-12-16 16:03:45,109 - scrapers.hackernews_scraper - INFO - 转换第 14/15 个故事: Ask HN: How are you educating ...
2025-12-16 16:03:46,604 - scrapers.hackernews_scraper - INFO - 找到 2 条评论
2025-12-16 16:03:46,606 - scrapers.hackernews_scraper - INFO - 故事 Ask HN: How are you educating ... 转换完成，包含 2 条评论
2025-12-16 16:03:46,606 - scrapers.hackernews_scraper - INFO - 转换第 15/15 个故事: Ask HN: Did anyone else notice...
2025-12-16 16:03:48,142 - scrapers.hackernews_scraper - INFO - 找到 9 条评论
2025-12-16 16:03:48,147 - scrapers.hackernews_scraper - INFO - 故事 Ask HN: Did anyone else notice... 转换完成，包含 9 条评论
2025-12-16 16:03:48,147 - scrapers.hackernews_scraper - INFO - 共转换 15 个故事为统一格式
2025-12-16 16:03:48,147 - scrapers.hackernews_scraper - INFO - 爬取完成，共获取 15 个Ask HN故事
2025-12-16 16:03:48,562 - utils.storage_utils - INFO - 已更新源索引: hackernews
2025-12-16 16:03:48,564 - utils.storage_utils - INFO - 数据已保存到 data/hackernews/week_2025-12-15.json
2025-12-16 16:03:48,564 - scrapers.base_scraper - INFO - 数据已保存到 data/hackernews/week_2025-12-15.json
2025-12-16 16:03:48,564 - scrapers.base_scraper - INFO - 成功爬取 Hacker News 的数据
2025-12-16 16:03:48,565 - __main__ - INFO - 完成: 1/3 个爬虫成功运行
2025-12-16 16:03:48,778 - __main__ - INFO - 归档所有源的旧数据
2025-12-16 16:03:48,778 - __main__ - INFO - 源 jandan 归档 无需归档
2025-12-16 16:03:48,778 - __main__ - INFO - 源 reddit 归档 无需归档
2025-12-16 16:03:48,778 - __main__ - INFO - 源 hackernews 归档 无需归档
