2025-08-31 16:01:46,021 - __main__ - INFO - 运行所有爬虫
2025-08-31 16:01:46,022 - scrapers.jandan_scraper - INFO - JandanScraper初始化完成
2025-08-31 16:01:46,022 - scrapers.base_scraper - INFO - 开始爬取 煎蛋网
2025-08-31 16:01:46,022 - scrapers.jandan_scraper - INFO - 开始爬取煎蛋热评
2025-08-31 16:01:50,066 - scrapers.jandan_scraper - INFO - 成功获取HTML内容，长度: 24792
2025-08-31 16:01:50,066 - scrapers.jandan_scraper - INFO - 调试: 手动获取评论 5877984 的吐槽数据
2025-08-31 16:01:50,066 - scrapers.jandan_scraper - INFO - 获取评论 5877984 的吐槽内容: https://jandan.net/api/tucao/list/5877984
2025-08-31 16:01:53,182 - scrapers.jandan_scraper - INFO - 评论 5877984 获取到 1 条热门吐槽, 3 条普通吐槽
2025-08-31 16:01:53,182 - scrapers.jandan_scraper - INFO - 调试: 评论 5877984 获取到 1 条热门吐槽, 3 条普通吐槽
2025-08-31 16:01:53,182 - scrapers.jandan_scraper - INFO - 开始解析页面中的评论
2025-08-31 16:01:53,182 - scrapers.jandan_scraper - INFO - 开始解析HTML内容, 长度: 24792
2025-08-31 16:01:53,191 - scrapers.jandan_scraper - INFO - 找到 0 条热门评论
2025-08-31 16:01:53,191 - scrapers.jandan_scraper - INFO - 解析完成，获取到 0 条评论
2025-08-31 16:01:53,191 - scrapers.jandan_scraper - INFO - 开始转换评论为统一格式
2025-08-31 16:01:53,191 - scrapers.jandan_scraper - INFO - 开始转换 0 条评论到统一格式
2025-08-31 16:01:53,191 - scrapers.jandan_scraper - INFO - 共转换 0 条评论为统一格式
2025-08-31 16:01:53,191 - scrapers.jandan_scraper - INFO - 爬取完成，共获取 0 条热评
2025-08-31 16:01:53,191 - scrapers.base_scraper - ERROR - 爬取 煎蛋网 失败
2025-08-31 16:01:53,191 - scrapers.reddit_scraper - INFO - RedditScraper初始化完成
2025-08-31 16:01:53,193 - scrapers.base_scraper - INFO - 开始爬取 Reddit
2025-08-31 16:01:53,193 - scrapers.reddit_scraper - INFO - 开始爬取Reddit r/confessions每周热门帖子
2025-08-31 16:01:54,561 - utils.http_utils - ERROR - 请求失败: https://www.reddit.com/r/confessions/top/.json?t=week&limit=10, 错误: 403 Client Error: Blocked for url: https://www.reddit.com/r/confessions/top/.json?t=week&limit=10
2025-08-31 16:01:54,562 - scrapers.reddit_scraper - ERROR - 获取API数据失败: 403 Client Error: Blocked for url: https://www.reddit.com/r/confessions/top/.json?t=week&limit=10
2025-08-31 16:01:54,563 - scrapers.base_scraper - ERROR - 爬取 Reddit 失败
2025-08-31 16:01:54,563 - scrapers.hackernews_scraper - INFO - HackerNewsScraper初始化完成
2025-08-31 16:01:54,563 - scrapers.base_scraper - INFO - 开始爬取 Hacker News
2025-08-31 16:01:54,563 - scrapers.hackernews_scraper - INFO - 开始爬取Hacker News Ask HN帖子
2025-08-31 16:01:54,563 - scrapers.hackernews_scraper - INFO - 获取Ask HN页面: https://news.ycombinator.com/ask
2025-08-31 16:01:56,562 - scrapers.hackernews_scraper - INFO - 找到 30 个帖子行
2025-08-31 16:01:56,563 - scrapers.hackernews_scraper - INFO - 成功解析故事: Ask HN: The government of my c..., 作者=rickybule, 点赞=1299, 评论=0
2025-08-31 16:01:56,564 - scrapers.hackernews_scraper - INFO - 成功解析故事: Ask HN: What to learn for math..., 作者=shivajikobardan, 点赞=70, 评论=0
2025-08-31 16:01:56,564 - scrapers.hackernews_scraper - INFO - 成功解析故事: Ask HN: Why hasn't x86 caught ..., 作者=stephenheron, 点赞=443, 评论=0
2025-08-31 16:01:56,565 - scrapers.hackernews_scraper - INFO - 成功解析故事: Ask HN: Any Android Engineers ..., 作者=gooob, 点赞=8, 评论=0
2025-08-31 16:01:56,565 - scrapers.hackernews_scraper - INFO - 成功解析故事: Ask HN: Anyone using their own..., 作者=vasko, 点赞=13, 评论=0
2025-08-31 16:01:56,566 - scrapers.hackernews_scraper - INFO - 成功解析故事: Ask HN: What do you think abou..., 作者=JOHN-DAN, 点赞=7, 评论=0
2025-08-31 16:01:56,567 - scrapers.hackernews_scraper - INFO - 成功解析故事: Ask HN: How can I recover and ..., 作者=diasks2, 点赞=56, 评论=0
2025-08-31 16:01:56,567 - scrapers.hackernews_scraper - INFO - 成功解析故事: Ask HN: Best self-hosted wiki ..., 作者=jMyles, 点赞=17, 评论=0
2025-08-31 16:01:56,568 - scrapers.hackernews_scraper - INFO - 成功解析故事: Ask HN: Why isn't perplexity c..., 作者=mhdi_kr99, 点赞=4, 评论=0
2025-08-31 16:01:56,568 - scrapers.hackernews_scraper - INFO - 成功解析故事: Ask HN: Language Learning Tool..., 作者=albert_e, 点赞=2, 评论=0
2025-08-31 16:01:56,569 - scrapers.hackernews_scraper - INFO - 成功解析故事: Ask HN: What is the chance of ..., 作者=Forgret, 点赞=5, 评论=0
2025-08-31 16:01:56,569 - scrapers.hackernews_scraper - INFO - 成功解析故事: Ask HN: Should we stop worryin..., 作者=_pdp_, 点赞=10, 评论=0
2025-08-31 16:01:56,570 - scrapers.hackernews_scraper - INFO - 成功解析故事: Ask HN: What options do I have..., 作者=wzamqo, 点赞=17, 评论=0
2025-08-31 16:01:56,570 - scrapers.hackernews_scraper - INFO - 成功解析故事: Ask HN: What to do when you su..., 作者=puppycodes, 点赞=18, 评论=0
2025-08-31 16:01:56,571 - scrapers.hackernews_scraper - INFO - 成功解析故事: Ask HN: Daily/weekly/monthly t..., 作者=shivajikobardan, 点赞=7, 评论=0
2025-08-31 16:01:56,571 - scrapers.hackernews_scraper - INFO - 成功解析 15 个Ask HN故事
2025-08-31 16:01:56,571 - scrapers.hackernews_scraper - INFO - 开始转换 15 个故事到统一格式
2025-08-31 16:01:56,571 - scrapers.hackernews_scraper - INFO - 转换第 1/15 个故事: Ask HN: The government of my c...
2025-08-31 16:02:00,407 - scrapers.hackernews_scraper - INFO - 找到 716 条评论
2025-08-31 16:02:09,737 - scrapers.hackernews_scraper - INFO - 故事 Ask HN: The government of my c... 转换完成，包含 100 条评论
2025-08-31 16:02:09,738 - scrapers.hackernews_scraper - INFO - 转换第 2/15 个故事: Ask HN: What to learn for math...
2025-08-31 16:02:12,353 - scrapers.hackernews_scraper - INFO - 找到 27 条评论
2025-08-31 16:02:12,380 - scrapers.hackernews_scraper - INFO - 故事 Ask HN: What to learn for math... 转换完成，包含 27 条评论
2025-08-31 16:02:12,380 - scrapers.hackernews_scraper - INFO - 转换第 3/15 个故事: Ask HN: Why hasn't x86 caught ...
2025-08-31 16:02:16,489 - scrapers.hackernews_scraper - INFO - 找到 617 条评论
2025-08-31 16:02:23,009 - scrapers.hackernews_scraper - INFO - 故事 Ask HN: Why hasn't x86 caught ... 转换完成，包含 100 条评论
2025-08-31 16:02:23,009 - scrapers.hackernews_scraper - INFO - 转换第 4/15 个故事: Ask HN: Any Android Engineers ...
2025-08-31 16:02:25,158 - scrapers.hackernews_scraper - INFO - 找到 1 条评论
2025-08-31 16:02:25,159 - scrapers.hackernews_scraper - INFO - 故事 Ask HN: Any Android Engineers ... 转换完成，包含 1 条评论
2025-08-31 16:02:25,159 - scrapers.hackernews_scraper - INFO - 转换第 5/15 个故事: Ask HN: Anyone using their own...
2025-08-31 16:02:27,135 - scrapers.hackernews_scraper - INFO - 找到 7 条评论
2025-08-31 16:02:27,139 - scrapers.hackernews_scraper - INFO - 故事 Ask HN: Anyone using their own... 转换完成，包含 7 条评论
2025-08-31 16:02:27,139 - scrapers.hackernews_scraper - INFO - 转换第 6/15 个故事: Ask HN: What do you think abou...
2025-08-31 16:02:30,087 - scrapers.hackernews_scraper - INFO - 找到 4 条评论
2025-08-31 16:02:30,089 - scrapers.hackernews_scraper - INFO - 故事 Ask HN: What do you think abou... 转换完成，包含 4 条评论
2025-08-31 16:02:30,089 - scrapers.hackernews_scraper - INFO - 转换第 7/15 个故事: Ask HN: How can I recover and ...
2025-08-31 16:02:32,036 - scrapers.hackernews_scraper - INFO - 找到 47 条评论
2025-08-31 16:02:32,092 - scrapers.hackernews_scraper - INFO - 故事 Ask HN: How can I recover and ... 转换完成，包含 47 条评论
2025-08-31 16:02:32,092 - scrapers.hackernews_scraper - INFO - 转换第 8/15 个故事: Ask HN: Best self-hosted wiki ...
2025-08-31 16:02:33,262 - scrapers.hackernews_scraper - INFO - 找到 5 条评论
2025-08-31 16:02:33,266 - scrapers.hackernews_scraper - INFO - 故事 Ask HN: Best self-hosted wiki ... 转换完成，包含 5 条评论
2025-08-31 16:02:33,266 - scrapers.hackernews_scraper - INFO - 转换第 9/15 个故事: Ask HN: Why isn't perplexity c...
2025-08-31 16:02:35,997 - scrapers.hackernews_scraper - INFO - 找到 0 条评论
2025-08-31 16:02:35,997 - scrapers.hackernews_scraper - INFO - 故事 Ask HN: Why isn't perplexity c... 转换完成，包含 0 条评论
2025-08-31 16:02:35,997 - scrapers.hackernews_scraper - INFO - 转换第 10/15 个故事: Ask HN: Language Learning Tool...
2025-08-31 16:02:38,305 - scrapers.hackernews_scraper - INFO - 找到 0 条评论
2025-08-31 16:02:38,305 - scrapers.hackernews_scraper - INFO - 故事 Ask HN: Language Learning Tool... 转换完成，包含 0 条评论
2025-08-31 16:02:38,306 - scrapers.hackernews_scraper - INFO - 转换第 11/15 个故事: Ask HN: What is the chance of ...
2025-08-31 16:02:40,607 - scrapers.hackernews_scraper - INFO - 找到 4 条评论
2025-08-31 16:02:40,610 - scrapers.hackernews_scraper - INFO - 故事 Ask HN: What is the chance of ... 转换完成，包含 4 条评论
2025-08-31 16:02:40,610 - scrapers.hackernews_scraper - INFO - 转换第 12/15 个故事: Ask HN: Should we stop worryin...
2025-08-31 16:02:42,777 - scrapers.hackernews_scraper - INFO - 找到 20 条评论
2025-08-31 16:02:42,792 - scrapers.hackernews_scraper - INFO - 故事 Ask HN: Should we stop worryin... 转换完成，包含 20 条评论
2025-08-31 16:02:42,792 - scrapers.hackernews_scraper - INFO - 转换第 13/15 个故事: Ask HN: What options do I have...
2025-08-31 16:02:44,245 - scrapers.hackernews_scraper - INFO - 找到 11 条评论
2025-08-31 16:02:44,252 - scrapers.hackernews_scraper - INFO - 故事 Ask HN: What options do I have... 转换完成，包含 11 条评论
2025-08-31 16:02:44,252 - scrapers.hackernews_scraper - INFO - 转换第 14/15 个故事: Ask HN: What to do when you su...
2025-08-31 16:02:46,239 - scrapers.hackernews_scraper - INFO - 找到 8 条评论
2025-08-31 16:02:46,244 - scrapers.hackernews_scraper - INFO - 故事 Ask HN: What to do when you su... 转换完成，包含 8 条评论
2025-08-31 16:02:46,245 - scrapers.hackernews_scraper - INFO - 转换第 15/15 个故事: Ask HN: Daily/weekly/monthly t...
2025-08-31 16:02:48,590 - scrapers.hackernews_scraper - INFO - 找到 0 条评论
2025-08-31 16:02:48,590 - scrapers.hackernews_scraper - INFO - 故事 Ask HN: Daily/weekly/monthly t... 转换完成，包含 0 条评论
2025-08-31 16:02:48,590 - scrapers.hackernews_scraper - INFO - 共转换 15 个故事为统一格式
2025-08-31 16:02:48,590 - scrapers.hackernews_scraper - INFO - 爬取完成，共获取 15 个Ask HN故事
2025-08-31 16:02:49,140 - utils.storage_utils - INFO - 已更新源索引: hackernews
2025-08-31 16:02:49,142 - utils.storage_utils - INFO - 数据已保存到 data/hackernews/week_2025-08-25.json
2025-08-31 16:02:49,145 - scrapers.base_scraper - INFO - 数据已保存到 data/hackernews/week_2025-08-25.json
2025-08-31 16:02:49,145 - scrapers.base_scraper - INFO - 成功爬取 Hacker News 的数据
2025-08-31 16:02:49,146 - __main__ - INFO - 完成: 1/3 个爬虫成功运行
2025-08-31 16:02:49,364 - __main__ - INFO - 归档所有源的旧数据
2025-08-31 16:02:49,364 - __main__ - INFO - 源 jandan 归档 无需归档
2025-08-31 16:02:49,364 - __main__ - INFO - 源 reddit 归档 无需归档
2025-08-31 16:02:49,364 - __main__ - INFO - 源 hackernews 归档 无需归档
