2025-10-02 16:02:15,800 - __main__ - INFO - 运行所有爬虫
2025-10-02 16:02:15,800 - scrapers.jandan_scraper - INFO - JandanScraper初始化完成
2025-10-02 16:02:15,801 - scrapers.base_scraper - INFO - 开始爬取 煎蛋网
2025-10-02 16:02:15,801 - scrapers.jandan_scraper - INFO - 开始爬取煎蛋热评
2025-10-02 16:02:20,975 - scrapers.jandan_scraper - INFO - 成功获取HTML内容，长度: 24786
2025-10-02 16:02:20,975 - scrapers.jandan_scraper - INFO - 调试: 手动获取评论 5877984 的吐槽数据
2025-10-02 16:02:20,975 - scrapers.jandan_scraper - INFO - 获取评论 5877984 的吐槽内容: https://jandan.net/api/tucao/list/5877984
2025-10-02 16:02:23,069 - scrapers.jandan_scraper - INFO - 评论 5877984 获取到 1 条热门吐槽, 3 条普通吐槽
2025-10-02 16:02:23,069 - scrapers.jandan_scraper - INFO - 调试: 评论 5877984 获取到 1 条热门吐槽, 3 条普通吐槽
2025-10-02 16:02:23,069 - scrapers.jandan_scraper - INFO - 开始解析页面中的评论
2025-10-02 16:02:23,069 - scrapers.jandan_scraper - INFO - 开始解析HTML内容, 长度: 24786
2025-10-02 16:02:23,078 - scrapers.jandan_scraper - INFO - 找到 0 条热门评论
2025-10-02 16:02:23,078 - scrapers.jandan_scraper - INFO - 解析完成，获取到 0 条评论
2025-10-02 16:02:23,078 - scrapers.jandan_scraper - INFO - 开始转换评论为统一格式
2025-10-02 16:02:23,078 - scrapers.jandan_scraper - INFO - 开始转换 0 条评论到统一格式
2025-10-02 16:02:23,078 - scrapers.jandan_scraper - INFO - 共转换 0 条评论为统一格式
2025-10-02 16:02:23,078 - scrapers.jandan_scraper - INFO - 爬取完成，共获取 0 条热评
2025-10-02 16:02:23,078 - scrapers.base_scraper - ERROR - 爬取 煎蛋网 失败
2025-10-02 16:02:23,078 - scrapers.reddit_scraper - INFO - RedditScraper初始化完成
2025-10-02 16:02:23,080 - scrapers.base_scraper - INFO - 开始爬取 Reddit
2025-10-02 16:02:23,080 - scrapers.reddit_scraper - INFO - 开始爬取Reddit r/confessions每周热门帖子
2025-10-02 16:02:25,533 - utils.http_utils - ERROR - 请求失败: https://www.reddit.com/r/confessions/top/.json?t=week&limit=10, 错误: 403 Client Error: Blocked for url: https://www.reddit.com/r/confessions/top/.json?t=week&limit=10
2025-10-02 16:02:25,534 - scrapers.reddit_scraper - ERROR - 获取API数据失败: 403 Client Error: Blocked for url: https://www.reddit.com/r/confessions/top/.json?t=week&limit=10
2025-10-02 16:02:25,534 - scrapers.base_scraper - ERROR - 爬取 Reddit 失败
2025-10-02 16:02:25,534 - scrapers.hackernews_scraper - INFO - HackerNewsScraper初始化完成
2025-10-02 16:02:25,534 - scrapers.base_scraper - INFO - 开始爬取 Hacker News
2025-10-02 16:02:25,534 - scrapers.hackernews_scraper - INFO - 开始爬取Hacker News Ask HN帖子
2025-10-02 16:02:25,535 - scrapers.hackernews_scraper - INFO - 获取Ask HN页面: https://news.ycombinator.com/ask
2025-10-02 16:02:27,406 - scrapers.hackernews_scraper - INFO - 找到 18 个帖子行
2025-10-02 16:02:27,408 - scrapers.hackernews_scraper - INFO - 成功解析故事: Ask HN: Who is hiring? (Octobe..., 作者=whoishiring, 点赞=215, 评论=0
2025-10-02 16:02:27,408 - scrapers.hackernews_scraper - INFO - 成功解析故事: Ask HN: Who wants to be hired?..., 作者=whoishiring, 点赞=85, 评论=0
2025-10-02 16:02:27,409 - scrapers.hackernews_scraper - INFO - 成功解析故事: Ask HN: What is nowadays (open..., 作者=hhthrowaway1230, 点赞=147, 评论=0
2025-10-02 16:02:27,410 - scrapers.hackernews_scraper - INFO - 成功解析故事: Ask HN: How is hiring done in ..., 作者=freetonik, 点赞=4, 评论=0
2025-10-02 16:02:27,410 - scrapers.hackernews_scraper - INFO - 成功解析故事: Ask HN: What are you working o..., 作者=david927, 点赞=301, 评论=0
2025-10-02 16:02:27,411 - scrapers.hackernews_scraper - INFO - 成功解析故事: Ask HN: Why does every website..., 作者=chistev, 点赞=9, 评论=0
2025-10-02 16:02:27,411 - scrapers.hackernews_scraper - INFO - 成功解析故事: Ask HN: How do you say “I don’..., 作者=AbstractH24, 点赞=33, 评论=0
2025-10-02 16:02:27,412 - scrapers.hackernews_scraper - INFO - 成功解析故事: Ask HN: How Do I Get over My E..., 作者=OulaX, 点赞=103, 评论=0
2025-10-02 16:02:27,413 - scrapers.hackernews_scraper - INFO - 成功解析故事: Ask HN: Do You Use Teamblind.c..., 作者=napolux, 点赞=5, 评论=0
2025-10-02 16:02:27,413 - scrapers.hackernews_scraper - INFO - 成功解析故事: Ask HN: Any local agents to he..., 作者=pcdoodle, 点赞=17, 评论=0
2025-10-02 16:02:27,414 - scrapers.hackernews_scraper - INFO - 成功解析故事: Ask HN: Who is building solo w..., 作者=kordlessagain, 点赞=4, 评论=0
2025-10-02 16:02:27,415 - scrapers.hackernews_scraper - INFO - 成功解析故事: Ask HN: If AI results in UBI, ..., 作者=amichail, 点赞=4, 评论=0
2025-10-02 16:02:27,415 - scrapers.hackernews_scraper - INFO - 成功解析 12 个Ask HN故事
2025-10-02 16:02:27,415 - scrapers.hackernews_scraper - INFO - 开始转换 12 个故事到统一格式
2025-10-02 16:02:27,415 - scrapers.hackernews_scraper - INFO - 转换第 1/12 个故事: Ask HN: Who is hiring? (Octobe...
2025-10-02 16:02:30,287 - scrapers.hackernews_scraper - INFO - 找到 309 条评论
2025-10-02 16:02:32,134 - scrapers.hackernews_scraper - INFO - 故事 Ask HN: Who is hiring? (Octobe... 转换完成，包含 100 条评论
2025-10-02 16:02:32,135 - scrapers.hackernews_scraper - INFO - 转换第 2/12 个故事: Ask HN: Who wants to be hired?...
2025-10-02 16:02:36,002 - scrapers.hackernews_scraper - INFO - 找到 262 条评论
2025-10-02 16:02:37,383 - scrapers.hackernews_scraper - INFO - 故事 Ask HN: Who wants to be hired?... 转换完成，包含 100 条评论
2025-10-02 16:02:37,384 - scrapers.hackernews_scraper - INFO - 转换第 3/12 个故事: Ask HN: What is nowadays (open...
2025-10-02 16:02:40,198 - scrapers.hackernews_scraper - INFO - 找到 147 条评论
2025-10-02 16:02:40,595 - scrapers.hackernews_scraper - INFO - 故事 Ask HN: What is nowadays (open... 转换完成，包含 100 条评论
2025-10-02 16:02:40,596 - scrapers.hackernews_scraper - INFO - 转换第 4/12 个故事: Ask HN: How is hiring done in ...
2025-10-02 16:02:43,038 - scrapers.hackernews_scraper - INFO - 找到 5 条评论
2025-10-02 16:02:43,041 - scrapers.hackernews_scraper - INFO - 故事 Ask HN: How is hiring done in ... 转换完成，包含 5 条评论
2025-10-02 16:02:43,041 - scrapers.hackernews_scraper - INFO - 转换第 5/12 个故事: Ask HN: What are you working o...
2025-10-02 16:02:48,383 - scrapers.hackernews_scraper - INFO - 找到 957 条评论
2025-10-02 16:03:03,697 - scrapers.hackernews_scraper - INFO - 故事 Ask HN: What are you working o... 转换完成，包含 100 条评论
2025-10-02 16:03:03,697 - scrapers.hackernews_scraper - INFO - 转换第 6/12 个故事: Ask HN: Why does every website...
2025-10-02 16:03:06,815 - scrapers.hackernews_scraper - INFO - 找到 14 条评论
2025-10-02 16:03:06,826 - scrapers.hackernews_scraper - INFO - 故事 Ask HN: Why does every website... 转换完成，包含 14 条评论
2025-10-02 16:03:06,826 - scrapers.hackernews_scraper - INFO - 转换第 7/12 个故事: Ask HN: How do you say “I don’...
2025-10-02 16:03:08,941 - scrapers.hackernews_scraper - INFO - 找到 54 条评论
2025-10-02 16:03:09,010 - scrapers.hackernews_scraper - INFO - 故事 Ask HN: How do you say “I don’... 转换完成，包含 54 条评论
2025-10-02 16:03:09,010 - scrapers.hackernews_scraper - INFO - 转换第 8/12 个故事: Ask HN: How Do I Get over My E...
2025-10-02 16:03:11,649 - scrapers.hackernews_scraper - INFO - 找到 92 条评论
2025-10-02 16:03:11,817 - scrapers.hackernews_scraper - INFO - 故事 Ask HN: How Do I Get over My E... 转换完成，包含 92 条评论
2025-10-02 16:03:11,817 - scrapers.hackernews_scraper - INFO - 转换第 9/12 个故事: Ask HN: Do You Use Teamblind.c...
2025-10-02 16:03:13,445 - scrapers.hackernews_scraper - INFO - 找到 10 条评论
2025-10-02 16:03:13,452 - scrapers.hackernews_scraper - INFO - 故事 Ask HN: Do You Use Teamblind.c... 转换完成，包含 10 条评论
2025-10-02 16:03:13,452 - scrapers.hackernews_scraper - INFO - 转换第 10/12 个故事: Ask HN: Any local agents to he...
2025-10-02 16:03:15,740 - scrapers.hackernews_scraper - INFO - 找到 10 条评论
2025-10-02 16:03:15,746 - scrapers.hackernews_scraper - INFO - 故事 Ask HN: Any local agents to he... 转换完成，包含 10 条评论
2025-10-02 16:03:15,746 - scrapers.hackernews_scraper - INFO - 转换第 11/12 个故事: Ask HN: Who is building solo w...
2025-10-02 16:03:17,835 - scrapers.hackernews_scraper - INFO - 找到 6 条评论
2025-10-02 16:03:17,838 - scrapers.hackernews_scraper - INFO - 故事 Ask HN: Who is building solo w... 转换完成，包含 6 条评论
2025-10-02 16:03:17,838 - scrapers.hackernews_scraper - INFO - 转换第 12/12 个故事: Ask HN: If AI results in UBI, ...
2025-10-02 16:03:19,582 - scrapers.hackernews_scraper - INFO - 找到 17 条评论
2025-10-02 16:03:19,595 - scrapers.hackernews_scraper - INFO - 故事 Ask HN: If AI results in UBI, ... 转换完成，包含 17 条评论
2025-10-02 16:03:19,595 - scrapers.hackernews_scraper - INFO - 共转换 12 个故事为统一格式
2025-10-02 16:03:19,595 - scrapers.hackernews_scraper - INFO - 爬取完成，共获取 12 个Ask HN故事
2025-10-02 16:03:20,020 - utils.storage_utils - INFO - 已更新源索引: hackernews
2025-10-02 16:03:20,021 - utils.storage_utils - INFO - 数据已保存到 data/hackernews/week_2025-09-29.json
2025-10-02 16:03:20,022 - scrapers.base_scraper - INFO - 数据已保存到 data/hackernews/week_2025-09-29.json
2025-10-02 16:03:20,022 - scrapers.base_scraper - INFO - 成功爬取 Hacker News 的数据
2025-10-02 16:03:20,023 - __main__ - INFO - 完成: 1/3 个爬虫成功运行
2025-10-02 16:03:20,240 - __main__ - INFO - 归档所有源的旧数据
2025-10-02 16:03:20,241 - __main__ - INFO - 源 jandan 归档 无需归档
2025-10-02 16:03:20,241 - __main__ - INFO - 源 reddit 归档 无需归档
2025-10-02 16:03:20,241 - __main__ - INFO - 源 hackernews 归档 无需归档
