2025-07-21 16:01:43,730 - __main__ - INFO - 运行所有爬虫
2025-07-21 16:01:43,731 - scrapers.jandan_scraper - INFO - JandanScraper初始化完成
2025-07-21 16:01:43,731 - scrapers.base_scraper - INFO - 开始爬取 煎蛋网
2025-07-21 16:01:43,731 - scrapers.jandan_scraper - INFO - 开始爬取煎蛋热评
2025-07-21 16:01:48,839 - scrapers.jandan_scraper - INFO - 成功获取HTML内容，长度: 26180
2025-07-21 16:01:48,839 - scrapers.jandan_scraper - INFO - 调试: 手动获取评论 5877984 的吐槽数据
2025-07-21 16:01:48,840 - scrapers.jandan_scraper - INFO - 获取评论 5877984 的吐槽内容: https://jandan.net/api/tucao/list/5877984
2025-07-21 16:01:51,881 - scrapers.jandan_scraper - INFO - 评论 5877984 获取到 1 条热门吐槽, 3 条普通吐槽
2025-07-21 16:01:51,881 - scrapers.jandan_scraper - INFO - 调试: 评论 5877984 获取到 1 条热门吐槽, 3 条普通吐槽
2025-07-21 16:01:51,881 - scrapers.jandan_scraper - INFO - 开始解析页面中的评论
2025-07-21 16:01:51,881 - scrapers.jandan_scraper - INFO - 开始解析HTML内容, 长度: 26180
2025-07-21 16:01:51,890 - scrapers.jandan_scraper - INFO - 找到 0 条热门评论
2025-07-21 16:01:51,890 - scrapers.jandan_scraper - INFO - 解析完成，获取到 0 条评论
2025-07-21 16:01:51,890 - scrapers.jandan_scraper - INFO - 开始转换评论为统一格式
2025-07-21 16:01:51,890 - scrapers.jandan_scraper - INFO - 开始转换 0 条评论到统一格式
2025-07-21 16:01:51,890 - scrapers.jandan_scraper - INFO - 共转换 0 条评论为统一格式
2025-07-21 16:01:51,890 - scrapers.jandan_scraper - INFO - 爬取完成，共获取 0 条热评
2025-07-21 16:01:51,890 - scrapers.base_scraper - ERROR - 爬取 煎蛋网 失败
2025-07-21 16:01:51,890 - scrapers.reddit_scraper - INFO - RedditScraper初始化完成
2025-07-21 16:01:51,891 - scrapers.base_scraper - INFO - 开始爬取 Reddit
2025-07-21 16:01:51,891 - scrapers.reddit_scraper - INFO - 开始爬取Reddit r/confessions每周热门帖子
2025-07-21 16:01:53,289 - utils.http_utils - ERROR - 请求失败: https://www.reddit.com/r/confessions/top/.json?t=week&limit=10, 错误: 403 Client Error: Blocked for url: https://www.reddit.com/r/confessions/top/.json?t=week&limit=10
2025-07-21 16:01:53,289 - scrapers.reddit_scraper - ERROR - 获取API数据失败: 403 Client Error: Blocked for url: https://www.reddit.com/r/confessions/top/.json?t=week&limit=10
2025-07-21 16:01:53,289 - scrapers.base_scraper - ERROR - 爬取 Reddit 失败
2025-07-21 16:01:53,289 - scrapers.hackernews_scraper - INFO - HackerNewsScraper初始化完成
2025-07-21 16:01:53,290 - scrapers.base_scraper - INFO - 开始爬取 Hacker News
2025-07-21 16:01:53,290 - scrapers.hackernews_scraper - INFO - 开始爬取Hacker News Ask HN帖子
2025-07-21 16:01:53,290 - scrapers.hackernews_scraper - INFO - 获取Ask HN页面: https://news.ycombinator.com/ask
2025-07-21 16:01:56,677 - scrapers.hackernews_scraper - INFO - 找到 30 个帖子行
2025-07-21 16:01:56,678 - scrapers.hackernews_scraper - INFO - 成功解析故事: Ask HN: How to find non-popula..., 作者=dominicq, 点赞=5, 评论=0
2025-07-21 16:01:56,679 - scrapers.hackernews_scraper - INFO - 成功解析故事: Ask HN: Is there a way to get ..., 作者=nomilk, 点赞=2, 评论=0
2025-07-21 16:01:56,680 - scrapers.hackernews_scraper - INFO - 成功解析故事: Ask HN: What is a great projec..., 作者=coopreme, 点赞=9, 评论=0
2025-07-21 16:01:56,680 - scrapers.hackernews_scraper - INFO - 成功解析故事: Ask HN: What is your most dist..., 作者=gardnr, 点赞=6, 评论=0
2025-07-21 16:01:56,681 - scrapers.hackernews_scraper - INFO - 成功解析故事: Ask HN: Any active COBOL devs ..., 作者=_false, 点赞=239, 评论=0
2025-07-21 16:01:56,681 - scrapers.hackernews_scraper - INFO - 成功解析故事: Ask HN: US expats/nomads, how ..., 作者=rudnevr, 点赞=13, 评论=0
2025-07-21 16:01:56,682 - scrapers.hackernews_scraper - INFO - 成功解析故事: Ask HN: How do I prevent AI fr..., 作者=blindriver, 点赞=5, 评论=0
2025-07-21 16:01:56,683 - scrapers.hackernews_scraper - INFO - 成功解析故事: Ask HN: What Pocket alternativ..., 作者=ahmedfromtunis, 点赞=121, 评论=0
2025-07-21 16:01:56,683 - scrapers.hackernews_scraper - INFO - 成功解析故事: Ask HN: Looking for alpha test..., 作者=90s_dev, 点赞=6, 评论=0
2025-07-21 16:01:56,684 - scrapers.hackernews_scraper - INFO - 成功解析故事: Ask HN: What's Your Useful Loc..., 作者=Olshansky, 点赞=82, 评论=0
2025-07-21 16:01:56,684 - scrapers.hackernews_scraper - INFO - 成功解析故事: Ask HN: Recommendation for goo..., 作者=doruk101, 点赞=6, 评论=0
2025-07-21 16:01:56,685 - scrapers.hackernews_scraper - INFO - 成功解析故事: Ask HN: Is it time to fork HN ..., 作者=bookofjoe, 点赞=529, 评论=0
2025-07-21 16:01:56,685 - scrapers.hackernews_scraper - INFO - 成功解析故事: Ask HN: What could I build to ..., 作者=uint9_t, 点赞=11, 评论=0
2025-07-21 16:01:56,686 - scrapers.hackernews_scraper - INFO - 成功解析故事: Ask HN: Having terrible time w..., 作者=gist, 点赞=6, 评论=0
2025-07-21 16:01:56,686 - scrapers.hackernews_scraper - INFO - 成功解析故事: Ask HN: What's the competitive..., 作者=creepy, 点赞=12, 评论=0
2025-07-21 16:01:56,687 - scrapers.hackernews_scraper - INFO - 成功解析 15 个Ask HN故事
2025-07-21 16:01:56,687 - scrapers.hackernews_scraper - INFO - 开始转换 15 个故事到统一格式
2025-07-21 16:01:56,687 - scrapers.hackernews_scraper - INFO - 转换第 1/15 个故事: Ask HN: How to find non-popula...
2025-07-21 16:01:59,539 - scrapers.hackernews_scraper - INFO - 找到 8 条评论
2025-07-21 16:01:59,545 - scrapers.hackernews_scraper - INFO - 故事 Ask HN: How to find non-popula... 转换完成，包含 8 条评论
2025-07-21 16:01:59,545 - scrapers.hackernews_scraper - INFO - 转换第 2/15 个故事: Ask HN: Is there a way to get ...
2025-07-21 16:02:01,776 - scrapers.hackernews_scraper - INFO - 找到 6 条评论
2025-07-21 16:02:01,779 - scrapers.hackernews_scraper - INFO - 故事 Ask HN: Is there a way to get ... 转换完成，包含 6 条评论
2025-07-21 16:02:01,779 - scrapers.hackernews_scraper - INFO - 转换第 3/15 个故事: Ask HN: What is a great projec...
2025-07-21 16:02:04,828 - scrapers.hackernews_scraper - INFO - 找到 4 条评论
2025-07-21 16:02:04,831 - scrapers.hackernews_scraper - INFO - 故事 Ask HN: What is a great projec... 转换完成，包含 4 条评论
2025-07-21 16:02:04,831 - scrapers.hackernews_scraper - INFO - 转换第 4/15 个故事: Ask HN: What is your most dist...
2025-07-21 16:02:07,243 - scrapers.hackernews_scraper - INFO - 找到 6 条评论
2025-07-21 16:02:07,247 - scrapers.hackernews_scraper - INFO - 故事 Ask HN: What is your most dist... 转换完成，包含 6 条评论
2025-07-21 16:02:07,247 - scrapers.hackernews_scraper - INFO - 转换第 5/15 个故事: Ask HN: Any active COBOL devs ...
2025-07-21 16:02:10,419 - scrapers.hackernews_scraper - INFO - 找到 183 条评论
2025-07-21 16:02:11,028 - scrapers.hackernews_scraper - INFO - 故事 Ask HN: Any active COBOL devs ... 转换完成，包含 100 条评论
2025-07-21 16:02:11,028 - scrapers.hackernews_scraper - INFO - 转换第 6/15 个故事: Ask HN: US expats/nomads, how ...
2025-07-21 16:02:13,519 - scrapers.hackernews_scraper - INFO - 找到 10 条评论
2025-07-21 16:02:13,525 - scrapers.hackernews_scraper - INFO - 故事 Ask HN: US expats/nomads, how ... 转换完成，包含 10 条评论
2025-07-21 16:02:13,525 - scrapers.hackernews_scraper - INFO - 转换第 7/15 个故事: Ask HN: How do I prevent AI fr...
2025-07-21 16:02:16,089 - scrapers.hackernews_scraper - INFO - 找到 4 条评论
2025-07-21 16:02:16,092 - scrapers.hackernews_scraper - INFO - 故事 Ask HN: How do I prevent AI fr... 转换完成，包含 4 条评论
2025-07-21 16:02:16,092 - scrapers.hackernews_scraper - INFO - 转换第 8/15 个故事: Ask HN: What Pocket alternativ...
2025-07-21 16:02:18,162 - scrapers.hackernews_scraper - INFO - 找到 138 条评论
2025-07-21 16:02:18,520 - scrapers.hackernews_scraper - INFO - 故事 Ask HN: What Pocket alternativ... 转换完成，包含 100 条评论
2025-07-21 16:02:18,520 - scrapers.hackernews_scraper - INFO - 转换第 9/15 个故事: Ask HN: Looking for alpha test...
2025-07-21 16:02:20,636 - scrapers.hackernews_scraper - INFO - 找到 1 条评论
2025-07-21 16:02:20,637 - scrapers.hackernews_scraper - INFO - 故事 Ask HN: Looking for alpha test... 转换完成，包含 1 条评论
2025-07-21 16:02:20,637 - scrapers.hackernews_scraper - INFO - 转换第 10/15 个故事: Ask HN: What's Your Useful Loc...
2025-07-21 16:02:23,034 - scrapers.hackernews_scraper - INFO - 找到 48 条评论
2025-07-21 16:02:23,095 - scrapers.hackernews_scraper - INFO - 故事 Ask HN: What's Your Useful Loc... 转换完成，包含 48 条评论
2025-07-21 16:02:23,095 - scrapers.hackernews_scraper - INFO - 转换第 11/15 个故事: Ask HN: Recommendation for goo...
2025-07-21 16:02:25,627 - scrapers.hackernews_scraper - INFO - 找到 2 条评论
2025-07-21 16:02:25,628 - scrapers.hackernews_scraper - INFO - 故事 Ask HN: Recommendation for goo... 转换完成，包含 2 条评论
2025-07-21 16:02:25,628 - scrapers.hackernews_scraper - INFO - 转换第 12/15 个故事: Ask HN: Is it time to fork HN ...
2025-07-21 16:02:29,429 - scrapers.hackernews_scraper - INFO - 找到 373 条评论
2025-07-21 16:02:32,291 - scrapers.hackernews_scraper - INFO - 故事 Ask HN: Is it time to fork HN ... 转换完成，包含 100 条评论
2025-07-21 16:02:32,291 - scrapers.hackernews_scraper - INFO - 转换第 13/15 个故事: Ask HN: What could I build to ...
2025-07-21 16:02:34,090 - scrapers.hackernews_scraper - INFO - 找到 15 条评论
2025-07-21 16:02:34,102 - scrapers.hackernews_scraper - INFO - 故事 Ask HN: What could I build to ... 转换完成，包含 15 条评论
2025-07-21 16:02:34,102 - scrapers.hackernews_scraper - INFO - 转换第 14/15 个故事: Ask HN: Having terrible time w...
2025-07-21 16:02:36,901 - scrapers.hackernews_scraper - INFO - 找到 11 条评论
2025-07-21 16:02:36,909 - scrapers.hackernews_scraper - INFO - 故事 Ask HN: Having terrible time w... 转换完成，包含 11 条评论
2025-07-21 16:02:36,909 - scrapers.hackernews_scraper - INFO - 转换第 15/15 个故事: Ask HN: What's the competitive...
2025-07-21 16:02:38,355 - scrapers.hackernews_scraper - INFO - 找到 10 条评论
2025-07-21 16:02:38,362 - scrapers.hackernews_scraper - INFO - 故事 Ask HN: What's the competitive... 转换完成，包含 10 条评论
2025-07-21 16:02:38,362 - scrapers.hackernews_scraper - INFO - 共转换 15 个故事为统一格式
2025-07-21 16:02:38,362 - scrapers.hackernews_scraper - INFO - 爬取完成，共获取 15 个Ask HN故事
2025-07-21 16:02:38,788 - utils.storage_utils - INFO - 已更新源索引: hackernews
2025-07-21 16:02:38,792 - utils.storage_utils - INFO - 数据已保存到 data/hackernews/week_2025-07-21.json
2025-07-21 16:02:38,792 - scrapers.base_scraper - INFO - 数据已保存到 data/hackernews/week_2025-07-21.json
2025-07-21 16:02:38,792 - scrapers.base_scraper - INFO - 成功爬取 Hacker News 的数据
2025-07-21 16:02:38,792 - __main__ - INFO - 完成: 1/3 个爬虫成功运行
2025-07-21 16:02:39,041 - __main__ - INFO - 归档所有源的旧数据
2025-07-21 16:02:39,042 - __main__ - INFO - 源 jandan 归档 无需归档
2025-07-21 16:02:39,042 - __main__ - INFO - 源 reddit 归档 无需归档
2025-07-21 16:02:39,042 - utils.storage_utils - INFO - 已将 week_2025-04-28.json 归档
2025-07-21 16:02:39,042 - __main__ - INFO - 源 hackernews 归档 成功
