2025-12-01 16:02:38,512 - __main__ - INFO - 运行所有爬虫
2025-12-01 16:02:38,513 - scrapers.jandan_scraper - INFO - JandanScraper初始化完成
2025-12-01 16:02:38,513 - scrapers.base_scraper - INFO - 开始爬取 煎蛋网
2025-12-01 16:02:38,513 - scrapers.jandan_scraper - INFO - 开始爬取煎蛋热评
2025-12-01 16:02:42,475 - scrapers.jandan_scraper - INFO - 成功获取HTML内容，长度: 24786
2025-12-01 16:02:42,476 - scrapers.jandan_scraper - INFO - 调试: 手动获取评论 5877984 的吐槽数据
2025-12-01 16:02:42,476 - scrapers.jandan_scraper - INFO - 获取评论 5877984 的吐槽内容: https://jandan.net/api/tucao/list/5877984
2025-12-01 16:02:45,293 - scrapers.jandan_scraper - INFO - 评论 5877984 获取到 1 条热门吐槽, 3 条普通吐槽
2025-12-01 16:02:45,293 - scrapers.jandan_scraper - INFO - 调试: 评论 5877984 获取到 1 条热门吐槽, 3 条普通吐槽
2025-12-01 16:02:45,293 - scrapers.jandan_scraper - INFO - 开始解析页面中的评论
2025-12-01 16:02:45,293 - scrapers.jandan_scraper - INFO - 开始解析HTML内容, 长度: 24786
2025-12-01 16:02:45,302 - scrapers.jandan_scraper - INFO - 找到 0 条热门评论
2025-12-01 16:02:45,302 - scrapers.jandan_scraper - INFO - 解析完成，获取到 0 条评论
2025-12-01 16:02:45,302 - scrapers.jandan_scraper - INFO - 开始转换评论为统一格式
2025-12-01 16:02:45,302 - scrapers.jandan_scraper - INFO - 开始转换 0 条评论到统一格式
2025-12-01 16:02:45,302 - scrapers.jandan_scraper - INFO - 共转换 0 条评论为统一格式
2025-12-01 16:02:45,302 - scrapers.jandan_scraper - INFO - 爬取完成，共获取 0 条热评
2025-12-01 16:02:45,302 - scrapers.base_scraper - ERROR - 爬取 煎蛋网 失败
2025-12-01 16:02:45,302 - scrapers.reddit_scraper - INFO - RedditScraper初始化完成
2025-12-01 16:02:45,304 - scrapers.base_scraper - INFO - 开始爬取 Reddit
2025-12-01 16:02:45,304 - scrapers.reddit_scraper - INFO - 开始爬取Reddit r/confessions每周热门帖子
2025-12-01 16:02:47,007 - utils.http_utils - ERROR - 请求失败: https://www.reddit.com/r/confessions/top/.json?t=week&limit=10, 错误: 403 Client Error: Blocked for url: https://www.reddit.com/r/confessions/top/.json?t=week&limit=10
2025-12-01 16:02:47,008 - scrapers.reddit_scraper - ERROR - 获取API数据失败: 403 Client Error: Blocked for url: https://www.reddit.com/r/confessions/top/.json?t=week&limit=10
2025-12-01 16:02:47,008 - scrapers.base_scraper - ERROR - 爬取 Reddit 失败
2025-12-01 16:02:47,008 - scrapers.hackernews_scraper - INFO - HackerNewsScraper初始化完成
2025-12-01 16:02:47,008 - scrapers.base_scraper - INFO - 开始爬取 Hacker News
2025-12-01 16:02:47,008 - scrapers.hackernews_scraper - INFO - 开始爬取Hacker News Ask HN帖子
2025-12-01 16:02:47,008 - scrapers.hackernews_scraper - INFO - 获取Ask HN页面: https://news.ycombinator.com/ask
2025-12-01 16:02:48,424 - scrapers.hackernews_scraper - INFO - 找到 28 个帖子行
2025-12-01 16:02:48,425 - scrapers.hackernews_scraper - INFO - 成功解析故事: Ask HN: Who is hiring? (Decemb..., 作者=whoishiring, 点赞=2, 评论=0
2025-12-01 16:02:48,426 - scrapers.hackernews_scraper - INFO - 成功解析故事: Ask HN: Quality of recent gens..., 作者=ferguess_k, 点赞=18, 评论=0
2025-12-01 16:02:48,427 - scrapers.hackernews_scraper - INFO - 成功解析故事: Ask HN: Linux offline knowledg..., 作者=rando77, 点赞=2, 评论=0
2025-12-01 16:02:48,428 - scrapers.hackernews_scraper - INFO - 成功解析故事: Ask HN: Anyone using CRM and c..., 作者=adipm_tech, 点赞=3, 评论=0
2025-12-01 16:02:48,429 - scrapers.hackernews_scraper - INFO - 成功解析故事: Ask HN: Hearing aid wearers, w..., 作者=pugworthy, 点赞=356, 评论=0
2025-12-01 16:02:48,430 - scrapers.hackernews_scraper - INFO - 成功解析故事: Ask HN: Which cloud provider d..., 作者=trio8453, 点赞=15, 评论=0
2025-12-01 16:02:48,430 - scrapers.hackernews_scraper - INFO - 成功解析故事: Ask HN: How do you verify fron..., 作者=eugene-kim, 点赞=7, 评论=0
2025-12-01 16:02:48,431 - scrapers.hackernews_scraper - INFO - 成功解析故事: Ask HN: Good resources to lear..., 作者=_1tan, 点赞=138, 评论=0
2025-12-01 16:02:48,432 - scrapers.hackernews_scraper - INFO - 成功解析故事: Ask HN: Scheduling stateful no..., 作者=leo_e, 点赞=24, 评论=0
2025-12-01 16:02:48,432 - scrapers.hackernews_scraper - INFO - 成功解析故事: Ask HN: What open source proje..., 作者=jayzalowitz, 点赞=27, 评论=0
2025-12-01 16:02:48,433 - scrapers.hackernews_scraper - INFO - 成功解析故事: Ask HN: Should account creatio..., 作者=megraf, 点赞=26, 评论=0
2025-12-01 16:02:48,434 - scrapers.hackernews_scraper - INFO - 成功解析故事: Ask HN: Practicality of harnes..., 作者=keepamovin, 点赞=4, 评论=0
2025-12-01 16:02:48,434 - scrapers.hackernews_scraper - INFO - 成功解析 12 个Ask HN故事
2025-12-01 16:02:48,434 - scrapers.hackernews_scraper - INFO - 开始转换 12 个故事到统一格式
2025-12-01 16:02:48,434 - scrapers.hackernews_scraper - INFO - 转换第 1/12 个故事: Ask HN: Who is hiring? (Decemb...
2025-12-01 16:02:51,281 - scrapers.hackernews_scraper - INFO - 找到 2 条评论
2025-12-01 16:02:51,283 - scrapers.hackernews_scraper - INFO - 故事 Ask HN: Who is hiring? (Decemb... 转换完成，包含 2 条评论
2025-12-01 16:02:51,283 - scrapers.hackernews_scraper - INFO - 转换第 2/12 个故事: Ask HN: Quality of recent gens...
2025-12-01 16:02:52,527 - scrapers.hackernews_scraper - INFO - 找到 20 条评论
2025-12-01 16:02:52,543 - scrapers.hackernews_scraper - INFO - 故事 Ask HN: Quality of recent gens... 转换完成，包含 20 条评论
2025-12-01 16:02:52,543 - scrapers.hackernews_scraper - INFO - 转换第 3/12 个故事: Ask HN: Linux offline knowledg...
2025-12-01 16:02:55,125 - scrapers.hackernews_scraper - INFO - 找到 3 条评论
2025-12-01 16:02:55,127 - scrapers.hackernews_scraper - INFO - 故事 Ask HN: Linux offline knowledg... 转换完成，包含 3 条评论
2025-12-01 16:02:55,128 - scrapers.hackernews_scraper - INFO - 转换第 4/12 个故事: Ask HN: Anyone using CRM and c...
2025-12-01 16:02:56,535 - scrapers.hackernews_scraper - INFO - 找到 1 条评论
2025-12-01 16:02:56,536 - scrapers.hackernews_scraper - INFO - 故事 Ask HN: Anyone using CRM and c... 转换完成，包含 1 条评论
2025-12-01 16:02:56,536 - scrapers.hackernews_scraper - INFO - 转换第 5/12 个故事: Ask HN: Hearing aid wearers, w...
2025-12-01 16:02:58,531 - scrapers.hackernews_scraper - INFO - 找到 208 条评论
2025-12-01 16:02:59,274 - scrapers.hackernews_scraper - INFO - 故事 Ask HN: Hearing aid wearers, w... 转换完成，包含 100 条评论
2025-12-01 16:02:59,274 - scrapers.hackernews_scraper - INFO - 转换第 6/12 个故事: Ask HN: Which cloud provider d...
2025-12-01 16:03:02,089 - scrapers.hackernews_scraper - INFO - 找到 19 条评论
2025-12-01 16:03:02,104 - scrapers.hackernews_scraper - INFO - 故事 Ask HN: Which cloud provider d... 转换完成，包含 19 条评论
2025-12-01 16:03:02,104 - scrapers.hackernews_scraper - INFO - 转换第 7/12 个故事: Ask HN: How do you verify fron...
2025-12-01 16:03:04,794 - scrapers.hackernews_scraper - INFO - 找到 2 条评论
2025-12-01 16:03:04,795 - scrapers.hackernews_scraper - INFO - 故事 Ask HN: How do you verify fron... 转换完成，包含 2 条评论
2025-12-01 16:03:04,795 - scrapers.hackernews_scraper - INFO - 转换第 8/12 个故事: Ask HN: Good resources to lear...
2025-12-01 16:03:07,118 - scrapers.hackernews_scraper - INFO - 找到 28 条评论
2025-12-01 16:03:07,144 - scrapers.hackernews_scraper - INFO - 故事 Ask HN: Good resources to lear... 转换完成，包含 28 条评论
2025-12-01 16:03:07,144 - scrapers.hackernews_scraper - INFO - 转换第 9/12 个故事: Ask HN: Scheduling stateful no...
2025-12-01 16:03:08,449 - scrapers.hackernews_scraper - INFO - 找到 25 条评论
2025-12-01 16:03:08,471 - scrapers.hackernews_scraper - INFO - 故事 Ask HN: Scheduling stateful no... 转换完成，包含 25 条评论
2025-12-01 16:03:08,471 - scrapers.hackernews_scraper - INFO - 转换第 10/12 个故事: Ask HN: What open source proje...
2025-12-01 16:03:10,153 - scrapers.hackernews_scraper - INFO - 找到 35 条评论
2025-12-01 16:03:10,187 - scrapers.hackernews_scraper - INFO - 故事 Ask HN: What open source proje... 转换完成，包含 35 条评论
2025-12-01 16:03:10,187 - scrapers.hackernews_scraper - INFO - 转换第 11/12 个故事: Ask HN: Should account creatio...
2025-12-01 16:03:11,468 - scrapers.hackernews_scraper - INFO - 找到 38 条评论
2025-12-01 16:03:11,507 - scrapers.hackernews_scraper - INFO - 故事 Ask HN: Should account creatio... 转换完成，包含 38 条评论
2025-12-01 16:03:11,507 - scrapers.hackernews_scraper - INFO - 转换第 12/12 个故事: Ask HN: Practicality of harnes...
2025-12-01 16:03:12,874 - scrapers.hackernews_scraper - INFO - 找到 5 条评论
2025-12-01 16:03:12,877 - scrapers.hackernews_scraper - INFO - 故事 Ask HN: Practicality of harnes... 转换完成，包含 5 条评论
2025-12-01 16:03:12,877 - scrapers.hackernews_scraper - INFO - 共转换 12 个故事为统一格式
2025-12-01 16:03:12,877 - scrapers.hackernews_scraper - INFO - 爬取完成，共获取 12 个Ask HN故事
2025-12-01 16:03:13,237 - utils.storage_utils - INFO - 已更新源索引: hackernews
2025-12-01 16:03:13,238 - utils.storage_utils - INFO - 数据已保存到 data/hackernews/week_2025-12-01.json
2025-12-01 16:03:13,238 - scrapers.base_scraper - INFO - 数据已保存到 data/hackernews/week_2025-12-01.json
2025-12-01 16:03:13,238 - scrapers.base_scraper - INFO - 成功爬取 Hacker News 的数据
2025-12-01 16:03:13,239 - __main__ - INFO - 完成: 1/3 个爬虫成功运行
2025-12-01 16:03:13,454 - __main__ - INFO - 归档所有源的旧数据
2025-12-01 16:03:13,455 - __main__ - INFO - 源 jandan 归档 无需归档
2025-12-01 16:03:13,455 - __main__ - INFO - 源 reddit 归档 无需归档
2025-12-01 16:03:13,455 - utils.storage_utils - INFO - 已将 week_2025-09-08.json 归档
2025-12-01 16:03:13,455 - __main__ - INFO - 源 hackernews 归档 成功
