2026-01-08 16:03:17,196 - __main__ - INFO - 运行所有爬虫
2026-01-08 16:03:17,196 - scrapers.jandan_scraper - INFO - JandanScraper初始化完成
2026-01-08 16:03:17,197 - scrapers.base_scraper - INFO - 开始爬取 煎蛋网
2026-01-08 16:03:17,197 - scrapers.jandan_scraper - INFO - 开始爬取煎蛋热评
2026-01-08 16:03:22,258 - scrapers.jandan_scraper - INFO - 成功获取HTML内容，长度: 24777
2026-01-08 16:03:22,258 - scrapers.jandan_scraper - INFO - 调试: 手动获取评论 5877984 的吐槽数据
2026-01-08 16:03:22,259 - scrapers.jandan_scraper - INFO - 获取评论 5877984 的吐槽内容: https://jandan.net/api/tucao/list/5877984
2026-01-08 16:03:24,283 - scrapers.jandan_scraper - INFO - 评论 5877984 获取到 1 条热门吐槽, 3 条普通吐槽
2026-01-08 16:03:24,283 - scrapers.jandan_scraper - INFO - 调试: 评论 5877984 获取到 1 条热门吐槽, 3 条普通吐槽
2026-01-08 16:03:24,283 - scrapers.jandan_scraper - INFO - 开始解析页面中的评论
2026-01-08 16:03:24,283 - scrapers.jandan_scraper - INFO - 开始解析HTML内容, 长度: 24777
2026-01-08 16:03:24,292 - scrapers.jandan_scraper - INFO - 找到 0 条热门评论
2026-01-08 16:03:24,292 - scrapers.jandan_scraper - INFO - 解析完成，获取到 0 条评论
2026-01-08 16:03:24,292 - scrapers.jandan_scraper - INFO - 开始转换评论为统一格式
2026-01-08 16:03:24,292 - scrapers.jandan_scraper - INFO - 开始转换 0 条评论到统一格式
2026-01-08 16:03:24,292 - scrapers.jandan_scraper - INFO - 共转换 0 条评论为统一格式
2026-01-08 16:03:24,292 - scrapers.jandan_scraper - INFO - 爬取完成，共获取 0 条热评
2026-01-08 16:03:24,292 - scrapers.base_scraper - ERROR - 爬取 煎蛋网 失败
2026-01-08 16:03:24,292 - scrapers.reddit_scraper - INFO - RedditScraper初始化完成
2026-01-08 16:03:24,293 - scrapers.base_scraper - INFO - 开始爬取 Reddit
2026-01-08 16:03:24,294 - scrapers.reddit_scraper - INFO - 开始爬取Reddit r/confessions每周热门帖子
2026-01-08 16:03:27,198 - utils.http_utils - ERROR - 请求失败: https://www.reddit.com/r/confessions/top/.json?t=week&limit=10, 错误: 403 Client Error: Blocked for url: https://www.reddit.com/r/confessions/top/.json?t=week&limit=10
2026-01-08 16:03:27,199 - scrapers.reddit_scraper - ERROR - 获取API数据失败: 403 Client Error: Blocked for url: https://www.reddit.com/r/confessions/top/.json?t=week&limit=10
2026-01-08 16:03:27,199 - scrapers.base_scraper - ERROR - 爬取 Reddit 失败
2026-01-08 16:03:27,199 - scrapers.hackernews_scraper - INFO - HackerNewsScraper初始化完成
2026-01-08 16:03:27,200 - scrapers.base_scraper - INFO - 开始爬取 Hacker News
2026-01-08 16:03:27,200 - scrapers.hackernews_scraper - INFO - 开始爬取Hacker News Ask HN帖子
2026-01-08 16:03:27,200 - scrapers.hackernews_scraper - INFO - 获取Ask HN页面: https://news.ycombinator.com/ask
2026-01-08 16:03:28,875 - scrapers.hackernews_scraper - INFO - 找到 29 个帖子行
2026-01-08 16:03:28,877 - scrapers.hackernews_scraper - INFO - 成功解析故事: Ask HN: Any Microsoft employee..., 作者=thehamkercat, 点赞=88, 评论=0
2026-01-08 16:03:28,878 - scrapers.hackernews_scraper - INFO - 成功解析故事: Ask HN: Who wants to be hired?..., 作者=whoishiring, 点赞=166, 评论=0
2026-01-08 16:03:28,878 - scrapers.hackernews_scraper - INFO - 成功解析故事: Ask HN: We built an air-gapped..., 作者=KevinG777, 点赞=2, 评论=0
2026-01-08 16:03:28,879 - scrapers.hackernews_scraper - INFO - 成功解析故事: Ask HN: How do you use 5–10 mi..., 作者=pea, 点赞=39, 评论=0
2026-01-08 16:03:28,880 - scrapers.hackernews_scraper - INFO - 成功解析故事: Ask HN: Who is hiring? (Januar..., 作者=whoishiring, 点赞=351, 评论=0
2026-01-08 16:03:28,880 - scrapers.hackernews_scraper - INFO - 成功解析故事: Ask HN: Anyone else seeing por..., 作者=OhMeadhbh, 点赞=4, 评论=0
2026-01-08 16:03:28,881 - scrapers.hackernews_scraper - INFO - 成功解析故事: Ask HN: Is anyone aware of a L..., 作者=danielfalbo, 点赞=10, 评论=0
2026-01-08 16:03:28,882 - scrapers.hackernews_scraper - INFO - 成功解析故事: Ask HN: How do you do store-an..., 作者=Aydarbek, 点赞=3, 评论=0
2026-01-08 16:03:28,882 - scrapers.hackernews_scraper - INFO - 成功解析故事: Ask HN: What's a standard way ..., 作者=nvader, 点赞=5, 评论=0
2026-01-08 16:03:28,883 - scrapers.hackernews_scraper - INFO - 成功解析故事: Ask HN: Has anyone else been s..., 作者=areoform, 点赞=31, 评论=0
2026-01-08 16:03:28,884 - scrapers.hackernews_scraper - INFO - 成功解析故事: Ask HN: Reading list for being..., 作者=drekipus, 点赞=43, 评论=0
2026-01-08 16:03:28,885 - scrapers.hackernews_scraper - INFO - 成功解析故事: Ask HN: How do small teams mak..., 作者=batels, 点赞=5, 评论=0
2026-01-08 16:03:28,885 - scrapers.hackernews_scraper - INFO - 成功解析故事: Ask HN: Those making $500/mont..., 作者=selmas58, 点赞=13, 评论=0
2026-01-08 16:03:28,886 - scrapers.hackernews_scraper - INFO - 成功解析故事: Ask HN: What did you learn in ..., 作者=kiernanmcgowan, 点赞=20, 评论=0
2026-01-08 16:03:28,887 - scrapers.hackernews_scraper - INFO - 成功解析故事: Ask HN: What's the future of s..., 作者=sjgeek, 点赞=23, 评论=0
2026-01-08 16:03:28,887 - scrapers.hackernews_scraper - INFO - 成功解析 15 个Ask HN故事
2026-01-08 16:03:28,887 - scrapers.hackernews_scraper - INFO - 开始转换 15 个故事到统一格式
2026-01-08 16:03:28,887 - scrapers.hackernews_scraper - INFO - 转换第 1/15 个故事: Ask HN: Any Microsoft employee...
2026-01-08 16:03:30,914 - scrapers.hackernews_scraper - INFO - 找到 62 条评论
2026-01-08 16:03:31,002 - scrapers.hackernews_scraper - INFO - 故事 Ask HN: Any Microsoft employee... 转换完成，包含 62 条评论
2026-01-08 16:03:31,002 - scrapers.hackernews_scraper - INFO - 转换第 2/15 个故事: Ask HN: Who wants to be hired?...
2026-01-08 16:03:34,889 - scrapers.hackernews_scraper - INFO - 找到 395 条评论
2026-01-08 16:03:38,030 - scrapers.hackernews_scraper - INFO - 故事 Ask HN: Who wants to be hired?... 转换完成，包含 100 条评论
2026-01-08 16:03:38,030 - scrapers.hackernews_scraper - INFO - 转换第 3/15 个故事: Ask HN: We built an air-gapped...
2026-01-08 16:03:40,868 - scrapers.hackernews_scraper - INFO - 找到 5 条评论
2026-01-08 16:03:40,871 - scrapers.hackernews_scraper - INFO - 故事 Ask HN: We built an air-gapped... 转换完成，包含 5 条评论
2026-01-08 16:03:40,871 - scrapers.hackernews_scraper - INFO - 转换第 4/15 个故事: Ask HN: How do you use 5–10 mi...
2026-01-08 16:03:42,257 - scrapers.hackernews_scraper - INFO - 找到 53 条评论
2026-01-08 16:03:42,322 - scrapers.hackernews_scraper - INFO - 故事 Ask HN: How do you use 5–10 mi... 转换完成，包含 53 条评论
2026-01-08 16:03:42,322 - scrapers.hackernews_scraper - INFO - 转换第 5/15 个故事: Ask HN: Who is hiring? (Januar...
2026-01-08 16:03:45,222 - scrapers.hackernews_scraper - INFO - 找到 331 条评论
2026-01-08 16:03:47,244 - scrapers.hackernews_scraper - INFO - 故事 Ask HN: Who is hiring? (Januar... 转换完成，包含 100 条评论
2026-01-08 16:03:47,244 - scrapers.hackernews_scraper - INFO - 转换第 6/15 个故事: Ask HN: Anyone else seeing por...
2026-01-08 16:03:49,091 - scrapers.hackernews_scraper - INFO - 找到 6 条评论
2026-01-08 16:03:49,095 - scrapers.hackernews_scraper - INFO - 故事 Ask HN: Anyone else seeing por... 转换完成，包含 6 条评论
2026-01-08 16:03:49,095 - scrapers.hackernews_scraper - INFO - 转换第 7/15 个故事: Ask HN: Is anyone aware of a L...
2026-01-08 16:03:50,309 - scrapers.hackernews_scraper - INFO - 找到 7 条评论
2026-01-08 16:03:50,313 - scrapers.hackernews_scraper - INFO - 故事 Ask HN: Is anyone aware of a L... 转换完成，包含 7 条评论
2026-01-08 16:03:50,313 - scrapers.hackernews_scraper - INFO - 转换第 8/15 个故事: Ask HN: How do you do store-an...
2026-01-08 16:03:53,034 - scrapers.hackernews_scraper - INFO - 找到 3 条评论
2026-01-08 16:03:53,036 - scrapers.hackernews_scraper - INFO - 故事 Ask HN: How do you do store-an... 转换完成，包含 3 条评论
2026-01-08 16:03:53,036 - scrapers.hackernews_scraper - INFO - 转换第 9/15 个故事: Ask HN: What's a standard way ...
2026-01-08 16:03:55,672 - scrapers.hackernews_scraper - INFO - 找到 3 条评论
2026-01-08 16:03:55,674 - scrapers.hackernews_scraper - INFO - 故事 Ask HN: What's a standard way ... 转换完成，包含 3 条评论
2026-01-08 16:03:55,674 - scrapers.hackernews_scraper - INFO - 转换第 10/15 个故事: Ask HN: Has anyone else been s...
2026-01-08 16:03:58,145 - scrapers.hackernews_scraper - INFO - 找到 18 条评论
2026-01-08 16:03:58,159 - scrapers.hackernews_scraper - INFO - 故事 Ask HN: Has anyone else been s... 转换完成，包含 18 条评论
2026-01-08 16:03:58,159 - scrapers.hackernews_scraper - INFO - 转换第 11/15 个故事: Ask HN: Reading list for being...
2026-01-08 16:03:59,336 - scrapers.hackernews_scraper - INFO - 找到 15 条评论
2026-01-08 16:03:59,347 - scrapers.hackernews_scraper - INFO - 故事 Ask HN: Reading list for being... 转换完成，包含 15 条评论
2026-01-08 16:03:59,347 - scrapers.hackernews_scraper - INFO - 转换第 12/15 个故事: Ask HN: How do small teams mak...
2026-01-08 16:04:01,727 - scrapers.hackernews_scraper - INFO - 找到 8 条评论
2026-01-08 16:04:01,733 - scrapers.hackernews_scraper - INFO - 故事 Ask HN: How do small teams mak... 转换完成，包含 8 条评论
2026-01-08 16:04:01,733 - scrapers.hackernews_scraper - INFO - 转换第 13/15 个故事: Ask HN: Those making $500/mont...
2026-01-08 16:04:03,994 - scrapers.hackernews_scraper - INFO - 找到 12 条评论
2026-01-08 16:04:04,003 - scrapers.hackernews_scraper - INFO - 故事 Ask HN: Those making $500/mont... 转换完成，包含 12 条评论
2026-01-08 16:04:04,003 - scrapers.hackernews_scraper - INFO - 转换第 14/15 个故事: Ask HN: What did you learn in ...
2026-01-08 16:04:05,552 - scrapers.hackernews_scraper - INFO - 找到 8 条评论
2026-01-08 16:04:05,557 - scrapers.hackernews_scraper - INFO - 故事 Ask HN: What did you learn in ... 转换完成，包含 8 条评论
2026-01-08 16:04:05,557 - scrapers.hackernews_scraper - INFO - 转换第 15/15 个故事: Ask HN: What's the future of s...
2026-01-08 16:04:07,021 - scrapers.hackernews_scraper - INFO - 找到 18 条评论
2026-01-08 16:04:07,035 - scrapers.hackernews_scraper - INFO - 故事 Ask HN: What's the future of s... 转换完成，包含 18 条评论
2026-01-08 16:04:07,035 - scrapers.hackernews_scraper - INFO - 共转换 15 个故事为统一格式
2026-01-08 16:04:07,035 - scrapers.hackernews_scraper - INFO - 爬取完成，共获取 15 个Ask HN故事
2026-01-08 16:04:07,531 - utils.storage_utils - INFO - 已更新源索引: hackernews
2026-01-08 16:04:07,533 - utils.storage_utils - INFO - 数据已保存到 data/hackernews/week_2026-01-05.json
2026-01-08 16:04:07,534 - scrapers.base_scraper - INFO - 数据已保存到 data/hackernews/week_2026-01-05.json
2026-01-08 16:04:07,534 - scrapers.base_scraper - INFO - 成功爬取 Hacker News 的数据
2026-01-08 16:04:07,535 - __main__ - INFO - 完成: 1/3 个爬虫成功运行
2026-01-08 16:04:07,754 - __main__ - INFO - 归档所有源的旧数据
2026-01-08 16:04:07,755 - __main__ - INFO - 源 jandan 归档 无需归档
2026-01-08 16:04:07,755 - __main__ - INFO - 源 reddit 归档 无需归档
2026-01-08 16:04:07,755 - __main__ - INFO - 源 hackernews 归档 无需归档
