2025-09-25 16:02:27,761 - __main__ - INFO - 运行所有爬虫
2025-09-25 16:02:27,762 - scrapers.jandan_scraper - INFO - JandanScraper初始化完成
2025-09-25 16:02:27,762 - scrapers.base_scraper - INFO - 开始爬取 煎蛋网
2025-09-25 16:02:27,762 - scrapers.jandan_scraper - INFO - 开始爬取煎蛋热评
2025-09-25 16:02:31,631 - scrapers.jandan_scraper - INFO - 成功获取HTML内容，长度: 24792
2025-09-25 16:02:31,631 - scrapers.jandan_scraper - INFO - 调试: 手动获取评论 5877984 的吐槽数据
2025-09-25 16:02:31,631 - scrapers.jandan_scraper - INFO - 获取评论 5877984 的吐槽内容: https://jandan.net/api/tucao/list/5877984
2025-09-25 16:02:33,145 - scrapers.jandan_scraper - INFO - 评论 5877984 获取到 1 条热门吐槽, 3 条普通吐槽
2025-09-25 16:02:33,145 - scrapers.jandan_scraper - INFO - 调试: 评论 5877984 获取到 1 条热门吐槽, 3 条普通吐槽
2025-09-25 16:02:33,145 - scrapers.jandan_scraper - INFO - 开始解析页面中的评论
2025-09-25 16:02:33,146 - scrapers.jandan_scraper - INFO - 开始解析HTML内容, 长度: 24792
2025-09-25 16:02:33,154 - scrapers.jandan_scraper - INFO - 找到 0 条热门评论
2025-09-25 16:02:33,154 - scrapers.jandan_scraper - INFO - 解析完成，获取到 0 条评论
2025-09-25 16:02:33,154 - scrapers.jandan_scraper - INFO - 开始转换评论为统一格式
2025-09-25 16:02:33,154 - scrapers.jandan_scraper - INFO - 开始转换 0 条评论到统一格式
2025-09-25 16:02:33,154 - scrapers.jandan_scraper - INFO - 共转换 0 条评论为统一格式
2025-09-25 16:02:33,154 - scrapers.jandan_scraper - INFO - 爬取完成，共获取 0 条热评
2025-09-25 16:02:33,154 - scrapers.base_scraper - ERROR - 爬取 煎蛋网 失败
2025-09-25 16:02:33,155 - scrapers.reddit_scraper - INFO - RedditScraper初始化完成
2025-09-25 16:02:33,156 - scrapers.base_scraper - INFO - 开始爬取 Reddit
2025-09-25 16:02:33,156 - scrapers.reddit_scraper - INFO - 开始爬取Reddit r/confessions每周热门帖子
2025-09-25 16:02:35,696 - utils.http_utils - ERROR - 请求失败: https://www.reddit.com/r/confessions/top/.json?t=week&limit=10, 错误: 403 Client Error: Blocked for url: https://www.reddit.com/r/confessions/top/.json?t=week&limit=10
2025-09-25 16:02:35,697 - scrapers.reddit_scraper - ERROR - 获取API数据失败: 403 Client Error: Blocked for url: https://www.reddit.com/r/confessions/top/.json?t=week&limit=10
2025-09-25 16:02:35,697 - scrapers.base_scraper - ERROR - 爬取 Reddit 失败
2025-09-25 16:02:35,698 - scrapers.hackernews_scraper - INFO - HackerNewsScraper初始化完成
2025-09-25 16:02:35,698 - scrapers.base_scraper - INFO - 开始爬取 Hacker News
2025-09-25 16:02:35,698 - scrapers.hackernews_scraper - INFO - 开始爬取Hacker News Ask HN帖子
2025-09-25 16:02:35,698 - scrapers.hackernews_scraper - INFO - 获取Ask HN页面: https://news.ycombinator.com/ask
2025-09-25 16:02:38,380 - scrapers.hackernews_scraper - INFO - 找到 30 个帖子行
2025-09-25 16:02:38,382 - scrapers.hackernews_scraper - INFO - 成功解析故事: Ask HN: Anyone switched from s..., 作者=pesfandiar, 点赞=2, 评论=0
2025-09-25 16:02:38,382 - scrapers.hackernews_scraper - INFO - 成功解析故事: Ask HN: Local hostnames withou..., 作者=terry_hc, 点赞=12, 评论=0
2025-09-25 16:02:38,383 - scrapers.hackernews_scraper - INFO - 成功解析故事: Ask HN: How do you control int..., 作者=frereubu, 点赞=4, 评论=0
2025-09-25 16:02:38,384 - scrapers.hackernews_scraper - INFO - 成功解析故事: Ask HN: Where can I geneticall..., 作者=technocrat8080, 点赞=9, 评论=0
2025-09-25 16:02:38,384 - scrapers.hackernews_scraper - INFO - 成功解析故事: Ask HN: Times the world has do..., 作者=tempestn, 点赞=13, 评论=0
2025-09-25 16:02:38,385 - scrapers.hackernews_scraper - INFO - 成功解析故事: Ask HN: How important is peer ..., 作者=Awesomedonut, 点赞=9, 评论=0
2025-09-25 16:02:38,385 - scrapers.hackernews_scraper - INFO - 成功解析故事: Ask HN: How do you expose tele..., 作者=mehdig10, 点赞=10, 评论=0
2025-09-25 16:02:38,386 - scrapers.hackernews_scraper - INFO - 成功解析故事: Ask HN: Exploring the Energy S..., 作者=tminima, 点赞=4, 评论=0
2025-09-25 16:02:38,386 - scrapers.hackernews_scraper - INFO - 成功解析故事: Ask HN: Are Software Companies..., 作者=jerawaj740, 点赞=9, 评论=0
2025-09-25 16:02:38,387 - scrapers.hackernews_scraper - INFO - 成功解析故事: Ask HN: Radar and radio failur..., 作者=pdonner, 点赞=36, 评论=0
2025-09-25 16:02:38,387 - scrapers.hackernews_scraper - INFO - 成功解析故事: Ask HN: How are you dealing wi..., 作者=yakkomajuri, 点赞=17, 评论=0
2025-09-25 16:02:38,388 - scrapers.hackernews_scraper - INFO - 成功解析故事: Ask HN: Has anyone else been u..., 作者=ncarlson, 点赞=450, 评论=0
2025-09-25 16:02:38,388 - scrapers.hackernews_scraper - INFO - 成功解析故事: Ask HN: What am I doing wrong ..., 作者=tlonny, 点赞=16, 评论=0
2025-09-25 16:02:38,389 - scrapers.hackernews_scraper - INFO - 成功解析故事: Ask HN: What photo frame shoul..., 作者=gregsadetsky, 点赞=2, 评论=0
2025-09-25 16:02:38,389 - scrapers.hackernews_scraper - INFO - 成功解析故事: Ask HN: What kind of local on-..., 作者=NullCascade, 点赞=6, 评论=0
2025-09-25 16:02:38,389 - scrapers.hackernews_scraper - INFO - 成功解析 15 个Ask HN故事
2025-09-25 16:02:38,390 - scrapers.hackernews_scraper - INFO - 开始转换 15 个故事到统一格式
2025-09-25 16:02:38,390 - scrapers.hackernews_scraper - INFO - 转换第 1/15 个故事: Ask HN: Anyone switched from s...
2025-09-25 16:02:41,306 - scrapers.hackernews_scraper - INFO - 找到 1 条评论
2025-09-25 16:02:41,306 - scrapers.hackernews_scraper - INFO - 故事 Ask HN: Anyone switched from s... 转换完成，包含 1 条评论
2025-09-25 16:02:41,307 - scrapers.hackernews_scraper - INFO - 转换第 2/15 个故事: Ask HN: Local hostnames withou...
2025-09-25 16:02:42,480 - scrapers.hackernews_scraper - INFO - 找到 30 条评论
2025-09-25 16:02:42,509 - scrapers.hackernews_scraper - INFO - 故事 Ask HN: Local hostnames withou... 转换完成，包含 30 条评论
2025-09-25 16:02:42,509 - scrapers.hackernews_scraper - INFO - 转换第 3/15 个故事: Ask HN: How do you control int...
2025-09-25 16:02:45,415 - scrapers.hackernews_scraper - INFO - 找到 8 条评论
2025-09-25 16:02:45,420 - scrapers.hackernews_scraper - INFO - 故事 Ask HN: How do you control int... 转换完成，包含 8 条评论
2025-09-25 16:02:45,420 - scrapers.hackernews_scraper - INFO - 转换第 4/15 个故事: Ask HN: Where can I geneticall...
2025-09-25 16:02:48,256 - scrapers.hackernews_scraper - INFO - 找到 10 条评论
2025-09-25 16:02:48,263 - scrapers.hackernews_scraper - INFO - 故事 Ask HN: Where can I geneticall... 转换完成，包含 10 条评论
2025-09-25 16:02:48,263 - scrapers.hackernews_scraper - INFO - 转换第 5/15 个故事: Ask HN: Times the world has do...
2025-09-25 16:02:50,224 - scrapers.hackernews_scraper - INFO - 找到 12 条评论
2025-09-25 16:02:50,233 - scrapers.hackernews_scraper - INFO - 故事 Ask HN: Times the world has do... 转换完成，包含 12 条评论
2025-09-25 16:02:50,233 - scrapers.hackernews_scraper - INFO - 转换第 6/15 个故事: Ask HN: How important is peer ...
2025-09-25 16:02:52,504 - scrapers.hackernews_scraper - INFO - 找到 6 条评论
2025-09-25 16:02:52,508 - scrapers.hackernews_scraper - INFO - 故事 Ask HN: How important is peer ... 转换完成，包含 6 条评论
2025-09-25 16:02:52,508 - scrapers.hackernews_scraper - INFO - 转换第 7/15 个故事: Ask HN: How do you expose tele...
2025-09-25 16:02:54,154 - scrapers.hackernews_scraper - INFO - 找到 6 条评论
2025-09-25 16:02:54,158 - scrapers.hackernews_scraper - INFO - 故事 Ask HN: How do you expose tele... 转换完成，包含 6 条评论
2025-09-25 16:02:54,158 - scrapers.hackernews_scraper - INFO - 转换第 8/15 个故事: Ask HN: Exploring the Energy S...
2025-09-25 16:02:55,849 - scrapers.hackernews_scraper - INFO - 找到 0 条评论
2025-09-25 16:02:55,849 - scrapers.hackernews_scraper - INFO - 故事 Ask HN: Exploring the Energy S... 转换完成，包含 0 条评论
2025-09-25 16:02:55,849 - scrapers.hackernews_scraper - INFO - 转换第 9/15 个故事: Ask HN: Are Software Companies...
2025-09-25 16:02:57,044 - scrapers.hackernews_scraper - INFO - 找到 4 条评论
2025-09-25 16:02:57,047 - scrapers.hackernews_scraper - INFO - 故事 Ask HN: Are Software Companies... 转换完成，包含 4 条评论
2025-09-25 16:02:57,047 - scrapers.hackernews_scraper - INFO - 转换第 10/15 个故事: Ask HN: Radar and radio failur...
2025-09-25 16:02:59,351 - scrapers.hackernews_scraper - INFO - 找到 24 条评论
2025-09-25 16:02:59,372 - scrapers.hackernews_scraper - INFO - 故事 Ask HN: Radar and radio failur... 转换完成，包含 24 条评论
2025-09-25 16:02:59,372 - scrapers.hackernews_scraper - INFO - 转换第 11/15 个故事: Ask HN: How are you dealing wi...
2025-09-25 16:03:00,951 - scrapers.hackernews_scraper - INFO - 找到 12 条评论
2025-09-25 16:03:00,960 - scrapers.hackernews_scraper - INFO - 故事 Ask HN: How are you dealing wi... 转换完成，包含 12 条评论
2025-09-25 16:03:00,960 - scrapers.hackernews_scraper - INFO - 转换第 12/15 个故事: Ask HN: Has anyone else been u...
2025-09-25 16:03:03,906 - scrapers.hackernews_scraper - INFO - 找到 555 条评论
2025-09-25 16:03:09,695 - scrapers.hackernews_scraper - INFO - 故事 Ask HN: Has anyone else been u... 转换完成，包含 100 条评论
2025-09-25 16:03:09,695 - scrapers.hackernews_scraper - INFO - 转换第 13/15 个故事: Ask HN: What am I doing wrong ...
2025-09-25 16:03:12,732 - scrapers.hackernews_scraper - INFO - 找到 16 条评论
2025-09-25 16:03:12,744 - scrapers.hackernews_scraper - INFO - 故事 Ask HN: What am I doing wrong ... 转换完成，包含 16 条评论
2025-09-25 16:03:12,744 - scrapers.hackernews_scraper - INFO - 转换第 14/15 个故事: Ask HN: What photo frame shoul...
2025-09-25 16:03:13,915 - scrapers.hackernews_scraper - INFO - 找到 4 条评论
2025-09-25 16:03:13,918 - scrapers.hackernews_scraper - INFO - 故事 Ask HN: What photo frame shoul... 转换完成，包含 4 条评论
2025-09-25 16:03:13,918 - scrapers.hackernews_scraper - INFO - 转换第 15/15 个故事: Ask HN: What kind of local on-...
2025-09-25 16:03:15,967 - scrapers.hackernews_scraper - INFO - 找到 8 条评论
2025-09-25 16:03:15,972 - scrapers.hackernews_scraper - INFO - 故事 Ask HN: What kind of local on-... 转换完成，包含 8 条评论
2025-09-25 16:03:15,972 - scrapers.hackernews_scraper - INFO - 共转换 15 个故事为统一格式
2025-09-25 16:03:15,972 - scrapers.hackernews_scraper - INFO - 爬取完成，共获取 15 个Ask HN故事
2025-09-25 16:03:16,418 - utils.storage_utils - INFO - 已更新源索引: hackernews
2025-09-25 16:03:16,421 - utils.storage_utils - INFO - 数据已保存到 data/hackernews/week_2025-09-22.json
2025-09-25 16:03:16,422 - scrapers.base_scraper - INFO - 数据已保存到 data/hackernews/week_2025-09-22.json
2025-09-25 16:03:16,422 - scrapers.base_scraper - INFO - 成功爬取 Hacker News 的数据
2025-09-25 16:03:16,423 - __main__ - INFO - 完成: 1/3 个爬虫成功运行
2025-09-25 16:03:16,646 - __main__ - INFO - 归档所有源的旧数据
2025-09-25 16:03:16,646 - __main__ - INFO - 源 jandan 归档 无需归档
2025-09-25 16:03:16,646 - __main__ - INFO - 源 reddit 归档 无需归档
2025-09-25 16:03:16,646 - __main__ - INFO - 源 hackernews 归档 无需归档
