2025-06-06 16:01:51,904 - __main__ - INFO - 运行所有爬虫
2025-06-06 16:01:51,904 - scrapers.jandan_scraper - INFO - JandanScraper初始化完成
2025-06-06 16:01:51,904 - scrapers.base_scraper - INFO - 开始爬取 煎蛋网
2025-06-06 16:01:51,904 - scrapers.jandan_scraper - INFO - 开始爬取煎蛋热评
2025-06-06 16:01:55,178 - scrapers.jandan_scraper - INFO - 成功获取HTML内容，长度: 26158
2025-06-06 16:01:55,179 - scrapers.jandan_scraper - INFO - 调试: 手动获取评论 5877984 的吐槽数据
2025-06-06 16:01:55,179 - scrapers.jandan_scraper - INFO - 获取评论 5877984 的吐槽内容: https://jandan.net/api/tucao/list/5877984
2025-06-06 16:01:58,507 - scrapers.jandan_scraper - INFO - 评论 5877984 获取到 1 条热门吐槽, 3 条普通吐槽
2025-06-06 16:01:58,507 - scrapers.jandan_scraper - INFO - 调试: 评论 5877984 获取到 1 条热门吐槽, 3 条普通吐槽
2025-06-06 16:01:58,507 - scrapers.jandan_scraper - INFO - 开始解析页面中的评论
2025-06-06 16:01:58,507 - scrapers.jandan_scraper - INFO - 开始解析HTML内容, 长度: 26158
2025-06-06 16:01:58,516 - scrapers.jandan_scraper - INFO - 找到 0 条热门评论
2025-06-06 16:01:58,516 - scrapers.jandan_scraper - INFO - 解析完成，获取到 0 条评论
2025-06-06 16:01:58,516 - scrapers.jandan_scraper - INFO - 开始转换评论为统一格式
2025-06-06 16:01:58,517 - scrapers.jandan_scraper - INFO - 开始转换 0 条评论到统一格式
2025-06-06 16:01:58,517 - scrapers.jandan_scraper - INFO - 共转换 0 条评论为统一格式
2025-06-06 16:01:58,517 - scrapers.jandan_scraper - INFO - 爬取完成，共获取 0 条热评
2025-06-06 16:01:58,517 - scrapers.base_scraper - ERROR - 爬取 煎蛋网 失败
2025-06-06 16:01:58,517 - scrapers.reddit_scraper - INFO - RedditScraper初始化完成
2025-06-06 16:01:58,517 - scrapers.base_scraper - INFO - 开始爬取 Reddit
2025-06-06 16:01:58,517 - scrapers.reddit_scraper - INFO - 开始爬取Reddit r/confessions每周热门帖子
2025-06-06 16:02:01,486 - utils.http_utils - ERROR - 请求失败: https://www.reddit.com/r/confessions/top/.json?t=week&limit=10, 错误: 403 Client Error: Blocked for url: https://www.reddit.com/r/confessions/top/.json?t=week&limit=10
2025-06-06 16:02:01,487 - scrapers.reddit_scraper - ERROR - 获取API数据失败: 403 Client Error: Blocked for url: https://www.reddit.com/r/confessions/top/.json?t=week&limit=10
2025-06-06 16:02:01,487 - scrapers.base_scraper - ERROR - 爬取 Reddit 失败
2025-06-06 16:02:01,487 - scrapers.hackernews_scraper - INFO - HackerNewsScraper初始化完成
2025-06-06 16:02:01,487 - scrapers.base_scraper - INFO - 开始爬取 Hacker News
2025-06-06 16:02:01,487 - scrapers.hackernews_scraper - INFO - 开始爬取Hacker News Ask HN帖子
2025-06-06 16:02:01,487 - scrapers.hackernews_scraper - INFO - 获取Ask HN页面: https://news.ycombinator.com/ask
2025-06-06 16:02:04,031 - scrapers.hackernews_scraper - INFO - 找到 30 个帖子行
2025-06-06 16:02:04,032 - scrapers.hackernews_scraper - INFO - 成功解析故事: Ask HN: What are some good res..., 作者=genericmask, 点赞=3, 评论=0
2025-06-06 16:02:04,033 - scrapers.hackernews_scraper - INFO - 成功解析故事: Ask HN: Should I build a direc..., 作者=alizaid, 点赞=3, 评论=0
2025-06-06 16:02:04,034 - scrapers.hackernews_scraper - INFO - 成功解析故事: Ask HN: Startup getting spamme..., 作者=june3739, 点赞=275, 评论=0
2025-06-06 16:02:04,034 - scrapers.hackernews_scraper - INFO - 成功解析故事: Ask HN: Has anybody built sear..., 作者=neonate, 点赞=282, 评论=0
2025-06-06 16:02:04,035 - scrapers.hackernews_scraper - INFO - 成功解析故事: Ask HN: Anyone else feeling in..., 作者=saubeidl, 点赞=15, 评论=0
2025-06-06 16:02:04,035 - scrapers.hackernews_scraper - INFO - 成功解析故事: Ask HN: What are your fav/goto..., 作者=ottaborra, 点赞=4, 评论=0
2025-06-06 16:02:04,036 - scrapers.hackernews_scraper - INFO - 成功解析故事: Ask HN: Who is hiring? (June 2..., 作者=whoishiring, 点赞=365, 评论=0
2025-06-06 16:02:04,036 - scrapers.hackernews_scraper - INFO - 成功解析故事: Ask HN: Running AI agents in i..., 作者=polycaster, 点赞=4, 评论=0
2025-06-06 16:02:04,037 - scrapers.hackernews_scraper - INFO - 成功解析故事: Ask HN: How do I learn robotic..., 作者=srijansriv, 点赞=395, 评论=0
2025-06-06 16:02:04,037 - scrapers.hackernews_scraper - INFO - 成功解析故事: Ask HN: How do I learn practic..., 作者=juanse, 点赞=180, 评论=0
2025-06-06 16:02:04,038 - scrapers.hackernews_scraper - INFO - 成功解析故事: Ask HN: Walking while working ..., 作者=martythemaniak, 点赞=2, 评论=0
2025-06-06 16:02:04,038 - scrapers.hackernews_scraper - INFO - 成功解析故事: Ask HN: Anyone making a living..., 作者=meander_water, 点赞=247, 评论=0
2025-06-06 16:02:04,039 - scrapers.hackernews_scraper - INFO - 成功解析故事: Ask HN: Options for One-Handed..., 作者=Townley, 点赞=92, 评论=0
2025-06-06 16:02:04,039 - scrapers.hackernews_scraper - INFO - 成功解析故事: Ask HN: Who's Using the Origin..., 作者=ChadNauseam, 点赞=4, 评论=0
2025-06-06 16:02:04,040 - scrapers.hackernews_scraper - INFO - 成功解析故事: Ask HN: Who wants to be hired?..., 作者=whoishiring, 点赞=125, 评论=0
2025-06-06 16:02:04,040 - scrapers.hackernews_scraper - INFO - 成功解析 15 个Ask HN故事
2025-06-06 16:02:04,040 - scrapers.hackernews_scraper - INFO - 开始转换 15 个故事到统一格式
2025-06-06 16:02:04,040 - scrapers.hackernews_scraper - INFO - 转换第 1/15 个故事: Ask HN: What are some good res...
2025-06-06 16:02:06,340 - scrapers.hackernews_scraper - INFO - 找到 1 条评论
2025-06-06 16:02:06,341 - scrapers.hackernews_scraper - INFO - 故事 Ask HN: What are some good res... 转换完成，包含 1 条评论
2025-06-06 16:02:06,341 - scrapers.hackernews_scraper - INFO - 转换第 2/15 个故事: Ask HN: Should I build a direc...
2025-06-06 16:02:07,776 - scrapers.hackernews_scraper - INFO - 找到 2 条评论
2025-06-06 16:02:07,778 - scrapers.hackernews_scraper - INFO - 故事 Ask HN: Should I build a direc... 转换完成，包含 2 条评论
2025-06-06 16:02:07,778 - scrapers.hackernews_scraper - INFO - 转换第 3/15 个故事: Ask HN: Startup getting spamme...
2025-06-06 16:02:10,434 - scrapers.hackernews_scraper - INFO - 找到 178 条评论
2025-06-06 16:02:11,162 - scrapers.hackernews_scraper - INFO - 故事 Ask HN: Startup getting spamme... 转换完成，包含 100 条评论
2025-06-06 16:02:11,162 - scrapers.hackernews_scraper - INFO - 转换第 4/15 个故事: Ask HN: Has anybody built sear...
2025-06-06 16:02:13,217 - scrapers.hackernews_scraper - INFO - 找到 146 条评论
2025-06-06 16:02:13,707 - scrapers.hackernews_scraper - INFO - 故事 Ask HN: Has anybody built sear... 转换完成，包含 100 条评论
2025-06-06 16:02:13,707 - scrapers.hackernews_scraper - INFO - 转换第 5/15 个故事: Ask HN: Anyone else feeling in...
2025-06-06 16:02:16,182 - scrapers.hackernews_scraper - INFO - 找到 13 条评论
2025-06-06 16:02:16,192 - scrapers.hackernews_scraper - INFO - 故事 Ask HN: Anyone else feeling in... 转换完成，包含 13 条评论
2025-06-06 16:02:16,192 - scrapers.hackernews_scraper - INFO - 转换第 6/15 个故事: Ask HN: What are your fav/goto...
2025-06-06 16:02:18,505 - scrapers.hackernews_scraper - INFO - 找到 7 条评论
2025-06-06 16:02:18,510 - scrapers.hackernews_scraper - INFO - 故事 Ask HN: What are your fav/goto... 转换完成，包含 7 条评论
2025-06-06 16:02:18,510 - scrapers.hackernews_scraper - INFO - 转换第 7/15 个故事: Ask HN: Who is hiring? (June 2...
2025-06-06 16:02:23,499 - scrapers.hackernews_scraper - INFO - 找到 451 条评论
2025-06-06 16:02:28,399 - scrapers.hackernews_scraper - INFO - 故事 Ask HN: Who is hiring? (June 2... 转换完成，包含 100 条评论
2025-06-06 16:02:28,399 - scrapers.hackernews_scraper - INFO - 转换第 8/15 个故事: Ask HN: Running AI agents in i...
2025-06-06 16:02:29,914 - scrapers.hackernews_scraper - INFO - 找到 0 条评论
2025-06-06 16:02:29,914 - scrapers.hackernews_scraper - INFO - 故事 Ask HN: Running AI agents in i... 转换完成，包含 0 条评论
2025-06-06 16:02:29,915 - scrapers.hackernews_scraper - INFO - 转换第 9/15 个故事: Ask HN: How do I learn robotic...
2025-06-06 16:02:32,526 - scrapers.hackernews_scraper - INFO - 找到 100 条评论
2025-06-06 16:02:32,758 - scrapers.hackernews_scraper - INFO - 故事 Ask HN: How do I learn robotic... 转换完成，包含 100 条评论
2025-06-06 16:02:32,758 - scrapers.hackernews_scraper - INFO - 转换第 10/15 个故事: Ask HN: How do I learn practic...
2025-06-06 16:02:34,331 - scrapers.hackernews_scraper - INFO - 找到 112 条评论
2025-06-06 16:02:34,617 - scrapers.hackernews_scraper - INFO - 故事 Ask HN: How do I learn practic... 转换完成，包含 100 条评论
2025-06-06 16:02:34,617 - scrapers.hackernews_scraper - INFO - 转换第 11/15 个故事: Ask HN: Walking while working ...
2025-06-06 16:02:37,485 - scrapers.hackernews_scraper - INFO - 找到 5 条评论
2025-06-06 16:02:37,488 - scrapers.hackernews_scraper - INFO - 故事 Ask HN: Walking while working ... 转换完成，包含 5 条评论
2025-06-06 16:02:37,489 - scrapers.hackernews_scraper - INFO - 转换第 12/15 个故事: Ask HN: Anyone making a living...
2025-06-06 16:02:39,378 - scrapers.hackernews_scraper - INFO - 找到 172 条评论
2025-06-06 16:02:39,993 - scrapers.hackernews_scraper - INFO - 故事 Ask HN: Anyone making a living... 转换完成，包含 100 条评论
2025-06-06 16:02:39,993 - scrapers.hackernews_scraper - INFO - 转换第 13/15 个故事: Ask HN: Options for One-Handed...
2025-06-06 16:02:42,195 - scrapers.hackernews_scraper - INFO - 找到 93 条评论
2025-06-06 16:02:42,394 - scrapers.hackernews_scraper - INFO - 故事 Ask HN: Options for One-Handed... 转换完成，包含 93 条评论
2025-06-06 16:02:42,394 - scrapers.hackernews_scraper - INFO - 转换第 14/15 个故事: Ask HN: Who's Using the Origin...
2025-06-06 16:02:43,898 - scrapers.hackernews_scraper - INFO - 找到 1 条评论
2025-06-06 16:02:43,899 - scrapers.hackernews_scraper - INFO - 故事 Ask HN: Who's Using the Origin... 转换完成，包含 1 条评论
2025-06-06 16:02:43,899 - scrapers.hackernews_scraper - INFO - 转换第 15/15 个故事: Ask HN: Who wants to be hired?...
2025-06-06 16:02:48,237 - scrapers.hackernews_scraper - INFO - 找到 384 条评论
2025-06-06 16:02:51,414 - scrapers.hackernews_scraper - INFO - 故事 Ask HN: Who wants to be hired?... 转换完成，包含 100 条评论
2025-06-06 16:02:51,414 - scrapers.hackernews_scraper - INFO - 共转换 15 个故事为统一格式
2025-06-06 16:02:51,414 - scrapers.hackernews_scraper - INFO - 爬取完成，共获取 15 个Ask HN故事
2025-06-06 16:02:52,045 - utils.storage_utils - INFO - 已更新源索引: hackernews
2025-06-06 16:02:52,048 - utils.storage_utils - INFO - 数据已保存到 data/hackernews/week_2025-06-02.json
2025-06-06 16:02:52,050 - scrapers.base_scraper - INFO - 数据已保存到 data/hackernews/week_2025-06-02.json
2025-06-06 16:02:52,050 - scrapers.base_scraper - INFO - 成功爬取 Hacker News 的数据
2025-06-06 16:02:52,051 - __main__ - INFO - 完成: 1/3 个爬虫成功运行
2025-06-06 16:02:52,301 - __main__ - INFO - 归档所有源的旧数据
2025-06-06 16:02:52,302 - __main__ - INFO - 源 jandan 归档 无需归档
2025-06-06 16:02:52,302 - __main__ - INFO - 源 reddit 归档 无需归档
2025-06-06 16:02:52,302 - __main__ - INFO - 源 hackernews 归档 无需归档
