2025-07-28 16:02:13,926 - __main__ - INFO - 运行所有爬虫
2025-07-28 16:02:13,927 - scrapers.jandan_scraper - INFO - JandanScraper初始化完成
2025-07-28 16:02:13,927 - scrapers.base_scraper - INFO - 开始爬取 煎蛋网
2025-07-28 16:02:13,927 - scrapers.jandan_scraper - INFO - 开始爬取煎蛋热评
2025-07-28 16:02:18,886 - scrapers.jandan_scraper - INFO - 成功获取HTML内容，长度: 24792
2025-07-28 16:02:18,886 - scrapers.jandan_scraper - INFO - 调试: 手动获取评论 5877984 的吐槽数据
2025-07-28 16:02:18,886 - scrapers.jandan_scraper - INFO - 获取评论 5877984 的吐槽内容: https://jandan.net/api/tucao/list/5877984
2025-07-28 16:02:21,100 - scrapers.jandan_scraper - INFO - 评论 5877984 获取到 1 条热门吐槽, 3 条普通吐槽
2025-07-28 16:02:21,101 - scrapers.jandan_scraper - INFO - 调试: 评论 5877984 获取到 1 条热门吐槽, 3 条普通吐槽
2025-07-28 16:02:21,101 - scrapers.jandan_scraper - INFO - 开始解析页面中的评论
2025-07-28 16:02:21,101 - scrapers.jandan_scraper - INFO - 开始解析HTML内容, 长度: 24792
2025-07-28 16:02:21,109 - scrapers.jandan_scraper - INFO - 找到 0 条热门评论
2025-07-28 16:02:21,109 - scrapers.jandan_scraper - INFO - 解析完成，获取到 0 条评论
2025-07-28 16:02:21,109 - scrapers.jandan_scraper - INFO - 开始转换评论为统一格式
2025-07-28 16:02:21,109 - scrapers.jandan_scraper - INFO - 开始转换 0 条评论到统一格式
2025-07-28 16:02:21,109 - scrapers.jandan_scraper - INFO - 共转换 0 条评论为统一格式
2025-07-28 16:02:21,109 - scrapers.jandan_scraper - INFO - 爬取完成，共获取 0 条热评
2025-07-28 16:02:21,109 - scrapers.base_scraper - ERROR - 爬取 煎蛋网 失败
2025-07-28 16:02:21,109 - scrapers.reddit_scraper - INFO - RedditScraper初始化完成
2025-07-28 16:02:21,110 - scrapers.base_scraper - INFO - 开始爬取 Reddit
2025-07-28 16:02:21,110 - scrapers.reddit_scraper - INFO - 开始爬取Reddit r/confessions每周热门帖子
2025-07-28 16:02:23,185 - utils.http_utils - ERROR - 请求失败: https://www.reddit.com/r/confessions/top/.json?t=week&limit=10, 错误: 403 Client Error: Blocked for url: https://www.reddit.com/r/confessions/top/.json?t=week&limit=10
2025-07-28 16:02:23,186 - scrapers.reddit_scraper - ERROR - 获取API数据失败: 403 Client Error: Blocked for url: https://www.reddit.com/r/confessions/top/.json?t=week&limit=10
2025-07-28 16:02:23,186 - scrapers.base_scraper - ERROR - 爬取 Reddit 失败
2025-07-28 16:02:23,186 - scrapers.hackernews_scraper - INFO - HackerNewsScraper初始化完成
2025-07-28 16:02:23,186 - scrapers.base_scraper - INFO - 开始爬取 Hacker News
2025-07-28 16:02:23,186 - scrapers.hackernews_scraper - INFO - 开始爬取Hacker News Ask HN帖子
2025-07-28 16:02:23,186 - scrapers.hackernews_scraper - INFO - 获取Ask HN页面: https://news.ycombinator.com/ask
2025-07-28 16:02:26,422 - scrapers.hackernews_scraper - INFO - 找到 29 个帖子行
2025-07-28 16:02:26,423 - scrapers.hackernews_scraper - INFO - 成功解析故事: Ask HN: What are you working o..., 作者=david927, 点赞=230, 评论=0
2025-07-28 16:02:26,424 - scrapers.hackernews_scraper - INFO - 成功解析故事: Ask HN: How do you handle audi..., 作者=efeoge, 点赞=12, 评论=0
2025-07-28 16:02:26,425 - scrapers.hackernews_scraper - INFO - 成功解析故事: Ask HN: How many of you are wo..., 作者=zebproj, 点赞=51, 评论=0
2025-07-28 16:02:26,425 - scrapers.hackernews_scraper - INFO - 成功解析故事: Ask HN: Do You Block DigitalOc..., 作者=sugarpimpdorsey, 点赞=6, 评论=0
2025-07-28 16:02:26,426 - scrapers.hackernews_scraper - INFO - 成功解析故事: Ask HN: Will I get left behind..., 作者=LLcolD, 点赞=18, 评论=0
2025-07-28 16:02:26,426 - scrapers.hackernews_scraper - INFO - 成功解析故事: Ask HN: How do you build B2B s..., 作者=architectofsw, 点赞=7, 评论=0
2025-07-28 16:02:26,427 - scrapers.hackernews_scraper - INFO - 成功解析故事: Ask HN: What's your uv exit st..., 作者=ctoth, 点赞=10, 评论=0
2025-07-28 16:02:26,427 - scrapers.hackernews_scraper - INFO - 成功解析故事: Ask HN: Are we pretending RAG ..., 作者=TXTOS, 点赞=11, 评论=0
2025-07-28 16:02:26,428 - scrapers.hackernews_scraper - INFO - 成功解析故事: Ask HN: Engineers deserve bett..., 作者=mzk_pi, 点赞=6, 评论=0
2025-07-28 16:02:26,428 - scrapers.hackernews_scraper - INFO - 成功解析故事: Ask HN: Is there a game where ..., 作者=amichail, 点赞=8, 评论=0
2025-07-28 16:02:26,429 - scrapers.hackernews_scraper - INFO - 成功解析故事: Ask HN: What is so good about ..., 作者=metadat, 点赞=42, 评论=0
2025-07-28 16:02:26,430 - scrapers.hackernews_scraper - INFO - 成功解析故事: Ask HN: Why do Cursor, Windsur..., 作者=bluelightning2k, 点赞=28, 评论=0
2025-07-28 16:02:26,430 - scrapers.hackernews_scraper - INFO - 成功解析故事: Ask HN: Discrete Mathematics P..., 作者=shivajikobardan, 点赞=2, 评论=0
2025-07-28 16:02:26,431 - scrapers.hackernews_scraper - INFO - 成功解析故事: Ask HN: Who is looking for a c..., 作者=warthog, 点赞=10, 评论=0
2025-07-28 16:02:26,431 - scrapers.hackernews_scraper - INFO - 成功解析故事: Ask HN: What now occupies a we..., 作者=rpjt, 点赞=8, 评论=0
2025-07-28 16:02:26,431 - scrapers.hackernews_scraper - INFO - 成功解析 15 个Ask HN故事
2025-07-28 16:02:26,431 - scrapers.hackernews_scraper - INFO - 开始转换 15 个故事到统一格式
2025-07-28 16:02:26,431 - scrapers.hackernews_scraper - INFO - 转换第 1/15 个故事: Ask HN: What are you working o...
2025-07-28 16:02:30,905 - scrapers.hackernews_scraper - INFO - 找到 699 条评论
2025-07-28 16:02:38,853 - scrapers.hackernews_scraper - INFO - 故事 Ask HN: What are you working o... 转换完成，包含 100 条评论
2025-07-28 16:02:38,853 - scrapers.hackernews_scraper - INFO - 转换第 2/15 个故事: Ask HN: How do you handle audi...
2025-07-28 16:02:41,779 - scrapers.hackernews_scraper - INFO - 找到 6 条评论
2025-07-28 16:02:41,782 - scrapers.hackernews_scraper - INFO - 故事 Ask HN: How do you handle audi... 转换完成，包含 6 条评论
2025-07-28 16:02:41,783 - scrapers.hackernews_scraper - INFO - 转换第 3/15 个故事: Ask HN: How many of you are wo...
2025-07-28 16:02:44,799 - scrapers.hackernews_scraper - INFO - 找到 74 条评论
2025-07-28 16:02:44,917 - scrapers.hackernews_scraper - INFO - 故事 Ask HN: How many of you are wo... 转换完成，包含 74 条评论
2025-07-28 16:02:44,917 - scrapers.hackernews_scraper - INFO - 转换第 4/15 个故事: Ask HN: Do You Block DigitalOc...
2025-07-28 16:02:46,649 - scrapers.hackernews_scraper - INFO - 找到 7 条评论
2025-07-28 16:02:46,654 - scrapers.hackernews_scraper - INFO - 故事 Ask HN: Do You Block DigitalOc... 转换完成，包含 7 条评论
2025-07-28 16:02:46,654 - scrapers.hackernews_scraper - INFO - 转换第 5/15 个故事: Ask HN: Will I get left behind...
2025-07-28 16:02:48,518 - scrapers.hackernews_scraper - INFO - 找到 29 条评论
2025-07-28 16:02:48,546 - scrapers.hackernews_scraper - INFO - 故事 Ask HN: Will I get left behind... 转换完成，包含 29 条评论
2025-07-28 16:02:48,546 - scrapers.hackernews_scraper - INFO - 转换第 6/15 个故事: Ask HN: How do you build B2B s...
2025-07-28 16:02:49,870 - scrapers.hackernews_scraper - INFO - 找到 6 条评论
2025-07-28 16:02:49,874 - scrapers.hackernews_scraper - INFO - 故事 Ask HN: How do you build B2B s... 转换完成，包含 6 条评论
2025-07-28 16:02:49,874 - scrapers.hackernews_scraper - INFO - 转换第 7/15 个故事: Ask HN: What's your uv exit st...
2025-07-28 16:02:51,087 - scrapers.hackernews_scraper - INFO - 找到 6 条评论
2025-07-28 16:02:51,091 - scrapers.hackernews_scraper - INFO - 故事 Ask HN: What's your uv exit st... 转换完成，包含 6 条评论
2025-07-28 16:02:51,091 - scrapers.hackernews_scraper - INFO - 转换第 8/15 个故事: Ask HN: Are we pretending RAG ...
2025-07-28 16:02:53,954 - scrapers.hackernews_scraper - INFO - 找到 6 条评论
2025-07-28 16:02:53,958 - scrapers.hackernews_scraper - INFO - 故事 Ask HN: Are we pretending RAG ... 转换完成，包含 6 条评论
2025-07-28 16:02:53,958 - scrapers.hackernews_scraper - INFO - 转换第 9/15 个故事: Ask HN: Engineers deserve bett...
2025-07-28 16:02:56,435 - scrapers.hackernews_scraper - INFO - 找到 8 条评论
2025-07-28 16:02:56,439 - scrapers.hackernews_scraper - INFO - 故事 Ask HN: Engineers deserve bett... 转换完成，包含 8 条评论
2025-07-28 16:02:56,440 - scrapers.hackernews_scraper - INFO - 转换第 10/15 个故事: Ask HN: Is there a game where ...
2025-07-28 16:02:58,010 - scrapers.hackernews_scraper - INFO - 找到 5 条评论
2025-07-28 16:02:58,013 - scrapers.hackernews_scraper - INFO - 故事 Ask HN: Is there a game where ... 转换完成，包含 5 条评论
2025-07-28 16:02:58,013 - scrapers.hackernews_scraper - INFO - 转换第 11/15 个故事: Ask HN: What is so good about ...
2025-07-28 16:03:03,375 - scrapers.hackernews_scraper - INFO - 找到 37 条评论
2025-07-28 16:03:03,413 - scrapers.hackernews_scraper - INFO - 故事 Ask HN: What is so good about ... 转换完成，包含 37 条评论
2025-07-28 16:03:03,413 - scrapers.hackernews_scraper - INFO - 转换第 12/15 个故事: Ask HN: Why do Cursor, Windsur...
2025-07-28 16:03:05,775 - scrapers.hackernews_scraper - INFO - 找到 38 条评论
2025-07-28 16:03:05,815 - scrapers.hackernews_scraper - INFO - 故事 Ask HN: Why do Cursor, Windsur... 转换完成，包含 38 条评论
2025-07-28 16:03:05,816 - scrapers.hackernews_scraper - INFO - 转换第 13/15 个故事: Ask HN: Discrete Mathematics P...
2025-07-28 16:03:07,157 - scrapers.hackernews_scraper - INFO - 找到 1 条评论
2025-07-28 16:03:07,158 - scrapers.hackernews_scraper - INFO - 故事 Ask HN: Discrete Mathematics P... 转换完成，包含 1 条评论
2025-07-28 16:03:07,158 - scrapers.hackernews_scraper - INFO - 转换第 14/15 个故事: Ask HN: Who is looking for a c...
2025-07-28 16:03:09,853 - scrapers.hackernews_scraper - INFO - 找到 4 条评论
2025-07-28 16:03:09,856 - scrapers.hackernews_scraper - INFO - 故事 Ask HN: Who is looking for a c... 转换完成，包含 4 条评论
2025-07-28 16:03:09,856 - scrapers.hackernews_scraper - INFO - 转换第 15/15 个故事: Ask HN: What now occupies a we...
2025-07-28 16:03:11,494 - scrapers.hackernews_scraper - INFO - 找到 9 条评论
2025-07-28 16:03:11,500 - scrapers.hackernews_scraper - INFO - 故事 Ask HN: What now occupies a we... 转换完成，包含 9 条评论
2025-07-28 16:03:11,500 - scrapers.hackernews_scraper - INFO - 共转换 15 个故事为统一格式
2025-07-28 16:03:11,500 - scrapers.hackernews_scraper - INFO - 爬取完成，共获取 15 个Ask HN故事
2025-07-28 16:03:11,888 - utils.storage_utils - INFO - 已更新源索引: hackernews
2025-07-28 16:03:11,890 - utils.storage_utils - INFO - 数据已保存到 data/hackernews/week_2025-07-28.json
2025-07-28 16:03:11,890 - scrapers.base_scraper - INFO - 数据已保存到 data/hackernews/week_2025-07-28.json
2025-07-28 16:03:11,890 - scrapers.base_scraper - INFO - 成功爬取 Hacker News 的数据
2025-07-28 16:03:11,890 - __main__ - INFO - 完成: 1/3 个爬虫成功运行
2025-07-28 16:03:12,129 - __main__ - INFO - 归档所有源的旧数据
2025-07-28 16:03:12,129 - __main__ - INFO - 源 jandan 归档 无需归档
2025-07-28 16:03:12,129 - __main__ - INFO - 源 reddit 归档 无需归档
2025-07-28 16:03:12,129 - utils.storage_utils - INFO - 已将 week_2025-05-05.json 归档
2025-07-28 16:03:12,129 - __main__ - INFO - 源 hackernews 归档 成功
