2026-01-06 16:02:17,154 - __main__ - INFO - 运行所有爬虫
2026-01-06 16:02:17,154 - scrapers.jandan_scraper - INFO - JandanScraper初始化完成
2026-01-06 16:02:17,154 - scrapers.base_scraper - INFO - 开始爬取 煎蛋网
2026-01-06 16:02:17,154 - scrapers.jandan_scraper - INFO - 开始爬取煎蛋热评
2026-01-06 16:02:20,709 - scrapers.jandan_scraper - INFO - 成功获取HTML内容，长度: 24765
2026-01-06 16:02:20,709 - scrapers.jandan_scraper - INFO - 调试: 手动获取评论 5877984 的吐槽数据
2026-01-06 16:02:20,709 - scrapers.jandan_scraper - INFO - 获取评论 5877984 的吐槽内容: https://jandan.net/api/tucao/list/5877984
2026-01-06 16:02:22,930 - scrapers.jandan_scraper - INFO - 评论 5877984 获取到 1 条热门吐槽, 3 条普通吐槽
2026-01-06 16:02:22,930 - scrapers.jandan_scraper - INFO - 调试: 评论 5877984 获取到 1 条热门吐槽, 3 条普通吐槽
2026-01-06 16:02:22,930 - scrapers.jandan_scraper - INFO - 开始解析页面中的评论
2026-01-06 16:02:22,930 - scrapers.jandan_scraper - INFO - 开始解析HTML内容, 长度: 24765
2026-01-06 16:02:22,939 - scrapers.jandan_scraper - INFO - 找到 0 条热门评论
2026-01-06 16:02:22,939 - scrapers.jandan_scraper - INFO - 解析完成，获取到 0 条评论
2026-01-06 16:02:22,939 - scrapers.jandan_scraper - INFO - 开始转换评论为统一格式
2026-01-06 16:02:22,939 - scrapers.jandan_scraper - INFO - 开始转换 0 条评论到统一格式
2026-01-06 16:02:22,939 - scrapers.jandan_scraper - INFO - 共转换 0 条评论为统一格式
2026-01-06 16:02:22,939 - scrapers.jandan_scraper - INFO - 爬取完成，共获取 0 条热评
2026-01-06 16:02:22,939 - scrapers.base_scraper - ERROR - 爬取 煎蛋网 失败
2026-01-06 16:02:22,939 - scrapers.reddit_scraper - INFO - RedditScraper初始化完成
2026-01-06 16:02:22,940 - scrapers.base_scraper - INFO - 开始爬取 Reddit
2026-01-06 16:02:22,941 - scrapers.reddit_scraper - INFO - 开始爬取Reddit r/confessions每周热门帖子
2026-01-06 16:02:25,745 - utils.http_utils - ERROR - 请求失败: https://www.reddit.com/r/confessions/top/.json?t=week&limit=10, 错误: 403 Client Error: Blocked for url: https://www.reddit.com/r/confessions/top/.json?t=week&limit=10
2026-01-06 16:02:25,746 - scrapers.reddit_scraper - ERROR - 获取API数据失败: 403 Client Error: Blocked for url: https://www.reddit.com/r/confessions/top/.json?t=week&limit=10
2026-01-06 16:02:25,746 - scrapers.base_scraper - ERROR - 爬取 Reddit 失败
2026-01-06 16:02:25,746 - scrapers.hackernews_scraper - INFO - HackerNewsScraper初始化完成
2026-01-06 16:02:25,746 - scrapers.base_scraper - INFO - 开始爬取 Hacker News
2026-01-06 16:02:25,746 - scrapers.hackernews_scraper - INFO - 开始爬取Hacker News Ask HN帖子
2026-01-06 16:02:25,747 - scrapers.hackernews_scraper - INFO - 获取Ask HN页面: https://news.ycombinator.com/ask
2026-01-06 16:02:28,797 - scrapers.hackernews_scraper - INFO - 找到 30 个帖子行
2026-01-06 16:02:28,799 - scrapers.hackernews_scraper - INFO - 成功解析故事: Ask HN: How do you use 5–10 mi..., 作者=pea, 点赞=34, 评论=0
2026-01-06 16:02:28,799 - scrapers.hackernews_scraper - INFO - 成功解析故事: Ask HN: How do small teams mak..., 作者=batels, 点赞=4, 评论=0
2026-01-06 16:02:28,800 - scrapers.hackernews_scraper - INFO - 成功解析故事: Ask HN: Who wants to be hired?..., 作者=whoishiring, 点赞=162, 评论=0
2026-01-06 16:02:28,801 - scrapers.hackernews_scraper - INFO - 成功解析故事: Ask HN: Has anyone else been s..., 作者=areoform, 点赞=23, 评论=0
2026-01-06 16:02:28,801 - scrapers.hackernews_scraper - INFO - 成功解析故事: Ask HN: Who is hiring? (Januar..., 作者=whoishiring, 点赞=346, 评论=0
2026-01-06 16:02:28,802 - scrapers.hackernews_scraper - INFO - 成功解析故事: Ask HN: What's a standard way ..., 作者=nvader, 点赞=2, 评论=0
2026-01-06 16:02:28,803 - scrapers.hackernews_scraper - INFO - 成功解析故事: Ask HN: Reading list for being..., 作者=drekipus, 点赞=38, 评论=0
2026-01-06 16:02:28,803 - scrapers.hackernews_scraper - INFO - 成功解析故事: Ask HN: Are you missing daily ..., 作者=unknownhad, 点赞=9, 评论=0
2026-01-06 16:02:28,804 - scrapers.hackernews_scraper - INFO - 成功解析故事: Ask HN: What's the best talk y..., 作者=barddoo, 点赞=16, 评论=0
2026-01-06 16:02:28,804 - scrapers.hackernews_scraper - INFO - 成功解析故事: Ask HN: What's the future of s..., 作者=sjgeek, 点赞=23, 评论=0
2026-01-06 16:02:28,805 - scrapers.hackernews_scraper - INFO - 成功解析故事: Ask HN: How is your work makin..., 作者=AbstractH24, 点赞=14, 评论=0
2026-01-06 16:02:28,805 - scrapers.hackernews_scraper - INFO - 成功解析故事: Ask HN: What did you learn in ..., 作者=kiernanmcgowan, 点赞=18, 评论=0
2026-01-06 16:02:28,806 - scrapers.hackernews_scraper - INFO - 成功解析故事: Ask HN: Why no dark mode?..., 作者=lejeanvaljean, 点赞=7, 评论=0
2026-01-06 16:02:28,806 - scrapers.hackernews_scraper - INFO - 成功解析故事: Ask HN: Expository/Succinct Bo..., 作者=rramadass, 点赞=27, 评论=0
2026-01-06 16:02:28,807 - scrapers.hackernews_scraper - INFO - 成功解析故事: Ask HN: Who is using Nebula (m..., 作者=cdsl, 点赞=8, 评论=0
2026-01-06 16:02:28,807 - scrapers.hackernews_scraper - INFO - 成功解析 15 个Ask HN故事
2026-01-06 16:02:28,807 - scrapers.hackernews_scraper - INFO - 开始转换 15 个故事到统一格式
2026-01-06 16:02:28,807 - scrapers.hackernews_scraper - INFO - 转换第 1/15 个故事: Ask HN: How do you use 5–10 mi...
2026-01-06 16:02:31,971 - scrapers.hackernews_scraper - INFO - 找到 46 条评论
2026-01-06 16:02:32,024 - scrapers.hackernews_scraper - INFO - 故事 Ask HN: How do you use 5–10 mi... 转换完成，包含 46 条评论
2026-01-06 16:02:32,024 - scrapers.hackernews_scraper - INFO - 转换第 2/15 个故事: Ask HN: How do small teams mak...
2026-01-06 16:02:34,344 - scrapers.hackernews_scraper - INFO - 找到 2 条评论
2026-01-06 16:02:34,345 - scrapers.hackernews_scraper - INFO - 故事 Ask HN: How do small teams mak... 转换完成，包含 2 条评论
2026-01-06 16:02:34,345 - scrapers.hackernews_scraper - INFO - 转换第 3/15 个故事: Ask HN: Who wants to be hired?...
2026-01-06 16:02:37,280 - scrapers.hackernews_scraper - INFO - 找到 367 条评论
2026-01-06 16:02:40,264 - scrapers.hackernews_scraper - INFO - 故事 Ask HN: Who wants to be hired?... 转换完成，包含 100 条评论
2026-01-06 16:02:40,264 - scrapers.hackernews_scraper - INFO - 转换第 4/15 个故事: Ask HN: Has anyone else been s...
2026-01-06 16:02:42,380 - scrapers.hackernews_scraper - INFO - 找到 12 条评论
2026-01-06 16:02:42,388 - scrapers.hackernews_scraper - INFO - 故事 Ask HN: Has anyone else been s... 转换完成，包含 12 条评论
2026-01-06 16:02:42,388 - scrapers.hackernews_scraper - INFO - 转换第 5/15 个故事: Ask HN: Who is hiring? (Januar...
2026-01-06 16:02:45,000 - scrapers.hackernews_scraper - INFO - 找到 297 条评论
2026-01-06 16:02:46,850 - scrapers.hackernews_scraper - INFO - 故事 Ask HN: Who is hiring? (Januar... 转换完成，包含 100 条评论
2026-01-06 16:02:46,850 - scrapers.hackernews_scraper - INFO - 转换第 6/15 个故事: Ask HN: What's a standard way ...
2026-01-06 16:02:48,776 - scrapers.hackernews_scraper - INFO - 找到 0 条评论
2026-01-06 16:02:48,776 - scrapers.hackernews_scraper - INFO - 故事 Ask HN: What's a standard way ... 转换完成，包含 0 条评论
2026-01-06 16:02:48,776 - scrapers.hackernews_scraper - INFO - 转换第 7/15 个故事: Ask HN: Reading list for being...
2026-01-06 16:02:49,983 - scrapers.hackernews_scraper - INFO - 找到 15 条评论
2026-01-06 16:02:49,994 - scrapers.hackernews_scraper - INFO - 故事 Ask HN: Reading list for being... 转换完成，包含 15 条评论
2026-01-06 16:02:49,995 - scrapers.hackernews_scraper - INFO - 转换第 8/15 个故事: Ask HN: Are you missing daily ...
2026-01-06 16:02:51,759 - scrapers.hackernews_scraper - INFO - 找到 6 条评论
2026-01-06 16:02:51,762 - scrapers.hackernews_scraper - INFO - 故事 Ask HN: Are you missing daily ... 转换完成，包含 6 条评论
2026-01-06 16:02:51,763 - scrapers.hackernews_scraper - INFO - 转换第 9/15 个故事: Ask HN: What's the best talk y...
2026-01-06 16:02:54,671 - scrapers.hackernews_scraper - INFO - 找到 12 条评论
2026-01-06 16:02:54,680 - scrapers.hackernews_scraper - INFO - 故事 Ask HN: What's the best talk y... 转换完成，包含 12 条评论
2026-01-06 16:02:54,680 - scrapers.hackernews_scraper - INFO - 转换第 10/15 个故事: Ask HN: What's the future of s...
2026-01-06 16:02:56,192 - scrapers.hackernews_scraper - INFO - 找到 16 条评论
2026-01-06 16:02:56,203 - scrapers.hackernews_scraper - INFO - 故事 Ask HN: What's the future of s... 转换完成，包含 16 条评论
2026-01-06 16:02:56,204 - scrapers.hackernews_scraper - INFO - 转换第 11/15 个故事: Ask HN: How is your work makin...
2026-01-06 16:02:57,945 - scrapers.hackernews_scraper - INFO - 找到 12 条评论
2026-01-06 16:02:57,954 - scrapers.hackernews_scraper - INFO - 故事 Ask HN: How is your work makin... 转换完成，包含 12 条评论
2026-01-06 16:02:57,954 - scrapers.hackernews_scraper - INFO - 转换第 12/15 个故事: Ask HN: What did you learn in ...
2026-01-06 16:03:00,196 - scrapers.hackernews_scraper - INFO - 找到 7 条评论
2026-01-06 16:03:00,201 - scrapers.hackernews_scraper - INFO - 故事 Ask HN: What did you learn in ... 转换完成，包含 7 条评论
2026-01-06 16:03:00,201 - scrapers.hackernews_scraper - INFO - 转换第 13/15 个故事: Ask HN: Why no dark mode?...
2026-01-06 16:03:02,999 - scrapers.hackernews_scraper - INFO - 找到 11 条评论
2026-01-06 16:03:03,007 - scrapers.hackernews_scraper - INFO - 故事 Ask HN: Why no dark mode?... 转换完成，包含 11 条评论
2026-01-06 16:03:03,007 - scrapers.hackernews_scraper - INFO - 转换第 14/15 个故事: Ask HN: Expository/Succinct Bo...
2026-01-06 16:03:04,387 - scrapers.hackernews_scraper - INFO - 找到 25 条评论
2026-01-06 16:03:04,409 - scrapers.hackernews_scraper - INFO - 故事 Ask HN: Expository/Succinct Bo... 转换完成，包含 25 条评论
2026-01-06 16:03:04,409 - scrapers.hackernews_scraper - INFO - 转换第 15/15 个故事: Ask HN: Who is using Nebula (m...
2026-01-06 16:03:06,514 - scrapers.hackernews_scraper - INFO - 找到 6 条评论
2026-01-06 16:03:06,518 - scrapers.hackernews_scraper - INFO - 故事 Ask HN: Who is using Nebula (m... 转换完成，包含 6 条评论
2026-01-06 16:03:06,518 - scrapers.hackernews_scraper - INFO - 共转换 15 个故事为统一格式
2026-01-06 16:03:06,518 - scrapers.hackernews_scraper - INFO - 爬取完成，共获取 15 个Ask HN故事
2026-01-06 16:03:06,900 - utils.storage_utils - INFO - 已更新源索引: hackernews
2026-01-06 16:03:06,902 - utils.storage_utils - INFO - 数据已保存到 data/hackernews/week_2026-01-05.json
2026-01-06 16:03:06,903 - scrapers.base_scraper - INFO - 数据已保存到 data/hackernews/week_2026-01-05.json
2026-01-06 16:03:06,903 - scrapers.base_scraper - INFO - 成功爬取 Hacker News 的数据
2026-01-06 16:03:06,904 - __main__ - INFO - 完成: 1/3 个爬虫成功运行
2026-01-06 16:03:07,124 - __main__ - INFO - 归档所有源的旧数据
2026-01-06 16:03:07,124 - __main__ - INFO - 源 jandan 归档 无需归档
2026-01-06 16:03:07,124 - __main__ - INFO - 源 reddit 归档 无需归档
2026-01-06 16:03:07,124 - __main__ - INFO - 源 hackernews 归档 无需归档
