2026-07-05 16:53:57,174 - __main__ - INFO - 运行所有爬虫
2026-07-05 16:53:57,175 - scrapers.jandan_scraper - INFO - JandanScraper初始化完成
2026-07-05 16:53:57,175 - scrapers.base_scraper - INFO - 开始爬取 煎蛋网
2026-07-05 16:53:57,175 - scrapers.jandan_scraper - INFO - 开始爬取煎蛋热评
2026-07-05 16:54:09,073 - urllib3.connectionpool - WARNING - Retrying (Retry(total=2, connect=None, read=None, redirect=None, status=None)) after connection broken by 'ReadTimeoutError("HTTPSConnectionPool(host='jandan.net', port=443): Read timed out. (read timeout=10)")': /top-comments
2026-07-05 16:54:20,329 - urllib3.connectionpool - WARNING - Retrying (Retry(total=1, connect=None, read=None, redirect=None, status=None)) after connection broken by 'ReadTimeoutError("HTTPSConnectionPool(host='jandan.net', port=443): Read timed out. (read timeout=10)")': /top-comments
2026-07-05 16:54:32,793 - urllib3.connectionpool - WARNING - Retrying (Retry(total=0, connect=None, read=None, redirect=None, status=None)) after connection broken by 'ReadTimeoutError("HTTPSConnectionPool(host='jandan.net', port=443): Read timed out. (read timeout=10)")': /top-comments
2026-07-05 16:54:32,861 - scrapers.jandan_scraper - INFO - 成功获取HTML内容，长度: 36949
2026-07-05 16:54:32,861 - scrapers.jandan_scraper - INFO - 调试: 手动获取评论 5877984 的吐槽数据
2026-07-05 16:54:32,861 - scrapers.jandan_scraper - INFO - 获取评论 5877984 的吐槽内容: https://jandan.net/api/tucao/list/5877984
2026-07-05 16:54:35,830 - scrapers.jandan_scraper - INFO - 评论 5877984 获取到 0 条热门吐槽, 0 条普通吐槽
2026-07-05 16:54:35,831 - scrapers.jandan_scraper - INFO - 调试: 评论 5877984 获取到 0 条热门吐槽, 0 条普通吐槽
2026-07-05 16:54:35,831 - scrapers.jandan_scraper - INFO - 开始解析页面中的评论
2026-07-05 16:54:35,831 - scrapers.jandan_scraper - INFO - 开始解析HTML内容, 长度: 36949
2026-07-05 16:54:35,842 - scrapers.jandan_scraper - INFO - 找到 0 条热门评论
2026-07-05 16:54:35,843 - scrapers.jandan_scraper - INFO - 解析完成，获取到 0 条评论
2026-07-05 16:54:35,843 - scrapers.jandan_scraper - INFO - 开始转换评论为统一格式
2026-07-05 16:54:35,843 - scrapers.jandan_scraper - INFO - 开始转换 0 条评论到统一格式
2026-07-05 16:54:35,843 - scrapers.jandan_scraper - INFO - 共转换 0 条评论为统一格式
2026-07-05 16:54:35,843 - scrapers.jandan_scraper - INFO - 爬取完成，共获取 0 条热评
2026-07-05 16:54:35,843 - scrapers.base_scraper - ERROR - 爬取 煎蛋网 失败
2026-07-05 16:54:35,843 - scrapers.reddit_scraper - INFO - RedditScraper初始化完成
2026-07-05 16:54:35,844 - scrapers.base_scraper - INFO - 开始爬取 Reddit
2026-07-05 16:54:35,844 - scrapers.reddit_scraper - INFO - 开始爬取Reddit r/confessions每周热门帖子
2026-07-05 16:54:37,597 - utils.http_utils - ERROR - 请求失败: https://www.reddit.com/r/confessions/top/.json?t=week&limit=10, 错误: 403 Client Error: Blocked for url: https://www.reddit.com/r/confessions/top/.json?t=week&limit=10
2026-07-05 16:54:37,598 - scrapers.reddit_scraper - ERROR - 获取API数据失败: 403 Client Error: Blocked for url: https://www.reddit.com/r/confessions/top/.json?t=week&limit=10
2026-07-05 16:54:37,598 - scrapers.base_scraper - ERROR - 爬取 Reddit 失败
2026-07-05 16:54:37,598 - scrapers.hackernews_scraper - INFO - HackerNewsScraper初始化完成
2026-07-05 16:54:37,599 - scrapers.base_scraper - INFO - 开始爬取 Hacker News
2026-07-05 16:54:37,599 - scrapers.hackernews_scraper - INFO - 开始爬取Hacker News Ask HN帖子
2026-07-05 16:54:37,599 - scrapers.hackernews_scraper - INFO - 获取Ask HN页面: https://news.ycombinator.com/ask
2026-07-05 16:54:40,354 - scrapers.hackernews_scraper - INFO - 找到 25 个帖子行
2026-07-05 16:54:40,355 - scrapers.hackernews_scraper - INFO - 成功解析故事: Ask HN: Is anyone experimentin..., 作者=yehiaabdelm, 点赞=191, 评论=0
2026-07-05 16:54:40,356 - scrapers.hackernews_scraper - INFO - 成功解析故事: Ask HN: Good fast IDE for read..., 作者=akkad33, 点赞=4, 评论=0
2026-07-05 16:54:40,357 - scrapers.hackernews_scraper - INFO - 成功解析故事: Ask HN: Who is hiring? (July 2..., 作者=whoishiring, 点赞=242, 评论=0
2026-07-05 16:54:40,358 - scrapers.hackernews_scraper - INFO - 成功解析故事: Ask HN: How Do You Connect Ope..., 作者=mcpzero, 点赞=3, 评论=0
2026-07-05 16:54:40,358 - scrapers.hackernews_scraper - INFO - 成功解析故事: Ask HN: Who wants to be hired?..., 作者=whoishiring, 点赞=150, 评论=0
2026-07-05 16:54:40,359 - scrapers.hackernews_scraper - INFO - 成功解析故事: Ask HN: Since when does Craigs..., 作者=argee, 点赞=39, 评论=0
2026-07-05 16:54:40,359 - scrapers.hackernews_scraper - INFO - 成功解析故事: Ask HN: America turns 250 toda..., 作者=abixb, 点赞=12, 评论=0
2026-07-05 16:54:40,360 - scrapers.hackernews_scraper - INFO - 成功解析故事: Ask HN: Is HN crowd a left-lea..., 作者=eimrine, 点赞=6, 评论=0
2026-07-05 16:54:40,361 - scrapers.hackernews_scraper - INFO - 成功解析故事: Ask HN: Why are so many "AI ev..., 作者=seattle_spring, 点赞=66, 评论=0
2026-07-05 16:54:40,362 - scrapers.hackernews_scraper - INFO - 成功解析故事: Ask HN: Where are the good sea..., 作者=lo0dot0, 点赞=3, 评论=0
2026-07-05 16:54:40,362 - scrapers.hackernews_scraper - INFO - 成功解析故事: Ask HN: When will the stock ma..., 作者=roschdal, 点赞=12, 评论=0
2026-07-05 16:54:40,363 - scrapers.hackernews_scraper - INFO - 成功解析故事: Ask HN: Where is the programmi..., 作者=syntaxbush, 点赞=166, 评论=0
2026-07-05 16:54:40,363 - scrapers.hackernews_scraper - INFO - 成功解析 12 个Ask HN故事
2026-07-05 16:54:40,363 - scrapers.hackernews_scraper - INFO - 开始转换 12 个故事到统一格式
2026-07-05 16:54:40,363 - scrapers.hackernews_scraper - INFO - 转换第 1/12 个故事: Ask HN: Is anyone experimentin...
2026-07-05 16:54:42,264 - scrapers.hackernews_scraper - INFO - 找到 192 条评论
2026-07-05 16:54:42,897 - scrapers.hackernews_scraper - INFO - 故事 Ask HN: Is anyone experimentin... 转换完成，包含 100 条评论
2026-07-05 16:54:42,897 - scrapers.hackernews_scraper - INFO - 转换第 2/12 个故事: Ask HN: Good fast IDE for read...
2026-07-05 16:54:45,827 - utils.http_utils - ERROR - 请求失败: https://news.ycombinator.com/item?id=48792671, 错误: 429 Client Error: Too Many Requests for url: https://news.ycombinator.com/item?id=48792671
2026-07-05 16:54:45,827 - scrapers.hackernews_scraper - ERROR - 获取故事详情失败: 48792671
2026-07-05 16:54:48,814 - utils.http_utils - ERROR - 请求失败: https://news.ycombinator.com/item?id=48792671, 错误: 429 Client Error: Too Many Requests for url: https://news.ycombinator.com/item?id=48792671
2026-07-05 16:54:48,815 - scrapers.hackernews_scraper - ERROR - 获取故事详情失败: 48792671
2026-07-05 16:54:48,815 - scrapers.hackernews_scraper - INFO - 故事 Ask HN: Good fast IDE for read... 转换完成，包含 0 条评论
2026-07-05 16:54:48,815 - scrapers.hackernews_scraper - INFO - 转换第 3/12 个故事: Ask HN: Who is hiring? (July 2...
2026-07-05 16:54:51,398 - scrapers.hackernews_scraper - INFO - 找到 325 条评论
2026-07-05 16:54:53,753 - scrapers.hackernews_scraper - INFO - 故事 Ask HN: Who is hiring? (July 2... 转换完成，包含 100 条评论
2026-07-05 16:54:53,753 - scrapers.hackernews_scraper - INFO - 转换第 4/12 个故事: Ask HN: How Do You Connect Ope...
2026-07-05 16:54:54,888 - utils.http_utils - ERROR - 请求失败: https://news.ycombinator.com/item?id=48791510, 错误: 429 Client Error: Too Many Requests for url: https://news.ycombinator.com/item?id=48791510
2026-07-05 16:54:54,888 - scrapers.hackernews_scraper - ERROR - 获取故事详情失败: 48791510
2026-07-05 16:54:56,018 - utils.http_utils - ERROR - 请求失败: https://news.ycombinator.com/item?id=48791510, 错误: 429 Client Error: Too Many Requests for url: https://news.ycombinator.com/item?id=48791510
2026-07-05 16:54:56,019 - scrapers.hackernews_scraper - ERROR - 获取故事详情失败: 48791510
2026-07-05 16:54:56,019 - scrapers.hackernews_scraper - INFO - 故事 Ask HN: How Do You Connect Ope... 转换完成，包含 0 条评论
2026-07-05 16:54:56,019 - scrapers.hackernews_scraper - INFO - 转换第 5/12 个故事: Ask HN: Who wants to be hired?...
2026-07-05 16:55:00,128 - scrapers.hackernews_scraper - INFO - 找到 458 条评论
2026-07-05 16:55:05,343 - scrapers.hackernews_scraper - INFO - 故事 Ask HN: Who wants to be hired?... 转换完成，包含 100 条评论
2026-07-05 16:55:05,343 - scrapers.hackernews_scraper - INFO - 转换第 6/12 个故事: Ask HN: Since when does Craigs...
2026-07-05 16:55:08,190 - utils.http_utils - ERROR - 请求失败: https://news.ycombinator.com/item?id=48739792, 错误: 429 Client Error: Too Many Requests for url: https://news.ycombinator.com/item?id=48739792
2026-07-05 16:55:08,191 - scrapers.hackernews_scraper - ERROR - 获取故事详情失败: 48739792
2026-07-05 16:55:11,172 - utils.http_utils - ERROR - 请求失败: https://news.ycombinator.com/item?id=48739792, 错误: 429 Client Error: Too Many Requests for url: https://news.ycombinator.com/item?id=48739792
2026-07-05 16:55:11,172 - scrapers.hackernews_scraper - ERROR - 获取故事详情失败: 48739792
2026-07-05 16:55:11,172 - scrapers.hackernews_scraper - INFO - 故事 Ask HN: Since when does Craigs... 转换完成，包含 0 条评论
2026-07-05 16:55:11,172 - scrapers.hackernews_scraper - INFO - 转换第 7/12 个故事: Ask HN: America turns 250 toda...
2026-07-05 16:55:13,274 - utils.http_utils - ERROR - 请求失败: https://news.ycombinator.com/item?id=48786354, 错误: 429 Client Error: Too Many Requests for url: https://news.ycombinator.com/item?id=48786354
2026-07-05 16:55:13,275 - scrapers.hackernews_scraper - ERROR - 获取故事详情失败: 48786354
2026-07-05 16:55:15,683 - utils.http_utils - ERROR - 请求失败: https://news.ycombinator.com/item?id=48786354, 错误: 429 Client Error: Too Many Requests for url: https://news.ycombinator.com/item?id=48786354
2026-07-05 16:55:15,683 - scrapers.hackernews_scraper - ERROR - 获取故事详情失败: 48786354
2026-07-05 16:55:15,683 - scrapers.hackernews_scraper - INFO - 故事 Ask HN: America turns 250 toda... 转换完成，包含 0 条评论
2026-07-05 16:55:15,683 - scrapers.hackernews_scraper - INFO - 转换第 8/12 个故事: Ask HN: Is HN crowd a left-lea...
2026-07-05 16:55:17,549 - scrapers.hackernews_scraper - INFO - 找到 13 条评论
2026-07-05 16:55:17,561 - scrapers.hackernews_scraper - INFO - 故事 Ask HN: Is HN crowd a left-lea... 转换完成，包含 13 条评论
2026-07-05 16:55:17,561 - scrapers.hackernews_scraper - INFO - 转换第 9/12 个故事: Ask HN: Why are so many "AI ev...
2026-07-05 16:55:18,952 - utils.http_utils - ERROR - 请求失败: https://news.ycombinator.com/item?id=48765450, 错误: 429 Client Error: Too Many Requests for url: https://news.ycombinator.com/item?id=48765450
2026-07-05 16:55:18,952 - scrapers.hackernews_scraper - ERROR - 获取故事详情失败: 48765450
2026-07-05 16:55:21,274 - utils.http_utils - ERROR - 请求失败: https://news.ycombinator.com/item?id=48765450, 错误: 429 Client Error: Too Many Requests for url: https://news.ycombinator.com/item?id=48765450
2026-07-05 16:55:21,274 - scrapers.hackernews_scraper - ERROR - 获取故事详情失败: 48765450
2026-07-05 16:55:21,274 - scrapers.hackernews_scraper - INFO - 故事 Ask HN: Why are so many "AI ev... 转换完成，包含 0 条评论
2026-07-05 16:55:21,274 - scrapers.hackernews_scraper - INFO - 转换第 10/12 个故事: Ask HN: Where are the good sea...
2026-07-05 16:55:24,025 - utils.http_utils - ERROR - 请求失败: https://news.ycombinator.com/item?id=48787886, 错误: 429 Client Error: Too Many Requests for url: https://news.ycombinator.com/item?id=48787886
2026-07-05 16:55:24,025 - scrapers.hackernews_scraper - ERROR - 获取故事详情失败: 48787886
2026-07-05 16:55:26,784 - utils.http_utils - ERROR - 请求失败: https://news.ycombinator.com/item?id=48787886, 错误: 429 Client Error: Too Many Requests for url: https://news.ycombinator.com/item?id=48787886
2026-07-05 16:55:26,784 - scrapers.hackernews_scraper - ERROR - 获取故事详情失败: 48787886
2026-07-05 16:55:26,784 - scrapers.hackernews_scraper - INFO - 故事 Ask HN: Where are the good sea... 转换完成，包含 0 条评论
2026-07-05 16:55:26,784 - scrapers.hackernews_scraper - INFO - 转换第 11/12 个故事: Ask HN: When will the stock ma...
2026-07-05 16:55:28,773 - scrapers.hackernews_scraper - INFO - 找到 18 条评论
2026-07-05 16:55:28,787 - scrapers.hackernews_scraper - INFO - 故事 Ask HN: When will the stock ma... 转换完成，包含 18 条评论
2026-07-05 16:55:28,787 - scrapers.hackernews_scraper - INFO - 转换第 12/12 个故事: Ask HN: Where is the programmi...
2026-07-05 16:55:30,544 - utils.http_utils - ERROR - 请求失败: https://news.ycombinator.com/item?id=48668199, 错误: 429 Client Error: Too Many Requests for url: https://news.ycombinator.com/item?id=48668199
2026-07-05 16:55:30,544 - scrapers.hackernews_scraper - ERROR - 获取故事详情失败: 48668199
2026-07-05 16:55:32,766 - utils.http_utils - ERROR - 请求失败: https://news.ycombinator.com/item?id=48668199, 错误: 429 Client Error: Too Many Requests for url: https://news.ycombinator.com/item?id=48668199
2026-07-05 16:55:32,766 - scrapers.hackernews_scraper - ERROR - 获取故事详情失败: 48668199
2026-07-05 16:55:32,766 - scrapers.hackernews_scraper - INFO - 故事 Ask HN: Where is the programmi... 转换完成，包含 0 条评论
2026-07-05 16:55:32,766 - scrapers.hackernews_scraper - INFO - 共转换 12 个故事为统一格式
2026-07-05 16:55:32,766 - scrapers.hackernews_scraper - INFO - 爬取完成，共获取 12 个Ask HN故事
2026-07-05 16:55:33,018 - utils.storage_utils - INFO - 已更新源索引: hackernews
2026-07-05 16:55:33,020 - utils.storage_utils - INFO - 数据已保存到 data/hackernews/week_2026-06-29.json
2026-07-05 16:55:33,021 - scrapers.base_scraper - INFO - 数据已保存到 data/hackernews/week_2026-06-29.json
2026-07-05 16:55:33,021 - scrapers.base_scraper - INFO - 成功爬取 Hacker News 的数据
2026-07-05 16:55:33,022 - __main__ - INFO - 完成: 1/3 个爬虫成功运行
2026-07-05 16:55:33,245 - __main__ - INFO - 归档所有源的旧数据
2026-07-05 16:55:33,245 - __main__ - INFO - 源 jandan 归档 无需归档
2026-07-05 16:55:33,245 - __main__ - INFO - 源 reddit 归档 无需归档
2026-07-05 16:55:33,245 - __main__ - INFO - 源 hackernews 归档 无需归档
