2025-10-23 16:02:39,712 - __main__ - INFO - 运行所有爬虫
2025-10-23 16:02:39,712 - scrapers.jandan_scraper - INFO - JandanScraper初始化完成
2025-10-23 16:02:39,712 - scrapers.base_scraper - INFO - 开始爬取 煎蛋网
2025-10-23 16:02:39,712 - scrapers.jandan_scraper - INFO - 开始爬取煎蛋热评
2025-10-23 16:02:44,504 - scrapers.jandan_scraper - INFO - 成功获取HTML内容，长度: 24786
2025-10-23 16:02:44,504 - scrapers.jandan_scraper - INFO - 调试: 手动获取评论 5877984 的吐槽数据
2025-10-23 16:02:44,504 - scrapers.jandan_scraper - INFO - 获取评论 5877984 的吐槽内容: https://jandan.net/api/tucao/list/5877984
2025-10-23 16:02:46,064 - scrapers.jandan_scraper - INFO - 评论 5877984 获取到 1 条热门吐槽, 3 条普通吐槽
2025-10-23 16:02:46,064 - scrapers.jandan_scraper - INFO - 调试: 评论 5877984 获取到 1 条热门吐槽, 3 条普通吐槽
2025-10-23 16:02:46,064 - scrapers.jandan_scraper - INFO - 开始解析页面中的评论
2025-10-23 16:02:46,065 - scrapers.jandan_scraper - INFO - 开始解析HTML内容, 长度: 24786
2025-10-23 16:02:46,073 - scrapers.jandan_scraper - INFO - 找到 0 条热门评论
2025-10-23 16:02:46,073 - scrapers.jandan_scraper - INFO - 解析完成，获取到 0 条评论
2025-10-23 16:02:46,073 - scrapers.jandan_scraper - INFO - 开始转换评论为统一格式
2025-10-23 16:02:46,073 - scrapers.jandan_scraper - INFO - 开始转换 0 条评论到统一格式
2025-10-23 16:02:46,073 - scrapers.jandan_scraper - INFO - 共转换 0 条评论为统一格式
2025-10-23 16:02:46,074 - scrapers.jandan_scraper - INFO - 爬取完成，共获取 0 条热评
2025-10-23 16:02:46,074 - scrapers.base_scraper - ERROR - 爬取 煎蛋网 失败
2025-10-23 16:02:46,074 - scrapers.reddit_scraper - INFO - RedditScraper初始化完成
2025-10-23 16:02:46,075 - scrapers.base_scraper - INFO - 开始爬取 Reddit
2025-10-23 16:02:46,075 - scrapers.reddit_scraper - INFO - 开始爬取Reddit r/confessions每周热门帖子
2025-10-23 16:02:47,885 - utils.http_utils - ERROR - 请求失败: https://www.reddit.com/r/confessions/top/.json?t=week&limit=10, 错误: 403 Client Error: Blocked for url: https://www.reddit.com/r/confessions/top/.json?t=week&limit=10
2025-10-23 16:02:47,886 - scrapers.reddit_scraper - ERROR - 获取API数据失败: 403 Client Error: Blocked for url: https://www.reddit.com/r/confessions/top/.json?t=week&limit=10
2025-10-23 16:02:47,886 - scrapers.base_scraper - ERROR - 爬取 Reddit 失败
2025-10-23 16:02:47,886 - scrapers.hackernews_scraper - INFO - HackerNewsScraper初始化完成
2025-10-23 16:02:47,887 - scrapers.base_scraper - INFO - 开始爬取 Hacker News
2025-10-23 16:02:47,887 - scrapers.hackernews_scraper - INFO - 开始爬取Hacker News Ask HN帖子
2025-10-23 16:02:47,887 - scrapers.hackernews_scraper - INFO - 获取Ask HN页面: https://news.ycombinator.com/ask
2025-10-23 16:02:50,793 - scrapers.hackernews_scraper - INFO - 找到 28 个帖子行
2025-10-23 16:02:50,795 - scrapers.hackernews_scraper - INFO - 成功解析故事: Ask HN: Does anyone have scans..., 作者=billpg, 点赞=83, 评论=0
2025-10-23 16:02:50,795 - scrapers.hackernews_scraper - INFO - 成功解析故事: Ask HN: Our AWS account got co..., 作者=kinj28, 点赞=391, 评论=0
2025-10-23 16:02:50,796 - scrapers.hackernews_scraper - INFO - 成功解析故事: Ask HN: How many 9s did AWS lo..., 作者=2dvisio, 点赞=6, 评论=0
2025-10-23 16:02:50,797 - scrapers.hackernews_scraper - INFO - 成功解析故事: Ask HN: Can you recreate/resto..., 作者=danielovichdk, 点赞=4, 评论=0
2025-10-23 16:02:50,797 - scrapers.hackernews_scraper - INFO - 成功解析故事: Ask HN: Best practices for res..., 作者=Eugeleo, 点赞=11, 评论=0
2025-10-23 16:02:50,798 - scrapers.hackernews_scraper - INFO - 成功解析故事: Ask HN: Am I the only one not ..., 作者=acqbu, 点赞=10, 评论=0
2025-10-23 16:02:50,799 - scrapers.hackernews_scraper - INFO - 成功解析故事: Ask HN: Any good books for a l..., 作者=bmau5, 点赞=19, 评论=0
2025-10-23 16:02:50,799 - scrapers.hackernews_scraper - INFO - 成功解析故事: Ask HN: Would you like some he..., 作者=seph-reed, 点赞=5, 评论=0
2025-10-23 16:02:50,800 - scrapers.hackernews_scraper - INFO - 成功解析故事: Ask HN: How to stop an AWS bot..., 作者=lgats, 点赞=285, 评论=0
2025-10-23 16:02:50,800 - scrapers.hackernews_scraper - INFO - 成功解析故事: Ask HN: What are people doing ..., 作者=jwithington, 点赞=194, 评论=0
2025-10-23 16:02:50,801 - scrapers.hackernews_scraper - INFO - 成功解析故事: Ask HN: End-to-end encrypted L..., 作者=5F7bGnd6fWJ66xN, 点赞=3, 评论=0
2025-10-23 16:02:50,802 - scrapers.hackernews_scraper - INFO - 成功解析故事: Ask HN: Preferred Next.js Alte..., 作者=blinkbat, 点赞=2, 评论=0
2025-10-23 16:02:50,803 - scrapers.hackernews_scraper - INFO - 成功解析故事: Ask HN: How does one build lar..., 作者=thepianodan, 点赞=107, 评论=0
2025-10-23 16:02:50,803 - scrapers.hackernews_scraper - INFO - 成功解析故事: Ask HN: What are you working o..., 作者=david927, 点赞=347, 评论=0
2025-10-23 16:02:50,804 - scrapers.hackernews_scraper - INFO - 成功解析故事: Ask HN: Are you / should we be..., 作者=lifeisstillgood, 点赞=4, 评论=0
2025-10-23 16:02:50,804 - scrapers.hackernews_scraper - INFO - 成功解析 15 个Ask HN故事
2025-10-23 16:02:50,804 - scrapers.hackernews_scraper - INFO - 开始转换 15 个故事到统一格式
2025-10-23 16:02:50,804 - scrapers.hackernews_scraper - INFO - 转换第 1/15 个故事: Ask HN: Does anyone have scans...
2025-10-23 16:02:52,701 - scrapers.hackernews_scraper - INFO - 找到 21 条评论
2025-10-23 16:02:52,718 - scrapers.hackernews_scraper - INFO - 故事 Ask HN: Does anyone have scans... 转换完成，包含 21 条评论
2025-10-23 16:02:52,719 - scrapers.hackernews_scraper - INFO - 转换第 2/15 个故事: Ask HN: Our AWS account got co...
2025-10-23 16:02:54,704 - scrapers.hackernews_scraper - INFO - 找到 94 条评论
2025-10-23 16:02:54,897 - scrapers.hackernews_scraper - INFO - 故事 Ask HN: Our AWS account got co... 转换完成，包含 94 条评论
2025-10-23 16:02:54,897 - scrapers.hackernews_scraper - INFO - 转换第 3/15 个故事: Ask HN: How many 9s did AWS lo...
2025-10-23 16:02:56,514 - scrapers.hackernews_scraper - INFO - 找到 1 条评论
2025-10-23 16:02:56,515 - scrapers.hackernews_scraper - INFO - 故事 Ask HN: How many 9s did AWS lo... 转换完成，包含 1 条评论
2025-10-23 16:02:56,515 - scrapers.hackernews_scraper - INFO - 转换第 4/15 个故事: Ask HN: Can you recreate/resto...
2025-10-23 16:02:58,713 - scrapers.hackernews_scraper - INFO - 找到 0 条评论
2025-10-23 16:02:58,713 - scrapers.hackernews_scraper - INFO - 故事 Ask HN: Can you recreate/resto... 转换完成，包含 0 条评论
2025-10-23 16:02:58,713 - scrapers.hackernews_scraper - INFO - 转换第 5/15 个故事: Ask HN: Best practices for res...
2025-10-23 16:03:01,453 - scrapers.hackernews_scraper - INFO - 找到 3 条评论
2025-10-23 16:03:01,455 - scrapers.hackernews_scraper - INFO - 故事 Ask HN: Best practices for res... 转换完成，包含 3 条评论
2025-10-23 16:03:01,455 - scrapers.hackernews_scraper - INFO - 转换第 6/15 个故事: Ask HN: Am I the only one not ...
2025-10-23 16:03:03,740 - scrapers.hackernews_scraper - INFO - 找到 14 条评论
2025-10-23 16:03:03,751 - scrapers.hackernews_scraper - INFO - 故事 Ask HN: Am I the only one not ... 转换完成，包含 14 条评论
2025-10-23 16:03:03,751 - scrapers.hackernews_scraper - INFO - 转换第 7/15 个故事: Ask HN: Any good books for a l...
2025-10-23 16:03:04,902 - scrapers.hackernews_scraper - INFO - 找到 6 条评论
2025-10-23 16:03:04,906 - scrapers.hackernews_scraper - INFO - 故事 Ask HN: Any good books for a l... 转换完成，包含 6 条评论
2025-10-23 16:03:04,906 - scrapers.hackernews_scraper - INFO - 转换第 8/15 个故事: Ask HN: Would you like some he...
2025-10-23 16:03:06,194 - scrapers.hackernews_scraper - INFO - 找到 4 条评论
2025-10-23 16:03:06,196 - scrapers.hackernews_scraper - INFO - 故事 Ask HN: Would you like some he... 转换完成，包含 4 条评论
2025-10-23 16:03:06,196 - scrapers.hackernews_scraper - INFO - 转换第 9/15 个故事: Ask HN: How to stop an AWS bot...
2025-10-23 16:03:09,815 - scrapers.hackernews_scraper - INFO - 找到 181 条评论
2025-10-23 16:03:10,513 - scrapers.hackernews_scraper - INFO - 故事 Ask HN: How to stop an AWS bot... 转换完成，包含 100 条评论
2025-10-23 16:03:10,513 - scrapers.hackernews_scraper - INFO - 转换第 10/15 个故事: Ask HN: What are people doing ...
2025-10-23 16:03:13,796 - scrapers.hackernews_scraper - INFO - 找到 166 条评论
2025-10-23 16:03:14,336 - scrapers.hackernews_scraper - INFO - 故事 Ask HN: What are people doing ... 转换完成，包含 100 条评论
2025-10-23 16:03:14,336 - scrapers.hackernews_scraper - INFO - 转换第 11/15 个故事: Ask HN: End-to-end encrypted L...
2025-10-23 16:03:16,427 - scrapers.hackernews_scraper - INFO - 找到 1 条评论
2025-10-23 16:03:16,428 - scrapers.hackernews_scraper - INFO - 故事 Ask HN: End-to-end encrypted L... 转换完成，包含 1 条评论
2025-10-23 16:03:16,428 - scrapers.hackernews_scraper - INFO - 转换第 12/15 个故事: Ask HN: Preferred Next.js Alte...
2025-10-23 16:03:19,405 - scrapers.hackernews_scraper - INFO - 找到 7 条评论
2025-10-23 16:03:19,409 - scrapers.hackernews_scraper - INFO - 故事 Ask HN: Preferred Next.js Alte... 转换完成，包含 7 条评论
2025-10-23 16:03:19,410 - scrapers.hackernews_scraper - INFO - 转换第 13/15 个故事: Ask HN: How does one build lar...
2025-10-23 16:03:23,137 - scrapers.hackernews_scraper - INFO - 找到 187 条评论
2025-10-23 16:03:23,803 - scrapers.hackernews_scraper - INFO - 故事 Ask HN: How does one build lar... 转换完成，包含 100 条评论
2025-10-23 16:03:23,803 - scrapers.hackernews_scraper - INFO - 转换第 14/15 个故事: Ask HN: What are you working o...
2025-10-23 16:03:29,417 - scrapers.hackernews_scraper - INFO - 找到 1055 条评论
2025-10-23 16:03:51,960 - scrapers.hackernews_scraper - INFO - 故事 Ask HN: What are you working o... 转换完成，包含 100 条评论
2025-10-23 16:03:51,961 - scrapers.hackernews_scraper - INFO - 转换第 15/15 个故事: Ask HN: Are you / should we be...
2025-10-23 16:03:54,230 - scrapers.hackernews_scraper - INFO - 找到 4 条评论
2025-10-23 16:03:54,232 - scrapers.hackernews_scraper - INFO - 故事 Ask HN: Are you / should we be... 转换完成，包含 4 条评论
2025-10-23 16:03:54,232 - scrapers.hackernews_scraper - INFO - 共转换 15 个故事为统一格式
2025-10-23 16:03:54,232 - scrapers.hackernews_scraper - INFO - 爬取完成，共获取 15 个Ask HN故事
2025-10-23 16:03:54,863 - utils.storage_utils - INFO - 已更新源索引: hackernews
2025-10-23 16:03:54,867 - utils.storage_utils - INFO - 数据已保存到 data/hackernews/week_2025-10-20.json
2025-10-23 16:03:54,868 - scrapers.base_scraper - INFO - 数据已保存到 data/hackernews/week_2025-10-20.json
2025-10-23 16:03:54,868 - scrapers.base_scraper - INFO - 成功爬取 Hacker News 的数据
2025-10-23 16:03:54,869 - __main__ - INFO - 完成: 1/3 个爬虫成功运行
2025-10-23 16:03:55,092 - __main__ - INFO - 归档所有源的旧数据
2025-10-23 16:03:55,092 - __main__ - INFO - 源 jandan 归档 无需归档
2025-10-23 16:03:55,092 - __main__ - INFO - 源 reddit 归档 无需归档
2025-10-23 16:03:55,092 - __main__ - INFO - 源 hackernews 归档 无需归档
