2025-06-13 16:01:42,688 - __main__ - INFO - 运行所有爬虫
2025-06-13 16:01:42,688 - scrapers.jandan_scraper - INFO - JandanScraper初始化完成
2025-06-13 16:01:42,689 - scrapers.base_scraper - INFO - 开始爬取 煎蛋网
2025-06-13 16:01:42,689 - scrapers.jandan_scraper - INFO - 开始爬取煎蛋热评
2025-06-13 16:01:47,740 - scrapers.jandan_scraper - INFO - 成功获取HTML内容，长度: 26153
2025-06-13 16:01:47,740 - scrapers.jandan_scraper - INFO - 调试: 手动获取评论 5877984 的吐槽数据
2025-06-13 16:01:47,741 - scrapers.jandan_scraper - INFO - 获取评论 5877984 的吐槽内容: https://jandan.net/api/tucao/list/5877984
2025-06-13 16:01:50,712 - scrapers.jandan_scraper - INFO - 评论 5877984 获取到 1 条热门吐槽, 3 条普通吐槽
2025-06-13 16:01:50,712 - scrapers.jandan_scraper - INFO - 调试: 评论 5877984 获取到 1 条热门吐槽, 3 条普通吐槽
2025-06-13 16:01:50,712 - scrapers.jandan_scraper - INFO - 开始解析页面中的评论
2025-06-13 16:01:50,712 - scrapers.jandan_scraper - INFO - 开始解析HTML内容, 长度: 26153
2025-06-13 16:01:50,721 - scrapers.jandan_scraper - INFO - 找到 0 条热门评论
2025-06-13 16:01:50,721 - scrapers.jandan_scraper - INFO - 解析完成，获取到 0 条评论
2025-06-13 16:01:50,721 - scrapers.jandan_scraper - INFO - 开始转换评论为统一格式
2025-06-13 16:01:50,721 - scrapers.jandan_scraper - INFO - 开始转换 0 条评论到统一格式
2025-06-13 16:01:50,721 - scrapers.jandan_scraper - INFO - 共转换 0 条评论为统一格式
2025-06-13 16:01:50,721 - scrapers.jandan_scraper - INFO - 爬取完成，共获取 0 条热评
2025-06-13 16:01:50,721 - scrapers.base_scraper - ERROR - 爬取 煎蛋网 失败
2025-06-13 16:01:50,722 - scrapers.reddit_scraper - INFO - RedditScraper初始化完成
2025-06-13 16:01:50,722 - scrapers.base_scraper - INFO - 开始爬取 Reddit
2025-06-13 16:01:50,722 - scrapers.reddit_scraper - INFO - 开始爬取Reddit r/confessions每周热门帖子
2025-06-13 16:01:53,331 - utils.http_utils - ERROR - 请求失败: https://www.reddit.com/r/confessions/top/.json?t=week&limit=10, 错误: 403 Client Error: Blocked for url: https://www.reddit.com/r/confessions/top/.json?t=week&limit=10
2025-06-13 16:01:53,331 - scrapers.reddit_scraper - ERROR - 获取API数据失败: 403 Client Error: Blocked for url: https://www.reddit.com/r/confessions/top/.json?t=week&limit=10
2025-06-13 16:01:53,331 - scrapers.base_scraper - ERROR - 爬取 Reddit 失败
2025-06-13 16:01:53,331 - scrapers.hackernews_scraper - INFO - HackerNewsScraper初始化完成
2025-06-13 16:01:53,331 - scrapers.base_scraper - INFO - 开始爬取 Hacker News
2025-06-13 16:01:53,331 - scrapers.hackernews_scraper - INFO - 开始爬取Hacker News Ask HN帖子
2025-06-13 16:01:53,332 - scrapers.hackernews_scraper - INFO - 获取Ask HN页面: https://news.ycombinator.com/ask
2025-06-13 16:01:55,185 - scrapers.hackernews_scraper - INFO - 找到 30 个帖子行
2025-06-13 16:01:55,187 - scrapers.hackernews_scraper - INFO - 成功解析故事: Ask HN: Is ageism in tech stil..., 作者=leonagano, 点赞=43, 评论=0
2025-06-13 16:01:55,187 - scrapers.hackernews_scraper - INFO - 成功解析故事: Ask HN: How do I give back to ..., 作者=jupiterglimpse, 点赞=99, 评论=0
2025-06-13 16:01:55,188 - scrapers.hackernews_scraper - INFO - 成功解析故事: Ask HN: Casual Math Book Sugge..., 作者=vriendspookstem, 点赞=2, 评论=0
2025-06-13 16:01:55,188 - scrapers.hackernews_scraper - INFO - 成功解析故事: Ask HN: Why does EU institutio..., 作者=karel-3d, 点赞=4, 评论=0
2025-06-13 16:01:55,189 - scrapers.hackernews_scraper - INFO - 成功解析故事: Ask HN: Seeking ways to improv..., 作者=skuuuLaPoo, 点赞=10, 评论=0
2025-06-13 16:01:55,189 - scrapers.hackernews_scraper - INFO - 成功解析故事: Ask HN: What cool skill or pro..., 作者=akktor, 点赞=109, 评论=0
2025-06-13 16:01:55,190 - scrapers.hackernews_scraper - INFO - 成功解析故事: Ask HN: Minecraft's UI element..., 作者=xeonmc, 点赞=18, 评论=0
2025-06-13 16:01:55,191 - scrapers.hackernews_scraper - INFO - 成功解析故事: Ask HN: Can anybody clarify wh..., 作者=johnnyApplePRNG, 点赞=21, 评论=0
2025-06-13 16:01:55,191 - scrapers.hackernews_scraper - INFO - 成功解析故事: Ask HN: Is Firebase Down?..., 作者=hunkins, 点赞=44, 评论=0
2025-06-13 16:01:55,192 - scrapers.hackernews_scraper - INFO - 成功解析故事: Ask HN: How to learn CUDA to p..., 作者=upmind, 点赞=243, 评论=0
2025-06-13 16:01:55,192 - scrapers.hackernews_scraper - INFO - 成功解析故事: Ask HN: What is your ultimate ..., 作者=nico, 点赞=6, 评论=0
2025-06-13 16:01:55,193 - scrapers.hackernews_scraper - INFO - 成功解析故事: Ask HN: What is the latest on ..., 作者=hazrmard, 点赞=26, 评论=0
2025-06-13 16:01:55,193 - scrapers.hackernews_scraper - INFO - 成功解析故事: Ask HN: Who is your favorite h..., 作者=heygarrison, 点赞=5, 评论=0
2025-06-13 16:01:55,194 - scrapers.hackernews_scraper - INFO - 成功解析故事: Ask HN: Dear Product Managers ..., 作者=tss93, 点赞=12, 评论=0
2025-06-13 16:01:55,194 - scrapers.hackernews_scraper - INFO - 成功解析故事: Ask HN: Is anyone doing intell..., 作者=didro, 点赞=2, 评论=0
2025-06-13 16:01:55,194 - scrapers.hackernews_scraper - INFO - 成功解析 15 个Ask HN故事
2025-06-13 16:01:55,194 - scrapers.hackernews_scraper - INFO - 开始转换 15 个故事到统一格式
2025-06-13 16:01:55,194 - scrapers.hackernews_scraper - INFO - 转换第 1/15 个故事: Ask HN: Is ageism in tech stil...
2025-06-13 16:01:56,819 - scrapers.hackernews_scraper - INFO - 找到 23 条评论
2025-06-13 16:01:56,841 - scrapers.hackernews_scraper - INFO - 故事 Ask HN: Is ageism in tech stil... 转换完成，包含 23 条评论
2025-06-13 16:01:56,841 - scrapers.hackernews_scraper - INFO - 转换第 2/15 个故事: Ask HN: How do I give back to ...
2025-06-13 16:01:58,487 - scrapers.hackernews_scraper - INFO - 找到 65 条评论
2025-06-13 16:01:58,594 - scrapers.hackernews_scraper - INFO - 故事 Ask HN: How do I give back to ... 转换完成，包含 65 条评论
2025-06-13 16:01:58,594 - scrapers.hackernews_scraper - INFO - 转换第 3/15 个故事: Ask HN: Casual Math Book Sugge...
2025-06-13 16:02:00,145 - scrapers.hackernews_scraper - INFO - 找到 1 条评论
2025-06-13 16:02:00,146 - scrapers.hackernews_scraper - INFO - 故事 Ask HN: Casual Math Book Sugge... 转换完成，包含 1 条评论
2025-06-13 16:02:00,146 - scrapers.hackernews_scraper - INFO - 转换第 4/15 个故事: Ask HN: Why does EU institutio...
2025-06-13 16:02:02,725 - scrapers.hackernews_scraper - INFO - 找到 4 条评论
2025-06-13 16:02:02,727 - scrapers.hackernews_scraper - INFO - 故事 Ask HN: Why does EU institutio... 转换完成，包含 4 条评论
2025-06-13 16:02:02,727 - scrapers.hackernews_scraper - INFO - 转换第 5/15 个故事: Ask HN: Seeking ways to improv...
2025-06-13 16:02:05,774 - scrapers.hackernews_scraper - INFO - 找到 7 条评论
2025-06-13 16:02:05,779 - scrapers.hackernews_scraper - INFO - 故事 Ask HN: Seeking ways to improv... 转换完成，包含 7 条评论
2025-06-13 16:02:05,779 - scrapers.hackernews_scraper - INFO - 转换第 6/15 个故事: Ask HN: What cool skill or pro...
2025-06-13 16:02:07,903 - scrapers.hackernews_scraper - INFO - 找到 248 条评论
2025-06-13 16:02:09,105 - scrapers.hackernews_scraper - INFO - 故事 Ask HN: What cool skill or pro... 转换完成，包含 100 条评论
2025-06-13 16:02:09,105 - scrapers.hackernews_scraper - INFO - 转换第 7/15 个故事: Ask HN: Minecraft's UI element...
2025-06-13 16:02:12,122 - scrapers.hackernews_scraper - INFO - 找到 16 条评论
2025-06-13 16:02:12,135 - scrapers.hackernews_scraper - INFO - 故事 Ask HN: Minecraft's UI element... 转换完成，包含 16 条评论
2025-06-13 16:02:12,135 - scrapers.hackernews_scraper - INFO - 转换第 8/15 个故事: Ask HN: Can anybody clarify wh...
2025-06-13 16:02:14,354 - scrapers.hackernews_scraper - INFO - 找到 37 条评论
2025-06-13 16:02:14,397 - scrapers.hackernews_scraper - INFO - 故事 Ask HN: Can anybody clarify wh... 转换完成，包含 37 条评论
2025-06-13 16:02:14,397 - scrapers.hackernews_scraper - INFO - 转换第 9/15 个故事: Ask HN: Is Firebase Down?...
2025-06-13 16:02:17,296 - scrapers.hackernews_scraper - INFO - 找到 36 条评论
2025-06-13 16:02:17,336 - scrapers.hackernews_scraper - INFO - 故事 Ask HN: Is Firebase Down?... 转换完成，包含 36 条评论
2025-06-13 16:02:17,336 - scrapers.hackernews_scraper - INFO - 转换第 10/15 个故事: Ask HN: How to learn CUDA to p...
2025-06-13 16:02:19,173 - scrapers.hackernews_scraper - INFO - 找到 79 条评论
2025-06-13 16:02:19,325 - scrapers.hackernews_scraper - INFO - 故事 Ask HN: How to learn CUDA to p... 转换完成，包含 79 条评论
2025-06-13 16:02:19,325 - scrapers.hackernews_scraper - INFO - 转换第 11/15 个故事: Ask HN: What is your ultimate ...
2025-06-13 16:02:21,258 - scrapers.hackernews_scraper - INFO - 找到 13 条评论
2025-06-13 16:02:21,268 - scrapers.hackernews_scraper - INFO - 故事 Ask HN: What is your ultimate ... 转换完成，包含 13 条评论
2025-06-13 16:02:21,268 - scrapers.hackernews_scraper - INFO - 转换第 12/15 个故事: Ask HN: What is the latest on ...
2025-06-13 16:02:23,876 - scrapers.hackernews_scraper - INFO - 找到 10 条评论
2025-06-13 16:02:23,883 - scrapers.hackernews_scraper - INFO - 故事 Ask HN: What is the latest on ... 转换完成，包含 10 条评论
2025-06-13 16:02:23,883 - scrapers.hackernews_scraper - INFO - 转换第 13/15 个故事: Ask HN: Who is your favorite h...
2025-06-13 16:02:26,779 - scrapers.hackernews_scraper - INFO - 找到 14 条评论
2025-06-13 16:02:26,790 - scrapers.hackernews_scraper - INFO - 故事 Ask HN: Who is your favorite h... 转换完成，包含 14 条评论
2025-06-13 16:02:26,790 - scrapers.hackernews_scraper - INFO - 转换第 14/15 个故事: Ask HN: Dear Product Managers ...
2025-06-13 16:02:29,288 - scrapers.hackernews_scraper - INFO - 找到 5 条评论
2025-06-13 16:02:29,291 - scrapers.hackernews_scraper - INFO - 故事 Ask HN: Dear Product Managers ... 转换完成，包含 5 条评论
2025-06-13 16:02:29,291 - scrapers.hackernews_scraper - INFO - 转换第 15/15 个故事: Ask HN: Is anyone doing intell...
2025-06-13 16:02:30,869 - scrapers.hackernews_scraper - INFO - 找到 6 条评论
2025-06-13 16:02:30,873 - scrapers.hackernews_scraper - INFO - 故事 Ask HN: Is anyone doing intell... 转换完成，包含 6 条评论
2025-06-13 16:02:30,873 - scrapers.hackernews_scraper - INFO - 共转换 15 个故事为统一格式
2025-06-13 16:02:30,873 - scrapers.hackernews_scraper - INFO - 爬取完成，共获取 15 个Ask HN故事
2025-06-13 16:02:31,449 - utils.storage_utils - INFO - 已更新源索引: hackernews
2025-06-13 16:02:31,452 - utils.storage_utils - INFO - 数据已保存到 data/hackernews/week_2025-06-09.json
2025-06-13 16:02:31,454 - scrapers.base_scraper - INFO - 数据已保存到 data/hackernews/week_2025-06-09.json
2025-06-13 16:02:31,454 - scrapers.base_scraper - INFO - 成功爬取 Hacker News 的数据
2025-06-13 16:02:31,454 - __main__ - INFO - 完成: 1/3 个爬虫成功运行
2025-06-13 16:02:31,695 - __main__ - INFO - 归档所有源的旧数据
2025-06-13 16:02:31,696 - __main__ - INFO - 源 jandan 归档 无需归档
2025-06-13 16:02:31,696 - __main__ - INFO - 源 reddit 归档 无需归档
2025-06-13 16:02:31,696 - __main__ - INFO - 源 hackernews 归档 无需归档
