2025-06-27 16:01:45,574 - __main__ - INFO - 运行所有爬虫
2025-06-27 16:01:45,575 - scrapers.jandan_scraper - INFO - JandanScraper初始化完成
2025-06-27 16:01:45,575 - scrapers.base_scraper - INFO - 开始爬取 煎蛋网
2025-06-27 16:01:45,575 - scrapers.jandan_scraper - INFO - 开始爬取煎蛋热评
2025-06-27 16:01:49,797 - scrapers.jandan_scraper - INFO - 成功获取HTML内容，长度: 26153
2025-06-27 16:01:49,797 - scrapers.jandan_scraper - INFO - 调试: 手动获取评论 5877984 的吐槽数据
2025-06-27 16:01:49,797 - scrapers.jandan_scraper - INFO - 获取评论 5877984 的吐槽内容: https://jandan.net/api/tucao/list/5877984
2025-06-27 16:01:53,641 - scrapers.jandan_scraper - INFO - 评论 5877984 获取到 1 条热门吐槽, 3 条普通吐槽
2025-06-27 16:01:53,641 - scrapers.jandan_scraper - INFO - 调试: 评论 5877984 获取到 1 条热门吐槽, 3 条普通吐槽
2025-06-27 16:01:53,641 - scrapers.jandan_scraper - INFO - 开始解析页面中的评论
2025-06-27 16:01:53,641 - scrapers.jandan_scraper - INFO - 开始解析HTML内容, 长度: 26153
2025-06-27 16:01:53,650 - scrapers.jandan_scraper - INFO - 找到 0 条热门评论
2025-06-27 16:01:53,650 - scrapers.jandan_scraper - INFO - 解析完成，获取到 0 条评论
2025-06-27 16:01:53,650 - scrapers.jandan_scraper - INFO - 开始转换评论为统一格式
2025-06-27 16:01:53,650 - scrapers.jandan_scraper - INFO - 开始转换 0 条评论到统一格式
2025-06-27 16:01:53,650 - scrapers.jandan_scraper - INFO - 共转换 0 条评论为统一格式
2025-06-27 16:01:53,650 - scrapers.jandan_scraper - INFO - 爬取完成，共获取 0 条热评
2025-06-27 16:01:53,650 - scrapers.base_scraper - ERROR - 爬取 煎蛋网 失败
2025-06-27 16:01:53,650 - scrapers.reddit_scraper - INFO - RedditScraper初始化完成
2025-06-27 16:01:53,651 - scrapers.base_scraper - INFO - 开始爬取 Reddit
2025-06-27 16:01:53,651 - scrapers.reddit_scraper - INFO - 开始爬取Reddit r/confessions每周热门帖子
2025-06-27 16:01:54,785 - utils.http_utils - ERROR - 请求失败: https://www.reddit.com/r/confessions/top/.json?t=week&limit=10, 错误: 403 Client Error: Blocked for url: https://www.reddit.com/r/confessions/top/.json?t=week&limit=10
2025-06-27 16:01:54,785 - scrapers.reddit_scraper - ERROR - 获取API数据失败: 403 Client Error: Blocked for url: https://www.reddit.com/r/confessions/top/.json?t=week&limit=10
2025-06-27 16:01:54,785 - scrapers.base_scraper - ERROR - 爬取 Reddit 失败
2025-06-27 16:01:54,785 - scrapers.hackernews_scraper - INFO - HackerNewsScraper初始化完成
2025-06-27 16:01:54,786 - scrapers.base_scraper - INFO - 开始爬取 Hacker News
2025-06-27 16:01:54,786 - scrapers.hackernews_scraper - INFO - 开始爬取Hacker News Ask HN帖子
2025-06-27 16:01:54,786 - scrapers.hackernews_scraper - INFO - 获取Ask HN页面: https://news.ycombinator.com/ask
2025-06-27 16:01:56,979 - scrapers.hackernews_scraper - INFO - 找到 26 个帖子行
2025-06-27 16:01:56,980 - scrapers.hackernews_scraper - INFO - 成功解析故事: Ask HN: How would expose a sca..., 作者=soueuls, 点赞=6, 评论=0
2025-06-27 16:01:56,981 - scrapers.hackernews_scraper - INFO - 成功解析故事: Ask HN: Why aren't AIs being u..., 作者=amichail, 点赞=2, 评论=0
2025-06-27 16:01:56,981 - scrapers.hackernews_scraper - INFO - 成功解析故事: Ask HN: Anyone using augmented..., 作者=NewUser76312, 点赞=82, 评论=0
2025-06-27 16:01:56,982 - scrapers.hackernews_scraper - INFO - 成功解析故事: Ask HN: Why does my Node.js mu..., 作者=jbryu, 点赞=15, 评论=0
2025-06-27 16:01:56,983 - scrapers.hackernews_scraper - INFO - 成功解析故事: Ask HN: How to get rid of Gemi..., 作者=jacquesm, 点赞=132, 评论=0
2025-06-27 16:01:56,983 - scrapers.hackernews_scraper - INFO - 成功解析故事: Ask HN: Is anyone else just do..., 作者=MongooseStudios, 点赞=101, 评论=0
2025-06-27 16:01:56,984 - scrapers.hackernews_scraper - INFO - 成功解析故事: Ask HN: Anyone interested in t..., 作者=quinto_quarto, 点赞=7, 评论=0
2025-06-27 16:01:56,985 - scrapers.hackernews_scraper - INFO - 成功解析故事: Ask HN: If you translate with ..., 作者=orencoda, 点赞=5, 评论=0
2025-06-27 16:01:56,985 - scrapers.hackernews_scraper - INFO - 成功解析故事: Ask HN: How to regain the abil..., 作者=albert_e, 点赞=84, 评论=0
2025-06-27 16:01:56,986 - scrapers.hackernews_scraper - INFO - 成功解析故事: Ask HN: How do you keep your S..., 作者=myanonymousacct, 点赞=8, 评论=0
2025-06-27 16:01:56,986 - scrapers.hackernews_scraper - INFO - 成功解析故事: Ask HN: How Do You Actually Us..., 作者=sukit, 点赞=17, 评论=0
2025-06-27 16:01:56,987 - scrapers.hackernews_scraper - INFO - 成功解析故事: Ask HN: Laid-off devs who left..., 作者=phendrenad2, 点赞=21, 评论=0
2025-06-27 16:01:56,987 - scrapers.hackernews_scraper - INFO - 成功解析故事: Ask HN: Why can't AI fix all o..., 作者=coldtrait, 点赞=8, 评论=0
2025-06-27 16:01:56,988 - scrapers.hackernews_scraper - INFO - 成功解析故事: Ask HN: How do you learn Spani..., 作者=mazzystar, 点赞=7, 评论=0
2025-06-27 16:01:56,988 - scrapers.hackernews_scraper - INFO - 成功解析故事: Ask HN: Are you hesitant to op..., 作者=busymom0, 点赞=20, 评论=0
2025-06-27 16:01:56,988 - scrapers.hackernews_scraper - INFO - 成功解析 15 个Ask HN故事
2025-06-27 16:01:56,989 - scrapers.hackernews_scraper - INFO - 开始转换 15 个故事到统一格式
2025-06-27 16:01:56,989 - scrapers.hackernews_scraper - INFO - 转换第 1/15 个故事: Ask HN: How would expose a sca...
2025-06-27 16:01:59,765 - scrapers.hackernews_scraper - INFO - 找到 2 条评论
2025-06-27 16:01:59,766 - scrapers.hackernews_scraper - INFO - 故事 Ask HN: How would expose a sca... 转换完成，包含 2 条评论
2025-06-27 16:01:59,766 - scrapers.hackernews_scraper - INFO - 转换第 2/15 个故事: Ask HN: Why aren't AIs being u...
2025-06-27 16:02:01,245 - scrapers.hackernews_scraper - INFO - 找到 5 条评论
2025-06-27 16:02:01,248 - scrapers.hackernews_scraper - INFO - 故事 Ask HN: Why aren't AIs being u... 转换完成，包含 5 条评论
2025-06-27 16:02:01,248 - scrapers.hackernews_scraper - INFO - 转换第 3/15 个故事: Ask HN: Anyone using augmented...
2025-06-27 16:02:03,433 - scrapers.hackernews_scraper - INFO - 找到 78 条评论
2025-06-27 16:02:03,565 - scrapers.hackernews_scraper - INFO - 故事 Ask HN: Anyone using augmented... 转换完成，包含 78 条评论
2025-06-27 16:02:03,565 - scrapers.hackernews_scraper - INFO - 转换第 4/15 个故事: Ask HN: Why does my Node.js mu...
2025-06-27 16:02:06,350 - scrapers.hackernews_scraper - INFO - 找到 21 条评论
2025-06-27 16:02:06,367 - scrapers.hackernews_scraper - INFO - 故事 Ask HN: Why does my Node.js mu... 转换完成，包含 21 条评论
2025-06-27 16:02:06,367 - scrapers.hackernews_scraper - INFO - 转换第 5/15 个故事: Ask HN: How to get rid of Gemi...
2025-06-27 16:02:07,810 - scrapers.hackernews_scraper - INFO - 找到 117 条评论
2025-06-27 16:02:08,075 - scrapers.hackernews_scraper - INFO - 故事 Ask HN: How to get rid of Gemi... 转换完成，包含 100 条评论
2025-06-27 16:02:08,076 - scrapers.hackernews_scraper - INFO - 转换第 6/15 个故事: Ask HN: Is anyone else just do...
2025-06-27 16:02:10,034 - scrapers.hackernews_scraper - INFO - 找到 96 条评论
2025-06-27 16:02:10,218 - scrapers.hackernews_scraper - INFO - 故事 Ask HN: Is anyone else just do... 转换完成，包含 96 条评论
2025-06-27 16:02:10,218 - scrapers.hackernews_scraper - INFO - 转换第 7/15 个故事: Ask HN: Anyone interested in t...
2025-06-27 16:02:11,344 - scrapers.hackernews_scraper - INFO - 找到 5 条评论
2025-06-27 16:02:11,348 - scrapers.hackernews_scraper - INFO - 故事 Ask HN: Anyone interested in t... 转换完成，包含 5 条评论
2025-06-27 16:02:11,348 - scrapers.hackernews_scraper - INFO - 转换第 8/15 个故事: Ask HN: If you translate with ...
2025-06-27 16:02:13,045 - scrapers.hackernews_scraper - INFO - 找到 3 条评论
2025-06-27 16:02:13,047 - scrapers.hackernews_scraper - INFO - 故事 Ask HN: If you translate with ... 转换完成，包含 3 条评论
2025-06-27 16:02:13,047 - scrapers.hackernews_scraper - INFO - 转换第 9/15 个故事: Ask HN: How to regain the abil...
2025-06-27 16:02:14,599 - scrapers.hackernews_scraper - INFO - 找到 38 条评论
2025-06-27 16:02:14,641 - scrapers.hackernews_scraper - INFO - 故事 Ask HN: How to regain the abil... 转换完成，包含 38 条评论
2025-06-27 16:02:14,641 - scrapers.hackernews_scraper - INFO - 转换第 10/15 个故事: Ask HN: How do you keep your S...
2025-06-27 16:02:16,320 - scrapers.hackernews_scraper - INFO - 找到 11 条评论
2025-06-27 16:02:16,328 - scrapers.hackernews_scraper - INFO - 故事 Ask HN: How do you keep your S... 转换完成，包含 11 条评论
2025-06-27 16:02:16,328 - scrapers.hackernews_scraper - INFO - 转换第 11/15 个故事: Ask HN: How Do You Actually Us...
2025-06-27 16:02:18,667 - scrapers.hackernews_scraper - INFO - 找到 15 条评论
2025-06-27 16:02:18,678 - scrapers.hackernews_scraper - INFO - 故事 Ask HN: How Do You Actually Us... 转换完成，包含 15 条评论
2025-06-27 16:02:18,678 - scrapers.hackernews_scraper - INFO - 转换第 12/15 个故事: Ask HN: Laid-off devs who left...
2025-06-27 16:02:20,223 - scrapers.hackernews_scraper - INFO - 找到 23 条评论
2025-06-27 16:02:20,243 - scrapers.hackernews_scraper - INFO - 故事 Ask HN: Laid-off devs who left... 转换完成，包含 23 条评论
2025-06-27 16:02:20,243 - scrapers.hackernews_scraper - INFO - 转换第 13/15 个故事: Ask HN: Why can't AI fix all o...
2025-06-27 16:02:21,354 - scrapers.hackernews_scraper - INFO - 找到 10 条评论
2025-06-27 16:02:21,361 - scrapers.hackernews_scraper - INFO - 故事 Ask HN: Why can't AI fix all o... 转换完成，包含 10 条评论
2025-06-27 16:02:21,361 - scrapers.hackernews_scraper - INFO - 转换第 14/15 个故事: Ask HN: How do you learn Spani...
2025-06-27 16:02:23,261 - scrapers.hackernews_scraper - INFO - 找到 10 条评论
2025-06-27 16:02:23,268 - scrapers.hackernews_scraper - INFO - 故事 Ask HN: How do you learn Spani... 转换完成，包含 10 条评论
2025-06-27 16:02:23,268 - scrapers.hackernews_scraper - INFO - 转换第 15/15 个故事: Ask HN: Are you hesitant to op...
2025-06-27 16:02:24,835 - scrapers.hackernews_scraper - INFO - 找到 19 条评论
2025-06-27 16:02:24,849 - scrapers.hackernews_scraper - INFO - 故事 Ask HN: Are you hesitant to op... 转换完成，包含 19 条评论
2025-06-27 16:02:24,849 - scrapers.hackernews_scraper - INFO - 共转换 15 个故事为统一格式
2025-06-27 16:02:24,849 - scrapers.hackernews_scraper - INFO - 爬取完成，共获取 15 个Ask HN故事
2025-06-27 16:02:25,292 - utils.storage_utils - INFO - 已更新源索引: hackernews
2025-06-27 16:02:25,294 - utils.storage_utils - INFO - 数据已保存到 data/hackernews/week_2025-06-23.json
2025-06-27 16:02:25,295 - scrapers.base_scraper - INFO - 数据已保存到 data/hackernews/week_2025-06-23.json
2025-06-27 16:02:25,295 - scrapers.base_scraper - INFO - 成功爬取 Hacker News 的数据
2025-06-27 16:02:25,296 - __main__ - INFO - 完成: 1/3 个爬虫成功运行
2025-06-27 16:02:25,538 - __main__ - INFO - 归档所有源的旧数据
2025-06-27 16:02:25,538 - __main__ - INFO - 源 jandan 归档 无需归档
2025-06-27 16:02:25,538 - __main__ - INFO - 源 reddit 归档 无需归档
2025-06-27 16:02:25,539 - __main__ - INFO - 源 hackernews 归档 无需归档
