2025-10-30 16:02:37,777 - __main__ - INFO - 运行所有爬虫
2025-10-30 16:02:37,777 - scrapers.jandan_scraper - INFO - JandanScraper初始化完成
2025-10-30 16:02:37,777 - scrapers.base_scraper - INFO - 开始爬取 煎蛋网
2025-10-30 16:02:37,777 - scrapers.jandan_scraper - INFO - 开始爬取煎蛋热评
2025-10-30 16:02:41,279 - scrapers.jandan_scraper - INFO - 成功获取HTML内容，长度: 24786
2025-10-30 16:02:41,279 - scrapers.jandan_scraper - INFO - 调试: 手动获取评论 5877984 的吐槽数据
2025-10-30 16:02:41,279 - scrapers.jandan_scraper - INFO - 获取评论 5877984 的吐槽内容: https://jandan.net/api/tucao/list/5877984
2025-10-30 16:02:44,375 - scrapers.jandan_scraper - INFO - 评论 5877984 获取到 1 条热门吐槽, 3 条普通吐槽
2025-10-30 16:02:44,375 - scrapers.jandan_scraper - INFO - 调试: 评论 5877984 获取到 1 条热门吐槽, 3 条普通吐槽
2025-10-30 16:02:44,375 - scrapers.jandan_scraper - INFO - 开始解析页面中的评论
2025-10-30 16:02:44,375 - scrapers.jandan_scraper - INFO - 开始解析HTML内容, 长度: 24786
2025-10-30 16:02:44,384 - scrapers.jandan_scraper - INFO - 找到 0 条热门评论
2025-10-30 16:02:44,384 - scrapers.jandan_scraper - INFO - 解析完成，获取到 0 条评论
2025-10-30 16:02:44,384 - scrapers.jandan_scraper - INFO - 开始转换评论为统一格式
2025-10-30 16:02:44,384 - scrapers.jandan_scraper - INFO - 开始转换 0 条评论到统一格式
2025-10-30 16:02:44,385 - scrapers.jandan_scraper - INFO - 共转换 0 条评论为统一格式
2025-10-30 16:02:44,385 - scrapers.jandan_scraper - INFO - 爬取完成，共获取 0 条热评
2025-10-30 16:02:44,385 - scrapers.base_scraper - ERROR - 爬取 煎蛋网 失败
2025-10-30 16:02:44,385 - scrapers.reddit_scraper - INFO - RedditScraper初始化完成
2025-10-30 16:02:44,386 - scrapers.base_scraper - INFO - 开始爬取 Reddit
2025-10-30 16:02:44,386 - scrapers.reddit_scraper - INFO - 开始爬取Reddit r/confessions每周热门帖子
2025-10-30 16:02:47,331 - utils.http_utils - ERROR - 请求失败: https://www.reddit.com/r/confessions/top/.json?t=week&limit=10, 错误: 403 Client Error: Blocked for url: https://www.reddit.com/r/confessions/top/.json?t=week&limit=10
2025-10-30 16:02:47,333 - scrapers.reddit_scraper - ERROR - 获取API数据失败: 403 Client Error: Blocked for url: https://www.reddit.com/r/confessions/top/.json?t=week&limit=10
2025-10-30 16:02:47,333 - scrapers.base_scraper - ERROR - 爬取 Reddit 失败
2025-10-30 16:02:47,333 - scrapers.hackernews_scraper - INFO - HackerNewsScraper初始化完成
2025-10-30 16:02:47,333 - scrapers.base_scraper - INFO - 开始爬取 Hacker News
2025-10-30 16:02:47,334 - scrapers.hackernews_scraper - INFO - 开始爬取Hacker News Ask HN帖子
2025-10-30 16:02:47,334 - scrapers.hackernews_scraper - INFO - 获取Ask HN页面: https://news.ycombinator.com/ask
2025-10-30 16:02:50,185 - scrapers.hackernews_scraper - INFO - 找到 25 个帖子行
2025-10-30 16:02:50,186 - scrapers.hackernews_scraper - INFO - 成功解析故事: Ask HN: How do you *actually* ..., 作者=sherinjosephroy, 点赞=11, 评论=0
2025-10-30 16:02:50,187 - scrapers.hackernews_scraper - INFO - 成功解析故事: Ask HN: Do you negotiate salar..., 作者=sawirricardo, 点赞=6, 评论=0
2025-10-30 16:02:50,188 - scrapers.hackernews_scraper - INFO - 成功解析故事: Ask HN: Why is there no operat..., 作者=v7engine, 点赞=5, 评论=0
2025-10-30 16:02:50,188 - scrapers.hackernews_scraper - INFO - 成功解析故事: Ask HN: Thoughts on /etc/hosts..., 作者=notepad0x90, 点赞=10, 评论=0
2025-10-30 16:02:50,189 - scrapers.hackernews_scraper - INFO - 成功解析故事: Ask HN: Not treated respectful..., 作者=golly_ned, 点赞=111, 评论=0
2025-10-30 16:02:50,190 - scrapers.hackernews_scraper - INFO - 成功解析故事: Ask HN: Is AWS down again?..., 作者=ajdude, 点赞=84, 评论=0
2025-10-30 16:02:50,190 - scrapers.hackernews_scraper - INFO - 成功解析故事: Ask HN: Are Punycode Domains I..., 作者=chamaloriz, 点赞=4, 评论=0
2025-10-30 16:02:50,191 - scrapers.hackernews_scraper - INFO - 成功解析故事: Ask HN: Laid-off product teams..., 作者=saradhi, 点赞=8, 评论=0
2025-10-30 16:02:50,191 - scrapers.hackernews_scraper - INFO - 成功解析故事: Ask HN: Advice for creating a ..., 作者=WorldDev, 点赞=20, 评论=0
2025-10-30 16:02:50,192 - scrapers.hackernews_scraper - INFO - 成功解析故事: Ask HN: How much money did you..., 作者=underlipton, 点赞=9, 评论=0
2025-10-30 16:02:50,193 - scrapers.hackernews_scraper - INFO - 成功解析故事: Ask HN: Dealing with "blocked"..., 作者=nvahalik, 点赞=4, 评论=0
2025-10-30 16:02:50,193 - scrapers.hackernews_scraper - INFO - 成功解析故事: Ask HN: Anyone else use FreePa..., 作者=rlawson, 点赞=20, 评论=0
2025-10-30 16:02:50,194 - scrapers.hackernews_scraper - INFO - 成功解析 12 个Ask HN故事
2025-10-30 16:02:50,194 - scrapers.hackernews_scraper - INFO - 开始转换 12 个故事到统一格式
2025-10-30 16:02:50,194 - scrapers.hackernews_scraper - INFO - 转换第 1/12 个故事: Ask HN: How do you *actually* ...
2025-10-30 16:02:51,679 - scrapers.hackernews_scraper - INFO - 找到 12 条评论
2025-10-30 16:02:51,687 - scrapers.hackernews_scraper - INFO - 故事 Ask HN: How do you *actually* ... 转换完成，包含 12 条评论
2025-10-30 16:02:51,687 - scrapers.hackernews_scraper - INFO - 转换第 2/12 个故事: Ask HN: Do you negotiate salar...
2025-10-30 16:02:53,149 - scrapers.hackernews_scraper - INFO - 找到 6 条评论
2025-10-30 16:02:53,154 - scrapers.hackernews_scraper - INFO - 故事 Ask HN: Do you negotiate salar... 转换完成，包含 6 条评论
2025-10-30 16:02:53,154 - scrapers.hackernews_scraper - INFO - 转换第 3/12 个故事: Ask HN: Why is there no operat...
2025-10-30 16:02:54,844 - scrapers.hackernews_scraper - INFO - 找到 8 条评论
2025-10-30 16:02:54,849 - scrapers.hackernews_scraper - INFO - 故事 Ask HN: Why is there no operat... 转换完成，包含 8 条评论
2025-10-30 16:02:54,849 - scrapers.hackernews_scraper - INFO - 转换第 4/12 个故事: Ask HN: Thoughts on /etc/hosts...
2025-10-30 16:02:57,935 - scrapers.hackernews_scraper - INFO - 找到 11 条评论
2025-10-30 16:02:57,943 - scrapers.hackernews_scraper - INFO - 故事 Ask HN: Thoughts on /etc/hosts... 转换完成，包含 11 条评论
2025-10-30 16:02:57,943 - scrapers.hackernews_scraper - INFO - 转换第 5/12 个故事: Ask HN: Not treated respectful...
2025-10-30 16:02:59,548 - scrapers.hackernews_scraper - INFO - 找到 124 条评论
2025-10-30 16:02:59,862 - scrapers.hackernews_scraper - INFO - 故事 Ask HN: Not treated respectful... 转换完成，包含 100 条评论
2025-10-30 16:02:59,862 - scrapers.hackernews_scraper - INFO - 转换第 6/12 个故事: Ask HN: Is AWS down again?...
2025-10-30 16:03:02,643 - scrapers.hackernews_scraper - INFO - 找到 39 条评论
2025-10-30 16:03:02,685 - scrapers.hackernews_scraper - INFO - 故事 Ask HN: Is AWS down again?... 转换完成，包含 39 条评论
2025-10-30 16:03:02,685 - scrapers.hackernews_scraper - INFO - 转换第 7/12 个故事: Ask HN: Are Punycode Domains I...
2025-10-30 16:03:04,300 - scrapers.hackernews_scraper - INFO - 找到 2 条评论
2025-10-30 16:03:04,301 - scrapers.hackernews_scraper - INFO - 故事 Ask HN: Are Punycode Domains I... 转换完成，包含 2 条评论
2025-10-30 16:03:04,301 - scrapers.hackernews_scraper - INFO - 转换第 8/12 个故事: Ask HN: Laid-off product teams...
2025-10-30 16:03:07,062 - scrapers.hackernews_scraper - INFO - 找到 9 条评论
2025-10-30 16:03:07,069 - scrapers.hackernews_scraper - INFO - 故事 Ask HN: Laid-off product teams... 转换完成，包含 9 条评论
2025-10-30 16:03:07,069 - scrapers.hackernews_scraper - INFO - 转换第 9/12 个故事: Ask HN: Advice for creating a ...
2025-10-30 16:03:08,350 - scrapers.hackernews_scraper - INFO - 找到 44 条评论
2025-10-30 16:03:08,401 - scrapers.hackernews_scraper - INFO - 故事 Ask HN: Advice for creating a ... 转换完成，包含 44 条评论
2025-10-30 16:03:08,401 - scrapers.hackernews_scraper - INFO - 转换第 10/12 个故事: Ask HN: How much money did you...
2025-10-30 16:03:10,125 - scrapers.hackernews_scraper - INFO - 找到 9 条评论
2025-10-30 16:03:10,131 - scrapers.hackernews_scraper - INFO - 故事 Ask HN: How much money did you... 转换完成，包含 9 条评论
2025-10-30 16:03:10,131 - scrapers.hackernews_scraper - INFO - 转换第 11/12 个故事: Ask HN: Dealing with "blocked"...
2025-10-30 16:03:12,160 - scrapers.hackernews_scraper - INFO - 找到 2 条评论
2025-10-30 16:03:12,161 - scrapers.hackernews_scraper - INFO - 故事 Ask HN: Dealing with "blocked"... 转换完成，包含 2 条评论
2025-10-30 16:03:12,161 - scrapers.hackernews_scraper - INFO - 转换第 12/12 个故事: Ask HN: Anyone else use FreePa...
2025-10-30 16:03:14,790 - scrapers.hackernews_scraper - INFO - 找到 11 条评论
2025-10-30 16:03:14,798 - scrapers.hackernews_scraper - INFO - 故事 Ask HN: Anyone else use FreePa... 转换完成，包含 11 条评论
2025-10-30 16:03:14,798 - scrapers.hackernews_scraper - INFO - 共转换 12 个故事为统一格式
2025-10-30 16:03:14,798 - scrapers.hackernews_scraper - INFO - 爬取完成，共获取 12 个Ask HN故事
2025-10-30 16:03:15,358 - utils.storage_utils - INFO - 已更新源索引: hackernews
2025-10-30 16:03:15,361 - utils.storage_utils - INFO - 数据已保存到 data/hackernews/week_2025-10-27.json
2025-10-30 16:03:15,362 - scrapers.base_scraper - INFO - 数据已保存到 data/hackernews/week_2025-10-27.json
2025-10-30 16:03:15,362 - scrapers.base_scraper - INFO - 成功爬取 Hacker News 的数据
2025-10-30 16:03:15,363 - __main__ - INFO - 完成: 1/3 个爬虫成功运行
2025-10-30 16:03:15,595 - __main__ - INFO - 归档所有源的旧数据
2025-10-30 16:03:15,595 - __main__ - INFO - 源 jandan 归档 无需归档
2025-10-30 16:03:15,595 - __main__ - INFO - 源 reddit 归档 无需归档
2025-10-30 16:03:15,595 - __main__ - INFO - 源 hackernews 归档 无需归档
