2026-06-14 16:28:59,837 - __main__ - INFO - 运行所有爬虫
2026-06-14 16:28:59,838 - scrapers.jandan_scraper - INFO - JandanScraper初始化完成
2026-06-14 16:28:59,838 - scrapers.base_scraper - INFO - 开始爬取 煎蛋网
2026-06-14 16:28:59,838 - scrapers.jandan_scraper - INFO - 开始爬取煎蛋热评
2026-06-14 16:29:02,617 - scrapers.jandan_scraper - INFO - 成功获取HTML内容，长度: 31050
2026-06-14 16:29:02,617 - scrapers.jandan_scraper - INFO - 调试: 手动获取评论 5877984 的吐槽数据
2026-06-14 16:29:02,617 - scrapers.jandan_scraper - INFO - 获取评论 5877984 的吐槽内容: https://jandan.net/api/tucao/list/5877984
2026-06-14 16:29:05,653 - scrapers.jandan_scraper - INFO - 评论 5877984 获取到 1 条热门吐槽, 3 条普通吐槽
2026-06-14 16:29:05,653 - scrapers.jandan_scraper - INFO - 调试: 评论 5877984 获取到 1 条热门吐槽, 3 条普通吐槽
2026-06-14 16:29:05,653 - scrapers.jandan_scraper - INFO - 开始解析页面中的评论
2026-06-14 16:29:05,653 - scrapers.jandan_scraper - INFO - 开始解析HTML内容, 长度: 31050
2026-06-14 16:29:05,661 - scrapers.jandan_scraper - INFO - 找到 0 条热门评论
2026-06-14 16:29:05,661 - scrapers.jandan_scraper - INFO - 解析完成，获取到 0 条评论
2026-06-14 16:29:05,661 - scrapers.jandan_scraper - INFO - 开始转换评论为统一格式
2026-06-14 16:29:05,661 - scrapers.jandan_scraper - INFO - 开始转换 0 条评论到统一格式
2026-06-14 16:29:05,661 - scrapers.jandan_scraper - INFO - 共转换 0 条评论为统一格式
2026-06-14 16:29:05,661 - scrapers.jandan_scraper - INFO - 爬取完成，共获取 0 条热评
2026-06-14 16:29:05,662 - scrapers.base_scraper - ERROR - 爬取 煎蛋网 失败
2026-06-14 16:29:05,663 - scrapers.reddit_scraper - INFO - RedditScraper初始化完成
2026-06-14 16:29:05,664 - scrapers.base_scraper - INFO - 开始爬取 Reddit
2026-06-14 16:29:05,664 - scrapers.reddit_scraper - INFO - 开始爬取Reddit r/confessions每周热门帖子
2026-06-14 16:29:07,615 - utils.http_utils - ERROR - 请求失败: https://www.reddit.com/r/confessions/top/.json?t=week&limit=10, 错误: 403 Client Error: Blocked for url: https://www.reddit.com/r/confessions/top/.json?t=week&limit=10
2026-06-14 16:29:07,616 - scrapers.reddit_scraper - ERROR - 获取API数据失败: 403 Client Error: Blocked for url: https://www.reddit.com/r/confessions/top/.json?t=week&limit=10
2026-06-14 16:29:07,616 - scrapers.base_scraper - ERROR - 爬取 Reddit 失败
2026-06-14 16:29:07,617 - scrapers.hackernews_scraper - INFO - HackerNewsScraper初始化完成
2026-06-14 16:29:07,617 - scrapers.base_scraper - INFO - 开始爬取 Hacker News
2026-06-14 16:29:07,617 - scrapers.hackernews_scraper - INFO - 开始爬取Hacker News Ask HN帖子
2026-06-14 16:29:07,617 - scrapers.hackernews_scraper - INFO - 获取Ask HN页面: https://news.ycombinator.com/ask
2026-06-14 16:29:09,753 - scrapers.hackernews_scraper - INFO - 找到 30 个帖子行
2026-06-14 16:29:09,754 - scrapers.hackernews_scraper - INFO - 成功解析故事: Ask HN: What are you working o..., 作者=david927, 点赞=6, 评论=0
2026-06-14 16:29:09,755 - scrapers.hackernews_scraper - INFO - 成功解析故事: Ask HN: How are thinking effor..., 作者=simianwords, 点赞=94, 评论=0
2026-06-14 16:29:09,756 - scrapers.hackernews_scraper - INFO - 成功解析故事: Ask HN: Favorite text heavy bl..., 作者=joshmarinacci, 点赞=112, 评论=0
2026-06-14 16:29:09,756 - scrapers.hackernews_scraper - INFO - 成功解析故事: Ask HN: Why hasn't there been ..., 作者=mdni007, 点赞=262, 评论=0
2026-06-14 16:29:09,757 - scrapers.hackernews_scraper - INFO - 成功解析故事: Ask HN: Want to build somethin..., 作者=vira28, 点赞=38, 评论=0
2026-06-14 16:29:09,757 - scrapers.hackernews_scraper - INFO - 成功解析故事: Ask HN: Why is the best way to..., 作者=Ako03, 点赞=6, 评论=0
2026-06-14 16:29:09,758 - scrapers.hackernews_scraper - INFO - 成功解析故事: Ask HN: Would it be useful to ..., 作者=BugsJustFindMe, 点赞=35, 评论=0
2026-06-14 16:29:09,759 - scrapers.hackernews_scraper - INFO - 成功解析故事: Ask HN: Are most corporate SWE..., 作者=hnthrow10282910, 点赞=247, 评论=0
2026-06-14 16:29:09,759 - scrapers.hackernews_scraper - INFO - 成功解析故事: Ask HN: How do you get into a ..., 作者=kilroy123, 点赞=90, 评论=0
2026-06-14 16:29:09,760 - scrapers.hackernews_scraper - INFO - 成功解析故事: Ask HN: What are tools you hav..., 作者=aryamaan, 点赞=440, 评论=0
2026-06-14 16:29:09,760 - scrapers.hackernews_scraper - INFO - 成功解析故事: Ask HN: Are you still using a ..., 作者=y1n0, 点赞=171, 评论=0
2026-06-14 16:29:09,761 - scrapers.hackernews_scraper - INFO - 成功解析故事: Ask HN: Which cheap Chinese LL..., 作者=linzhangrun, 点赞=13, 评论=0
2026-06-14 16:29:09,761 - scrapers.hackernews_scraper - INFO - 成功解析故事: Ask HN: Did we witness the "Tr..., 作者=vld_chk, 点赞=18, 评论=0
2026-06-14 16:29:09,762 - scrapers.hackernews_scraper - INFO - 成功解析故事: Ask HN: Is anyone shorting the..., 作者=ggm, 点赞=17, 评论=0
2026-06-14 16:29:09,763 - scrapers.hackernews_scraper - INFO - 成功解析故事: Ask HN: What is the AI adoptio..., 作者=iExploder, 点赞=5, 评论=0
2026-06-14 16:29:09,763 - scrapers.hackernews_scraper - INFO - 成功解析 15 个Ask HN故事
2026-06-14 16:29:09,763 - scrapers.hackernews_scraper - INFO - 开始转换 15 个故事到统一格式
2026-06-14 16:29:09,763 - scrapers.hackernews_scraper - INFO - 转换第 1/15 个故事: Ask HN: What are you working o...
2026-06-14 16:29:11,785 - scrapers.hackernews_scraper - INFO - 找到 5 条评论
2026-06-14 16:29:11,788 - scrapers.hackernews_scraper - INFO - 故事 Ask HN: What are you working o... 转换完成，包含 5 条评论
2026-06-14 16:29:11,788 - scrapers.hackernews_scraper - INFO - 转换第 2/15 个故事: Ask HN: How are thinking effor...
2026-06-14 16:29:14,668 - utils.http_utils - ERROR - 请求失败: https://news.ycombinator.com/item?id=48434240, 错误: 429 Client Error: Too Many Requests for url: https://news.ycombinator.com/item?id=48434240
2026-06-14 16:29:14,668 - scrapers.hackernews_scraper - ERROR - 获取故事详情失败: 48434240
2026-06-14 16:29:16,196 - utils.http_utils - ERROR - 请求失败: https://news.ycombinator.com/item?id=48434240, 错误: 429 Client Error: Too Many Requests for url: https://news.ycombinator.com/item?id=48434240
2026-06-14 16:29:16,196 - scrapers.hackernews_scraper - ERROR - 获取故事详情失败: 48434240
2026-06-14 16:29:16,196 - scrapers.hackernews_scraper - INFO - 故事 Ask HN: How are thinking effor... 转换完成，包含 0 条评论
2026-06-14 16:29:16,196 - scrapers.hackernews_scraper - INFO - 转换第 3/15 个故事: Ask HN: Favorite text heavy bl...
2026-06-14 16:29:17,897 - scrapers.hackernews_scraper - INFO - 找到 28 条评论
2026-06-14 16:29:17,921 - scrapers.hackernews_scraper - INFO - 故事 Ask HN: Favorite text heavy bl... 转换完成，包含 28 条评论
2026-06-14 16:29:17,921 - scrapers.hackernews_scraper - INFO - 转换第 4/15 个故事: Ask HN: Why hasn't there been ...
2026-06-14 16:29:20,242 - utils.http_utils - ERROR - 请求失败: https://news.ycombinator.com/item?id=48448313, 错误: 429 Client Error: Too Many Requests for url: https://news.ycombinator.com/item?id=48448313
2026-06-14 16:29:20,242 - scrapers.hackernews_scraper - ERROR - 获取故事详情失败: 48448313
2026-06-14 16:29:21,478 - utils.http_utils - ERROR - 请求失败: https://news.ycombinator.com/item?id=48448313, 错误: 429 Client Error: Too Many Requests for url: https://news.ycombinator.com/item?id=48448313
2026-06-14 16:29:21,479 - scrapers.hackernews_scraper - ERROR - 获取故事详情失败: 48448313
2026-06-14 16:29:21,479 - scrapers.hackernews_scraper - INFO - 故事 Ask HN: Why hasn't there been ... 转换完成，包含 0 条评论
2026-06-14 16:29:21,479 - scrapers.hackernews_scraper - INFO - 转换第 5/15 个故事: Ask HN: Want to build somethin...
2026-06-14 16:29:23,412 - utils.http_utils - ERROR - 请求失败: https://news.ycombinator.com/item?id=48486932, 错误: 429 Client Error: Too Many Requests for url: https://news.ycombinator.com/item?id=48486932
2026-06-14 16:29:23,412 - scrapers.hackernews_scraper - ERROR - 获取故事详情失败: 48486932
2026-06-14 16:29:25,494 - utils.http_utils - ERROR - 请求失败: https://news.ycombinator.com/item?id=48486932, 错误: 429 Client Error: Too Many Requests for url: https://news.ycombinator.com/item?id=48486932
2026-06-14 16:29:25,494 - scrapers.hackernews_scraper - ERROR - 获取故事详情失败: 48486932
2026-06-14 16:29:25,494 - scrapers.hackernews_scraper - INFO - 故事 Ask HN: Want to build somethin... 转换完成，包含 0 条评论
2026-06-14 16:29:25,495 - scrapers.hackernews_scraper - INFO - 转换第 6/15 个故事: Ask HN: Why is the best way to...
2026-06-14 16:29:28,107 - scrapers.hackernews_scraper - INFO - 找到 6 条评论
2026-06-14 16:29:28,111 - scrapers.hackernews_scraper - INFO - 故事 Ask HN: Why is the best way to... 转换完成，包含 6 条评论
2026-06-14 16:29:28,111 - scrapers.hackernews_scraper - INFO - 转换第 7/15 个故事: Ask HN: Would it be useful to ...
2026-06-14 16:29:30,591 - utils.http_utils - ERROR - 请求失败: https://news.ycombinator.com/item?id=48481947, 错误: 429 Client Error: Too Many Requests for url: https://news.ycombinator.com/item?id=48481947
2026-06-14 16:29:30,591 - scrapers.hackernews_scraper - ERROR - 获取故事详情失败: 48481947
2026-06-14 16:29:33,348 - utils.http_utils - ERROR - 请求失败: https://news.ycombinator.com/item?id=48481947, 错误: 429 Client Error: Too Many Requests for url: https://news.ycombinator.com/item?id=48481947
2026-06-14 16:29:33,349 - scrapers.hackernews_scraper - ERROR - 获取故事详情失败: 48481947
2026-06-14 16:29:33,349 - scrapers.hackernews_scraper - INFO - 故事 Ask HN: Would it be useful to ... 转换完成，包含 0 条评论
2026-06-14 16:29:33,349 - scrapers.hackernews_scraper - INFO - 转换第 8/15 个故事: Ask HN: Are most corporate SWE...
2026-06-14 16:29:36,049 - utils.http_utils - ERROR - 请求失败: https://news.ycombinator.com/item?id=48475871, 错误: 429 Client Error: Too Many Requests for url: https://news.ycombinator.com/item?id=48475871
2026-06-14 16:29:36,049 - scrapers.hackernews_scraper - ERROR - 获取故事详情失败: 48475871
2026-06-14 16:29:37,950 - scrapers.hackernews_scraper - INFO - 找到 282 条评论
2026-06-14 16:29:39,362 - scrapers.hackernews_scraper - INFO - 故事 Ask HN: Are most corporate SWE... 转换完成，包含 100 条评论
2026-06-14 16:29:39,363 - scrapers.hackernews_scraper - INFO - 转换第 9/15 个故事: Ask HN: How do you get into a ...
2026-06-14 16:29:40,804 - utils.http_utils - ERROR - 请求失败: https://news.ycombinator.com/item?id=48492118, 错误: 429 Client Error: Too Many Requests for url: https://news.ycombinator.com/item?id=48492118
2026-06-14 16:29:40,804 - scrapers.hackernews_scraper - ERROR - 获取故事详情失败: 48492118
2026-06-14 16:29:43,261 - utils.http_utils - ERROR - 请求失败: https://news.ycombinator.com/item?id=48492118, 错误: 429 Client Error: Too Many Requests for url: https://news.ycombinator.com/item?id=48492118
2026-06-14 16:29:43,262 - scrapers.hackernews_scraper - ERROR - 获取故事详情失败: 48492118
2026-06-14 16:29:43,262 - scrapers.hackernews_scraper - INFO - 故事 Ask HN: How do you get into a ... 转换完成，包含 0 条评论
2026-06-14 16:29:43,262 - scrapers.hackernews_scraper - INFO - 转换第 10/15 个故事: Ask HN: What are tools you hav...
2026-06-14 16:29:47,878 - scrapers.hackernews_scraper - INFO - 找到 770 条评论
2026-06-14 16:30:00,207 - scrapers.hackernews_scraper - INFO - 故事 Ask HN: What are tools you hav... 转换完成，包含 100 条评论
2026-06-14 16:30:00,207 - scrapers.hackernews_scraper - INFO - 转换第 11/15 个故事: Ask HN: Are you still using a ...
2026-06-14 16:30:03,703 - scrapers.hackernews_scraper - INFO - 找到 214 条评论
2026-06-14 16:30:04,475 - scrapers.hackernews_scraper - INFO - 故事 Ask HN: Are you still using a ... 转换完成，包含 100 条评论
2026-06-14 16:30:04,475 - scrapers.hackernews_scraper - INFO - 转换第 12/15 个故事: Ask HN: Which cheap Chinese LL...
2026-06-14 16:30:05,802 - scrapers.hackernews_scraper - INFO - 找到 4 条评论
2026-06-14 16:30:05,804 - scrapers.hackernews_scraper - INFO - 故事 Ask HN: Which cheap Chinese LL... 转换完成，包含 4 条评论
2026-06-14 16:30:05,804 - scrapers.hackernews_scraper - INFO - 转换第 13/15 个故事: Ask HN: Did we witness the "Tr...
2026-06-14 16:30:06,978 - utils.http_utils - ERROR - 请求失败: https://news.ycombinator.com/item?id=48519780, 错误: 429 Client Error: Too Many Requests for url: https://news.ycombinator.com/item?id=48519780
2026-06-14 16:30:06,978 - scrapers.hackernews_scraper - ERROR - 获取故事详情失败: 48519780
2026-06-14 16:30:09,374 - utils.http_utils - ERROR - 请求失败: https://news.ycombinator.com/item?id=48519780, 错误: 429 Client Error: Too Many Requests for url: https://news.ycombinator.com/item?id=48519780
2026-06-14 16:30:09,374 - scrapers.hackernews_scraper - ERROR - 获取故事详情失败: 48519780
2026-06-14 16:30:09,374 - scrapers.hackernews_scraper - INFO - 故事 Ask HN: Did we witness the "Tr... 转换完成，包含 0 条评论
2026-06-14 16:30:09,374 - scrapers.hackernews_scraper - INFO - 转换第 14/15 个故事: Ask HN: Is anyone shorting the...
2026-06-14 16:30:12,446 - utils.http_utils - ERROR - 请求失败: https://news.ycombinator.com/item?id=48486763, 错误: 429 Client Error: Too Many Requests for url: https://news.ycombinator.com/item?id=48486763
2026-06-14 16:30:12,446 - scrapers.hackernews_scraper - ERROR - 获取故事详情失败: 48486763
2026-06-14 16:30:14,371 - utils.http_utils - ERROR - 请求失败: https://news.ycombinator.com/item?id=48486763, 错误: 429 Client Error: Too Many Requests for url: https://news.ycombinator.com/item?id=48486763
2026-06-14 16:30:14,371 - scrapers.hackernews_scraper - ERROR - 获取故事详情失败: 48486763
2026-06-14 16:30:14,371 - scrapers.hackernews_scraper - INFO - 故事 Ask HN: Is anyone shorting the... 转换完成，包含 0 条评论
2026-06-14 16:30:14,371 - scrapers.hackernews_scraper - INFO - 转换第 15/15 个故事: Ask HN: What is the AI adoptio...
2026-06-14 16:30:16,052 - utils.http_utils - ERROR - 请求失败: https://news.ycombinator.com/item?id=48518427, 错误: 429 Client Error: Too Many Requests for url: https://news.ycombinator.com/item?id=48518427
2026-06-14 16:30:16,052 - scrapers.hackernews_scraper - ERROR - 获取故事详情失败: 48518427
2026-06-14 16:30:17,583 - utils.http_utils - ERROR - 请求失败: https://news.ycombinator.com/item?id=48518427, 错误: 429 Client Error: Too Many Requests for url: https://news.ycombinator.com/item?id=48518427
2026-06-14 16:30:17,583 - scrapers.hackernews_scraper - ERROR - 获取故事详情失败: 48518427
2026-06-14 16:30:17,583 - scrapers.hackernews_scraper - INFO - 故事 Ask HN: What is the AI adoptio... 转换完成，包含 0 条评论
2026-06-14 16:30:17,583 - scrapers.hackernews_scraper - INFO - 共转换 15 个故事为统一格式
2026-06-14 16:30:17,583 - scrapers.hackernews_scraper - INFO - 爬取完成，共获取 15 个Ask HN故事
2026-06-14 16:30:17,976 - utils.storage_utils - INFO - 已更新源索引: hackernews
2026-06-14 16:30:17,977 - utils.storage_utils - INFO - 数据已保存到 data/hackernews/week_2026-06-08.json
2026-06-14 16:30:17,980 - scrapers.base_scraper - INFO - 数据已保存到 data/hackernews/week_2026-06-08.json
2026-06-14 16:30:17,980 - scrapers.base_scraper - INFO - 成功爬取 Hacker News 的数据
2026-06-14 16:30:17,981 - __main__ - INFO - 完成: 1/3 个爬虫成功运行
2026-06-14 16:30:18,207 - __main__ - INFO - 归档所有源的旧数据
2026-06-14 16:30:18,207 - __main__ - INFO - 源 jandan 归档 无需归档
2026-06-14 16:30:18,208 - __main__ - INFO - 源 reddit 归档 无需归档
2026-06-14 16:30:18,208 - __main__ - INFO - 源 hackernews 归档 无需归档
