2025-06-28 16:02:03,668 - __main__ - INFO - 运行所有爬虫
2025-06-28 16:02:03,669 - scrapers.jandan_scraper - INFO - JandanScraper初始化完成
2025-06-28 16:02:03,669 - scrapers.base_scraper - INFO - 开始爬取 煎蛋网
2025-06-28 16:02:03,669 - scrapers.jandan_scraper - INFO - 开始爬取煎蛋热评
2025-06-28 16:02:06,919 - scrapers.jandan_scraper - INFO - 成功获取HTML内容，长度: 26153
2025-06-28 16:02:06,919 - scrapers.jandan_scraper - INFO - 调试: 手动获取评论 5877984 的吐槽数据
2025-06-28 16:02:06,919 - scrapers.jandan_scraper - INFO - 获取评论 5877984 的吐槽内容: https://jandan.net/api/tucao/list/5877984
2025-06-28 16:02:08,827 - scrapers.jandan_scraper - INFO - 评论 5877984 获取到 1 条热门吐槽, 3 条普通吐槽
2025-06-28 16:02:08,828 - scrapers.jandan_scraper - INFO - 调试: 评论 5877984 获取到 1 条热门吐槽, 3 条普通吐槽
2025-06-28 16:02:08,828 - scrapers.jandan_scraper - INFO - 开始解析页面中的评论
2025-06-28 16:02:08,828 - scrapers.jandan_scraper - INFO - 开始解析HTML内容, 长度: 26153
2025-06-28 16:02:08,836 - scrapers.jandan_scraper - INFO - 找到 0 条热门评论
2025-06-28 16:02:08,836 - scrapers.jandan_scraper - INFO - 解析完成，获取到 0 条评论
2025-06-28 16:02:08,836 - scrapers.jandan_scraper - INFO - 开始转换评论为统一格式
2025-06-28 16:02:08,836 - scrapers.jandan_scraper - INFO - 开始转换 0 条评论到统一格式
2025-06-28 16:02:08,836 - scrapers.jandan_scraper - INFO - 共转换 0 条评论为统一格式
2025-06-28 16:02:08,836 - scrapers.jandan_scraper - INFO - 爬取完成，共获取 0 条热评
2025-06-28 16:02:08,836 - scrapers.base_scraper - ERROR - 爬取 煎蛋网 失败
2025-06-28 16:02:08,837 - scrapers.reddit_scraper - INFO - RedditScraper初始化完成
2025-06-28 16:02:08,837 - scrapers.base_scraper - INFO - 开始爬取 Reddit
2025-06-28 16:02:08,837 - scrapers.reddit_scraper - INFO - 开始爬取Reddit r/confessions每周热门帖子
2025-06-28 16:02:11,272 - utils.http_utils - ERROR - 请求失败: https://www.reddit.com/r/confessions/top/.json?t=week&limit=10, 错误: 403 Client Error: Blocked for url: https://www.reddit.com/r/confessions/top/.json?t=week&limit=10
2025-06-28 16:02:11,272 - scrapers.reddit_scraper - ERROR - 获取API数据失败: 403 Client Error: Blocked for url: https://www.reddit.com/r/confessions/top/.json?t=week&limit=10
2025-06-28 16:02:11,272 - scrapers.base_scraper - ERROR - 爬取 Reddit 失败
2025-06-28 16:02:11,272 - scrapers.hackernews_scraper - INFO - HackerNewsScraper初始化完成
2025-06-28 16:02:11,272 - scrapers.base_scraper - INFO - 开始爬取 Hacker News
2025-06-28 16:02:11,272 - scrapers.hackernews_scraper - INFO - 开始爬取Hacker News Ask HN帖子
2025-06-28 16:02:11,273 - scrapers.hackernews_scraper - INFO - 获取Ask HN页面: https://news.ycombinator.com/ask
2025-06-28 16:02:13,011 - scrapers.hackernews_scraper - INFO - 找到 28 个帖子行
2025-06-28 16:02:13,012 - scrapers.hackernews_scraper - INFO - 成功解析故事: Ask HN: What are you actually ..., 作者=Satam, 点赞=21, 评论=0
2025-06-28 16:02:13,013 - scrapers.hackernews_scraper - INFO - 成功解析故事: Ask HN: Are there any tech com..., 作者=ciwolex, 点赞=4, 评论=0
2025-06-28 16:02:13,014 - scrapers.hackernews_scraper - INFO - 成功解析故事: Ask HN: Why are only CEOs buil..., 作者=ciwolex, 点赞=2, 评论=0
2025-06-28 16:02:13,014 - scrapers.hackernews_scraper - INFO - 成功解析故事: Ask HN: Anyone using augmented..., 作者=NewUser76312, 点赞=83, 评论=0
2025-06-28 16:02:13,015 - scrapers.hackernews_scraper - INFO - 成功解析故事: Ask HN: How do you learn Spani..., 作者=mazzystar, 点赞=20, 评论=0
2025-06-28 16:02:13,015 - scrapers.hackernews_scraper - INFO - 成功解析故事: Ask HN: Startup shutting down,..., 作者=amadeoeoeo, 点赞=11, 评论=0
2025-06-28 16:02:13,016 - scrapers.hackernews_scraper - INFO - 成功解析故事: Ask HN: Why aren't AIs being u..., 作者=amichail, 点赞=13, 评论=0
2025-06-28 16:02:13,017 - scrapers.hackernews_scraper - INFO - 成功解析故事: Ask HN: How to get rid of Gemi..., 作者=jacquesm, 点赞=134, 评论=0
2025-06-28 16:02:13,017 - scrapers.hackernews_scraper - INFO - 成功解析故事: Ask HN: Why does my Node.js mu..., 作者=jbryu, 点赞=15, 评论=0
2025-06-28 16:02:13,018 - scrapers.hackernews_scraper - INFO - 成功解析故事: Ask HN: Alternatives to Cloudf..., 作者=modmodmod, 点赞=4, 评论=0
2025-06-28 16:02:13,018 - scrapers.hackernews_scraper - INFO - 成功解析故事: Ask HN: How would expose a sca..., 作者=soueuls, 点赞=12, 评论=0
2025-06-28 16:02:13,019 - scrapers.hackernews_scraper - INFO - 成功解析故事: Ask HN: What are your peronsal..., 作者=shelled, 点赞=15, 评论=0
2025-06-28 16:02:13,020 - scrapers.hackernews_scraper - INFO - 成功解析故事: Ask HN: Anyone interested in t..., 作者=quinto_quarto, 点赞=9, 评论=0
2025-06-28 16:02:13,020 - scrapers.hackernews_scraper - INFO - 成功解析故事: Ask HN: How to regain the abil..., 作者=albert_e, 点赞=84, 评论=0
2025-06-28 16:02:13,021 - scrapers.hackernews_scraper - INFO - 成功解析故事: Ask HN: Is anyone else just do..., 作者=MongooseStudios, 点赞=133, 评论=0
2025-06-28 16:02:13,021 - scrapers.hackernews_scraper - INFO - 成功解析 15 个Ask HN故事
2025-06-28 16:02:13,021 - scrapers.hackernews_scraper - INFO - 开始转换 15 个故事到统一格式
2025-06-28 16:02:13,021 - scrapers.hackernews_scraper - INFO - 转换第 1/15 个故事: Ask HN: What are you actually ...
2025-06-28 16:02:14,339 - scrapers.hackernews_scraper - INFO - 找到 10 条评论
2025-06-28 16:02:14,346 - scrapers.hackernews_scraper - INFO - 故事 Ask HN: What are you actually ... 转换完成，包含 10 条评论
2025-06-28 16:02:14,346 - scrapers.hackernews_scraper - INFO - 转换第 2/15 个故事: Ask HN: Are there any tech com...
2025-06-28 16:02:15,568 - scrapers.hackernews_scraper - INFO - 找到 2 条评论
2025-06-28 16:02:15,569 - scrapers.hackernews_scraper - INFO - 故事 Ask HN: Are there any tech com... 转换完成，包含 2 条评论
2025-06-28 16:02:15,569 - scrapers.hackernews_scraper - INFO - 转换第 3/15 个故事: Ask HN: Why are only CEOs buil...
2025-06-28 16:02:18,331 - scrapers.hackernews_scraper - INFO - 找到 1 条评论
2025-06-28 16:02:18,332 - scrapers.hackernews_scraper - INFO - 故事 Ask HN: Why are only CEOs buil... 转换完成，包含 1 条评论
2025-06-28 16:02:18,332 - scrapers.hackernews_scraper - INFO - 转换第 4/15 个故事: Ask HN: Anyone using augmented...
2025-06-28 16:02:20,177 - scrapers.hackernews_scraper - INFO - 找到 78 条评论
2025-06-28 16:02:20,309 - scrapers.hackernews_scraper - INFO - 故事 Ask HN: Anyone using augmented... 转换完成，包含 78 条评论
2025-06-28 16:02:20,309 - scrapers.hackernews_scraper - INFO - 转换第 5/15 个故事: Ask HN: How do you learn Spani...
2025-06-28 16:02:22,399 - scrapers.hackernews_scraper - INFO - 找到 36 条评论
2025-06-28 16:02:22,437 - scrapers.hackernews_scraper - INFO - 故事 Ask HN: How do you learn Spani... 转换完成，包含 36 条评论
2025-06-28 16:02:22,437 - scrapers.hackernews_scraper - INFO - 转换第 6/15 个故事: Ask HN: Startup shutting down,...
2025-06-28 16:02:24,711 - scrapers.hackernews_scraper - INFO - 找到 30 条评论
2025-06-28 16:02:24,739 - scrapers.hackernews_scraper - INFO - 故事 Ask HN: Startup shutting down,... 转换完成，包含 30 条评论
2025-06-28 16:02:24,739 - scrapers.hackernews_scraper - INFO - 转换第 7/15 个故事: Ask HN: Why aren't AIs being u...
2025-06-28 16:02:27,310 - scrapers.hackernews_scraper - INFO - 找到 19 条评论
2025-06-28 16:02:27,324 - scrapers.hackernews_scraper - INFO - 故事 Ask HN: Why aren't AIs being u... 转换完成，包含 19 条评论
2025-06-28 16:02:27,324 - scrapers.hackernews_scraper - INFO - 转换第 8/15 个故事: Ask HN: How to get rid of Gemi...
2025-06-28 16:02:29,116 - scrapers.hackernews_scraper - INFO - 找到 117 条评论
2025-06-28 16:02:29,378 - scrapers.hackernews_scraper - INFO - 故事 Ask HN: How to get rid of Gemi... 转换完成，包含 100 条评论
2025-06-28 16:02:29,378 - scrapers.hackernews_scraper - INFO - 转换第 9/15 个故事: Ask HN: Why does my Node.js mu...
2025-06-28 16:02:31,433 - scrapers.hackernews_scraper - INFO - 找到 25 条评论
2025-06-28 16:02:31,455 - scrapers.hackernews_scraper - INFO - 故事 Ask HN: Why does my Node.js mu... 转换完成，包含 25 条评论
2025-06-28 16:02:31,455 - scrapers.hackernews_scraper - INFO - 转换第 10/15 个故事: Ask HN: Alternatives to Cloudf...
2025-06-28 16:02:33,514 - scrapers.hackernews_scraper - INFO - 找到 5 条评论
2025-06-28 16:02:33,518 - scrapers.hackernews_scraper - INFO - 故事 Ask HN: Alternatives to Cloudf... 转换完成，包含 5 条评论
2025-06-28 16:02:33,518 - scrapers.hackernews_scraper - INFO - 转换第 11/15 个故事: Ask HN: How would expose a sca...
2025-06-28 16:02:35,036 - scrapers.hackernews_scraper - INFO - 找到 17 条评论
2025-06-28 16:02:35,050 - scrapers.hackernews_scraper - INFO - 故事 Ask HN: How would expose a sca... 转换完成，包含 17 条评论
2025-06-28 16:02:35,050 - scrapers.hackernews_scraper - INFO - 转换第 12/15 个故事: Ask HN: What are your peronsal...
2025-06-28 16:02:38,110 - scrapers.hackernews_scraper - INFO - 找到 15 条评论
2025-06-28 16:02:38,121 - scrapers.hackernews_scraper - INFO - 故事 Ask HN: What are your peronsal... 转换完成，包含 15 条评论
2025-06-28 16:02:38,121 - scrapers.hackernews_scraper - INFO - 转换第 13/15 个故事: Ask HN: Anyone interested in t...
2025-06-28 16:02:40,096 - scrapers.hackernews_scraper - INFO - 找到 5 条评论
2025-06-28 16:02:40,099 - scrapers.hackernews_scraper - INFO - 故事 Ask HN: Anyone interested in t... 转换完成，包含 5 条评论
2025-06-28 16:02:40,099 - scrapers.hackernews_scraper - INFO - 转换第 14/15 个故事: Ask HN: How to regain the abil...
2025-06-28 16:02:42,537 - scrapers.hackernews_scraper - INFO - 找到 38 条评论
2025-06-28 16:02:42,577 - scrapers.hackernews_scraper - INFO - 故事 Ask HN: How to regain the abil... 转换完成，包含 38 条评论
2025-06-28 16:02:42,577 - scrapers.hackernews_scraper - INFO - 转换第 15/15 个故事: Ask HN: Is anyone else just do...
2025-06-28 16:02:45,066 - scrapers.hackernews_scraper - INFO - 找到 167 条评论
2025-06-28 16:02:45,561 - scrapers.hackernews_scraper - INFO - 故事 Ask HN: Is anyone else just do... 转换完成，包含 100 条评论
2025-06-28 16:02:45,561 - scrapers.hackernews_scraper - INFO - 共转换 15 个故事为统一格式
2025-06-28 16:02:45,561 - scrapers.hackernews_scraper - INFO - 爬取完成，共获取 15 个Ask HN故事
2025-06-28 16:02:46,206 - utils.storage_utils - INFO - 已更新源索引: hackernews
2025-06-28 16:02:46,208 - utils.storage_utils - INFO - 数据已保存到 data/hackernews/week_2025-06-23.json
2025-06-28 16:02:46,210 - scrapers.base_scraper - INFO - 数据已保存到 data/hackernews/week_2025-06-23.json
2025-06-28 16:02:46,210 - scrapers.base_scraper - INFO - 成功爬取 Hacker News 的数据
2025-06-28 16:02:46,210 - __main__ - INFO - 完成: 1/3 个爬虫成功运行
2025-06-28 16:02:46,463 - __main__ - INFO - 归档所有源的旧数据
2025-06-28 16:02:46,463 - __main__ - INFO - 源 jandan 归档 无需归档
2025-06-28 16:02:46,463 - __main__ - INFO - 源 reddit 归档 无需归档
2025-06-28 16:02:46,463 - __main__ - INFO - 源 hackernews 归档 无需归档
