2026-02-03 16:14:31,690 - __main__ - INFO - 运行所有爬虫
2026-02-03 16:14:31,690 - scrapers.jandan_scraper - INFO - JandanScraper初始化完成
2026-02-03 16:14:31,691 - scrapers.base_scraper - INFO - 开始爬取 煎蛋网
2026-02-03 16:14:31,691 - scrapers.jandan_scraper - INFO - 开始爬取煎蛋热评
2026-02-03 16:14:36,550 - scrapers.jandan_scraper - INFO - 成功获取HTML内容，长度: 25648
2026-02-03 16:14:36,550 - scrapers.jandan_scraper - INFO - 调试: 手动获取评论 5877984 的吐槽数据
2026-02-03 16:14:36,550 - scrapers.jandan_scraper - INFO - 获取评论 5877984 的吐槽内容: https://jandan.net/api/tucao/list/5877984
2026-02-03 16:14:38,776 - scrapers.jandan_scraper - INFO - 评论 5877984 获取到 1 条热门吐槽, 3 条普通吐槽
2026-02-03 16:14:38,777 - scrapers.jandan_scraper - INFO - 调试: 评论 5877984 获取到 1 条热门吐槽, 3 条普通吐槽
2026-02-03 16:14:38,777 - scrapers.jandan_scraper - INFO - 开始解析页面中的评论
2026-02-03 16:14:38,777 - scrapers.jandan_scraper - INFO - 开始解析HTML内容, 长度: 25648
2026-02-03 16:14:38,786 - scrapers.jandan_scraper - INFO - 找到 0 条热门评论
2026-02-03 16:14:38,786 - scrapers.jandan_scraper - INFO - 解析完成，获取到 0 条评论
2026-02-03 16:14:38,786 - scrapers.jandan_scraper - INFO - 开始转换评论为统一格式
2026-02-03 16:14:38,786 - scrapers.jandan_scraper - INFO - 开始转换 0 条评论到统一格式
2026-02-03 16:14:38,786 - scrapers.jandan_scraper - INFO - 共转换 0 条评论为统一格式
2026-02-03 16:14:38,786 - scrapers.jandan_scraper - INFO - 爬取完成，共获取 0 条热评
2026-02-03 16:14:38,786 - scrapers.base_scraper - ERROR - 爬取 煎蛋网 失败
2026-02-03 16:14:38,786 - scrapers.reddit_scraper - INFO - RedditScraper初始化完成
2026-02-03 16:14:38,787 - scrapers.base_scraper - INFO - 开始爬取 Reddit
2026-02-03 16:14:38,787 - scrapers.reddit_scraper - INFO - 开始爬取Reddit r/confessions每周热门帖子
2026-02-03 16:14:40,297 - utils.http_utils - ERROR - 请求失败: https://www.reddit.com/r/confessions/top/.json?t=week&limit=10, 错误: 403 Client Error: Blocked for url: https://www.reddit.com/r/confessions/top/.json?t=week&limit=10
2026-02-03 16:14:40,298 - scrapers.reddit_scraper - ERROR - 获取API数据失败: 403 Client Error: Blocked for url: https://www.reddit.com/r/confessions/top/.json?t=week&limit=10
2026-02-03 16:14:40,298 - scrapers.base_scraper - ERROR - 爬取 Reddit 失败
2026-02-03 16:14:40,298 - scrapers.hackernews_scraper - INFO - HackerNewsScraper初始化完成
2026-02-03 16:14:40,298 - scrapers.base_scraper - INFO - 开始爬取 Hacker News
2026-02-03 16:14:40,298 - scrapers.hackernews_scraper - INFO - 开始爬取Hacker News Ask HN帖子
2026-02-03 16:14:40,298 - scrapers.hackernews_scraper - INFO - 获取Ask HN页面: https://news.ycombinator.com/ask
2026-02-03 16:14:42,069 - scrapers.hackernews_scraper - INFO - 找到 30 个帖子行
2026-02-03 16:14:42,071 - scrapers.hackernews_scraper - INFO - 成功解析故事: Ask HN: Is there anyone here w..., 作者=blenderob, 点赞=65, 评论=0
2026-02-03 16:14:42,071 - scrapers.hackernews_scraper - INFO - 成功解析故事: Ask HN: Who is hiring? (Februa..., 作者=whoishiring, 点赞=294, 评论=0
2026-02-03 16:14:42,072 - scrapers.hackernews_scraper - INFO - 成功解析故事: Ask HN: Who wants to be hired?..., 作者=whoishiring, 点赞=124, 评论=0
2026-02-03 16:14:42,073 - scrapers.hackernews_scraper - INFO - 成功解析故事: Ask HN: Do you still use physi..., 作者=speedylight, 点赞=45, 评论=0
2026-02-03 16:14:42,073 - scrapers.hackernews_scraper - INFO - 成功解析故事: Ask HN: Anyone have a "soverei..., 作者=kldg, 点赞=3, 评论=0
2026-02-03 16:14:42,074 - scrapers.hackernews_scraper - INFO - 成功解析故事: Ask HN: OpenClaw users, what i..., 作者=8cvor6j844qw_d6, 点赞=11, 评论=0
2026-02-03 16:14:42,075 - scrapers.hackernews_scraper - INFO - 成功解析故事: Ask HN: What weird or scrappy ..., 作者=preston-kwei, 点赞=11, 评论=0
2026-02-03 16:14:42,076 - scrapers.hackernews_scraper - INFO - 成功解析故事: Ask HN: Why dead code detectio..., 作者=duriantaco, 点赞=4, 评论=0
2026-02-03 16:14:42,077 - scrapers.hackernews_scraper - INFO - 成功解析故事: Ask HN: Where do all the web d..., 作者=LinguaBrowse, 点赞=50, 评论=0
2026-02-03 16:14:42,077 - scrapers.hackernews_scraper - INFO - 成功解析故事: Ask HN: Have you been fired be..., 作者=s-stude, 点赞=7, 评论=0
2026-02-03 16:14:42,078 - scrapers.hackernews_scraper - INFO - 成功解析故事: Ask HN: Request limits vs. tok..., 作者=JeduDev, 点赞=2, 评论=0
2026-02-03 16:14:42,079 - scrapers.hackernews_scraper - INFO - 成功解析故事: Ask HN: Is anyone losing sleep..., 作者=rjpruitt16, 点赞=2, 评论=0
2026-02-03 16:14:42,079 - scrapers.hackernews_scraper - INFO - 成功解析故事: Ask HN: Interest in low cost /..., 作者=osigurdson, 点赞=2, 评论=0
2026-02-03 16:14:42,080 - scrapers.hackernews_scraper - INFO - 成功解析故事: Ask HN: Has anybody moved thei..., 作者=madsohm, 点赞=18, 评论=0
2026-02-03 16:14:42,080 - scrapers.hackernews_scraper - INFO - 成功解析故事: Ask HN: A proposal for intervi..., 作者=vanbashan, 点赞=3, 评论=0
2026-02-03 16:14:42,081 - scrapers.hackernews_scraper - INFO - 成功解析 15 个Ask HN故事
2026-02-03 16:14:42,081 - scrapers.hackernews_scraper - INFO - 开始转换 15 个故事到统一格式
2026-02-03 16:14:42,081 - scrapers.hackernews_scraper - INFO - 转换第 1/15 个故事: Ask HN: Is there anyone here w...
2026-02-03 16:14:45,157 - scrapers.hackernews_scraper - INFO - 找到 71 条评论
2026-02-03 16:14:45,266 - scrapers.hackernews_scraper - INFO - 故事 Ask HN: Is there anyone here w... 转换完成，包含 71 条评论
2026-02-03 16:14:45,266 - scrapers.hackernews_scraper - INFO - 转换第 2/15 个故事: Ask HN: Who is hiring? (Februa...
2026-02-03 16:14:49,395 - scrapers.hackernews_scraper - INFO - 找到 373 条评论
2026-02-03 16:14:52,110 - scrapers.hackernews_scraper - INFO - 故事 Ask HN: Who is hiring? (Februa... 转换完成，包含 100 条评论
2026-02-03 16:14:52,110 - scrapers.hackernews_scraper - INFO - 转换第 3/15 个故事: Ask HN: Who wants to be hired?...
2026-02-03 16:14:55,911 - scrapers.hackernews_scraper - INFO - 找到 333 条评论
2026-02-03 16:14:58,122 - scrapers.hackernews_scraper - INFO - 故事 Ask HN: Who wants to be hired?... 转换完成，包含 100 条评论
2026-02-03 16:14:58,122 - scrapers.hackernews_scraper - INFO - 转换第 4/15 个故事: Ask HN: Do you still use physi...
2026-02-03 16:15:01,378 - scrapers.hackernews_scraper - INFO - 找到 108 条评论
2026-02-03 16:15:01,606 - scrapers.hackernews_scraper - INFO - 故事 Ask HN: Do you still use physi... 转换完成，包含 100 条评论
2026-02-03 16:15:01,607 - scrapers.hackernews_scraper - INFO - 转换第 5/15 个故事: Ask HN: Anyone have a "soverei...
2026-02-03 16:15:04,480 - scrapers.hackernews_scraper - INFO - 找到 0 条评论
2026-02-03 16:15:04,480 - scrapers.hackernews_scraper - INFO - 故事 Ask HN: Anyone have a "soverei... 转换完成，包含 0 条评论
2026-02-03 16:15:04,480 - scrapers.hackernews_scraper - INFO - 转换第 6/15 个故事: Ask HN: OpenClaw users, what i...
2026-02-03 16:15:06,820 - scrapers.hackernews_scraper - INFO - 找到 4 条评论
2026-02-03 16:15:06,822 - scrapers.hackernews_scraper - INFO - 故事 Ask HN: OpenClaw users, what i... 转换完成，包含 4 条评论
2026-02-03 16:15:06,822 - scrapers.hackernews_scraper - INFO - 转换第 7/15 个故事: Ask HN: What weird or scrappy ...
2026-02-03 16:15:09,867 - scrapers.hackernews_scraper - INFO - 找到 6 条评论
2026-02-03 16:15:09,871 - scrapers.hackernews_scraper - INFO - 故事 Ask HN: What weird or scrappy ... 转换完成，包含 6 条评论
2026-02-03 16:15:09,871 - scrapers.hackernews_scraper - INFO - 转换第 8/15 个故事: Ask HN: Why dead code detectio...
2026-02-03 16:15:12,899 - scrapers.hackernews_scraper - INFO - 找到 0 条评论
2026-02-03 16:15:12,899 - scrapers.hackernews_scraper - INFO - 故事 Ask HN: Why dead code detectio... 转换完成，包含 0 条评论
2026-02-03 16:15:12,899 - scrapers.hackernews_scraper - INFO - 转换第 9/15 个故事: Ask HN: Where do all the web d...
2026-02-03 16:15:14,915 - scrapers.hackernews_scraper - INFO - 找到 51 条评论
2026-02-03 16:15:14,979 - scrapers.hackernews_scraper - INFO - 故事 Ask HN: Where do all the web d... 转换完成，包含 51 条评论
2026-02-03 16:15:14,979 - scrapers.hackernews_scraper - INFO - 转换第 10/15 个故事: Ask HN: Have you been fired be...
2026-02-03 16:15:16,580 - scrapers.hackernews_scraper - INFO - 找到 12 条评论
2026-02-03 16:15:16,588 - scrapers.hackernews_scraper - INFO - 故事 Ask HN: Have you been fired be... 转换完成，包含 12 条评论
2026-02-03 16:15:16,588 - scrapers.hackernews_scraper - INFO - 转换第 11/15 个故事: Ask HN: Request limits vs. tok...
2026-02-03 16:15:17,875 - scrapers.hackernews_scraper - INFO - 找到 0 条评论
2026-02-03 16:15:17,875 - scrapers.hackernews_scraper - INFO - 故事 Ask HN: Request limits vs. tok... 转换完成，包含 0 条评论
2026-02-03 16:15:17,876 - scrapers.hackernews_scraper - INFO - 转换第 12/15 个故事: Ask HN: Is anyone losing sleep...
2026-02-03 16:15:19,473 - scrapers.hackernews_scraper - INFO - 找到 4 条评论
2026-02-03 16:15:19,475 - scrapers.hackernews_scraper - INFO - 故事 Ask HN: Is anyone losing sleep... 转换完成，包含 4 条评论
2026-02-03 16:15:19,475 - scrapers.hackernews_scraper - INFO - 转换第 13/15 个故事: Ask HN: Interest in low cost /...
2026-02-03 16:15:21,203 - scrapers.hackernews_scraper - INFO - 找到 0 条评论
2026-02-03 16:15:21,204 - scrapers.hackernews_scraper - INFO - 故事 Ask HN: Interest in low cost /... 转换完成，包含 0 条评论
2026-02-03 16:15:21,204 - scrapers.hackernews_scraper - INFO - 转换第 14/15 个故事: Ask HN: Has anybody moved thei...
2026-02-03 16:15:23,874 - scrapers.hackernews_scraper - INFO - 找到 14 条评论
2026-02-03 16:15:23,884 - scrapers.hackernews_scraper - INFO - 故事 Ask HN: Has anybody moved thei... 转换完成，包含 14 条评论
2026-02-03 16:15:23,884 - scrapers.hackernews_scraper - INFO - 转换第 15/15 个故事: Ask HN: A proposal for intervi...
2026-02-03 16:15:25,767 - scrapers.hackernews_scraper - INFO - 找到 1 条评论
2026-02-03 16:15:25,768 - scrapers.hackernews_scraper - INFO - 故事 Ask HN: A proposal for intervi... 转换完成，包含 1 条评论
2026-02-03 16:15:25,768 - scrapers.hackernews_scraper - INFO - 共转换 15 个故事为统一格式
2026-02-03 16:15:25,768 - scrapers.hackernews_scraper - INFO - 爬取完成，共获取 15 个Ask HN故事
2026-02-03 16:15:26,213 - utils.storage_utils - INFO - 已更新源索引: hackernews
2026-02-03 16:15:26,215 - utils.storage_utils - INFO - 数据已保存到 data/hackernews/week_2026-02-02.json
2026-02-03 16:15:26,215 - scrapers.base_scraper - INFO - 数据已保存到 data/hackernews/week_2026-02-02.json
2026-02-03 16:15:26,215 - scrapers.base_scraper - INFO - 成功爬取 Hacker News 的数据
2026-02-03 16:15:26,216 - __main__ - INFO - 完成: 1/3 个爬虫成功运行
2026-02-03 16:15:26,434 - __main__ - INFO - 归档所有源的旧数据
2026-02-03 16:15:26,434 - __main__ - INFO - 源 jandan 归档 无需归档
2026-02-03 16:15:26,435 - __main__ - INFO - 源 reddit 归档 无需归档
2026-02-03 16:15:26,435 - __main__ - INFO - 源 hackernews 归档 无需归档
