2025-04-17 16:01:51,607 - __main__ - INFO - 运行所有爬虫
2025-04-17 16:01:51,607 - scrapers.jandan_scraper - INFO - JandanScraper初始化完成
2025-04-17 16:01:51,607 - scrapers.base_scraper - INFO - 开始爬取 煎蛋网
2025-04-17 16:01:51,607 - scrapers.jandan_scraper - INFO - 开始爬取煎蛋热评
2025-04-17 16:01:54,791 - scrapers.jandan_scraper - INFO - 成功获取HTML内容，长度: 22256
2025-04-17 16:01:54,791 - scrapers.jandan_scraper - INFO - 调试: 手动获取评论 5877984 的吐槽数据
2025-04-17 16:01:54,791 - scrapers.jandan_scraper - INFO - 获取评论 5877984 的吐槽内容: https://jandan.net/api/tucao/list/5877984
2025-04-17 16:01:56,593 - scrapers.jandan_scraper - INFO - 评论 5877984 获取到 1 条热门吐槽, 3 条普通吐槽
2025-04-17 16:01:56,593 - scrapers.jandan_scraper - INFO - 调试: 评论 5877984 获取到 1 条热门吐槽, 3 条普通吐槽
2025-04-17 16:01:56,593 - scrapers.jandan_scraper - INFO - 开始解析页面中的评论
2025-04-17 16:01:56,593 - scrapers.jandan_scraper - INFO - 开始解析HTML内容, 长度: 22256
2025-04-17 16:01:56,601 - scrapers.jandan_scraper - INFO - 找到 0 条热门评论
2025-04-17 16:01:56,601 - scrapers.jandan_scraper - INFO - 解析完成，获取到 0 条评论
2025-04-17 16:01:56,601 - scrapers.jandan_scraper - INFO - 开始转换评论为统一格式
2025-04-17 16:01:56,601 - scrapers.jandan_scraper - INFO - 开始转换 0 条评论到统一格式
2025-04-17 16:01:56,601 - scrapers.jandan_scraper - INFO - 共转换 0 条评论为统一格式
2025-04-17 16:01:56,601 - scrapers.jandan_scraper - INFO - 爬取完成，共获取 0 条热评
2025-04-17 16:01:56,601 - scrapers.base_scraper - ERROR - 爬取 煎蛋网 失败
2025-04-17 16:01:56,601 - scrapers.reddit_scraper - INFO - RedditScraper初始化完成
2025-04-17 16:01:56,602 - scrapers.base_scraper - INFO - 开始爬取 Reddit
2025-04-17 16:01:56,602 - scrapers.reddit_scraper - INFO - 开始爬取Reddit r/confessions每周热门帖子
2025-04-17 16:01:59,769 - utils.http_utils - ERROR - 请求失败: https://www.reddit.com/r/confessions/top/.json?t=week&limit=10, 错误: 403 Client Error: Blocked for url: https://www.reddit.com/r/confessions/top/.json?t=week&limit=10
2025-04-17 16:01:59,769 - scrapers.reddit_scraper - ERROR - 获取API数据失败: 403 Client Error: Blocked for url: https://www.reddit.com/r/confessions/top/.json?t=week&limit=10
2025-04-17 16:01:59,770 - scrapers.base_scraper - ERROR - 爬取 Reddit 失败
2025-04-17 16:01:59,770 - scrapers.hackernews_scraper - INFO - HackerNewsScraper初始化完成
2025-04-17 16:01:59,770 - scrapers.base_scraper - INFO - 开始爬取 Hacker News
2025-04-17 16:01:59,770 - scrapers.hackernews_scraper - INFO - 开始爬取Hacker News Ask HN帖子
2025-04-17 16:01:59,770 - scrapers.hackernews_scraper - INFO - 获取Ask HN页面: https://news.ycombinator.com/ask
2025-04-17 16:02:01,114 - scrapers.hackernews_scraper - INFO - 找到 30 个帖子行
2025-04-17 16:02:01,115 - scrapers.hackernews_scraper - INFO - 成功解析故事: Ask HN: Why do people buy Nvid..., 作者=behnamoh, 点赞=4, 评论=0
2025-04-17 16:02:01,116 - scrapers.hackernews_scraper - INFO - 成功解析故事: Ask HN: I'm a Harvard research..., 作者=HarvardThrow123, 点赞=15, 评论=0
2025-04-17 16:02:01,116 - scrapers.hackernews_scraper - INFO - 成功解析故事: Ask HN: Why is there no P2P st..., 作者=memet_rush, 点赞=224, 评论=0
2025-04-17 16:02:01,117 - scrapers.hackernews_scraper - INFO - 成功解析故事: Ask HN: How do people around y..., 作者=nicbou, 点赞=2, 评论=0
2025-04-17 16:02:01,118 - scrapers.hackernews_scraper - INFO - 成功解析故事: Ask HN: What is the future of ..., 作者=farzd, 点赞=5, 评论=0
2025-04-17 16:02:01,118 - scrapers.hackernews_scraper - INFO - 成功解析故事: Ask HN: What nice, old softwar..., 作者=blenderob, 点赞=2, 评论=0
2025-04-17 16:02:01,119 - scrapers.hackernews_scraper - INFO - 成功解析故事: Ask HN: Why Don't More Product..., 作者=adangit, 点赞=3, 评论=0
2025-04-17 16:02:01,120 - scrapers.hackernews_scraper - INFO - 成功解析故事: Ask HN: How do you monetize pe..., 作者=splimeproject, 点赞=169, 评论=0
2025-04-17 16:02:01,120 - scrapers.hackernews_scraper - INFO - 成功解析故事: Ask HN: What's the Most Effect..., 作者=schappim, 点赞=19, 评论=0
2025-04-17 16:02:01,121 - scrapers.hackernews_scraper - INFO - 成功解析故事: Ask HN: How do you raise your ..., 作者=MichaelMoser123, 点赞=4, 评论=0
2025-04-17 16:02:01,122 - scrapers.hackernews_scraper - INFO - 成功解析故事: Ask HN: What is the best font ..., 作者=duxup, 点赞=13, 评论=0
2025-04-17 16:02:01,122 - scrapers.hackernews_scraper - INFO - 成功解析故事: Ask HN: How can sending emails..., 作者=rrr_oh_man, 点赞=5, 评论=0
2025-04-17 16:02:01,123 - scrapers.hackernews_scraper - INFO - 成功解析故事: Ask HN: Magic links are bad UX..., 作者=figassis, 点赞=47, 评论=0
2025-04-17 16:02:01,123 - scrapers.hackernews_scraper - INFO - 成功解析故事: Ask HN: Has anyone quit their ..., 作者=stuck12345, 点赞=77, 评论=0
2025-04-17 16:02:01,124 - scrapers.hackernews_scraper - INFO - 成功解析故事: Ask HN: Why don't we have a fu..., 作者=codingmoh, 点赞=21, 评论=0
2025-04-17 16:02:01,124 - scrapers.hackernews_scraper - INFO - 成功解析 15 个Ask HN故事
2025-04-17 16:02:01,124 - scrapers.hackernews_scraper - INFO - 开始转换 15 个故事到统一格式
2025-04-17 16:02:01,124 - scrapers.hackernews_scraper - INFO - 转换第 1/15 个故事: Ask HN: Why do people buy Nvid...
2025-04-17 16:02:02,900 - scrapers.hackernews_scraper - INFO - 找到 4 条评论
2025-04-17 16:02:02,903 - scrapers.hackernews_scraper - INFO - 故事 Ask HN: Why do people buy Nvid... 转换完成，包含 4 条评论
2025-04-17 16:02:02,903 - scrapers.hackernews_scraper - INFO - 转换第 2/15 个故事: Ask HN: I'm a Harvard research...
2025-04-17 16:02:04,161 - scrapers.hackernews_scraper - INFO - 找到 10 条评论
2025-04-17 16:02:04,168 - scrapers.hackernews_scraper - INFO - 故事 Ask HN: I'm a Harvard research... 转换完成，包含 10 条评论
2025-04-17 16:02:04,169 - scrapers.hackernews_scraper - INFO - 转换第 3/15 个故事: Ask HN: Why is there no P2P st...
2025-04-17 16:02:07,051 - scrapers.hackernews_scraper - INFO - 找到 218 条评论
2025-04-17 16:02:08,023 - scrapers.hackernews_scraper - INFO - 故事 Ask HN: Why is there no P2P st... 转换完成，包含 100 条评论
2025-04-17 16:02:08,023 - scrapers.hackernews_scraper - INFO - 转换第 4/15 个故事: Ask HN: How do people around y...
2025-04-17 16:02:10,149 - scrapers.hackernews_scraper - INFO - 找到 7 条评论
2025-04-17 16:02:10,154 - scrapers.hackernews_scraper - INFO - 故事 Ask HN: How do people around y... 转换完成，包含 7 条评论
2025-04-17 16:02:10,154 - scrapers.hackernews_scraper - INFO - 转换第 5/15 个故事: Ask HN: What is the future of ...
2025-04-17 16:02:12,663 - scrapers.hackernews_scraper - INFO - 找到 5 条评论
2025-04-17 16:02:12,667 - scrapers.hackernews_scraper - INFO - 故事 Ask HN: What is the future of ... 转换完成，包含 5 条评论
2025-04-17 16:02:12,667 - scrapers.hackernews_scraper - INFO - 转换第 6/15 个故事: Ask HN: What nice, old softwar...
2025-04-17 16:02:15,714 - scrapers.hackernews_scraper - INFO - 找到 2 条评论
2025-04-17 16:02:15,715 - scrapers.hackernews_scraper - INFO - 故事 Ask HN: What nice, old softwar... 转换完成，包含 2 条评论
2025-04-17 16:02:15,715 - scrapers.hackernews_scraper - INFO - 转换第 7/15 个故事: Ask HN: Why Don't More Product...
2025-04-17 16:02:17,357 - scrapers.hackernews_scraper - INFO - 找到 3 条评论
2025-04-17 16:02:17,359 - scrapers.hackernews_scraper - INFO - 故事 Ask HN: Why Don't More Product... 转换完成，包含 3 条评论
2025-04-17 16:02:17,359 - scrapers.hackernews_scraper - INFO - 转换第 8/15 个故事: Ask HN: How do you monetize pe...
2025-04-17 16:02:19,712 - scrapers.hackernews_scraper - INFO - 找到 68 条评论
2025-04-17 16:02:19,832 - scrapers.hackernews_scraper - INFO - 故事 Ask HN: How do you monetize pe... 转换完成，包含 68 条评论
2025-04-17 16:02:19,833 - scrapers.hackernews_scraper - INFO - 转换第 9/15 个故事: Ask HN: What's the Most Effect...
2025-04-17 16:02:21,829 - scrapers.hackernews_scraper - INFO - 找到 21 条评论
2025-04-17 16:02:21,848 - scrapers.hackernews_scraper - INFO - 故事 Ask HN: What's the Most Effect... 转换完成，包含 21 条评论
2025-04-17 16:02:21,848 - scrapers.hackernews_scraper - INFO - 转换第 10/15 个故事: Ask HN: How do you raise your ...
2025-04-17 16:02:24,751 - scrapers.hackernews_scraper - INFO - 找到 22 条评论
2025-04-17 16:02:24,771 - scrapers.hackernews_scraper - INFO - 故事 Ask HN: How do you raise your ... 转换完成，包含 22 条评论
2025-04-17 16:02:24,772 - scrapers.hackernews_scraper - INFO - 转换第 11/15 个故事: Ask HN: What is the best font ...
2025-04-17 16:02:27,613 - scrapers.hackernews_scraper - INFO - 找到 9 条评论
2025-04-17 16:02:27,620 - scrapers.hackernews_scraper - INFO - 故事 Ask HN: What is the best font ... 转换完成，包含 9 条评论
2025-04-17 16:02:27,620 - scrapers.hackernews_scraper - INFO - 转换第 12/15 个故事: Ask HN: How can sending emails...
2025-04-17 16:02:28,688 - scrapers.hackernews_scraper - INFO - 找到 7 条评论
2025-04-17 16:02:28,693 - scrapers.hackernews_scraper - INFO - 故事 Ask HN: How can sending emails... 转换完成，包含 7 条评论
2025-04-17 16:02:28,693 - scrapers.hackernews_scraper - INFO - 转换第 13/15 个故事: Ask HN: Magic links are bad UX...
2025-04-17 16:02:31,834 - scrapers.hackernews_scraper - INFO - 找到 37 条评论
2025-04-17 16:02:31,878 - scrapers.hackernews_scraper - INFO - 故事 Ask HN: Magic links are bad UX... 转换完成，包含 37 条评论
2025-04-17 16:02:31,878 - scrapers.hackernews_scraper - INFO - 转换第 14/15 个故事: Ask HN: Has anyone quit their ...
2025-04-17 16:02:34,776 - scrapers.hackernews_scraper - INFO - 找到 74 条评论
2025-04-17 16:02:34,912 - scrapers.hackernews_scraper - INFO - 故事 Ask HN: Has anyone quit their ... 转换完成，包含 74 条评论
2025-04-17 16:02:34,912 - scrapers.hackernews_scraper - INFO - 转换第 15/15 个故事: Ask HN: Why don't we have a fu...
2025-04-17 16:02:37,430 - scrapers.hackernews_scraper - INFO - 找到 21 条评论
2025-04-17 16:02:37,450 - scrapers.hackernews_scraper - INFO - 故事 Ask HN: Why don't we have a fu... 转换完成，包含 21 条评论
2025-04-17 16:02:37,450 - scrapers.hackernews_scraper - INFO - 共转换 15 个故事为统一格式
2025-04-17 16:02:37,450 - scrapers.hackernews_scraper - INFO - 爬取完成，共获取 15 个Ask HN故事
2025-04-17 16:02:37,711 - utils.storage_utils - INFO - 已更新源索引: hackernews
2025-04-17 16:02:37,714 - utils.storage_utils - INFO - 数据已保存到 data/hackernews/week_2025-04-14.json
2025-04-17 16:02:37,715 - scrapers.base_scraper - INFO - 数据已保存到 data/hackernews/week_2025-04-14.json
2025-04-17 16:02:37,715 - scrapers.base_scraper - INFO - 成功爬取 Hacker News 的数据
2025-04-17 16:02:37,715 - __main__ - INFO - 完成: 1/3 个爬虫成功运行
2025-04-17 16:02:37,967 - __main__ - INFO - 归档所有源的旧数据
2025-04-17 16:02:37,967 - __main__ - INFO - 源 jandan 归档 无需归档
2025-04-17 16:02:37,968 - __main__ - INFO - 源 reddit 归档 无需归档
2025-04-17 16:02:37,968 - __main__ - INFO - 源 hackernews 归档 无需归档
