2025-11-16 16:02:16,182 - __main__ - INFO - 运行所有爬虫
2025-11-16 16:02:16,182 - scrapers.jandan_scraper - INFO - JandanScraper初始化完成
2025-11-16 16:02:16,183 - scrapers.base_scraper - INFO - 开始爬取 煎蛋网
2025-11-16 16:02:16,183 - scrapers.jandan_scraper - INFO - 开始爬取煎蛋热评
2025-11-16 16:02:19,642 - scrapers.jandan_scraper - INFO - 成功获取HTML内容，长度: 24786
2025-11-16 16:02:19,643 - scrapers.jandan_scraper - INFO - 调试: 手动获取评论 5877984 的吐槽数据
2025-11-16 16:02:19,643 - scrapers.jandan_scraper - INFO - 获取评论 5877984 的吐槽内容: https://jandan.net/api/tucao/list/5877984
2025-11-16 16:02:22,350 - scrapers.jandan_scraper - INFO - 评论 5877984 获取到 1 条热门吐槽, 3 条普通吐槽
2025-11-16 16:02:22,350 - scrapers.jandan_scraper - INFO - 调试: 评论 5877984 获取到 1 条热门吐槽, 3 条普通吐槽
2025-11-16 16:02:22,350 - scrapers.jandan_scraper - INFO - 开始解析页面中的评论
2025-11-16 16:02:22,350 - scrapers.jandan_scraper - INFO - 开始解析HTML内容, 长度: 24786
2025-11-16 16:02:22,358 - scrapers.jandan_scraper - INFO - 找到 0 条热门评论
2025-11-16 16:02:22,358 - scrapers.jandan_scraper - INFO - 解析完成，获取到 0 条评论
2025-11-16 16:02:22,358 - scrapers.jandan_scraper - INFO - 开始转换评论为统一格式
2025-11-16 16:02:22,358 - scrapers.jandan_scraper - INFO - 开始转换 0 条评论到统一格式
2025-11-16 16:02:22,358 - scrapers.jandan_scraper - INFO - 共转换 0 条评论为统一格式
2025-11-16 16:02:22,358 - scrapers.jandan_scraper - INFO - 爬取完成，共获取 0 条热评
2025-11-16 16:02:22,358 - scrapers.base_scraper - ERROR - 爬取 煎蛋网 失败
2025-11-16 16:02:22,358 - scrapers.reddit_scraper - INFO - RedditScraper初始化完成
2025-11-16 16:02:22,359 - scrapers.base_scraper - INFO - 开始爬取 Reddit
2025-11-16 16:02:22,359 - scrapers.reddit_scraper - INFO - 开始爬取Reddit r/confessions每周热门帖子
2025-11-16 16:02:24,893 - utils.http_utils - ERROR - 请求失败: https://www.reddit.com/r/confessions/top/.json?t=week&limit=10, 错误: 403 Client Error: Blocked for url: https://www.reddit.com/r/confessions/top/.json?t=week&limit=10
2025-11-16 16:02:24,894 - scrapers.reddit_scraper - ERROR - 获取API数据失败: 403 Client Error: Blocked for url: https://www.reddit.com/r/confessions/top/.json?t=week&limit=10
2025-11-16 16:02:24,895 - scrapers.base_scraper - ERROR - 爬取 Reddit 失败
2025-11-16 16:02:24,895 - scrapers.hackernews_scraper - INFO - HackerNewsScraper初始化完成
2025-11-16 16:02:24,895 - scrapers.base_scraper - INFO - 开始爬取 Hacker News
2025-11-16 16:02:24,895 - scrapers.hackernews_scraper - INFO - 开始爬取Hacker News Ask HN帖子
2025-11-16 16:02:24,895 - scrapers.hackernews_scraper - INFO - 获取Ask HN页面: https://news.ycombinator.com/ask
2025-11-16 16:02:27,165 - scrapers.hackernews_scraper - INFO - 找到 24 个帖子行
2025-11-16 16:02:27,167 - scrapers.hackernews_scraper - INFO - 成功解析故事: Ask HN: What Are You Working O..., 作者=david927, 点赞=461, 评论=0
2025-11-16 16:02:27,167 - scrapers.hackernews_scraper - INFO - 成功解析故事: Ask HN: How do you monitor the..., 作者=spacemnstr42069, 点赞=6, 评论=0
2025-11-16 16:02:27,168 - scrapers.hackernews_scraper - INFO - 成功解析故事: Ask HN: Where to Migrate as an..., 作者=shivajikobardan, 点赞=3, 评论=0
2025-11-16 16:02:27,168 - scrapers.hackernews_scraper - INFO - 成功解析故事: Ask HN: How to learn concurren..., 作者=shivajikobardan, 点赞=41, 评论=0
2025-11-16 16:02:27,169 - scrapers.hackernews_scraper - INFO - 成功解析故事: Ask HN: How does one stay moti..., 作者=blutoot, 点赞=85, 评论=0
2025-11-16 16:02:27,169 - scrapers.hackernews_scraper - INFO - 成功解析故事: Ask HN: How would you set up a..., 作者=evolve2k, 点赞=226, 评论=0
2025-11-16 16:02:27,170 - scrapers.hackernews_scraper - INFO - 成功解析故事: Ask HN: Is Computer Science st..., 作者=speedylight, 点赞=20, 评论=0
2025-11-16 16:02:27,170 - scrapers.hackernews_scraper - INFO - 成功解析故事: Ask HN: Anyone else hate the G..., 作者=raffraffraff, 点赞=3, 评论=0
2025-11-16 16:02:27,171 - scrapers.hackernews_scraper - INFO - 成功解析故事: Ask HN: Interviewing currently..., 作者=akudha, 点赞=5, 评论=0
2025-11-16 16:02:27,171 - scrapers.hackernews_scraper - INFO - 成功解析故事: Ask HN: Are Agents Just Hype?..., 作者=spacemnstr42069, 点赞=7, 评论=0
2025-11-16 16:02:27,172 - scrapers.hackernews_scraper - INFO - 成功解析故事: Ask HN: Could Microsoft replac..., 作者=nothrowaways, 点赞=24, 评论=0
2025-11-16 16:02:27,172 - scrapers.hackernews_scraper - INFO - 成功解析故事: Ask HN: Senior people, how did..., 作者=Seb-C, 点赞=85, 评论=0
2025-11-16 16:02:27,173 - scrapers.hackernews_scraper - INFO - 成功解析故事: Ask HN: Who is hiring? (Novemb..., 作者=whoishiring, 点赞=400, 评论=0
2025-11-16 16:02:27,173 - scrapers.hackernews_scraper - INFO - 成功解析故事: Ask HN: My family business run..., 作者=urnicus, 点赞=317, 评论=0
2025-11-16 16:02:27,173 - scrapers.hackernews_scraper - INFO - 成功解析故事: Ask HN: How common is banning ..., 作者=martypitt, 点赞=9, 评论=0
2025-11-16 16:02:27,173 - scrapers.hackernews_scraper - INFO - 成功解析 15 个Ask HN故事
2025-11-16 16:02:27,173 - scrapers.hackernews_scraper - INFO - 开始转换 15 个故事到统一格式
2025-11-16 16:02:27,174 - scrapers.hackernews_scraper - INFO - 转换第 1/15 个故事: Ask HN: What Are You Working O...
2025-11-16 16:02:33,748 - scrapers.hackernews_scraper - INFO - 找到 1349 条评论
2025-11-16 16:03:03,258 - scrapers.hackernews_scraper - INFO - 故事 Ask HN: What Are You Working O... 转换完成，包含 100 条评论
2025-11-16 16:03:03,258 - scrapers.hackernews_scraper - INFO - 转换第 2/15 个故事: Ask HN: How do you monitor the...
2025-11-16 16:03:05,383 - scrapers.hackernews_scraper - INFO - 找到 5 条评论
2025-11-16 16:03:05,385 - scrapers.hackernews_scraper - INFO - 故事 Ask HN: How do you monitor the... 转换完成，包含 5 条评论
2025-11-16 16:03:05,385 - scrapers.hackernews_scraper - INFO - 转换第 3/15 个故事: Ask HN: Where to Migrate as an...
2025-11-16 16:03:08,386 - scrapers.hackernews_scraper - INFO - 找到 1 条评论
2025-11-16 16:03:08,386 - scrapers.hackernews_scraper - INFO - 故事 Ask HN: Where to Migrate as an... 转换完成，包含 1 条评论
2025-11-16 16:03:08,386 - scrapers.hackernews_scraper - INFO - 转换第 4/15 个故事: Ask HN: How to learn concurren...
2025-11-16 16:03:11,291 - scrapers.hackernews_scraper - INFO - 找到 19 条评论
2025-11-16 16:03:11,304 - scrapers.hackernews_scraper - INFO - 故事 Ask HN: How to learn concurren... 转换完成，包含 19 条评论
2025-11-16 16:03:11,304 - scrapers.hackernews_scraper - INFO - 转换第 5/15 个故事: Ask HN: How does one stay moti...
2025-11-16 16:03:14,123 - scrapers.hackernews_scraper - INFO - 找到 107 条评论
2025-11-16 16:03:14,329 - scrapers.hackernews_scraper - INFO - 故事 Ask HN: How does one stay moti... 转换完成，包含 100 条评论
2025-11-16 16:03:14,329 - scrapers.hackernews_scraper - INFO - 转换第 6/15 个故事: Ask HN: How would you set up a...
2025-11-16 16:03:17,985 - scrapers.hackernews_scraper - INFO - 找到 299 条评论
2025-11-16 16:03:19,400 - scrapers.hackernews_scraper - INFO - 故事 Ask HN: How would you set up a... 转换完成，包含 100 条评论
2025-11-16 16:03:19,400 - scrapers.hackernews_scraper - INFO - 转换第 7/15 个故事: Ask HN: Is Computer Science st...
2025-11-16 16:03:20,756 - scrapers.hackernews_scraper - INFO - 找到 32 条评论
2025-11-16 16:03:20,783 - scrapers.hackernews_scraper - INFO - 故事 Ask HN: Is Computer Science st... 转换完成，包含 32 条评论
2025-11-16 16:03:20,783 - scrapers.hackernews_scraper - INFO - 转换第 8/15 个故事: Ask HN: Anyone else hate the G...
2025-11-16 16:03:23,350 - scrapers.hackernews_scraper - INFO - 找到 4 条评论
2025-11-16 16:03:23,352 - scrapers.hackernews_scraper - INFO - 故事 Ask HN: Anyone else hate the G... 转换完成，包含 4 条评论
2025-11-16 16:03:23,352 - scrapers.hackernews_scraper - INFO - 转换第 9/15 个故事: Ask HN: Interviewing currently...
2025-11-16 16:03:26,161 - scrapers.hackernews_scraper - INFO - 找到 1 条评论
2025-11-16 16:03:26,162 - scrapers.hackernews_scraper - INFO - 故事 Ask HN: Interviewing currently... 转换完成，包含 1 条评论
2025-11-16 16:03:26,162 - scrapers.hackernews_scraper - INFO - 转换第 10/15 个故事: Ask HN: Are Agents Just Hype?...
2025-11-16 16:03:27,475 - scrapers.hackernews_scraper - INFO - 找到 8 条评论
2025-11-16 16:03:27,479 - scrapers.hackernews_scraper - INFO - 故事 Ask HN: Are Agents Just Hype?... 转换完成，包含 8 条评论
2025-11-16 16:03:27,479 - scrapers.hackernews_scraper - INFO - 转换第 11/15 个故事: Ask HN: Could Microsoft replac...
2025-11-16 16:03:29,209 - scrapers.hackernews_scraper - INFO - 找到 38 条评论
2025-11-16 16:03:29,244 - scrapers.hackernews_scraper - INFO - 故事 Ask HN: Could Microsoft replac... 转换完成，包含 38 条评论
2025-11-16 16:03:29,245 - scrapers.hackernews_scraper - INFO - 转换第 12/15 个故事: Ask HN: Senior people, how did...
2025-11-16 16:03:30,536 - scrapers.hackernews_scraper - INFO - 找到 52 条评论
2025-11-16 16:03:30,597 - scrapers.hackernews_scraper - INFO - 故事 Ask HN: Senior people, how did... 转换完成，包含 52 条评论
2025-11-16 16:03:30,597 - scrapers.hackernews_scraper - INFO - 转换第 13/15 个故事: Ask HN: Who is hiring? (Novemb...
2025-11-16 16:03:34,268 - scrapers.hackernews_scraper - INFO - 找到 590 条评论
2025-11-16 16:03:40,436 - scrapers.hackernews_scraper - INFO - 故事 Ask HN: Who is hiring? (Novemb... 转换完成，包含 100 条评论
2025-11-16 16:03:40,436 - scrapers.hackernews_scraper - INFO - 转换第 14/15 个故事: Ask HN: My family business run...
2025-11-16 16:03:43,477 - scrapers.hackernews_scraper - INFO - 找到 309 条评论
2025-11-16 16:03:44,964 - scrapers.hackernews_scraper - INFO - 故事 Ask HN: My family business run... 转换完成，包含 100 条评论
2025-11-16 16:03:44,964 - scrapers.hackernews_scraper - INFO - 转换第 15/15 个故事: Ask HN: How common is banning ...
2025-11-16 16:03:47,073 - scrapers.hackernews_scraper - INFO - 找到 12 条评论
2025-11-16 16:03:47,080 - scrapers.hackernews_scraper - INFO - 故事 Ask HN: How common is banning ... 转换完成，包含 12 条评论
2025-11-16 16:03:47,080 - scrapers.hackernews_scraper - INFO - 共转换 15 个故事为统一格式
2025-11-16 16:03:47,080 - scrapers.hackernews_scraper - INFO - 爬取完成，共获取 15 个Ask HN故事
2025-11-16 16:03:47,860 - utils.storage_utils - INFO - 已更新源索引: hackernews
2025-11-16 16:03:47,861 - utils.storage_utils - INFO - 数据已保存到 data/hackernews/week_2025-11-10.json
2025-11-16 16:03:47,863 - scrapers.base_scraper - INFO - 数据已保存到 data/hackernews/week_2025-11-10.json
2025-11-16 16:03:47,863 - scrapers.base_scraper - INFO - 成功爬取 Hacker News 的数据
2025-11-16 16:03:47,864 - __main__ - INFO - 完成: 1/3 个爬虫成功运行
2025-11-16 16:03:48,059 - __main__ - INFO - 归档所有源的旧数据
2025-11-16 16:03:48,059 - __main__ - INFO - 源 jandan 归档 无需归档
2025-11-16 16:03:48,059 - __main__ - INFO - 源 reddit 归档 无需归档
2025-11-16 16:03:48,059 - __main__ - INFO - 源 hackernews 归档 无需归档
