2026-03-28 16:04:57,242 - __main__ - INFO - 运行所有爬虫
2026-03-28 16:04:57,242 - scrapers.jandan_scraper - INFO - JandanScraper初始化完成
2026-03-28 16:04:57,242 - scrapers.base_scraper - INFO - 开始爬取 煎蛋网
2026-03-28 16:04:57,242 - scrapers.jandan_scraper - INFO - 开始爬取煎蛋热评
2026-03-28 16:05:02,184 - scrapers.jandan_scraper - INFO - 成功获取HTML内容，长度: 27228
2026-03-28 16:05:02,184 - scrapers.jandan_scraper - INFO - 调试: 手动获取评论 5877984 的吐槽数据
2026-03-28 16:05:02,184 - scrapers.jandan_scraper - INFO - 获取评论 5877984 的吐槽内容: https://jandan.net/api/tucao/list/5877984
2026-03-28 16:05:04,657 - scrapers.jandan_scraper - INFO - 评论 5877984 获取到 1 条热门吐槽, 3 条普通吐槽
2026-03-28 16:05:04,657 - scrapers.jandan_scraper - INFO - 调试: 评论 5877984 获取到 1 条热门吐槽, 3 条普通吐槽
2026-03-28 16:05:04,657 - scrapers.jandan_scraper - INFO - 开始解析页面中的评论
2026-03-28 16:05:04,657 - scrapers.jandan_scraper - INFO - 开始解析HTML内容, 长度: 27228
2026-03-28 16:05:04,666 - scrapers.jandan_scraper - INFO - 找到 0 条热门评论
2026-03-28 16:05:04,666 - scrapers.jandan_scraper - INFO - 解析完成，获取到 0 条评论
2026-03-28 16:05:04,666 - scrapers.jandan_scraper - INFO - 开始转换评论为统一格式
2026-03-28 16:05:04,666 - scrapers.jandan_scraper - INFO - 开始转换 0 条评论到统一格式
2026-03-28 16:05:04,666 - scrapers.jandan_scraper - INFO - 共转换 0 条评论为统一格式
2026-03-28 16:05:04,666 - scrapers.jandan_scraper - INFO - 爬取完成，共获取 0 条热评
2026-03-28 16:05:04,666 - scrapers.base_scraper - ERROR - 爬取 煎蛋网 失败
2026-03-28 16:05:04,667 - scrapers.reddit_scraper - INFO - RedditScraper初始化完成
2026-03-28 16:05:04,668 - scrapers.base_scraper - INFO - 开始爬取 Reddit
2026-03-28 16:05:04,668 - scrapers.reddit_scraper - INFO - 开始爬取Reddit r/confessions每周热门帖子
2026-03-28 16:05:05,788 - utils.http_utils - ERROR - 请求失败: https://www.reddit.com/r/confessions/top/.json?t=week&limit=10, 错误: 403 Client Error: Blocked for url: https://www.reddit.com/r/confessions/top/.json?t=week&limit=10
2026-03-28 16:05:05,789 - scrapers.reddit_scraper - ERROR - 获取API数据失败: 403 Client Error: Blocked for url: https://www.reddit.com/r/confessions/top/.json?t=week&limit=10
2026-03-28 16:05:05,789 - scrapers.base_scraper - ERROR - 爬取 Reddit 失败
2026-03-28 16:05:05,789 - scrapers.hackernews_scraper - INFO - HackerNewsScraper初始化完成
2026-03-28 16:05:05,789 - scrapers.base_scraper - INFO - 开始爬取 Hacker News
2026-03-28 16:05:05,789 - scrapers.hackernews_scraper - INFO - 开始爬取Hacker News Ask HN帖子
2026-03-28 16:05:05,790 - scrapers.hackernews_scraper - INFO - 获取Ask HN页面: https://news.ycombinator.com/ask
2026-03-28 16:05:08,651 - scrapers.hackernews_scraper - INFO - 找到 24 个帖子行
2026-03-28 16:05:08,652 - scrapers.hackernews_scraper - INFO - 成功解析故事: Ask HN: Founders of estonian e..., 作者=udl, 点赞=144, 评论=0
2026-03-28 16:05:08,653 - scrapers.hackernews_scraper - INFO - 成功解析故事: Ask HN: HN now hides comments ..., 作者=nomoreaccts, 点赞=3, 评论=0
2026-03-28 16:05:08,653 - scrapers.hackernews_scraper - INFO - 成功解析故事: Ask HN: Anybody tried to cheat..., 作者=KellyCriterion, 点赞=3, 评论=0
2026-03-28 16:05:08,654 - scrapers.hackernews_scraper - INFO - 成功解析故事: Ask HN: Anyone using Meshtasti..., 作者=redgridtactical, 点赞=6, 评论=0
2026-03-28 16:05:08,655 - scrapers.hackernews_scraper - INFO - 成功解析故事: Ask HN: What do you use for no..., 作者=midnight_eclair, 点赞=3, 评论=0
2026-03-28 16:05:08,656 - scrapers.hackernews_scraper - INFO - 成功解析故事: Ask HN: How did you figure out..., 作者=icwtyjj, 点赞=17, 评论=0
2026-03-28 16:05:08,657 - scrapers.hackernews_scraper - INFO - 成功解析故事: Ask HN: How do you deal with o..., 作者=stackdestroyer, 点赞=7, 评论=0
2026-03-28 16:05:08,657 - scrapers.hackernews_scraper - INFO - 成功解析故事: Ask HN: TCP/IP Illustrated e2 ..., 作者=mayureshkathe, 点赞=3, 评论=0
2026-03-28 16:05:08,658 - scrapers.hackernews_scraper - INFO - 成功解析故事: Ask HN: Is anyone here also de..., 作者=jawerty, 点赞=31, 评论=0
2026-03-28 16:05:08,658 - scrapers.hackernews_scraper - INFO - 成功解析故事: Ask HN: Is Antigravity code se..., 作者=sankalpnarula, 点赞=6, 评论=0
2026-03-28 16:05:08,659 - scrapers.hackernews_scraper - INFO - 成功解析故事: Ask HN: Personalized mRNA canc..., 作者=imnotlost, 点赞=6, 评论=0
2026-03-28 16:05:08,659 - scrapers.hackernews_scraper - INFO - 成功解析故事: Ask HN: Is using AI tooling fo..., 作者=latand6, 点赞=9, 评论=0
2026-03-28 16:05:08,660 - scrapers.hackernews_scraper - INFO - 成功解析 12 个Ask HN故事
2026-03-28 16:05:08,660 - scrapers.hackernews_scraper - INFO - 开始转换 12 个故事到统一格式
2026-03-28 16:05:08,660 - scrapers.hackernews_scraper - INFO - 转换第 1/12 个故事: Ask HN: Founders of estonian e...
2026-03-28 16:05:10,093 - scrapers.hackernews_scraper - INFO - 找到 94 条评论
2026-03-28 16:05:10,273 - scrapers.hackernews_scraper - INFO - 故事 Ask HN: Founders of estonian e... 转换完成，包含 94 条评论
2026-03-28 16:05:10,273 - scrapers.hackernews_scraper - INFO - 转换第 2/12 个故事: Ask HN: HN now hides comments ...
2026-03-28 16:05:13,069 - scrapers.hackernews_scraper - INFO - 找到 11 条评论
2026-03-28 16:05:13,077 - scrapers.hackernews_scraper - INFO - 故事 Ask HN: HN now hides comments ... 转换完成，包含 11 条评论
2026-03-28 16:05:13,077 - scrapers.hackernews_scraper - INFO - 转换第 3/12 个故事: Ask HN: Anybody tried to cheat...
2026-03-28 16:05:15,512 - scrapers.hackernews_scraper - INFO - 找到 2 条评论
2026-03-28 16:05:15,514 - scrapers.hackernews_scraper - INFO - 故事 Ask HN: Anybody tried to cheat... 转换完成，包含 2 条评论
2026-03-28 16:05:15,514 - scrapers.hackernews_scraper - INFO - 转换第 4/12 个故事: Ask HN: Anyone using Meshtasti...
2026-03-28 16:05:18,246 - utils.http_utils - ERROR - 请求失败: https://news.ycombinator.com/item?id=47551691, 错误: 429 Client Error: Too Many Requests for url: https://news.ycombinator.com/item?id=47551691
2026-03-28 16:05:18,246 - scrapers.hackernews_scraper - ERROR - 获取故事详情失败: 47551691
2026-03-28 16:05:20,065 - utils.http_utils - ERROR - 请求失败: https://news.ycombinator.com/item?id=47551691, 错误: 429 Client Error: Too Many Requests for url: https://news.ycombinator.com/item?id=47551691
2026-03-28 16:05:20,065 - scrapers.hackernews_scraper - ERROR - 获取故事详情失败: 47551691
2026-03-28 16:05:20,065 - scrapers.hackernews_scraper - INFO - 故事 Ask HN: Anyone using Meshtasti... 转换完成，包含 0 条评论
2026-03-28 16:05:20,065 - scrapers.hackernews_scraper - INFO - 转换第 5/12 个故事: Ask HN: What do you use for no...
2026-03-28 16:05:21,396 - utils.http_utils - ERROR - 请求失败: https://news.ycombinator.com/item?id=47543324, 错误: 429 Client Error: Too Many Requests for url: https://news.ycombinator.com/item?id=47543324
2026-03-28 16:05:21,397 - scrapers.hackernews_scraper - ERROR - 获取故事详情失败: 47543324
2026-03-28 16:05:22,623 - utils.http_utils - ERROR - 请求失败: https://news.ycombinator.com/item?id=47543324, 错误: 429 Client Error: Too Many Requests for url: https://news.ycombinator.com/item?id=47543324
2026-03-28 16:05:22,623 - scrapers.hackernews_scraper - ERROR - 获取故事详情失败: 47543324
2026-03-28 16:05:22,623 - scrapers.hackernews_scraper - INFO - 故事 Ask HN: What do you use for no... 转换完成，包含 0 条评论
2026-03-28 16:05:22,623 - scrapers.hackernews_scraper - INFO - 转换第 6/12 个故事: Ask HN: How did you figure out...
2026-03-28 16:05:24,477 - scrapers.hackernews_scraper - INFO - 找到 35 条评论
2026-03-28 16:05:24,512 - scrapers.hackernews_scraper - INFO - 故事 Ask HN: How did you figure out... 转换完成，包含 35 条评论
2026-03-28 16:05:24,512 - scrapers.hackernews_scraper - INFO - 转换第 7/12 个故事: Ask HN: How do you deal with o...
2026-03-28 16:05:26,502 - scrapers.hackernews_scraper - INFO - 找到 18 条评论
2026-03-28 16:05:26,516 - scrapers.hackernews_scraper - INFO - 故事 Ask HN: How do you deal with o... 转换完成，包含 18 条评论
2026-03-28 16:05:26,516 - scrapers.hackernews_scraper - INFO - 转换第 8/12 个故事: Ask HN: TCP/IP Illustrated e2 ...
2026-03-28 16:05:29,170 - scrapers.hackernews_scraper - INFO - 找到 1 条评论
2026-03-28 16:05:29,171 - scrapers.hackernews_scraper - INFO - 故事 Ask HN: TCP/IP Illustrated e2 ... 转换完成，包含 1 条评论
2026-03-28 16:05:29,171 - scrapers.hackernews_scraper - INFO - 转换第 9/12 个故事: Ask HN: Is anyone here also de...
2026-03-28 16:05:31,258 - scrapers.hackernews_scraper - INFO - 找到 29 条评论
2026-03-28 16:05:31,285 - scrapers.hackernews_scraper - INFO - 故事 Ask HN: Is anyone here also de... 转换完成，包含 29 条评论
2026-03-28 16:05:31,285 - scrapers.hackernews_scraper - INFO - 转换第 10/12 个故事: Ask HN: Is Antigravity code se...
2026-03-28 16:05:33,443 - scrapers.hackernews_scraper - INFO - 找到 0 条评论
2026-03-28 16:05:33,443 - scrapers.hackernews_scraper - INFO - 故事 Ask HN: Is Antigravity code se... 转换完成，包含 0 条评论
2026-03-28 16:05:33,443 - scrapers.hackernews_scraper - INFO - 转换第 11/12 个故事: Ask HN: Personalized mRNA canc...
2026-03-28 16:05:35,844 - scrapers.hackernews_scraper - INFO - 找到 4 条评论
2026-03-28 16:05:35,846 - scrapers.hackernews_scraper - INFO - 故事 Ask HN: Personalized mRNA canc... 转换完成，包含 4 条评论
2026-03-28 16:05:35,846 - scrapers.hackernews_scraper - INFO - 转换第 12/12 个故事: Ask HN: Is using AI tooling fo...
2026-03-28 16:05:38,762 - utils.http_utils - ERROR - 请求失败: https://news.ycombinator.com/item?id=47495510, 错误: 429 Client Error: Too Many Requests for url: https://news.ycombinator.com/item?id=47495510
2026-03-28 16:05:38,762 - scrapers.hackernews_scraper - ERROR - 获取故事详情失败: 47495510
2026-03-28 16:05:41,710 - utils.http_utils - ERROR - 请求失败: https://news.ycombinator.com/item?id=47495510, 错误: 429 Client Error: Too Many Requests for url: https://news.ycombinator.com/item?id=47495510
2026-03-28 16:05:41,710 - scrapers.hackernews_scraper - ERROR - 获取故事详情失败: 47495510
2026-03-28 16:05:41,710 - scrapers.hackernews_scraper - INFO - 故事 Ask HN: Is using AI tooling fo... 转换完成，包含 0 条评论
2026-03-28 16:05:41,710 - scrapers.hackernews_scraper - INFO - 共转换 12 个故事为统一格式
2026-03-28 16:05:41,710 - scrapers.hackernews_scraper - INFO - 爬取完成，共获取 12 个Ask HN故事
2026-03-28 16:05:42,145 - utils.storage_utils - INFO - 已更新源索引: hackernews
2026-03-28 16:05:42,147 - utils.storage_utils - INFO - 数据已保存到 data/hackernews/week_2026-03-23.json
2026-03-28 16:05:42,148 - scrapers.base_scraper - INFO - 数据已保存到 data/hackernews/week_2026-03-23.json
2026-03-28 16:05:42,148 - scrapers.base_scraper - INFO - 成功爬取 Hacker News 的数据
2026-03-28 16:05:42,149 - __main__ - INFO - 完成: 1/3 个爬虫成功运行
2026-03-28 16:05:42,387 - __main__ - INFO - 归档所有源的旧数据
2026-03-28 16:05:42,387 - __main__ - INFO - 源 jandan 归档 无需归档
2026-03-28 16:05:42,387 - __main__ - INFO - 源 reddit 归档 无需归档
2026-03-28 16:05:42,387 - __main__ - INFO - 源 hackernews 归档 无需归档
