2026-06-11 17:10:14,918 - __main__ - INFO - 运行所有爬虫
2026-06-11 17:10:14,918 - scrapers.jandan_scraper - INFO - JandanScraper初始化完成
2026-06-11 17:10:14,918 - scrapers.base_scraper - INFO - 开始爬取 煎蛋网
2026-06-11 17:10:14,918 - scrapers.jandan_scraper - INFO - 开始爬取煎蛋热评
2026-06-11 17:10:22,346 - scrapers.jandan_scraper - INFO - 成功获取HTML内容，长度: 31050
2026-06-11 17:10:22,346 - scrapers.jandan_scraper - INFO - 调试: 手动获取评论 5877984 的吐槽数据
2026-06-11 17:10:22,346 - scrapers.jandan_scraper - INFO - 获取评论 5877984 的吐槽内容: https://jandan.net/api/tucao/list/5877984
2026-06-11 17:10:24,978 - scrapers.jandan_scraper - INFO - 评论 5877984 获取到 1 条热门吐槽, 3 条普通吐槽
2026-06-11 17:10:24,978 - scrapers.jandan_scraper - INFO - 调试: 评论 5877984 获取到 1 条热门吐槽, 3 条普通吐槽
2026-06-11 17:10:24,978 - scrapers.jandan_scraper - INFO - 开始解析页面中的评论
2026-06-11 17:10:24,978 - scrapers.jandan_scraper - INFO - 开始解析HTML内容, 长度: 31050
2026-06-11 17:10:24,987 - scrapers.jandan_scraper - INFO - 找到 0 条热门评论
2026-06-11 17:10:24,988 - scrapers.jandan_scraper - INFO - 解析完成，获取到 0 条评论
2026-06-11 17:10:24,988 - scrapers.jandan_scraper - INFO - 开始转换评论为统一格式
2026-06-11 17:10:24,988 - scrapers.jandan_scraper - INFO - 开始转换 0 条评论到统一格式
2026-06-11 17:10:24,988 - scrapers.jandan_scraper - INFO - 共转换 0 条评论为统一格式
2026-06-11 17:10:24,988 - scrapers.jandan_scraper - INFO - 爬取完成，共获取 0 条热评
2026-06-11 17:10:24,988 - scrapers.base_scraper - ERROR - 爬取 煎蛋网 失败
2026-06-11 17:10:24,989 - scrapers.reddit_scraper - INFO - RedditScraper初始化完成
2026-06-11 17:10:24,990 - scrapers.base_scraper - INFO - 开始爬取 Reddit
2026-06-11 17:10:24,990 - scrapers.reddit_scraper - INFO - 开始爬取Reddit r/confessions每周热门帖子
2026-06-11 17:10:26,757 - utils.http_utils - ERROR - 请求失败: https://www.reddit.com/r/confessions/top/.json?t=week&limit=10, 错误: 403 Client Error: Blocked for url: https://www.reddit.com/r/confessions/top/.json?t=week&limit=10
2026-06-11 17:10:26,758 - scrapers.reddit_scraper - ERROR - 获取API数据失败: 403 Client Error: Blocked for url: https://www.reddit.com/r/confessions/top/.json?t=week&limit=10
2026-06-11 17:10:26,758 - scrapers.base_scraper - ERROR - 爬取 Reddit 失败
2026-06-11 17:10:26,758 - scrapers.hackernews_scraper - INFO - HackerNewsScraper初始化完成
2026-06-11 17:10:26,758 - scrapers.base_scraper - INFO - 开始爬取 Hacker News
2026-06-11 17:10:26,758 - scrapers.hackernews_scraper - INFO - 开始爬取Hacker News Ask HN帖子
2026-06-11 17:10:26,758 - scrapers.hackernews_scraper - INFO - 获取Ask HN页面: https://news.ycombinator.com/ask
2026-06-11 17:10:28,627 - scrapers.hackernews_scraper - INFO - 找到 30 个帖子行
2026-06-11 17:10:28,628 - scrapers.hackernews_scraper - INFO - 成功解析故事: Ask HN: Favorite text heavy bl..., 作者=joshmarinacci, 点赞=39, 评论=0
2026-06-11 17:10:28,629 - scrapers.hackernews_scraper - INFO - 成功解析故事: Ask HN: How are thinking effor..., 作者=simianwords, 点赞=52, 评论=0
2026-06-11 17:10:28,630 - scrapers.hackernews_scraper - INFO - 成功解析故事: Ask HN: Are most corporate SWE..., 作者=hnthrow10282910, 点赞=234, 评论=0
2026-06-11 17:10:28,630 - scrapers.hackernews_scraper - INFO - 成功解析故事: Ask HN: How do you get into a ..., 作者=kilroy123, 点赞=33, 评论=0
2026-06-11 17:10:28,631 - scrapers.hackernews_scraper - INFO - 成功解析故事: Ask HN: Why hasn't there been ..., 作者=mdni007, 点赞=259, 评论=0
2026-06-11 17:10:28,632 - scrapers.hackernews_scraper - INFO - 成功解析故事: Ask HN: Are you still using a ..., 作者=y1n0, 点赞=165, 评论=0
2026-06-11 17:10:28,632 - scrapers.hackernews_scraper - INFO - 成功解析故事: Ask HN: What are tools you hav..., 作者=aryamaan, 点赞=431, 评论=0
2026-06-11 17:10:28,633 - scrapers.hackernews_scraper - INFO - 成功解析故事: Ask HN: Is anyone shorting the..., 作者=ggm, 点赞=13, 评论=0
2026-06-11 17:10:28,633 - scrapers.hackernews_scraper - INFO - 成功解析故事: Ask HN: Want to build somethin..., 作者=vira28, 点赞=4, 评论=0
2026-06-11 17:10:28,634 - scrapers.hackernews_scraper - INFO - 成功解析故事: Ask HN: What coding agents are..., 作者=linzhangrun, 点赞=6, 评论=0
2026-06-11 17:10:28,634 - scrapers.hackernews_scraper - INFO - 成功解析故事: Ask HN: Releasing code under A..., 作者=zionsati, 点赞=5, 评论=0
2026-06-11 17:10:28,635 - scrapers.hackernews_scraper - INFO - 成功解析故事: Ask HN: What software feels ex..., 作者=Adam-Hincu, 点赞=7, 评论=0
2026-06-11 17:10:28,635 - scrapers.hackernews_scraper - INFO - 成功解析故事: Ask HN: Would it be useful to ..., 作者=BugsJustFindMe, 点赞=9, 评论=0
2026-06-11 17:10:28,636 - scrapers.hackernews_scraper - INFO - 成功解析故事: Ask HN: How to escalate a reje..., 作者=modzu, 点赞=23, 评论=0
2026-06-11 17:10:28,636 - scrapers.hackernews_scraper - INFO - 成功解析故事: Ask HN: The next evolutionary ..., 作者=tomaytotomato, 点赞=3, 评论=0
2026-06-11 17:10:28,636 - scrapers.hackernews_scraper - INFO - 成功解析 15 个Ask HN故事
2026-06-11 17:10:28,637 - scrapers.hackernews_scraper - INFO - 开始转换 15 个故事到统一格式
2026-06-11 17:10:28,637 - scrapers.hackernews_scraper - INFO - 转换第 1/15 个故事: Ask HN: Favorite text heavy bl...
2026-06-11 17:10:29,929 - scrapers.hackernews_scraper - INFO - 找到 16 条评论
2026-06-11 17:10:29,942 - scrapers.hackernews_scraper - INFO - 故事 Ask HN: Favorite text heavy bl... 转换完成，包含 16 条评论
2026-06-11 17:10:29,942 - scrapers.hackernews_scraper - INFO - 转换第 2/15 个故事: Ask HN: How are thinking effor...
2026-06-11 17:10:31,784 - scrapers.hackernews_scraper - INFO - 找到 18 条评论
2026-06-11 17:10:31,798 - scrapers.hackernews_scraper - INFO - 故事 Ask HN: How are thinking effor... 转换完成，包含 18 条评论
2026-06-11 17:10:31,799 - scrapers.hackernews_scraper - INFO - 转换第 3/15 个故事: Ask HN: Are most corporate SWE...
2026-06-11 17:10:33,961 - scrapers.hackernews_scraper - INFO - 找到 275 条评论
2026-06-11 17:10:35,232 - scrapers.hackernews_scraper - INFO - 故事 Ask HN: Are most corporate SWE... 转换完成，包含 100 条评论
2026-06-11 17:10:35,232 - scrapers.hackernews_scraper - INFO - 转换第 4/15 个故事: Ask HN: How do you get into a ...
2026-06-11 17:10:36,427 - scrapers.hackernews_scraper - INFO - 找到 47 条评论
2026-06-11 17:10:36,481 - scrapers.hackernews_scraper - INFO - 故事 Ask HN: How do you get into a ... 转换完成，包含 47 条评论
2026-06-11 17:10:36,481 - scrapers.hackernews_scraper - INFO - 转换第 5/15 个故事: Ask HN: Why hasn't there been ...
2026-06-11 17:10:38,730 - scrapers.hackernews_scraper - INFO - 找到 233 条评论
2026-06-11 17:10:39,647 - scrapers.hackernews_scraper - INFO - 故事 Ask HN: Why hasn't there been ... 转换完成，包含 100 条评论
2026-06-11 17:10:39,647 - scrapers.hackernews_scraper - INFO - 转换第 6/15 个故事: Ask HN: Are you still using a ...
2026-06-11 17:10:41,607 - utils.http_utils - ERROR - 请求失败: https://news.ycombinator.com/item?id=48465702, 错误: 429 Client Error: Too Many Requests for url: https://news.ycombinator.com/item?id=48465702
2026-06-11 17:10:41,607 - scrapers.hackernews_scraper - ERROR - 获取故事详情失败: 48465702
2026-06-11 17:10:43,561 - utils.http_utils - ERROR - 请求失败: https://news.ycombinator.com/item?id=48465702, 错误: 429 Client Error: Too Many Requests for url: https://news.ycombinator.com/item?id=48465702
2026-06-11 17:10:43,561 - scrapers.hackernews_scraper - ERROR - 获取故事详情失败: 48465702
2026-06-11 17:10:43,561 - scrapers.hackernews_scraper - INFO - 故事 Ask HN: Are you still using a ... 转换完成，包含 0 条评论
2026-06-11 17:10:43,561 - scrapers.hackernews_scraper - INFO - 转换第 7/15 个故事: Ask HN: What are tools you hav...
2026-06-11 17:10:48,147 - scrapers.hackernews_scraper - INFO - 找到 756 条评论
2026-06-11 17:10:56,868 - scrapers.hackernews_scraper - INFO - 故事 Ask HN: What are tools you hav... 转换完成，包含 100 条评论
2026-06-11 17:10:56,868 - scrapers.hackernews_scraper - INFO - 转换第 8/15 个故事: Ask HN: Is anyone shorting the...
2026-06-11 17:10:59,005 - utils.http_utils - ERROR - 请求失败: https://news.ycombinator.com/item?id=48486763, 错误: 429 Client Error: Too Many Requests for url: https://news.ycombinator.com/item?id=48486763
2026-06-11 17:10:59,005 - scrapers.hackernews_scraper - ERROR - 获取故事详情失败: 48486763
2026-06-11 17:11:01,438 - utils.http_utils - ERROR - 请求失败: https://news.ycombinator.com/item?id=48486763, 错误: 429 Client Error: Too Many Requests for url: https://news.ycombinator.com/item?id=48486763
2026-06-11 17:11:01,438 - scrapers.hackernews_scraper - ERROR - 获取故事详情失败: 48486763
2026-06-11 17:11:01,438 - scrapers.hackernews_scraper - INFO - 故事 Ask HN: Is anyone shorting the... 转换完成，包含 0 条评论
2026-06-11 17:11:01,438 - scrapers.hackernews_scraper - INFO - 转换第 9/15 个故事: Ask HN: Want to build somethin...
2026-06-11 17:11:03,159 - utils.http_utils - ERROR - 请求失败: https://news.ycombinator.com/item?id=48486932, 错误: 429 Client Error: Too Many Requests for url: https://news.ycombinator.com/item?id=48486932
2026-06-11 17:11:03,159 - scrapers.hackernews_scraper - ERROR - 获取故事详情失败: 48486932
2026-06-11 17:11:05,959 - utils.http_utils - ERROR - 请求失败: https://news.ycombinator.com/item?id=48486932, 错误: 429 Client Error: Too Many Requests for url: https://news.ycombinator.com/item?id=48486932
2026-06-11 17:11:05,959 - scrapers.hackernews_scraper - ERROR - 获取故事详情失败: 48486932
2026-06-11 17:11:05,959 - scrapers.hackernews_scraper - INFO - 故事 Ask HN: Want to build somethin... 转换完成，包含 0 条评论
2026-06-11 17:11:05,959 - scrapers.hackernews_scraper - INFO - 转换第 10/15 个故事: Ask HN: What coding agents are...
2026-06-11 17:11:07,840 - utils.http_utils - ERROR - 请求失败: https://news.ycombinator.com/item?id=48485669, 错误: 429 Client Error: Too Many Requests for url: https://news.ycombinator.com/item?id=48485669
2026-06-11 17:11:07,840 - scrapers.hackernews_scraper - ERROR - 获取故事详情失败: 48485669
2026-06-11 17:11:10,384 - utils.http_utils - ERROR - 请求失败: https://news.ycombinator.com/item?id=48485669, 错误: 429 Client Error: Too Many Requests for url: https://news.ycombinator.com/item?id=48485669
2026-06-11 17:11:10,384 - scrapers.hackernews_scraper - ERROR - 获取故事详情失败: 48485669
2026-06-11 17:11:10,384 - scrapers.hackernews_scraper - INFO - 故事 Ask HN: What coding agents are... 转换完成，包含 0 条评论
2026-06-11 17:11:10,384 - scrapers.hackernews_scraper - INFO - 转换第 11/15 个故事: Ask HN: Releasing code under A...
2026-06-11 17:11:13,391 - utils.http_utils - ERROR - 请求失败: https://news.ycombinator.com/item?id=48485069, 错误: 429 Client Error: Too Many Requests for url: https://news.ycombinator.com/item?id=48485069
2026-06-11 17:11:13,391 - scrapers.hackernews_scraper - ERROR - 获取故事详情失败: 48485069
2026-06-11 17:11:14,636 - utils.http_utils - ERROR - 请求失败: https://news.ycombinator.com/item?id=48485069, 错误: 429 Client Error: Too Many Requests for url: https://news.ycombinator.com/item?id=48485069
2026-06-11 17:11:14,636 - scrapers.hackernews_scraper - ERROR - 获取故事详情失败: 48485069
2026-06-11 17:11:14,636 - scrapers.hackernews_scraper - INFO - 故事 Ask HN: Releasing code under A... 转换完成，包含 0 条评论
2026-06-11 17:11:14,636 - scrapers.hackernews_scraper - INFO - 转换第 12/15 个故事: Ask HN: What software feels ex...
2026-06-11 17:11:17,378 - scrapers.hackernews_scraper - INFO - 找到 15 条评论
2026-06-11 17:11:17,388 - scrapers.hackernews_scraper - INFO - 故事 Ask HN: What software feels ex... 转换完成，包含 15 条评论
2026-06-11 17:11:17,388 - scrapers.hackernews_scraper - INFO - 转换第 13/15 个故事: Ask HN: Would it be useful to ...
2026-06-11 17:11:19,255 - utils.http_utils - ERROR - 请求失败: https://news.ycombinator.com/item?id=48481947, 错误: 429 Client Error: Too Many Requests for url: https://news.ycombinator.com/item?id=48481947
2026-06-11 17:11:19,255 - scrapers.hackernews_scraper - ERROR - 获取故事详情失败: 48481947
2026-06-11 17:11:22,284 - utils.http_utils - ERROR - 请求失败: https://news.ycombinator.com/item?id=48481947, 错误: 429 Client Error: Too Many Requests for url: https://news.ycombinator.com/item?id=48481947
2026-06-11 17:11:22,285 - scrapers.hackernews_scraper - ERROR - 获取故事详情失败: 48481947
2026-06-11 17:11:22,285 - scrapers.hackernews_scraper - INFO - 故事 Ask HN: Would it be useful to ... 转换完成，包含 0 条评论
2026-06-11 17:11:22,285 - scrapers.hackernews_scraper - INFO - 转换第 14/15 个故事: Ask HN: How to escalate a reje...
2026-06-11 17:11:24,150 - utils.http_utils - ERROR - 请求失败: https://news.ycombinator.com/item?id=48447980, 错误: 429 Client Error: Too Many Requests for url: https://news.ycombinator.com/item?id=48447980
2026-06-11 17:11:24,150 - scrapers.hackernews_scraper - ERROR - 获取故事详情失败: 48447980
2026-06-11 17:11:27,099 - utils.http_utils - ERROR - 请求失败: https://news.ycombinator.com/item?id=48447980, 错误: 429 Client Error: Too Many Requests for url: https://news.ycombinator.com/item?id=48447980
2026-06-11 17:11:27,099 - scrapers.hackernews_scraper - ERROR - 获取故事详情失败: 48447980
2026-06-11 17:11:27,099 - scrapers.hackernews_scraper - INFO - 故事 Ask HN: How to escalate a reje... 转换完成，包含 0 条评论
2026-06-11 17:11:27,099 - scrapers.hackernews_scraper - INFO - 转换第 15/15 个故事: Ask HN: The next evolutionary ...
2026-06-11 17:11:29,151 - scrapers.hackernews_scraper - INFO - 找到 2 条评论
2026-06-11 17:11:29,152 - scrapers.hackernews_scraper - INFO - 故事 Ask HN: The next evolutionary ... 转换完成，包含 2 条评论
2026-06-11 17:11:29,152 - scrapers.hackernews_scraper - INFO - 共转换 15 个故事为统一格式
2026-06-11 17:11:29,152 - scrapers.hackernews_scraper - INFO - 爬取完成，共获取 15 个Ask HN故事
2026-06-11 17:11:29,541 - utils.storage_utils - INFO - 已更新源索引: hackernews
2026-06-11 17:11:29,542 - utils.storage_utils - INFO - 数据已保存到 data/hackernews/week_2026-06-08.json
2026-06-11 17:11:29,543 - scrapers.base_scraper - INFO - 数据已保存到 data/hackernews/week_2026-06-08.json
2026-06-11 17:11:29,543 - scrapers.base_scraper - INFO - 成功爬取 Hacker News 的数据
2026-06-11 17:11:29,544 - __main__ - INFO - 完成: 1/3 个爬虫成功运行
2026-06-11 17:11:29,758 - __main__ - INFO - 归档所有源的旧数据
2026-06-11 17:11:29,759 - __main__ - INFO - 源 jandan 归档 无需归档
2026-06-11 17:11:29,759 - __main__ - INFO - 源 reddit 归档 无需归档
2026-06-11 17:11:29,759 - __main__ - INFO - 源 hackernews 归档 无需归档
