2025-05-02 16:01:43,022 - __main__ - INFO - 运行所有爬虫
2025-05-02 16:01:43,022 - scrapers.jandan_scraper - INFO - JandanScraper初始化完成
2025-05-02 16:01:43,022 - scrapers.base_scraper - INFO - 开始爬取 煎蛋网
2025-05-02 16:01:43,023 - scrapers.jandan_scraper - INFO - 开始爬取煎蛋热评
2025-05-02 16:01:46,085 - scrapers.jandan_scraper - INFO - 成功获取HTML内容，长度: 25423
2025-05-02 16:01:46,085 - scrapers.jandan_scraper - INFO - 调试: 手动获取评论 5877984 的吐槽数据
2025-05-02 16:01:46,085 - scrapers.jandan_scraper - INFO - 获取评论 5877984 的吐槽内容: https://jandan.net/api/tucao/list/5877984
2025-05-02 16:01:49,944 - scrapers.jandan_scraper - INFO - 评论 5877984 获取到 1 条热门吐槽, 3 条普通吐槽
2025-05-02 16:01:49,944 - scrapers.jandan_scraper - INFO - 调试: 评论 5877984 获取到 1 条热门吐槽, 3 条普通吐槽
2025-05-02 16:01:49,944 - scrapers.jandan_scraper - INFO - 开始解析页面中的评论
2025-05-02 16:01:49,945 - scrapers.jandan_scraper - INFO - 开始解析HTML内容, 长度: 25423
2025-05-02 16:01:49,953 - scrapers.jandan_scraper - INFO - 找到 0 条热门评论
2025-05-02 16:01:49,953 - scrapers.jandan_scraper - INFO - 解析完成，获取到 0 条评论
2025-05-02 16:01:49,953 - scrapers.jandan_scraper - INFO - 开始转换评论为统一格式
2025-05-02 16:01:49,953 - scrapers.jandan_scraper - INFO - 开始转换 0 条评论到统一格式
2025-05-02 16:01:49,953 - scrapers.jandan_scraper - INFO - 共转换 0 条评论为统一格式
2025-05-02 16:01:49,953 - scrapers.jandan_scraper - INFO - 爬取完成，共获取 0 条热评
2025-05-02 16:01:49,953 - scrapers.base_scraper - ERROR - 爬取 煎蛋网 失败
2025-05-02 16:01:49,954 - scrapers.reddit_scraper - INFO - RedditScraper初始化完成
2025-05-02 16:01:49,955 - scrapers.base_scraper - INFO - 开始爬取 Reddit
2025-05-02 16:01:49,955 - scrapers.reddit_scraper - INFO - 开始爬取Reddit r/confessions每周热门帖子
2025-05-02 16:01:52,083 - utils.http_utils - ERROR - 请求失败: https://www.reddit.com/r/confessions/top/.json?t=week&limit=10, 错误: 403 Client Error: Blocked for url: https://www.reddit.com/r/confessions/top/.json?t=week&limit=10
2025-05-02 16:01:52,083 - scrapers.reddit_scraper - ERROR - 获取API数据失败: 403 Client Error: Blocked for url: https://www.reddit.com/r/confessions/top/.json?t=week&limit=10
2025-05-02 16:01:52,083 - scrapers.base_scraper - ERROR - 爬取 Reddit 失败
2025-05-02 16:01:52,084 - scrapers.hackernews_scraper - INFO - HackerNewsScraper初始化完成
2025-05-02 16:01:52,084 - scrapers.base_scraper - INFO - 开始爬取 Hacker News
2025-05-02 16:01:52,084 - scrapers.hackernews_scraper - INFO - 开始爬取Hacker News Ask HN帖子
2025-05-02 16:01:52,084 - scrapers.hackernews_scraper - INFO - 获取Ask HN页面: https://news.ycombinator.com/ask
2025-05-02 16:01:54,519 - scrapers.hackernews_scraper - INFO - 找到 30 个帖子行
2025-05-02 16:01:54,520 - scrapers.hackernews_scraper - INFO - 成功解析故事: Ask HN: Who is hiring? (May 20..., 作者=whoishiring, 点赞=217, 评论=0
2025-05-02 16:01:54,520 - scrapers.hackernews_scraper - INFO - 成功解析故事: Ask HN: Who wants to be hired?..., 作者=whoishiring, 点赞=103, 评论=0
2025-05-02 16:01:54,521 - scrapers.hackernews_scraper - INFO - 成功解析故事: Ask HN: What are you working o..., 作者=david927, 点赞=401, 评论=0
2025-05-02 16:01:54,522 - scrapers.hackernews_scraper - INFO - 成功解析故事: Ask HN: 3rd Week at FAANG and ..., 作者=HowDoesSound, 点赞=39, 评论=0
2025-05-02 16:01:54,523 - scrapers.hackernews_scraper - INFO - 成功解析故事: Ask HN: What's a good system t..., 作者=dottjt, 点赞=3, 评论=0
2025-05-02 16:01:54,523 - scrapers.hackernews_scraper - INFO - 成功解析故事: Ask HN: Share your AI prompt t..., 作者=owendarko, 点赞=440, 评论=0
2025-05-02 16:01:54,524 - scrapers.hackernews_scraper - INFO - 成功解析故事: Ask HN: Memory-safe low level ..., 作者=hyperbrainer, 点赞=53, 评论=0
2025-05-02 16:01:54,524 - scrapers.hackernews_scraper - INFO - 成功解析故事: Ask HN: Parents of young kids:..., 作者=recursiverogue, 点赞=7, 评论=0
2025-05-02 16:01:54,525 - scrapers.hackernews_scraper - INFO - 成功解析故事: Ask HN: Email Client..., 作者=gabeyaw, 点赞=4, 评论=0
2025-05-02 16:01:54,525 - scrapers.hackernews_scraper - INFO - 成功解析故事: Ask HN: Are there any apps to ..., 作者=cantrobot, 点赞=23, 评论=0
2025-05-02 16:01:54,526 - scrapers.hackernews_scraper - INFO - 成功解析故事: Ask HN: CS degrees, do they ma..., 作者=platevoltage, 点赞=85, 评论=0
2025-05-02 16:01:54,526 - scrapers.hackernews_scraper - INFO - 成功解析故事: Ask HN: Sold my company, paren..., 作者=throwaway84321, 点赞=18, 评论=0
2025-05-02 16:01:54,527 - scrapers.hackernews_scraper - INFO - 成功解析故事: Ask HN: What are your favourit..., 作者=cookie_monsta, 点赞=11, 评论=0
2025-05-02 16:01:54,527 - scrapers.hackernews_scraper - INFO - 成功解析故事: Ask HN: What Is the Hacker New..., 作者=reinaldnaufal, 点赞=7, 评论=0
2025-05-02 16:01:54,528 - scrapers.hackernews_scraper - INFO - 成功解析故事: Ask HN: What benchmarks are yo..., 作者=cowpig, 点赞=4, 评论=0
2025-05-02 16:01:54,528 - scrapers.hackernews_scraper - INFO - 成功解析 15 个Ask HN故事
2025-05-02 16:01:54,528 - scrapers.hackernews_scraper - INFO - 开始转换 15 个故事到统一格式
2025-05-02 16:01:54,528 - scrapers.hackernews_scraper - INFO - 转换第 1/15 个故事: Ask HN: Who is hiring? (May 20...
2025-05-02 16:01:56,825 - scrapers.hackernews_scraper - INFO - 找到 243 条评论
2025-05-02 16:01:58,146 - scrapers.hackernews_scraper - INFO - 故事 Ask HN: Who is hiring? (May 20... 转换完成，包含 100 条评论
2025-05-02 16:01:58,146 - scrapers.hackernews_scraper - INFO - 转换第 2/15 个故事: Ask HN: Who wants to be hired?...
2025-05-02 16:02:01,144 - scrapers.hackernews_scraper - INFO - 找到 245 条评论
2025-05-02 16:02:02,489 - scrapers.hackernews_scraper - INFO - 故事 Ask HN: Who wants to be hired?... 转换完成，包含 100 条评论
2025-05-02 16:02:02,490 - scrapers.hackernews_scraper - INFO - 转换第 3/15 个故事: Ask HN: What are you working o...
2025-05-02 16:02:09,522 - scrapers.hackernews_scraper - INFO - 找到 1181 条评论
2025-05-02 16:02:35,177 - scrapers.hackernews_scraper - INFO - 故事 Ask HN: What are you working o... 转换完成，包含 100 条评论
2025-05-02 16:02:35,177 - scrapers.hackernews_scraper - INFO - 转换第 4/15 个故事: Ask HN: 3rd Week at FAANG and ...
2025-05-02 16:02:38,143 - scrapers.hackernews_scraper - INFO - 找到 35 条评论
2025-05-02 16:02:38,185 - scrapers.hackernews_scraper - INFO - 故事 Ask HN: 3rd Week at FAANG and ... 转换完成，包含 35 条评论
2025-05-02 16:02:38,185 - scrapers.hackernews_scraper - INFO - 转换第 5/15 个故事: Ask HN: What's a good system t...
2025-05-02 16:02:40,004 - scrapers.hackernews_scraper - INFO - 找到 18 条评论
2025-05-02 16:02:40,019 - scrapers.hackernews_scraper - INFO - 故事 Ask HN: What's a good system t... 转换完成，包含 18 条评论
2025-05-02 16:02:40,019 - scrapers.hackernews_scraper - INFO - 转换第 6/15 个故事: Ask HN: Share your AI prompt t...
2025-05-02 16:02:44,854 - scrapers.hackernews_scraper - INFO - 找到 632 条评论
2025-05-02 16:02:52,212 - scrapers.hackernews_scraper - INFO - 故事 Ask HN: Share your AI prompt t... 转换完成，包含 100 条评论
2025-05-02 16:02:52,212 - scrapers.hackernews_scraper - INFO - 转换第 7/15 个故事: Ask HN: Memory-safe low level ...
2025-05-02 16:02:53,901 - scrapers.hackernews_scraper - INFO - 找到 112 条评论
2025-05-02 16:02:54,180 - scrapers.hackernews_scraper - INFO - 故事 Ask HN: Memory-safe low level ... 转换完成，包含 100 条评论
2025-05-02 16:02:54,180 - scrapers.hackernews_scraper - INFO - 转换第 8/15 个故事: Ask HN: Parents of young kids:...
2025-05-02 16:02:56,532 - scrapers.hackernews_scraper - INFO - 找到 25 条评论
2025-05-02 16:02:56,556 - scrapers.hackernews_scraper - INFO - 故事 Ask HN: Parents of young kids:... 转换完成，包含 25 条评论
2025-05-02 16:02:56,556 - scrapers.hackernews_scraper - INFO - 转换第 9/15 个故事: Ask HN: Email Client...
2025-05-02 16:02:59,545 - scrapers.hackernews_scraper - INFO - 找到 16 条评论
2025-05-02 16:02:59,557 - scrapers.hackernews_scraper - INFO - 故事 Ask HN: Email Client... 转换完成，包含 16 条评论
2025-05-02 16:02:59,557 - scrapers.hackernews_scraper - INFO - 转换第 10/15 个故事: Ask HN: Are there any apps to ...
2025-05-02 16:03:00,766 - scrapers.hackernews_scraper - INFO - 找到 14 条评论
2025-05-02 16:03:00,777 - scrapers.hackernews_scraper - INFO - 故事 Ask HN: Are there any apps to ... 转换完成，包含 14 条评论
2025-05-02 16:03:00,777 - scrapers.hackernews_scraper - INFO - 转换第 11/15 个故事: Ask HN: CS degrees, do they ma...
2025-05-02 16:03:04,611 - scrapers.hackernews_scraper - INFO - 找到 230 条评论
2025-05-02 16:03:05,608 - scrapers.hackernews_scraper - INFO - 故事 Ask HN: CS degrees, do they ma... 转换完成，包含 100 条评论
2025-05-02 16:03:05,609 - scrapers.hackernews_scraper - INFO - 转换第 12/15 个故事: Ask HN: Sold my company, paren...
2025-05-02 16:03:06,778 - scrapers.hackernews_scraper - INFO - 找到 15 条评论
2025-05-02 16:03:06,789 - scrapers.hackernews_scraper - INFO - 故事 Ask HN: Sold my company, paren... 转换完成，包含 15 条评论
2025-05-02 16:03:06,789 - scrapers.hackernews_scraper - INFO - 转换第 13/15 个故事: Ask HN: What are your favourit...
2025-05-02 16:03:09,736 - scrapers.hackernews_scraper - INFO - 找到 15 条评论
2025-05-02 16:03:09,748 - scrapers.hackernews_scraper - INFO - 故事 Ask HN: What are your favourit... 转换完成，包含 15 条评论
2025-05-02 16:03:09,748 - scrapers.hackernews_scraper - INFO - 转换第 14/15 个故事: Ask HN: What Is the Hacker New...
2025-05-02 16:03:11,255 - scrapers.hackernews_scraper - INFO - 找到 7 条评论
2025-05-02 16:03:11,260 - scrapers.hackernews_scraper - INFO - 故事 Ask HN: What Is the Hacker New... 转换完成，包含 7 条评论
2025-05-02 16:03:11,260 - scrapers.hackernews_scraper - INFO - 转换第 15/15 个故事: Ask HN: What benchmarks are yo...
2025-05-02 16:03:13,211 - scrapers.hackernews_scraper - INFO - 找到 2 条评论
2025-05-02 16:03:13,212 - scrapers.hackernews_scraper - INFO - 故事 Ask HN: What benchmarks are yo... 转换完成，包含 2 条评论
2025-05-02 16:03:13,212 - scrapers.hackernews_scraper - INFO - 共转换 15 个故事为统一格式
2025-05-02 16:03:13,212 - scrapers.hackernews_scraper - INFO - 爬取完成，共获取 15 个Ask HN故事
2025-05-02 16:03:13,584 - utils.storage_utils - INFO - 已更新源索引: hackernews
2025-05-02 16:03:13,586 - utils.storage_utils - INFO - 数据已保存到 data/hackernews/week_2025-04-28.json
2025-05-02 16:03:13,588 - scrapers.base_scraper - INFO - 数据已保存到 data/hackernews/week_2025-04-28.json
2025-05-02 16:03:13,588 - scrapers.base_scraper - INFO - 成功爬取 Hacker News 的数据
2025-05-02 16:03:13,588 - __main__ - INFO - 完成: 1/3 个爬虫成功运行
2025-05-02 16:03:13,841 - __main__ - INFO - 归档所有源的旧数据
2025-05-02 16:03:13,842 - __main__ - INFO - 源 jandan 归档 无需归档
2025-05-02 16:03:13,842 - __main__ - INFO - 源 reddit 归档 无需归档
2025-05-02 16:03:13,842 - __main__ - INFO - 源 hackernews 归档 无需归档
