2025-10-09 16:02:19,501 - __main__ - INFO - 运行所有爬虫
2025-10-09 16:02:19,502 - scrapers.jandan_scraper - INFO - JandanScraper初始化完成
2025-10-09 16:02:19,502 - scrapers.base_scraper - INFO - 开始爬取 煎蛋网
2025-10-09 16:02:19,502 - scrapers.jandan_scraper - INFO - 开始爬取煎蛋热评
2025-10-09 16:02:23,891 - scrapers.jandan_scraper - INFO - 成功获取HTML内容，长度: 24786
2025-10-09 16:02:23,891 - scrapers.jandan_scraper - INFO - 调试: 手动获取评论 5877984 的吐槽数据
2025-10-09 16:02:23,891 - scrapers.jandan_scraper - INFO - 获取评论 5877984 的吐槽内容: https://jandan.net/api/tucao/list/5877984
2025-10-09 16:02:25,794 - scrapers.jandan_scraper - INFO - 评论 5877984 获取到 1 条热门吐槽, 3 条普通吐槽
2025-10-09 16:02:25,794 - scrapers.jandan_scraper - INFO - 调试: 评论 5877984 获取到 1 条热门吐槽, 3 条普通吐槽
2025-10-09 16:02:25,794 - scrapers.jandan_scraper - INFO - 开始解析页面中的评论
2025-10-09 16:02:25,795 - scrapers.jandan_scraper - INFO - 开始解析HTML内容, 长度: 24786
2025-10-09 16:02:25,803 - scrapers.jandan_scraper - INFO - 找到 0 条热门评论
2025-10-09 16:02:25,803 - scrapers.jandan_scraper - INFO - 解析完成，获取到 0 条评论
2025-10-09 16:02:25,803 - scrapers.jandan_scraper - INFO - 开始转换评论为统一格式
2025-10-09 16:02:25,803 - scrapers.jandan_scraper - INFO - 开始转换 0 条评论到统一格式
2025-10-09 16:02:25,803 - scrapers.jandan_scraper - INFO - 共转换 0 条评论为统一格式
2025-10-09 16:02:25,803 - scrapers.jandan_scraper - INFO - 爬取完成，共获取 0 条热评
2025-10-09 16:02:25,803 - scrapers.base_scraper - ERROR - 爬取 煎蛋网 失败
2025-10-09 16:02:25,804 - scrapers.reddit_scraper - INFO - RedditScraper初始化完成
2025-10-09 16:02:25,805 - scrapers.base_scraper - INFO - 开始爬取 Reddit
2025-10-09 16:02:25,805 - scrapers.reddit_scraper - INFO - 开始爬取Reddit r/confessions每周热门帖子
2025-10-09 16:02:27,811 - utils.http_utils - ERROR - 请求失败: https://www.reddit.com/r/confessions/top/.json?t=week&limit=10, 错误: 403 Client Error: Blocked for url: https://www.reddit.com/r/confessions/top/.json?t=week&limit=10
2025-10-09 16:02:27,813 - scrapers.reddit_scraper - ERROR - 获取API数据失败: 403 Client Error: Blocked for url: https://www.reddit.com/r/confessions/top/.json?t=week&limit=10
2025-10-09 16:02:27,813 - scrapers.base_scraper - ERROR - 爬取 Reddit 失败
2025-10-09 16:02:27,813 - scrapers.hackernews_scraper - INFO - HackerNewsScraper初始化完成
2025-10-09 16:02:27,814 - scrapers.base_scraper - INFO - 开始爬取 Hacker News
2025-10-09 16:02:27,814 - scrapers.hackernews_scraper - INFO - 开始爬取Hacker News Ask HN帖子
2025-10-09 16:02:27,814 - scrapers.hackernews_scraper - INFO - 获取Ask HN页面: https://news.ycombinator.com/ask
2025-10-09 16:02:29,568 - scrapers.hackernews_scraper - INFO - 找到 21 个帖子行
2025-10-09 16:02:29,569 - scrapers.hackernews_scraper - INFO - 成功解析故事: Ask HN: How to find a non-tech..., 作者=darkhorse13, 点赞=6, 评论=0
2025-10-09 16:02:29,570 - scrapers.hackernews_scraper - INFO - 成功解析故事: Ask HN: Why aren't wet labs mo..., 作者=andrewrn, 点赞=3, 评论=0
2025-10-09 16:02:29,571 - scrapers.hackernews_scraper - INFO - 成功解析故事: Ask HN: Low entry barrier hobb..., 作者=shivajikobardan, 点赞=4, 评论=0
2025-10-09 16:02:29,572 - scrapers.hackernews_scraper - INFO - 成功解析故事: Ask HN: Most effective way to ..., 作者=SeanAnderson, 点赞=8, 评论=0
2025-10-09 16:02:29,572 - scrapers.hackernews_scraper - INFO - 成功解析故事: Ask HN: What are you working o..., 作者=david927, 点赞=312, 评论=0
2025-10-09 16:02:29,573 - scrapers.hackernews_scraper - INFO - 成功解析故事: Ask HN: What's your experience..., 作者=mpetyak, 点赞=83, 评论=0
2025-10-09 16:02:29,573 - scrapers.hackernews_scraper - INFO - 成功解析故事: Ask HN: Great Firewall in Iran..., 作者=minebreaker, 点赞=9, 评论=0
2025-10-09 16:02:29,574 - scrapers.hackernews_scraper - INFO - 成功解析故事: Ask HN: Who wants to be hired?..., 作者=whoishiring, 点赞=101, 评论=0
2025-10-09 16:02:29,575 - scrapers.hackernews_scraper - INFO - 成功解析故事: Ask HN: Any advice on pivoting..., 作者=AbstractH24, 点赞=87, 评论=0
2025-10-09 16:02:29,575 - scrapers.hackernews_scraper - INFO - 成功解析故事: Ask HN: Who is hiring? (Octobe..., 作者=whoishiring, 点赞=243, 评论=0
2025-10-09 16:02:29,576 - scrapers.hackernews_scraper - INFO - 成功解析故事: Ask HN: Do you roll your own a..., 作者=break_the_bank, 点赞=11, 评论=0
2025-10-09 16:02:29,576 - scrapers.hackernews_scraper - INFO - 成功解析故事: Ask HN: Career Burnout Looking..., 作者=ultrasounder, 点赞=20, 评论=0
2025-10-09 16:02:29,577 - scrapers.hackernews_scraper - INFO - 成功解析故事: Ask HN: Why is software qualit..., 作者=razoorka, 点赞=65, 评论=0
2025-10-09 16:02:29,578 - scrapers.hackernews_scraper - INFO - 成功解析故事: Ask HN: Why did COM/SOAP/other..., 作者=smj-edison, 点赞=26, 评论=0
2025-10-09 16:02:29,578 - scrapers.hackernews_scraper - INFO - 成功解析故事: Ask HN: What do you wish exist..., 作者=pwlm, 点赞=11, 评论=0
2025-10-09 16:02:29,578 - scrapers.hackernews_scraper - INFO - 成功解析 15 个Ask HN故事
2025-10-09 16:02:29,578 - scrapers.hackernews_scraper - INFO - 开始转换 15 个故事到统一格式
2025-10-09 16:02:29,578 - scrapers.hackernews_scraper - INFO - 转换第 1/15 个故事: Ask HN: How to find a non-tech...
2025-10-09 16:02:30,711 - scrapers.hackernews_scraper - INFO - 找到 4 条评论
2025-10-09 16:02:30,714 - scrapers.hackernews_scraper - INFO - 故事 Ask HN: How to find a non-tech... 转换完成，包含 4 条评论
2025-10-09 16:02:30,714 - scrapers.hackernews_scraper - INFO - 转换第 2/15 个故事: Ask HN: Why aren't wet labs mo...
2025-10-09 16:02:33,235 - scrapers.hackernews_scraper - INFO - 找到 3 条评论
2025-10-09 16:02:33,237 - scrapers.hackernews_scraper - INFO - 故事 Ask HN: Why aren't wet labs mo... 转换完成，包含 3 条评论
2025-10-09 16:02:33,237 - scrapers.hackernews_scraper - INFO - 转换第 3/15 个故事: Ask HN: Low entry barrier hobb...
2025-10-09 16:02:36,152 - scrapers.hackernews_scraper - INFO - 找到 7 条评论
2025-10-09 16:02:36,157 - scrapers.hackernews_scraper - INFO - 故事 Ask HN: Low entry barrier hobb... 转换完成，包含 7 条评论
2025-10-09 16:02:36,157 - scrapers.hackernews_scraper - INFO - 转换第 4/15 个故事: Ask HN: Most effective way to ...
2025-10-09 16:02:39,189 - scrapers.hackernews_scraper - INFO - 找到 22 条评论
2025-10-09 16:02:39,208 - scrapers.hackernews_scraper - INFO - 故事 Ask HN: Most effective way to ... 转换完成，包含 22 条评论
2025-10-09 16:02:39,208 - scrapers.hackernews_scraper - INFO - 转换第 5/15 个故事: Ask HN: What are you working o...
2025-10-09 16:02:45,552 - scrapers.hackernews_scraper - INFO - 找到 1008 条评论
2025-10-09 16:03:04,201 - scrapers.hackernews_scraper - INFO - 故事 Ask HN: What are you working o... 转换完成，包含 100 条评论
2025-10-09 16:03:04,201 - scrapers.hackernews_scraper - INFO - 转换第 6/15 个故事: Ask HN: What's your experience...
2025-10-09 16:03:05,932 - scrapers.hackernews_scraper - INFO - 找到 53 条评论
2025-10-09 16:03:05,998 - scrapers.hackernews_scraper - INFO - 故事 Ask HN: What's your experience... 转换完成，包含 53 条评论
2025-10-09 16:03:05,998 - scrapers.hackernews_scraper - INFO - 转换第 7/15 个故事: Ask HN: Great Firewall in Iran...
2025-10-09 16:03:07,146 - scrapers.hackernews_scraper - INFO - 找到 12 条评论
2025-10-09 16:03:07,154 - scrapers.hackernews_scraper - INFO - 故事 Ask HN: Great Firewall in Iran... 转换完成，包含 12 条评论
2025-10-09 16:03:07,154 - scrapers.hackernews_scraper - INFO - 转换第 8/15 个故事: Ask HN: Who wants to be hired?...
2025-10-09 16:03:11,139 - scrapers.hackernews_scraper - INFO - 找到 389 条评论
2025-10-09 16:03:14,011 - scrapers.hackernews_scraper - INFO - 故事 Ask HN: Who wants to be hired?... 转换完成，包含 100 条评论
2025-10-09 16:03:14,011 - scrapers.hackernews_scraper - INFO - 转换第 9/15 个故事: Ask HN: Any advice on pivoting...
2025-10-09 16:03:16,720 - scrapers.hackernews_scraper - INFO - 找到 60 条评论
2025-10-09 16:03:16,799 - scrapers.hackernews_scraper - INFO - 故事 Ask HN: Any advice on pivoting... 转换完成，包含 60 条评论
2025-10-09 16:03:16,800 - scrapers.hackernews_scraper - INFO - 转换第 10/15 个故事: Ask HN: Who is hiring? (Octobe...
2025-10-09 16:03:20,820 - scrapers.hackernews_scraper - INFO - 找到 449 条评论
2025-10-09 16:03:24,480 - scrapers.hackernews_scraper - INFO - 故事 Ask HN: Who is hiring? (Octobe... 转换完成，包含 100 条评论
2025-10-09 16:03:24,480 - scrapers.hackernews_scraper - INFO - 转换第 11/15 个故事: Ask HN: Do you roll your own a...
2025-10-09 16:03:25,863 - scrapers.hackernews_scraper - INFO - 找到 6 条评论
2025-10-09 16:03:25,867 - scrapers.hackernews_scraper - INFO - 故事 Ask HN: Do you roll your own a... 转换完成，包含 6 条评论
2025-10-09 16:03:25,867 - scrapers.hackernews_scraper - INFO - 转换第 12/15 个故事: Ask HN: Career Burnout Looking...
2025-10-09 16:03:27,437 - scrapers.hackernews_scraper - INFO - 找到 23 条评论
2025-10-09 16:03:27,455 - scrapers.hackernews_scraper - INFO - 故事 Ask HN: Career Burnout Looking... 转换完成，包含 23 条评论
2025-10-09 16:03:27,455 - scrapers.hackernews_scraper - INFO - 转换第 13/15 个故事: Ask HN: Why is software qualit...
2025-10-09 16:03:30,584 - scrapers.hackernews_scraper - INFO - 找到 100 条评论
2025-10-09 16:03:30,774 - scrapers.hackernews_scraper - INFO - 故事 Ask HN: Why is software qualit... 转换完成，包含 100 条评论
2025-10-09 16:03:30,774 - scrapers.hackernews_scraper - INFO - 转换第 14/15 个故事: Ask HN: Why did COM/SOAP/other...
2025-10-09 16:03:33,346 - scrapers.hackernews_scraper - INFO - 找到 55 条评论
2025-10-09 16:03:33,417 - scrapers.hackernews_scraper - INFO - 故事 Ask HN: Why did COM/SOAP/other... 转换完成，包含 55 条评论
2025-10-09 16:03:33,417 - scrapers.hackernews_scraper - INFO - 转换第 15/15 个故事: Ask HN: What do you wish exist...
2025-10-09 16:03:34,722 - scrapers.hackernews_scraper - INFO - 找到 11 条评论
2025-10-09 16:03:34,729 - scrapers.hackernews_scraper - INFO - 故事 Ask HN: What do you wish exist... 转换完成，包含 11 条评论
2025-10-09 16:03:34,729 - scrapers.hackernews_scraper - INFO - 共转换 15 个故事为统一格式
2025-10-09 16:03:34,729 - scrapers.hackernews_scraper - INFO - 爬取完成，共获取 15 个Ask HN故事
2025-10-09 16:03:35,315 - utils.storage_utils - INFO - 已更新源索引: hackernews
2025-10-09 16:03:35,316 - utils.storage_utils - INFO - 数据已保存到 data/hackernews/week_2025-10-06.json
2025-10-09 16:03:35,318 - scrapers.base_scraper - INFO - 数据已保存到 data/hackernews/week_2025-10-06.json
2025-10-09 16:03:35,318 - scrapers.base_scraper - INFO - 成功爬取 Hacker News 的数据
2025-10-09 16:03:35,319 - __main__ - INFO - 完成: 1/3 个爬虫成功运行
2025-10-09 16:03:35,536 - __main__ - INFO - 归档所有源的旧数据
2025-10-09 16:03:35,537 - __main__ - INFO - 源 jandan 归档 无需归档
2025-10-09 16:03:35,537 - __main__ - INFO - 源 reddit 归档 无需归档
2025-10-09 16:03:35,537 - __main__ - INFO - 源 hackernews 归档 无需归档
