2026-05-08 16:27:01,032 - __main__ - INFO - 运行所有爬虫
2026-05-08 16:27:01,032 - scrapers.jandan_scraper - INFO - JandanScraper初始化完成
2026-05-08 16:27:01,033 - scrapers.base_scraper - INFO - 开始爬取 煎蛋网
2026-05-08 16:27:01,033 - scrapers.jandan_scraper - INFO - 开始爬取煎蛋热评
2026-05-08 16:27:04,891 - scrapers.jandan_scraper - INFO - 成功获取HTML内容，长度: 27412
2026-05-08 16:27:04,891 - scrapers.jandan_scraper - INFO - 调试: 手动获取评论 5877984 的吐槽数据
2026-05-08 16:27:04,892 - scrapers.jandan_scraper - INFO - 获取评论 5877984 的吐槽内容: https://jandan.net/api/tucao/list/5877984
2026-05-08 16:27:09,087 - scrapers.jandan_scraper - INFO - 评论 5877984 获取到 1 条热门吐槽, 3 条普通吐槽
2026-05-08 16:27:09,087 - scrapers.jandan_scraper - INFO - 调试: 评论 5877984 获取到 1 条热门吐槽, 3 条普通吐槽
2026-05-08 16:27:09,087 - scrapers.jandan_scraper - INFO - 开始解析页面中的评论
2026-05-08 16:27:09,087 - scrapers.jandan_scraper - INFO - 开始解析HTML内容, 长度: 27412
2026-05-08 16:27:09,096 - scrapers.jandan_scraper - INFO - 找到 0 条热门评论
2026-05-08 16:27:09,096 - scrapers.jandan_scraper - INFO - 解析完成，获取到 0 条评论
2026-05-08 16:27:09,096 - scrapers.jandan_scraper - INFO - 开始转换评论为统一格式
2026-05-08 16:27:09,096 - scrapers.jandan_scraper - INFO - 开始转换 0 条评论到统一格式
2026-05-08 16:27:09,097 - scrapers.jandan_scraper - INFO - 共转换 0 条评论为统一格式
2026-05-08 16:27:09,097 - scrapers.jandan_scraper - INFO - 爬取完成，共获取 0 条热评
2026-05-08 16:27:09,097 - scrapers.base_scraper - ERROR - 爬取 煎蛋网 失败
2026-05-08 16:27:09,097 - scrapers.reddit_scraper - INFO - RedditScraper初始化完成
2026-05-08 16:27:09,098 - scrapers.base_scraper - INFO - 开始爬取 Reddit
2026-05-08 16:27:09,098 - scrapers.reddit_scraper - INFO - 开始爬取Reddit r/confessions每周热门帖子
2026-05-08 16:27:12,054 - utils.http_utils - ERROR - 请求失败: https://www.reddit.com/r/confessions/top/.json?t=week&limit=10, 错误: 403 Client Error: Blocked for url: https://www.reddit.com/r/confessions/top/.json?t=week&limit=10
2026-05-08 16:27:12,055 - scrapers.reddit_scraper - ERROR - 获取API数据失败: 403 Client Error: Blocked for url: https://www.reddit.com/r/confessions/top/.json?t=week&limit=10
2026-05-08 16:27:12,055 - scrapers.base_scraper - ERROR - 爬取 Reddit 失败
2026-05-08 16:27:12,055 - scrapers.hackernews_scraper - INFO - HackerNewsScraper初始化完成
2026-05-08 16:27:12,056 - scrapers.base_scraper - INFO - 开始爬取 Hacker News
2026-05-08 16:27:12,056 - scrapers.hackernews_scraper - INFO - 开始爬取Hacker News Ask HN帖子
2026-05-08 16:27:12,056 - scrapers.hackernews_scraper - INFO - 获取Ask HN页面: https://news.ycombinator.com/ask
2026-05-08 16:27:14,560 - scrapers.hackernews_scraper - INFO - 找到 23 个帖子行
2026-05-08 16:27:14,561 - scrapers.hackernews_scraper - INFO - 成功解析故事: Ask HN: We just had an actual ..., 作者=mittermayr, 点赞=59, 评论=0
2026-05-08 16:27:14,562 - scrapers.hackernews_scraper - INFO - 成功解析故事: Ask HN: How do we handle the r..., 作者=shantnutiwari, 点赞=4, 评论=0
2026-05-08 16:27:14,563 - scrapers.hackernews_scraper - INFO - 成功解析故事: Ask HN: How are you handling Q..., 作者=softneon, 点赞=3, 评论=0
2026-05-08 16:27:14,563 - scrapers.hackernews_scraper - INFO - 成功解析故事: Ask HN: What will happen as AI..., 作者=MetaWhirledPeas, 点赞=12, 评论=0
2026-05-08 16:27:14,564 - scrapers.hackernews_scraper - INFO - 成功解析故事: Ask HN: What is your go-to sol..., 作者=ex-aws-dude, 点赞=13, 评论=0
2026-05-08 16:27:14,565 - scrapers.hackernews_scraper - INFO - 成功解析故事: Ask HN: Are we gonna back less..., 作者=omertt27, 点赞=9, 评论=0
2026-05-08 16:27:14,565 - scrapers.hackernews_scraper - INFO - 成功解析故事: Ask HN: What do you still do m..., 作者=lishunsheng, 点赞=16, 评论=0
2026-05-08 16:27:14,566 - scrapers.hackernews_scraper - INFO - 成功解析故事: Ask HN: Who got hired with Who..., 作者=Gooblebrai, 点赞=17, 评论=0
2026-05-08 16:27:14,567 - scrapers.hackernews_scraper - INFO - 成功解析故事: Ask HN: How to start up as an ..., 作者=alexyan0431, 点赞=11, 评论=0
2026-05-08 16:27:14,567 - scrapers.hackernews_scraper - INFO - 成功解析故事: Ask HN: Is the Job Market Actu..., 作者=idontwantthis, 点赞=130, 评论=0
2026-05-08 16:27:14,568 - scrapers.hackernews_scraper - INFO - 成功解析故事: Ask HN: Is there a term for fe..., 作者=ge96, 点赞=24, 评论=0
2026-05-08 16:27:14,568 - scrapers.hackernews_scraper - INFO - 成功解析故事: Ask HN: Is anyone seriously co..., 作者=zeven7, 点赞=30, 评论=0
2026-05-08 16:27:14,569 - scrapers.hackernews_scraper - INFO - 成功解析故事: Ask HN: Is the future everyone..., 作者=ex-aws-dude, 点赞=7, 评论=0
2026-05-08 16:27:14,570 - scrapers.hackernews_scraper - INFO - 成功解析故事: Ask HN: Terafab – Smart move o..., 作者=imheretolearn, 点赞=3, 评论=0
2026-05-08 16:27:14,570 - scrapers.hackernews_scraper - INFO - 成功解析故事: Ask HN: Best Embedding Models?..., 作者=devstein, 点赞=17, 评论=0
2026-05-08 16:27:14,570 - scrapers.hackernews_scraper - INFO - 成功解析 15 个Ask HN故事
2026-05-08 16:27:14,570 - scrapers.hackernews_scraper - INFO - 开始转换 15 个故事到统一格式
2026-05-08 16:27:14,570 - scrapers.hackernews_scraper - INFO - 转换第 1/15 个故事: Ask HN: We just had an actual ...
2026-05-08 16:27:15,951 - scrapers.hackernews_scraper - INFO - 找到 82 条评论
2026-05-08 16:27:16,090 - scrapers.hackernews_scraper - INFO - 故事 Ask HN: We just had an actual ... 转换完成，包含 82 条评论
2026-05-08 16:27:16,090 - scrapers.hackernews_scraper - INFO - 转换第 2/15 个故事: Ask HN: How do we handle the r...
2026-05-08 16:27:17,259 - scrapers.hackernews_scraper - INFO - 找到 11 条评论
2026-05-08 16:27:17,267 - scrapers.hackernews_scraper - INFO - 故事 Ask HN: How do we handle the r... 转换完成，包含 11 条评论
2026-05-08 16:27:17,267 - scrapers.hackernews_scraper - INFO - 转换第 3/15 个故事: Ask HN: How are you handling Q...
2026-05-08 16:27:19,178 - utils.http_utils - ERROR - 请求失败: https://news.ycombinator.com/item?id=48059756, 错误: 429 Client Error: Too Many Requests for url: https://news.ycombinator.com/item?id=48059756
2026-05-08 16:27:19,178 - scrapers.hackernews_scraper - ERROR - 获取故事详情失败: 48059756
2026-05-08 16:27:21,779 - utils.http_utils - ERROR - 请求失败: https://news.ycombinator.com/item?id=48059756, 错误: 429 Client Error: Too Many Requests for url: https://news.ycombinator.com/item?id=48059756
2026-05-08 16:27:21,779 - scrapers.hackernews_scraper - ERROR - 获取故事详情失败: 48059756
2026-05-08 16:27:21,779 - scrapers.hackernews_scraper - INFO - 故事 Ask HN: How are you handling Q... 转换完成，包含 0 条评论
2026-05-08 16:27:21,779 - scrapers.hackernews_scraper - INFO - 转换第 4/15 个故事: Ask HN: What will happen as AI...
2026-05-08 16:27:24,260 - scrapers.hackernews_scraper - INFO - 找到 16 条评论
2026-05-08 16:27:24,272 - scrapers.hackernews_scraper - INFO - 故事 Ask HN: What will happen as AI... 转换完成，包含 16 条评论
2026-05-08 16:27:24,273 - scrapers.hackernews_scraper - INFO - 转换第 5/15 个故事: Ask HN: What is your go-to sol...
2026-05-08 16:27:26,439 - utils.http_utils - ERROR - 请求失败: https://news.ycombinator.com/item?id=48053163, 错误: 429 Client Error: Too Many Requests for url: https://news.ycombinator.com/item?id=48053163
2026-05-08 16:27:26,439 - scrapers.hackernews_scraper - ERROR - 获取故事详情失败: 48053163
2026-05-08 16:27:27,991 - utils.http_utils - ERROR - 请求失败: https://news.ycombinator.com/item?id=48053163, 错误: 429 Client Error: Too Many Requests for url: https://news.ycombinator.com/item?id=48053163
2026-05-08 16:27:27,991 - scrapers.hackernews_scraper - ERROR - 获取故事详情失败: 48053163
2026-05-08 16:27:27,991 - scrapers.hackernews_scraper - INFO - 故事 Ask HN: What is your go-to sol... 转换完成，包含 0 条评论
2026-05-08 16:27:27,991 - scrapers.hackernews_scraper - INFO - 转换第 6/15 个故事: Ask HN: Are we gonna back less...
2026-05-08 16:27:30,684 - utils.http_utils - ERROR - 请求失败: https://news.ycombinator.com/item?id=48050350, 错误: 429 Client Error: Too Many Requests for url: https://news.ycombinator.com/item?id=48050350
2026-05-08 16:27:30,684 - scrapers.hackernews_scraper - ERROR - 获取故事详情失败: 48050350
2026-05-08 16:27:32,727 - utils.http_utils - ERROR - 请求失败: https://news.ycombinator.com/item?id=48050350, 错误: 429 Client Error: Too Many Requests for url: https://news.ycombinator.com/item?id=48050350
2026-05-08 16:27:32,727 - scrapers.hackernews_scraper - ERROR - 获取故事详情失败: 48050350
2026-05-08 16:27:32,728 - scrapers.hackernews_scraper - INFO - 故事 Ask HN: Are we gonna back less... 转换完成，包含 0 条评论
2026-05-08 16:27:32,728 - scrapers.hackernews_scraper - INFO - 转换第 7/15 个故事: Ask HN: What do you still do m...
2026-05-08 16:27:33,799 - utils.http_utils - ERROR - 请求失败: https://news.ycombinator.com/item?id=48045237, 错误: 429 Client Error: Too Many Requests for url: https://news.ycombinator.com/item?id=48045237
2026-05-08 16:27:33,799 - scrapers.hackernews_scraper - ERROR - 获取故事详情失败: 48045237
2026-05-08 16:27:34,815 - utils.http_utils - ERROR - 请求失败: https://news.ycombinator.com/item?id=48045237, 错误: 429 Client Error: Too Many Requests for url: https://news.ycombinator.com/item?id=48045237
2026-05-08 16:27:34,816 - scrapers.hackernews_scraper - ERROR - 获取故事详情失败: 48045237
2026-05-08 16:27:34,816 - scrapers.hackernews_scraper - INFO - 故事 Ask HN: What do you still do m... 转换完成，包含 0 条评论
2026-05-08 16:27:34,816 - scrapers.hackernews_scraper - INFO - 转换第 8/15 个故事: Ask HN: Who got hired with Who...
2026-05-08 16:27:36,371 - utils.http_utils - ERROR - 请求失败: https://news.ycombinator.com/item?id=48033457, 错误: 429 Client Error: Too Many Requests for url: https://news.ycombinator.com/item?id=48033457
2026-05-08 16:27:36,371 - scrapers.hackernews_scraper - ERROR - 获取故事详情失败: 48033457
2026-05-08 16:27:37,953 - utils.http_utils - ERROR - 请求失败: https://news.ycombinator.com/item?id=48033457, 错误: 429 Client Error: Too Many Requests for url: https://news.ycombinator.com/item?id=48033457
2026-05-08 16:27:37,953 - scrapers.hackernews_scraper - ERROR - 获取故事详情失败: 48033457
2026-05-08 16:27:37,953 - scrapers.hackernews_scraper - INFO - 故事 Ask HN: Who got hired with Who... 转换完成，包含 0 条评论
2026-05-08 16:27:37,954 - scrapers.hackernews_scraper - INFO - 转换第 9/15 个故事: Ask HN: How to start up as an ...
2026-05-08 16:27:39,270 - scrapers.hackernews_scraper - INFO - 找到 10 条评论
2026-05-08 16:27:39,277 - scrapers.hackernews_scraper - INFO - 故事 Ask HN: How to start up as an ... 转换完成，包含 10 条评论
2026-05-08 16:27:39,277 - scrapers.hackernews_scraper - INFO - 转换第 10/15 个故事: Ask HN: Is the Job Market Actu...
2026-05-08 16:27:42,448 - scrapers.hackernews_scraper - INFO - 找到 206 条评论
2026-05-08 16:27:43,190 - scrapers.hackernews_scraper - INFO - 故事 Ask HN: Is the Job Market Actu... 转换完成，包含 100 条评论
2026-05-08 16:27:43,190 - scrapers.hackernews_scraper - INFO - 转换第 11/15 个故事: Ask HN: Is there a term for fe...
2026-05-08 16:27:44,987 - utils.http_utils - ERROR - 请求失败: https://news.ycombinator.com/item?id=48026211, 错误: 429 Client Error: Too Many Requests for url: https://news.ycombinator.com/item?id=48026211
2026-05-08 16:27:44,987 - scrapers.hackernews_scraper - ERROR - 获取故事详情失败: 48026211
2026-05-08 16:27:46,312 - utils.http_utils - ERROR - 请求失败: https://news.ycombinator.com/item?id=48026211, 错误: 429 Client Error: Too Many Requests for url: https://news.ycombinator.com/item?id=48026211
2026-05-08 16:27:46,313 - scrapers.hackernews_scraper - ERROR - 获取故事详情失败: 48026211
2026-05-08 16:27:46,313 - scrapers.hackernews_scraper - INFO - 故事 Ask HN: Is there a term for fe... 转换完成，包含 0 条评论
2026-05-08 16:27:46,313 - scrapers.hackernews_scraper - INFO - 转换第 12/15 个故事: Ask HN: Is anyone seriously co...
2026-05-08 16:27:47,472 - scrapers.hackernews_scraper - INFO - 找到 27 条评论
2026-05-08 16:27:47,497 - scrapers.hackernews_scraper - INFO - 故事 Ask HN: Is anyone seriously co... 转换完成，包含 27 条评论
2026-05-08 16:27:47,497 - scrapers.hackernews_scraper - INFO - 转换第 13/15 个故事: Ask HN: Is the future everyone...
2026-05-08 16:27:50,332 - utils.http_utils - ERROR - 请求失败: https://news.ycombinator.com/item?id=48032863, 错误: 429 Client Error: Too Many Requests for url: https://news.ycombinator.com/item?id=48032863
2026-05-08 16:27:50,332 - scrapers.hackernews_scraper - ERROR - 获取故事详情失败: 48032863
2026-05-08 16:27:53,193 - utils.http_utils - ERROR - 请求失败: https://news.ycombinator.com/item?id=48032863, 错误: 429 Client Error: Too Many Requests for url: https://news.ycombinator.com/item?id=48032863
2026-05-08 16:27:53,194 - scrapers.hackernews_scraper - ERROR - 获取故事详情失败: 48032863
2026-05-08 16:27:53,194 - scrapers.hackernews_scraper - INFO - 故事 Ask HN: Is the future everyone... 转换完成，包含 0 条评论
2026-05-08 16:27:53,194 - scrapers.hackernews_scraper - INFO - 转换第 14/15 个故事: Ask HN: Terafab – Smart move o...
2026-05-08 16:27:55,633 - utils.http_utils - ERROR - 请求失败: https://news.ycombinator.com/item?id=48042106, 错误: 429 Client Error: Too Many Requests for url: https://news.ycombinator.com/item?id=48042106
2026-05-08 16:27:55,633 - scrapers.hackernews_scraper - ERROR - 获取故事详情失败: 48042106
2026-05-08 16:27:57,210 - utils.http_utils - ERROR - 请求失败: https://news.ycombinator.com/item?id=48042106, 错误: 429 Client Error: Too Many Requests for url: https://news.ycombinator.com/item?id=48042106
2026-05-08 16:27:57,210 - scrapers.hackernews_scraper - ERROR - 获取故事详情失败: 48042106
2026-05-08 16:27:57,211 - scrapers.hackernews_scraper - INFO - 故事 Ask HN: Terafab – Smart move o... 转换完成，包含 0 条评论
2026-05-08 16:27:57,211 - scrapers.hackernews_scraper - INFO - 转换第 15/15 个故事: Ask HN: Best Embedding Models?...
2026-05-08 16:27:59,703 - utils.http_utils - ERROR - 请求失败: https://news.ycombinator.com/item?id=48017668, 错误: 429 Client Error: Too Many Requests for url: https://news.ycombinator.com/item?id=48017668
2026-05-08 16:27:59,704 - scrapers.hackernews_scraper - ERROR - 获取故事详情失败: 48017668
2026-05-08 16:28:02,696 - utils.http_utils - ERROR - 请求失败: https://news.ycombinator.com/item?id=48017668, 错误: 429 Client Error: Too Many Requests for url: https://news.ycombinator.com/item?id=48017668
2026-05-08 16:28:02,696 - scrapers.hackernews_scraper - ERROR - 获取故事详情失败: 48017668
2026-05-08 16:28:02,696 - scrapers.hackernews_scraper - INFO - 故事 Ask HN: Best Embedding Models?... 转换完成，包含 0 条评论
2026-05-08 16:28:02,696 - scrapers.hackernews_scraper - INFO - 共转换 15 个故事为统一格式
2026-05-08 16:28:02,696 - scrapers.hackernews_scraper - INFO - 爬取完成，共获取 15 个Ask HN故事
2026-05-08 16:28:03,059 - utils.storage_utils - INFO - 已更新源索引: hackernews
2026-05-08 16:28:03,060 - utils.storage_utils - INFO - 数据已保存到 data/hackernews/week_2026-05-04.json
2026-05-08 16:28:03,061 - scrapers.base_scraper - INFO - 数据已保存到 data/hackernews/week_2026-05-04.json
2026-05-08 16:28:03,061 - scrapers.base_scraper - INFO - 成功爬取 Hacker News 的数据
2026-05-08 16:28:03,062 - __main__ - INFO - 完成: 1/3 个爬虫成功运行
2026-05-08 16:28:03,299 - __main__ - INFO - 归档所有源的旧数据
2026-05-08 16:28:03,299 - __main__ - INFO - 源 jandan 归档 无需归档
2026-05-08 16:28:03,300 - __main__ - INFO - 源 reddit 归档 无需归档
2026-05-08 16:28:03,300 - __main__ - INFO - 源 hackernews 归档 无需归档
