2025-11-29 16:02:14,352 - __main__ - INFO - 运行所有爬虫
2025-11-29 16:02:14,352 - scrapers.jandan_scraper - INFO - JandanScraper初始化完成
2025-11-29 16:02:14,353 - scrapers.base_scraper - INFO - 开始爬取 煎蛋网
2025-11-29 16:02:14,353 - scrapers.jandan_scraper - INFO - 开始爬取煎蛋热评
2025-11-29 16:02:17,484 - scrapers.jandan_scraper - INFO - 成功获取HTML内容，长度: 24786
2025-11-29 16:02:17,484 - scrapers.jandan_scraper - INFO - 调试: 手动获取评论 5877984 的吐槽数据
2025-11-29 16:02:17,484 - scrapers.jandan_scraper - INFO - 获取评论 5877984 的吐槽内容: https://jandan.net/api/tucao/list/5877984
2025-11-29 16:02:20,867 - scrapers.jandan_scraper - INFO - 评论 5877984 获取到 1 条热门吐槽, 3 条普通吐槽
2025-11-29 16:02:20,867 - scrapers.jandan_scraper - INFO - 调试: 评论 5877984 获取到 1 条热门吐槽, 3 条普通吐槽
2025-11-29 16:02:20,867 - scrapers.jandan_scraper - INFO - 开始解析页面中的评论
2025-11-29 16:02:20,867 - scrapers.jandan_scraper - INFO - 开始解析HTML内容, 长度: 24786
2025-11-29 16:02:20,875 - scrapers.jandan_scraper - INFO - 找到 0 条热门评论
2025-11-29 16:02:20,875 - scrapers.jandan_scraper - INFO - 解析完成，获取到 0 条评论
2025-11-29 16:02:20,875 - scrapers.jandan_scraper - INFO - 开始转换评论为统一格式
2025-11-29 16:02:20,875 - scrapers.jandan_scraper - INFO - 开始转换 0 条评论到统一格式
2025-11-29 16:02:20,875 - scrapers.jandan_scraper - INFO - 共转换 0 条评论为统一格式
2025-11-29 16:02:20,875 - scrapers.jandan_scraper - INFO - 爬取完成，共获取 0 条热评
2025-11-29 16:02:20,875 - scrapers.base_scraper - ERROR - 爬取 煎蛋网 失败
2025-11-29 16:02:20,875 - scrapers.reddit_scraper - INFO - RedditScraper初始化完成
2025-11-29 16:02:20,876 - scrapers.base_scraper - INFO - 开始爬取 Reddit
2025-11-29 16:02:20,876 - scrapers.reddit_scraper - INFO - 开始爬取Reddit r/confessions每周热门帖子
2025-11-29 16:02:22,028 - utils.http_utils - ERROR - 请求失败: https://www.reddit.com/r/confessions/top/.json?t=week&limit=10, 错误: 403 Client Error: Blocked for url: https://www.reddit.com/r/confessions/top/.json?t=week&limit=10
2025-11-29 16:02:22,029 - scrapers.reddit_scraper - ERROR - 获取API数据失败: 403 Client Error: Blocked for url: https://www.reddit.com/r/confessions/top/.json?t=week&limit=10
2025-11-29 16:02:22,029 - scrapers.base_scraper - ERROR - 爬取 Reddit 失败
2025-11-29 16:02:22,029 - scrapers.hackernews_scraper - INFO - HackerNewsScraper初始化完成
2025-11-29 16:02:22,029 - scrapers.base_scraper - INFO - 开始爬取 Hacker News
2025-11-29 16:02:22,030 - scrapers.hackernews_scraper - INFO - 开始爬取Hacker News Ask HN帖子
2025-11-29 16:02:22,030 - scrapers.hackernews_scraper - INFO - 获取Ask HN页面: https://news.ycombinator.com/ask
2025-11-29 16:02:23,856 - scrapers.hackernews_scraper - INFO - 找到 30 个帖子行
2025-11-29 16:02:23,857 - scrapers.hackernews_scraper - INFO - 成功解析故事: Ask HN: Practicality of harnes..., 作者=keepamovin, 点赞=4, 评论=0
2025-11-29 16:02:23,858 - scrapers.hackernews_scraper - INFO - 成功解析故事: Ask HN: Which cloud provider d..., 作者=trio8453, 点赞=14, 评论=0
2025-11-29 16:02:23,859 - scrapers.hackernews_scraper - INFO - 成功解析故事: Ask HN: Hearing aid wearers, w..., 作者=pugworthy, 点赞=354, 评论=0
2025-11-29 16:02:23,859 - scrapers.hackernews_scraper - INFO - 成功解析故事: Ask HN: How do you verify fron..., 作者=eugene-kim, 点赞=4, 评论=0
2025-11-29 16:02:23,860 - scrapers.hackernews_scraper - INFO - 成功解析故事: Ask HN: What open source proje..., 作者=jayzalowitz, 点赞=25, 评论=0
2025-11-29 16:02:23,860 - scrapers.hackernews_scraper - INFO - 成功解析故事: Ask HN: Good resources to lear..., 作者=_1tan, 点赞=137, 评论=0
2025-11-29 16:02:23,861 - scrapers.hackernews_scraper - INFO - 成功解析故事: Ask HN: Scheduling stateful no..., 作者=leo_e, 点赞=23, 评论=0
2025-11-29 16:02:23,861 - scrapers.hackernews_scraper - INFO - 成功解析故事: Ask HN: Should account creatio..., 作者=megraf, 点赞=26, 评论=0
2025-11-29 16:02:23,862 - scrapers.hackernews_scraper - INFO - 成功解析故事: Ask HN: Type 1 Hypervisor for ..., 作者=jaitaiwan, 点赞=3, 评论=0
2025-11-29 16:02:23,862 - scrapers.hackernews_scraper - INFO - 成功解析故事: Ask HN: What is the purpose of..., 作者=GaryBluto, 点赞=77, 评论=0
2025-11-29 16:02:23,863 - scrapers.hackernews_scraper - INFO - 成功解析故事: Ask HN: Do AIs reply with nume..., 作者=amichail, 点赞=6, 评论=0
2025-11-29 16:02:23,863 - scrapers.hackernews_scraper - INFO - 成功解析故事: Ask HN: Why don't closed capti..., 作者=amichail, 点赞=4, 评论=0
2025-11-29 16:02:23,864 - scrapers.hackernews_scraper - INFO - 成功解析故事: Ask HN: Would you use a fast/c..., 作者=shaheeniquebal, 点赞=5, 评论=0
2025-11-29 16:02:23,864 - scrapers.hackernews_scraper - INFO - 成功解析故事: Ask HN: What work problems wou..., 作者=aryanchaurasia, 点赞=16, 评论=0
2025-11-29 16:02:23,865 - scrapers.hackernews_scraper - INFO - 成功解析故事: Ask HN: What did Stripe change..., 作者=dzonga, 点赞=7, 评论=0
2025-11-29 16:02:23,865 - scrapers.hackernews_scraper - INFO - 成功解析 15 个Ask HN故事
2025-11-29 16:02:23,865 - scrapers.hackernews_scraper - INFO - 开始转换 15 个故事到统一格式
2025-11-29 16:02:23,865 - scrapers.hackernews_scraper - INFO - 转换第 1/15 个故事: Ask HN: Practicality of harnes...
2025-11-29 16:02:26,385 - scrapers.hackernews_scraper - INFO - 找到 1 条评论
2025-11-29 16:02:26,385 - scrapers.hackernews_scraper - INFO - 故事 Ask HN: Practicality of harnes... 转换完成，包含 1 条评论
2025-11-29 16:02:26,385 - scrapers.hackernews_scraper - INFO - 转换第 2/15 个故事: Ask HN: Which cloud provider d...
2025-11-29 16:02:28,098 - scrapers.hackernews_scraper - INFO - 找到 16 条评论
2025-11-29 16:02:28,108 - scrapers.hackernews_scraper - INFO - 故事 Ask HN: Which cloud provider d... 转换完成，包含 16 条评论
2025-11-29 16:02:28,109 - scrapers.hackernews_scraper - INFO - 转换第 3/15 个故事: Ask HN: Hearing aid wearers, w...
2025-11-29 16:02:31,227 - scrapers.hackernews_scraper - INFO - 找到 209 条评论
2025-11-29 16:02:31,943 - scrapers.hackernews_scraper - INFO - 故事 Ask HN: Hearing aid wearers, w... 转换完成，包含 100 条评论
2025-11-29 16:02:31,943 - scrapers.hackernews_scraper - INFO - 转换第 4/15 个故事: Ask HN: How do you verify fron...
2025-11-29 16:02:34,710 - scrapers.hackernews_scraper - INFO - 找到 2 条评论
2025-11-29 16:02:34,711 - scrapers.hackernews_scraper - INFO - 故事 Ask HN: How do you verify fron... 转换完成，包含 2 条评论
2025-11-29 16:02:34,711 - scrapers.hackernews_scraper - INFO - 转换第 5/15 个故事: Ask HN: What open source proje...
2025-11-29 16:02:37,181 - scrapers.hackernews_scraper - INFO - 找到 30 条评论
2025-11-29 16:02:37,205 - scrapers.hackernews_scraper - INFO - 故事 Ask HN: What open source proje... 转换完成，包含 30 条评论
2025-11-29 16:02:37,205 - scrapers.hackernews_scraper - INFO - 转换第 6/15 个故事: Ask HN: Good resources to lear...
2025-11-29 16:02:39,781 - scrapers.hackernews_scraper - INFO - 找到 28 条评论
2025-11-29 16:02:39,805 - scrapers.hackernews_scraper - INFO - 故事 Ask HN: Good resources to lear... 转换完成，包含 28 条评论
2025-11-29 16:02:39,805 - scrapers.hackernews_scraper - INFO - 转换第 7/15 个故事: Ask HN: Scheduling stateful no...
2025-11-29 16:02:41,832 - scrapers.hackernews_scraper - INFO - 找到 23 条评论
2025-11-29 16:02:41,849 - scrapers.hackernews_scraper - INFO - 故事 Ask HN: Scheduling stateful no... 转换完成，包含 23 条评论
2025-11-29 16:02:41,850 - scrapers.hackernews_scraper - INFO - 转换第 8/15 个故事: Ask HN: Should account creatio...
2025-11-29 16:02:44,847 - scrapers.hackernews_scraper - INFO - 找到 37 条评论
2025-11-29 16:02:44,881 - scrapers.hackernews_scraper - INFO - 故事 Ask HN: Should account creatio... 转换完成，包含 37 条评论
2025-11-29 16:02:44,882 - scrapers.hackernews_scraper - INFO - 转换第 9/15 个故事: Ask HN: Type 1 Hypervisor for ...
2025-11-29 16:02:46,328 - scrapers.hackernews_scraper - INFO - 找到 5 条评论
2025-11-29 16:02:46,331 - scrapers.hackernews_scraper - INFO - 故事 Ask HN: Type 1 Hypervisor for ... 转换完成，包含 5 条评论
2025-11-29 16:02:46,331 - scrapers.hackernews_scraper - INFO - 转换第 10/15 个故事: Ask HN: What is the purpose of...
2025-11-29 16:02:48,358 - scrapers.hackernews_scraper - INFO - 找到 49 条评论
2025-11-29 16:02:48,411 - scrapers.hackernews_scraper - INFO - 故事 Ask HN: What is the purpose of... 转换完成，包含 49 条评论
2025-11-29 16:02:48,412 - scrapers.hackernews_scraper - INFO - 转换第 11/15 个故事: Ask HN: Do AIs reply with nume...
2025-11-29 16:02:50,313 - scrapers.hackernews_scraper - INFO - 找到 8 条评论
2025-11-29 16:02:50,317 - scrapers.hackernews_scraper - INFO - 故事 Ask HN: Do AIs reply with nume... 转换完成，包含 8 条评论
2025-11-29 16:02:50,317 - scrapers.hackernews_scraper - INFO - 转换第 12/15 个故事: Ask HN: Why don't closed capti...
2025-11-29 16:02:52,896 - scrapers.hackernews_scraper - INFO - 找到 2 条评论
2025-11-29 16:02:52,897 - scrapers.hackernews_scraper - INFO - 故事 Ask HN: Why don't closed capti... 转换完成，包含 2 条评论
2025-11-29 16:02:52,897 - scrapers.hackernews_scraper - INFO - 转换第 13/15 个故事: Ask HN: Would you use a fast/c...
2025-11-29 16:02:55,559 - scrapers.hackernews_scraper - INFO - 找到 6 条评论
2025-11-29 16:02:55,562 - scrapers.hackernews_scraper - INFO - 故事 Ask HN: Would you use a fast/c... 转换完成，包含 6 条评论
2025-11-29 16:02:55,562 - scrapers.hackernews_scraper - INFO - 转换第 14/15 个故事: Ask HN: What work problems wou...
2025-11-29 16:02:57,089 - scrapers.hackernews_scraper - INFO - 找到 18 条评论
2025-11-29 16:02:57,101 - scrapers.hackernews_scraper - INFO - 故事 Ask HN: What work problems wou... 转换完成，包含 18 条评论
2025-11-29 16:02:57,101 - scrapers.hackernews_scraper - INFO - 转换第 15/15 个故事: Ask HN: What did Stripe change...
2025-11-29 16:02:59,937 - scrapers.hackernews_scraper - INFO - 找到 9 条评论
2025-11-29 16:02:59,942 - scrapers.hackernews_scraper - INFO - 故事 Ask HN: What did Stripe change... 转换完成，包含 9 条评论
2025-11-29 16:02:59,942 - scrapers.hackernews_scraper - INFO - 共转换 15 个故事为统一格式
2025-11-29 16:02:59,942 - scrapers.hackernews_scraper - INFO - 爬取完成，共获取 15 个Ask HN故事
2025-11-29 16:03:00,417 - utils.storage_utils - INFO - 已更新源索引: hackernews
2025-11-29 16:03:00,419 - utils.storage_utils - INFO - 数据已保存到 data/hackernews/week_2025-11-24.json
2025-11-29 16:03:00,420 - scrapers.base_scraper - INFO - 数据已保存到 data/hackernews/week_2025-11-24.json
2025-11-29 16:03:00,420 - scrapers.base_scraper - INFO - 成功爬取 Hacker News 的数据
2025-11-29 16:03:00,421 - __main__ - INFO - 完成: 1/3 个爬虫成功运行
2025-11-29 16:03:00,615 - __main__ - INFO - 归档所有源的旧数据
2025-11-29 16:03:00,615 - __main__ - INFO - 源 jandan 归档 无需归档
2025-11-29 16:03:00,615 - __main__ - INFO - 源 reddit 归档 无需归档
2025-11-29 16:03:00,615 - __main__ - INFO - 源 hackernews 归档 无需归档
