2025-11-19 16:02:36,859 - __main__ - INFO - 运行所有爬虫
2025-11-19 16:02:36,860 - scrapers.jandan_scraper - INFO - JandanScraper初始化完成
2025-11-19 16:02:36,860 - scrapers.base_scraper - INFO - 开始爬取 煎蛋网
2025-11-19 16:02:36,860 - scrapers.jandan_scraper - INFO - 开始爬取煎蛋热评
2025-11-19 16:02:41,007 - scrapers.jandan_scraper - INFO - 成功获取HTML内容，长度: 24786
2025-11-19 16:02:41,007 - scrapers.jandan_scraper - INFO - 调试: 手动获取评论 5877984 的吐槽数据
2025-11-19 16:02:41,007 - scrapers.jandan_scraper - INFO - 获取评论 5877984 的吐槽内容: https://jandan.net/api/tucao/list/5877984
2025-11-19 16:02:43,968 - scrapers.jandan_scraper - INFO - 评论 5877984 获取到 1 条热门吐槽, 3 条普通吐槽
2025-11-19 16:02:43,969 - scrapers.jandan_scraper - INFO - 调试: 评论 5877984 获取到 1 条热门吐槽, 3 条普通吐槽
2025-11-19 16:02:43,969 - scrapers.jandan_scraper - INFO - 开始解析页面中的评论
2025-11-19 16:02:43,969 - scrapers.jandan_scraper - INFO - 开始解析HTML内容, 长度: 24786
2025-11-19 16:02:43,977 - scrapers.jandan_scraper - INFO - 找到 0 条热门评论
2025-11-19 16:02:43,977 - scrapers.jandan_scraper - INFO - 解析完成，获取到 0 条评论
2025-11-19 16:02:43,977 - scrapers.jandan_scraper - INFO - 开始转换评论为统一格式
2025-11-19 16:02:43,977 - scrapers.jandan_scraper - INFO - 开始转换 0 条评论到统一格式
2025-11-19 16:02:43,978 - scrapers.jandan_scraper - INFO - 共转换 0 条评论为统一格式
2025-11-19 16:02:43,978 - scrapers.jandan_scraper - INFO - 爬取完成，共获取 0 条热评
2025-11-19 16:02:43,978 - scrapers.base_scraper - ERROR - 爬取 煎蛋网 失败
2025-11-19 16:02:43,978 - scrapers.reddit_scraper - INFO - RedditScraper初始化完成
2025-11-19 16:02:43,979 - scrapers.base_scraper - INFO - 开始爬取 Reddit
2025-11-19 16:02:43,979 - scrapers.reddit_scraper - INFO - 开始爬取Reddit r/confessions每周热门帖子
2025-11-19 16:02:45,048 - utils.http_utils - ERROR - 请求失败: https://www.reddit.com/r/confessions/top/.json?t=week&limit=10, 错误: 403 Client Error: Blocked for url: https://www.reddit.com/r/confessions/top/.json?t=week&limit=10
2025-11-19 16:02:45,049 - scrapers.reddit_scraper - ERROR - 获取API数据失败: 403 Client Error: Blocked for url: https://www.reddit.com/r/confessions/top/.json?t=week&limit=10
2025-11-19 16:02:45,049 - scrapers.base_scraper - ERROR - 爬取 Reddit 失败
2025-11-19 16:02:45,049 - scrapers.hackernews_scraper - INFO - HackerNewsScraper初始化完成
2025-11-19 16:02:45,049 - scrapers.base_scraper - INFO - 开始爬取 Hacker News
2025-11-19 16:02:45,049 - scrapers.hackernews_scraper - INFO - 开始爬取Hacker News Ask HN帖子
2025-11-19 16:02:45,050 - scrapers.hackernews_scraper - INFO - 获取Ask HN页面: https://news.ycombinator.com/ask
2025-11-19 16:02:47,064 - scrapers.hackernews_scraper - INFO - 找到 26 个帖子行
2025-11-19 16:02:47,066 - scrapers.hackernews_scraper - INFO - 成功解析故事: Ask HN: Does anyone else feel ..., 作者=keepamovin, 点赞=4, 评论=0
2025-11-19 16:02:47,066 - scrapers.hackernews_scraper - INFO - 成功解析故事: Ask HN: What does "legacy code..., 作者=Arperb, 点赞=6, 评论=0
2025-11-19 16:02:47,067 - scrapers.hackernews_scraper - INFO - 成功解析故事: Ask HN: Am I the only one thin..., 作者=davidguetta, 点赞=5, 评论=0
2025-11-19 16:02:47,068 - scrapers.hackernews_scraper - INFO - 成功解析故事: Ask HN: Cloud providers are lo..., 作者=clostao, 点赞=34, 评论=0
2025-11-19 16:02:47,068 - scrapers.hackernews_scraper - INFO - 成功解析故事: Ask HN: Why does Y Combinator ..., 作者=coldtrait, 点赞=18, 评论=0
2025-11-19 16:02:47,069 - scrapers.hackernews_scraper - INFO - 成功解析故事: Ask HN: Reason for the DDoS at..., 作者=Meekro, 点赞=8, 评论=0
2025-11-19 16:02:47,070 - scrapers.hackernews_scraper - INFO - 成功解析故事: Ask HN: Why All the Indonesian..., 作者=al2o3cr, 点赞=22, 评论=0
2025-11-19 16:02:47,070 - scrapers.hackernews_scraper - INFO - 成功解析故事: Ask HN: How does one stay moti..., 作者=blutoot, 点赞=91, 评论=0
2025-11-19 16:02:47,071 - scrapers.hackernews_scraper - INFO - 成功解析故事: Ask HN: Engineers working AI t..., 作者=taariqlewis, 点赞=17, 评论=0
2025-11-19 16:02:47,071 - scrapers.hackernews_scraper - INFO - 成功解析故事: Ask HN: How to learn concurren..., 作者=shivajikobardan, 点赞=44, 评论=0
2025-11-19 16:02:47,072 - scrapers.hackernews_scraper - INFO - 成功解析故事: Ask HN: Senior people, how did..., 作者=Seb-C, 点赞=92, 评论=0
2025-11-19 16:02:47,073 - scrapers.hackernews_scraper - INFO - 成功解析故事: Ask HN: What were the best boo..., 作者=dom96, 点赞=22, 评论=0
2025-11-19 16:02:47,073 - scrapers.hackernews_scraper - INFO - 成功解析故事: Ask HN: What's the Least Amoun..., 作者=_phnd_, 点赞=7, 评论=0
2025-11-19 16:02:47,074 - scrapers.hackernews_scraper - INFO - 成功解析故事: Ask HN: How do you monitor the..., 作者=spacemnstr42069, 点赞=15, 评论=0
2025-11-19 16:02:47,074 - scrapers.hackernews_scraper - INFO - 成功解析 14 个Ask HN故事
2025-11-19 16:02:47,074 - scrapers.hackernews_scraper - INFO - 开始转换 14 个故事到统一格式
2025-11-19 16:02:47,074 - scrapers.hackernews_scraper - INFO - 转换第 1/14 个故事: Ask HN: Does anyone else feel ...
2025-11-19 16:02:48,395 - scrapers.hackernews_scraper - INFO - 找到 7 条评论
2025-11-19 16:02:48,399 - scrapers.hackernews_scraper - INFO - 故事 Ask HN: Does anyone else feel ... 转换完成，包含 7 条评论
2025-11-19 16:02:48,399 - scrapers.hackernews_scraper - INFO - 转换第 2/14 个故事: Ask HN: What does "legacy code...
2025-11-19 16:02:50,677 - scrapers.hackernews_scraper - INFO - 找到 12 条评论
2025-11-19 16:02:50,685 - scrapers.hackernews_scraper - INFO - 故事 Ask HN: What does "legacy code... 转换完成，包含 12 条评论
2025-11-19 16:02:50,685 - scrapers.hackernews_scraper - INFO - 转换第 3/14 个故事: Ask HN: Am I the only one thin...
2025-11-19 16:02:53,214 - scrapers.hackernews_scraper - INFO - 找到 6 条评论
2025-11-19 16:02:53,218 - scrapers.hackernews_scraper - INFO - 故事 Ask HN: Am I the only one thin... 转换完成，包含 6 条评论
2025-11-19 16:02:53,218 - scrapers.hackernews_scraper - INFO - 转换第 4/14 个故事: Ask HN: Cloud providers are lo...
2025-11-19 16:02:54,993 - scrapers.hackernews_scraper - INFO - 找到 25 条评论
2025-11-19 16:02:55,015 - scrapers.hackernews_scraper - INFO - 故事 Ask HN: Cloud providers are lo... 转换完成，包含 25 条评论
2025-11-19 16:02:55,015 - scrapers.hackernews_scraper - INFO - 转换第 5/14 个故事: Ask HN: Why does Y Combinator ...
2025-11-19 16:02:57,334 - scrapers.hackernews_scraper - INFO - 找到 9 条评论
2025-11-19 16:02:57,340 - scrapers.hackernews_scraper - INFO - 故事 Ask HN: Why does Y Combinator ... 转换完成，包含 9 条评论
2025-11-19 16:02:57,340 - scrapers.hackernews_scraper - INFO - 转换第 6/14 个故事: Ask HN: Reason for the DDoS at...
2025-11-19 16:02:58,720 - scrapers.hackernews_scraper - INFO - 找到 0 条评论
2025-11-19 16:02:58,720 - scrapers.hackernews_scraper - INFO - 故事 Ask HN: Reason for the DDoS at... 转换完成，包含 0 条评论
2025-11-19 16:02:58,720 - scrapers.hackernews_scraper - INFO - 转换第 7/14 个故事: Ask HN: Why All the Indonesian...
2025-11-19 16:03:01,567 - scrapers.hackernews_scraper - INFO - 找到 8 条评论
2025-11-19 16:03:01,572 - scrapers.hackernews_scraper - INFO - 故事 Ask HN: Why All the Indonesian... 转换完成，包含 8 条评论
2025-11-19 16:03:01,572 - scrapers.hackernews_scraper - INFO - 转换第 8/14 个故事: Ask HN: How does one stay moti...
2025-11-19 16:03:03,254 - scrapers.hackernews_scraper - INFO - 找到 110 条评论
2025-11-19 16:03:03,486 - scrapers.hackernews_scraper - INFO - 故事 Ask HN: How does one stay moti... 转换完成，包含 100 条评论
2025-11-19 16:03:03,486 - scrapers.hackernews_scraper - INFO - 转换第 9/14 个故事: Ask HN: Engineers working AI t...
2025-11-19 16:03:05,949 - scrapers.hackernews_scraper - INFO - 找到 21 条评论
2025-11-19 16:03:05,966 - scrapers.hackernews_scraper - INFO - 故事 Ask HN: Engineers working AI t... 转换完成，包含 21 条评论
2025-11-19 16:03:05,966 - scrapers.hackernews_scraper - INFO - 转换第 10/14 个故事: Ask HN: How to learn concurren...
2025-11-19 16:03:08,765 - scrapers.hackernews_scraper - INFO - 找到 21 条评论
2025-11-19 16:03:08,782 - scrapers.hackernews_scraper - INFO - 故事 Ask HN: How to learn concurren... 转换完成，包含 21 条评论
2025-11-19 16:03:08,782 - scrapers.hackernews_scraper - INFO - 转换第 11/14 个故事: Ask HN: Senior people, how did...
2025-11-19 16:03:11,129 - scrapers.hackernews_scraper - INFO - 找到 52 条评论
2025-11-19 16:03:11,200 - scrapers.hackernews_scraper - INFO - 故事 Ask HN: Senior people, how did... 转换完成，包含 52 条评论
2025-11-19 16:03:11,200 - scrapers.hackernews_scraper - INFO - 转换第 12/14 个故事: Ask HN: What were the best boo...
2025-11-19 16:03:13,928 - scrapers.hackernews_scraper - INFO - 找到 19 条评论
2025-11-19 16:03:13,943 - scrapers.hackernews_scraper - INFO - 故事 Ask HN: What were the best boo... 转换完成，包含 19 条评论
2025-11-19 16:03:13,943 - scrapers.hackernews_scraper - INFO - 转换第 13/14 个故事: Ask HN: What's the Least Amoun...
2025-11-19 16:03:15,767 - scrapers.hackernews_scraper - INFO - 找到 8 条评论
2025-11-19 16:03:15,772 - scrapers.hackernews_scraper - INFO - 故事 Ask HN: What's the Least Amoun... 转换完成，包含 8 条评论
2025-11-19 16:03:15,772 - scrapers.hackernews_scraper - INFO - 转换第 14/14 个故事: Ask HN: How do you monitor the...
2025-11-19 16:03:17,908 - scrapers.hackernews_scraper - INFO - 找到 10 条评论
2025-11-19 16:03:17,914 - scrapers.hackernews_scraper - INFO - 故事 Ask HN: How do you monitor the... 转换完成，包含 10 条评论
2025-11-19 16:03:17,914 - scrapers.hackernews_scraper - INFO - 共转换 14 个故事为统一格式
2025-11-19 16:03:17,914 - scrapers.hackernews_scraper - INFO - 爬取完成，共获取 14 个Ask HN故事
2025-11-19 16:03:18,378 - utils.storage_utils - INFO - 已更新源索引: hackernews
2025-11-19 16:03:18,380 - utils.storage_utils - INFO - 数据已保存到 data/hackernews/week_2025-11-17.json
2025-11-19 16:03:18,381 - scrapers.base_scraper - INFO - 数据已保存到 data/hackernews/week_2025-11-17.json
2025-11-19 16:03:18,381 - scrapers.base_scraper - INFO - 成功爬取 Hacker News 的数据
2025-11-19 16:03:18,382 - __main__ - INFO - 完成: 1/3 个爬虫成功运行
2025-11-19 16:03:18,601 - __main__ - INFO - 归档所有源的旧数据
2025-11-19 16:03:18,601 - __main__ - INFO - 源 jandan 归档 无需归档
2025-11-19 16:03:18,601 - __main__ - INFO - 源 reddit 归档 无需归档
2025-11-19 16:03:18,601 - __main__ - INFO - 源 hackernews 归档 无需归档
