2025-05-21 16:01:58,075 - __main__ - INFO - 运行所有爬虫
2025-05-21 16:01:58,075 - scrapers.jandan_scraper - INFO - JandanScraper初始化完成
2025-05-21 16:01:58,076 - scrapers.base_scraper - INFO - 开始爬取 煎蛋网
2025-05-21 16:01:58,076 - scrapers.jandan_scraper - INFO - 开始爬取煎蛋热评
2025-05-21 16:02:01,028 - scrapers.jandan_scraper - INFO - 成功获取HTML内容，长度: 25804
2025-05-21 16:02:01,028 - scrapers.jandan_scraper - INFO - 调试: 手动获取评论 5877984 的吐槽数据
2025-05-21 16:02:01,028 - scrapers.jandan_scraper - INFO - 获取评论 5877984 的吐槽内容: https://jandan.net/api/tucao/list/5877984
2025-05-21 16:02:04,001 - scrapers.jandan_scraper - INFO - 评论 5877984 获取到 1 条热门吐槽, 3 条普通吐槽
2025-05-21 16:02:04,001 - scrapers.jandan_scraper - INFO - 调试: 评论 5877984 获取到 1 条热门吐槽, 3 条普通吐槽
2025-05-21 16:02:04,001 - scrapers.jandan_scraper - INFO - 开始解析页面中的评论
2025-05-21 16:02:04,001 - scrapers.jandan_scraper - INFO - 开始解析HTML内容, 长度: 25804
2025-05-21 16:02:04,010 - scrapers.jandan_scraper - INFO - 找到 0 条热门评论
2025-05-21 16:02:04,010 - scrapers.jandan_scraper - INFO - 解析完成，获取到 0 条评论
2025-05-21 16:02:04,010 - scrapers.jandan_scraper - INFO - 开始转换评论为统一格式
2025-05-21 16:02:04,010 - scrapers.jandan_scraper - INFO - 开始转换 0 条评论到统一格式
2025-05-21 16:02:04,010 - scrapers.jandan_scraper - INFO - 共转换 0 条评论为统一格式
2025-05-21 16:02:04,010 - scrapers.jandan_scraper - INFO - 爬取完成，共获取 0 条热评
2025-05-21 16:02:04,010 - scrapers.base_scraper - ERROR - 爬取 煎蛋网 失败
2025-05-21 16:02:04,011 - scrapers.reddit_scraper - INFO - RedditScraper初始化完成
2025-05-21 16:02:04,012 - scrapers.base_scraper - INFO - 开始爬取 Reddit
2025-05-21 16:02:04,012 - scrapers.reddit_scraper - INFO - 开始爬取Reddit r/confessions每周热门帖子
2025-05-21 16:02:05,407 - utils.http_utils - ERROR - 请求失败: https://www.reddit.com/r/confessions/top/.json?t=week&limit=10, 错误: 403 Client Error: Blocked for url: https://www.reddit.com/r/confessions/top/.json?t=week&limit=10
2025-05-21 16:02:05,407 - scrapers.reddit_scraper - ERROR - 获取API数据失败: 403 Client Error: Blocked for url: https://www.reddit.com/r/confessions/top/.json?t=week&limit=10
2025-05-21 16:02:05,407 - scrapers.base_scraper - ERROR - 爬取 Reddit 失败
2025-05-21 16:02:05,408 - scrapers.hackernews_scraper - INFO - HackerNewsScraper初始化完成
2025-05-21 16:02:05,408 - scrapers.base_scraper - INFO - 开始爬取 Hacker News
2025-05-21 16:02:05,408 - scrapers.hackernews_scraper - INFO - 开始爬取Hacker News Ask HN帖子
2025-05-21 16:02:05,408 - scrapers.hackernews_scraper - INFO - 获取Ask HN页面: https://news.ycombinator.com/ask
2025-05-21 16:02:07,626 - scrapers.hackernews_scraper - INFO - 找到 25 个帖子行
2025-05-21 16:02:07,628 - scrapers.hackernews_scraper - INFO - 成功解析故事: Ask HN: How do you promote you..., 作者=javafactory, 点赞=33, 评论=0
2025-05-21 16:02:07,628 - scrapers.hackernews_scraper - INFO - 成功解析故事: Ask HN: Conversational AI to L..., 作者=edweis, 点赞=62, 评论=0
2025-05-21 16:02:07,629 - scrapers.hackernews_scraper - INFO - 成功解析故事: Ask HN: Where to find UX desig..., 作者=bindd, 点赞=6, 评论=0
2025-05-21 16:02:07,630 - scrapers.hackernews_scraper - INFO - 成功解析故事: Ask HN: Don't You Mind That LL..., 作者=dakiol, 点赞=15, 评论=0
2025-05-21 16:02:07,631 - scrapers.hackernews_scraper - INFO - 成功解析故事: Ask HN: What's your go-to mess..., 作者=enether, 点赞=62, 评论=0
2025-05-21 16:02:07,632 - scrapers.hackernews_scraper - INFO - 成功解析故事: Ask HN: Way to build AI voice ..., 作者=warthog, 点赞=7, 评论=0
2025-05-21 16:02:07,632 - scrapers.hackernews_scraper - INFO - 成功解析故事: Ask HN: When do you just give ..., 作者=90s_dev, 点赞=14, 评论=0
2025-05-21 16:02:07,633 - scrapers.hackernews_scraper - INFO - 成功解析故事: Ask HN: Does the languages we ..., 作者=Genius_um, 点赞=4, 评论=0
2025-05-21 16:02:07,634 - scrapers.hackernews_scraper - INFO - 成功解析故事: Ask HN: How do you use AI for ..., 作者=thesurlydev, 点赞=6, 评论=0
2025-05-21 16:02:07,634 - scrapers.hackernews_scraper - INFO - 成功解析故事: Ask HN: Do people actually pay..., 作者=scratchyone, 点赞=53, 评论=0
2025-05-21 16:02:07,635 - scrapers.hackernews_scraper - INFO - 成功解析故事: Ask HN: Anyone working in trad..., 作者=itsmekali321, 点赞=20, 评论=0
2025-05-21 16:02:07,635 - scrapers.hackernews_scraper - INFO - 成功解析故事: Ask HN: Is there a Wikipedia o..., 作者=soferio, 点赞=4, 评论=0
2025-05-21 16:02:07,636 - scrapers.hackernews_scraper - INFO - 成功解析故事: Ask HN: We built a travel app ..., 作者=kenforthewin, 点赞=4, 评论=0
2025-05-21 16:02:07,637 - scrapers.hackernews_scraper - INFO - 成功解析故事: Ask HN: How do you handle lice..., 作者=lexokoh, 点赞=4, 评论=0
2025-05-21 16:02:07,637 - scrapers.hackernews_scraper - INFO - 成功解析故事: Ask HN: Tech Behind the "Magic..., 作者=ChicagoBoy11, 点赞=5, 评论=0
2025-05-21 16:02:07,637 - scrapers.hackernews_scraper - INFO - 成功解析 15 个Ask HN故事
2025-05-21 16:02:07,637 - scrapers.hackernews_scraper - INFO - 开始转换 15 个故事到统一格式
2025-05-21 16:02:07,637 - scrapers.hackernews_scraper - INFO - 转换第 1/15 个故事: Ask HN: How do you promote you...
2025-05-21 16:02:09,854 - scrapers.hackernews_scraper - INFO - 找到 15 条评论
2025-05-21 16:02:09,867 - scrapers.hackernews_scraper - INFO - 故事 Ask HN: How do you promote you... 转换完成，包含 15 条评论
2025-05-21 16:02:09,867 - scrapers.hackernews_scraper - INFO - 转换第 2/15 个故事: Ask HN: Conversational AI to L...
2025-05-21 16:02:12,455 - scrapers.hackernews_scraper - INFO - 找到 50 条评论
2025-05-21 16:02:12,526 - scrapers.hackernews_scraper - INFO - 故事 Ask HN: Conversational AI to L... 转换完成，包含 50 条评论
2025-05-21 16:02:12,526 - scrapers.hackernews_scraper - INFO - 转换第 3/15 个故事: Ask HN: Where to find UX desig...
2025-05-21 16:02:14,288 - scrapers.hackernews_scraper - INFO - 找到 3 条评论
2025-05-21 16:02:14,290 - scrapers.hackernews_scraper - INFO - 故事 Ask HN: Where to find UX desig... 转换完成，包含 3 条评论
2025-05-21 16:02:14,290 - scrapers.hackernews_scraper - INFO - 转换第 4/15 个故事: Ask HN: Don't You Mind That LL...
2025-05-21 16:02:16,233 - scrapers.hackernews_scraper - INFO - 找到 16 条评论
2025-05-21 16:02:16,246 - scrapers.hackernews_scraper - INFO - 故事 Ask HN: Don't You Mind That LL... 转换完成，包含 16 条评论
2025-05-21 16:02:16,246 - scrapers.hackernews_scraper - INFO - 转换第 5/15 个故事: Ask HN: What's your go-to mess...
2025-05-21 16:02:18,950 - scrapers.hackernews_scraper - INFO - 找到 96 条评论
2025-05-21 16:02:19,165 - scrapers.hackernews_scraper - INFO - 故事 Ask HN: What's your go-to mess... 转换完成，包含 96 条评论
2025-05-21 16:02:19,165 - scrapers.hackernews_scraper - INFO - 转换第 6/15 个故事: Ask HN: Way to build AI voice ...
2025-05-21 16:02:20,549 - scrapers.hackernews_scraper - INFO - 找到 0 条评论
2025-05-21 16:02:20,550 - scrapers.hackernews_scraper - INFO - 故事 Ask HN: Way to build AI voice ... 转换完成，包含 0 条评论
2025-05-21 16:02:20,550 - scrapers.hackernews_scraper - INFO - 转换第 7/15 个故事: Ask HN: When do you just give ...
2025-05-21 16:02:23,355 - scrapers.hackernews_scraper - INFO - 找到 12 条评论
2025-05-21 16:02:23,364 - scrapers.hackernews_scraper - INFO - 故事 Ask HN: When do you just give ... 转换完成，包含 12 条评论
2025-05-21 16:02:23,364 - scrapers.hackernews_scraper - INFO - 转换第 8/15 个故事: Ask HN: Does the languages we ...
2025-05-21 16:02:26,107 - scrapers.hackernews_scraper - INFO - 找到 15 条评论
2025-05-21 16:02:26,120 - scrapers.hackernews_scraper - INFO - 故事 Ask HN: Does the languages we ... 转换完成，包含 15 条评论
2025-05-21 16:02:26,120 - scrapers.hackernews_scraper - INFO - 转换第 9/15 个故事: Ask HN: How do you use AI for ...
2025-05-21 16:02:28,750 - scrapers.hackernews_scraper - INFO - 找到 4 条评论
2025-05-21 16:02:28,752 - scrapers.hackernews_scraper - INFO - 故事 Ask HN: How do you use AI for ... 转换完成，包含 4 条评论
2025-05-21 16:02:28,753 - scrapers.hackernews_scraper - INFO - 转换第 10/15 个故事: Ask HN: Do people actually pay...
2025-05-21 16:02:30,337 - scrapers.hackernews_scraper - INFO - 找到 66 条评论
2025-05-21 16:02:30,449 - scrapers.hackernews_scraper - INFO - 故事 Ask HN: Do people actually pay... 转换完成，包含 66 条评论
2025-05-21 16:02:30,449 - scrapers.hackernews_scraper - INFO - 转换第 11/15 个故事: Ask HN: Anyone working in trad...
2025-05-21 16:02:33,166 - scrapers.hackernews_scraper - INFO - 找到 10 条评论
2025-05-21 16:02:33,174 - scrapers.hackernews_scraper - INFO - 故事 Ask HN: Anyone working in trad... 转换完成，包含 10 条评论
2025-05-21 16:02:33,174 - scrapers.hackernews_scraper - INFO - 转换第 12/15 个故事: Ask HN: Is there a Wikipedia o...
2025-05-21 16:02:36,082 - scrapers.hackernews_scraper - INFO - 找到 8 条评论
2025-05-21 16:02:36,088 - scrapers.hackernews_scraper - INFO - 故事 Ask HN: Is there a Wikipedia o... 转换完成，包含 8 条评论
2025-05-21 16:02:36,088 - scrapers.hackernews_scraper - INFO - 转换第 13/15 个故事: Ask HN: We built a travel app ...
2025-05-21 16:02:38,524 - scrapers.hackernews_scraper - INFO - 找到 7 条评论
2025-05-21 16:02:38,529 - scrapers.hackernews_scraper - INFO - 故事 Ask HN: We built a travel app ... 转换完成，包含 7 条评论
2025-05-21 16:02:38,529 - scrapers.hackernews_scraper - INFO - 转换第 14/15 个故事: Ask HN: How do you handle lice...
2025-05-21 16:02:40,290 - scrapers.hackernews_scraper - INFO - 找到 4 条评论
2025-05-21 16:02:40,293 - scrapers.hackernews_scraper - INFO - 故事 Ask HN: How do you handle lice... 转换完成，包含 4 条评论
2025-05-21 16:02:40,293 - scrapers.hackernews_scraper - INFO - 转换第 15/15 个故事: Ask HN: Tech Behind the "Magic...
2025-05-21 16:02:43,332 - scrapers.hackernews_scraper - INFO - 找到 2 条评论
2025-05-21 16:02:43,333 - scrapers.hackernews_scraper - INFO - 故事 Ask HN: Tech Behind the "Magic... 转换完成，包含 2 条评论
2025-05-21 16:02:43,333 - scrapers.hackernews_scraper - INFO - 共转换 15 个故事为统一格式
2025-05-21 16:02:43,333 - scrapers.hackernews_scraper - INFO - 爬取完成，共获取 15 个Ask HN故事
2025-05-21 16:02:43,677 - utils.storage_utils - INFO - 已更新源索引: hackernews
2025-05-21 16:02:43,680 - utils.storage_utils - INFO - 数据已保存到 data/hackernews/week_2025-05-19.json
2025-05-21 16:02:43,681 - scrapers.base_scraper - INFO - 数据已保存到 data/hackernews/week_2025-05-19.json
2025-05-21 16:02:43,681 - scrapers.base_scraper - INFO - 成功爬取 Hacker News 的数据
2025-05-21 16:02:43,682 - __main__ - INFO - 完成: 1/3 个爬虫成功运行
2025-05-21 16:02:43,923 - __main__ - INFO - 归档所有源的旧数据
2025-05-21 16:02:43,923 - __main__ - INFO - 源 jandan 归档 无需归档
2025-05-21 16:02:43,923 - __main__ - INFO - 源 reddit 归档 无需归档
2025-05-21 16:02:43,924 - __main__ - INFO - 源 hackernews 归档 无需归档
