2025-12-10 16:02:45,962 - __main__ - INFO - 运行所有爬虫
2025-12-10 16:02:45,962 - scrapers.jandan_scraper - INFO - JandanScraper初始化完成
2025-12-10 16:02:45,962 - scrapers.base_scraper - INFO - 开始爬取 煎蛋网
2025-12-10 16:02:45,962 - scrapers.jandan_scraper - INFO - 开始爬取煎蛋热评
2025-12-10 16:02:49,929 - scrapers.jandan_scraper - INFO - 成功获取HTML内容，长度: 24797
2025-12-10 16:02:49,929 - scrapers.jandan_scraper - INFO - 调试: 手动获取评论 5877984 的吐槽数据
2025-12-10 16:02:49,929 - scrapers.jandan_scraper - INFO - 获取评论 5877984 的吐槽内容: https://jandan.net/api/tucao/list/5877984
2025-12-10 16:02:52,769 - scrapers.jandan_scraper - INFO - 评论 5877984 获取到 1 条热门吐槽, 3 条普通吐槽
2025-12-10 16:02:52,769 - scrapers.jandan_scraper - INFO - 调试: 评论 5877984 获取到 1 条热门吐槽, 3 条普通吐槽
2025-12-10 16:02:52,769 - scrapers.jandan_scraper - INFO - 开始解析页面中的评论
2025-12-10 16:02:52,769 - scrapers.jandan_scraper - INFO - 开始解析HTML内容, 长度: 24797
2025-12-10 16:02:52,777 - scrapers.jandan_scraper - INFO - 找到 0 条热门评论
2025-12-10 16:02:52,778 - scrapers.jandan_scraper - INFO - 解析完成，获取到 0 条评论
2025-12-10 16:02:52,778 - scrapers.jandan_scraper - INFO - 开始转换评论为统一格式
2025-12-10 16:02:52,778 - scrapers.jandan_scraper - INFO - 开始转换 0 条评论到统一格式
2025-12-10 16:02:52,778 - scrapers.jandan_scraper - INFO - 共转换 0 条评论为统一格式
2025-12-10 16:02:52,778 - scrapers.jandan_scraper - INFO - 爬取完成，共获取 0 条热评
2025-12-10 16:02:52,778 - scrapers.base_scraper - ERROR - 爬取 煎蛋网 失败
2025-12-10 16:02:52,778 - scrapers.reddit_scraper - INFO - RedditScraper初始化完成
2025-12-10 16:02:52,779 - scrapers.base_scraper - INFO - 开始爬取 Reddit
2025-12-10 16:02:52,779 - scrapers.reddit_scraper - INFO - 开始爬取Reddit r/confessions每周热门帖子
2025-12-10 16:02:55,787 - utils.http_utils - ERROR - 请求失败: https://www.reddit.com/r/confessions/top/.json?t=week&limit=10, 错误: 403 Client Error: Blocked for url: https://www.reddit.com/r/confessions/top/.json?t=week&limit=10
2025-12-10 16:02:55,787 - scrapers.reddit_scraper - ERROR - 获取API数据失败: 403 Client Error: Blocked for url: https://www.reddit.com/r/confessions/top/.json?t=week&limit=10
2025-12-10 16:02:55,787 - scrapers.base_scraper - ERROR - 爬取 Reddit 失败
2025-12-10 16:02:55,788 - scrapers.hackernews_scraper - INFO - HackerNewsScraper初始化完成
2025-12-10 16:02:55,788 - scrapers.base_scraper - INFO - 开始爬取 Hacker News
2025-12-10 16:02:55,788 - scrapers.hackernews_scraper - INFO - 开始爬取Hacker News Ask HN帖子
2025-12-10 16:02:55,788 - scrapers.hackernews_scraper - INFO - 获取Ask HN页面: https://news.ycombinator.com/ask
2025-12-10 16:02:58,052 - scrapers.hackernews_scraper - INFO - 找到 20 个帖子行
2025-12-10 16:02:58,054 - scrapers.hackernews_scraper - INFO - 成功解析故事: Ask HN: How do small businesse..., 作者=duckkg5, 点赞=2, 评论=0
2025-12-10 16:02:58,054 - scrapers.hackernews_scraper - INFO - 成功解析故事: Ask HN: Is there a "good" (non..., 作者=xrd, 点赞=2, 评论=0
2025-12-10 16:02:58,055 - scrapers.hackernews_scraper - INFO - 成功解析故事: Ask HN: Should "I asked $AI, a..., 作者=embedding-shape, 点赞=919, 评论=0
2025-12-10 16:02:58,055 - scrapers.hackernews_scraper - INFO - 成功解析故事: Ask HN: How can I learn smartp..., 作者=rishikeshs, 点赞=2, 评论=0
2025-12-10 16:02:58,056 - scrapers.hackernews_scraper - INFO - 成功解析故事: Ask HN: Is it still worth lear..., 作者=xparadigm, 点赞=7, 评论=0
2025-12-10 16:02:58,056 - scrapers.hackernews_scraper - INFO - 成功解析故事: Ask HN: What Are You Working O..., 作者=mchaver, 点赞=13, 评论=0
2025-12-10 16:02:58,057 - scrapers.hackernews_scraper - INFO - 成功解析故事: Ask HN: What are young technic..., 作者=drdec, 点赞=10, 评论=0
2025-12-10 16:02:58,058 - scrapers.hackernews_scraper - INFO - 成功解析故事: Ask HN: Who wants to be hired?..., 作者=whoishiring, 点赞=160, 评论=0
2025-12-10 16:02:58,058 - scrapers.hackernews_scraper - INFO - 成功解析故事: Ask HN: Quality of recent gens..., 作者=ferguess_k, 点赞=112, 评论=0
2025-12-10 16:02:58,059 - scrapers.hackernews_scraper - INFO - 成功解析故事: Ask HN: Who is hiring? (Decemb..., 作者=whoishiring, 点赞=314, 评论=0
2025-12-10 16:02:58,059 - scrapers.hackernews_scraper - INFO - 成功解析故事: Ask HN: Are there any viable A..., 作者=gooob, 点赞=12, 评论=0
2025-12-10 16:02:58,060 - scrapers.hackernews_scraper - INFO - 成功解析故事: Ask HN: Modern C# book for exp..., 作者=Fire-Dragon-DoL, 点赞=30, 评论=0
2025-12-10 16:02:58,061 - scrapers.hackernews_scraper - INFO - 成功解析故事: Ask HN: Cloudflare WAF Alterna..., 作者=rco8786, 点赞=28, 评论=0
2025-12-10 16:02:58,061 - scrapers.hackernews_scraper - INFO - 成功解析故事: Ask HN: Is it just me or techn..., 作者=shubhamjain, 点赞=36, 评论=0
2025-12-10 16:02:58,061 - scrapers.hackernews_scraper - INFO - 成功解析 14 个Ask HN故事
2025-12-10 16:02:58,061 - scrapers.hackernews_scraper - INFO - 开始转换 14 个故事到统一格式
2025-12-10 16:02:58,061 - scrapers.hackernews_scraper - INFO - 转换第 1/14 个故事: Ask HN: How do small businesse...
2025-12-10 16:02:59,775 - scrapers.hackernews_scraper - INFO - 找到 2 条评论
2025-12-10 16:02:59,776 - scrapers.hackernews_scraper - INFO - 故事 Ask HN: How do small businesse... 转换完成，包含 2 条评论
2025-12-10 16:02:59,776 - scrapers.hackernews_scraper - INFO - 转换第 2/14 个故事: Ask HN: Is there a "good" (non...
2025-12-10 16:03:02,416 - scrapers.hackernews_scraper - INFO - 找到 1 条评论
2025-12-10 16:03:02,417 - scrapers.hackernews_scraper - INFO - 故事 Ask HN: Is there a "good" (non... 转换完成，包含 1 条评论
2025-12-10 16:03:02,417 - scrapers.hackernews_scraper - INFO - 转换第 3/14 个故事: Ask HN: Should "I asked $AI, a...
2025-12-10 16:03:05,075 - scrapers.hackernews_scraper - INFO - 找到 451 条评论
2025-12-10 16:03:08,323 - scrapers.hackernews_scraper - INFO - 故事 Ask HN: Should "I asked $AI, a... 转换完成，包含 100 条评论
2025-12-10 16:03:08,324 - scrapers.hackernews_scraper - INFO - 转换第 4/14 个故事: Ask HN: How can I learn smartp...
2025-12-10 16:03:10,592 - scrapers.hackernews_scraper - INFO - 找到 0 条评论
2025-12-10 16:03:10,592 - scrapers.hackernews_scraper - INFO - 故事 Ask HN: How can I learn smartp... 转换完成，包含 0 条评论
2025-12-10 16:03:10,592 - scrapers.hackernews_scraper - INFO - 转换第 5/14 个故事: Ask HN: Is it still worth lear...
2025-12-10 16:03:11,965 - scrapers.hackernews_scraper - INFO - 找到 11 条评论
2025-12-10 16:03:11,972 - scrapers.hackernews_scraper - INFO - 故事 Ask HN: Is it still worth lear... 转换完成，包含 11 条评论
2025-12-10 16:03:11,972 - scrapers.hackernews_scraper - INFO - 转换第 6/14 个故事: Ask HN: What Are You Working O...
2025-12-10 16:03:13,821 - scrapers.hackernews_scraper - INFO - 找到 24 条评论
2025-12-10 16:03:13,841 - scrapers.hackernews_scraper - INFO - 故事 Ask HN: What Are You Working O... 转换完成，包含 24 条评论
2025-12-10 16:03:13,841 - scrapers.hackernews_scraper - INFO - 转换第 7/14 个故事: Ask HN: What are young technic...
2025-12-10 16:03:15,365 - scrapers.hackernews_scraper - INFO - 找到 9 条评论
2025-12-10 16:03:15,370 - scrapers.hackernews_scraper - INFO - 故事 Ask HN: What are young technic... 转换完成，包含 9 条评论
2025-12-10 16:03:15,371 - scrapers.hackernews_scraper - INFO - 转换第 8/14 个故事: Ask HN: Who wants to be hired?...
2025-12-10 16:03:18,271 - scrapers.hackernews_scraper - INFO - 找到 428 条评论
2025-12-10 16:03:21,788 - scrapers.hackernews_scraper - INFO - 故事 Ask HN: Who wants to be hired?... 转换完成，包含 100 条评论
2025-12-10 16:03:21,788 - scrapers.hackernews_scraper - INFO - 转换第 9/14 个故事: Ask HN: Quality of recent gens...
2025-12-10 16:03:24,328 - scrapers.hackernews_scraper - INFO - 找到 206 条评论
2025-12-10 16:03:25,052 - scrapers.hackernews_scraper - INFO - 故事 Ask HN: Quality of recent gens... 转换完成，包含 100 条评论
2025-12-10 16:03:25,052 - scrapers.hackernews_scraper - INFO - 转换第 10/14 个故事: Ask HN: Who is hiring? (Decemb...
2025-12-10 16:03:27,910 - scrapers.hackernews_scraper - INFO - 找到 524 条评论
2025-12-10 16:03:32,905 - scrapers.hackernews_scraper - INFO - 故事 Ask HN: Who is hiring? (Decemb... 转换完成，包含 100 条评论
2025-12-10 16:03:32,905 - scrapers.hackernews_scraper - INFO - 转换第 11/14 个故事: Ask HN: Are there any viable A...
2025-12-10 16:03:34,754 - scrapers.hackernews_scraper - INFO - 找到 6 条评论
2025-12-10 16:03:34,758 - scrapers.hackernews_scraper - INFO - 故事 Ask HN: Are there any viable A... 转换完成，包含 6 条评论
2025-12-10 16:03:34,758 - scrapers.hackernews_scraper - INFO - 转换第 12/14 个故事: Ask HN: Modern C# book for exp...
2025-12-10 16:03:35,891 - scrapers.hackernews_scraper - INFO - 找到 7 条评论
2025-12-10 16:03:35,896 - scrapers.hackernews_scraper - INFO - 故事 Ask HN: Modern C# book for exp... 转换完成，包含 7 条评论
2025-12-10 16:03:35,896 - scrapers.hackernews_scraper - INFO - 转换第 13/14 个故事: Ask HN: Cloudflare WAF Alterna...
2025-12-10 16:03:37,054 - scrapers.hackernews_scraper - INFO - 找到 15 条评论
2025-12-10 16:03:37,065 - scrapers.hackernews_scraper - INFO - 故事 Ask HN: Cloudflare WAF Alterna... 转换完成，包含 15 条评论
2025-12-10 16:03:37,065 - scrapers.hackernews_scraper - INFO - 转换第 14/14 个故事: Ask HN: Is it just me or techn...
2025-12-10 16:03:39,515 - scrapers.hackernews_scraper - INFO - 找到 38 条评论
2025-12-10 16:03:39,555 - scrapers.hackernews_scraper - INFO - 故事 Ask HN: Is it just me or techn... 转换完成，包含 38 条评论
2025-12-10 16:03:39,555 - scrapers.hackernews_scraper - INFO - 共转换 14 个故事为统一格式
2025-12-10 16:03:39,555 - scrapers.hackernews_scraper - INFO - 爬取完成，共获取 14 个Ask HN故事
2025-12-10 16:03:40,070 - utils.storage_utils - INFO - 已更新源索引: hackernews
2025-12-10 16:03:40,071 - utils.storage_utils - INFO - 数据已保存到 data/hackernews/week_2025-12-08.json
2025-12-10 16:03:40,072 - scrapers.base_scraper - INFO - 数据已保存到 data/hackernews/week_2025-12-08.json
2025-12-10 16:03:40,072 - scrapers.base_scraper - INFO - 成功爬取 Hacker News 的数据
2025-12-10 16:03:40,073 - __main__ - INFO - 完成: 1/3 个爬虫成功运行
2025-12-10 16:03:40,290 - __main__ - INFO - 归档所有源的旧数据
2025-12-10 16:03:40,290 - __main__ - INFO - 源 jandan 归档 无需归档
2025-12-10 16:03:40,290 - __main__ - INFO - 源 reddit 归档 无需归档
2025-12-10 16:03:40,291 - __main__ - INFO - 源 hackernews 归档 无需归档
