2025-12-18 16:02:17,762 - __main__ - INFO - 运行所有爬虫
2025-12-18 16:02:17,763 - scrapers.jandan_scraper - INFO - JandanScraper初始化完成
2025-12-18 16:02:17,763 - scrapers.base_scraper - INFO - 开始爬取 煎蛋网
2025-12-18 16:02:17,763 - scrapers.jandan_scraper - INFO - 开始爬取煎蛋热评
2025-12-18 16:02:22,569 - scrapers.jandan_scraper - INFO - 成功获取HTML内容，长度: 24797
2025-12-18 16:02:22,569 - scrapers.jandan_scraper - INFO - 调试: 手动获取评论 5877984 的吐槽数据
2025-12-18 16:02:22,569 - scrapers.jandan_scraper - INFO - 获取评论 5877984 的吐槽内容: https://jandan.net/api/tucao/list/5877984
2025-12-18 16:02:25,528 - scrapers.jandan_scraper - INFO - 评论 5877984 获取到 1 条热门吐槽, 3 条普通吐槽
2025-12-18 16:02:25,528 - scrapers.jandan_scraper - INFO - 调试: 评论 5877984 获取到 1 条热门吐槽, 3 条普通吐槽
2025-12-18 16:02:25,528 - scrapers.jandan_scraper - INFO - 开始解析页面中的评论
2025-12-18 16:02:25,528 - scrapers.jandan_scraper - INFO - 开始解析HTML内容, 长度: 24797
2025-12-18 16:02:25,536 - scrapers.jandan_scraper - INFO - 找到 0 条热门评论
2025-12-18 16:02:25,537 - scrapers.jandan_scraper - INFO - 解析完成，获取到 0 条评论
2025-12-18 16:02:25,537 - scrapers.jandan_scraper - INFO - 开始转换评论为统一格式
2025-12-18 16:02:25,537 - scrapers.jandan_scraper - INFO - 开始转换 0 条评论到统一格式
2025-12-18 16:02:25,537 - scrapers.jandan_scraper - INFO - 共转换 0 条评论为统一格式
2025-12-18 16:02:25,537 - scrapers.jandan_scraper - INFO - 爬取完成，共获取 0 条热评
2025-12-18 16:02:25,537 - scrapers.base_scraper - ERROR - 爬取 煎蛋网 失败
2025-12-18 16:02:25,537 - scrapers.reddit_scraper - INFO - RedditScraper初始化完成
2025-12-18 16:02:25,538 - scrapers.base_scraper - INFO - 开始爬取 Reddit
2025-12-18 16:02:25,538 - scrapers.reddit_scraper - INFO - 开始爬取Reddit r/confessions每周热门帖子
2025-12-18 16:02:28,118 - utils.http_utils - ERROR - 请求失败: https://www.reddit.com/r/confessions/top/.json?t=week&limit=10, 错误: 403 Client Error: Blocked for url: https://www.reddit.com/r/confessions/top/.json?t=week&limit=10
2025-12-18 16:02:28,119 - scrapers.reddit_scraper - ERROR - 获取API数据失败: 403 Client Error: Blocked for url: https://www.reddit.com/r/confessions/top/.json?t=week&limit=10
2025-12-18 16:02:28,119 - scrapers.base_scraper - ERROR - 爬取 Reddit 失败
2025-12-18 16:02:28,119 - scrapers.hackernews_scraper - INFO - HackerNewsScraper初始化完成
2025-12-18 16:02:28,120 - scrapers.base_scraper - INFO - 开始爬取 Hacker News
2025-12-18 16:02:28,120 - scrapers.hackernews_scraper - INFO - 开始爬取Hacker News Ask HN帖子
2025-12-18 16:02:28,120 - scrapers.hackernews_scraper - INFO - 获取Ask HN页面: https://news.ycombinator.com/ask
2025-12-18 16:02:31,426 - scrapers.hackernews_scraper - INFO - 找到 30 个帖子行
2025-12-18 16:02:31,428 - scrapers.hackernews_scraper - INFO - 成功解析故事: Ask HN: Those making $500/mont..., 作者=cvbox, 点赞=347, 评论=0
2025-12-18 16:02:31,429 - scrapers.hackernews_scraper - INFO - 成功解析故事: Ask HN: Should I Open Source E..., 作者=tomfox2, 点赞=5, 评论=0
2025-12-18 16:02:31,429 - scrapers.hackernews_scraper - INFO - 成功解析故事: Ask HN: If you had to get a no..., 作者=highwayman47, 点赞=2, 评论=0
2025-12-18 16:02:31,430 - scrapers.hackernews_scraper - INFO - 成功解析故事: Ask HN: Does anyone understand..., 作者=jannesblobel, 点赞=135, 评论=0
2025-12-18 16:02:31,430 - scrapers.hackernews_scraper - INFO - 成功解析故事: Ask HN: Why do official-lookin..., 作者=BianDan, 点赞=4, 评论=0
2025-12-18 16:02:31,431 - scrapers.hackernews_scraper - INFO - 成功解析故事: Ask HN: What Are You Working O..., 作者=david927, 点赞=437, 评论=0
2025-12-18 16:02:31,432 - scrapers.hackernews_scraper - INFO - 成功解析故事: Ask HN: Decentralized Auth for..., 作者=vxsz, 点赞=2, 评论=0
2025-12-18 16:02:31,432 - scrapers.hackernews_scraper - INFO - 成功解析故事: Ask HN: Etiquette giving feedb..., 作者=chfritz, 点赞=4, 评论=0
2025-12-18 16:02:31,433 - scrapers.hackernews_scraper - INFO - 成功解析故事: Ask HN: Is RSS Still Alive?..., 作者=militanz, 点赞=6, 评论=0
2025-12-18 16:02:31,434 - scrapers.hackernews_scraper - INFO - 成功解析故事: Ask HN: Is starting a personal..., 作者=nazarh, 点赞=61, 评论=0
2025-12-18 16:02:31,434 - scrapers.hackernews_scraper - INFO - 成功解析故事: Ask HN: Is building a calm, no..., 作者=hussein-khalil, 点赞=86, 评论=0
2025-12-18 16:02:31,435 - scrapers.hackernews_scraper - INFO - 成功解析故事: Ask HN: Should I start a softw..., 作者=strgcmc, 点赞=6, 评论=0
2025-12-18 16:02:31,435 - scrapers.hackernews_scraper - INFO - 成功解析故事: Ask HN: What are your predicti..., 作者=mfrw, 点赞=24, 评论=0
2025-12-18 16:02:31,436 - scrapers.hackernews_scraper - INFO - 成功解析故事: Ask HN: How can I get better a..., 作者=lemonlime227, 点赞=466, 评论=0
2025-12-18 16:02:31,437 - scrapers.hackernews_scraper - INFO - 成功解析故事: Ask HN: How are you vibe codin..., 作者=adam_gyroscope, 点赞=10, 评论=0
2025-12-18 16:02:31,437 - scrapers.hackernews_scraper - INFO - 成功解析 15 个Ask HN故事
2025-12-18 16:02:31,437 - scrapers.hackernews_scraper - INFO - 开始转换 15 个故事到统一格式
2025-12-18 16:02:31,437 - scrapers.hackernews_scraper - INFO - 转换第 1/15 个故事: Ask HN: Those making $500/mont...
2025-12-18 16:02:34,944 - scrapers.hackernews_scraper - INFO - 找到 364 条评论
2025-12-18 16:02:37,143 - scrapers.hackernews_scraper - INFO - 故事 Ask HN: Those making $500/mont... 转换完成，包含 100 条评论
2025-12-18 16:02:37,144 - scrapers.hackernews_scraper - INFO - 转换第 2/15 个故事: Ask HN: Should I Open Source E...
2025-12-18 16:02:39,231 - scrapers.hackernews_scraper - INFO - 找到 3 条评论
2025-12-18 16:02:39,233 - scrapers.hackernews_scraper - INFO - 故事 Ask HN: Should I Open Source E... 转换完成，包含 3 条评论
2025-12-18 16:02:39,233 - scrapers.hackernews_scraper - INFO - 转换第 3/15 个故事: Ask HN: If you had to get a no...
2025-12-18 16:02:40,776 - scrapers.hackernews_scraper - INFO - 找到 1 条评论
2025-12-18 16:02:40,777 - scrapers.hackernews_scraper - INFO - 故事 Ask HN: If you had to get a no... 转换完成，包含 1 条评论
2025-12-18 16:02:40,777 - scrapers.hackernews_scraper - INFO - 转换第 4/15 个故事: Ask HN: Does anyone understand...
2025-12-18 16:02:43,144 - scrapers.hackernews_scraper - INFO - 找到 173 条评论
2025-12-18 16:02:43,697 - scrapers.hackernews_scraper - INFO - 故事 Ask HN: Does anyone understand... 转换完成，包含 100 条评论
2025-12-18 16:02:43,697 - scrapers.hackernews_scraper - INFO - 转换第 5/15 个故事: Ask HN: Why do official-lookin...
2025-12-18 16:02:45,785 - scrapers.hackernews_scraper - INFO - 找到 4 条评论
2025-12-18 16:02:45,788 - scrapers.hackernews_scraper - INFO - 故事 Ask HN: Why do official-lookin... 转换完成，包含 4 条评论
2025-12-18 16:02:45,788 - scrapers.hackernews_scraper - INFO - 转换第 6/15 个故事: Ask HN: What Are You Working O...
2025-12-18 16:02:53,001 - scrapers.hackernews_scraper - INFO - 找到 1430 条评论
2025-12-18 16:03:29,889 - scrapers.hackernews_scraper - INFO - 故事 Ask HN: What Are You Working O... 转换完成，包含 100 条评论
2025-12-18 16:03:29,889 - scrapers.hackernews_scraper - INFO - 转换第 7/15 个故事: Ask HN: Decentralized Auth for...
2025-12-18 16:03:32,538 - scrapers.hackernews_scraper - INFO - 找到 2 条评论
2025-12-18 16:03:32,539 - scrapers.hackernews_scraper - INFO - 故事 Ask HN: Decentralized Auth for... 转换完成，包含 2 条评论
2025-12-18 16:03:32,539 - scrapers.hackernews_scraper - INFO - 转换第 8/15 个故事: Ask HN: Etiquette giving feedb...
2025-12-18 16:03:35,633 - scrapers.hackernews_scraper - INFO - 找到 4 条评论
2025-12-18 16:03:35,635 - scrapers.hackernews_scraper - INFO - 故事 Ask HN: Etiquette giving feedb... 转换完成，包含 4 条评论
2025-12-18 16:03:35,635 - scrapers.hackernews_scraper - INFO - 转换第 9/15 个故事: Ask HN: Is RSS Still Alive?...
2025-12-18 16:03:37,272 - scrapers.hackernews_scraper - INFO - 找到 7 条评论
2025-12-18 16:03:37,276 - scrapers.hackernews_scraper - INFO - 故事 Ask HN: Is RSS Still Alive?... 转换完成，包含 7 条评论
2025-12-18 16:03:37,276 - scrapers.hackernews_scraper - INFO - 转换第 10/15 个故事: Ask HN: Is starting a personal...
2025-12-18 16:03:40,251 - scrapers.hackernews_scraper - INFO - 找到 75 条评论
2025-12-18 16:03:40,370 - scrapers.hackernews_scraper - INFO - 故事 Ask HN: Is starting a personal... 转换完成，包含 75 条评论
2025-12-18 16:03:40,370 - scrapers.hackernews_scraper - INFO - 转换第 11/15 个故事: Ask HN: Is building a calm, no...
2025-12-18 16:03:43,092 - scrapers.hackernews_scraper - INFO - 找到 122 条评论
2025-12-18 16:03:43,380 - scrapers.hackernews_scraper - INFO - 故事 Ask HN: Is building a calm, no... 转换完成，包含 100 条评论
2025-12-18 16:03:43,380 - scrapers.hackernews_scraper - INFO - 转换第 12/15 个故事: Ask HN: Should I start a softw...
2025-12-18 16:03:46,120 - scrapers.hackernews_scraper - INFO - 找到 0 条评论
2025-12-18 16:03:46,121 - scrapers.hackernews_scraper - INFO - 故事 Ask HN: Should I start a softw... 转换完成，包含 0 条评论
2025-12-18 16:03:46,121 - scrapers.hackernews_scraper - INFO - 转换第 13/15 个故事: Ask HN: What are your predicti...
2025-12-18 16:03:47,457 - scrapers.hackernews_scraper - INFO - 找到 20 条评论
2025-12-18 16:03:47,473 - scrapers.hackernews_scraper - INFO - 故事 Ask HN: What are your predicti... 转换完成，包含 20 条评论
2025-12-18 16:03:47,473 - scrapers.hackernews_scraper - INFO - 转换第 14/15 个故事: Ask HN: How can I get better a...
2025-12-18 16:03:50,449 - scrapers.hackernews_scraper - INFO - 找到 466 条评论
2025-12-18 16:03:53,857 - scrapers.hackernews_scraper - INFO - 故事 Ask HN: How can I get better a... 转换完成，包含 100 条评论
2025-12-18 16:03:53,857 - scrapers.hackernews_scraper - INFO - 转换第 15/15 个故事: Ask HN: How are you vibe codin...
2025-12-18 16:03:55,552 - scrapers.hackernews_scraper - INFO - 找到 7 条评论
2025-12-18 16:03:55,557 - scrapers.hackernews_scraper - INFO - 故事 Ask HN: How are you vibe codin... 转换完成，包含 7 条评论
2025-12-18 16:03:55,557 - scrapers.hackernews_scraper - INFO - 共转换 15 个故事为统一格式
2025-12-18 16:03:55,557 - scrapers.hackernews_scraper - INFO - 爬取完成，共获取 15 个Ask HN故事
2025-12-18 16:03:56,012 - utils.storage_utils - INFO - 已更新源索引: hackernews
2025-12-18 16:03:56,014 - utils.storage_utils - INFO - 数据已保存到 data/hackernews/week_2025-12-15.json
2025-12-18 16:03:56,015 - scrapers.base_scraper - INFO - 数据已保存到 data/hackernews/week_2025-12-15.json
2025-12-18 16:03:56,015 - scrapers.base_scraper - INFO - 成功爬取 Hacker News 的数据
2025-12-18 16:03:56,016 - __main__ - INFO - 完成: 1/3 个爬虫成功运行
2025-12-18 16:03:56,230 - __main__ - INFO - 归档所有源的旧数据
2025-12-18 16:03:56,230 - __main__ - INFO - 源 jandan 归档 无需归档
2025-12-18 16:03:56,231 - __main__ - INFO - 源 reddit 归档 无需归档
2025-12-18 16:03:56,231 - __main__ - INFO - 源 hackernews 归档 无需归档
