2026-04-23 16:29:58,201 - __main__ - INFO - 运行所有爬虫
2026-04-23 16:29:58,201 - scrapers.jandan_scraper - INFO - JandanScraper初始化完成
2026-04-23 16:29:58,201 - scrapers.base_scraper - INFO - 开始爬取 煎蛋网
2026-04-23 16:29:58,201 - scrapers.jandan_scraper - INFO - 开始爬取煎蛋热评
2026-04-23 16:30:02,027 - scrapers.jandan_scraper - INFO - 成功获取HTML内容，长度: 27382
2026-04-23 16:30:02,027 - scrapers.jandan_scraper - INFO - 调试: 手动获取评论 5877984 的吐槽数据
2026-04-23 16:30:02,027 - scrapers.jandan_scraper - INFO - 获取评论 5877984 的吐槽内容: https://jandan.net/api/tucao/list/5877984
2026-04-23 16:30:03,721 - scrapers.jandan_scraper - INFO - 评论 5877984 获取到 1 条热门吐槽, 3 条普通吐槽
2026-04-23 16:30:03,721 - scrapers.jandan_scraper - INFO - 调试: 评论 5877984 获取到 1 条热门吐槽, 3 条普通吐槽
2026-04-23 16:30:03,721 - scrapers.jandan_scraper - INFO - 开始解析页面中的评论
2026-04-23 16:30:03,721 - scrapers.jandan_scraper - INFO - 开始解析HTML内容, 长度: 27382
2026-04-23 16:30:03,730 - scrapers.jandan_scraper - INFO - 找到 0 条热门评论
2026-04-23 16:30:03,730 - scrapers.jandan_scraper - INFO - 解析完成，获取到 0 条评论
2026-04-23 16:30:03,730 - scrapers.jandan_scraper - INFO - 开始转换评论为统一格式
2026-04-23 16:30:03,730 - scrapers.jandan_scraper - INFO - 开始转换 0 条评论到统一格式
2026-04-23 16:30:03,730 - scrapers.jandan_scraper - INFO - 共转换 0 条评论为统一格式
2026-04-23 16:30:03,730 - scrapers.jandan_scraper - INFO - 爬取完成，共获取 0 条热评
2026-04-23 16:30:03,730 - scrapers.base_scraper - ERROR - 爬取 煎蛋网 失败
2026-04-23 16:30:03,731 - scrapers.reddit_scraper - INFO - RedditScraper初始化完成
2026-04-23 16:30:03,732 - scrapers.base_scraper - INFO - 开始爬取 Reddit
2026-04-23 16:30:03,732 - scrapers.reddit_scraper - INFO - 开始爬取Reddit r/confessions每周热门帖子
2026-04-23 16:30:06,033 - utils.http_utils - ERROR - 请求失败: https://www.reddit.com/r/confessions/top/.json?t=week&limit=10, 错误: 403 Client Error: Blocked for url: https://www.reddit.com/r/confessions/top/.json?t=week&limit=10
2026-04-23 16:30:06,034 - scrapers.reddit_scraper - ERROR - 获取API数据失败: 403 Client Error: Blocked for url: https://www.reddit.com/r/confessions/top/.json?t=week&limit=10
2026-04-23 16:30:06,034 - scrapers.base_scraper - ERROR - 爬取 Reddit 失败
2026-04-23 16:30:06,034 - scrapers.hackernews_scraper - INFO - HackerNewsScraper初始化完成
2026-04-23 16:30:06,034 - scrapers.base_scraper - INFO - 开始爬取 Hacker News
2026-04-23 16:30:06,034 - scrapers.hackernews_scraper - INFO - 开始爬取Hacker News Ask HN帖子
2026-04-23 16:30:06,035 - scrapers.hackernews_scraper - INFO - 获取Ask HN页面: https://news.ycombinator.com/ask
2026-04-23 16:30:07,770 - scrapers.hackernews_scraper - INFO - 找到 25 个帖子行
2026-04-23 16:30:07,772 - scrapers.hackernews_scraper - INFO - 成功解析故事: Ask HN: Would you take a job p..., 作者=smackeyacky, 点赞=6, 评论=0
2026-04-23 16:30:07,773 - scrapers.hackernews_scraper - INFO - 成功解析故事: Ask HN: What's your favorite E..., 作者=blenderob, 点赞=3, 评论=0
2026-04-23 16:30:07,774 - scrapers.hackernews_scraper - INFO - 成功解析故事: Ask HN: How to solve the cold ..., 作者=alegd, 点赞=145, 评论=0
2026-04-23 16:30:07,775 - scrapers.hackernews_scraper - INFO - 成功解析故事: Ask HN: How did you land your ..., 作者=modelcroissant, 点赞=300, 评论=0
2026-04-23 16:30:07,775 - scrapers.hackernews_scraper - INFO - 成功解析故事: Ask HN: How are you handling d..., 作者=preston-kwei, 点赞=2, 评论=0
2026-04-23 16:30:07,776 - scrapers.hackernews_scraper - INFO - 成功解析故事: Ask HN: What skills are future..., 作者=sunny678, 点赞=31, 评论=0
2026-04-23 16:30:07,777 - scrapers.hackernews_scraper - INFO - 成功解析故事: Ask HN: Are cloud coding agent..., 作者=Rperry2174, 点赞=3, 评论=0
2026-04-23 16:30:07,778 - scrapers.hackernews_scraper - INFO - 成功解析故事: Ask HN: What Would Make Stack ..., 作者=nnurmanov, 点赞=10, 评论=0
2026-04-23 16:30:07,778 - scrapers.hackernews_scraper - INFO - 成功解析故事: Ask HN: Are there any engineer..., 作者=jppope, 点赞=2, 评论=0
2026-04-23 16:30:07,780 - scrapers.hackernews_scraper - INFO - 成功解析故事: Ask HN: What makes a good Prod..., 作者=chairhairair, 点赞=11, 评论=0
2026-04-23 16:30:07,780 - scrapers.hackernews_scraper - INFO - 成功解析故事: Ask HN: Is GitHub's #1 repo fa..., 作者=throwawaysoso, 点赞=11, 评论=0
2026-04-23 16:30:07,781 - scrapers.hackernews_scraper - INFO - 成功解析 11 个Ask HN故事
2026-04-23 16:30:07,781 - scrapers.hackernews_scraper - INFO - 开始转换 11 个故事到统一格式
2026-04-23 16:30:07,781 - scrapers.hackernews_scraper - INFO - 转换第 1/11 个故事: Ask HN: Would you take a job p...
2026-04-23 16:30:10,447 - scrapers.hackernews_scraper - INFO - 找到 11 条评论
2026-04-23 16:30:10,454 - scrapers.hackernews_scraper - INFO - 故事 Ask HN: Would you take a job p... 转换完成，包含 11 条评论
2026-04-23 16:30:10,454 - scrapers.hackernews_scraper - INFO - 转换第 2/11 个故事: Ask HN: What's your favorite E...
2026-04-23 16:30:12,995 - scrapers.hackernews_scraper - INFO - 找到 3 条评论
2026-04-23 16:30:12,997 - scrapers.hackernews_scraper - INFO - 故事 Ask HN: What's your favorite E... 转换完成，包含 3 条评论
2026-04-23 16:30:12,997 - scrapers.hackernews_scraper - INFO - 转换第 3/11 个故事: Ask HN: How to solve the cold ...
2026-04-23 16:30:15,633 - utils.http_utils - ERROR - 请求失败: https://news.ycombinator.com/item?id=47834213, 错误: 429 Client Error: Too Many Requests for url: https://news.ycombinator.com/item?id=47834213
2026-04-23 16:30:15,633 - scrapers.hackernews_scraper - ERROR - 获取故事详情失败: 47834213
2026-04-23 16:30:18,524 - utils.http_utils - ERROR - 请求失败: https://news.ycombinator.com/item?id=47834213, 错误: 429 Client Error: Too Many Requests for url: https://news.ycombinator.com/item?id=47834213
2026-04-23 16:30:18,524 - scrapers.hackernews_scraper - ERROR - 获取故事详情失败: 47834213
2026-04-23 16:30:18,524 - scrapers.hackernews_scraper - INFO - 故事 Ask HN: How to solve the cold ... 转换完成，包含 0 条评论
2026-04-23 16:30:18,524 - scrapers.hackernews_scraper - INFO - 转换第 4/11 个故事: Ask HN: How did you land your ...
2026-04-23 16:30:21,039 - utils.http_utils - ERROR - 请求失败: https://news.ycombinator.com/item?id=47822940, 错误: 429 Client Error: Too Many Requests for url: https://news.ycombinator.com/item?id=47822940
2026-04-23 16:30:21,039 - scrapers.hackernews_scraper - ERROR - 获取故事详情失败: 47822940
2026-04-23 16:30:22,853 - utils.http_utils - ERROR - 请求失败: https://news.ycombinator.com/item?id=47822940, 错误: 429 Client Error: Too Many Requests for url: https://news.ycombinator.com/item?id=47822940
2026-04-23 16:30:22,853 - scrapers.hackernews_scraper - ERROR - 获取故事详情失败: 47822940
2026-04-23 16:30:22,853 - scrapers.hackernews_scraper - INFO - 故事 Ask HN: How did you land your ... 转换完成，包含 0 条评论
2026-04-23 16:30:22,854 - scrapers.hackernews_scraper - INFO - 转换第 5/11 个故事: Ask HN: How are you handling d...
2026-04-23 16:30:25,610 - utils.http_utils - ERROR - 请求失败: https://news.ycombinator.com/item?id=47868481, 错误: 429 Client Error: Too Many Requests for url: https://news.ycombinator.com/item?id=47868481
2026-04-23 16:30:25,610 - scrapers.hackernews_scraper - ERROR - 获取故事详情失败: 47868481
2026-04-23 16:30:27,247 - utils.http_utils - ERROR - 请求失败: https://news.ycombinator.com/item?id=47868481, 错误: 429 Client Error: Too Many Requests for url: https://news.ycombinator.com/item?id=47868481
2026-04-23 16:30:27,247 - scrapers.hackernews_scraper - ERROR - 获取故事详情失败: 47868481
2026-04-23 16:30:27,247 - scrapers.hackernews_scraper - INFO - 故事 Ask HN: How are you handling d... 转换完成，包含 0 条评论
2026-04-23 16:30:27,247 - scrapers.hackernews_scraper - INFO - 转换第 6/11 个故事: Ask HN: What skills are future...
2026-04-23 16:30:29,008 - scrapers.hackernews_scraper - INFO - 找到 71 条评论
2026-04-23 16:30:29,126 - scrapers.hackernews_scraper - INFO - 故事 Ask HN: What skills are future... 转换完成，包含 71 条评论
2026-04-23 16:30:29,126 - scrapers.hackernews_scraper - INFO - 转换第 7/11 个故事: Ask HN: Are cloud coding agent...
2026-04-23 16:30:31,474 - utils.http_utils - ERROR - 请求失败: https://news.ycombinator.com/item?id=47862274, 错误: 429 Client Error: Too Many Requests for url: https://news.ycombinator.com/item?id=47862274
2026-04-23 16:30:31,474 - scrapers.hackernews_scraper - ERROR - 获取故事详情失败: 47862274
2026-04-23 16:30:32,540 - utils.http_utils - ERROR - 请求失败: https://news.ycombinator.com/item?id=47862274, 错误: 429 Client Error: Too Many Requests for url: https://news.ycombinator.com/item?id=47862274
2026-04-23 16:30:32,541 - scrapers.hackernews_scraper - ERROR - 获取故事详情失败: 47862274
2026-04-23 16:30:32,541 - scrapers.hackernews_scraper - INFO - 故事 Ask HN: Are cloud coding agent... 转换完成，包含 0 条评论
2026-04-23 16:30:32,541 - scrapers.hackernews_scraper - INFO - 转换第 8/11 个故事: Ask HN: What Would Make Stack ...
2026-04-23 16:30:35,082 - utils.http_utils - ERROR - 请求失败: https://news.ycombinator.com/item?id=47858591, 错误: 429 Client Error: Too Many Requests for url: https://news.ycombinator.com/item?id=47858591
2026-04-23 16:30:35,082 - scrapers.hackernews_scraper - ERROR - 获取故事详情失败: 47858591
2026-04-23 16:30:38,048 - utils.http_utils - ERROR - 请求失败: https://news.ycombinator.com/item?id=47858591, 错误: 429 Client Error: Too Many Requests for url: https://news.ycombinator.com/item?id=47858591
2026-04-23 16:30:38,048 - scrapers.hackernews_scraper - ERROR - 获取故事详情失败: 47858591
2026-04-23 16:30:38,048 - scrapers.hackernews_scraper - INFO - 故事 Ask HN: What Would Make Stack ... 转换完成，包含 0 条评论
2026-04-23 16:30:38,048 - scrapers.hackernews_scraper - INFO - 转换第 9/11 个故事: Ask HN: Are there any engineer...
2026-04-23 16:30:40,279 - utils.http_utils - ERROR - 请求失败: https://news.ycombinator.com/item?id=47856082, 错误: 429 Client Error: Too Many Requests for url: https://news.ycombinator.com/item?id=47856082
2026-04-23 16:30:40,279 - scrapers.hackernews_scraper - ERROR - 获取故事详情失败: 47856082
2026-04-23 16:30:41,800 - utils.http_utils - ERROR - 请求失败: https://news.ycombinator.com/item?id=47856082, 错误: 429 Client Error: Too Many Requests for url: https://news.ycombinator.com/item?id=47856082
2026-04-23 16:30:41,800 - scrapers.hackernews_scraper - ERROR - 获取故事详情失败: 47856082
2026-04-23 16:30:41,800 - scrapers.hackernews_scraper - INFO - 故事 Ask HN: Are there any engineer... 转换完成，包含 0 条评论
2026-04-23 16:30:41,800 - scrapers.hackernews_scraper - INFO - 转换第 10/11 个故事: Ask HN: What makes a good Prod...
2026-04-23 16:30:43,511 - scrapers.hackernews_scraper - INFO - 找到 10 条评论
2026-04-23 16:30:43,517 - scrapers.hackernews_scraper - INFO - 故事 Ask HN: What makes a good Prod... 转换完成，包含 10 条评论
2026-04-23 16:30:43,517 - scrapers.hackernews_scraper - INFO - 转换第 11/11 个故事: Ask HN: Is GitHub's #1 repo fa...
2026-04-23 16:30:45,393 - utils.http_utils - ERROR - 请求失败: https://news.ycombinator.com/item?id=47836356, 错误: 429 Client Error: Too Many Requests for url: https://news.ycombinator.com/item?id=47836356
2026-04-23 16:30:45,393 - scrapers.hackernews_scraper - ERROR - 获取故事详情失败: 47836356
2026-04-23 16:30:47,128 - utils.http_utils - ERROR - 请求失败: https://news.ycombinator.com/item?id=47836356, 错误: 429 Client Error: Too Many Requests for url: https://news.ycombinator.com/item?id=47836356
2026-04-23 16:30:47,128 - scrapers.hackernews_scraper - ERROR - 获取故事详情失败: 47836356
2026-04-23 16:30:47,128 - scrapers.hackernews_scraper - INFO - 故事 Ask HN: Is GitHub's #1 repo fa... 转换完成，包含 0 条评论
2026-04-23 16:30:47,128 - scrapers.hackernews_scraper - INFO - 共转换 11 个故事为统一格式
2026-04-23 16:30:47,128 - scrapers.hackernews_scraper - INFO - 爬取完成，共获取 11 个Ask HN故事
2026-04-23 16:30:47,487 - utils.storage_utils - INFO - 已更新源索引: hackernews
2026-04-23 16:30:47,490 - utils.storage_utils - INFO - 数据已保存到 data/hackernews/week_2026-04-20.json
2026-04-23 16:30:47,490 - scrapers.base_scraper - INFO - 数据已保存到 data/hackernews/week_2026-04-20.json
2026-04-23 16:30:47,491 - scrapers.base_scraper - INFO - 成功爬取 Hacker News 的数据
2026-04-23 16:30:47,491 - __main__ - INFO - 完成: 1/3 个爬虫成功运行
2026-04-23 16:30:47,732 - __main__ - INFO - 归档所有源的旧数据
2026-04-23 16:30:47,733 - __main__ - INFO - 源 jandan 归档 无需归档
2026-04-23 16:30:47,733 - __main__ - INFO - 源 reddit 归档 无需归档
2026-04-23 16:30:47,733 - __main__ - INFO - 源 hackernews 归档 无需归档
