2026-06-09 16:50:41,602 - __main__ - INFO - 运行所有爬虫
2026-06-09 16:50:41,602 - scrapers.jandan_scraper - INFO - JandanScraper初始化完成
2026-06-09 16:50:41,602 - scrapers.base_scraper - INFO - 开始爬取 煎蛋网
2026-06-09 16:50:41,602 - scrapers.jandan_scraper - INFO - 开始爬取煎蛋热评
2026-06-09 16:50:45,182 - scrapers.jandan_scraper - INFO - 成功获取HTML内容，长度: 27824
2026-06-09 16:50:45,182 - scrapers.jandan_scraper - INFO - 调试: 手动获取评论 5877984 的吐槽数据
2026-06-09 16:50:45,182 - scrapers.jandan_scraper - INFO - 获取评论 5877984 的吐槽内容: https://jandan.net/api/tucao/list/5877984
2026-06-09 16:50:47,743 - scrapers.jandan_scraper - INFO - 评论 5877984 获取到 1 条热门吐槽, 3 条普通吐槽
2026-06-09 16:50:47,743 - scrapers.jandan_scraper - INFO - 调试: 评论 5877984 获取到 1 条热门吐槽, 3 条普通吐槽
2026-06-09 16:50:47,743 - scrapers.jandan_scraper - INFO - 开始解析页面中的评论
2026-06-09 16:50:47,743 - scrapers.jandan_scraper - INFO - 开始解析HTML内容, 长度: 27824
2026-06-09 16:50:47,751 - scrapers.jandan_scraper - INFO - 找到 0 条热门评论
2026-06-09 16:50:47,751 - scrapers.jandan_scraper - INFO - 解析完成，获取到 0 条评论
2026-06-09 16:50:47,751 - scrapers.jandan_scraper - INFO - 开始转换评论为统一格式
2026-06-09 16:50:47,751 - scrapers.jandan_scraper - INFO - 开始转换 0 条评论到统一格式
2026-06-09 16:50:47,751 - scrapers.jandan_scraper - INFO - 共转换 0 条评论为统一格式
2026-06-09 16:50:47,751 - scrapers.jandan_scraper - INFO - 爬取完成，共获取 0 条热评
2026-06-09 16:50:47,751 - scrapers.base_scraper - ERROR - 爬取 煎蛋网 失败
2026-06-09 16:50:47,752 - scrapers.reddit_scraper - INFO - RedditScraper初始化完成
2026-06-09 16:50:47,752 - scrapers.base_scraper - INFO - 开始爬取 Reddit
2026-06-09 16:50:47,753 - scrapers.reddit_scraper - INFO - 开始爬取Reddit r/confessions每周热门帖子
2026-06-09 16:50:49,084 - utils.http_utils - ERROR - 请求失败: https://www.reddit.com/r/confessions/top/.json?t=week&limit=10, 错误: 403 Client Error: Blocked for url: https://www.reddit.com/r/confessions/top/.json?t=week&limit=10
2026-06-09 16:50:49,085 - scrapers.reddit_scraper - ERROR - 获取API数据失败: 403 Client Error: Blocked for url: https://www.reddit.com/r/confessions/top/.json?t=week&limit=10
2026-06-09 16:50:49,085 - scrapers.base_scraper - ERROR - 爬取 Reddit 失败
2026-06-09 16:50:49,086 - scrapers.hackernews_scraper - INFO - HackerNewsScraper初始化完成
2026-06-09 16:50:49,086 - scrapers.base_scraper - INFO - 开始爬取 Hacker News
2026-06-09 16:50:49,086 - scrapers.hackernews_scraper - INFO - 开始爬取Hacker News Ask HN帖子
2026-06-09 16:50:49,086 - scrapers.hackernews_scraper - INFO - 获取Ask HN页面: https://news.ycombinator.com/ask
2026-06-09 16:50:52,181 - scrapers.hackernews_scraper - INFO - 找到 30 个帖子行
2026-06-09 16:50:52,183 - scrapers.hackernews_scraper - INFO - 成功解析故事: Ask HN: What are tools you hav..., 作者=aryamaan, 点赞=393, 评论=0
2026-06-09 16:50:52,183 - scrapers.hackernews_scraper - INFO - 成功解析故事: Ask HN: Why hasn't there been ..., 作者=mdni007, 点赞=227, 评论=0
2026-06-09 16:50:52,184 - scrapers.hackernews_scraper - INFO - 成功解析故事: Ask HN: What was your "oh shit..., 作者=andrehacker, 点赞=730, 评论=0
2026-06-09 16:50:52,184 - scrapers.hackernews_scraper - INFO - 成功解析故事: Ask HN: How to escalate a reje..., 作者=modzu, 点赞=21, 评论=0
2026-06-09 16:50:52,185 - scrapers.hackernews_scraper - INFO - 成功解析故事: Ask HN: How do you cope when y..., 作者=jasonephraim, 点赞=14, 评论=0
2026-06-09 16:50:52,185 - scrapers.hackernews_scraper - INFO - 成功解析故事: Ask HN: So what happened to Fa..., 作者=juliusceasar, 点赞=106, 评论=0
2026-06-09 16:50:52,186 - scrapers.hackernews_scraper - INFO - 成功解析故事: Ask HN: What's your favorite H..., 作者=randomor, 点赞=5, 评论=0
2026-06-09 16:50:52,186 - scrapers.hackernews_scraper - INFO - 成功解析故事: Ask HN: Which companies gained..., 作者=j1000, 点赞=5, 评论=0
2026-06-09 16:50:52,187 - scrapers.hackernews_scraper - INFO - 成功解析故事: Ask HN: Where do you like to c..., 作者=selectedambient, 点赞=5, 评论=0
2026-06-09 16:50:52,187 - scrapers.hackernews_scraper - INFO - 成功解析故事: Ask HN: Why won't you be repla..., 作者=atleastoptimal, 点赞=8, 评论=0
2026-06-09 16:50:52,188 - scrapers.hackernews_scraper - INFO - 成功解析故事: Ask HN: Options for critical t..., 作者=hnthrow10282910, 点赞=5, 评论=0
2026-06-09 16:50:52,188 - scrapers.hackernews_scraper - INFO - 成功解析故事: Ask HN: What is your (AI) dev ..., 作者=dv35z, 点赞=165, 评论=0
2026-06-09 16:50:52,188 - scrapers.hackernews_scraper - INFO - 成功解析故事: Ask HN: Why is the HN crowd so..., 作者=Ekami, 点赞=456, 评论=0
2026-06-09 16:50:52,189 - scrapers.hackernews_scraper - INFO - 成功解析故事: Ask HN: Thoughts on Siri AI?..., 作者=akashwadhwani35, 点赞=2, 评论=0
2026-06-09 16:50:52,189 - scrapers.hackernews_scraper - INFO - 成功解析故事: Ask HN: What works for cutting..., 作者=leoncos, 点赞=5, 评论=0
2026-06-09 16:50:52,189 - scrapers.hackernews_scraper - INFO - 成功解析 15 个Ask HN故事
2026-06-09 16:50:52,189 - scrapers.hackernews_scraper - INFO - 开始转换 15 个故事到统一格式
2026-06-09 16:50:52,189 - scrapers.hackernews_scraper - INFO - 转换第 1/15 个故事: Ask HN: What are tools you hav...
2026-06-09 16:50:55,892 - scrapers.hackernews_scraper - INFO - 找到 655 条评论
2026-06-09 16:51:03,458 - scrapers.hackernews_scraper - INFO - 故事 Ask HN: What are tools you hav... 转换完成，包含 100 条评论
2026-06-09 16:51:03,458 - scrapers.hackernews_scraper - INFO - 转换第 2/15 个故事: Ask HN: Why hasn't there been ...
2026-06-09 16:51:06,987 - scrapers.hackernews_scraper - INFO - 找到 209 条评论
2026-06-09 16:51:07,780 - scrapers.hackernews_scraper - INFO - 故事 Ask HN: Why hasn't there been ... 转换完成，包含 100 条评论
2026-06-09 16:51:07,780 - scrapers.hackernews_scraper - INFO - 转换第 3/15 个故事: Ask HN: What was your "oh shit...
2026-06-09 16:51:13,516 - scrapers.hackernews_scraper - INFO - 找到 1110 条评论
2026-06-09 16:51:34,472 - scrapers.hackernews_scraper - INFO - 故事 Ask HN: What was your "oh shit... 转换完成，包含 100 条评论
2026-06-09 16:51:34,472 - scrapers.hackernews_scraper - INFO - 转换第 4/15 个故事: Ask HN: How to escalate a reje...
2026-06-09 16:51:37,061 - scrapers.hackernews_scraper - INFO - 找到 12 条评论
2026-06-09 16:51:37,069 - scrapers.hackernews_scraper - INFO - 故事 Ask HN: How to escalate a reje... 转换完成，包含 12 条评论
2026-06-09 16:51:37,069 - scrapers.hackernews_scraper - INFO - 转换第 5/15 个故事: Ask HN: How do you cope when y...
2026-06-09 16:51:38,181 - utils.http_utils - ERROR - 请求失败: https://news.ycombinator.com/item?id=48453224, 错误: 429 Client Error: Too Many Requests for url: https://news.ycombinator.com/item?id=48453224
2026-06-09 16:51:38,182 - scrapers.hackernews_scraper - ERROR - 获取故事详情失败: 48453224
2026-06-09 16:51:40,002 - utils.http_utils - ERROR - 请求失败: https://news.ycombinator.com/item?id=48453224, 错误: 429 Client Error: Too Many Requests for url: https://news.ycombinator.com/item?id=48453224
2026-06-09 16:51:40,002 - scrapers.hackernews_scraper - ERROR - 获取故事详情失败: 48453224
2026-06-09 16:51:40,002 - scrapers.hackernews_scraper - INFO - 故事 Ask HN: How do you cope when y... 转换完成，包含 0 条评论
2026-06-09 16:51:40,002 - scrapers.hackernews_scraper - INFO - 转换第 6/15 个故事: Ask HN: So what happened to Fa...
2026-06-09 16:51:42,333 - scrapers.hackernews_scraper - INFO - 找到 102 条评论
2026-06-09 16:51:42,531 - scrapers.hackernews_scraper - INFO - 故事 Ask HN: So what happened to Fa... 转换完成，包含 100 条评论
2026-06-09 16:51:42,531 - scrapers.hackernews_scraper - INFO - 转换第 7/15 个故事: Ask HN: What's your favorite H...
2026-06-09 16:51:44,121 - scrapers.hackernews_scraper - INFO - 找到 2 条评论
2026-06-09 16:51:44,123 - scrapers.hackernews_scraper - INFO - 故事 Ask HN: What's your favorite H... 转换完成，包含 2 条评论
2026-06-09 16:51:44,123 - scrapers.hackernews_scraper - INFO - 转换第 8/15 个故事: Ask HN: Which companies gained...
2026-06-09 16:51:46,447 - utils.http_utils - ERROR - 请求失败: https://news.ycombinator.com/item?id=48445780, 错误: 429 Client Error: Too Many Requests for url: https://news.ycombinator.com/item?id=48445780
2026-06-09 16:51:46,447 - scrapers.hackernews_scraper - ERROR - 获取故事详情失败: 48445780
2026-06-09 16:51:47,532 - utils.http_utils - ERROR - 请求失败: https://news.ycombinator.com/item?id=48445780, 错误: 429 Client Error: Too Many Requests for url: https://news.ycombinator.com/item?id=48445780
2026-06-09 16:51:47,532 - scrapers.hackernews_scraper - ERROR - 获取故事详情失败: 48445780
2026-06-09 16:51:47,533 - scrapers.hackernews_scraper - INFO - 故事 Ask HN: Which companies gained... 转换完成，包含 0 条评论
2026-06-09 16:51:47,533 - scrapers.hackernews_scraper - INFO - 转换第 9/15 个故事: Ask HN: Where do you like to c...
2026-06-09 16:51:49,916 - utils.http_utils - ERROR - 请求失败: https://news.ycombinator.com/item?id=48455779, 错误: 429 Client Error: Too Many Requests for url: https://news.ycombinator.com/item?id=48455779
2026-06-09 16:51:49,917 - scrapers.hackernews_scraper - ERROR - 获取故事详情失败: 48455779
2026-06-09 16:51:51,765 - utils.http_utils - ERROR - 请求失败: https://news.ycombinator.com/item?id=48455779, 错误: 429 Client Error: Too Many Requests for url: https://news.ycombinator.com/item?id=48455779
2026-06-09 16:51:51,765 - scrapers.hackernews_scraper - ERROR - 获取故事详情失败: 48455779
2026-06-09 16:51:51,766 - scrapers.hackernews_scraper - INFO - 故事 Ask HN: Where do you like to c... 转换完成，包含 0 条评论
2026-06-09 16:51:51,766 - scrapers.hackernews_scraper - INFO - 转换第 10/15 个故事: Ask HN: Why won't you be repla...
2026-06-09 16:51:54,798 - utils.http_utils - ERROR - 请求失败: https://news.ycombinator.com/item?id=48450261, 错误: 429 Client Error: Too Many Requests for url: https://news.ycombinator.com/item?id=48450261
2026-06-09 16:51:54,798 - scrapers.hackernews_scraper - ERROR - 获取故事详情失败: 48450261
2026-06-09 16:51:56,893 - utils.http_utils - ERROR - 请求失败: https://news.ycombinator.com/item?id=48450261, 错误: 429 Client Error: Too Many Requests for url: https://news.ycombinator.com/item?id=48450261
2026-06-09 16:51:56,893 - scrapers.hackernews_scraper - ERROR - 获取故事详情失败: 48450261
2026-06-09 16:51:56,893 - scrapers.hackernews_scraper - INFO - 故事 Ask HN: Why won't you be repla... 转换完成，包含 0 条评论
2026-06-09 16:51:56,893 - scrapers.hackernews_scraper - INFO - 转换第 11/15 个故事: Ask HN: Options for critical t...
2026-06-09 16:51:59,570 - utils.http_utils - ERROR - 请求失败: https://news.ycombinator.com/item?id=48449571, 错误: 429 Client Error: Too Many Requests for url: https://news.ycombinator.com/item?id=48449571
2026-06-09 16:51:59,570 - scrapers.hackernews_scraper - ERROR - 获取故事详情失败: 48449571
2026-06-09 16:52:01,262 - utils.http_utils - ERROR - 请求失败: https://news.ycombinator.com/item?id=48449571, 错误: 429 Client Error: Too Many Requests for url: https://news.ycombinator.com/item?id=48449571
2026-06-09 16:52:01,262 - scrapers.hackernews_scraper - ERROR - 获取故事详情失败: 48449571
2026-06-09 16:52:01,262 - scrapers.hackernews_scraper - INFO - 故事 Ask HN: Options for critical t... 转换完成，包含 0 条评论
2026-06-09 16:52:01,262 - scrapers.hackernews_scraper - INFO - 转换第 12/15 个故事: Ask HN: What is your (AI) dev ...
2026-06-09 16:52:03,775 - scrapers.hackernews_scraper - INFO - 找到 134 条评论
2026-06-09 16:52:04,110 - scrapers.hackernews_scraper - INFO - 故事 Ask HN: What is your (AI) dev ... 转换完成，包含 100 条评论
2026-06-09 16:52:04,111 - scrapers.hackernews_scraper - INFO - 转换第 13/15 个故事: Ask HN: Why is the HN crowd so...
2026-06-09 16:52:08,967 - scrapers.hackernews_scraper - INFO - 找到 755 条评论
2026-06-09 16:52:19,167 - scrapers.hackernews_scraper - INFO - 故事 Ask HN: Why is the HN crowd so... 转换完成，包含 100 条评论
2026-06-09 16:52:19,167 - scrapers.hackernews_scraper - INFO - 转换第 14/15 个故事: Ask HN: Thoughts on Siri AI?...
2026-06-09 16:52:21,586 - utils.http_utils - ERROR - 请求失败: https://news.ycombinator.com/item?id=48458589, 错误: 429 Client Error: Too Many Requests for url: https://news.ycombinator.com/item?id=48458589
2026-06-09 16:52:21,586 - scrapers.hackernews_scraper - ERROR - 获取故事详情失败: 48458589
2026-06-09 16:52:24,530 - utils.http_utils - ERROR - 请求失败: https://news.ycombinator.com/item?id=48458589, 错误: 429 Client Error: Too Many Requests for url: https://news.ycombinator.com/item?id=48458589
2026-06-09 16:52:24,531 - scrapers.hackernews_scraper - ERROR - 获取故事详情失败: 48458589
2026-06-09 16:52:24,531 - scrapers.hackernews_scraper - INFO - 故事 Ask HN: Thoughts on Siri AI?... 转换完成，包含 0 条评论
2026-06-09 16:52:24,531 - scrapers.hackernews_scraper - INFO - 转换第 15/15 个故事: Ask HN: What works for cutting...
2026-06-09 16:52:26,953 - utils.http_utils - ERROR - 请求失败: https://news.ycombinator.com/item?id=48457585, 错误: 429 Client Error: Too Many Requests for url: https://news.ycombinator.com/item?id=48457585
2026-06-09 16:52:26,953 - scrapers.hackernews_scraper - ERROR - 获取故事详情失败: 48457585
2026-06-09 16:52:29,281 - utils.http_utils - ERROR - 请求失败: https://news.ycombinator.com/item?id=48457585, 错误: 429 Client Error: Too Many Requests for url: https://news.ycombinator.com/item?id=48457585
2026-06-09 16:52:29,282 - scrapers.hackernews_scraper - ERROR - 获取故事详情失败: 48457585
2026-06-09 16:52:29,282 - scrapers.hackernews_scraper - INFO - 故事 Ask HN: What works for cutting... 转换完成，包含 0 条评论
2026-06-09 16:52:29,282 - scrapers.hackernews_scraper - INFO - 共转换 15 个故事为统一格式
2026-06-09 16:52:29,282 - scrapers.hackernews_scraper - INFO - 爬取完成，共获取 15 个Ask HN故事
2026-06-09 16:52:29,549 - utils.storage_utils - INFO - 已更新源索引: hackernews
2026-06-09 16:52:29,550 - utils.storage_utils - INFO - 数据已保存到 data/hackernews/week_2026-06-08.json
2026-06-09 16:52:29,550 - scrapers.base_scraper - INFO - 数据已保存到 data/hackernews/week_2026-06-08.json
2026-06-09 16:52:29,550 - scrapers.base_scraper - INFO - 成功爬取 Hacker News 的数据
2026-06-09 16:52:29,551 - __main__ - INFO - 完成: 1/3 个爬虫成功运行
2026-06-09 16:52:29,757 - __main__ - INFO - 归档所有源的旧数据
2026-06-09 16:52:29,758 - __main__ - INFO - 源 jandan 归档 无需归档
2026-06-09 16:52:29,758 - __main__ - INFO - 源 reddit 归档 无需归档
2026-06-09 16:52:29,758 - __main__ - INFO - 源 hackernews 归档 无需归档
