2026-02-23 16:15:27,049 - __main__ - INFO - 运行所有爬虫
2026-02-23 16:15:27,049 - scrapers.jandan_scraper - INFO - JandanScraper初始化完成
2026-02-23 16:15:27,050 - scrapers.base_scraper - INFO - 开始爬取 煎蛋网
2026-02-23 16:15:27,050 - scrapers.jandan_scraper - INFO - 开始爬取煎蛋热评
2026-02-23 16:15:32,093 - scrapers.jandan_scraper - INFO - 成功获取HTML内容，长度: 25798
2026-02-23 16:15:32,093 - scrapers.jandan_scraper - INFO - 调试: 手动获取评论 5877984 的吐槽数据
2026-02-23 16:15:32,093 - scrapers.jandan_scraper - INFO - 获取评论 5877984 的吐槽内容: https://jandan.net/api/tucao/list/5877984
2026-02-23 16:15:35,435 - scrapers.jandan_scraper - INFO - 评论 5877984 获取到 1 条热门吐槽, 3 条普通吐槽
2026-02-23 16:15:35,435 - scrapers.jandan_scraper - INFO - 调试: 评论 5877984 获取到 1 条热门吐槽, 3 条普通吐槽
2026-02-23 16:15:35,435 - scrapers.jandan_scraper - INFO - 开始解析页面中的评论
2026-02-23 16:15:35,436 - scrapers.jandan_scraper - INFO - 开始解析HTML内容, 长度: 25798
2026-02-23 16:15:35,444 - scrapers.jandan_scraper - INFO - 找到 0 条热门评论
2026-02-23 16:15:35,444 - scrapers.jandan_scraper - INFO - 解析完成，获取到 0 条评论
2026-02-23 16:15:35,444 - scrapers.jandan_scraper - INFO - 开始转换评论为统一格式
2026-02-23 16:15:35,444 - scrapers.jandan_scraper - INFO - 开始转换 0 条评论到统一格式
2026-02-23 16:15:35,445 - scrapers.jandan_scraper - INFO - 共转换 0 条评论为统一格式
2026-02-23 16:15:35,445 - scrapers.jandan_scraper - INFO - 爬取完成，共获取 0 条热评
2026-02-23 16:15:35,445 - scrapers.base_scraper - ERROR - 爬取 煎蛋网 失败
2026-02-23 16:15:35,445 - scrapers.reddit_scraper - INFO - RedditScraper初始化完成
2026-02-23 16:15:35,446 - scrapers.base_scraper - INFO - 开始爬取 Reddit
2026-02-23 16:15:35,447 - scrapers.reddit_scraper - INFO - 开始爬取Reddit r/confessions每周热门帖子
2026-02-23 16:15:37,113 - utils.http_utils - ERROR - 请求失败: https://www.reddit.com/r/confessions/top/.json?t=week&limit=10, 错误: 403 Client Error: Blocked for url: https://www.reddit.com/r/confessions/top/.json?t=week&limit=10
2026-02-23 16:15:37,114 - scrapers.reddit_scraper - ERROR - 获取API数据失败: 403 Client Error: Blocked for url: https://www.reddit.com/r/confessions/top/.json?t=week&limit=10
2026-02-23 16:15:37,114 - scrapers.base_scraper - ERROR - 爬取 Reddit 失败
2026-02-23 16:15:37,115 - scrapers.hackernews_scraper - INFO - HackerNewsScraper初始化完成
2026-02-23 16:15:37,115 - scrapers.base_scraper - INFO - 开始爬取 Hacker News
2026-02-23 16:15:37,115 - scrapers.hackernews_scraper - INFO - 开始爬取Hacker News Ask HN帖子
2026-02-23 16:15:37,115 - scrapers.hackernews_scraper - INFO - 获取Ask HN页面: https://news.ycombinator.com/ask
2026-02-23 16:15:38,816 - scrapers.hackernews_scraper - INFO - 找到 30 个帖子行
2026-02-23 16:15:38,817 - scrapers.hackernews_scraper - INFO - 成功解析故事: Ask HN: Is it better to have n..., 作者=parvardegr, 点赞=2, 评论=0
2026-02-23 16:15:38,818 - scrapers.hackernews_scraper - INFO - 成功解析故事: Ask HN: How are early-stage AI..., 作者=shaheeniquebal, 点赞=4, 评论=0
2026-02-23 16:15:38,818 - scrapers.hackernews_scraper - INFO - 成功解析故事: Ask HN: What breaks when you r..., 作者=marvin_nora, 点赞=10, 评论=0
2026-02-23 16:15:38,819 - scrapers.hackernews_scraper - INFO - 成功解析故事: Ask HN: What Comes After Markd..., 作者=YuukiJyoudai, 点赞=3, 评论=0
2026-02-23 16:15:38,820 - scrapers.hackernews_scraper - INFO - 成功解析故事: Ask HN: Why doesn't HN have a ..., 作者=sujayk_33, 点赞=8, 评论=0
2026-02-23 16:15:38,820 - scrapers.hackernews_scraper - INFO - 成功解析故事: Ask HN: Is there a reliable wa..., 作者=leandrobon, 点赞=8, 评论=0
2026-02-23 16:15:38,821 - scrapers.hackernews_scraper - INFO - 成功解析故事: Ask HN: Cognitive Offloading t..., 作者=daringrain32781, 点赞=8, 评论=0
2026-02-23 16:15:38,822 - scrapers.hackernews_scraper - INFO - 成功解析故事: Ask HN: Chromebook leads for K..., 作者=techteach00, 点赞=42, 评论=0
2026-02-23 16:15:38,822 - scrapers.hackernews_scraper - INFO - 成功解析故事: Ask HN: Programmable Watches w..., 作者=dakiol, 点赞=10, 评论=0
2026-02-23 16:15:38,823 - scrapers.hackernews_scraper - INFO - 成功解析故事: Ask HN: If the "AI bubble" pop..., 作者=moomoo11, 点赞=14, 评论=0
2026-02-23 16:15:38,824 - scrapers.hackernews_scraper - INFO - 成功解析故事: Ask HN: Is there a workaround ..., 作者=jinen83, 点赞=2, 评论=0
2026-02-23 16:15:38,824 - scrapers.hackernews_scraper - INFO - 成功解析故事: Ask HN: How do new blogs break..., 作者=lilcodingthings, 点赞=4, 评论=0
2026-02-23 16:15:38,825 - scrapers.hackernews_scraper - INFO - 成功解析故事: Ask HN: Why don't software dev..., 作者=piratesAndSons, 点赞=7, 评论=0
2026-02-23 16:15:38,825 - scrapers.hackernews_scraper - INFO - 成功解析故事: Ask HN: Do US presidents have ..., 作者=stopbulying, 点赞=5, 评论=0
2026-02-23 16:15:38,826 - scrapers.hackernews_scraper - INFO - 成功解析故事: Ask HN: Is it worth learning V..., 作者=zekejohn, 点赞=32, 评论=0
2026-02-23 16:15:38,826 - scrapers.hackernews_scraper - INFO - 成功解析 15 个Ask HN故事
2026-02-23 16:15:38,826 - scrapers.hackernews_scraper - INFO - 开始转换 15 个故事到统一格式
2026-02-23 16:15:38,826 - scrapers.hackernews_scraper - INFO - 转换第 1/15 个故事: Ask HN: Is it better to have n...
2026-02-23 16:15:40,156 - scrapers.hackernews_scraper - INFO - 找到 0 条评论
2026-02-23 16:15:40,156 - scrapers.hackernews_scraper - INFO - 故事 Ask HN: Is it better to have n... 转换完成，包含 0 条评论
2026-02-23 16:15:40,156 - scrapers.hackernews_scraper - INFO - 转换第 2/15 个故事: Ask HN: How are early-stage AI...
2026-02-23 16:15:43,228 - scrapers.hackernews_scraper - INFO - 找到 3 条评论
2026-02-23 16:15:43,231 - scrapers.hackernews_scraper - INFO - 故事 Ask HN: How are early-stage AI... 转换完成，包含 3 条评论
2026-02-23 16:15:43,231 - scrapers.hackernews_scraper - INFO - 转换第 3/15 个故事: Ask HN: What breaks when you r...
2026-02-23 16:15:44,782 - scrapers.hackernews_scraper - INFO - 找到 5 条评论
2026-02-23 16:15:44,785 - scrapers.hackernews_scraper - INFO - 故事 Ask HN: What breaks when you r... 转换完成，包含 5 条评论
2026-02-23 16:15:44,785 - scrapers.hackernews_scraper - INFO - 转换第 4/15 个故事: Ask HN: What Comes After Markd...
2026-02-23 16:15:47,067 - scrapers.hackernews_scraper - INFO - 找到 11 条评论
2026-02-23 16:15:47,074 - scrapers.hackernews_scraper - INFO - 故事 Ask HN: What Comes After Markd... 转换完成，包含 11 条评论
2026-02-23 16:15:47,075 - scrapers.hackernews_scraper - INFO - 转换第 5/15 个故事: Ask HN: Why doesn't HN have a ...
2026-02-23 16:15:48,269 - scrapers.hackernews_scraper - INFO - 找到 17 条评论
2026-02-23 16:15:48,284 - scrapers.hackernews_scraper - INFO - 故事 Ask HN: Why doesn't HN have a ... 转换完成，包含 17 条评论
2026-02-23 16:15:48,284 - scrapers.hackernews_scraper - INFO - 转换第 6/15 个故事: Ask HN: Is there a reliable wa...
2026-02-23 16:15:51,203 - scrapers.hackernews_scraper - INFO - 找到 9 条评论
2026-02-23 16:15:51,209 - scrapers.hackernews_scraper - INFO - 故事 Ask HN: Is there a reliable wa... 转换完成，包含 9 条评论
2026-02-23 16:15:51,210 - scrapers.hackernews_scraper - INFO - 转换第 7/15 个故事: Ask HN: Cognitive Offloading t...
2026-02-23 16:15:54,307 - scrapers.hackernews_scraper - INFO - 找到 5 条评论
2026-02-23 16:15:54,310 - scrapers.hackernews_scraper - INFO - 故事 Ask HN: Cognitive Offloading t... 转换完成，包含 5 条评论
2026-02-23 16:15:54,310 - scrapers.hackernews_scraper - INFO - 转换第 8/15 个故事: Ask HN: Chromebook leads for K...
2026-02-23 16:15:55,718 - scrapers.hackernews_scraper - INFO - 找到 40 条评论
2026-02-23 16:15:55,761 - scrapers.hackernews_scraper - INFO - 故事 Ask HN: Chromebook leads for K... 转换完成，包含 40 条评论
2026-02-23 16:15:55,761 - scrapers.hackernews_scraper - INFO - 转换第 9/15 个故事: Ask HN: Programmable Watches w...
2026-02-23 16:15:57,326 - scrapers.hackernews_scraper - INFO - 找到 5 条评论
2026-02-23 16:15:57,329 - scrapers.hackernews_scraper - INFO - 故事 Ask HN: Programmable Watches w... 转换完成，包含 5 条评论
2026-02-23 16:15:57,329 - scrapers.hackernews_scraper - INFO - 转换第 10/15 个故事: Ask HN: If the "AI bubble" pop...
2026-02-23 16:16:00,128 - scrapers.hackernews_scraper - INFO - 找到 11 条评论
2026-02-23 16:16:00,136 - scrapers.hackernews_scraper - INFO - 故事 Ask HN: If the "AI bubble" pop... 转换完成，包含 11 条评论
2026-02-23 16:16:00,136 - scrapers.hackernews_scraper - INFO - 转换第 11/15 个故事: Ask HN: Is there a workaround ...
2026-02-23 16:16:02,703 - scrapers.hackernews_scraper - INFO - 找到 0 条评论
2026-02-23 16:16:02,703 - scrapers.hackernews_scraper - INFO - 故事 Ask HN: Is there a workaround ... 转换完成，包含 0 条评论
2026-02-23 16:16:02,703 - scrapers.hackernews_scraper - INFO - 转换第 12/15 个故事: Ask HN: How do new blogs break...
2026-02-23 16:16:04,755 - scrapers.hackernews_scraper - INFO - 找到 3 条评论
2026-02-23 16:16:04,757 - scrapers.hackernews_scraper - INFO - 故事 Ask HN: How do new blogs break... 转换完成，包含 3 条评论
2026-02-23 16:16:04,757 - scrapers.hackernews_scraper - INFO - 转换第 13/15 个故事: Ask HN: Why don't software dev...
2026-02-23 16:16:07,663 - scrapers.hackernews_scraper - INFO - 找到 16 条评论
2026-02-23 16:16:07,675 - scrapers.hackernews_scraper - INFO - 故事 Ask HN: Why don't software dev... 转换完成，包含 16 条评论
2026-02-23 16:16:07,675 - scrapers.hackernews_scraper - INFO - 转换第 14/15 个故事: Ask HN: Do US presidents have ...
2026-02-23 16:16:09,571 - scrapers.hackernews_scraper - INFO - 找到 18 条评论
2026-02-23 16:16:09,586 - scrapers.hackernews_scraper - INFO - 故事 Ask HN: Do US presidents have ... 转换完成，包含 18 条评论
2026-02-23 16:16:09,586 - scrapers.hackernews_scraper - INFO - 转换第 15/15 个故事: Ask HN: Is it worth learning V...
2026-02-23 16:16:12,125 - scrapers.hackernews_scraper - INFO - 找到 35 条评论
2026-02-23 16:16:12,160 - scrapers.hackernews_scraper - INFO - 故事 Ask HN: Is it worth learning V... 转换完成，包含 35 条评论
2026-02-23 16:16:12,160 - scrapers.hackernews_scraper - INFO - 共转换 15 个故事为统一格式
2026-02-23 16:16:12,160 - scrapers.hackernews_scraper - INFO - 爬取完成，共获取 15 个Ask HN故事
2026-02-23 16:16:12,537 - utils.storage_utils - INFO - 已更新源索引: hackernews
2026-02-23 16:16:12,540 - utils.storage_utils - INFO - 数据已保存到 data/hackernews/week_2026-02-23.json
2026-02-23 16:16:12,540 - scrapers.base_scraper - INFO - 数据已保存到 data/hackernews/week_2026-02-23.json
2026-02-23 16:16:12,540 - scrapers.base_scraper - INFO - 成功爬取 Hacker News 的数据
2026-02-23 16:16:12,541 - __main__ - INFO - 完成: 1/3 个爬虫成功运行
2026-02-23 16:16:12,762 - __main__ - INFO - 归档所有源的旧数据
2026-02-23 16:16:12,762 - __main__ - INFO - 源 jandan 归档 无需归档
2026-02-23 16:16:12,762 - __main__ - INFO - 源 reddit 归档 无需归档
2026-02-23 16:16:12,763 - utils.storage_utils - INFO - 已将 week_2025-12-01.json 归档
2026-02-23 16:16:12,763 - __main__ - INFO - 源 hackernews 归档 成功
