2026-02-26 16:15:39,500 - __main__ - INFO - 运行所有爬虫
2026-02-26 16:15:39,500 - scrapers.jandan_scraper - INFO - JandanScraper初始化完成
2026-02-26 16:15:39,500 - scrapers.base_scraper - INFO - 开始爬取 煎蛋网
2026-02-26 16:15:39,500 - scrapers.jandan_scraper - INFO - 开始爬取煎蛋热评
2026-02-26 16:15:43,334 - scrapers.jandan_scraper - INFO - 成功获取HTML内容，长度: 27372
2026-02-26 16:15:43,334 - scrapers.jandan_scraper - INFO - 调试: 手动获取评论 5877984 的吐槽数据
2026-02-26 16:15:43,335 - scrapers.jandan_scraper - INFO - 获取评论 5877984 的吐槽内容: https://jandan.net/api/tucao/list/5877984
2026-02-26 16:15:45,374 - scrapers.jandan_scraper - INFO - 评论 5877984 获取到 1 条热门吐槽, 3 条普通吐槽
2026-02-26 16:15:45,375 - scrapers.jandan_scraper - INFO - 调试: 评论 5877984 获取到 1 条热门吐槽, 3 条普通吐槽
2026-02-26 16:15:45,375 - scrapers.jandan_scraper - INFO - 开始解析页面中的评论
2026-02-26 16:15:45,375 - scrapers.jandan_scraper - INFO - 开始解析HTML内容, 长度: 27372
2026-02-26 16:15:45,384 - scrapers.jandan_scraper - INFO - 找到 0 条热门评论
2026-02-26 16:15:45,384 - scrapers.jandan_scraper - INFO - 解析完成，获取到 0 条评论
2026-02-26 16:15:45,384 - scrapers.jandan_scraper - INFO - 开始转换评论为统一格式
2026-02-26 16:15:45,384 - scrapers.jandan_scraper - INFO - 开始转换 0 条评论到统一格式
2026-02-26 16:15:45,384 - scrapers.jandan_scraper - INFO - 共转换 0 条评论为统一格式
2026-02-26 16:15:45,384 - scrapers.jandan_scraper - INFO - 爬取完成，共获取 0 条热评
2026-02-26 16:15:45,384 - scrapers.base_scraper - ERROR - 爬取 煎蛋网 失败
2026-02-26 16:15:45,384 - scrapers.reddit_scraper - INFO - RedditScraper初始化完成
2026-02-26 16:15:45,385 - scrapers.base_scraper - INFO - 开始爬取 Reddit
2026-02-26 16:15:45,385 - scrapers.reddit_scraper - INFO - 开始爬取Reddit r/confessions每周热门帖子
2026-02-26 16:15:48,296 - utils.http_utils - ERROR - 请求失败: https://www.reddit.com/r/confessions/top/.json?t=week&limit=10, 错误: 403 Client Error: Blocked for url: https://www.reddit.com/r/confessions/top/.json?t=week&limit=10
2026-02-26 16:15:48,297 - scrapers.reddit_scraper - ERROR - 获取API数据失败: 403 Client Error: Blocked for url: https://www.reddit.com/r/confessions/top/.json?t=week&limit=10
2026-02-26 16:15:48,297 - scrapers.base_scraper - ERROR - 爬取 Reddit 失败
2026-02-26 16:15:48,297 - scrapers.hackernews_scraper - INFO - HackerNewsScraper初始化完成
2026-02-26 16:15:48,297 - scrapers.base_scraper - INFO - 开始爬取 Hacker News
2026-02-26 16:15:48,297 - scrapers.hackernews_scraper - INFO - 开始爬取Hacker News Ask HN帖子
2026-02-26 16:15:48,297 - scrapers.hackernews_scraper - INFO - 获取Ask HN页面: https://news.ycombinator.com/ask
2026-02-26 16:15:50,682 - scrapers.hackernews_scraper - INFO - 找到 30 个帖子行
2026-02-26 16:15:50,684 - scrapers.hackernews_scraper - INFO - 成功解析故事: Ask HN: Programmable Watches w..., 作者=dakiol, 点赞=34, 评论=0
2026-02-26 16:15:50,684 - scrapers.hackernews_scraper - INFO - 成功解析故事: Ask HN: Who Is Using XMPP?..., 作者=nunobrito, 点赞=18, 评论=0
2026-02-26 16:15:50,685 - scrapers.hackernews_scraper - INFO - 成功解析故事: Ask HN: What's it like working..., 作者=ex-aws-dude, 点赞=15, 评论=0
2026-02-26 16:15:50,686 - scrapers.hackernews_scraper - INFO - 成功解析故事: Ask HN: Chromebook leads for K..., 作者=techteach00, 点赞=46, 评论=0
2026-02-26 16:15:50,687 - scrapers.hackernews_scraper - INFO - 成功解析故事: Ask HN: Could you create a com..., 作者=TheAlchemist, 点赞=7, 评论=0
2026-02-26 16:15:50,688 - scrapers.hackernews_scraper - INFO - 成功解析故事: Ask HN: What will happen with ..., 作者=maniacwhat, 点赞=6, 评论=0
2026-02-26 16:15:50,688 - scrapers.hackernews_scraper - INFO - 成功解析故事: Ask HN: Starting a New Role wi..., 作者=NoNameHaveI, 点赞=7, 评论=0
2026-02-26 16:15:50,689 - scrapers.hackernews_scraper - INFO - 成功解析故事: Ask HN: How do you know if AI ..., 作者=dmpyatyi, 点赞=34, 评论=0
2026-02-26 16:15:50,689 - scrapers.hackernews_scraper - INFO - 成功解析故事: Ask HN: Have top AI research i..., 作者=DietaryNonsense, 点赞=79, 评论=0
2026-02-26 16:15:50,690 - scrapers.hackernews_scraper - INFO - 成功解析故事: Ask HN: How are you controllin..., 作者=thesvp, 点赞=7, 评论=0
2026-02-26 16:15:50,691 - scrapers.hackernews_scraper - INFO - 成功解析故事: Ask HN: Who has seen productiv..., 作者=Kapura, 点赞=11, 评论=0
2026-02-26 16:15:50,692 - scrapers.hackernews_scraper - INFO - 成功解析故事: Ask HN: Any DIY open-source Al..., 作者=personality0, 点赞=8, 评论=0
2026-02-26 16:15:50,692 - scrapers.hackernews_scraper - INFO - 成功解析故事: Ask HN: What Linux Would Be a ..., 作者=Cyberis, 点赞=13, 评论=0
2026-02-26 16:15:50,693 - scrapers.hackernews_scraper - INFO - 成功解析故事: Ask HN: Is it worth avoiding A..., 作者=2muchclout, 点赞=6, 评论=0
2026-02-26 16:15:50,694 - scrapers.hackernews_scraper - INFO - 成功解析故事: Ask HN: Is it better to have n..., 作者=parvardegr, 点赞=9, 评论=0
2026-02-26 16:15:50,694 - scrapers.hackernews_scraper - INFO - 成功解析 15 个Ask HN故事
2026-02-26 16:15:50,694 - scrapers.hackernews_scraper - INFO - 开始转换 15 个故事到统一格式
2026-02-26 16:15:50,694 - scrapers.hackernews_scraper - INFO - 转换第 1/15 个故事: Ask HN: Programmable Watches w...
2026-02-26 16:15:53,750 - scrapers.hackernews_scraper - INFO - 找到 24 条评论
2026-02-26 16:15:53,771 - scrapers.hackernews_scraper - INFO - 故事 Ask HN: Programmable Watches w... 转换完成，包含 24 条评论
2026-02-26 16:15:53,771 - scrapers.hackernews_scraper - INFO - 转换第 2/15 个故事: Ask HN: Who Is Using XMPP?...
2026-02-26 16:15:56,537 - scrapers.hackernews_scraper - INFO - 找到 10 条评论
2026-02-26 16:15:56,544 - scrapers.hackernews_scraper - INFO - 故事 Ask HN: Who Is Using XMPP?... 转换完成，包含 10 条评论
2026-02-26 16:15:56,544 - scrapers.hackernews_scraper - INFO - 转换第 3/15 个故事: Ask HN: What's it like working...
2026-02-26 16:15:59,019 - scrapers.hackernews_scraper - INFO - 找到 6 条评论
2026-02-26 16:15:59,023 - scrapers.hackernews_scraper - INFO - 故事 Ask HN: What's it like working... 转换完成，包含 6 条评论
2026-02-26 16:15:59,023 - scrapers.hackernews_scraper - INFO - 转换第 4/15 个故事: Ask HN: Chromebook leads for K...
2026-02-26 16:16:00,571 - scrapers.hackernews_scraper - INFO - 找到 44 条评论
2026-02-26 16:16:00,622 - scrapers.hackernews_scraper - INFO - 故事 Ask HN: Chromebook leads for K... 转换完成，包含 44 条评论
2026-02-26 16:16:00,622 - scrapers.hackernews_scraper - INFO - 转换第 5/15 个故事: Ask HN: Could you create a com...
2026-02-26 16:16:03,472 - scrapers.hackernews_scraper - INFO - 找到 12 条评论
2026-02-26 16:16:03,480 - scrapers.hackernews_scraper - INFO - 故事 Ask HN: Could you create a com... 转换完成，包含 12 条评论
2026-02-26 16:16:03,480 - scrapers.hackernews_scraper - INFO - 转换第 6/15 个故事: Ask HN: What will happen with ...
2026-02-26 16:16:04,988 - scrapers.hackernews_scraper - INFO - 找到 3 条评论
2026-02-26 16:16:04,990 - scrapers.hackernews_scraper - INFO - 故事 Ask HN: What will happen with ... 转换完成，包含 3 条评论
2026-02-26 16:16:04,990 - scrapers.hackernews_scraper - INFO - 转换第 7/15 个故事: Ask HN: Starting a New Role wi...
2026-02-26 16:16:06,393 - scrapers.hackernews_scraper - INFO - 找到 4 条评论
2026-02-26 16:16:06,395 - scrapers.hackernews_scraper - INFO - 故事 Ask HN: Starting a New Role wi... 转换完成，包含 4 条评论
2026-02-26 16:16:06,395 - scrapers.hackernews_scraper - INFO - 转换第 8/15 个故事: Ask HN: How do you know if AI ...
2026-02-26 16:16:08,642 - scrapers.hackernews_scraper - INFO - 找到 24 条评论
2026-02-26 16:16:08,663 - scrapers.hackernews_scraper - INFO - 故事 Ask HN: How do you know if AI ... 转换完成，包含 24 条评论
2026-02-26 16:16:08,663 - scrapers.hackernews_scraper - INFO - 转换第 9/15 个故事: Ask HN: Have top AI research i...
2026-02-26 16:16:10,832 - scrapers.hackernews_scraper - INFO - 找到 88 条评论
2026-02-26 16:16:10,990 - scrapers.hackernews_scraper - INFO - 故事 Ask HN: Have top AI research i... 转换完成，包含 88 条评论
2026-02-26 16:16:10,990 - scrapers.hackernews_scraper - INFO - 转换第 10/15 个故事: Ask HN: How are you controllin...
2026-02-26 16:16:13,234 - scrapers.hackernews_scraper - INFO - 找到 19 条评论
2026-02-26 16:16:13,252 - scrapers.hackernews_scraper - INFO - 故事 Ask HN: How are you controllin... 转换完成，包含 19 条评论
2026-02-26 16:16:13,252 - scrapers.hackernews_scraper - INFO - 转换第 11/15 个故事: Ask HN: Who has seen productiv...
2026-02-26 16:16:15,480 - scrapers.hackernews_scraper - INFO - 找到 13 条评论
2026-02-26 16:16:15,489 - scrapers.hackernews_scraper - INFO - 故事 Ask HN: Who has seen productiv... 转换完成，包含 13 条评论
2026-02-26 16:16:15,489 - scrapers.hackernews_scraper - INFO - 转换第 12/15 个故事: Ask HN: Any DIY open-source Al...
2026-02-26 16:16:17,849 - scrapers.hackernews_scraper - INFO - 找到 4 条评论
2026-02-26 16:16:17,851 - scrapers.hackernews_scraper - INFO - 故事 Ask HN: Any DIY open-source Al... 转换完成，包含 4 条评论
2026-02-26 16:16:17,852 - scrapers.hackernews_scraper - INFO - 转换第 13/15 个故事: Ask HN: What Linux Would Be a ...
2026-02-26 16:16:20,229 - scrapers.hackernews_scraper - INFO - 找到 20 条评论
2026-02-26 16:16:20,247 - scrapers.hackernews_scraper - INFO - 故事 Ask HN: What Linux Would Be a ... 转换完成，包含 20 条评论
2026-02-26 16:16:20,247 - scrapers.hackernews_scraper - INFO - 转换第 14/15 个故事: Ask HN: Is it worth avoiding A...
2026-02-26 16:16:22,166 - scrapers.hackernews_scraper - INFO - 找到 18 条评论
2026-02-26 16:16:22,185 - scrapers.hackernews_scraper - INFO - 故事 Ask HN: Is it worth avoiding A... 转换完成，包含 18 条评论
2026-02-26 16:16:22,185 - scrapers.hackernews_scraper - INFO - 转换第 15/15 个故事: Ask HN: Is it better to have n...
2026-02-26 16:16:24,826 - scrapers.hackernews_scraper - INFO - 找到 10 条评论
2026-02-26 16:16:24,832 - scrapers.hackernews_scraper - INFO - 故事 Ask HN: Is it better to have n... 转换完成，包含 10 条评论
2026-02-26 16:16:24,832 - scrapers.hackernews_scraper - INFO - 共转换 15 个故事为统一格式
2026-02-26 16:16:24,832 - scrapers.hackernews_scraper - INFO - 爬取完成，共获取 15 个Ask HN故事
2026-02-26 16:16:25,259 - utils.storage_utils - INFO - 已更新源索引: hackernews
2026-02-26 16:16:25,260 - utils.storage_utils - INFO - 数据已保存到 data/hackernews/week_2026-02-23.json
2026-02-26 16:16:25,261 - scrapers.base_scraper - INFO - 数据已保存到 data/hackernews/week_2026-02-23.json
2026-02-26 16:16:25,261 - scrapers.base_scraper - INFO - 成功爬取 Hacker News 的数据
2026-02-26 16:16:25,262 - __main__ - INFO - 完成: 1/3 个爬虫成功运行
2026-02-26 16:16:25,485 - __main__ - INFO - 归档所有源的旧数据
2026-02-26 16:16:25,485 - __main__ - INFO - 源 jandan 归档 无需归档
2026-02-26 16:16:25,485 - __main__ - INFO - 源 reddit 归档 无需归档
2026-02-26 16:16:25,485 - __main__ - INFO - 源 hackernews 归档 无需归档
