2026-03-22 16:03:11,637 - __main__ - INFO - 运行所有爬虫
2026-03-22 16:03:11,637 - scrapers.jandan_scraper - INFO - JandanScraper初始化完成
2026-03-22 16:03:11,637 - scrapers.base_scraper - INFO - 开始爬取 煎蛋网
2026-03-22 16:03:11,637 - scrapers.jandan_scraper - INFO - 开始爬取煎蛋热评
2026-03-22 16:03:15,703 - scrapers.jandan_scraper - INFO - 成功获取HTML内容，长度: 27206
2026-03-22 16:03:15,703 - scrapers.jandan_scraper - INFO - 调试: 手动获取评论 5877984 的吐槽数据
2026-03-22 16:03:15,703 - scrapers.jandan_scraper - INFO - 获取评论 5877984 的吐槽内容: https://jandan.net/api/tucao/list/5877984
2026-03-22 16:03:18,833 - scrapers.jandan_scraper - INFO - 评论 5877984 获取到 1 条热门吐槽, 3 条普通吐槽
2026-03-22 16:03:18,833 - scrapers.jandan_scraper - INFO - 调试: 评论 5877984 获取到 1 条热门吐槽, 3 条普通吐槽
2026-03-22 16:03:18,834 - scrapers.jandan_scraper - INFO - 开始解析页面中的评论
2026-03-22 16:03:18,834 - scrapers.jandan_scraper - INFO - 开始解析HTML内容, 长度: 27206
2026-03-22 16:03:18,842 - scrapers.jandan_scraper - INFO - 找到 0 条热门评论
2026-03-22 16:03:18,842 - scrapers.jandan_scraper - INFO - 解析完成，获取到 0 条评论
2026-03-22 16:03:18,842 - scrapers.jandan_scraper - INFO - 开始转换评论为统一格式
2026-03-22 16:03:18,843 - scrapers.jandan_scraper - INFO - 开始转换 0 条评论到统一格式
2026-03-22 16:03:18,843 - scrapers.jandan_scraper - INFO - 共转换 0 条评论为统一格式
2026-03-22 16:03:18,843 - scrapers.jandan_scraper - INFO - 爬取完成，共获取 0 条热评
2026-03-22 16:03:18,843 - scrapers.base_scraper - ERROR - 爬取 煎蛋网 失败
2026-03-22 16:03:18,843 - scrapers.reddit_scraper - INFO - RedditScraper初始化完成
2026-03-22 16:03:18,844 - scrapers.base_scraper - INFO - 开始爬取 Reddit
2026-03-22 16:03:18,844 - scrapers.reddit_scraper - INFO - 开始爬取Reddit r/confessions每周热门帖子
2026-03-22 16:03:20,681 - utils.http_utils - ERROR - 请求失败: https://www.reddit.com/r/confessions/top/.json?t=week&limit=10, 错误: 403 Client Error: Blocked for url: https://www.reddit.com/r/confessions/top/.json?t=week&limit=10
2026-03-22 16:03:20,681 - scrapers.reddit_scraper - ERROR - 获取API数据失败: 403 Client Error: Blocked for url: https://www.reddit.com/r/confessions/top/.json?t=week&limit=10
2026-03-22 16:03:20,682 - scrapers.base_scraper - ERROR - 爬取 Reddit 失败
2026-03-22 16:03:20,682 - scrapers.hackernews_scraper - INFO - HackerNewsScraper初始化完成
2026-03-22 16:03:20,682 - scrapers.base_scraper - INFO - 开始爬取 Hacker News
2026-03-22 16:03:20,682 - scrapers.hackernews_scraper - INFO - 开始爬取Hacker News Ask HN帖子
2026-03-22 16:03:20,682 - scrapers.hackernews_scraper - INFO - 获取Ask HN页面: https://news.ycombinator.com/ask
2026-03-22 16:03:23,091 - scrapers.hackernews_scraper - INFO - 找到 30 个帖子行
2026-03-22 16:03:23,093 - scrapers.hackernews_scraper - INFO - 成功解析故事: Ask HN: How are you securing L..., 作者=woz_, 点赞=3, 评论=0
2026-03-22 16:03:23,094 - scrapers.hackernews_scraper - INFO - 成功解析故事: Ask HN: what’s your favorite l..., 作者=khasan222, 点赞=11, 评论=0
2026-03-22 16:03:23,094 - scrapers.hackernews_scraper - INFO - 成功解析故事: Ask HN: Why isn't the NSA cate..., 作者=TheOpenSourcer, 点赞=5, 评论=0
2026-03-22 16:03:23,095 - scrapers.hackernews_scraper - INFO - 成功解析故事: Ask HN: What do you look for i..., 作者=neilk17, 点赞=28, 评论=0
2026-03-22 16:03:23,096 - scrapers.hackernews_scraper - INFO - 成功解析故事: Ask HN: Is operational memory ..., 作者=varunrrai, 点赞=5, 评论=0
2026-03-22 16:03:23,096 - scrapers.hackernews_scraper - INFO - 成功解析故事: Ask HN: How do you deal with p..., 作者=basilikum, 点赞=153, 评论=0
2026-03-22 16:03:23,097 - scrapers.hackernews_scraper - INFO - 成功解析故事: Ask HN: Is vibe coding a new m..., 作者=newswangerd, 点赞=36, 评论=0
2026-03-22 16:03:23,097 - scrapers.hackernews_scraper - INFO - 成功解析故事: Ask HN: What features does a c..., 作者=caloricflow, 点赞=6, 评论=0
2026-03-22 16:03:23,098 - scrapers.hackernews_scraper - INFO - 成功解析故事: Ask HN: Have you cancelled any..., 作者=maxim_bg, 点赞=10, 评论=0
2026-03-22 16:03:23,098 - scrapers.hackernews_scraper - INFO - 成功解析故事: Ask HN: The new wave of AI age..., 作者=ATechGuy, 点赞=12, 评论=0
2026-03-22 16:03:23,099 - scrapers.hackernews_scraper - INFO - 成功解析故事: Ask HN: How to Find a Job in t..., 作者=0x3444ac53, 点赞=9, 评论=0
2026-03-22 16:03:23,100 - scrapers.hackernews_scraper - INFO - 成功解析故事: Ask HN: What are the greatest ..., 作者=chistev, 点赞=14, 评论=0
2026-03-22 16:03:23,100 - scrapers.hackernews_scraper - INFO - 成功解析故事: Ask HN: Are you using a Pivota..., 作者=antfarm, 点赞=2, 评论=0
2026-03-22 16:03:23,101 - scrapers.hackernews_scraper - INFO - 成功解析故事: Ask HN: Who is still using Win..., 作者=mak8, 点赞=10, 评论=0
2026-03-22 16:03:23,101 - scrapers.hackernews_scraper - INFO - 成功解析故事: Ask HN: Broken "Public Researc..., 作者=yann-gael, 点赞=4, 评论=0
2026-03-22 16:03:23,101 - scrapers.hackernews_scraper - INFO - 成功解析 15 个Ask HN故事
2026-03-22 16:03:23,101 - scrapers.hackernews_scraper - INFO - 开始转换 15 个故事到统一格式
2026-03-22 16:03:23,101 - scrapers.hackernews_scraper - INFO - 转换第 1/15 个故事: Ask HN: How are you securing L...
2026-03-22 16:03:25,515 - scrapers.hackernews_scraper - INFO - 找到 2 条评论
2026-03-22 16:03:25,516 - scrapers.hackernews_scraper - INFO - 故事 Ask HN: How are you securing L... 转换完成，包含 2 条评论
2026-03-22 16:03:25,516 - scrapers.hackernews_scraper - INFO - 转换第 2/15 个故事: Ask HN: what’s your favorite l...
2026-03-22 16:03:27,495 - scrapers.hackernews_scraper - INFO - 找到 5 条评论
2026-03-22 16:03:27,498 - scrapers.hackernews_scraper - INFO - 故事 Ask HN: what’s your favorite l... 转换完成，包含 5 条评论
2026-03-22 16:03:27,498 - scrapers.hackernews_scraper - INFO - 转换第 3/15 个故事: Ask HN: Why isn't the NSA cate...
2026-03-22 16:03:28,918 - scrapers.hackernews_scraper - INFO - 找到 8 条评论
2026-03-22 16:03:28,923 - scrapers.hackernews_scraper - INFO - 故事 Ask HN: Why isn't the NSA cate... 转换完成，包含 8 条评论
2026-03-22 16:03:28,923 - scrapers.hackernews_scraper - INFO - 转换第 4/15 个故事: Ask HN: What do you look for i...
2026-03-22 16:03:30,078 - scrapers.hackernews_scraper - INFO - 找到 34 条评论
2026-03-22 16:03:30,112 - scrapers.hackernews_scraper - INFO - 故事 Ask HN: What do you look for i... 转换完成，包含 34 条评论
2026-03-22 16:03:30,112 - scrapers.hackernews_scraper - INFO - 转换第 5/15 个故事: Ask HN: Is operational memory ...
2026-03-22 16:03:32,285 - scrapers.hackernews_scraper - INFO - 找到 0 条评论
2026-03-22 16:03:32,285 - scrapers.hackernews_scraper - INFO - 故事 Ask HN: Is operational memory ... 转换完成，包含 0 条评论
2026-03-22 16:03:32,285 - scrapers.hackernews_scraper - INFO - 转换第 6/15 个故事: Ask HN: How do you deal with p...
2026-03-22 16:03:34,180 - scrapers.hackernews_scraper - INFO - 找到 203 条评论
2026-03-22 16:03:34,905 - scrapers.hackernews_scraper - INFO - 故事 Ask HN: How do you deal with p... 转换完成，包含 100 条评论
2026-03-22 16:03:34,905 - scrapers.hackernews_scraper - INFO - 转换第 7/15 个故事: Ask HN: Is vibe coding a new m...
2026-03-22 16:03:37,268 - scrapers.hackernews_scraper - INFO - 找到 74 条评论
2026-03-22 16:03:37,382 - scrapers.hackernews_scraper - INFO - 故事 Ask HN: Is vibe coding a new m... 转换完成，包含 74 条评论
2026-03-22 16:03:37,383 - scrapers.hackernews_scraper - INFO - 转换第 8/15 个故事: Ask HN: What features does a c...
2026-03-22 16:03:39,853 - scrapers.hackernews_scraper - INFO - 找到 12 条评论
2026-03-22 16:03:39,861 - scrapers.hackernews_scraper - INFO - 故事 Ask HN: What features does a c... 转换完成，包含 12 条评论
2026-03-22 16:03:39,861 - scrapers.hackernews_scraper - INFO - 转换第 9/15 个故事: Ask HN: Have you cancelled any...
2026-03-22 16:03:41,558 - scrapers.hackernews_scraper - INFO - 找到 14 条评论
2026-03-22 16:03:41,569 - scrapers.hackernews_scraper - INFO - 故事 Ask HN: Have you cancelled any... 转换完成，包含 14 条评论
2026-03-22 16:03:41,569 - scrapers.hackernews_scraper - INFO - 转换第 10/15 个故事: Ask HN: The new wave of AI age...
2026-03-22 16:03:43,420 - scrapers.hackernews_scraper - INFO - 找到 5 条评论
2026-03-22 16:03:43,423 - scrapers.hackernews_scraper - INFO - 故事 Ask HN: The new wave of AI age... 转换完成，包含 5 条评论
2026-03-22 16:03:43,423 - scrapers.hackernews_scraper - INFO - 转换第 11/15 个故事: Ask HN: How to Find a Job in t...
2026-03-22 16:03:44,544 - scrapers.hackernews_scraper - INFO - 找到 9 条评论
2026-03-22 16:03:44,550 - scrapers.hackernews_scraper - INFO - 故事 Ask HN: How to Find a Job in t... 转换完成，包含 9 条评论
2026-03-22 16:03:44,550 - scrapers.hackernews_scraper - INFO - 转换第 12/15 个故事: Ask HN: What are the greatest ...
2026-03-22 16:03:47,353 - scrapers.hackernews_scraper - INFO - 找到 4 条评论
2026-03-22 16:03:47,356 - scrapers.hackernews_scraper - INFO - 故事 Ask HN: What are the greatest ... 转换完成，包含 4 条评论
2026-03-22 16:03:47,356 - scrapers.hackernews_scraper - INFO - 转换第 13/15 个故事: Ask HN: Are you using a Pivota...
2026-03-22 16:03:49,866 - scrapers.hackernews_scraper - INFO - 找到 3 条评论
2026-03-22 16:03:49,867 - scrapers.hackernews_scraper - INFO - 故事 Ask HN: Are you using a Pivota... 转换完成，包含 3 条评论
2026-03-22 16:03:49,868 - scrapers.hackernews_scraper - INFO - 转换第 14/15 个故事: Ask HN: Who is still using Win...
2026-03-22 16:03:51,586 - scrapers.hackernews_scraper - INFO - 找到 9 条评论
2026-03-22 16:03:51,592 - scrapers.hackernews_scraper - INFO - 故事 Ask HN: Who is still using Win... 转换完成，包含 9 条评论
2026-03-22 16:03:51,592 - scrapers.hackernews_scraper - INFO - 转换第 15/15 个故事: Ask HN: Broken "Public Researc...
2026-03-22 16:03:53,655 - scrapers.hackernews_scraper - INFO - 找到 2 条评论
2026-03-22 16:03:53,657 - scrapers.hackernews_scraper - INFO - 故事 Ask HN: Broken "Public Researc... 转换完成，包含 2 条评论
2026-03-22 16:03:53,657 - scrapers.hackernews_scraper - INFO - 共转换 15 个故事为统一格式
2026-03-22 16:03:53,657 - scrapers.hackernews_scraper - INFO - 爬取完成，共获取 15 个Ask HN故事
2026-03-22 16:03:54,209 - utils.storage_utils - INFO - 已更新源索引: hackernews
2026-03-22 16:03:54,211 - utils.storage_utils - INFO - 数据已保存到 data/hackernews/week_2026-03-16.json
2026-03-22 16:03:54,214 - scrapers.base_scraper - INFO - 数据已保存到 data/hackernews/week_2026-03-16.json
2026-03-22 16:03:54,214 - scrapers.base_scraper - INFO - 成功爬取 Hacker News 的数据
2026-03-22 16:03:54,215 - __main__ - INFO - 完成: 1/3 个爬虫成功运行
2026-03-22 16:03:54,456 - __main__ - INFO - 归档所有源的旧数据
2026-03-22 16:03:54,456 - __main__ - INFO - 源 jandan 归档 无需归档
2026-03-22 16:03:54,456 - __main__ - INFO - 源 reddit 归档 无需归档
2026-03-22 16:03:54,456 - __main__ - INFO - 源 hackernews 归档 无需归档
