2026-07-11 16:41:53,408 - __main__ - INFO - 运行所有爬虫
2026-07-11 16:41:53,408 - scrapers.jandan_scraper - INFO - JandanScraper初始化完成
2026-07-11 16:41:53,408 - scrapers.base_scraper - INFO - 开始爬取 煎蛋网
2026-07-11 16:41:53,408 - scrapers.jandan_scraper - INFO - 开始爬取煎蛋热评
2026-07-11 16:41:55,601 - scrapers.jandan_scraper - INFO - 成功获取HTML内容，长度: 36949
2026-07-11 16:41:55,601 - scrapers.jandan_scraper - INFO - 调试: 手动获取评论 5877984 的吐槽数据
2026-07-11 16:41:55,601 - scrapers.jandan_scraper - INFO - 获取评论 5877984 的吐槽内容: https://jandan.net/api/tucao/list/5877984
2026-07-11 16:41:57,462 - scrapers.jandan_scraper - INFO - 评论 5877984 获取到 0 条热门吐槽, 0 条普通吐槽
2026-07-11 16:41:57,462 - scrapers.jandan_scraper - INFO - 调试: 评论 5877984 获取到 0 条热门吐槽, 0 条普通吐槽
2026-07-11 16:41:57,462 - scrapers.jandan_scraper - INFO - 开始解析页面中的评论
2026-07-11 16:41:57,462 - scrapers.jandan_scraper - INFO - 开始解析HTML内容, 长度: 36949
2026-07-11 16:41:57,468 - scrapers.jandan_scraper - INFO - 找到 0 条热门评论
2026-07-11 16:41:57,468 - scrapers.jandan_scraper - INFO - 解析完成，获取到 0 条评论
2026-07-11 16:41:57,468 - scrapers.jandan_scraper - INFO - 开始转换评论为统一格式
2026-07-11 16:41:57,468 - scrapers.jandan_scraper - INFO - 开始转换 0 条评论到统一格式
2026-07-11 16:41:57,468 - scrapers.jandan_scraper - INFO - 共转换 0 条评论为统一格式
2026-07-11 16:41:57,468 - scrapers.jandan_scraper - INFO - 爬取完成，共获取 0 条热评
2026-07-11 16:41:57,468 - scrapers.base_scraper - ERROR - 爬取 煎蛋网 失败
2026-07-11 16:41:57,468 - scrapers.reddit_scraper - INFO - RedditScraper初始化完成
2026-07-11 16:41:57,469 - scrapers.base_scraper - INFO - 开始爬取 Reddit
2026-07-11 16:41:57,469 - scrapers.reddit_scraper - INFO - 开始爬取Reddit r/confessions每周热门帖子
2026-07-11 16:41:59,449 - utils.http_utils - ERROR - 请求失败: https://www.reddit.com/r/confessions/top/.json?t=week&limit=10, 错误: 403 Client Error: Blocked for url: https://www.reddit.com/r/confessions/top/.json?t=week&limit=10
2026-07-11 16:41:59,450 - scrapers.reddit_scraper - ERROR - 获取API数据失败: 403 Client Error: Blocked for url: https://www.reddit.com/r/confessions/top/.json?t=week&limit=10
2026-07-11 16:41:59,450 - scrapers.base_scraper - ERROR - 爬取 Reddit 失败
2026-07-11 16:41:59,450 - scrapers.hackernews_scraper - INFO - HackerNewsScraper初始化完成
2026-07-11 16:41:59,451 - scrapers.base_scraper - INFO - 开始爬取 Hacker News
2026-07-11 16:41:59,451 - scrapers.hackernews_scraper - INFO - 开始爬取Hacker News Ask HN帖子
2026-07-11 16:41:59,451 - scrapers.hackernews_scraper - INFO - 获取Ask HN页面: https://news.ycombinator.com/ask
2026-07-11 16:42:01,046 - scrapers.hackernews_scraper - INFO - 找到 18 个帖子行
2026-07-11 16:42:01,047 - scrapers.hackernews_scraper - INFO - 成功解析故事: Ask HN: Are systems ready for ..., 作者=Asmod4n, 点赞=78, 评论=0
2026-07-11 16:42:01,048 - scrapers.hackernews_scraper - INFO - 成功解析故事: Ask HN: How do you use Vim in ..., 作者=rstagi, 点赞=43, 评论=0
2026-07-11 16:42:01,048 - scrapers.hackernews_scraper - INFO - 成功解析故事: Ask HN: What was the last task..., 作者=thedebuglife, 点赞=23, 评论=0
2026-07-11 16:42:01,049 - scrapers.hackernews_scraper - INFO - 成功解析故事: Ask HN: Burned Tokens scented ..., 作者=Tade0, 点赞=5, 评论=0
2026-07-11 16:42:01,049 - scrapers.hackernews_scraper - INFO - 成功解析故事: Ask HN: Is anyone experimentin..., 作者=yehiaabdelm, 点赞=208, 评论=0
2026-07-11 16:42:01,049 - scrapers.hackernews_scraper - INFO - 成功解析故事: Ask HN: HN frontpage feels bor..., 作者=xeonmc, 点赞=48, 评论=0
2026-07-11 16:42:01,050 - scrapers.hackernews_scraper - INFO - 成功解析故事: Ask HN: Where are the good sea..., 作者=lo0dot0, 点赞=56, 评论=0
2026-07-11 16:42:01,050 - scrapers.hackernews_scraper - INFO - 成功解析故事: Ask HN: I hate coding agents. ..., 作者=cmar00, 点赞=18, 评论=0
2026-07-11 16:42:01,050 - scrapers.hackernews_scraper - INFO - 成功解析故事: Ask HN: Who is hiring? (July 2..., 作者=whoishiring, 点赞=246, 评论=0
2026-07-11 16:42:01,051 - scrapers.hackernews_scraper - INFO - 成功解析故事: Ask HN: Is GitHub preparing to..., 作者=reconnecting, 点赞=56, 评论=0
2026-07-11 16:42:01,051 - scrapers.hackernews_scraper - INFO - 成功解析故事: Ask HN: I am not able to find ..., 作者=need_a_work23, 点赞=12, 评论=0
2026-07-11 16:42:01,051 - scrapers.hackernews_scraper - INFO - 成功解析故事: Ask HN: Ubuntu 24.04 now force..., 作者=everybodyknows, 点赞=3, 评论=0
2026-07-11 16:42:01,052 - scrapers.hackernews_scraper - INFO - 成功解析 12 个Ask HN故事
2026-07-11 16:42:01,052 - scrapers.hackernews_scraper - INFO - 开始转换 12 个故事到统一格式
2026-07-11 16:42:01,052 - scrapers.hackernews_scraper - INFO - 转换第 1/12 个故事: Ask HN: Are systems ready for ...
2026-07-11 16:42:03,724 - scrapers.hackernews_scraper - INFO - 找到 83 条评论
2026-07-11 16:42:03,832 - scrapers.hackernews_scraper - INFO - 故事 Ask HN: Are systems ready for ... 转换完成，包含 83 条评论
2026-07-11 16:42:03,832 - scrapers.hackernews_scraper - INFO - 转换第 2/12 个故事: Ask HN: How do you use Vim in ...
2026-07-11 16:42:05,091 - scrapers.hackernews_scraper - INFO - 找到 85 条评论
2026-07-11 16:42:05,199 - scrapers.hackernews_scraper - INFO - 故事 Ask HN: How do you use Vim in ... 转换完成，包含 85 条评论
2026-07-11 16:42:05,199 - scrapers.hackernews_scraper - INFO - 转换第 3/12 个故事: Ask HN: What was the last task...
2026-07-11 16:42:07,270 - scrapers.hackernews_scraper - INFO - 找到 26 条评论
2026-07-11 16:42:07,287 - scrapers.hackernews_scraper - INFO - 故事 Ask HN: What was the last task... 转换完成，包含 26 条评论
2026-07-11 16:42:07,287 - scrapers.hackernews_scraper - INFO - 转换第 4/12 个故事: Ask HN: Burned Tokens scented ...
2026-07-11 16:42:09,345 - scrapers.hackernews_scraper - INFO - 找到 16 条评论
2026-07-11 16:42:09,353 - scrapers.hackernews_scraper - INFO - 故事 Ask HN: Burned Tokens scented ... 转换完成，包含 16 条评论
2026-07-11 16:42:09,353 - scrapers.hackernews_scraper - INFO - 转换第 5/12 个故事: Ask HN: Is anyone experimentin...
2026-07-11 16:42:12,698 - scrapers.hackernews_scraper - INFO - 找到 205 条评论
2026-07-11 16:42:13,255 - scrapers.hackernews_scraper - INFO - 故事 Ask HN: Is anyone experimentin... 转换完成，包含 100 条评论
2026-07-11 16:42:13,255 - scrapers.hackernews_scraper - INFO - 转换第 6/12 个故事: Ask HN: HN frontpage feels bor...
2026-07-11 16:42:14,905 - scrapers.hackernews_scraper - INFO - 找到 35 条评论
2026-07-11 16:42:14,930 - scrapers.hackernews_scraper - INFO - 故事 Ask HN: HN frontpage feels bor... 转换完成，包含 35 条评论
2026-07-11 16:42:14,930 - scrapers.hackernews_scraper - INFO - 转换第 7/12 个故事: Ask HN: Where are the good sea...
2026-07-11 16:42:17,312 - scrapers.hackernews_scraper - INFO - 找到 17 条评论
2026-07-11 16:42:17,322 - scrapers.hackernews_scraper - INFO - 故事 Ask HN: Where are the good sea... 转换完成，包含 17 条评论
2026-07-11 16:42:17,322 - scrapers.hackernews_scraper - INFO - 转换第 8/12 个故事: Ask HN: I hate coding agents. ...
2026-07-11 16:42:19,220 - scrapers.hackernews_scraper - INFO - 找到 17 条评论
2026-07-11 16:42:19,229 - scrapers.hackernews_scraper - INFO - 故事 Ask HN: I hate coding agents. ... 转换完成，包含 17 条评论
2026-07-11 16:42:19,229 - scrapers.hackernews_scraper - INFO - 转换第 9/12 个故事: Ask HN: Who is hiring? (July 2...
2026-07-11 16:42:21,246 - scrapers.hackernews_scraper - INFO - 找到 406 条评论
2026-07-11 16:42:23,574 - scrapers.hackernews_scraper - INFO - 故事 Ask HN: Who is hiring? (July 2... 转换完成，包含 100 条评论
2026-07-11 16:42:23,574 - scrapers.hackernews_scraper - INFO - 转换第 10/12 个故事: Ask HN: Is GitHub preparing to...
2026-07-11 16:42:25,289 - scrapers.hackernews_scraper - INFO - 找到 38 条评论
2026-07-11 16:42:25,318 - scrapers.hackernews_scraper - INFO - 故事 Ask HN: Is GitHub preparing to... 转换完成，包含 38 条评论
2026-07-11 16:42:25,318 - scrapers.hackernews_scraper - INFO - 转换第 11/12 个故事: Ask HN: I am not able to find ...
2026-07-11 16:42:27,354 - scrapers.hackernews_scraper - INFO - 找到 18 条评论
2026-07-11 16:42:27,364 - scrapers.hackernews_scraper - INFO - 故事 Ask HN: I am not able to find ... 转换完成，包含 18 条评论
2026-07-11 16:42:27,364 - scrapers.hackernews_scraper - INFO - 转换第 12/12 个故事: Ask HN: Ubuntu 24.04 now force...
2026-07-11 16:42:29,399 - scrapers.hackernews_scraper - INFO - 找到 1 条评论
2026-07-11 16:42:29,400 - scrapers.hackernews_scraper - INFO - 故事 Ask HN: Ubuntu 24.04 now force... 转换完成，包含 1 条评论
2026-07-11 16:42:29,400 - scrapers.hackernews_scraper - INFO - 共转换 12 个故事为统一格式
2026-07-11 16:42:29,400 - scrapers.hackernews_scraper - INFO - 爬取完成，共获取 12 个Ask HN故事
2026-07-11 16:42:29,793 - utils.storage_utils - INFO - 已更新源索引: hackernews
2026-07-11 16:42:29,794 - utils.storage_utils - INFO - 数据已保存到 data/hackernews/week_2026-07-06.json
2026-07-11 16:42:29,795 - scrapers.base_scraper - INFO - 数据已保存到 data/hackernews/week_2026-07-06.json
2026-07-11 16:42:29,795 - scrapers.base_scraper - INFO - 成功爬取 Hacker News 的数据
2026-07-11 16:42:29,796 - __main__ - INFO - 完成: 1/3 个爬虫成功运行
2026-07-11 16:42:29,957 - __main__ - INFO - 归档所有源的旧数据
2026-07-11 16:42:29,958 - __main__ - INFO - 源 jandan 归档 无需归档
2026-07-11 16:42:29,958 - __main__ - INFO - 源 reddit 归档 无需归档
2026-07-11 16:42:29,958 - __main__ - INFO - 源 hackernews 归档 无需归档
