2025-04-22 16:01:48,419 - __main__ - INFO - 运行所有爬虫
2025-04-22 16:01:48,419 - scrapers.jandan_scraper - INFO - JandanScraper初始化完成
2025-04-22 16:01:48,420 - scrapers.base_scraper - INFO - 开始爬取 煎蛋网
2025-04-22 16:01:48,420 - scrapers.jandan_scraper - INFO - 开始爬取煎蛋热评
2025-04-22 16:01:52,481 - scrapers.jandan_scraper - INFO - 成功获取HTML内容，长度: 23135
2025-04-22 16:01:52,482 - scrapers.jandan_scraper - INFO - 调试: 手动获取评论 5877984 的吐槽数据
2025-04-22 16:01:52,482 - scrapers.jandan_scraper - INFO - 获取评论 5877984 的吐槽内容: https://jandan.net/api/tucao/list/5877984
2025-04-22 16:01:55,466 - scrapers.jandan_scraper - INFO - 评论 5877984 获取到 1 条热门吐槽, 3 条普通吐槽
2025-04-22 16:01:55,467 - scrapers.jandan_scraper - INFO - 调试: 评论 5877984 获取到 1 条热门吐槽, 3 条普通吐槽
2025-04-22 16:01:55,467 - scrapers.jandan_scraper - INFO - 开始解析页面中的评论
2025-04-22 16:01:55,467 - scrapers.jandan_scraper - INFO - 开始解析HTML内容, 长度: 23135
2025-04-22 16:01:55,474 - scrapers.jandan_scraper - INFO - 找到 0 条热门评论
2025-04-22 16:01:55,474 - scrapers.jandan_scraper - INFO - 解析完成，获取到 0 条评论
2025-04-22 16:01:55,474 - scrapers.jandan_scraper - INFO - 开始转换评论为统一格式
2025-04-22 16:01:55,474 - scrapers.jandan_scraper - INFO - 开始转换 0 条评论到统一格式
2025-04-22 16:01:55,475 - scrapers.jandan_scraper - INFO - 共转换 0 条评论为统一格式
2025-04-22 16:01:55,475 - scrapers.jandan_scraper - INFO - 爬取完成，共获取 0 条热评
2025-04-22 16:01:55,475 - scrapers.base_scraper - ERROR - 爬取 煎蛋网 失败
2025-04-22 16:01:55,475 - scrapers.reddit_scraper - INFO - RedditScraper初始化完成
2025-04-22 16:01:55,475 - scrapers.base_scraper - INFO - 开始爬取 Reddit
2025-04-22 16:01:55,475 - scrapers.reddit_scraper - INFO - 开始爬取Reddit r/confessions每周热门帖子
2025-04-22 16:01:57,984 - utils.http_utils - ERROR - 请求失败: https://www.reddit.com/r/confessions/top/.json?t=week&limit=10, 错误: 403 Client Error: Blocked for url: https://www.reddit.com/r/confessions/top/.json?t=week&limit=10
2025-04-22 16:01:57,984 - scrapers.reddit_scraper - ERROR - 获取API数据失败: 403 Client Error: Blocked for url: https://www.reddit.com/r/confessions/top/.json?t=week&limit=10
2025-04-22 16:01:57,984 - scrapers.base_scraper - ERROR - 爬取 Reddit 失败
2025-04-22 16:01:57,985 - scrapers.hackernews_scraper - INFO - HackerNewsScraper初始化完成
2025-04-22 16:01:57,985 - scrapers.base_scraper - INFO - 开始爬取 Hacker News
2025-04-22 16:01:57,985 - scrapers.hackernews_scraper - INFO - 开始爬取Hacker News Ask HN帖子
2025-04-22 16:01:57,985 - scrapers.hackernews_scraper - INFO - 获取Ask HN页面: https://news.ycombinator.com/ask
2025-04-22 16:02:00,495 - scrapers.hackernews_scraper - INFO - 找到 30 个帖子行
2025-04-22 16:02:00,496 - scrapers.hackernews_scraper - INFO - 成功解析故事: Ask HN: Looking for a past pos..., 作者=geiser, 点赞=2, 评论=0
2025-04-22 16:02:00,497 - scrapers.hackernews_scraper - INFO - 成功解析故事: Ask HN: Writing an Interpreter..., 作者=lordleft, 点赞=28, 评论=0
2025-04-22 16:02:00,498 - scrapers.hackernews_scraper - INFO - 成功解析故事: Ask HN: Where Is PragmaticPulp..., 作者=swah, 点赞=3, 评论=0
2025-04-22 16:02:00,498 - scrapers.hackernews_scraper - INFO - 成功解析故事: Ask HN: How do you talk about ..., 作者=newacc250218, 点赞=82, 评论=0
2025-04-22 16:02:00,499 - scrapers.hackernews_scraper - INFO - 成功解析故事: Ask HN: Has anyone used Riak? ..., 作者=ag_rin, 点赞=7, 评论=0
2025-04-22 16:02:00,500 - scrapers.hackernews_scraper - INFO - 成功解析故事: Ask HN: Do you use glasses to ..., 作者=santiagobasulto, 点赞=3, 评论=0
2025-04-22 16:02:00,500 - scrapers.hackernews_scraper - INFO - 成功解析故事: Ask HN: Were early stage produ..., 作者=AbstractH24, 点赞=5, 评论=0
2025-04-22 16:02:00,501 - scrapers.hackernews_scraper - INFO - 成功解析故事: Ask HN: How do you ensure you ..., 作者=stankot, 点赞=4, 评论=0
2025-04-22 16:02:00,502 - scrapers.hackernews_scraper - INFO - 成功解析故事: Ask HN: Qt style "Signals and ..., 作者=tmbsundar, 点赞=4, 评论=0
2025-04-22 16:02:00,502 - scrapers.hackernews_scraper - INFO - 成功解析故事: Ask HN: What is bad about Home..., 作者=croemer, 点赞=8, 评论=0
2025-04-22 16:02:00,503 - scrapers.hackernews_scraper - INFO - 成功解析故事: Ask HN: Is there an accepted n..., 作者=deanebarker, 点赞=2, 评论=0
2025-04-22 16:02:00,504 - scrapers.hackernews_scraper - INFO - 成功解析故事: Ask HN: How are you managing y..., 作者=toomuchtodo, 点赞=3, 评论=0
2025-04-22 16:02:00,504 - scrapers.hackernews_scraper - INFO - 成功解析故事: Ask HN: How to get my developm..., 作者=ttmuncher, 点赞=46, 评论=0
2025-04-22 16:02:00,505 - scrapers.hackernews_scraper - INFO - 成功解析故事: Ask HN: How do you drive adopt..., 作者=kassidycurrey, 点赞=6, 评论=0
2025-04-22 16:02:00,505 - scrapers.hackernews_scraper - INFO - 成功解析故事: Ask HN: Why are many of this u..., 作者=nomilk, 点赞=4, 评论=0
2025-04-22 16:02:00,505 - scrapers.hackernews_scraper - INFO - 成功解析 15 个Ask HN故事
2025-04-22 16:02:00,506 - scrapers.hackernews_scraper - INFO - 开始转换 15 个故事到统一格式
2025-04-22 16:02:00,506 - scrapers.hackernews_scraper - INFO - 转换第 1/15 个故事: Ask HN: Looking for a past pos...
2025-04-22 16:02:03,258 - scrapers.hackernews_scraper - INFO - 找到 1 条评论
2025-04-22 16:02:03,259 - scrapers.hackernews_scraper - INFO - 故事 Ask HN: Looking for a past pos... 转换完成，包含 1 条评论
2025-04-22 16:02:03,260 - scrapers.hackernews_scraper - INFO - 转换第 2/15 个故事: Ask HN: Writing an Interpreter...
2025-04-22 16:02:05,912 - scrapers.hackernews_scraper - INFO - 找到 14 条评论
2025-04-22 16:02:05,923 - scrapers.hackernews_scraper - INFO - 故事 Ask HN: Writing an Interpreter... 转换完成，包含 14 条评论
2025-04-22 16:02:05,924 - scrapers.hackernews_scraper - INFO - 转换第 3/15 个故事: Ask HN: Where Is PragmaticPulp...
2025-04-22 16:02:08,563 - scrapers.hackernews_scraper - INFO - 找到 0 条评论
2025-04-22 16:02:08,563 - scrapers.hackernews_scraper - INFO - 故事 Ask HN: Where Is PragmaticPulp... 转换完成，包含 0 条评论
2025-04-22 16:02:08,563 - scrapers.hackernews_scraper - INFO - 转换第 4/15 个故事: Ask HN: How do you talk about ...
2025-04-22 16:02:10,352 - scrapers.hackernews_scraper - INFO - 找到 107 条评论
2025-04-22 16:02:10,627 - scrapers.hackernews_scraper - INFO - 故事 Ask HN: How do you talk about ... 转换完成，包含 100 条评论
2025-04-22 16:02:10,627 - scrapers.hackernews_scraper - INFO - 转换第 5/15 个故事: Ask HN: Has anyone used Riak? ...
2025-04-22 16:02:12,679 - scrapers.hackernews_scraper - INFO - 找到 8 条评论
2025-04-22 16:02:12,685 - scrapers.hackernews_scraper - INFO - 故事 Ask HN: Has anyone used Riak? ... 转换完成，包含 8 条评论
2025-04-22 16:02:12,685 - scrapers.hackernews_scraper - INFO - 转换第 6/15 个故事: Ask HN: Do you use glasses to ...
2025-04-22 16:02:15,016 - scrapers.hackernews_scraper - INFO - 找到 2 条评论
2025-04-22 16:02:15,017 - scrapers.hackernews_scraper - INFO - 故事 Ask HN: Do you use glasses to ... 转换完成，包含 2 条评论
2025-04-22 16:02:15,017 - scrapers.hackernews_scraper - INFO - 转换第 7/15 个故事: Ask HN: Were early stage produ...
2025-04-22 16:02:17,037 - scrapers.hackernews_scraper - INFO - 找到 11 条评论
2025-04-22 16:02:17,047 - scrapers.hackernews_scraper - INFO - 故事 Ask HN: Were early stage produ... 转换完成，包含 11 条评论
2025-04-22 16:02:17,047 - scrapers.hackernews_scraper - INFO - 转换第 8/15 个故事: Ask HN: How do you ensure you ...
2025-04-22 16:02:19,093 - scrapers.hackernews_scraper - INFO - 找到 8 条评论
2025-04-22 16:02:19,099 - scrapers.hackernews_scraper - INFO - 故事 Ask HN: How do you ensure you ... 转换完成，包含 8 条评论
2025-04-22 16:02:19,099 - scrapers.hackernews_scraper - INFO - 转换第 9/15 个故事: Ask HN: Qt style "Signals and ...
2025-04-22 16:02:21,771 - scrapers.hackernews_scraper - INFO - 找到 3 条评论
2025-04-22 16:02:21,773 - scrapers.hackernews_scraper - INFO - 故事 Ask HN: Qt style "Signals and ... 转换完成，包含 3 条评论
2025-04-22 16:02:21,773 - scrapers.hackernews_scraper - INFO - 转换第 10/15 个故事: Ask HN: What is bad about Home...
2025-04-22 16:02:24,120 - scrapers.hackernews_scraper - INFO - 找到 7 条评论
2025-04-22 16:02:24,126 - scrapers.hackernews_scraper - INFO - 故事 Ask HN: What is bad about Home... 转换完成，包含 7 条评论
2025-04-22 16:02:24,126 - scrapers.hackernews_scraper - INFO - 转换第 11/15 个故事: Ask HN: Is there an accepted n...
2025-04-22 16:02:26,725 - scrapers.hackernews_scraper - INFO - 找到 1 条评论
2025-04-22 16:02:26,726 - scrapers.hackernews_scraper - INFO - 故事 Ask HN: Is there an accepted n... 转换完成，包含 1 条评论
2025-04-22 16:02:26,726 - scrapers.hackernews_scraper - INFO - 转换第 12/15 个故事: Ask HN: How are you managing y...
2025-04-22 16:02:28,453 - scrapers.hackernews_scraper - INFO - 找到 8 条评论
2025-04-22 16:02:28,458 - scrapers.hackernews_scraper - INFO - 故事 Ask HN: How are you managing y... 转换完成，包含 8 条评论
2025-04-22 16:02:28,458 - scrapers.hackernews_scraper - INFO - 转换第 13/15 个故事: Ask HN: How to get my developm...
2025-04-22 16:02:31,306 - scrapers.hackernews_scraper - INFO - 找到 25 条评论
2025-04-22 16:02:31,332 - scrapers.hackernews_scraper - INFO - 故事 Ask HN: How to get my developm... 转换完成，包含 25 条评论
2025-04-22 16:02:31,332 - scrapers.hackernews_scraper - INFO - 转换第 14/15 个故事: Ask HN: How do you drive adopt...
2025-04-22 16:02:33,272 - scrapers.hackernews_scraper - INFO - 找到 11 条评论
2025-04-22 16:02:33,281 - scrapers.hackernews_scraper - INFO - 故事 Ask HN: How do you drive adopt... 转换完成，包含 11 条评论
2025-04-22 16:02:33,281 - scrapers.hackernews_scraper - INFO - 转换第 15/15 个故事: Ask HN: Why are many of this u...
2025-04-22 16:02:36,078 - scrapers.hackernews_scraper - INFO - 找到 6 条评论
2025-04-22 16:02:36,082 - scrapers.hackernews_scraper - INFO - 故事 Ask HN: Why are many of this u... 转换完成，包含 6 条评论
2025-04-22 16:02:36,083 - scrapers.hackernews_scraper - INFO - 共转换 15 个故事为统一格式
2025-04-22 16:02:36,083 - scrapers.hackernews_scraper - INFO - 爬取完成，共获取 15 个Ask HN故事
2025-04-22 16:02:36,253 - utils.storage_utils - INFO - 已更新源索引: hackernews
2025-04-22 16:02:36,256 - utils.storage_utils - INFO - 数据已保存到 data/hackernews/week_2025-04-21.json
2025-04-22 16:02:36,256 - scrapers.base_scraper - INFO - 数据已保存到 data/hackernews/week_2025-04-21.json
2025-04-22 16:02:36,256 - scrapers.base_scraper - INFO - 成功爬取 Hacker News 的数据
2025-04-22 16:02:36,257 - __main__ - INFO - 完成: 1/3 个爬虫成功运行
2025-04-22 16:02:36,497 - __main__ - INFO - 归档所有源的旧数据
2025-04-22 16:02:36,498 - __main__ - INFO - 源 jandan 归档 无需归档
2025-04-22 16:02:36,498 - __main__ - INFO - 源 reddit 归档 无需归档
2025-04-22 16:02:36,498 - __main__ - INFO - 源 hackernews 归档 无需归档
