2025-07-13 16:02:01,790 - __main__ - INFO - 运行所有爬虫
2025-07-13 16:02:01,790 - scrapers.jandan_scraper - INFO - JandanScraper初始化完成
2025-07-13 16:02:01,790 - scrapers.base_scraper - INFO - 开始爬取 煎蛋网
2025-07-13 16:02:01,790 - scrapers.jandan_scraper - INFO - 开始爬取煎蛋热评
2025-07-13 16:02:07,763 - scrapers.jandan_scraper - INFO - 成功获取HTML内容，长度: 26180
2025-07-13 16:02:07,763 - scrapers.jandan_scraper - INFO - 调试: 手动获取评论 5877984 的吐槽数据
2025-07-13 16:02:07,764 - scrapers.jandan_scraper - INFO - 获取评论 5877984 的吐槽内容: https://jandan.net/api/tucao/list/5877984
2025-07-13 16:02:10,025 - scrapers.jandan_scraper - INFO - 评论 5877984 获取到 1 条热门吐槽, 3 条普通吐槽
2025-07-13 16:02:10,025 - scrapers.jandan_scraper - INFO - 调试: 评论 5877984 获取到 1 条热门吐槽, 3 条普通吐槽
2025-07-13 16:02:10,025 - scrapers.jandan_scraper - INFO - 开始解析页面中的评论
2025-07-13 16:02:10,025 - scrapers.jandan_scraper - INFO - 开始解析HTML内容, 长度: 26180
2025-07-13 16:02:10,033 - scrapers.jandan_scraper - INFO - 找到 0 条热门评论
2025-07-13 16:02:10,033 - scrapers.jandan_scraper - INFO - 解析完成，获取到 0 条评论
2025-07-13 16:02:10,033 - scrapers.jandan_scraper - INFO - 开始转换评论为统一格式
2025-07-13 16:02:10,033 - scrapers.jandan_scraper - INFO - 开始转换 0 条评论到统一格式
2025-07-13 16:02:10,033 - scrapers.jandan_scraper - INFO - 共转换 0 条评论为统一格式
2025-07-13 16:02:10,033 - scrapers.jandan_scraper - INFO - 爬取完成，共获取 0 条热评
2025-07-13 16:02:10,033 - scrapers.base_scraper - ERROR - 爬取 煎蛋网 失败
2025-07-13 16:02:10,034 - scrapers.reddit_scraper - INFO - RedditScraper初始化完成
2025-07-13 16:02:10,034 - scrapers.base_scraper - INFO - 开始爬取 Reddit
2025-07-13 16:02:10,034 - scrapers.reddit_scraper - INFO - 开始爬取Reddit r/confessions每周热门帖子
2025-07-13 16:02:12,498 - utils.http_utils - ERROR - 请求失败: https://www.reddit.com/r/confessions/top/.json?t=week&limit=10, 错误: 403 Client Error: Blocked for url: https://www.reddit.com/r/confessions/top/.json?t=week&limit=10
2025-07-13 16:02:12,498 - scrapers.reddit_scraper - ERROR - 获取API数据失败: 403 Client Error: Blocked for url: https://www.reddit.com/r/confessions/top/.json?t=week&limit=10
2025-07-13 16:02:12,499 - scrapers.base_scraper - ERROR - 爬取 Reddit 失败
2025-07-13 16:02:12,499 - scrapers.hackernews_scraper - INFO - HackerNewsScraper初始化完成
2025-07-13 16:02:12,499 - scrapers.base_scraper - INFO - 开始爬取 Hacker News
2025-07-13 16:02:12,499 - scrapers.hackernews_scraper - INFO - 开始爬取Hacker News Ask HN帖子
2025-07-13 16:02:12,499 - scrapers.hackernews_scraper - INFO - 获取Ask HN页面: https://news.ycombinator.com/ask
2025-07-13 16:02:15,650 - scrapers.hackernews_scraper - INFO - 找到 26 个帖子行
2025-07-13 16:02:15,651 - scrapers.hackernews_scraper - INFO - 成功解析故事: Ask HN: How are you productive..., 作者=nocobot, 点赞=8, 评论=0
2025-07-13 16:02:15,652 - scrapers.hackernews_scraper - INFO - 成功解析故事: Ask HN: How did Soham Parekh g..., 作者=jshchnz, 点赞=314, 评论=0
2025-07-13 16:02:15,652 - scrapers.hackernews_scraper - INFO - 成功解析故事: Ask HN: How do you get first 1..., 作者=jcofai, 点赞=9, 评论=0
2025-07-13 16:02:15,653 - scrapers.hackernews_scraper - INFO - 成功解析故事: Ask HN: Has anybody gotten a N..., 作者=rglover, 点赞=2, 评论=0
2025-07-13 16:02:15,654 - scrapers.hackernews_scraper - INFO - 成功解析故事: Ask HN: Where are the AI-drive..., 作者=arduinomancer, 点赞=37, 评论=0
2025-07-13 16:02:15,654 - scrapers.hackernews_scraper - INFO - 成功解析故事: Ask HN: Are there any tools fo..., 作者=jepeake, 点赞=2, 评论=0
2025-07-13 16:02:15,655 - scrapers.hackernews_scraper - INFO - 成功解析故事: Ask HN: Looking for a director..., 作者=simplecto, 点赞=3, 评论=0
2025-07-13 16:02:15,656 - scrapers.hackernews_scraper - INFO - 成功解析故事: Ask HN: Bug Bounty Dilemma – T..., 作者=deep_thinker26, 点赞=22, 评论=0
2025-07-13 16:02:15,656 - scrapers.hackernews_scraper - INFO - 成功解析故事: Ask HN: Worth leaving position..., 作者=NotAnOtter, 点赞=81, 评论=0
2025-07-13 16:02:15,657 - scrapers.hackernews_scraper - INFO - 成功解析故事: Ask HN: People who work differ..., 作者=tetris11, 点赞=17, 评论=0
2025-07-13 16:02:15,658 - scrapers.hackernews_scraper - INFO - 成功解析故事: Ask HN: How to Create Data Flo..., 作者=shivajikobardan, 点赞=4, 评论=0
2025-07-13 16:02:15,658 - scrapers.hackernews_scraper - INFO - 成功解析故事: Ask HN: What do you do with yo..., 作者=electricant, 点赞=4, 评论=0
2025-07-13 16:02:15,659 - scrapers.hackernews_scraper - INFO - 成功解析故事: Ask HN: Good non tech companie..., 作者=nzmkk, 点赞=4, 评论=0
2025-07-13 16:02:15,659 - scrapers.hackernews_scraper - INFO - 成功解析故事: Ask HN: What techniques do you..., 作者=anonymzz, 点赞=5, 评论=0
2025-07-13 16:02:15,660 - scrapers.hackernews_scraper - INFO - 成功解析故事: Ask HN: Does your on-call rota..., 作者=asciifree, 点赞=11, 评论=0
2025-07-13 16:02:15,660 - scrapers.hackernews_scraper - INFO - 成功解析 15 个Ask HN故事
2025-07-13 16:02:15,660 - scrapers.hackernews_scraper - INFO - 开始转换 15 个故事到统一格式
2025-07-13 16:02:15,660 - scrapers.hackernews_scraper - INFO - 转换第 1/15 个故事: Ask HN: How are you productive...
2025-07-13 16:02:16,813 - scrapers.hackernews_scraper - INFO - 找到 6 条评论
2025-07-13 16:02:16,817 - scrapers.hackernews_scraper - INFO - 故事 Ask HN: How are you productive... 转换完成，包含 6 条评论
2025-07-13 16:02:16,817 - scrapers.hackernews_scraper - INFO - 转换第 2/15 个故事: Ask HN: How did Soham Parekh g...
2025-07-13 16:02:20,877 - scrapers.hackernews_scraper - INFO - 找到 415 条评论
2025-07-13 16:02:24,408 - scrapers.hackernews_scraper - INFO - 故事 Ask HN: How did Soham Parekh g... 转换完成，包含 100 条评论
2025-07-13 16:02:24,408 - scrapers.hackernews_scraper - INFO - 转换第 3/15 个故事: Ask HN: How do you get first 1...
2025-07-13 16:02:26,057 - scrapers.hackernews_scraper - INFO - 找到 11 条评论
2025-07-13 16:02:26,064 - scrapers.hackernews_scraper - INFO - 故事 Ask HN: How do you get first 1... 转换完成，包含 11 条评论
2025-07-13 16:02:26,064 - scrapers.hackernews_scraper - INFO - 转换第 4/15 个故事: Ask HN: Has anybody gotten a N...
2025-07-13 16:02:27,759 - scrapers.hackernews_scraper - INFO - 找到 3 条评论
2025-07-13 16:02:27,761 - scrapers.hackernews_scraper - INFO - 故事 Ask HN: Has anybody gotten a N... 转换完成，包含 3 条评论
2025-07-13 16:02:27,761 - scrapers.hackernews_scraper - INFO - 转换第 5/15 个故事: Ask HN: Where are the AI-drive...
2025-07-13 16:02:29,538 - scrapers.hackernews_scraper - INFO - 找到 41 条评论
2025-07-13 16:02:29,585 - scrapers.hackernews_scraper - INFO - 故事 Ask HN: Where are the AI-drive... 转换完成，包含 41 条评论
2025-07-13 16:02:29,585 - scrapers.hackernews_scraper - INFO - 转换第 6/15 个故事: Ask HN: Are there any tools fo...
2025-07-13 16:02:32,219 - scrapers.hackernews_scraper - INFO - 找到 3 条评论
2025-07-13 16:02:32,221 - scrapers.hackernews_scraper - INFO - 故事 Ask HN: Are there any tools fo... 转换完成，包含 3 条评论
2025-07-13 16:02:32,221 - scrapers.hackernews_scraper - INFO - 转换第 7/15 个故事: Ask HN: Looking for a director...
2025-07-13 16:02:33,447 - scrapers.hackernews_scraper - INFO - 找到 2 条评论
2025-07-13 16:02:33,448 - scrapers.hackernews_scraper - INFO - 故事 Ask HN: Looking for a director... 转换完成，包含 2 条评论
2025-07-13 16:02:33,448 - scrapers.hackernews_scraper - INFO - 转换第 8/15 个故事: Ask HN: Bug Bounty Dilemma – T...
2025-07-13 16:02:35,811 - scrapers.hackernews_scraper - INFO - 找到 14 条评论
2025-07-13 16:02:35,822 - scrapers.hackernews_scraper - INFO - 故事 Ask HN: Bug Bounty Dilemma – T... 转换完成，包含 14 条评论
2025-07-13 16:02:35,822 - scrapers.hackernews_scraper - INFO - 转换第 9/15 个故事: Ask HN: Worth leaving position...
2025-07-13 16:02:38,655 - scrapers.hackernews_scraper - INFO - 找到 94 条评论
2025-07-13 16:02:38,857 - scrapers.hackernews_scraper - INFO - 故事 Ask HN: Worth leaving position... 转换完成，包含 94 条评论
2025-07-13 16:02:38,857 - scrapers.hackernews_scraper - INFO - 转换第 10/15 个故事: Ask HN: People who work differ...
2025-07-13 16:02:41,968 - scrapers.hackernews_scraper - INFO - 找到 27 条评论
2025-07-13 16:02:41,993 - scrapers.hackernews_scraper - INFO - 故事 Ask HN: People who work differ... 转换完成，包含 27 条评论
2025-07-13 16:02:41,993 - scrapers.hackernews_scraper - INFO - 转换第 11/15 个故事: Ask HN: How to Create Data Flo...
2025-07-13 16:02:44,358 - scrapers.hackernews_scraper - INFO - 找到 2 条评论
2025-07-13 16:02:44,360 - scrapers.hackernews_scraper - INFO - 故事 Ask HN: How to Create Data Flo... 转换完成，包含 2 条评论
2025-07-13 16:02:44,360 - scrapers.hackernews_scraper - INFO - 转换第 12/15 个故事: Ask HN: What do you do with yo...
2025-07-13 16:02:45,620 - scrapers.hackernews_scraper - INFO - 找到 10 条评论
2025-07-13 16:02:45,627 - scrapers.hackernews_scraper - INFO - 故事 Ask HN: What do you do with yo... 转换完成，包含 10 条评论
2025-07-13 16:02:45,627 - scrapers.hackernews_scraper - INFO - 转换第 13/15 个故事: Ask HN: Good non tech companie...
2025-07-13 16:02:47,526 - scrapers.hackernews_scraper - INFO - 找到 12 条评论
2025-07-13 16:02:47,534 - scrapers.hackernews_scraper - INFO - 故事 Ask HN: Good non tech companie... 转换完成，包含 12 条评论
2025-07-13 16:02:47,534 - scrapers.hackernews_scraper - INFO - 转换第 14/15 个故事: Ask HN: What techniques do you...
2025-07-13 16:02:50,456 - scrapers.hackernews_scraper - INFO - 找到 4 条评论
2025-07-13 16:02:50,459 - scrapers.hackernews_scraper - INFO - 故事 Ask HN: What techniques do you... 转换完成，包含 4 条评论
2025-07-13 16:02:50,459 - scrapers.hackernews_scraper - INFO - 转换第 15/15 个故事: Ask HN: Does your on-call rota...
2025-07-13 16:02:51,640 - scrapers.hackernews_scraper - INFO - 找到 23 条评论
2025-07-13 16:02:51,660 - scrapers.hackernews_scraper - INFO - 故事 Ask HN: Does your on-call rota... 转换完成，包含 23 条评论
2025-07-13 16:02:51,660 - scrapers.hackernews_scraper - INFO - 共转换 15 个故事为统一格式
2025-07-13 16:02:51,660 - scrapers.hackernews_scraper - INFO - 爬取完成，共获取 15 个Ask HN故事
2025-07-13 16:02:52,322 - utils.storage_utils - INFO - 已更新源索引: hackernews
2025-07-13 16:02:52,323 - utils.storage_utils - INFO - 数据已保存到 data/hackernews/week_2025-07-07.json
2025-07-13 16:02:52,326 - scrapers.base_scraper - INFO - 数据已保存到 data/hackernews/week_2025-07-07.json
2025-07-13 16:02:52,326 - scrapers.base_scraper - INFO - 成功爬取 Hacker News 的数据
2025-07-13 16:02:52,326 - __main__ - INFO - 完成: 1/3 个爬虫成功运行
2025-07-13 16:02:52,569 - __main__ - INFO - 归档所有源的旧数据
2025-07-13 16:02:52,569 - __main__ - INFO - 源 jandan 归档 无需归档
2025-07-13 16:02:52,569 - __main__ - INFO - 源 reddit 归档 无需归档
2025-07-13 16:02:52,569 - __main__ - INFO - 源 hackernews 归档 无需归档
