2025-09-29 16:02:26,216 - __main__ - INFO - 运行所有爬虫
2025-09-29 16:02:26,216 - scrapers.jandan_scraper - INFO - JandanScraper初始化完成
2025-09-29 16:02:26,217 - scrapers.base_scraper - INFO - 开始爬取 煎蛋网
2025-09-29 16:02:26,217 - scrapers.jandan_scraper - INFO - 开始爬取煎蛋热评
2025-09-29 16:02:29,916 - scrapers.jandan_scraper - INFO - 成功获取HTML内容，长度: 24786
2025-09-29 16:02:29,916 - scrapers.jandan_scraper - INFO - 调试: 手动获取评论 5877984 的吐槽数据
2025-09-29 16:02:29,916 - scrapers.jandan_scraper - INFO - 获取评论 5877984 的吐槽内容: https://jandan.net/api/tucao/list/5877984
2025-09-29 16:02:33,294 - scrapers.jandan_scraper - INFO - 评论 5877984 获取到 1 条热门吐槽, 3 条普通吐槽
2025-09-29 16:02:33,295 - scrapers.jandan_scraper - INFO - 调试: 评论 5877984 获取到 1 条热门吐槽, 3 条普通吐槽
2025-09-29 16:02:33,295 - scrapers.jandan_scraper - INFO - 开始解析页面中的评论
2025-09-29 16:02:33,295 - scrapers.jandan_scraper - INFO - 开始解析HTML内容, 长度: 24786
2025-09-29 16:02:33,303 - scrapers.jandan_scraper - INFO - 找到 0 条热门评论
2025-09-29 16:02:33,303 - scrapers.jandan_scraper - INFO - 解析完成，获取到 0 条评论
2025-09-29 16:02:33,303 - scrapers.jandan_scraper - INFO - 开始转换评论为统一格式
2025-09-29 16:02:33,303 - scrapers.jandan_scraper - INFO - 开始转换 0 条评论到统一格式
2025-09-29 16:02:33,303 - scrapers.jandan_scraper - INFO - 共转换 0 条评论为统一格式
2025-09-29 16:02:33,303 - scrapers.jandan_scraper - INFO - 爬取完成，共获取 0 条热评
2025-09-29 16:02:33,303 - scrapers.base_scraper - ERROR - 爬取 煎蛋网 失败
2025-09-29 16:02:33,304 - scrapers.reddit_scraper - INFO - RedditScraper初始化完成
2025-09-29 16:02:33,305 - scrapers.base_scraper - INFO - 开始爬取 Reddit
2025-09-29 16:02:33,305 - scrapers.reddit_scraper - INFO - 开始爬取Reddit r/confessions每周热门帖子
2025-09-29 16:02:35,229 - utils.http_utils - ERROR - 请求失败: https://www.reddit.com/r/confessions/top/.json?t=week&limit=10, 错误: 403 Client Error: Blocked for url: https://www.reddit.com/r/confessions/top/.json?t=week&limit=10
2025-09-29 16:02:35,230 - scrapers.reddit_scraper - ERROR - 获取API数据失败: 403 Client Error: Blocked for url: https://www.reddit.com/r/confessions/top/.json?t=week&limit=10
2025-09-29 16:02:35,230 - scrapers.base_scraper - ERROR - 爬取 Reddit 失败
2025-09-29 16:02:35,230 - scrapers.hackernews_scraper - INFO - HackerNewsScraper初始化完成
2025-09-29 16:02:35,231 - scrapers.base_scraper - INFO - 开始爬取 Hacker News
2025-09-29 16:02:35,231 - scrapers.hackernews_scraper - INFO - 开始爬取Hacker News Ask HN帖子
2025-09-29 16:02:35,231 - scrapers.hackernews_scraper - INFO - 获取Ask HN页面: https://news.ycombinator.com/ask
2025-09-29 16:02:37,329 - scrapers.hackernews_scraper - INFO - 找到 20 个帖子行
2025-09-29 16:02:37,330 - scrapers.hackernews_scraper - INFO - 成功解析故事: Ask HN: How Do I Get over My E..., 作者=OulaX, 点赞=90, 评论=0
2025-09-29 16:02:37,331 - scrapers.hackernews_scraper - INFO - 成功解析故事: Ask HN: Follow-up: I found it..., 作者=xbkandxe, 点赞=3, 评论=0
2025-09-29 16:02:37,332 - scrapers.hackernews_scraper - INFO - 成功解析故事: Ask HN: Does Google Search's V..., 作者=frmersdog, 点赞=5, 评论=0
2025-09-29 16:02:37,333 - scrapers.hackernews_scraper - INFO - 成功解析故事: Ask HN: Do people lose interes..., 作者=amichail, 点赞=6, 评论=0
2025-09-29 16:02:37,334 - scrapers.hackernews_scraper - INFO - 成功解析故事: Ask HN: Does any search engine..., 作者=nomilk, 点赞=6, 评论=0
2025-09-29 16:02:37,334 - scrapers.hackernews_scraper - INFO - 成功解析故事: Ask HN: Local hostnames withou..., 作者=terry_hc, 点赞=13, 评论=0
2025-09-29 16:02:37,335 - scrapers.hackernews_scraper - INFO - 成功解析故事: Ask HN: Anyone else's short-te..., 作者=pupppet, 点赞=30, 评论=0
2025-09-29 16:02:37,336 - scrapers.hackernews_scraper - INFO - 成功解析故事: Ask HN: Where can I geneticall..., 作者=technocrat8080, 点赞=10, 评论=0
2025-09-29 16:02:37,336 - scrapers.hackernews_scraper - INFO - 成功解析故事: Ask HN: Useful Keylogger for R..., 作者=atmanactive, 点赞=3, 评论=0
2025-09-29 16:02:37,337 - scrapers.hackernews_scraper - INFO - 成功解析故事: Ask HN: Are there any non-SPA ..., 作者=karolinepauls, 点赞=11, 评论=0
2025-09-29 16:02:37,337 - scrapers.hackernews_scraper - INFO - 成功解析 10 个Ask HN故事
2025-09-29 16:02:37,337 - scrapers.hackernews_scraper - INFO - 开始转换 10 个故事到统一格式
2025-09-29 16:02:37,337 - scrapers.hackernews_scraper - INFO - 转换第 1/10 个故事: Ask HN: How Do I Get over My E...
2025-09-29 16:02:39,282 - scrapers.hackernews_scraper - INFO - 找到 79 条评论
2025-09-29 16:02:39,417 - scrapers.hackernews_scraper - INFO - 故事 Ask HN: How Do I Get over My E... 转换完成，包含 79 条评论
2025-09-29 16:02:39,417 - scrapers.hackernews_scraper - INFO - 转换第 2/10 个故事: Ask HN: Follow-up: I found it...
2025-09-29 16:02:41,122 - scrapers.hackernews_scraper - INFO - 找到 2 条评论
2025-09-29 16:02:41,123 - scrapers.hackernews_scraper - INFO - 故事 Ask HN: Follow-up: I found it... 转换完成，包含 2 条评论
2025-09-29 16:02:41,123 - scrapers.hackernews_scraper - INFO - 转换第 3/10 个故事: Ask HN: Does Google Search's V...
2025-09-29 16:02:42,990 - scrapers.hackernews_scraper - INFO - 找到 1 条评论
2025-09-29 16:02:42,991 - scrapers.hackernews_scraper - INFO - 故事 Ask HN: Does Google Search's V... 转换完成，包含 1 条评论
2025-09-29 16:02:42,991 - scrapers.hackernews_scraper - INFO - 转换第 4/10 个故事: Ask HN: Do people lose interes...
2025-09-29 16:02:45,054 - scrapers.hackernews_scraper - INFO - 找到 9 条评论
2025-09-29 16:02:45,059 - scrapers.hackernews_scraper - INFO - 故事 Ask HN: Do people lose interes... 转换完成，包含 9 条评论
2025-09-29 16:02:45,060 - scrapers.hackernews_scraper - INFO - 转换第 5/10 个故事: Ask HN: Does any search engine...
2025-09-29 16:02:46,274 - scrapers.hackernews_scraper - INFO - 找到 3 条评论
2025-09-29 16:02:46,276 - scrapers.hackernews_scraper - INFO - 故事 Ask HN: Does any search engine... 转换完成，包含 3 条评论
2025-09-29 16:02:46,276 - scrapers.hackernews_scraper - INFO - 转换第 6/10 个故事: Ask HN: Local hostnames withou...
2025-09-29 16:02:48,726 - scrapers.hackernews_scraper - INFO - 找到 32 条评论
2025-09-29 16:02:48,758 - scrapers.hackernews_scraper - INFO - 故事 Ask HN: Local hostnames withou... 转换完成，包含 32 条评论
2025-09-29 16:02:48,758 - scrapers.hackernews_scraper - INFO - 转换第 7/10 个故事: Ask HN: Anyone else's short-te...
2025-09-29 16:02:51,283 - scrapers.hackernews_scraper - INFO - 找到 28 条评论
2025-09-29 16:02:51,309 - scrapers.hackernews_scraper - INFO - 故事 Ask HN: Anyone else's short-te... 转换完成，包含 28 条评论
2025-09-29 16:02:51,309 - scrapers.hackernews_scraper - INFO - 转换第 8/10 个故事: Ask HN: Where can I geneticall...
2025-09-29 16:02:52,484 - scrapers.hackernews_scraper - INFO - 找到 23 条评论
2025-09-29 16:02:52,504 - scrapers.hackernews_scraper - INFO - 故事 Ask HN: Where can I geneticall... 转换完成，包含 23 条评论
2025-09-29 16:02:52,504 - scrapers.hackernews_scraper - INFO - 转换第 9/10 个故事: Ask HN: Useful Keylogger for R...
2025-09-29 16:02:53,896 - scrapers.hackernews_scraper - INFO - 找到 3 条评论
2025-09-29 16:02:53,898 - scrapers.hackernews_scraper - INFO - 故事 Ask HN: Useful Keylogger for R... 转换完成，包含 3 条评论
2025-09-29 16:02:53,898 - scrapers.hackernews_scraper - INFO - 转换第 10/10 个故事: Ask HN: Are there any non-SPA ...
2025-09-29 16:02:56,686 - scrapers.hackernews_scraper - INFO - 找到 13 条评论
2025-09-29 16:02:56,695 - scrapers.hackernews_scraper - INFO - 故事 Ask HN: Are there any non-SPA ... 转换完成，包含 13 条评论
2025-09-29 16:02:56,695 - scrapers.hackernews_scraper - INFO - 共转换 10 个故事为统一格式
2025-09-29 16:02:56,695 - scrapers.hackernews_scraper - INFO - 爬取完成，共获取 10 个Ask HN故事
2025-09-29 16:02:57,046 - utils.storage_utils - INFO - 已更新源索引: hackernews
2025-09-29 16:02:57,048 - utils.storage_utils - INFO - 数据已保存到 data/hackernews/week_2025-09-29.json
2025-09-29 16:02:57,048 - scrapers.base_scraper - INFO - 数据已保存到 data/hackernews/week_2025-09-29.json
2025-09-29 16:02:57,048 - scrapers.base_scraper - INFO - 成功爬取 Hacker News 的数据
2025-09-29 16:02:57,050 - __main__ - INFO - 完成: 1/3 个爬虫成功运行
2025-09-29 16:02:57,269 - __main__ - INFO - 归档所有源的旧数据
2025-09-29 16:02:57,269 - __main__ - INFO - 源 jandan 归档 无需归档
2025-09-29 16:02:57,269 - __main__ - INFO - 源 reddit 归档 无需归档
2025-09-29 16:02:57,269 - utils.storage_utils - INFO - 已将 week_2025-07-07.json 归档
2025-09-29 16:02:57,269 - __main__ - INFO - 源 hackernews 归档 成功
