2025-11-09 16:02:05,224 - __main__ - INFO - 运行所有爬虫
2025-11-09 16:02:05,224 - scrapers.jandan_scraper - INFO - JandanScraper初始化完成
2025-11-09 16:02:05,225 - scrapers.base_scraper - INFO - 开始爬取 煎蛋网
2025-11-09 16:02:05,225 - scrapers.jandan_scraper - INFO - 开始爬取煎蛋热评
2025-11-09 16:02:07,742 - scrapers.jandan_scraper - INFO - 成功获取HTML内容，长度: 24786
2025-11-09 16:02:07,742 - scrapers.jandan_scraper - INFO - 调试: 手动获取评论 5877984 的吐槽数据
2025-11-09 16:02:07,742 - scrapers.jandan_scraper - INFO - 获取评论 5877984 的吐槽内容: https://jandan.net/api/tucao/list/5877984
2025-11-09 16:02:09,482 - scrapers.jandan_scraper - INFO - 评论 5877984 获取到 1 条热门吐槽, 3 条普通吐槽
2025-11-09 16:02:09,482 - scrapers.jandan_scraper - INFO - 调试: 评论 5877984 获取到 1 条热门吐槽, 3 条普通吐槽
2025-11-09 16:02:09,482 - scrapers.jandan_scraper - INFO - 开始解析页面中的评论
2025-11-09 16:02:09,482 - scrapers.jandan_scraper - INFO - 开始解析HTML内容, 长度: 24786
2025-11-09 16:02:09,491 - scrapers.jandan_scraper - INFO - 找到 0 条热门评论
2025-11-09 16:02:09,491 - scrapers.jandan_scraper - INFO - 解析完成，获取到 0 条评论
2025-11-09 16:02:09,491 - scrapers.jandan_scraper - INFO - 开始转换评论为统一格式
2025-11-09 16:02:09,491 - scrapers.jandan_scraper - INFO - 开始转换 0 条评论到统一格式
2025-11-09 16:02:09,491 - scrapers.jandan_scraper - INFO - 共转换 0 条评论为统一格式
2025-11-09 16:02:09,491 - scrapers.jandan_scraper - INFO - 爬取完成，共获取 0 条热评
2025-11-09 16:02:09,491 - scrapers.base_scraper - ERROR - 爬取 煎蛋网 失败
2025-11-09 16:02:09,491 - scrapers.reddit_scraper - INFO - RedditScraper初始化完成
2025-11-09 16:02:09,492 - scrapers.base_scraper - INFO - 开始爬取 Reddit
2025-11-09 16:02:09,492 - scrapers.reddit_scraper - INFO - 开始爬取Reddit r/confessions每周热门帖子
2025-11-09 16:02:12,196 - utils.http_utils - ERROR - 请求失败: https://www.reddit.com/r/confessions/top/.json?t=week&limit=10, 错误: 403 Client Error: Blocked for url: https://www.reddit.com/r/confessions/top/.json?t=week&limit=10
2025-11-09 16:02:12,197 - scrapers.reddit_scraper - ERROR - 获取API数据失败: 403 Client Error: Blocked for url: https://www.reddit.com/r/confessions/top/.json?t=week&limit=10
2025-11-09 16:02:12,197 - scrapers.base_scraper - ERROR - 爬取 Reddit 失败
2025-11-09 16:02:12,197 - scrapers.hackernews_scraper - INFO - HackerNewsScraper初始化完成
2025-11-09 16:02:12,198 - scrapers.base_scraper - INFO - 开始爬取 Hacker News
2025-11-09 16:02:12,198 - scrapers.hackernews_scraper - INFO - 开始爬取Hacker News Ask HN帖子
2025-11-09 16:02:12,198 - scrapers.hackernews_scraper - INFO - 获取Ask HN页面: https://news.ycombinator.com/ask
2025-11-09 16:02:14,990 - scrapers.hackernews_scraper - INFO - 找到 26 个帖子行
2025-11-09 16:02:14,991 - scrapers.hackernews_scraper - INFO - 成功解析故事: Ask HN: How would you set up a..., 作者=evolve2k, 点赞=82, 评论=0
2025-11-09 16:02:14,992 - scrapers.hackernews_scraper - INFO - 成功解析故事: Ask HN: Why do designers have ..., 作者=admissionsguy, 点赞=8, 评论=0
2025-11-09 16:02:14,993 - scrapers.hackernews_scraper - INFO - 成功解析故事: Ask HN: Any actual AI projects..., 作者=meetingthrower, 点赞=3, 评论=0
2025-11-09 16:02:14,993 - scrapers.hackernews_scraper - INFO - 成功解析故事: Ask HN: My family business run..., 作者=urnicus, 点赞=312, 评论=0
2025-11-09 16:02:14,994 - scrapers.hackernews_scraper - INFO - 成功解析故事: Ask HN: Who is hiring? (Novemb..., 作者=whoishiring, 点赞=395, 评论=0
2025-11-09 16:02:14,995 - scrapers.hackernews_scraper - INFO - 成功解析故事: Ask HN: What's a Purchase You ..., 作者=znpy, 点赞=10, 评论=0
2025-11-09 16:02:14,995 - scrapers.hackernews_scraper - INFO - 成功解析故事: Ask HN: Windows/Linux software..., 作者=fastily, 点赞=7, 评论=0
2025-11-09 16:02:14,996 - scrapers.hackernews_scraper - INFO - 成功解析故事: Ask HN: Who wants to be hired?..., 作者=whoishiring, 点赞=197, 评论=0
2025-11-09 16:02:14,996 - scrapers.hackernews_scraper - INFO - 成功解析故事: Ask HN: What is the most impor..., 作者=awesomehry, 点赞=11, 评论=0
2025-11-09 16:02:14,997 - scrapers.hackernews_scraper - INFO - 成功解析故事: Ask HN: Where to begin with "m..., 作者=weakfish, 点赞=224, 评论=0
2025-11-09 16:02:14,997 - scrapers.hackernews_scraper - INFO - 成功解析故事: Ask HN: My university wants al..., 作者=thrownaway98723, 点赞=9, 评论=0
2025-11-09 16:02:14,998 - scrapers.hackernews_scraper - INFO - 成功解析故事: Ask HN: P2P Archive.is Alterna..., 作者=rnmmrnm, 点赞=5, 评论=0
2025-11-09 16:02:14,999 - scrapers.hackernews_scraper - INFO - 成功解析故事: Ask HN: How much time do you s..., 作者=roundstars, 点赞=17, 评论=0
2025-11-09 16:02:14,999 - scrapers.hackernews_scraper - INFO - 成功解析故事: Ask HN: What games let you sim..., 作者=tbwriting, 点赞=11, 评论=0
2025-11-09 16:02:15,000 - scrapers.hackernews_scraper - INFO - 成功解析故事: Ask HN: VC-funded startup lurk..., 作者=nduncan_hmc, 点赞=16, 评论=0
2025-11-09 16:02:15,000 - scrapers.hackernews_scraper - INFO - 成功解析 15 个Ask HN故事
2025-11-09 16:02:15,000 - scrapers.hackernews_scraper - INFO - 开始转换 15 个故事到统一格式
2025-11-09 16:02:15,000 - scrapers.hackernews_scraper - INFO - 转换第 1/15 个故事: Ask HN: How would you set up a...
2025-11-09 16:02:17,306 - scrapers.hackernews_scraper - INFO - 找到 115 条评论
2025-11-09 16:02:17,561 - scrapers.hackernews_scraper - INFO - 故事 Ask HN: How would you set up a... 转换完成，包含 100 条评论
2025-11-09 16:02:17,561 - scrapers.hackernews_scraper - INFO - 转换第 2/15 个故事: Ask HN: Why do designers have ...
2025-11-09 16:02:19,592 - scrapers.hackernews_scraper - INFO - 找到 4 条评论
2025-11-09 16:02:19,596 - scrapers.hackernews_scraper - INFO - 故事 Ask HN: Why do designers have ... 转换完成，包含 4 条评论
2025-11-09 16:02:19,596 - scrapers.hackernews_scraper - INFO - 转换第 3/15 个故事: Ask HN: Any actual AI projects...
2025-11-09 16:02:21,519 - scrapers.hackernews_scraper - INFO - 找到 1 条评论
2025-11-09 16:02:21,519 - scrapers.hackernews_scraper - INFO - 故事 Ask HN: Any actual AI projects... 转换完成，包含 1 条评论
2025-11-09 16:02:21,519 - scrapers.hackernews_scraper - INFO - 转换第 4/15 个故事: Ask HN: My family business run...
2025-11-09 16:02:23,980 - scrapers.hackernews_scraper - INFO - 找到 306 条评论
2025-11-09 16:02:25,583 - scrapers.hackernews_scraper - INFO - 故事 Ask HN: My family business run... 转换完成，包含 100 条评论
2025-11-09 16:02:25,584 - scrapers.hackernews_scraper - INFO - 转换第 5/15 个故事: Ask HN: Who is hiring? (Novemb...
2025-11-09 16:02:28,757 - scrapers.hackernews_scraper - INFO - 找到 541 条评论
2025-11-09 16:02:34,287 - scrapers.hackernews_scraper - INFO - 故事 Ask HN: Who is hiring? (Novemb... 转换完成，包含 100 条评论
2025-11-09 16:02:34,287 - scrapers.hackernews_scraper - INFO - 转换第 6/15 个故事: Ask HN: What's a Purchase You ...
2025-11-09 16:02:36,201 - scrapers.hackernews_scraper - INFO - 找到 27 条评论
2025-11-09 16:02:36,224 - scrapers.hackernews_scraper - INFO - 故事 Ask HN: What's a Purchase You ... 转换完成，包含 27 条评论
2025-11-09 16:02:36,224 - scrapers.hackernews_scraper - INFO - 转换第 7/15 个故事: Ask HN: Windows/Linux software...
2025-11-09 16:02:38,403 - scrapers.hackernews_scraper - INFO - 找到 13 条评论
2025-11-09 16:02:38,411 - scrapers.hackernews_scraper - INFO - 故事 Ask HN: Windows/Linux software... 转换完成，包含 13 条评论
2025-11-09 16:02:38,412 - scrapers.hackernews_scraper - INFO - 转换第 8/15 个故事: Ask HN: Who wants to be hired?...
2025-11-09 16:02:41,033 - scrapers.hackernews_scraper - INFO - 找到 441 条评论
2025-11-09 16:02:44,712 - scrapers.hackernews_scraper - INFO - 故事 Ask HN: Who wants to be hired?... 转换完成，包含 100 条评论
2025-11-09 16:02:44,712 - scrapers.hackernews_scraper - INFO - 转换第 9/15 个故事: Ask HN: What is the most impor...
2025-11-09 16:02:47,191 - scrapers.hackernews_scraper - INFO - 找到 27 条评论
2025-11-09 16:02:47,215 - scrapers.hackernews_scraper - INFO - 故事 Ask HN: What is the most impor... 转换完成，包含 27 条评论
2025-11-09 16:02:47,215 - scrapers.hackernews_scraper - INFO - 转换第 10/15 个故事: Ask HN: Where to begin with "m...
2025-11-09 16:02:48,714 - scrapers.hackernews_scraper - INFO - 找到 124 条评论
2025-11-09 16:02:49,001 - scrapers.hackernews_scraper - INFO - 故事 Ask HN: Where to begin with "m... 转换完成，包含 100 条评论
2025-11-09 16:02:49,001 - scrapers.hackernews_scraper - INFO - 转换第 11/15 个故事: Ask HN: My university wants al...
2025-11-09 16:02:50,631 - scrapers.hackernews_scraper - INFO - 找到 32 条评论
2025-11-09 16:02:50,661 - scrapers.hackernews_scraper - INFO - 故事 Ask HN: My university wants al... 转换完成，包含 32 条评论
2025-11-09 16:02:50,661 - scrapers.hackernews_scraper - INFO - 转换第 12/15 个故事: Ask HN: P2P Archive.is Alterna...
2025-11-09 16:02:53,398 - scrapers.hackernews_scraper - INFO - 找到 1 条评论
2025-11-09 16:02:53,399 - scrapers.hackernews_scraper - INFO - 故事 Ask HN: P2P Archive.is Alterna... 转换完成，包含 1 条评论
2025-11-09 16:02:53,399 - scrapers.hackernews_scraper - INFO - 转换第 13/15 个故事: Ask HN: How much time do you s...
2025-11-09 16:02:54,900 - scrapers.hackernews_scraper - INFO - 找到 25 条评论
2025-11-09 16:02:54,921 - scrapers.hackernews_scraper - INFO - 故事 Ask HN: How much time do you s... 转换完成，包含 25 条评论
2025-11-09 16:02:54,921 - scrapers.hackernews_scraper - INFO - 转换第 14/15 个故事: Ask HN: What games let you sim...
2025-11-09 16:02:57,553 - scrapers.hackernews_scraper - INFO - 找到 11 条评论
2025-11-09 16:02:57,560 - scrapers.hackernews_scraper - INFO - 故事 Ask HN: What games let you sim... 转换完成，包含 11 条评论
2025-11-09 16:02:57,560 - scrapers.hackernews_scraper - INFO - 转换第 15/15 个故事: Ask HN: VC-funded startup lurk...
2025-11-09 16:03:00,022 - scrapers.hackernews_scraper - INFO - 找到 14 条评论
2025-11-09 16:03:00,031 - scrapers.hackernews_scraper - INFO - 故事 Ask HN: VC-funded startup lurk... 转换完成，包含 14 条评论
2025-11-09 16:03:00,031 - scrapers.hackernews_scraper - INFO - 共转换 15 个故事为统一格式
2025-11-09 16:03:00,031 - scrapers.hackernews_scraper - INFO - 爬取完成，共获取 15 个Ask HN故事
2025-11-09 16:03:00,818 - utils.storage_utils - INFO - 已更新源索引: hackernews
2025-11-09 16:03:00,820 - utils.storage_utils - INFO - 数据已保存到 data/hackernews/week_2025-11-03.json
2025-11-09 16:03:00,822 - scrapers.base_scraper - INFO - 数据已保存到 data/hackernews/week_2025-11-03.json
2025-11-09 16:03:00,822 - scrapers.base_scraper - INFO - 成功爬取 Hacker News 的数据
2025-11-09 16:03:00,823 - __main__ - INFO - 完成: 1/3 个爬虫成功运行
2025-11-09 16:03:01,041 - __main__ - INFO - 归档所有源的旧数据
2025-11-09 16:03:01,042 - __main__ - INFO - 源 jandan 归档 无需归档
2025-11-09 16:03:01,042 - __main__ - INFO - 源 reddit 归档 无需归档
2025-11-09 16:03:01,042 - __main__ - INFO - 源 hackernews 归档 无需归档
