2025-06-09 16:01:52,998 - __main__ - INFO - 运行所有爬虫
2025-06-09 16:01:52,998 - scrapers.jandan_scraper - INFO - JandanScraper初始化完成
2025-06-09 16:01:52,998 - scrapers.base_scraper - INFO - 开始爬取 煎蛋网
2025-06-09 16:01:52,998 - scrapers.jandan_scraper - INFO - 开始爬取煎蛋热评
2025-06-09 16:01:57,553 - scrapers.jandan_scraper - INFO - 成功获取HTML内容，长度: 26153
2025-06-09 16:01:57,553 - scrapers.jandan_scraper - INFO - 调试: 手动获取评论 5877984 的吐槽数据
2025-06-09 16:01:57,553 - scrapers.jandan_scraper - INFO - 获取评论 5877984 的吐槽内容: https://jandan.net/api/tucao/list/5877984
2025-06-09 16:02:00,961 - scrapers.jandan_scraper - INFO - 评论 5877984 获取到 1 条热门吐槽, 3 条普通吐槽
2025-06-09 16:02:00,961 - scrapers.jandan_scraper - INFO - 调试: 评论 5877984 获取到 1 条热门吐槽, 3 条普通吐槽
2025-06-09 16:02:00,962 - scrapers.jandan_scraper - INFO - 开始解析页面中的评论
2025-06-09 16:02:00,962 - scrapers.jandan_scraper - INFO - 开始解析HTML内容, 长度: 26153
2025-06-09 16:02:00,971 - scrapers.jandan_scraper - INFO - 找到 0 条热门评论
2025-06-09 16:02:00,971 - scrapers.jandan_scraper - INFO - 解析完成，获取到 0 条评论
2025-06-09 16:02:00,971 - scrapers.jandan_scraper - INFO - 开始转换评论为统一格式
2025-06-09 16:02:00,971 - scrapers.jandan_scraper - INFO - 开始转换 0 条评论到统一格式
2025-06-09 16:02:00,971 - scrapers.jandan_scraper - INFO - 共转换 0 条评论为统一格式
2025-06-09 16:02:00,971 - scrapers.jandan_scraper - INFO - 爬取完成，共获取 0 条热评
2025-06-09 16:02:00,971 - scrapers.base_scraper - ERROR - 爬取 煎蛋网 失败
2025-06-09 16:02:00,971 - scrapers.reddit_scraper - INFO - RedditScraper初始化完成
2025-06-09 16:02:00,972 - scrapers.base_scraper - INFO - 开始爬取 Reddit
2025-06-09 16:02:00,972 - scrapers.reddit_scraper - INFO - 开始爬取Reddit r/confessions每周热门帖子
2025-06-09 16:02:03,691 - utils.http_utils - ERROR - 请求失败: https://www.reddit.com/r/confessions/top/.json?t=week&limit=10, 错误: 403 Client Error: Blocked for url: https://www.reddit.com/r/confessions/top/.json?t=week&limit=10
2025-06-09 16:02:03,691 - scrapers.reddit_scraper - ERROR - 获取API数据失败: 403 Client Error: Blocked for url: https://www.reddit.com/r/confessions/top/.json?t=week&limit=10
2025-06-09 16:02:03,691 - scrapers.base_scraper - ERROR - 爬取 Reddit 失败
2025-06-09 16:02:03,691 - scrapers.hackernews_scraper - INFO - HackerNewsScraper初始化完成
2025-06-09 16:02:03,692 - scrapers.base_scraper - INFO - 开始爬取 Hacker News
2025-06-09 16:02:03,692 - scrapers.hackernews_scraper - INFO - 开始爬取Hacker News Ask HN帖子
2025-06-09 16:02:03,692 - scrapers.hackernews_scraper - INFO - 获取Ask HN页面: https://news.ycombinator.com/ask
2025-06-09 16:02:07,039 - scrapers.hackernews_scraper - INFO - 找到 30 个帖子行
2025-06-09 16:02:07,041 - scrapers.hackernews_scraper - INFO - 成功解析故事: Ask HN: How to learn CUDA to p..., 作者=upmind, 点赞=220, 评论=0
2025-06-09 16:02:07,041 - scrapers.hackernews_scraper - INFO - 成功解析故事: Ask HN: In 15 years, what will..., 作者=thomassmith65, 点赞=37, 评论=0
2025-06-09 16:02:07,042 - scrapers.hackernews_scraper - INFO - 成功解析故事: Ask HN: Is anyone still progra..., 作者=philbo, 点赞=12, 评论=0
2025-06-09 16:02:07,043 - scrapers.hackernews_scraper - INFO - 成功解析故事: Ask HN: Startup getting spamme..., 作者=june3739, 点赞=287, 评论=0
2025-06-09 16:02:07,043 - scrapers.hackernews_scraper - INFO - 成功解析故事: Ask HN: What Happened to the A..., 作者=pera, 点赞=12, 评论=0
2025-06-09 16:02:07,044 - scrapers.hackernews_scraper - INFO - 成功解析故事: Ask HN: Is there any demand fo..., 作者=usercvapp, 点赞=4, 评论=0
2025-06-09 16:02:07,044 - scrapers.hackernews_scraper - INFO - 成功解析故事: Ask HN: Any good tools for vie..., 作者=tlhunter, 点赞=106, 评论=0
2025-06-09 16:02:07,045 - scrapers.hackernews_scraper - INFO - 成功解析故事: Ask HN: Has anybody built sear..., 作者=neonate, 点赞=289, 评论=0
2025-06-09 16:02:07,046 - scrapers.hackernews_scraper - INFO - 成功解析故事: Ask HN: What's your open sourc..., 作者=3D39739091, 点赞=24, 评论=0
2025-06-09 16:02:07,046 - scrapers.hackernews_scraper - INFO - 成功解析故事: Ask HN: Who is hiring? (June 2..., 作者=whoishiring, 点赞=369, 评论=0
2025-06-09 16:02:07,047 - scrapers.hackernews_scraper - INFO - 成功解析故事: Ask HN: How do I learn robotic..., 作者=srijansriv, 点赞=408, 评论=0
2025-06-09 16:02:07,047 - scrapers.hackernews_scraper - INFO - 成功解析故事: Ask HN: How long do you ever l..., 作者=bagol, 点赞=4, 评论=0
2025-06-09 16:02:07,048 - scrapers.hackernews_scraper - INFO - 成功解析故事: Ask HN: Who wants to be hired?..., 作者=whoishiring, 点赞=126, 评论=0
2025-06-09 16:02:07,049 - scrapers.hackernews_scraper - INFO - 成功解析故事: Ask HN: Share real complaints ..., 作者=yogoism, 点赞=4, 评论=0
2025-06-09 16:02:07,049 - scrapers.hackernews_scraper - INFO - 成功解析故事: Ask HN: Options for One-Handed..., 作者=Townley, 点赞=94, 评论=0
2025-06-09 16:02:07,050 - scrapers.hackernews_scraper - INFO - 成功解析 15 个Ask HN故事
2025-06-09 16:02:07,050 - scrapers.hackernews_scraper - INFO - 开始转换 15 个故事到统一格式
2025-06-09 16:02:07,050 - scrapers.hackernews_scraper - INFO - 转换第 1/15 个故事: Ask HN: How to learn CUDA to p...
2025-06-09 16:02:08,565 - scrapers.hackernews_scraper - INFO - 找到 77 条评论
2025-06-09 16:02:08,718 - scrapers.hackernews_scraper - INFO - 故事 Ask HN: How to learn CUDA to p... 转换完成，包含 77 条评论
2025-06-09 16:02:08,718 - scrapers.hackernews_scraper - INFO - 转换第 2/15 个故事: Ask HN: In 15 years, what will...
2025-06-09 16:02:11,795 - scrapers.hackernews_scraper - INFO - 找到 125 条评论
2025-06-09 16:02:12,153 - scrapers.hackernews_scraper - INFO - 故事 Ask HN: In 15 years, what will... 转换完成，包含 100 条评论
2025-06-09 16:02:12,153 - scrapers.hackernews_scraper - INFO - 转换第 3/15 个故事: Ask HN: Is anyone still progra...
2025-06-09 16:02:13,312 - scrapers.hackernews_scraper - INFO - 找到 17 条评论
2025-06-09 16:02:13,326 - scrapers.hackernews_scraper - INFO - 故事 Ask HN: Is anyone still progra... 转换完成，包含 17 条评论
2025-06-09 16:02:13,326 - scrapers.hackernews_scraper - INFO - 转换第 4/15 个故事: Ask HN: Startup getting spamme...
2025-06-09 16:02:15,437 - scrapers.hackernews_scraper - INFO - 找到 182 条评论
2025-06-09 16:02:16,153 - scrapers.hackernews_scraper - INFO - 故事 Ask HN: Startup getting spamme... 转换完成，包含 100 条评论
2025-06-09 16:02:16,154 - scrapers.hackernews_scraper - INFO - 转换第 5/15 个故事: Ask HN: What Happened to the A...
2025-06-09 16:02:18,900 - scrapers.hackernews_scraper - INFO - 找到 17 条评论
2025-06-09 16:02:18,915 - scrapers.hackernews_scraper - INFO - 故事 Ask HN: What Happened to the A... 转换完成，包含 17 条评论
2025-06-09 16:02:18,915 - scrapers.hackernews_scraper - INFO - 转换第 6/15 个故事: Ask HN: Is there any demand fo...
2025-06-09 16:02:21,962 - scrapers.hackernews_scraper - INFO - 找到 13 条评论
2025-06-09 16:02:21,973 - scrapers.hackernews_scraper - INFO - 故事 Ask HN: Is there any demand fo... 转换完成，包含 13 条评论
2025-06-09 16:02:21,973 - scrapers.hackernews_scraper - INFO - 转换第 7/15 个故事: Ask HN: Any good tools for vie...
2025-06-09 16:02:23,191 - scrapers.hackernews_scraper - INFO - 找到 40 条评论
2025-06-09 16:02:23,243 - scrapers.hackernews_scraper - INFO - 故事 Ask HN: Any good tools for vie... 转换完成，包含 40 条评论
2025-06-09 16:02:23,243 - scrapers.hackernews_scraper - INFO - 转换第 8/15 个故事: Ask HN: Has anybody built sear...
2025-06-09 16:02:25,992 - scrapers.hackernews_scraper - INFO - 找到 146 条评论
2025-06-09 16:02:26,470 - scrapers.hackernews_scraper - INFO - 故事 Ask HN: Has anybody built sear... 转换完成，包含 100 条评论
2025-06-09 16:02:26,470 - scrapers.hackernews_scraper - INFO - 转换第 9/15 个故事: Ask HN: What's your open sourc...
2025-06-09 16:02:28,322 - scrapers.hackernews_scraper - INFO - 找到 13 条评论
2025-06-09 16:02:28,332 - scrapers.hackernews_scraper - INFO - 故事 Ask HN: What's your open sourc... 转换完成，包含 13 条评论
2025-06-09 16:02:28,332 - scrapers.hackernews_scraper - INFO - 转换第 10/15 个故事: Ask HN: Who is hiring? (June 2...
2025-06-09 16:02:32,856 - scrapers.hackernews_scraper - INFO - 找到 482 条评论
2025-06-09 16:02:38,700 - scrapers.hackernews_scraper - INFO - 故事 Ask HN: Who is hiring? (June 2... 转换完成，包含 100 条评论
2025-06-09 16:02:38,700 - scrapers.hackernews_scraper - INFO - 转换第 11/15 个故事: Ask HN: How do I learn robotic...
2025-06-09 16:02:41,841 - scrapers.hackernews_scraper - INFO - 找到 100 条评论
2025-06-09 16:02:42,077 - scrapers.hackernews_scraper - INFO - 故事 Ask HN: How do I learn robotic... 转换完成，包含 100 条评论
2025-06-09 16:02:42,077 - scrapers.hackernews_scraper - INFO - 转换第 12/15 个故事: Ask HN: How long do you ever l...
2025-06-09 16:02:46,160 - scrapers.hackernews_scraper - INFO - 找到 2 条评论
2025-06-09 16:02:46,161 - scrapers.hackernews_scraper - INFO - 故事 Ask HN: How long do you ever l... 转换完成，包含 2 条评论
2025-06-09 16:02:46,161 - scrapers.hackernews_scraper - INFO - 转换第 13/15 个故事: Ask HN: Who wants to be hired?...
2025-06-09 16:02:50,226 - scrapers.hackernews_scraper - INFO - 找到 398 条评论
2025-06-09 16:02:54,271 - scrapers.hackernews_scraper - INFO - 故事 Ask HN: Who wants to be hired?... 转换完成，包含 100 条评论
2025-06-09 16:02:54,271 - scrapers.hackernews_scraper - INFO - 转换第 14/15 个故事: Ask HN: Share real complaints ...
2025-06-09 16:02:56,271 - scrapers.hackernews_scraper - INFO - 找到 1 条评论
2025-06-09 16:02:56,271 - scrapers.hackernews_scraper - INFO - 故事 Ask HN: Share real complaints ... 转换完成，包含 1 条评论
2025-06-09 16:02:56,271 - scrapers.hackernews_scraper - INFO - 转换第 15/15 个故事: Ask HN: Options for One-Handed...
2025-06-09 16:02:59,133 - scrapers.hackernews_scraper - INFO - 找到 93 条评论
2025-06-09 16:02:59,348 - scrapers.hackernews_scraper - INFO - 故事 Ask HN: Options for One-Handed... 转换完成，包含 93 条评论
2025-06-09 16:02:59,349 - scrapers.hackernews_scraper - INFO - 共转换 15 个故事为统一格式
2025-06-09 16:02:59,349 - scrapers.hackernews_scraper - INFO - 爬取完成，共获取 15 个Ask HN故事
2025-06-09 16:02:59,798 - utils.storage_utils - INFO - 已更新源索引: hackernews
2025-06-09 16:02:59,802 - utils.storage_utils - INFO - 数据已保存到 data/hackernews/week_2025-06-09.json
2025-06-09 16:02:59,802 - scrapers.base_scraper - INFO - 数据已保存到 data/hackernews/week_2025-06-09.json
2025-06-09 16:02:59,802 - scrapers.base_scraper - INFO - 成功爬取 Hacker News 的数据
2025-06-09 16:02:59,802 - __main__ - INFO - 完成: 1/3 个爬虫成功运行
2025-06-09 16:03:00,047 - __main__ - INFO - 归档所有源的旧数据
2025-06-09 16:03:00,047 - __main__ - INFO - 源 jandan 归档 无需归档
2025-06-09 16:03:00,048 - __main__ - INFO - 源 reddit 归档 无需归档
2025-06-09 16:03:00,048 - __main__ - INFO - 源 hackernews 归档 无需归档
