2025-09-16 16:02:32,543 - __main__ - INFO - 运行所有爬虫
2025-09-16 16:02:32,543 - scrapers.jandan_scraper - INFO - JandanScraper初始化完成
2025-09-16 16:02:32,543 - scrapers.base_scraper - INFO - 开始爬取 煎蛋网
2025-09-16 16:02:32,543 - scrapers.jandan_scraper - INFO - 开始爬取煎蛋热评
2025-09-16 16:02:36,251 - scrapers.jandan_scraper - INFO - 成功获取HTML内容，长度: 24792
2025-09-16 16:02:36,251 - scrapers.jandan_scraper - INFO - 调试: 手动获取评论 5877984 的吐槽数据
2025-09-16 16:02:36,251 - scrapers.jandan_scraper - INFO - 获取评论 5877984 的吐槽内容: https://jandan.net/api/tucao/list/5877984
2025-09-16 16:02:37,941 - scrapers.jandan_scraper - INFO - 评论 5877984 获取到 1 条热门吐槽, 3 条普通吐槽
2025-09-16 16:02:37,941 - scrapers.jandan_scraper - INFO - 调试: 评论 5877984 获取到 1 条热门吐槽, 3 条普通吐槽
2025-09-16 16:02:37,941 - scrapers.jandan_scraper - INFO - 开始解析页面中的评论
2025-09-16 16:02:37,941 - scrapers.jandan_scraper - INFO - 开始解析HTML内容, 长度: 24792
2025-09-16 16:02:37,949 - scrapers.jandan_scraper - INFO - 找到 0 条热门评论
2025-09-16 16:02:37,949 - scrapers.jandan_scraper - INFO - 解析完成，获取到 0 条评论
2025-09-16 16:02:37,949 - scrapers.jandan_scraper - INFO - 开始转换评论为统一格式
2025-09-16 16:02:37,949 - scrapers.jandan_scraper - INFO - 开始转换 0 条评论到统一格式
2025-09-16 16:02:37,950 - scrapers.jandan_scraper - INFO - 共转换 0 条评论为统一格式
2025-09-16 16:02:37,950 - scrapers.jandan_scraper - INFO - 爬取完成，共获取 0 条热评
2025-09-16 16:02:37,950 - scrapers.base_scraper - ERROR - 爬取 煎蛋网 失败
2025-09-16 16:02:37,950 - scrapers.reddit_scraper - INFO - RedditScraper初始化完成
2025-09-16 16:02:37,951 - scrapers.base_scraper - INFO - 开始爬取 Reddit
2025-09-16 16:02:37,952 - scrapers.reddit_scraper - INFO - 开始爬取Reddit r/confessions每周热门帖子
2025-09-16 16:02:39,599 - utils.http_utils - ERROR - 请求失败: https://www.reddit.com/r/confessions/top/.json?t=week&limit=10, 错误: 403 Client Error: Blocked for url: https://www.reddit.com/r/confessions/top/.json?t=week&limit=10
2025-09-16 16:02:39,601 - scrapers.reddit_scraper - ERROR - 获取API数据失败: 403 Client Error: Blocked for url: https://www.reddit.com/r/confessions/top/.json?t=week&limit=10
2025-09-16 16:02:39,601 - scrapers.base_scraper - ERROR - 爬取 Reddit 失败
2025-09-16 16:02:39,601 - scrapers.hackernews_scraper - INFO - HackerNewsScraper初始化完成
2025-09-16 16:02:39,601 - scrapers.base_scraper - INFO - 开始爬取 Hacker News
2025-09-16 16:02:39,601 - scrapers.hackernews_scraper - INFO - 开始爬取Hacker News Ask HN帖子
2025-09-16 16:02:39,602 - scrapers.hackernews_scraper - INFO - 获取Ask HN页面: https://news.ycombinator.com/ask
2025-09-16 16:02:41,194 - scrapers.hackernews_scraper - INFO - 找到 20 个帖子行
2025-09-16 16:02:41,196 - scrapers.hackernews_scraper - INFO - 成功解析故事: Ask HN: Why isn't capability-b..., 作者=killerstorm, 点赞=6, 评论=0
2025-09-16 16:02:41,197 - scrapers.hackernews_scraper - INFO - 成功解析故事: Ask HN: What Single File Web A..., 作者=calebm, 点赞=9, 评论=0
2025-09-16 16:02:41,197 - scrapers.hackernews_scraper - INFO - 成功解析故事: Ask HN: What's a good 3D Print..., 作者=lucideng, 点赞=8, 评论=0
2025-09-16 16:02:41,198 - scrapers.hackernews_scraper - INFO - 成功解析故事: Ask HN: Costs for US sales tax..., 作者=throway-9998888, 点赞=4, 评论=0
2025-09-16 16:02:41,199 - scrapers.hackernews_scraper - INFO - 成功解析故事: Ask HN: Generalists, when do y..., 作者=AbstractH24, 点赞=16, 评论=0
2025-09-16 16:02:41,200 - scrapers.hackernews_scraper - INFO - 成功解析故事: Ask HN: Beer income ideas for ..., 作者=shivajikobardan, 点赞=2, 评论=0
2025-09-16 16:02:41,200 - scrapers.hackernews_scraper - INFO - 成功解析故事: Ask HN: Does anyone have any s..., 作者=iamflimflam1, 点赞=4, 评论=0
2025-09-16 16:02:41,201 - scrapers.hackernews_scraper - INFO - 成功解析故事: Ask HN: Getting over Burnout w..., 作者=chrsig, 点赞=21, 评论=0
2025-09-16 16:02:41,202 - scrapers.hackernews_scraper - INFO - 成功解析故事: Ask HN: Who wants to be hired?..., 作者=whoishiring, 点赞=124, 评论=0
2025-09-16 16:02:41,202 - scrapers.hackernews_scraper - INFO - 成功解析 9 个Ask HN故事
2025-09-16 16:02:41,202 - scrapers.hackernews_scraper - INFO - 开始转换 9 个故事到统一格式
2025-09-16 16:02:41,202 - scrapers.hackernews_scraper - INFO - 转换第 1/9 个故事: Ask HN: Why isn't capability-b...
2025-09-16 16:02:43,134 - scrapers.hackernews_scraper - INFO - 找到 8 条评论
2025-09-16 16:02:43,140 - scrapers.hackernews_scraper - INFO - 故事 Ask HN: Why isn't capability-b... 转换完成，包含 8 条评论
2025-09-16 16:02:43,140 - scrapers.hackernews_scraper - INFO - 转换第 2/9 个故事: Ask HN: What Single File Web A...
2025-09-16 16:02:44,654 - scrapers.hackernews_scraper - INFO - 找到 12 条评论
2025-09-16 16:02:44,663 - scrapers.hackernews_scraper - INFO - 故事 Ask HN: What Single File Web A... 转换完成，包含 12 条评论
2025-09-16 16:02:44,663 - scrapers.hackernews_scraper - INFO - 转换第 3/9 个故事: Ask HN: What's a good 3D Print...
2025-09-16 16:02:46,019 - scrapers.hackernews_scraper - INFO - 找到 5 条评论
2025-09-16 16:02:46,023 - scrapers.hackernews_scraper - INFO - 故事 Ask HN: What's a good 3D Print... 转换完成，包含 5 条评论
2025-09-16 16:02:46,023 - scrapers.hackernews_scraper - INFO - 转换第 4/9 个故事: Ask HN: Costs for US sales tax...
2025-09-16 16:02:48,531 - scrapers.hackernews_scraper - INFO - 找到 2 条评论
2025-09-16 16:02:48,532 - scrapers.hackernews_scraper - INFO - 故事 Ask HN: Costs for US sales tax... 转换完成，包含 2 条评论
2025-09-16 16:02:48,532 - scrapers.hackernews_scraper - INFO - 转换第 5/9 个故事: Ask HN: Generalists, when do y...
2025-09-16 16:02:50,432 - scrapers.hackernews_scraper - INFO - 找到 55 条评论
2025-09-16 16:02:50,507 - scrapers.hackernews_scraper - INFO - 故事 Ask HN: Generalists, when do y... 转换完成，包含 55 条评论
2025-09-16 16:02:50,507 - scrapers.hackernews_scraper - INFO - 转换第 6/9 个故事: Ask HN: Beer income ideas for ...
2025-09-16 16:02:52,034 - scrapers.hackernews_scraper - INFO - 找到 2 条评论
2025-09-16 16:02:52,036 - scrapers.hackernews_scraper - INFO - 故事 Ask HN: Beer income ideas for ... 转换完成，包含 2 条评论
2025-09-16 16:02:52,036 - scrapers.hackernews_scraper - INFO - 转换第 7/9 个故事: Ask HN: Does anyone have any s...
2025-09-16 16:02:53,622 - scrapers.hackernews_scraper - INFO - 找到 4 条评论
2025-09-16 16:02:53,625 - scrapers.hackernews_scraper - INFO - 故事 Ask HN: Does anyone have any s... 转换完成，包含 4 条评论
2025-09-16 16:02:53,625 - scrapers.hackernews_scraper - INFO - 转换第 8/9 个故事: Ask HN: Getting over Burnout w...
2025-09-16 16:02:55,958 - scrapers.hackernews_scraper - INFO - 找到 5 条评论
2025-09-16 16:02:55,962 - scrapers.hackernews_scraper - INFO - 故事 Ask HN: Getting over Burnout w... 转换完成，包含 5 条评论
2025-09-16 16:02:55,962 - scrapers.hackernews_scraper - INFO - 转换第 9/9 个故事: Ask HN: Who wants to be hired?...
2025-09-16 16:02:59,006 - scrapers.hackernews_scraper - INFO - 找到 390 条评论
2025-09-16 16:03:02,151 - scrapers.hackernews_scraper - INFO - 故事 Ask HN: Who wants to be hired?... 转换完成，包含 100 条评论
2025-09-16 16:03:02,151 - scrapers.hackernews_scraper - INFO - 共转换 9 个故事为统一格式
2025-09-16 16:03:02,151 - scrapers.hackernews_scraper - INFO - 爬取完成，共获取 9 个Ask HN故事
2025-09-16 16:03:02,538 - utils.storage_utils - INFO - 已更新源索引: hackernews
2025-09-16 16:03:02,541 - utils.storage_utils - INFO - 数据已保存到 data/hackernews/week_2025-09-15.json
2025-09-16 16:03:02,542 - scrapers.base_scraper - INFO - 数据已保存到 data/hackernews/week_2025-09-15.json
2025-09-16 16:03:02,542 - scrapers.base_scraper - INFO - 成功爬取 Hacker News 的数据
2025-09-16 16:03:02,543 - __main__ - INFO - 完成: 1/3 个爬虫成功运行
2025-09-16 16:03:02,760 - __main__ - INFO - 归档所有源的旧数据
2025-09-16 16:03:02,760 - __main__ - INFO - 源 jandan 归档 无需归档
2025-09-16 16:03:02,761 - __main__ - INFO - 源 reddit 归档 无需归档
2025-09-16 16:03:02,761 - __main__ - INFO - 源 hackernews 归档 无需归档
