2025-09-03 16:02:10,042 - __main__ - INFO - 运行所有爬虫
2025-09-03 16:02:10,042 - scrapers.jandan_scraper - INFO - JandanScraper初始化完成
2025-09-03 16:02:10,042 - scrapers.base_scraper - INFO - 开始爬取 煎蛋网
2025-09-03 16:02:10,042 - scrapers.jandan_scraper - INFO - 开始爬取煎蛋热评
2025-09-03 16:02:12,905 - scrapers.jandan_scraper - INFO - 成功获取HTML内容，长度: 24792
2025-09-03 16:02:12,905 - scrapers.jandan_scraper - INFO - 调试: 手动获取评论 5877984 的吐槽数据
2025-09-03 16:02:12,905 - scrapers.jandan_scraper - INFO - 获取评论 5877984 的吐槽内容: https://jandan.net/api/tucao/list/5877984
2025-09-03 16:02:15,462 - scrapers.jandan_scraper - INFO - 评论 5877984 获取到 1 条热门吐槽, 3 条普通吐槽
2025-09-03 16:02:15,463 - scrapers.jandan_scraper - INFO - 调试: 评论 5877984 获取到 1 条热门吐槽, 3 条普通吐槽
2025-09-03 16:02:15,463 - scrapers.jandan_scraper - INFO - 开始解析页面中的评论
2025-09-03 16:02:15,463 - scrapers.jandan_scraper - INFO - 开始解析HTML内容, 长度: 24792
2025-09-03 16:02:15,471 - scrapers.jandan_scraper - INFO - 找到 0 条热门评论
2025-09-03 16:02:15,471 - scrapers.jandan_scraper - INFO - 解析完成，获取到 0 条评论
2025-09-03 16:02:15,471 - scrapers.jandan_scraper - INFO - 开始转换评论为统一格式
2025-09-03 16:02:15,471 - scrapers.jandan_scraper - INFO - 开始转换 0 条评论到统一格式
2025-09-03 16:02:15,471 - scrapers.jandan_scraper - INFO - 共转换 0 条评论为统一格式
2025-09-03 16:02:15,471 - scrapers.jandan_scraper - INFO - 爬取完成，共获取 0 条热评
2025-09-03 16:02:15,471 - scrapers.base_scraper - ERROR - 爬取 煎蛋网 失败
2025-09-03 16:02:15,472 - scrapers.reddit_scraper - INFO - RedditScraper初始化完成
2025-09-03 16:02:15,473 - scrapers.base_scraper - INFO - 开始爬取 Reddit
2025-09-03 16:02:15,473 - scrapers.reddit_scraper - INFO - 开始爬取Reddit r/confessions每周热门帖子
2025-09-03 16:02:17,066 - utils.http_utils - ERROR - 请求失败: https://www.reddit.com/r/confessions/top/.json?t=week&limit=10, 错误: 403 Client Error: Blocked for url: https://www.reddit.com/r/confessions/top/.json?t=week&limit=10
2025-09-03 16:02:17,067 - scrapers.reddit_scraper - ERROR - 获取API数据失败: 403 Client Error: Blocked for url: https://www.reddit.com/r/confessions/top/.json?t=week&limit=10
2025-09-03 16:02:17,067 - scrapers.base_scraper - ERROR - 爬取 Reddit 失败
2025-09-03 16:02:17,067 - scrapers.hackernews_scraper - INFO - HackerNewsScraper初始化完成
2025-09-03 16:02:17,067 - scrapers.base_scraper - INFO - 开始爬取 Hacker News
2025-09-03 16:02:17,068 - scrapers.hackernews_scraper - INFO - 开始爬取Hacker News Ask HN帖子
2025-09-03 16:02:17,068 - scrapers.hackernews_scraper - INFO - 获取Ask HN页面: https://news.ycombinator.com/ask
2025-09-03 16:02:18,927 - scrapers.hackernews_scraper - INFO - 找到 30 个帖子行
2025-09-03 16:02:18,929 - scrapers.hackernews_scraper - INFO - 成功解析故事: Ask HN: Why does Google word p..., 作者=matesz, 点赞=7, 评论=0
2025-09-03 16:02:18,930 - scrapers.hackernews_scraper - INFO - 成功解析故事: Ask HN: Why are developers swi..., 作者=just_human, 点赞=3, 评论=0
2025-09-03 16:02:18,930 - scrapers.hackernews_scraper - INFO - 成功解析故事: Ask HN: A memory challenge/ner..., 作者=KolmogorovComp, 点赞=2, 评论=0
2025-09-03 16:02:18,931 - scrapers.hackernews_scraper - INFO - 成功解析故事: Ask HN: Who wants to be hired?..., 作者=whoishiring, 点赞=117, 评论=0
2025-09-03 16:02:18,931 - scrapers.hackernews_scraper - INFO - 成功解析故事: Ask HN: Who is hiring? (Septem..., 作者=whoishiring, 点赞=248, 评论=0
2025-09-03 16:02:18,932 - scrapers.hackernews_scraper - INFO - 成功解析故事: Ask HN: Will US citizens trave..., 作者=amichail, 点赞=4, 评论=0
2025-09-03 16:02:18,933 - scrapers.hackernews_scraper - INFO - 成功解析故事: Ask HN: Is your company still ..., 作者=wafflemaker, 点赞=38, 评论=0
2025-09-03 16:02:18,933 - scrapers.hackernews_scraper - INFO - 成功解析故事: Ask HN: The government of my c..., 作者=rickybule, 点赞=1327, 评论=0
2025-09-03 16:02:18,934 - scrapers.hackernews_scraper - INFO - 成功解析故事: Ask HN: How to Harden Your Pho..., 作者=mandeepj, 点赞=5, 评论=0
2025-09-03 16:02:18,934 - scrapers.hackernews_scraper - INFO - 成功解析故事: Ask HN: Best foundation model ..., 作者=philomath868, 点赞=27, 评论=0
2025-09-03 16:02:18,935 - scrapers.hackernews_scraper - INFO - 成功解析故事: Ask HN: Why hasn't x86 caught ..., 作者=stephenheron, 点赞=451, 评论=0
2025-09-03 16:02:18,936 - scrapers.hackernews_scraper - INFO - 成功解析故事: Ask HN: If you were to start a..., 作者=utkarsssh17, 点赞=9, 评论=0
2025-09-03 16:02:18,936 - scrapers.hackernews_scraper - INFO - 成功解析故事: Ask HN: I got fired from 100k ..., 作者=martinlistiak, 点赞=10, 评论=0
2025-09-03 16:02:18,937 - scrapers.hackernews_scraper - INFO - 成功解析故事: Ask HN: What to learn for math..., 作者=shivajikobardan, 点赞=71, 评论=0
2025-09-03 16:02:18,938 - scrapers.hackernews_scraper - INFO - 成功解析故事: Ask HN: Can/Will server, netwo..., 作者=shivajikobardan, 点赞=4, 评论=0
2025-09-03 16:02:18,938 - scrapers.hackernews_scraper - INFO - 成功解析 15 个Ask HN故事
2025-09-03 16:02:18,938 - scrapers.hackernews_scraper - INFO - 开始转换 15 个故事到统一格式
2025-09-03 16:02:18,938 - scrapers.hackernews_scraper - INFO - 转换第 1/15 个故事: Ask HN: Why does Google word p...
2025-09-03 16:02:21,460 - scrapers.hackernews_scraper - INFO - 找到 2 条评论
2025-09-03 16:02:21,462 - scrapers.hackernews_scraper - INFO - 故事 Ask HN: Why does Google word p... 转换完成，包含 2 条评论
2025-09-03 16:02:21,462 - scrapers.hackernews_scraper - INFO - 转换第 2/15 个故事: Ask HN: Why are developers swi...
2025-09-03 16:02:23,968 - scrapers.hackernews_scraper - INFO - 找到 6 条评论
2025-09-03 16:02:23,972 - scrapers.hackernews_scraper - INFO - 故事 Ask HN: Why are developers swi... 转换完成，包含 6 条评论
2025-09-03 16:02:23,972 - scrapers.hackernews_scraper - INFO - 转换第 3/15 个故事: Ask HN: A memory challenge/ner...
2025-09-03 16:02:25,384 - scrapers.hackernews_scraper - INFO - 找到 1 条评论
2025-09-03 16:02:25,385 - scrapers.hackernews_scraper - INFO - 故事 Ask HN: A memory challenge/ner... 转换完成，包含 1 条评论
2025-09-03 16:02:25,385 - scrapers.hackernews_scraper - INFO - 转换第 4/15 个故事: Ask HN: Who wants to be hired?...
2025-09-03 16:02:28,003 - scrapers.hackernews_scraper - INFO - 找到 281 条评论
2025-09-03 16:02:29,627 - scrapers.hackernews_scraper - INFO - 故事 Ask HN: Who wants to be hired?... 转换完成，包含 100 条评论
2025-09-03 16:02:29,628 - scrapers.hackernews_scraper - INFO - 转换第 5/15 个故事: Ask HN: Who is hiring? (Septem...
2025-09-03 16:02:33,792 - scrapers.hackernews_scraper - INFO - 找到 305 条评论
2025-09-03 16:02:35,653 - scrapers.hackernews_scraper - INFO - 故事 Ask HN: Who is hiring? (Septem... 转换完成，包含 100 条评论
2025-09-03 16:02:35,653 - scrapers.hackernews_scraper - INFO - 转换第 6/15 个故事: Ask HN: Will US citizens trave...
2025-09-03 16:02:37,520 - scrapers.hackernews_scraper - INFO - 找到 2 条评论
2025-09-03 16:02:37,521 - scrapers.hackernews_scraper - INFO - 故事 Ask HN: Will US citizens trave... 转换完成，包含 2 条评论
2025-09-03 16:02:37,521 - scrapers.hackernews_scraper - INFO - 转换第 7/15 个故事: Ask HN: Is your company still ...
2025-09-03 16:02:39,618 - scrapers.hackernews_scraper - INFO - 找到 43 条评论
2025-09-03 16:02:39,666 - scrapers.hackernews_scraper - INFO - 故事 Ask HN: Is your company still ... 转换完成，包含 43 条评论
2025-09-03 16:02:39,666 - scrapers.hackernews_scraper - INFO - 转换第 8/15 个故事: Ask HN: The government of my c...
2025-09-03 16:02:43,156 - scrapers.hackernews_scraper - INFO - 找到 728 条评论
2025-09-03 16:02:52,066 - scrapers.hackernews_scraper - INFO - 故事 Ask HN: The government of my c... 转换完成，包含 100 条评论
2025-09-03 16:02:52,066 - scrapers.hackernews_scraper - INFO - 转换第 9/15 个故事: Ask HN: How to Harden Your Pho...
2025-09-03 16:02:53,793 - scrapers.hackernews_scraper - INFO - 找到 10 条评论
2025-09-03 16:02:53,800 - scrapers.hackernews_scraper - INFO - 故事 Ask HN: How to Harden Your Pho... 转换完成，包含 10 条评论
2025-09-03 16:02:53,800 - scrapers.hackernews_scraper - INFO - 转换第 10/15 个故事: Ask HN: Best foundation model ...
2025-09-03 16:02:56,047 - scrapers.hackernews_scraper - INFO - 找到 17 条评论
2025-09-03 16:02:56,060 - scrapers.hackernews_scraper - INFO - 故事 Ask HN: Best foundation model ... 转换完成，包含 17 条评论
2025-09-03 16:02:56,060 - scrapers.hackernews_scraper - INFO - 转换第 11/15 个故事: Ask HN: Why hasn't x86 caught ...
2025-09-03 16:03:00,241 - scrapers.hackernews_scraper - INFO - 找到 621 条评论
2025-09-03 16:03:06,635 - scrapers.hackernews_scraper - INFO - 故事 Ask HN: Why hasn't x86 caught ... 转换完成，包含 100 条评论
2025-09-03 16:03:06,635 - scrapers.hackernews_scraper - INFO - 转换第 12/15 个故事: Ask HN: If you were to start a...
2025-09-03 16:03:08,696 - scrapers.hackernews_scraper - INFO - 找到 5 条评论
2025-09-03 16:03:08,699 - scrapers.hackernews_scraper - INFO - 故事 Ask HN: If you were to start a... 转换完成，包含 5 条评论
2025-09-03 16:03:08,699 - scrapers.hackernews_scraper - INFO - 转换第 13/15 个故事: Ask HN: I got fired from 100k ...
2025-09-03 16:03:10,164 - scrapers.hackernews_scraper - INFO - 找到 28 条评论
2025-09-03 16:03:10,189 - scrapers.hackernews_scraper - INFO - 故事 Ask HN: I got fired from 100k ... 转换完成，包含 28 条评论
2025-09-03 16:03:10,189 - scrapers.hackernews_scraper - INFO - 转换第 14/15 个故事: Ask HN: What to learn for math...
2025-09-03 16:03:12,672 - scrapers.hackernews_scraper - INFO - 找到 28 条评论
2025-09-03 16:03:12,701 - scrapers.hackernews_scraper - INFO - 故事 Ask HN: What to learn for math... 转换完成，包含 28 条评论
2025-09-03 16:03:12,701 - scrapers.hackernews_scraper - INFO - 转换第 15/15 个故事: Ask HN: Can/Will server, netwo...
2025-09-03 16:03:14,516 - scrapers.hackernews_scraper - INFO - 找到 1 条评论
2025-09-03 16:03:14,517 - scrapers.hackernews_scraper - INFO - 故事 Ask HN: Can/Will server, netwo... 转换完成，包含 1 条评论
2025-09-03 16:03:14,517 - scrapers.hackernews_scraper - INFO - 共转换 15 个故事为统一格式
2025-09-03 16:03:14,517 - scrapers.hackernews_scraper - INFO - 爬取完成，共获取 15 个Ask HN故事
2025-09-03 16:03:14,988 - utils.storage_utils - INFO - 已更新源索引: hackernews
2025-09-03 16:03:14,990 - utils.storage_utils - INFO - 数据已保存到 data/hackernews/week_2025-09-01.json
2025-09-03 16:03:14,991 - scrapers.base_scraper - INFO - 数据已保存到 data/hackernews/week_2025-09-01.json
2025-09-03 16:03:14,991 - scrapers.base_scraper - INFO - 成功爬取 Hacker News 的数据
2025-09-03 16:03:14,992 - __main__ - INFO - 完成: 1/3 个爬虫成功运行
2025-09-03 16:03:15,207 - __main__ - INFO - 归档所有源的旧数据
2025-09-03 16:03:15,207 - __main__ - INFO - 源 jandan 归档 无需归档
2025-09-03 16:03:15,207 - __main__ - INFO - 源 reddit 归档 无需归档
2025-09-03 16:03:15,208 - __main__ - INFO - 源 hackernews 归档 无需归档
