2025-05-18 16:01:33,505 - __main__ - INFO - 运行所有爬虫
2025-05-18 16:01:33,505 - scrapers.jandan_scraper - INFO - JandanScraper初始化完成
2025-05-18 16:01:33,506 - scrapers.base_scraper - INFO - 开始爬取 煎蛋网
2025-05-18 16:01:33,506 - scrapers.jandan_scraper - INFO - 开始爬取煎蛋热评
2025-05-18 16:01:38,081 - scrapers.jandan_scraper - INFO - 成功获取HTML内容，长度: 25804
2025-05-18 16:01:38,081 - scrapers.jandan_scraper - INFO - 调试: 手动获取评论 5877984 的吐槽数据
2025-05-18 16:01:38,081 - scrapers.jandan_scraper - INFO - 获取评论 5877984 的吐槽内容: https://jandan.net/api/tucao/list/5877984
2025-05-18 16:01:50,664 - urllib3.connectionpool - WARNING - Retrying (Retry(total=2, connect=None, read=None, redirect=None, status=None)) after connection broken by 'ReadTimeoutError("HTTPSConnectionPool(host='jandan.net', port=443): Read timed out. (read timeout=10)")': /api/tucao/list/5877984
2025-05-18 16:01:51,268 - scrapers.jandan_scraper - INFO - 评论 5877984 获取到 1 条热门吐槽, 3 条普通吐槽
2025-05-18 16:01:51,268 - scrapers.jandan_scraper - INFO - 调试: 评论 5877984 获取到 1 条热门吐槽, 3 条普通吐槽
2025-05-18 16:01:51,268 - scrapers.jandan_scraper - INFO - 开始解析页面中的评论
2025-05-18 16:01:51,268 - scrapers.jandan_scraper - INFO - 开始解析HTML内容, 长度: 25804
2025-05-18 16:01:51,277 - scrapers.jandan_scraper - INFO - 找到 0 条热门评论
2025-05-18 16:01:51,277 - scrapers.jandan_scraper - INFO - 解析完成，获取到 0 条评论
2025-05-18 16:01:51,277 - scrapers.jandan_scraper - INFO - 开始转换评论为统一格式
2025-05-18 16:01:51,277 - scrapers.jandan_scraper - INFO - 开始转换 0 条评论到统一格式
2025-05-18 16:01:51,277 - scrapers.jandan_scraper - INFO - 共转换 0 条评论为统一格式
2025-05-18 16:01:51,277 - scrapers.jandan_scraper - INFO - 爬取完成，共获取 0 条热评
2025-05-18 16:01:51,277 - scrapers.base_scraper - ERROR - 爬取 煎蛋网 失败
2025-05-18 16:01:51,278 - scrapers.reddit_scraper - INFO - RedditScraper初始化完成
2025-05-18 16:01:51,278 - scrapers.base_scraper - INFO - 开始爬取 Reddit
2025-05-18 16:01:51,278 - scrapers.reddit_scraper - INFO - 开始爬取Reddit r/confessions每周热门帖子
2025-05-18 16:01:53,787 - utils.http_utils - ERROR - 请求失败: https://www.reddit.com/r/confessions/top/.json?t=week&limit=10, 错误: 403 Client Error: Blocked for url: https://www.reddit.com/r/confessions/top/.json?t=week&limit=10
2025-05-18 16:01:53,787 - scrapers.reddit_scraper - ERROR - 获取API数据失败: 403 Client Error: Blocked for url: https://www.reddit.com/r/confessions/top/.json?t=week&limit=10
2025-05-18 16:01:53,787 - scrapers.base_scraper - ERROR - 爬取 Reddit 失败
2025-05-18 16:01:53,787 - scrapers.hackernews_scraper - INFO - HackerNewsScraper初始化完成
2025-05-18 16:01:53,788 - scrapers.base_scraper - INFO - 开始爬取 Hacker News
2025-05-18 16:01:53,788 - scrapers.hackernews_scraper - INFO - 开始爬取Hacker News Ask HN帖子
2025-05-18 16:01:53,788 - scrapers.hackernews_scraper - INFO - 获取Ask HN页面: https://news.ycombinator.com/ask
2025-05-18 16:01:56,086 - scrapers.hackernews_scraper - INFO - 找到 30 个帖子行
2025-05-18 16:01:56,087 - scrapers.hackernews_scraper - INFO - 成功解析故事: Ask HN: What's your go-to mess..., 作者=enether, 点赞=38, 评论=0
2025-05-18 16:01:56,088 - scrapers.hackernews_scraper - INFO - 成功解析故事: Ask HN: Do people actually pay..., 作者=scratchyone, 点赞=10, 评论=0
2025-05-18 16:01:56,089 - scrapers.hackernews_scraper - INFO - 成功解析故事: Ask HN: Anyone working in trad..., 作者=itsmekali321, 点赞=20, 评论=0
2025-05-18 16:01:56,089 - scrapers.hackernews_scraper - INFO - 成功解析故事: Ask HN: How are you acquiring ..., 作者=amanchanda, 点赞=560, 评论=0
2025-05-18 16:01:56,090 - scrapers.hackernews_scraper - INFO - 成功解析故事: Ask HN: Conversational AI to L..., 作者=edweis, 点赞=12, 评论=0
2025-05-18 16:01:56,090 - scrapers.hackernews_scraper - INFO - 成功解析故事: Ask HN: Is there a "YouTube" f..., 作者=amichail, 点赞=6, 评论=0
2025-05-18 16:01:56,091 - scrapers.hackernews_scraper - INFO - 成功解析故事: Ask HN: Cursor or Windsurf?..., 作者=skarat, 点赞=311, 评论=0
2025-05-18 16:01:56,092 - scrapers.hackernews_scraper - INFO - 成功解析故事: Ask HN: Email Provider for Mai..., 作者=agent008t, 点赞=23, 评论=0
2025-05-18 16:01:56,092 - scrapers.hackernews_scraper - INFO - 成功解析故事: Ask HN: How do you store priva..., 作者=max_, 点赞=6, 评论=0
2025-05-18 16:01:56,093 - scrapers.hackernews_scraper - INFO - 成功解析故事: Ask HN: How do you store the k..., 作者=dennisy, 点赞=65, 评论=0
2025-05-18 16:01:56,093 - scrapers.hackernews_scraper - INFO - 成功解析故事: Ask HN: Did anyone else see an..., 作者=DamnInteresting, 点赞=4, 评论=0
2025-05-18 16:01:56,094 - scrapers.hackernews_scraper - INFO - 成功解析故事: Ask HN: How are you cleaning a..., 作者=dataflowmapper, 点赞=36, 评论=0
2025-05-18 16:01:56,094 - scrapers.hackernews_scraper - INFO - 成功解析故事: Ask HN: Our only salesperson w..., 作者=betrayawayed555, 点赞=11, 评论=0
2025-05-18 16:01:56,095 - scrapers.hackernews_scraper - INFO - 成功解析故事: Ask HN: Any good tools to pgdu..., 作者=polishdude20, 点赞=3, 评论=0
2025-05-18 16:01:56,095 - scrapers.hackernews_scraper - INFO - 成功解析故事: Ask HN: Why is no one making F..., 作者=reconnecting, 点赞=11, 评论=0
2025-05-18 16:01:56,095 - scrapers.hackernews_scraper - INFO - 成功解析 15 个Ask HN故事
2025-05-18 16:01:56,096 - scrapers.hackernews_scraper - INFO - 开始转换 15 个故事到统一格式
2025-05-18 16:01:56,096 - scrapers.hackernews_scraper - INFO - 转换第 1/15 个故事: Ask HN: What's your go-to mess...
2025-05-18 16:01:58,540 - scrapers.hackernews_scraper - INFO - 找到 62 条评论
2025-05-18 16:01:58,641 - scrapers.hackernews_scraper - INFO - 故事 Ask HN: What's your go-to mess... 转换完成，包含 62 条评论
2025-05-18 16:01:58,641 - scrapers.hackernews_scraper - INFO - 转换第 2/15 个故事: Ask HN: Do people actually pay...
2025-05-18 16:02:00,499 - scrapers.hackernews_scraper - INFO - 找到 11 条评论
2025-05-18 16:02:00,507 - scrapers.hackernews_scraper - INFO - 故事 Ask HN: Do people actually pay... 转换完成，包含 11 条评论
2025-05-18 16:02:00,507 - scrapers.hackernews_scraper - INFO - 转换第 3/15 个故事: Ask HN: Anyone working in trad...
2025-05-18 16:02:02,962 - scrapers.hackernews_scraper - INFO - 找到 8 条评论
2025-05-18 16:02:02,967 - scrapers.hackernews_scraper - INFO - 故事 Ask HN: Anyone working in trad... 转换完成，包含 8 条评论
2025-05-18 16:02:02,967 - scrapers.hackernews_scraper - INFO - 转换第 4/15 个故事: Ask HN: How are you acquiring ...
2025-05-18 16:02:07,038 - scrapers.hackernews_scraper - INFO - 找到 351 条评论
2025-05-18 16:02:09,421 - scrapers.hackernews_scraper - INFO - 故事 Ask HN: How are you acquiring ... 转换完成，包含 100 条评论
2025-05-18 16:02:09,422 - scrapers.hackernews_scraper - INFO - 转换第 5/15 个故事: Ask HN: Conversational AI to L...
2025-05-18 16:02:11,549 - scrapers.hackernews_scraper - INFO - 找到 4 条评论
2025-05-18 16:02:11,552 - scrapers.hackernews_scraper - INFO - 故事 Ask HN: Conversational AI to L... 转换完成，包含 4 条评论
2025-05-18 16:02:11,552 - scrapers.hackernews_scraper - INFO - 转换第 6/15 个故事: Ask HN: Is there a "YouTube" f...
2025-05-18 16:02:14,411 - scrapers.hackernews_scraper - INFO - 找到 6 条评论
2025-05-18 16:02:14,415 - scrapers.hackernews_scraper - INFO - 故事 Ask HN: Is there a "YouTube" f... 转换完成，包含 6 条评论
2025-05-18 16:02:14,415 - scrapers.hackernews_scraper - INFO - 转换第 7/15 个故事: Ask HN: Cursor or Windsurf?...
2025-05-18 16:02:18,011 - scrapers.hackernews_scraper - INFO - 找到 395 条评论
2025-05-18 16:02:21,126 - scrapers.hackernews_scraper - INFO - 故事 Ask HN: Cursor or Windsurf?... 转换完成，包含 100 条评论
2025-05-18 16:02:21,126 - scrapers.hackernews_scraper - INFO - 转换第 8/15 个故事: Ask HN: Email Provider for Mai...
2025-05-18 16:02:24,108 - scrapers.hackernews_scraper - INFO - 找到 25 条评论
2025-05-18 16:02:24,133 - scrapers.hackernews_scraper - INFO - 故事 Ask HN: Email Provider for Mai... 转换完成，包含 25 条评论
2025-05-18 16:02:24,133 - scrapers.hackernews_scraper - INFO - 转换第 9/15 个故事: Ask HN: How do you store priva...
2025-05-18 16:02:25,665 - scrapers.hackernews_scraper - INFO - 找到 13 条评论
2025-05-18 16:02:25,675 - scrapers.hackernews_scraper - INFO - 故事 Ask HN: How do you store priva... 转换完成，包含 13 条评论
2025-05-18 16:02:25,675 - scrapers.hackernews_scraper - INFO - 转换第 10/15 个故事: Ask HN: How do you store the k...
2025-05-18 16:02:28,245 - scrapers.hackernews_scraper - INFO - 找到 92 条评论
2025-05-18 16:02:28,442 - scrapers.hackernews_scraper - INFO - 故事 Ask HN: How do you store the k... 转换完成，包含 92 条评论
2025-05-18 16:02:28,442 - scrapers.hackernews_scraper - INFO - 转换第 11/15 个故事: Ask HN: Did anyone else see an...
2025-05-18 16:02:29,941 - scrapers.hackernews_scraper - INFO - 找到 1 条评论
2025-05-18 16:02:29,941 - scrapers.hackernews_scraper - INFO - 故事 Ask HN: Did anyone else see an... 转换完成，包含 1 条评论
2025-05-18 16:02:29,941 - scrapers.hackernews_scraper - INFO - 转换第 12/15 个故事: Ask HN: How are you cleaning a...
2025-05-18 16:02:32,219 - scrapers.hackernews_scraper - INFO - 找到 33 条评论
2025-05-18 16:02:32,256 - scrapers.hackernews_scraper - INFO - 故事 Ask HN: How are you cleaning a... 转换完成，包含 33 条评论
2025-05-18 16:02:32,256 - scrapers.hackernews_scraper - INFO - 转换第 13/15 个故事: Ask HN: Our only salesperson w...
2025-05-18 16:02:34,759 - scrapers.hackernews_scraper - INFO - 找到 6 条评论
2025-05-18 16:02:34,765 - scrapers.hackernews_scraper - INFO - 故事 Ask HN: Our only salesperson w... 转换完成，包含 6 条评论
2025-05-18 16:02:34,765 - scrapers.hackernews_scraper - INFO - 转换第 14/15 个故事: Ask HN: Any good tools to pgdu...
2025-05-18 16:02:37,091 - scrapers.hackernews_scraper - INFO - 找到 4 条评论
2025-05-18 16:02:37,093 - scrapers.hackernews_scraper - INFO - 故事 Ask HN: Any good tools to pgdu... 转换完成，包含 4 条评论
2025-05-18 16:02:37,093 - scrapers.hackernews_scraper - INFO - 转换第 15/15 个故事: Ask HN: Why is no one making F...
2025-05-18 16:02:39,191 - scrapers.hackernews_scraper - INFO - 找到 4 条评论
2025-05-18 16:02:39,194 - scrapers.hackernews_scraper - INFO - 故事 Ask HN: Why is no one making F... 转换完成，包含 4 条评论
2025-05-18 16:02:39,194 - scrapers.hackernews_scraper - INFO - 共转换 15 个故事为统一格式
2025-05-18 16:02:39,194 - scrapers.hackernews_scraper - INFO - 爬取完成，共获取 15 个Ask HN故事
2025-05-18 16:02:39,717 - utils.storage_utils - INFO - 已更新源索引: hackernews
2025-05-18 16:02:39,720 - utils.storage_utils - INFO - 数据已保存到 data/hackernews/week_2025-05-12.json
2025-05-18 16:02:39,722 - scrapers.base_scraper - INFO - 数据已保存到 data/hackernews/week_2025-05-12.json
2025-05-18 16:02:39,723 - scrapers.base_scraper - INFO - 成功爬取 Hacker News 的数据
2025-05-18 16:02:39,723 - __main__ - INFO - 完成: 1/3 个爬虫成功运行
2025-05-18 16:02:39,970 - __main__ - INFO - 归档所有源的旧数据
2025-05-18 16:02:39,970 - __main__ - INFO - 源 jandan 归档 无需归档
2025-05-18 16:02:39,970 - __main__ - INFO - 源 reddit 归档 无需归档
2025-05-18 16:02:39,970 - __main__ - INFO - 源 hackernews 归档 无需归档
