2026-03-25 16:22:59,660 - __main__ - INFO - 运行所有爬虫
2026-03-25 16:22:59,660 - scrapers.jandan_scraper - INFO - JandanScraper初始化完成
2026-03-25 16:22:59,660 - scrapers.base_scraper - INFO - 开始爬取 煎蛋网
2026-03-25 16:22:59,660 - scrapers.jandan_scraper - INFO - 开始爬取煎蛋热评
2026-03-25 16:23:04,014 - scrapers.jandan_scraper - INFO - 成功获取HTML内容，长度: 27206
2026-03-25 16:23:04,014 - scrapers.jandan_scraper - INFO - 调试: 手动获取评论 5877984 的吐槽数据
2026-03-25 16:23:04,014 - scrapers.jandan_scraper - INFO - 获取评论 5877984 的吐槽内容: https://jandan.net/api/tucao/list/5877984
2026-03-25 16:23:05,711 - scrapers.jandan_scraper - INFO - 评论 5877984 获取到 1 条热门吐槽, 3 条普通吐槽
2026-03-25 16:23:05,711 - scrapers.jandan_scraper - INFO - 调试: 评论 5877984 获取到 1 条热门吐槽, 3 条普通吐槽
2026-03-25 16:23:05,712 - scrapers.jandan_scraper - INFO - 开始解析页面中的评论
2026-03-25 16:23:05,712 - scrapers.jandan_scraper - INFO - 开始解析HTML内容, 长度: 27206
2026-03-25 16:23:05,720 - scrapers.jandan_scraper - INFO - 找到 0 条热门评论
2026-03-25 16:23:05,721 - scrapers.jandan_scraper - INFO - 解析完成，获取到 0 条评论
2026-03-25 16:23:05,721 - scrapers.jandan_scraper - INFO - 开始转换评论为统一格式
2026-03-25 16:23:05,721 - scrapers.jandan_scraper - INFO - 开始转换 0 条评论到统一格式
2026-03-25 16:23:05,721 - scrapers.jandan_scraper - INFO - 共转换 0 条评论为统一格式
2026-03-25 16:23:05,721 - scrapers.jandan_scraper - INFO - 爬取完成，共获取 0 条热评
2026-03-25 16:23:05,721 - scrapers.base_scraper - ERROR - 爬取 煎蛋网 失败
2026-03-25 16:23:05,721 - scrapers.reddit_scraper - INFO - RedditScraper初始化完成
2026-03-25 16:23:05,722 - scrapers.base_scraper - INFO - 开始爬取 Reddit
2026-03-25 16:23:05,723 - scrapers.reddit_scraper - INFO - 开始爬取Reddit r/confessions每周热门帖子
2026-03-25 16:23:08,689 - utils.http_utils - ERROR - 请求失败: https://www.reddit.com/r/confessions/top/.json?t=week&limit=10, 错误: 403 Client Error: Blocked for url: https://www.reddit.com/r/confessions/top/.json?t=week&limit=10
2026-03-25 16:23:08,690 - scrapers.reddit_scraper - ERROR - 获取API数据失败: 403 Client Error: Blocked for url: https://www.reddit.com/r/confessions/top/.json?t=week&limit=10
2026-03-25 16:23:08,690 - scrapers.base_scraper - ERROR - 爬取 Reddit 失败
2026-03-25 16:23:08,690 - scrapers.hackernews_scraper - INFO - HackerNewsScraper初始化完成
2026-03-25 16:23:08,690 - scrapers.base_scraper - INFO - 开始爬取 Hacker News
2026-03-25 16:23:08,690 - scrapers.hackernews_scraper - INFO - 开始爬取Hacker News Ask HN帖子
2026-03-25 16:23:08,691 - scrapers.hackernews_scraper - INFO - 获取Ask HN页面: https://news.ycombinator.com/ask
2026-03-25 16:23:10,233 - scrapers.hackernews_scraper - INFO - 找到 30 个帖子行
2026-03-25 16:23:10,235 - scrapers.hackernews_scraper - INFO - 成功解析故事: Ask HN: Is Antigravity code se..., 作者=sankalpnarula, 点赞=3, 评论=0
2026-03-25 16:23:10,236 - scrapers.hackernews_scraper - INFO - 成功解析故事: Ask HN: How do you feel when y..., 作者=noduerme, 点赞=3, 评论=0
2026-03-25 16:23:10,237 - scrapers.hackernews_scraper - INFO - 成功解析故事: Ask HN: AI productivity gains ..., 作者=Bleiglanz, 点赞=107, 评论=0
2026-03-25 16:23:10,238 - scrapers.hackernews_scraper - INFO - 成功解析故事: Ask HN: Any recommended engine..., 作者=Kuraptka, 点赞=2, 评论=0
2026-03-25 16:23:10,238 - scrapers.hackernews_scraper - INFO - 成功解析故事: Ask HN: How do you offload all..., 作者=makingstuffs, 点赞=9, 评论=0
2026-03-25 16:23:10,239 - scrapers.hackernews_scraper - INFO - 成功解析故事: Ask HN: Do you feel less happy..., 作者=zane__chen, 点赞=4, 评论=0
2026-03-25 16:23:10,240 - scrapers.hackernews_scraper - INFO - 成功解析故事: Ask HN: Founders of estonian e..., 作者=udl, 点赞=11, 评论=0
2026-03-25 16:23:10,240 - scrapers.hackernews_scraper - INFO - 成功解析故事: Ask HN: Is anyone here also de..., 作者=jawerty, 点赞=29, 评论=0
2026-03-25 16:23:10,241 - scrapers.hackernews_scraper - INFO - 成功解析故事: Ask HN: Does the World need mo..., 作者=Vektorceraptor, 点赞=3, 评论=0
2026-03-25 16:23:10,241 - scrapers.hackernews_scraper - INFO - 成功解析故事: Ask HN: Is using AI tooling fo..., 作者=latand6, 点赞=9, 评论=0
2026-03-25 16:23:10,242 - scrapers.hackernews_scraper - INFO - 成功解析故事: Ask HN: Analog Model of Transf..., 作者=JPLeRouzic, 点赞=7, 评论=0
2026-03-25 16:23:10,242 - scrapers.hackernews_scraper - INFO - 成功解析故事: Ask HN: $50 monthly budget, wh..., 作者=klueinc, 点赞=10, 评论=0
2026-03-25 16:23:10,243 - scrapers.hackernews_scraper - INFO - 成功解析故事: Ask HN: How does one get rich ..., 作者=roschdal, 点赞=7, 评论=0
2026-03-25 16:23:10,243 - scrapers.hackernews_scraper - INFO - 成功解析故事: Ask HN: Is the AI software dev..., 作者=RyanShook, 点赞=4, 评论=0
2026-03-25 16:23:10,244 - scrapers.hackernews_scraper - INFO - 成功解析故事: Ask HN: If there has been no p..., 作者=sayYayToLife, 点赞=7, 评论=0
2026-03-25 16:23:10,244 - scrapers.hackernews_scraper - INFO - 成功解析 15 个Ask HN故事
2026-03-25 16:23:10,244 - scrapers.hackernews_scraper - INFO - 开始转换 15 个故事到统一格式
2026-03-25 16:23:10,245 - scrapers.hackernews_scraper - INFO - 转换第 1/15 个故事: Ask HN: Is Antigravity code se...
2026-03-25 16:23:12,672 - scrapers.hackernews_scraper - INFO - 找到 0 条评论
2026-03-25 16:23:12,672 - scrapers.hackernews_scraper - INFO - 故事 Ask HN: Is Antigravity code se... 转换完成，包含 0 条评论
2026-03-25 16:23:12,672 - scrapers.hackernews_scraper - INFO - 转换第 2/15 个故事: Ask HN: How do you feel when y...
2026-03-25 16:23:13,800 - scrapers.hackernews_scraper - INFO - 找到 8 条评论
2026-03-25 16:23:13,806 - scrapers.hackernews_scraper - INFO - 故事 Ask HN: How do you feel when y... 转换完成，包含 8 条评论
2026-03-25 16:23:13,806 - scrapers.hackernews_scraper - INFO - 转换第 3/15 个故事: Ask HN: AI productivity gains ...
2026-03-25 16:23:16,984 - scrapers.hackernews_scraper - INFO - 找到 200 条评论
2026-03-25 16:23:17,684 - scrapers.hackernews_scraper - INFO - 故事 Ask HN: AI productivity gains ... 转换完成，包含 100 条评论
2026-03-25 16:23:17,684 - scrapers.hackernews_scraper - INFO - 转换第 4/15 个故事: Ask HN: Any recommended engine...
2026-03-25 16:23:20,339 - scrapers.hackernews_scraper - INFO - 找到 1 条评论
2026-03-25 16:23:20,340 - scrapers.hackernews_scraper - INFO - 故事 Ask HN: Any recommended engine... 转换完成，包含 1 条评论
2026-03-25 16:23:20,340 - scrapers.hackernews_scraper - INFO - 转换第 5/15 个故事: Ask HN: How do you offload all...
2026-03-25 16:23:22,393 - utils.http_utils - ERROR - 请求失败: https://news.ycombinator.com/item?id=47511823, 错误: 429 Client Error: Too Many Requests for url: https://news.ycombinator.com/item?id=47511823
2026-03-25 16:23:22,393 - scrapers.hackernews_scraper - ERROR - 获取故事详情失败: 47511823
2026-03-25 16:23:23,501 - utils.http_utils - ERROR - 请求失败: https://news.ycombinator.com/item?id=47511823, 错误: 429 Client Error: Too Many Requests for url: https://news.ycombinator.com/item?id=47511823
2026-03-25 16:23:23,501 - scrapers.hackernews_scraper - ERROR - 获取故事详情失败: 47511823
2026-03-25 16:23:23,501 - scrapers.hackernews_scraper - INFO - 故事 Ask HN: How do you offload all... 转换完成，包含 0 条评论
2026-03-25 16:23:23,501 - scrapers.hackernews_scraper - INFO - 转换第 6/15 个故事: Ask HN: Do you feel less happy...
2026-03-25 16:23:26,380 - utils.http_utils - ERROR - 请求失败: https://news.ycombinator.com/item?id=47511075, 错误: 429 Client Error: Too Many Requests for url: https://news.ycombinator.com/item?id=47511075
2026-03-25 16:23:26,380 - scrapers.hackernews_scraper - ERROR - 获取故事详情失败: 47511075
2026-03-25 16:23:27,663 - utils.http_utils - ERROR - 请求失败: https://news.ycombinator.com/item?id=47511075, 错误: 429 Client Error: Too Many Requests for url: https://news.ycombinator.com/item?id=47511075
2026-03-25 16:23:27,663 - scrapers.hackernews_scraper - ERROR - 获取故事详情失败: 47511075
2026-03-25 16:23:27,663 - scrapers.hackernews_scraper - INFO - 故事 Ask HN: Do you feel less happy... 转换完成，包含 0 条评论
2026-03-25 16:23:27,663 - scrapers.hackernews_scraper - INFO - 转换第 7/15 个故事: Ask HN: Founders of estonian e...
2026-03-25 16:23:29,749 - scrapers.hackernews_scraper - INFO - 找到 4 条评论
2026-03-25 16:23:29,752 - scrapers.hackernews_scraper - INFO - 故事 Ask HN: Founders of estonian e... 转换完成，包含 4 条评论
2026-03-25 16:23:29,752 - scrapers.hackernews_scraper - INFO - 转换第 8/15 个故事: Ask HN: Is anyone here also de...
2026-03-25 16:23:31,903 - utils.http_utils - ERROR - 请求失败: https://news.ycombinator.com/item?id=47493938, 错误: 429 Client Error: Too Many Requests for url: https://news.ycombinator.com/item?id=47493938
2026-03-25 16:23:31,903 - scrapers.hackernews_scraper - ERROR - 获取故事详情失败: 47493938
2026-03-25 16:23:33,071 - scrapers.hackernews_scraper - INFO - 找到 24 条评论
2026-03-25 16:23:33,092 - scrapers.hackernews_scraper - INFO - 故事 Ask HN: Is anyone here also de... 转换完成，包含 24 条评论
2026-03-25 16:23:33,092 - scrapers.hackernews_scraper - INFO - 转换第 9/15 个故事: Ask HN: Does the World need mo...
2026-03-25 16:23:34,484 - scrapers.hackernews_scraper - INFO - 找到 9 条评论
2026-03-25 16:23:34,490 - scrapers.hackernews_scraper - INFO - 故事 Ask HN: Does the World need mo... 转换完成，包含 9 条评论
2026-03-25 16:23:34,490 - scrapers.hackernews_scraper - INFO - 转换第 10/15 个故事: Ask HN: Is using AI tooling fo...
2026-03-25 16:23:37,285 - scrapers.hackernews_scraper - INFO - 找到 26 条评论
2026-03-25 16:23:37,308 - scrapers.hackernews_scraper - INFO - 故事 Ask HN: Is using AI tooling fo... 转换完成，包含 26 条评论
2026-03-25 16:23:37,308 - scrapers.hackernews_scraper - INFO - 转换第 11/15 个故事: Ask HN: Analog Model of Transf...
2026-03-25 16:23:39,593 - utils.http_utils - ERROR - 请求失败: https://news.ycombinator.com/item?id=47504287, 错误: 429 Client Error: Too Many Requests for url: https://news.ycombinator.com/item?id=47504287
2026-03-25 16:23:39,594 - scrapers.hackernews_scraper - ERROR - 获取故事详情失败: 47504287
2026-03-25 16:23:41,344 - utils.http_utils - ERROR - 请求失败: https://news.ycombinator.com/item?id=47504287, 错误: 429 Client Error: Too Many Requests for url: https://news.ycombinator.com/item?id=47504287
2026-03-25 16:23:41,344 - scrapers.hackernews_scraper - ERROR - 获取故事详情失败: 47504287
2026-03-25 16:23:41,344 - scrapers.hackernews_scraper - INFO - 故事 Ask HN: Analog Model of Transf... 转换完成，包含 0 条评论
2026-03-25 16:23:41,344 - scrapers.hackernews_scraper - INFO - 转换第 12/15 个故事: Ask HN: $50 monthly budget, wh...
2026-03-25 16:23:42,654 - utils.http_utils - ERROR - 请求失败: https://news.ycombinator.com/item?id=47501690, 错误: 429 Client Error: Too Many Requests for url: https://news.ycombinator.com/item?id=47501690
2026-03-25 16:23:42,654 - scrapers.hackernews_scraper - ERROR - 获取故事详情失败: 47501690
2026-03-25 16:23:45,413 - utils.http_utils - ERROR - 请求失败: https://news.ycombinator.com/item?id=47501690, 错误: 429 Client Error: Too Many Requests for url: https://news.ycombinator.com/item?id=47501690
2026-03-25 16:23:45,413 - scrapers.hackernews_scraper - ERROR - 获取故事详情失败: 47501690
2026-03-25 16:23:45,414 - scrapers.hackernews_scraper - INFO - 故事 Ask HN: $50 monthly budget, wh... 转换完成，包含 0 条评论
2026-03-25 16:23:45,414 - scrapers.hackernews_scraper - INFO - 转换第 13/15 个故事: Ask HN: How does one get rich ...
2026-03-25 16:23:46,630 - utils.http_utils - ERROR - 请求失败: https://news.ycombinator.com/item?id=47515758, 错误: 429 Client Error: Too Many Requests for url: https://news.ycombinator.com/item?id=47515758
2026-03-25 16:23:46,630 - scrapers.hackernews_scraper - ERROR - 获取故事详情失败: 47515758
2026-03-25 16:23:47,980 - utils.http_utils - ERROR - 请求失败: https://news.ycombinator.com/item?id=47515758, 错误: 429 Client Error: Too Many Requests for url: https://news.ycombinator.com/item?id=47515758
2026-03-25 16:23:47,980 - scrapers.hackernews_scraper - ERROR - 获取故事详情失败: 47515758
2026-03-25 16:23:47,980 - scrapers.hackernews_scraper - INFO - 故事 Ask HN: How does one get rich ... 转换完成，包含 0 条评论
2026-03-25 16:23:47,980 - scrapers.hackernews_scraper - INFO - 转换第 14/15 个故事: Ask HN: Is the AI software dev...
2026-03-25 16:23:50,618 - utils.http_utils - ERROR - 请求失败: https://news.ycombinator.com/item?id=47511770, 错误: 429 Client Error: Too Many Requests for url: https://news.ycombinator.com/item?id=47511770
2026-03-25 16:23:50,618 - scrapers.hackernews_scraper - ERROR - 获取故事详情失败: 47511770
2026-03-25 16:23:53,157 - utils.http_utils - ERROR - 请求失败: https://news.ycombinator.com/item?id=47511770, 错误: 429 Client Error: Too Many Requests for url: https://news.ycombinator.com/item?id=47511770
2026-03-25 16:23:53,157 - scrapers.hackernews_scraper - ERROR - 获取故事详情失败: 47511770
2026-03-25 16:23:53,157 - scrapers.hackernews_scraper - INFO - 故事 Ask HN: Is the AI software dev... 转换完成，包含 0 条评论
2026-03-25 16:23:53,157 - scrapers.hackernews_scraper - INFO - 转换第 15/15 个故事: Ask HN: If there has been no p...
2026-03-25 16:23:55,662 - utils.http_utils - ERROR - 请求失败: https://news.ycombinator.com/item?id=47490244, 错误: 429 Client Error: Too Many Requests for url: https://news.ycombinator.com/item?id=47490244
2026-03-25 16:23:55,663 - scrapers.hackernews_scraper - ERROR - 获取故事详情失败: 47490244
2026-03-25 16:23:58,632 - utils.http_utils - ERROR - 请求失败: https://news.ycombinator.com/item?id=47490244, 错误: 429 Client Error: Too Many Requests for url: https://news.ycombinator.com/item?id=47490244
2026-03-25 16:23:58,632 - scrapers.hackernews_scraper - ERROR - 获取故事详情失败: 47490244
2026-03-25 16:23:58,632 - scrapers.hackernews_scraper - INFO - 故事 Ask HN: If there has been no p... 转换完成，包含 0 条评论
2026-03-25 16:23:58,632 - scrapers.hackernews_scraper - INFO - 共转换 15 个故事为统一格式
2026-03-25 16:23:58,632 - scrapers.hackernews_scraper - INFO - 爬取完成，共获取 15 个Ask HN故事
2026-03-25 16:23:59,001 - utils.storage_utils - INFO - 已更新源索引: hackernews
2026-03-25 16:23:59,002 - utils.storage_utils - INFO - 数据已保存到 data/hackernews/week_2026-03-23.json
2026-03-25 16:23:59,003 - scrapers.base_scraper - INFO - 数据已保存到 data/hackernews/week_2026-03-23.json
2026-03-25 16:23:59,003 - scrapers.base_scraper - INFO - 成功爬取 Hacker News 的数据
2026-03-25 16:23:59,004 - __main__ - INFO - 完成: 1/3 个爬虫成功运行
2026-03-25 16:23:59,249 - __main__ - INFO - 归档所有源的旧数据
2026-03-25 16:23:59,250 - __main__ - INFO - 源 jandan 归档 无需归档
2026-03-25 16:23:59,250 - __main__ - INFO - 源 reddit 归档 无需归档
2026-03-25 16:23:59,250 - __main__ - INFO - 源 hackernews 归档 无需归档
