2026-02-21 16:03:09,255 - __main__ - INFO - 运行所有爬虫
2026-02-21 16:03:09,255 - scrapers.jandan_scraper - INFO - JandanScraper初始化完成
2026-02-21 16:03:09,255 - scrapers.base_scraper - INFO - 开始爬取 煎蛋网
2026-02-21 16:03:09,256 - scrapers.jandan_scraper - INFO - 开始爬取煎蛋热评
2026-02-21 16:03:12,281 - scrapers.jandan_scraper - INFO - 成功获取HTML内容，长度: 25798
2026-02-21 16:03:12,282 - scrapers.jandan_scraper - INFO - 调试: 手动获取评论 5877984 的吐槽数据
2026-02-21 16:03:12,282 - scrapers.jandan_scraper - INFO - 获取评论 5877984 的吐槽内容: https://jandan.net/api/tucao/list/5877984
2026-02-21 16:03:14,761 - scrapers.jandan_scraper - INFO - 评论 5877984 获取到 1 条热门吐槽, 3 条普通吐槽
2026-02-21 16:03:14,761 - scrapers.jandan_scraper - INFO - 调试: 评论 5877984 获取到 1 条热门吐槽, 3 条普通吐槽
2026-02-21 16:03:14,761 - scrapers.jandan_scraper - INFO - 开始解析页面中的评论
2026-02-21 16:03:14,761 - scrapers.jandan_scraper - INFO - 开始解析HTML内容, 长度: 25798
2026-02-21 16:03:14,770 - scrapers.jandan_scraper - INFO - 找到 0 条热门评论
2026-02-21 16:03:14,770 - scrapers.jandan_scraper - INFO - 解析完成，获取到 0 条评论
2026-02-21 16:03:14,770 - scrapers.jandan_scraper - INFO - 开始转换评论为统一格式
2026-02-21 16:03:14,770 - scrapers.jandan_scraper - INFO - 开始转换 0 条评论到统一格式
2026-02-21 16:03:14,770 - scrapers.jandan_scraper - INFO - 共转换 0 条评论为统一格式
2026-02-21 16:03:14,770 - scrapers.jandan_scraper - INFO - 爬取完成，共获取 0 条热评
2026-02-21 16:03:14,770 - scrapers.base_scraper - ERROR - 爬取 煎蛋网 失败
2026-02-21 16:03:14,771 - scrapers.reddit_scraper - INFO - RedditScraper初始化完成
2026-02-21 16:03:14,772 - scrapers.base_scraper - INFO - 开始爬取 Reddit
2026-02-21 16:03:14,772 - scrapers.reddit_scraper - INFO - 开始爬取Reddit r/confessions每周热门帖子
2026-02-21 16:03:17,144 - utils.http_utils - ERROR - 请求失败: https://www.reddit.com/r/confessions/top/.json?t=week&limit=10, 错误: 403 Client Error: Blocked for url: https://www.reddit.com/r/confessions/top/.json?t=week&limit=10
2026-02-21 16:03:17,145 - scrapers.reddit_scraper - ERROR - 获取API数据失败: 403 Client Error: Blocked for url: https://www.reddit.com/r/confessions/top/.json?t=week&limit=10
2026-02-21 16:03:17,145 - scrapers.base_scraper - ERROR - 爬取 Reddit 失败
2026-02-21 16:03:17,145 - scrapers.hackernews_scraper - INFO - HackerNewsScraper初始化完成
2026-02-21 16:03:17,146 - scrapers.base_scraper - INFO - 开始爬取 Hacker News
2026-02-21 16:03:17,146 - scrapers.hackernews_scraper - INFO - 开始爬取Hacker News Ask HN帖子
2026-02-21 16:03:17,146 - scrapers.hackernews_scraper - INFO - 获取Ask HN页面: https://news.ycombinator.com/ask
2026-02-21 16:03:20,127 - scrapers.hackernews_scraper - INFO - 找到 23 个帖子行
2026-02-21 16:03:20,128 - scrapers.hackernews_scraper - INFO - 成功解析故事: Ask HN: What (other) jobs do y..., 作者=penguin_booze, 点赞=4, 评论=0
2026-02-21 16:03:20,129 - scrapers.hackernews_scraper - INFO - 成功解析故事: Ask HN: What happens to all th..., 作者=givemeethekeys, 点赞=9, 评论=0
2026-02-21 16:03:20,130 - scrapers.hackernews_scraper - INFO - 成功解析故事: Ask HN: Is it worth learning V..., 作者=zekejohn, 点赞=28, 评论=0
2026-02-21 16:03:20,131 - scrapers.hackernews_scraper - INFO - 成功解析故事: Ask HN: Are hackathons still w..., 作者=kwar13, 点赞=10, 评论=0
2026-02-21 16:03:20,132 - scrapers.hackernews_scraper - INFO - 成功解析故事: Ask HN: Are you a SWE that los..., 作者=matijash, 点赞=14, 评论=0
2026-02-21 16:03:20,132 - scrapers.hackernews_scraper - INFO - 成功解析故事: Ask HN: Anyone else tired of w..., 作者=boredemployee, 点赞=30, 评论=0
2026-02-21 16:03:20,133 - scrapers.hackernews_scraper - INFO - 成功解析故事: Ask HN: Can a license make lar..., 作者=arboles, 点赞=7, 评论=0
2026-02-21 16:03:20,133 - scrapers.hackernews_scraper - INFO - 成功解析故事: Ask HN: How do you overcome im..., 作者=fdneng, 点赞=12, 评论=0
2026-02-21 16:03:20,134 - scrapers.hackernews_scraper - INFO - 成功解析故事: Ask HN: How do you motivate yo..., 作者=causal, 点赞=27, 评论=0
2026-02-21 16:03:20,135 - scrapers.hackernews_scraper - INFO - 成功解析故事: Ask HN: (Your) Request for Sta..., 作者=dontoni, 点赞=11, 评论=0
2026-02-21 16:03:20,135 - scrapers.hackernews_scraper - INFO - 成功解析故事: Ask HN: In Cursor/agents, do p..., 作者=azebazenestor, 点赞=4, 评论=0
2026-02-21 16:03:20,136 - scrapers.hackernews_scraper - INFO - 成功解析故事: Ask HN: Why are there no talks..., 作者=ElectroNomad, 点赞=8, 评论=0
2026-02-21 16:03:20,137 - scrapers.hackernews_scraper - INFO - 成功解析 12 个Ask HN故事
2026-02-21 16:03:20,137 - scrapers.hackernews_scraper - INFO - 开始转换 12 个故事到统一格式
2026-02-21 16:03:20,137 - scrapers.hackernews_scraper - INFO - 转换第 1/12 个故事: Ask HN: What (other) jobs do y...
2026-02-21 16:03:22,368 - scrapers.hackernews_scraper - INFO - 找到 4 条评论
2026-02-21 16:03:22,372 - scrapers.hackernews_scraper - INFO - 故事 Ask HN: What (other) jobs do y... 转换完成，包含 4 条评论
2026-02-21 16:03:22,372 - scrapers.hackernews_scraper - INFO - 转换第 2/12 个故事: Ask HN: What happens to all th...
2026-02-21 16:03:25,332 - scrapers.hackernews_scraper - INFO - 找到 5 条评论
2026-02-21 16:03:25,336 - scrapers.hackernews_scraper - INFO - 故事 Ask HN: What happens to all th... 转换完成，包含 5 条评论
2026-02-21 16:03:25,336 - scrapers.hackernews_scraper - INFO - 转换第 3/12 个故事: Ask HN: Is it worth learning V...
2026-02-21 16:03:26,800 - scrapers.hackernews_scraper - INFO - 找到 21 条评论
2026-02-21 16:03:26,817 - scrapers.hackernews_scraper - INFO - 故事 Ask HN: Is it worth learning V... 转换完成，包含 21 条评论
2026-02-21 16:03:26,817 - scrapers.hackernews_scraper - INFO - 转换第 4/12 个故事: Ask HN: Are hackathons still w...
2026-02-21 16:03:29,614 - scrapers.hackernews_scraper - INFO - 找到 7 条评论
2026-02-21 16:03:29,619 - scrapers.hackernews_scraper - INFO - 故事 Ask HN: Are hackathons still w... 转换完成，包含 7 条评论
2026-02-21 16:03:29,619 - scrapers.hackernews_scraper - INFO - 转换第 5/12 个故事: Ask HN: Are you a SWE that los...
2026-02-21 16:03:31,522 - scrapers.hackernews_scraper - INFO - 找到 2 条评论
2026-02-21 16:03:31,523 - scrapers.hackernews_scraper - INFO - 故事 Ask HN: Are you a SWE that los... 转换完成，包含 2 条评论
2026-02-21 16:03:31,523 - scrapers.hackernews_scraper - INFO - 转换第 6/12 个故事: Ask HN: Anyone else tired of w...
2026-02-21 16:03:33,894 - scrapers.hackernews_scraper - INFO - 找到 38 条评论
2026-02-21 16:03:33,936 - scrapers.hackernews_scraper - INFO - 故事 Ask HN: Anyone else tired of w... 转换完成，包含 38 条评论
2026-02-21 16:03:33,936 - scrapers.hackernews_scraper - INFO - 转换第 7/12 个故事: Ask HN: Can a license make lar...
2026-02-21 16:03:35,524 - scrapers.hackernews_scraper - INFO - 找到 6 条评论
2026-02-21 16:03:35,528 - scrapers.hackernews_scraper - INFO - 故事 Ask HN: Can a license make lar... 转换完成，包含 6 条评论
2026-02-21 16:03:35,528 - scrapers.hackernews_scraper - INFO - 转换第 8/12 个故事: Ask HN: How do you overcome im...
2026-02-21 16:03:37,209 - scrapers.hackernews_scraper - INFO - 找到 16 条评论
2026-02-21 16:03:37,221 - scrapers.hackernews_scraper - INFO - 故事 Ask HN: How do you overcome im... 转换完成，包含 16 条评论
2026-02-21 16:03:37,221 - scrapers.hackernews_scraper - INFO - 转换第 9/12 个故事: Ask HN: How do you motivate yo...
2026-02-21 16:03:39,470 - scrapers.hackernews_scraper - INFO - 找到 35 条评论
2026-02-21 16:03:39,506 - scrapers.hackernews_scraper - INFO - 故事 Ask HN: How do you motivate yo... 转换完成，包含 35 条评论
2026-02-21 16:03:39,506 - scrapers.hackernews_scraper - INFO - 转换第 10/12 个故事: Ask HN: (Your) Request for Sta...
2026-02-21 16:03:40,569 - scrapers.hackernews_scraper - INFO - 找到 9 条评论
2026-02-21 16:03:40,575 - scrapers.hackernews_scraper - INFO - 故事 Ask HN: (Your) Request for Sta... 转换完成，包含 9 条评论
2026-02-21 16:03:40,575 - scrapers.hackernews_scraper - INFO - 转换第 11/12 个故事: Ask HN: In Cursor/agents, do p...
2026-02-21 16:03:41,883 - scrapers.hackernews_scraper - INFO - 找到 3 条评论
2026-02-21 16:03:41,885 - scrapers.hackernews_scraper - INFO - 故事 Ask HN: In Cursor/agents, do p... 转换完成，包含 3 条评论
2026-02-21 16:03:41,885 - scrapers.hackernews_scraper - INFO - 转换第 12/12 个故事: Ask HN: Why are there no talks...
2026-02-21 16:03:43,366 - scrapers.hackernews_scraper - INFO - 找到 7 条评论
2026-02-21 16:03:43,370 - scrapers.hackernews_scraper - INFO - 故事 Ask HN: Why are there no talks... 转换完成，包含 7 条评论
2026-02-21 16:03:43,370 - scrapers.hackernews_scraper - INFO - 共转换 12 个故事为统一格式
2026-02-21 16:03:43,370 - scrapers.hackernews_scraper - INFO - 爬取完成，共获取 12 个Ask HN故事
2026-02-21 16:03:43,823 - utils.storage_utils - INFO - 已更新源索引: hackernews
2026-02-21 16:03:43,825 - utils.storage_utils - INFO - 数据已保存到 data/hackernews/week_2026-02-16.json
2026-02-21 16:03:43,826 - scrapers.base_scraper - INFO - 数据已保存到 data/hackernews/week_2026-02-16.json
2026-02-21 16:03:43,826 - scrapers.base_scraper - INFO - 成功爬取 Hacker News 的数据
2026-02-21 16:03:43,827 - __main__ - INFO - 完成: 1/3 个爬虫成功运行
2026-02-21 16:03:44,045 - __main__ - INFO - 归档所有源的旧数据
2026-02-21 16:03:44,045 - __main__ - INFO - 源 jandan 归档 无需归档
2026-02-21 16:03:44,045 - __main__ - INFO - 源 reddit 归档 无需归档
2026-02-21 16:03:44,045 - __main__ - INFO - 源 hackernews 归档 无需归档
