2025-11-21 16:02:15,972 - __main__ - INFO - 运行所有爬虫
2025-11-21 16:02:15,972 - scrapers.jandan_scraper - INFO - JandanScraper初始化完成
2025-11-21 16:02:15,973 - scrapers.base_scraper - INFO - 开始爬取 煎蛋网
2025-11-21 16:02:15,973 - scrapers.jandan_scraper - INFO - 开始爬取煎蛋热评
2025-11-21 16:02:20,217 - scrapers.jandan_scraper - INFO - 成功获取HTML内容，长度: 24786
2025-11-21 16:02:20,217 - scrapers.jandan_scraper - INFO - 调试: 手动获取评论 5877984 的吐槽数据
2025-11-21 16:02:20,217 - scrapers.jandan_scraper - INFO - 获取评论 5877984 的吐槽内容: https://jandan.net/api/tucao/list/5877984
2025-11-21 16:02:24,028 - scrapers.jandan_scraper - INFO - 评论 5877984 获取到 1 条热门吐槽, 3 条普通吐槽
2025-11-21 16:02:24,028 - scrapers.jandan_scraper - INFO - 调试: 评论 5877984 获取到 1 条热门吐槽, 3 条普通吐槽
2025-11-21 16:02:24,028 - scrapers.jandan_scraper - INFO - 开始解析页面中的评论
2025-11-21 16:02:24,028 - scrapers.jandan_scraper - INFO - 开始解析HTML内容, 长度: 24786
2025-11-21 16:02:24,037 - scrapers.jandan_scraper - INFO - 找到 0 条热门评论
2025-11-21 16:02:24,037 - scrapers.jandan_scraper - INFO - 解析完成，获取到 0 条评论
2025-11-21 16:02:24,037 - scrapers.jandan_scraper - INFO - 开始转换评论为统一格式
2025-11-21 16:02:24,037 - scrapers.jandan_scraper - INFO - 开始转换 0 条评论到统一格式
2025-11-21 16:02:24,037 - scrapers.jandan_scraper - INFO - 共转换 0 条评论为统一格式
2025-11-21 16:02:24,037 - scrapers.jandan_scraper - INFO - 爬取完成，共获取 0 条热评
2025-11-21 16:02:24,037 - scrapers.base_scraper - ERROR - 爬取 煎蛋网 失败
2025-11-21 16:02:24,037 - scrapers.reddit_scraper - INFO - RedditScraper初始化完成
2025-11-21 16:02:24,038 - scrapers.base_scraper - INFO - 开始爬取 Reddit
2025-11-21 16:02:24,039 - scrapers.reddit_scraper - INFO - 开始爬取Reddit r/confessions每周热门帖子
2025-11-21 16:02:26,002 - utils.http_utils - ERROR - 请求失败: https://www.reddit.com/r/confessions/top/.json?t=week&limit=10, 错误: 403 Client Error: Blocked for url: https://www.reddit.com/r/confessions/top/.json?t=week&limit=10
2025-11-21 16:02:26,002 - scrapers.reddit_scraper - ERROR - 获取API数据失败: 403 Client Error: Blocked for url: https://www.reddit.com/r/confessions/top/.json?t=week&limit=10
2025-11-21 16:02:26,003 - scrapers.base_scraper - ERROR - 爬取 Reddit 失败
2025-11-21 16:02:26,003 - scrapers.hackernews_scraper - INFO - HackerNewsScraper初始化完成
2025-11-21 16:02:26,003 - scrapers.base_scraper - INFO - 开始爬取 Hacker News
2025-11-21 16:02:26,003 - scrapers.hackernews_scraper - INFO - 开始爬取Hacker News Ask HN帖子
2025-11-21 16:02:26,003 - scrapers.hackernews_scraper - INFO - 获取Ask HN页面: https://news.ycombinator.com/ask
2025-11-21 16:02:29,180 - scrapers.hackernews_scraper - INFO - 找到 17 个帖子行
2025-11-21 16:02:29,181 - scrapers.hackernews_scraper - INFO - 成功解析故事: Ask HN: How are Markov chains ..., 作者=JPLeRouzic, 点赞=181, 评论=0
2025-11-21 16:02:29,182 - scrapers.hackernews_scraper - INFO - 成功解析故事: Ask HN: How would you architec..., 作者=Ftrea, 点赞=12, 评论=0
2025-11-21 16:02:29,182 - scrapers.hackernews_scraper - INFO - 成功解析故事: Ask HN: What is the current st..., 作者=jacobwilliamroy, 点赞=19, 评论=0
2025-11-21 16:02:29,183 - scrapers.hackernews_scraper - INFO - 成功解析故事: Ask HN: What is the best way t..., 作者=jacobwilliamroy, 点赞=5, 评论=0
2025-11-21 16:02:29,184 - scrapers.hackernews_scraper - INFO - 成功解析故事: Ask HN: Struggling founders, p..., 作者=vieews, 点赞=15, 评论=0
2025-11-21 16:02:29,184 - scrapers.hackernews_scraper - INFO - 成功解析故事: Ask HN: Cloud providers are lo..., 作者=clostao, 点赞=35, 评论=0
2025-11-21 16:02:29,185 - scrapers.hackernews_scraper - INFO - 成功解析故事: Ask HN: Vitalik says that QC m..., 作者=jMyles, 点赞=10, 评论=0
2025-11-21 16:02:29,185 - scrapers.hackernews_scraper - INFO - 成功解析故事: Ask HN: Have you ever seen a p..., 作者=mcdow, 点赞=9, 评论=0
2025-11-21 16:02:29,186 - scrapers.hackernews_scraper - INFO - 成功解析故事: Ask HN: What operating systems..., 作者=pixelworm, 点赞=4, 评论=0
2025-11-21 16:02:29,186 - scrapers.hackernews_scraper - INFO - 成功解析故事: Ask HN: How does one stay moti..., 作者=blutoot, 点赞=94, 评论=0
2025-11-21 16:02:29,187 - scrapers.hackernews_scraper - INFO - 成功解析 10 个Ask HN故事
2025-11-21 16:02:29,187 - scrapers.hackernews_scraper - INFO - 开始转换 10 个故事到统一格式
2025-11-21 16:02:29,187 - scrapers.hackernews_scraper - INFO - 转换第 1/10 个故事: Ask HN: How are Markov chains ...
2025-11-21 16:02:32,550 - scrapers.hackernews_scraper - INFO - 找到 153 条评论
2025-11-21 16:02:33,011 - scrapers.hackernews_scraper - INFO - 故事 Ask HN: How are Markov chains ... 转换完成，包含 100 条评论
2025-11-21 16:02:33,012 - scrapers.hackernews_scraper - INFO - 转换第 2/10 个故事: Ask HN: How would you architec...
2025-11-21 16:02:36,042 - scrapers.hackernews_scraper - INFO - 找到 3 条评论
2025-11-21 16:02:36,044 - scrapers.hackernews_scraper - INFO - 故事 Ask HN: How would you architec... 转换完成，包含 3 条评论
2025-11-21 16:02:36,044 - scrapers.hackernews_scraper - INFO - 转换第 3/10 个故事: Ask HN: What is the current st...
2025-11-21 16:02:38,444 - scrapers.hackernews_scraper - INFO - 找到 18 条评论
2025-11-21 16:02:38,457 - scrapers.hackernews_scraper - INFO - 故事 Ask HN: What is the current st... 转换完成，包含 18 条评论
2025-11-21 16:02:38,457 - scrapers.hackernews_scraper - INFO - 转换第 4/10 个故事: Ask HN: What is the best way t...
2025-11-21 16:02:40,898 - scrapers.hackernews_scraper - INFO - 找到 4 条评论
2025-11-21 16:02:40,901 - scrapers.hackernews_scraper - INFO - 故事 Ask HN: What is the best way t... 转换完成，包含 4 条评论
2025-11-21 16:02:40,901 - scrapers.hackernews_scraper - INFO - 转换第 5/10 个故事: Ask HN: Struggling founders, p...
2025-11-21 16:02:42,977 - scrapers.hackernews_scraper - INFO - 找到 12 条评论
2025-11-21 16:02:42,985 - scrapers.hackernews_scraper - INFO - 故事 Ask HN: Struggling founders, p... 转换完成，包含 12 条评论
2025-11-21 16:02:42,985 - scrapers.hackernews_scraper - INFO - 转换第 6/10 个故事: Ask HN: Cloud providers are lo...
2025-11-21 16:02:45,718 - scrapers.hackernews_scraper - INFO - 找到 26 条评论
2025-11-21 16:02:45,742 - scrapers.hackernews_scraper - INFO - 故事 Ask HN: Cloud providers are lo... 转换完成，包含 26 条评论
2025-11-21 16:02:45,742 - scrapers.hackernews_scraper - INFO - 转换第 7/10 个故事: Ask HN: Vitalik says that QC m...
2025-11-21 16:02:48,631 - scrapers.hackernews_scraper - INFO - 找到 6 条评论
2025-11-21 16:02:48,635 - scrapers.hackernews_scraper - INFO - 故事 Ask HN: Vitalik says that QC m... 转换完成，包含 6 条评论
2025-11-21 16:02:48,635 - scrapers.hackernews_scraper - INFO - 转换第 8/10 个故事: Ask HN: Have you ever seen a p...
2025-11-21 16:02:51,152 - scrapers.hackernews_scraper - INFO - 找到 13 条评论
2025-11-21 16:02:51,160 - scrapers.hackernews_scraper - INFO - 故事 Ask HN: Have you ever seen a p... 转换完成，包含 13 条评论
2025-11-21 16:02:51,161 - scrapers.hackernews_scraper - INFO - 转换第 9/10 个故事: Ask HN: What operating systems...
2025-11-21 16:02:54,232 - scrapers.hackernews_scraper - INFO - 找到 10 条评论
2025-11-21 16:02:54,239 - scrapers.hackernews_scraper - INFO - 故事 Ask HN: What operating systems... 转换完成，包含 10 条评论
2025-11-21 16:02:54,239 - scrapers.hackernews_scraper - INFO - 转换第 10/10 个故事: Ask HN: How does one stay moti...
2025-11-21 16:02:57,384 - scrapers.hackernews_scraper - INFO - 找到 111 条评论
2025-11-21 16:02:57,622 - scrapers.hackernews_scraper - INFO - 故事 Ask HN: How does one stay moti... 转换完成，包含 100 条评论
2025-11-21 16:02:57,622 - scrapers.hackernews_scraper - INFO - 共转换 10 个故事为统一格式
2025-11-21 16:02:57,622 - scrapers.hackernews_scraper - INFO - 爬取完成，共获取 10 个Ask HN故事
2025-11-21 16:02:58,137 - utils.storage_utils - INFO - 已更新源索引: hackernews
2025-11-21 16:02:58,139 - utils.storage_utils - INFO - 数据已保存到 data/hackernews/week_2025-11-17.json
2025-11-21 16:02:58,140 - scrapers.base_scraper - INFO - 数据已保存到 data/hackernews/week_2025-11-17.json
2025-11-21 16:02:58,140 - scrapers.base_scraper - INFO - 成功爬取 Hacker News 的数据
2025-11-21 16:02:58,141 - __main__ - INFO - 完成: 1/3 个爬虫成功运行
2025-11-21 16:02:58,359 - __main__ - INFO - 归档所有源的旧数据
2025-11-21 16:02:58,360 - __main__ - INFO - 源 jandan 归档 无需归档
2025-11-21 16:02:58,360 - __main__ - INFO - 源 reddit 归档 无需归档
2025-11-21 16:02:58,360 - __main__ - INFO - 源 hackernews 归档 无需归档
