2026-03-09 16:17:50,970 - __main__ - INFO - 运行所有爬虫
2026-03-09 16:17:50,970 - scrapers.jandan_scraper - INFO - JandanScraper初始化完成
2026-03-09 16:17:50,971 - scrapers.base_scraper - INFO - 开始爬取 煎蛋网
2026-03-09 16:17:50,971 - scrapers.jandan_scraper - INFO - 开始爬取煎蛋热评
2026-03-09 16:17:54,800 - scrapers.jandan_scraper - INFO - 成功获取HTML内容，长度: 27377
2026-03-09 16:17:54,800 - scrapers.jandan_scraper - INFO - 调试: 手动获取评论 5877984 的吐槽数据
2026-03-09 16:17:54,800 - scrapers.jandan_scraper - INFO - 获取评论 5877984 的吐槽内容: https://jandan.net/api/tucao/list/5877984
2026-03-09 16:17:57,528 - scrapers.jandan_scraper - INFO - 评论 5877984 获取到 1 条热门吐槽, 3 条普通吐槽
2026-03-09 16:17:57,528 - scrapers.jandan_scraper - INFO - 调试: 评论 5877984 获取到 1 条热门吐槽, 3 条普通吐槽
2026-03-09 16:17:57,528 - scrapers.jandan_scraper - INFO - 开始解析页面中的评论
2026-03-09 16:17:57,528 - scrapers.jandan_scraper - INFO - 开始解析HTML内容, 长度: 27377
2026-03-09 16:17:57,537 - scrapers.jandan_scraper - INFO - 找到 0 条热门评论
2026-03-09 16:17:57,537 - scrapers.jandan_scraper - INFO - 解析完成，获取到 0 条评论
2026-03-09 16:17:57,537 - scrapers.jandan_scraper - INFO - 开始转换评论为统一格式
2026-03-09 16:17:57,537 - scrapers.jandan_scraper - INFO - 开始转换 0 条评论到统一格式
2026-03-09 16:17:57,537 - scrapers.jandan_scraper - INFO - 共转换 0 条评论为统一格式
2026-03-09 16:17:57,537 - scrapers.jandan_scraper - INFO - 爬取完成，共获取 0 条热评
2026-03-09 16:17:57,537 - scrapers.base_scraper - ERROR - 爬取 煎蛋网 失败
2026-03-09 16:17:57,537 - scrapers.reddit_scraper - INFO - RedditScraper初始化完成
2026-03-09 16:17:57,539 - scrapers.base_scraper - INFO - 开始爬取 Reddit
2026-03-09 16:17:57,539 - scrapers.reddit_scraper - INFO - 开始爬取Reddit r/confessions每周热门帖子
2026-03-09 16:18:00,511 - utils.http_utils - ERROR - 请求失败: https://www.reddit.com/r/confessions/top/.json?t=week&limit=10, 错误: 403 Client Error: Blocked for url: https://www.reddit.com/r/confessions/top/.json?t=week&limit=10
2026-03-09 16:18:00,512 - scrapers.reddit_scraper - ERROR - 获取API数据失败: 403 Client Error: Blocked for url: https://www.reddit.com/r/confessions/top/.json?t=week&limit=10
2026-03-09 16:18:00,512 - scrapers.base_scraper - ERROR - 爬取 Reddit 失败
2026-03-09 16:18:00,512 - scrapers.hackernews_scraper - INFO - HackerNewsScraper初始化完成
2026-03-09 16:18:00,512 - scrapers.base_scraper - INFO - 开始爬取 Hacker News
2026-03-09 16:18:00,513 - scrapers.hackernews_scraper - INFO - 开始爬取Hacker News Ask HN帖子
2026-03-09 16:18:00,513 - scrapers.hackernews_scraper - INFO - 获取Ask HN页面: https://news.ycombinator.com/ask
2026-03-09 16:18:02,754 - scrapers.hackernews_scraper - INFO - 找到 30 个帖子行
2026-03-09 16:18:02,755 - scrapers.hackernews_scraper - INFO - 成功解析故事: Ask HN: What Are You Working O..., 作者=david927, 点赞=236, 评论=0
2026-03-09 16:18:02,756 - scrapers.hackernews_scraper - INFO - 成功解析故事: Ask HN: Can I repurpose a Blue..., 作者=albert_e, 点赞=5, 评论=0
2026-03-09 16:18:02,756 - scrapers.hackernews_scraper - INFO - 成功解析故事: Ask HN: Who Needs Help?..., 作者=surprisetalk, 点赞=6, 评论=0
2026-03-09 16:18:02,757 - scrapers.hackernews_scraper - INFO - 成功解析故事: Ask HN: How to be alone?..., 作者=sillysaurusx, 点赞=605, 评论=0
2026-03-09 16:18:02,758 - scrapers.hackernews_scraper - INFO - 成功解析故事: Ask HN: Are showlang and thela..., 作者=freakynit, 点赞=2, 评论=0
2026-03-09 16:18:02,758 - scrapers.hackernews_scraper - INFO - 成功解析故事: Ask HN: Please restrict new ac..., 作者=Oras, 点赞=653, 评论=0
2026-03-09 16:18:02,759 - scrapers.hackernews_scraper - INFO - 成功解析故事: Ask HN: Most beautiful persona..., 作者=ms7892, 点赞=104, 评论=0
2026-03-09 16:18:02,759 - scrapers.hackernews_scraper - INFO - 成功解析故事: Ask HN: How are you adapting y..., 作者=sarthaksaxena, 点赞=8, 评论=0
2026-03-09 16:18:02,760 - scrapers.hackernews_scraper - INFO - 成功解析故事: Ask HN: Would you use a job bo..., 作者=BelVisgarra, 点赞=55, 评论=0
2026-03-09 16:18:02,761 - scrapers.hackernews_scraper - INFO - 成功解析故事: Ask HN: What is your oldest li..., 作者=dhruv3006, 点赞=2, 评论=0
2026-03-09 16:18:02,761 - scrapers.hackernews_scraper - INFO - 成功解析故事: Ask HN: Are we going to see mo..., 作者=ronbenton, 点赞=4, 评论=0
2026-03-09 16:18:02,762 - scrapers.hackernews_scraper - INFO - 成功解析故事: Ask HN: How are you handling p..., 作者=null-phnix, 点赞=5, 评论=0
2026-03-09 16:18:02,762 - scrapers.hackernews_scraper - INFO - 成功解析故事: Ask HN: How are you monitoring..., 作者=jairooh, 点赞=4, 评论=0
2026-03-09 16:18:02,763 - scrapers.hackernews_scraper - INFO - 成功解析故事: Ask HN: Anyone else feel this ..., 作者=kypro, 点赞=53, 评论=0
2026-03-09 16:18:02,763 - scrapers.hackernews_scraper - INFO - 成功解析故事: Ask HN: Why Is Phil Wang / Luc..., 作者=vessenes, 点赞=3, 评论=0
2026-03-09 16:18:02,764 - scrapers.hackernews_scraper - INFO - 成功解析 15 个Ask HN故事
2026-03-09 16:18:02,764 - scrapers.hackernews_scraper - INFO - 开始转换 15 个故事到统一格式
2026-03-09 16:18:02,764 - scrapers.hackernews_scraper - INFO - 转换第 1/15 个故事: Ask HN: What Are You Working O...
2026-03-09 16:18:08,341 - scrapers.hackernews_scraper - INFO - 找到 843 条评论
2026-03-09 16:18:20,293 - scrapers.hackernews_scraper - INFO - 故事 Ask HN: What Are You Working O... 转换完成，包含 100 条评论
2026-03-09 16:18:20,293 - scrapers.hackernews_scraper - INFO - 转换第 2/15 个故事: Ask HN: Can I repurpose a Blue...
2026-03-09 16:18:21,711 - scrapers.hackernews_scraper - INFO - 找到 2 条评论
2026-03-09 16:18:21,712 - scrapers.hackernews_scraper - INFO - 故事 Ask HN: Can I repurpose a Blue... 转换完成，包含 2 条评论
2026-03-09 16:18:21,712 - scrapers.hackernews_scraper - INFO - 转换第 3/15 个故事: Ask HN: Who Needs Help?...
2026-03-09 16:18:23,088 - scrapers.hackernews_scraper - INFO - 找到 0 条评论
2026-03-09 16:18:23,088 - scrapers.hackernews_scraper - INFO - 故事 Ask HN: Who Needs Help?... 转换完成，包含 0 条评论
2026-03-09 16:18:23,088 - scrapers.hackernews_scraper - INFO - 转换第 4/15 个故事: Ask HN: How to be alone?...
2026-03-09 16:18:26,913 - scrapers.hackernews_scraper - INFO - 找到 479 条评论
2026-03-09 16:18:30,633 - scrapers.hackernews_scraper - INFO - 故事 Ask HN: How to be alone?... 转换完成，包含 100 条评论
2026-03-09 16:18:30,633 - scrapers.hackernews_scraper - INFO - 转换第 5/15 个故事: Ask HN: Are showlang and thela...
2026-03-09 16:18:32,545 - scrapers.hackernews_scraper - INFO - 找到 0 条评论
2026-03-09 16:18:32,545 - scrapers.hackernews_scraper - INFO - 故事 Ask HN: Are showlang and thela... 转换完成，包含 0 条评论
2026-03-09 16:18:32,545 - scrapers.hackernews_scraper - INFO - 转换第 6/15 个故事: Ask HN: Please restrict new ac...
2026-03-09 16:18:35,248 - scrapers.hackernews_scraper - INFO - 找到 466 条评论
2026-03-09 16:18:38,747 - scrapers.hackernews_scraper - INFO - 故事 Ask HN: Please restrict new ac... 转换完成，包含 100 条评论
2026-03-09 16:18:38,747 - scrapers.hackernews_scraper - INFO - 转换第 7/15 个故事: Ask HN: Most beautiful persona...
2026-03-09 16:18:39,972 - scrapers.hackernews_scraper - INFO - 找到 46 条评论
2026-03-09 16:18:40,029 - scrapers.hackernews_scraper - INFO - 故事 Ask HN: Most beautiful persona... 转换完成，包含 46 条评论
2026-03-09 16:18:40,029 - scrapers.hackernews_scraper - INFO - 转换第 8/15 个故事: Ask HN: How are you adapting y...
2026-03-09 16:18:41,790 - scrapers.hackernews_scraper - INFO - 找到 3 条评论
2026-03-09 16:18:41,792 - scrapers.hackernews_scraper - INFO - 故事 Ask HN: How are you adapting y... 转换完成，包含 3 条评论
2026-03-09 16:18:41,792 - scrapers.hackernews_scraper - INFO - 转换第 9/15 个故事: Ask HN: Would you use a job bo...
2026-03-09 16:18:44,027 - scrapers.hackernews_scraper - INFO - 找到 97 条评论
2026-03-09 16:18:44,210 - scrapers.hackernews_scraper - INFO - 故事 Ask HN: Would you use a job bo... 转换完成，包含 97 条评论
2026-03-09 16:18:44,210 - scrapers.hackernews_scraper - INFO - 转换第 10/15 个故事: Ask HN: What is your oldest li...
2026-03-09 16:18:46,054 - scrapers.hackernews_scraper - INFO - 找到 0 条评论
2026-03-09 16:18:46,055 - scrapers.hackernews_scraper - INFO - 故事 Ask HN: What is your oldest li... 转换完成，包含 0 条评论
2026-03-09 16:18:46,055 - scrapers.hackernews_scraper - INFO - 转换第 11/15 个故事: Ask HN: Are we going to see mo...
2026-03-09 16:18:48,633 - scrapers.hackernews_scraper - INFO - 找到 6 条评论
2026-03-09 16:18:48,637 - scrapers.hackernews_scraper - INFO - 故事 Ask HN: Are we going to see mo... 转换完成，包含 6 条评论
2026-03-09 16:18:48,637 - scrapers.hackernews_scraper - INFO - 转换第 12/15 个故事: Ask HN: How are you handling p...
2026-03-09 16:18:49,733 - scrapers.hackernews_scraper - INFO - 找到 0 条评论
2026-03-09 16:18:49,733 - scrapers.hackernews_scraper - INFO - 故事 Ask HN: How are you handling p... 转换完成，包含 0 条评论
2026-03-09 16:18:49,733 - scrapers.hackernews_scraper - INFO - 转换第 13/15 个故事: Ask HN: How are you monitoring...
2026-03-09 16:18:51,066 - scrapers.hackernews_scraper - INFO - 找到 3 条评论
2026-03-09 16:18:51,068 - scrapers.hackernews_scraper - INFO - 故事 Ask HN: How are you monitoring... 转换完成，包含 3 条评论
2026-03-09 16:18:51,068 - scrapers.hackernews_scraper - INFO - 转换第 14/15 个故事: Ask HN: Anyone else feel this ...
2026-03-09 16:18:52,610 - scrapers.hackernews_scraper - INFO - 找到 29 条评论
2026-03-09 16:18:52,638 - scrapers.hackernews_scraper - INFO - 故事 Ask HN: Anyone else feel this ... 转换完成，包含 29 条评论
2026-03-09 16:18:52,638 - scrapers.hackernews_scraper - INFO - 转换第 15/15 个故事: Ask HN: Why Is Phil Wang / Luc...
2026-03-09 16:18:53,895 - scrapers.hackernews_scraper - INFO - 找到 3 条评论
2026-03-09 16:18:53,896 - scrapers.hackernews_scraper - INFO - 故事 Ask HN: Why Is Phil Wang / Luc... 转换完成，包含 3 条评论
2026-03-09 16:18:53,897 - scrapers.hackernews_scraper - INFO - 共转换 15 个故事为统一格式
2026-03-09 16:18:53,897 - scrapers.hackernews_scraper - INFO - 爬取完成，共获取 15 个Ask HN故事
2026-03-09 16:18:54,290 - utils.storage_utils - INFO - 已更新源索引: hackernews
2026-03-09 16:18:54,292 - utils.storage_utils - INFO - 数据已保存到 data/hackernews/week_2026-03-09.json
2026-03-09 16:18:54,292 - scrapers.base_scraper - INFO - 数据已保存到 data/hackernews/week_2026-03-09.json
2026-03-09 16:18:54,292 - scrapers.base_scraper - INFO - 成功爬取 Hacker News 的数据
2026-03-09 16:18:54,293 - __main__ - INFO - 完成: 1/3 个爬虫成功运行
2026-03-09 16:18:54,520 - __main__ - INFO - 归档所有源的旧数据
2026-03-09 16:18:54,520 - __main__ - INFO - 源 jandan 归档 无需归档
2026-03-09 16:18:54,520 - __main__ - INFO - 源 reddit 归档 无需归档
2026-03-09 16:18:54,520 - utils.storage_utils - INFO - 已将 week_2025-12-15.json 归档
2026-03-09 16:18:54,521 - __main__ - INFO - 源 hackernews 归档 成功
