2026-06-08 17:02:47,524 - __main__ - INFO - 运行所有爬虫
2026-06-08 17:02:47,524 - scrapers.jandan_scraper - INFO - JandanScraper初始化完成
2026-06-08 17:02:47,524 - scrapers.base_scraper - INFO - 开始爬取 煎蛋网
2026-06-08 17:02:47,524 - scrapers.jandan_scraper - INFO - 开始爬取煎蛋热评
2026-06-08 17:02:50,063 - scrapers.jandan_scraper - INFO - 成功获取HTML内容，长度: 27824
2026-06-08 17:02:50,063 - scrapers.jandan_scraper - INFO - 调试: 手动获取评论 5877984 的吐槽数据
2026-06-08 17:02:50,063 - scrapers.jandan_scraper - INFO - 获取评论 5877984 的吐槽内容: https://jandan.net/api/tucao/list/5877984
2026-06-08 17:02:53,005 - scrapers.jandan_scraper - INFO - 评论 5877984 获取到 1 条热门吐槽, 3 条普通吐槽
2026-06-08 17:02:53,005 - scrapers.jandan_scraper - INFO - 调试: 评论 5877984 获取到 1 条热门吐槽, 3 条普通吐槽
2026-06-08 17:02:53,005 - scrapers.jandan_scraper - INFO - 开始解析页面中的评论
2026-06-08 17:02:53,005 - scrapers.jandan_scraper - INFO - 开始解析HTML内容, 长度: 27824
2026-06-08 17:02:53,013 - scrapers.jandan_scraper - INFO - 找到 0 条热门评论
2026-06-08 17:02:53,013 - scrapers.jandan_scraper - INFO - 解析完成，获取到 0 条评论
2026-06-08 17:02:53,013 - scrapers.jandan_scraper - INFO - 开始转换评论为统一格式
2026-06-08 17:02:53,013 - scrapers.jandan_scraper - INFO - 开始转换 0 条评论到统一格式
2026-06-08 17:02:53,013 - scrapers.jandan_scraper - INFO - 共转换 0 条评论为统一格式
2026-06-08 17:02:53,013 - scrapers.jandan_scraper - INFO - 爬取完成，共获取 0 条热评
2026-06-08 17:02:53,014 - scrapers.base_scraper - ERROR - 爬取 煎蛋网 失败
2026-06-08 17:02:53,014 - scrapers.reddit_scraper - INFO - RedditScraper初始化完成
2026-06-08 17:02:53,015 - scrapers.base_scraper - INFO - 开始爬取 Reddit
2026-06-08 17:02:53,015 - scrapers.reddit_scraper - INFO - 开始爬取Reddit r/confessions每周热门帖子
2026-06-08 17:02:54,426 - utils.http_utils - ERROR - 请求失败: https://www.reddit.com/r/confessions/top/.json?t=week&limit=10, 错误: 403 Client Error: Blocked for url: https://www.reddit.com/r/confessions/top/.json?t=week&limit=10
2026-06-08 17:02:54,427 - scrapers.reddit_scraper - ERROR - 获取API数据失败: 403 Client Error: Blocked for url: https://www.reddit.com/r/confessions/top/.json?t=week&limit=10
2026-06-08 17:02:54,427 - scrapers.base_scraper - ERROR - 爬取 Reddit 失败
2026-06-08 17:02:54,428 - scrapers.hackernews_scraper - INFO - HackerNewsScraper初始化完成
2026-06-08 17:02:54,428 - scrapers.base_scraper - INFO - 开始爬取 Hacker News
2026-06-08 17:02:54,428 - scrapers.hackernews_scraper - INFO - 开始爬取Hacker News Ask HN帖子
2026-06-08 17:02:54,428 - scrapers.hackernews_scraper - INFO - 获取Ask HN页面: https://news.ycombinator.com/ask
2026-06-08 17:02:56,231 - scrapers.hackernews_scraper - INFO - 找到 30 个帖子行
2026-06-08 17:02:56,233 - scrapers.hackernews_scraper - INFO - 成功解析故事: Ask HN: What was your "oh shit..., 作者=andrehacker, 点赞=721, 评论=0
2026-06-08 17:02:56,234 - scrapers.hackernews_scraper - INFO - 成功解析故事: Ask HN: Open-Source Software i..., 作者=lightedman, 点赞=5, 评论=0
2026-06-08 17:02:56,234 - scrapers.hackernews_scraper - INFO - 成功解析故事: Ask HN: What is the AI setup f..., 作者=postexitus, 点赞=4, 评论=0
2026-06-08 17:02:56,235 - scrapers.hackernews_scraper - INFO - 成功解析故事: Ask HN: Why is the HN crowd so..., 作者=Ekami, 点赞=452, 评论=0
2026-06-08 17:02:56,235 - scrapers.hackernews_scraper - INFO - 成功解析故事: Ask HN: What is the AI setup f..., 作者=postexitus, 点赞=5, 评论=0
2026-06-08 17:02:56,236 - scrapers.hackernews_scraper - INFO - 成功解析故事: Ask HN: So what happened to Fa..., 作者=juliusceasar, 点赞=106, 评论=0
2026-06-08 17:02:56,236 - scrapers.hackernews_scraper - INFO - 成功解析故事: Ask HN: How are thinking effor..., 作者=simianwords, 点赞=26, 评论=0
2026-06-08 17:02:56,237 - scrapers.hackernews_scraper - INFO - 成功解析故事: Ask HN: What is your (AI) dev ..., 作者=dv35z, 点赞=161, 评论=0
2026-06-08 17:02:56,238 - scrapers.hackernews_scraper - INFO - 成功解析故事: Ask HN: How do you stay focuse..., 作者=infoinlet, 点赞=6, 评论=0
2026-06-08 17:02:56,238 - scrapers.hackernews_scraper - INFO - 成功解析故事: Ask HN: How do you find deep t..., 作者=f311a, 点赞=38, 评论=0
2026-06-08 17:02:56,239 - scrapers.hackernews_scraper - INFO - 成功解析故事: Ask HN: Job market for SDMs/En..., 作者=ed_balls, 点赞=5, 评论=0
2026-06-08 17:02:56,239 - scrapers.hackernews_scraper - INFO - 成功解析故事: Ask HN: I made an image waterm..., 作者=minimaxir, 点赞=3, 评论=0
2026-06-08 17:02:56,240 - scrapers.hackernews_scraper - INFO - 成功解析故事: Ask HN: Gin rummy strategies..., 作者=bix6, 点赞=24, 评论=0
2026-06-08 17:02:56,240 - scrapers.hackernews_scraper - INFO - 成功解析故事: Ask HN: How to get my contact ..., 作者=kaycebasques, 点赞=9, 评论=0
2026-06-08 17:02:56,241 - scrapers.hackernews_scraper - INFO - 成功解析故事: Ask HN: Is the web for machine..., 作者=sunshine-o, 点赞=36, 评论=0
2026-06-08 17:02:56,241 - scrapers.hackernews_scraper - INFO - 成功解析 15 个Ask HN故事
2026-06-08 17:02:56,241 - scrapers.hackernews_scraper - INFO - 开始转换 15 个故事到统一格式
2026-06-08 17:02:56,241 - scrapers.hackernews_scraper - INFO - 转换第 1/15 个故事: Ask HN: What was your "oh shit...
2026-06-08 17:03:01,274 - scrapers.hackernews_scraper - INFO - 找到 1100 条评论
2026-06-08 17:03:21,518 - scrapers.hackernews_scraper - INFO - 故事 Ask HN: What was your "oh shit... 转换完成，包含 100 条评论
2026-06-08 17:03:21,518 - scrapers.hackernews_scraper - INFO - 转换第 2/15 个故事: Ask HN: Open-Source Software i...
2026-06-08 17:03:23,642 - utils.http_utils - ERROR - 请求失败: https://news.ycombinator.com/item?id=48445113, 错误: 429 Client Error: Too Many Requests for url: https://news.ycombinator.com/item?id=48445113
2026-06-08 17:03:23,642 - scrapers.hackernews_scraper - ERROR - 获取故事详情失败: 48445113
2026-06-08 17:03:26,022 - utils.http_utils - ERROR - 请求失败: https://news.ycombinator.com/item?id=48445113, 错误: 429 Client Error: Too Many Requests for url: https://news.ycombinator.com/item?id=48445113
2026-06-08 17:03:26,022 - scrapers.hackernews_scraper - ERROR - 获取故事详情失败: 48445113
2026-06-08 17:03:26,022 - scrapers.hackernews_scraper - INFO - 故事 Ask HN: Open-Source Software i... 转换完成，包含 0 条评论
2026-06-08 17:03:26,022 - scrapers.hackernews_scraper - INFO - 转换第 3/15 个故事: Ask HN: What is the AI setup f...
2026-06-08 17:03:27,912 - utils.http_utils - ERROR - 请求失败: https://news.ycombinator.com/item?id=48445024, 错误: 429 Client Error: Too Many Requests for url: https://news.ycombinator.com/item?id=48445024
2026-06-08 17:03:27,912 - scrapers.hackernews_scraper - ERROR - 获取故事详情失败: 48445024
2026-06-08 17:03:29,610 - utils.http_utils - ERROR - 请求失败: https://news.ycombinator.com/item?id=48445024, 错误: 429 Client Error: Too Many Requests for url: https://news.ycombinator.com/item?id=48445024
2026-06-08 17:03:29,610 - scrapers.hackernews_scraper - ERROR - 获取故事详情失败: 48445024
2026-06-08 17:03:29,610 - scrapers.hackernews_scraper - INFO - 故事 Ask HN: What is the AI setup f... 转换完成，包含 0 条评论
2026-06-08 17:03:29,610 - scrapers.hackernews_scraper - INFO - 转换第 4/15 个故事: Ask HN: Why is the HN crowd so...
2026-06-08 17:03:33,136 - scrapers.hackernews_scraper - INFO - 找到 750 条评论
2026-06-08 17:03:42,880 - scrapers.hackernews_scraper - INFO - 故事 Ask HN: Why is the HN crowd so... 转换完成，包含 100 条评论
2026-06-08 17:03:42,880 - scrapers.hackernews_scraper - INFO - 转换第 5/15 个故事: Ask HN: What is the AI setup f...
2026-06-08 17:03:44,408 - utils.http_utils - ERROR - 请求失败: https://news.ycombinator.com/item?id=48443152, 错误: 429 Client Error: Too Many Requests for url: https://news.ycombinator.com/item?id=48443152
2026-06-08 17:03:44,408 - scrapers.hackernews_scraper - ERROR - 获取故事详情失败: 48443152
2026-06-08 17:03:47,023 - utils.http_utils - ERROR - 请求失败: https://news.ycombinator.com/item?id=48443152, 错误: 429 Client Error: Too Many Requests for url: https://news.ycombinator.com/item?id=48443152
2026-06-08 17:03:47,023 - scrapers.hackernews_scraper - ERROR - 获取故事详情失败: 48443152
2026-06-08 17:03:47,024 - scrapers.hackernews_scraper - INFO - 故事 Ask HN: What is the AI setup f... 转换完成，包含 0 条评论
2026-06-08 17:03:47,024 - scrapers.hackernews_scraper - INFO - 转换第 6/15 个故事: Ask HN: So what happened to Fa...
2026-06-08 17:03:49,313 - utils.http_utils - ERROR - 请求失败: https://news.ycombinator.com/item?id=48397731, 错误: 429 Client Error: Too Many Requests for url: https://news.ycombinator.com/item?id=48397731
2026-06-08 17:03:49,313 - scrapers.hackernews_scraper - ERROR - 获取故事详情失败: 48397731
2026-06-08 17:03:50,973 - utils.http_utils - ERROR - 请求失败: https://news.ycombinator.com/item?id=48397731, 错误: 429 Client Error: Too Many Requests for url: https://news.ycombinator.com/item?id=48397731
2026-06-08 17:03:50,973 - scrapers.hackernews_scraper - ERROR - 获取故事详情失败: 48397731
2026-06-08 17:03:50,973 - scrapers.hackernews_scraper - INFO - 故事 Ask HN: So what happened to Fa... 转换完成，包含 0 条评论
2026-06-08 17:03:50,973 - scrapers.hackernews_scraper - INFO - 转换第 7/15 个故事: Ask HN: How are thinking effor...
2026-06-08 17:03:53,915 - utils.http_utils - ERROR - 请求失败: https://news.ycombinator.com/item?id=48434240, 错误: 429 Client Error: Too Many Requests for url: https://news.ycombinator.com/item?id=48434240
2026-06-08 17:03:53,916 - scrapers.hackernews_scraper - ERROR - 获取故事详情失败: 48434240
2026-06-08 17:03:56,894 - utils.http_utils - ERROR - 请求失败: https://news.ycombinator.com/item?id=48434240, 错误: 429 Client Error: Too Many Requests for url: https://news.ycombinator.com/item?id=48434240
2026-06-08 17:03:56,895 - scrapers.hackernews_scraper - ERROR - 获取故事详情失败: 48434240
2026-06-08 17:03:56,895 - scrapers.hackernews_scraper - INFO - 故事 Ask HN: How are thinking effor... 转换完成，包含 0 条评论
2026-06-08 17:03:56,895 - scrapers.hackernews_scraper - INFO - 转换第 8/15 个故事: Ask HN: What is your (AI) dev ...
2026-06-08 17:03:58,654 - utils.http_utils - ERROR - 请求失败: https://news.ycombinator.com/item?id=48413629, 错误: 429 Client Error: Too Many Requests for url: https://news.ycombinator.com/item?id=48413629
2026-06-08 17:03:58,654 - scrapers.hackernews_scraper - ERROR - 获取故事详情失败: 48413629
2026-06-08 17:04:01,638 - utils.http_utils - ERROR - 请求失败: https://news.ycombinator.com/item?id=48413629, 错误: 429 Client Error: Too Many Requests for url: https://news.ycombinator.com/item?id=48413629
2026-06-08 17:04:01,639 - scrapers.hackernews_scraper - ERROR - 获取故事详情失败: 48413629
2026-06-08 17:04:01,639 - scrapers.hackernews_scraper - INFO - 故事 Ask HN: What is your (AI) dev ... 转换完成，包含 0 条评论
2026-06-08 17:04:01,639 - scrapers.hackernews_scraper - INFO - 转换第 9/15 个故事: Ask HN: How do you stay focuse...
2026-06-08 17:04:02,732 - scrapers.hackernews_scraper - INFO - 找到 11 条评论
2026-06-08 17:04:02,739 - scrapers.hackernews_scraper - INFO - 故事 Ask HN: How do you stay focuse... 转换完成，包含 11 条评论
2026-06-08 17:04:02,739 - scrapers.hackernews_scraper - INFO - 转换第 10/15 个故事: Ask HN: How do you find deep t...
2026-06-08 17:04:03,829 - utils.http_utils - ERROR - 请求失败: https://news.ycombinator.com/item?id=48397634, 错误: 429 Client Error: Too Many Requests for url: https://news.ycombinator.com/item?id=48397634
2026-06-08 17:04:03,829 - scrapers.hackernews_scraper - ERROR - 获取故事详情失败: 48397634
2026-06-08 17:04:04,855 - utils.http_utils - ERROR - 请求失败: https://news.ycombinator.com/item?id=48397634, 错误: 429 Client Error: Too Many Requests for url: https://news.ycombinator.com/item?id=48397634
2026-06-08 17:04:04,855 - scrapers.hackernews_scraper - ERROR - 获取故事详情失败: 48397634
2026-06-08 17:04:04,855 - scrapers.hackernews_scraper - INFO - 故事 Ask HN: How do you find deep t... 转换完成，包含 0 条评论
2026-06-08 17:04:04,855 - scrapers.hackernews_scraper - INFO - 转换第 11/15 个故事: Ask HN: Job market for SDMs/En...
2026-06-08 17:04:07,301 - scrapers.hackernews_scraper - INFO - 找到 1 条评论
2026-06-08 17:04:07,301 - scrapers.hackernews_scraper - INFO - 故事 Ask HN: Job market for SDMs/En... 转换完成，包含 1 条评论
2026-06-08 17:04:07,301 - scrapers.hackernews_scraper - INFO - 转换第 12/15 个故事: Ask HN: I made an image waterm...
2026-06-08 17:04:09,124 - utils.http_utils - ERROR - 请求失败: https://news.ycombinator.com/item?id=48438005, 错误: 429 Client Error: Too Many Requests for url: https://news.ycombinator.com/item?id=48438005
2026-06-08 17:04:09,124 - scrapers.hackernews_scraper - ERROR - 获取故事详情失败: 48438005
2026-06-08 17:04:11,884 - utils.http_utils - ERROR - 请求失败: https://news.ycombinator.com/item?id=48438005, 错误: 429 Client Error: Too Many Requests for url: https://news.ycombinator.com/item?id=48438005
2026-06-08 17:04:11,884 - scrapers.hackernews_scraper - ERROR - 获取故事详情失败: 48438005
2026-06-08 17:04:11,884 - scrapers.hackernews_scraper - INFO - 故事 Ask HN: I made an image waterm... 转换完成，包含 0 条评论
2026-06-08 17:04:11,884 - scrapers.hackernews_scraper - INFO - 转换第 13/15 个故事: Ask HN: Gin rummy strategies...
2026-06-08 17:04:13,978 - utils.http_utils - ERROR - 请求失败: https://news.ycombinator.com/item?id=48398358, 错误: 429 Client Error: Too Many Requests for url: https://news.ycombinator.com/item?id=48398358
2026-06-08 17:04:13,978 - scrapers.hackernews_scraper - ERROR - 获取故事详情失败: 48398358
2026-06-08 17:04:15,150 - utils.http_utils - ERROR - 请求失败: https://news.ycombinator.com/item?id=48398358, 错误: 429 Client Error: Too Many Requests for url: https://news.ycombinator.com/item?id=48398358
2026-06-08 17:04:15,150 - scrapers.hackernews_scraper - ERROR - 获取故事详情失败: 48398358
2026-06-08 17:04:15,150 - scrapers.hackernews_scraper - INFO - 故事 Ask HN: Gin rummy strategies... 转换完成，包含 0 条评论
2026-06-08 17:04:15,150 - scrapers.hackernews_scraper - INFO - 转换第 14/15 个故事: Ask HN: How to get my contact ...
2026-06-08 17:04:16,417 - scrapers.hackernews_scraper - INFO - 找到 3 条评论
2026-06-08 17:04:16,419 - scrapers.hackernews_scraper - INFO - 故事 Ask HN: How to get my contact ... 转换完成，包含 3 条评论
2026-06-08 17:04:16,419 - scrapers.hackernews_scraper - INFO - 转换第 15/15 个故事: Ask HN: Is the web for machine...
2026-06-08 17:04:17,644 - utils.http_utils - ERROR - 请求失败: https://news.ycombinator.com/item?id=48410589, 错误: 429 Client Error: Too Many Requests for url: https://news.ycombinator.com/item?id=48410589
2026-06-08 17:04:17,644 - scrapers.hackernews_scraper - ERROR - 获取故事详情失败: 48410589
2026-06-08 17:04:19,730 - utils.http_utils - ERROR - 请求失败: https://news.ycombinator.com/item?id=48410589, 错误: 429 Client Error: Too Many Requests for url: https://news.ycombinator.com/item?id=48410589
2026-06-08 17:04:19,730 - scrapers.hackernews_scraper - ERROR - 获取故事详情失败: 48410589
2026-06-08 17:04:19,730 - scrapers.hackernews_scraper - INFO - 故事 Ask HN: Is the web for machine... 转换完成，包含 0 条评论
2026-06-08 17:04:19,731 - scrapers.hackernews_scraper - INFO - 共转换 15 个故事为统一格式
2026-06-08 17:04:19,731 - scrapers.hackernews_scraper - INFO - 爬取完成，共获取 15 个Ask HN故事
2026-06-08 17:04:19,941 - utils.storage_utils - INFO - 已更新源索引: hackernews
2026-06-08 17:04:19,942 - utils.storage_utils - INFO - 数据已保存到 data/hackernews/week_2026-06-08.json
2026-06-08 17:04:19,943 - scrapers.base_scraper - INFO - 数据已保存到 data/hackernews/week_2026-06-08.json
2026-06-08 17:04:19,943 - scrapers.base_scraper - INFO - 成功爬取 Hacker News 的数据
2026-06-08 17:04:19,943 - __main__ - INFO - 完成: 1/3 个爬虫成功运行
2026-06-08 17:04:20,141 - __main__ - INFO - 归档所有源的旧数据
2026-06-08 17:04:20,142 - __main__ - INFO - 源 jandan 归档 无需归档
2026-06-08 17:04:20,142 - __main__ - INFO - 源 reddit 归档 无需归档
2026-06-08 17:04:20,142 - utils.storage_utils - INFO - 已将 week_2026-03-16.json 归档
2026-06-08 17:04:20,142 - __main__ - INFO - 源 hackernews 归档 成功
