2025-09-12 16:02:15,037 - __main__ - INFO - 运行所有爬虫
2025-09-12 16:02:15,037 - scrapers.jandan_scraper - INFO - JandanScraper初始化完成
2025-09-12 16:02:15,038 - scrapers.base_scraper - INFO - 开始爬取 煎蛋网
2025-09-12 16:02:15,038 - scrapers.jandan_scraper - INFO - 开始爬取煎蛋热评
2025-09-12 16:02:19,515 - scrapers.jandan_scraper - INFO - 成功获取HTML内容，长度: 24792
2025-09-12 16:02:19,515 - scrapers.jandan_scraper - INFO - 调试: 手动获取评论 5877984 的吐槽数据
2025-09-12 16:02:19,515 - scrapers.jandan_scraper - INFO - 获取评论 5877984 的吐槽内容: https://jandan.net/api/tucao/list/5877984
2025-09-12 16:02:22,123 - scrapers.jandan_scraper - INFO - 评论 5877984 获取到 1 条热门吐槽, 3 条普通吐槽
2025-09-12 16:02:22,123 - scrapers.jandan_scraper - INFO - 调试: 评论 5877984 获取到 1 条热门吐槽, 3 条普通吐槽
2025-09-12 16:02:22,123 - scrapers.jandan_scraper - INFO - 开始解析页面中的评论
2025-09-12 16:02:22,123 - scrapers.jandan_scraper - INFO - 开始解析HTML内容, 长度: 24792
2025-09-12 16:02:22,132 - scrapers.jandan_scraper - INFO - 找到 0 条热门评论
2025-09-12 16:02:22,132 - scrapers.jandan_scraper - INFO - 解析完成，获取到 0 条评论
2025-09-12 16:02:22,132 - scrapers.jandan_scraper - INFO - 开始转换评论为统一格式
2025-09-12 16:02:22,132 - scrapers.jandan_scraper - INFO - 开始转换 0 条评论到统一格式
2025-09-12 16:02:22,132 - scrapers.jandan_scraper - INFO - 共转换 0 条评论为统一格式
2025-09-12 16:02:22,132 - scrapers.jandan_scraper - INFO - 爬取完成，共获取 0 条热评
2025-09-12 16:02:22,132 - scrapers.base_scraper - ERROR - 爬取 煎蛋网 失败
2025-09-12 16:02:22,132 - scrapers.reddit_scraper - INFO - RedditScraper初始化完成
2025-09-12 16:02:22,133 - scrapers.base_scraper - INFO - 开始爬取 Reddit
2025-09-12 16:02:22,134 - scrapers.reddit_scraper - INFO - 开始爬取Reddit r/confessions每周热门帖子
2025-09-12 16:02:23,632 - utils.http_utils - ERROR - 请求失败: https://www.reddit.com/r/confessions/top/.json?t=week&limit=10, 错误: 403 Client Error: Blocked for url: https://www.reddit.com/r/confessions/top/.json?t=week&limit=10
2025-09-12 16:02:23,633 - scrapers.reddit_scraper - ERROR - 获取API数据失败: 403 Client Error: Blocked for url: https://www.reddit.com/r/confessions/top/.json?t=week&limit=10
2025-09-12 16:02:23,633 - scrapers.base_scraper - ERROR - 爬取 Reddit 失败
2025-09-12 16:02:23,634 - scrapers.hackernews_scraper - INFO - HackerNewsScraper初始化完成
2025-09-12 16:02:23,634 - scrapers.base_scraper - INFO - 开始爬取 Hacker News
2025-09-12 16:02:23,634 - scrapers.hackernews_scraper - INFO - 开始爬取Hacker News Ask HN帖子
2025-09-12 16:02:23,634 - scrapers.hackernews_scraper - INFO - 获取Ask HN页面: https://news.ycombinator.com/ask
2025-09-12 16:02:25,190 - scrapers.hackernews_scraper - INFO - 找到 16 个帖子行
2025-09-12 16:02:25,192 - scrapers.hackernews_scraper - INFO - 成功解析故事: Ask HN: What do you recommend ..., 作者=vrm, 点赞=3, 评论=0
2025-09-12 16:02:25,192 - scrapers.hackernews_scraper - INFO - 成功解析故事: Ask HN: How to make computer b..., 作者=imvetri, 点赞=2, 评论=0
2025-09-12 16:02:25,193 - scrapers.hackernews_scraper - INFO - 成功解析故事: Ask HN: Why is enrolling in Ap..., 作者=thomas_witt, 点赞=8, 评论=0
2025-09-12 16:02:25,194 - scrapers.hackernews_scraper - INFO - 成功解析故事: Ask HN: Good resources for DIY..., 作者=xrd, 点赞=29, 评论=0
2025-09-12 16:02:25,194 - scrapers.hackernews_scraper - INFO - 成功解析故事: Ask HN: What's a modern altern..., 作者=ivarojha, 点赞=5, 评论=0
2025-09-12 16:02:25,195 - scrapers.hackernews_scraper - INFO - 成功解析故事: Ask HN: How do you stay on top..., 作者=just_human, 点赞=8, 评论=0
2025-09-12 16:02:25,196 - scrapers.hackernews_scraper - INFO - 成功解析故事: Ask HN: Is MSFT hotmail down f..., 作者=markus_zhang, 点赞=2, 评论=0
2025-09-12 16:02:25,196 - scrapers.hackernews_scraper - INFO - 成功解析故事: Ask HN: Who wants to be hired?..., 作者=whoishiring, 点赞=123, 评论=0
2025-09-12 16:02:25,197 - scrapers.hackernews_scraper - INFO - 成功解析故事: Ask HN: Looking for headless C..., 作者=rakshithbellare, 点赞=83, 评论=0
2025-09-12 16:02:25,198 - scrapers.hackernews_scraper - INFO - 成功解析故事: Ask HN: Who is hiring? (Septem..., 作者=whoishiring, 点赞=265, 评论=0
2025-09-12 16:02:25,198 - scrapers.hackernews_scraper - INFO - 成功解析 10 个Ask HN故事
2025-09-12 16:02:25,198 - scrapers.hackernews_scraper - INFO - 开始转换 10 个故事到统一格式
2025-09-12 16:02:25,198 - scrapers.hackernews_scraper - INFO - 转换第 1/10 个故事: Ask HN: What do you recommend ...
2025-09-12 16:02:27,672 - scrapers.hackernews_scraper - INFO - 找到 0 条评论
2025-09-12 16:02:27,672 - scrapers.hackernews_scraper - INFO - 故事 Ask HN: What do you recommend ... 转换完成，包含 0 条评论
2025-09-12 16:02:27,672 - scrapers.hackernews_scraper - INFO - 转换第 2/10 个故事: Ask HN: How to make computer b...
2025-09-12 16:02:29,812 - scrapers.hackernews_scraper - INFO - 找到 6 条评论
2025-09-12 16:02:29,817 - scrapers.hackernews_scraper - INFO - 故事 Ask HN: How to make computer b... 转换完成，包含 6 条评论
2025-09-12 16:02:29,817 - scrapers.hackernews_scraper - INFO - 转换第 3/10 个故事: Ask HN: Why is enrolling in Ap...
2025-09-12 16:02:31,605 - scrapers.hackernews_scraper - INFO - 找到 4 条评论
2025-09-12 16:02:31,607 - scrapers.hackernews_scraper - INFO - 故事 Ask HN: Why is enrolling in Ap... 转换完成，包含 4 条评论
2025-09-12 16:02:31,608 - scrapers.hackernews_scraper - INFO - 转换第 4/10 个故事: Ask HN: Good resources for DIY...
2025-09-12 16:02:34,307 - scrapers.hackernews_scraper - INFO - 找到 8 条评论
2025-09-12 16:02:34,312 - scrapers.hackernews_scraper - INFO - 故事 Ask HN: Good resources for DIY... 转换完成，包含 8 条评论
2025-09-12 16:02:34,312 - scrapers.hackernews_scraper - INFO - 转换第 5/10 个故事: Ask HN: What's a modern altern...
2025-09-12 16:02:36,932 - scrapers.hackernews_scraper - INFO - 找到 6 条评论
2025-09-12 16:02:36,936 - scrapers.hackernews_scraper - INFO - 故事 Ask HN: What's a modern altern... 转换完成，包含 6 条评论
2025-09-12 16:02:36,937 - scrapers.hackernews_scraper - INFO - 转换第 6/10 个故事: Ask HN: How do you stay on top...
2025-09-12 16:02:38,403 - scrapers.hackernews_scraper - INFO - 找到 7 条评论
2025-09-12 16:02:38,409 - scrapers.hackernews_scraper - INFO - 故事 Ask HN: How do you stay on top... 转换完成，包含 7 条评论
2025-09-12 16:02:38,409 - scrapers.hackernews_scraper - INFO - 转换第 7/10 个故事: Ask HN: Is MSFT hotmail down f...
2025-09-12 16:02:40,330 - scrapers.hackernews_scraper - INFO - 找到 3 条评论
2025-09-12 16:02:40,332 - scrapers.hackernews_scraper - INFO - 故事 Ask HN: Is MSFT hotmail down f... 转换完成，包含 3 条评论
2025-09-12 16:02:40,333 - scrapers.hackernews_scraper - INFO - 转换第 8/10 个故事: Ask HN: Who wants to be hired?...
2025-09-12 16:02:43,870 - scrapers.hackernews_scraper - INFO - 找到 381 条评论
2025-09-12 16:02:47,699 - scrapers.hackernews_scraper - INFO - 故事 Ask HN: Who wants to be hired?... 转换完成，包含 100 条评论
2025-09-12 16:02:47,699 - scrapers.hackernews_scraper - INFO - 转换第 9/10 个故事: Ask HN: Looking for headless C...
2025-09-12 16:02:50,370 - scrapers.hackernews_scraper - INFO - 找到 89 条评论
2025-09-12 16:02:50,564 - scrapers.hackernews_scraper - INFO - 故事 Ask HN: Looking for headless C... 转换完成，包含 89 条评论
2025-09-12 16:02:50,564 - scrapers.hackernews_scraper - INFO - 转换第 10/10 个故事: Ask HN: Who is hiring? (Septem...
2025-09-12 16:02:55,214 - scrapers.hackernews_scraper - INFO - 找到 446 条评论
2025-09-12 16:03:00,537 - scrapers.hackernews_scraper - INFO - 故事 Ask HN: Who is hiring? (Septem... 转换完成，包含 100 条评论
2025-09-12 16:03:00,538 - scrapers.hackernews_scraper - INFO - 共转换 10 个故事为统一格式
2025-09-12 16:03:00,538 - scrapers.hackernews_scraper - INFO - 爬取完成，共获取 10 个Ask HN故事
2025-09-12 16:03:01,144 - utils.storage_utils - INFO - 已更新源索引: hackernews
2025-09-12 16:03:01,146 - utils.storage_utils - INFO - 数据已保存到 data/hackernews/week_2025-09-08.json
2025-09-12 16:03:01,148 - scrapers.base_scraper - INFO - 数据已保存到 data/hackernews/week_2025-09-08.json
2025-09-12 16:03:01,148 - scrapers.base_scraper - INFO - 成功爬取 Hacker News 的数据
2025-09-12 16:03:01,149 - __main__ - INFO - 完成: 1/3 个爬虫成功运行
2025-09-12 16:03:01,374 - __main__ - INFO - 归档所有源的旧数据
2025-09-12 16:03:01,375 - __main__ - INFO - 源 jandan 归档 无需归档
2025-09-12 16:03:01,375 - __main__ - INFO - 源 reddit 归档 无需归档
2025-09-12 16:03:01,375 - __main__ - INFO - 源 hackernews 归档 无需归档
