2025-08-30 16:01:52,925 - __main__ - INFO - 运行所有爬虫
2025-08-30 16:01:52,925 - scrapers.jandan_scraper - INFO - JandanScraper初始化完成
2025-08-30 16:01:52,926 - scrapers.base_scraper - INFO - 开始爬取 煎蛋网
2025-08-30 16:01:52,926 - scrapers.jandan_scraper - INFO - 开始爬取煎蛋热评
2025-08-30 16:01:56,964 - scrapers.jandan_scraper - INFO - 成功获取HTML内容，长度: 24792
2025-08-30 16:01:56,964 - scrapers.jandan_scraper - INFO - 调试: 手动获取评论 5877984 的吐槽数据
2025-08-30 16:01:56,964 - scrapers.jandan_scraper - INFO - 获取评论 5877984 的吐槽内容: https://jandan.net/api/tucao/list/5877984
2025-08-30 16:01:59,644 - scrapers.jandan_scraper - INFO - 评论 5877984 获取到 1 条热门吐槽, 3 条普通吐槽
2025-08-30 16:01:59,644 - scrapers.jandan_scraper - INFO - 调试: 评论 5877984 获取到 1 条热门吐槽, 3 条普通吐槽
2025-08-30 16:01:59,644 - scrapers.jandan_scraper - INFO - 开始解析页面中的评论
2025-08-30 16:01:59,644 - scrapers.jandan_scraper - INFO - 开始解析HTML内容, 长度: 24792
2025-08-30 16:01:59,652 - scrapers.jandan_scraper - INFO - 找到 0 条热门评论
2025-08-30 16:01:59,653 - scrapers.jandan_scraper - INFO - 解析完成，获取到 0 条评论
2025-08-30 16:01:59,653 - scrapers.jandan_scraper - INFO - 开始转换评论为统一格式
2025-08-30 16:01:59,653 - scrapers.jandan_scraper - INFO - 开始转换 0 条评论到统一格式
2025-08-30 16:01:59,653 - scrapers.jandan_scraper - INFO - 共转换 0 条评论为统一格式
2025-08-30 16:01:59,653 - scrapers.jandan_scraper - INFO - 爬取完成，共获取 0 条热评
2025-08-30 16:01:59,653 - scrapers.base_scraper - ERROR - 爬取 煎蛋网 失败
2025-08-30 16:01:59,653 - scrapers.reddit_scraper - INFO - RedditScraper初始化完成
2025-08-30 16:01:59,654 - scrapers.base_scraper - INFO - 开始爬取 Reddit
2025-08-30 16:01:59,654 - scrapers.reddit_scraper - INFO - 开始爬取Reddit r/confessions每周热门帖子
2025-08-30 16:02:01,199 - utils.http_utils - ERROR - 请求失败: https://www.reddit.com/r/confessions/top/.json?t=week&limit=10, 错误: 403 Client Error: Blocked for url: https://www.reddit.com/r/confessions/top/.json?t=week&limit=10
2025-08-30 16:02:01,200 - scrapers.reddit_scraper - ERROR - 获取API数据失败: 403 Client Error: Blocked for url: https://www.reddit.com/r/confessions/top/.json?t=week&limit=10
2025-08-30 16:02:01,200 - scrapers.base_scraper - ERROR - 爬取 Reddit 失败
2025-08-30 16:02:01,200 - scrapers.hackernews_scraper - INFO - HackerNewsScraper初始化完成
2025-08-30 16:02:01,200 - scrapers.base_scraper - INFO - 开始爬取 Hacker News
2025-08-30 16:02:01,201 - scrapers.hackernews_scraper - INFO - 开始爬取Hacker News Ask HN帖子
2025-08-30 16:02:01,201 - scrapers.hackernews_scraper - INFO - 获取Ask HN页面: https://news.ycombinator.com/ask
2025-08-30 16:02:03,738 - scrapers.hackernews_scraper - INFO - 找到 30 个帖子行
2025-08-30 16:02:03,740 - scrapers.hackernews_scraper - INFO - 成功解析故事: Ask HN: The government of my c..., 作者=rickybule, 点赞=1282, 评论=0
2025-08-30 16:02:03,740 - scrapers.hackernews_scraper - INFO - 成功解析故事: Ask HN: What to learn for math..., 作者=shivajikobardan, 点赞=66, 评论=0
2025-08-30 16:02:03,741 - scrapers.hackernews_scraper - INFO - 成功解析故事: Ask HN: What do you think abou..., 作者=JOHN-DAN, 点赞=5, 评论=0
2025-08-30 16:02:03,742 - scrapers.hackernews_scraper - INFO - 成功解析故事: Ask HN: What is the chance of ..., 作者=Forgret, 点赞=3, 评论=0
2025-08-30 16:02:03,742 - scrapers.hackernews_scraper - INFO - 成功解析故事: Ask HN: Why hasn't x86 caught ..., 作者=stephenheron, 点赞=441, 评论=0
2025-08-30 16:02:03,743 - scrapers.hackernews_scraper - INFO - 成功解析故事: Ask HN: Best self-hosted wiki ..., 作者=jMyles, 点赞=15, 评论=0
2025-08-30 16:02:03,744 - scrapers.hackernews_scraper - INFO - 成功解析故事: Ask HN: Should we stop worryin..., 作者=_pdp_, 点赞=10, 评论=0
2025-08-30 16:02:03,745 - scrapers.hackernews_scraper - INFO - 成功解析故事: Ask HN: What options do I have..., 作者=wzamqo, 点赞=15, 评论=0
2025-08-30 16:02:03,745 - scrapers.hackernews_scraper - INFO - 成功解析故事: Ask HN: How can I recover and ..., 作者=diasks2, 点赞=56, 评论=0
2025-08-30 16:02:03,746 - scrapers.hackernews_scraper - INFO - 成功解析故事: Ask HN: Panhandling Engineer?..., 作者=piratesAndSons, 点赞=6, 评论=0
2025-08-30 16:02:03,746 - scrapers.hackernews_scraper - INFO - 成功解析故事: Ask HN: Daily/weekly/monthly t..., 作者=shivajikobardan, 点赞=4, 评论=0
2025-08-30 16:02:03,747 - scrapers.hackernews_scraper - INFO - 成功解析故事: Ask HN: What to do when you su..., 作者=puppycodes, 点赞=17, 评论=0
2025-08-30 16:02:03,748 - scrapers.hackernews_scraper - INFO - 成功解析故事: Ask HN: Theory That Economic G..., 作者=davidajackson, 点赞=3, 评论=0
2025-08-30 16:02:03,748 - scrapers.hackernews_scraper - INFO - 成功解析故事: Ask HN: Anyone working on brin..., 作者=sam_lowry_, 点赞=9, 评论=0
2025-08-30 16:02:03,749 - scrapers.hackernews_scraper - INFO - 成功解析故事: Ask HN: What to Do with Old iP..., 作者=owenmakes, 点赞=30, 评论=0
2025-08-30 16:02:03,749 - scrapers.hackernews_scraper - INFO - 成功解析 15 个Ask HN故事
2025-08-30 16:02:03,749 - scrapers.hackernews_scraper - INFO - 开始转换 15 个故事到统一格式
2025-08-30 16:02:03,749 - scrapers.hackernews_scraper - INFO - 转换第 1/15 个故事: Ask HN: The government of my c...
2025-08-30 16:02:08,239 - scrapers.hackernews_scraper - INFO - 找到 695 条评论
2025-08-30 16:02:16,672 - scrapers.hackernews_scraper - INFO - 故事 Ask HN: The government of my c... 转换完成，包含 100 条评论
2025-08-30 16:02:16,672 - scrapers.hackernews_scraper - INFO - 转换第 2/15 个故事: Ask HN: What to learn for math...
2025-08-30 16:02:18,500 - scrapers.hackernews_scraper - INFO - 找到 26 条评论
2025-08-30 16:02:18,525 - scrapers.hackernews_scraper - INFO - 故事 Ask HN: What to learn for math... 转换完成，包含 26 条评论
2025-08-30 16:02:18,525 - scrapers.hackernews_scraper - INFO - 转换第 3/15 个故事: Ask HN: What do you think abou...
2025-08-30 16:02:20,908 - scrapers.hackernews_scraper - INFO - 找到 3 条评论
2025-08-30 16:02:20,909 - scrapers.hackernews_scraper - INFO - 故事 Ask HN: What do you think abou... 转换完成，包含 3 条评论
2025-08-30 16:02:20,909 - scrapers.hackernews_scraper - INFO - 转换第 4/15 个故事: Ask HN: What is the chance of ...
2025-08-30 16:02:23,049 - scrapers.hackernews_scraper - INFO - 找到 1 条评论
2025-08-30 16:02:23,050 - scrapers.hackernews_scraper - INFO - 故事 Ask HN: What is the chance of ... 转换完成，包含 1 条评论
2025-08-30 16:02:23,050 - scrapers.hackernews_scraper - INFO - 转换第 5/15 个故事: Ask HN: Why hasn't x86 caught ...
2025-08-30 16:02:27,366 - scrapers.hackernews_scraper - INFO - 找到 616 条评论
2025-08-30 16:02:33,851 - scrapers.hackernews_scraper - INFO - 故事 Ask HN: Why hasn't x86 caught ... 转换完成，包含 100 条评论
2025-08-30 16:02:33,851 - scrapers.hackernews_scraper - INFO - 转换第 6/15 个故事: Ask HN: Best self-hosted wiki ...
2025-08-30 16:02:35,058 - scrapers.hackernews_scraper - INFO - 找到 5 条评论
2025-08-30 16:02:35,061 - scrapers.hackernews_scraper - INFO - 故事 Ask HN: Best self-hosted wiki ... 转换完成，包含 5 条评论
2025-08-30 16:02:35,061 - scrapers.hackernews_scraper - INFO - 转换第 7/15 个故事: Ask HN: Should we stop worryin...
2025-08-30 16:02:37,693 - scrapers.hackernews_scraper - INFO - 找到 20 条评论
2025-08-30 16:02:37,709 - scrapers.hackernews_scraper - INFO - 故事 Ask HN: Should we stop worryin... 转换完成，包含 20 条评论
2025-08-30 16:02:37,709 - scrapers.hackernews_scraper - INFO - 转换第 8/15 个故事: Ask HN: What options do I have...
2025-08-30 16:02:40,697 - scrapers.hackernews_scraper - INFO - 找到 9 条评论
2025-08-30 16:02:40,703 - scrapers.hackernews_scraper - INFO - 故事 Ask HN: What options do I have... 转换完成，包含 9 条评论
2025-08-30 16:02:40,703 - scrapers.hackernews_scraper - INFO - 转换第 9/15 个故事: Ask HN: How can I recover and ...
2025-08-30 16:02:43,418 - scrapers.hackernews_scraper - INFO - 找到 47 条评论
2025-08-30 16:02:43,475 - scrapers.hackernews_scraper - INFO - 故事 Ask HN: How can I recover and ... 转换完成，包含 47 条评论
2025-08-30 16:02:43,475 - scrapers.hackernews_scraper - INFO - 转换第 10/15 个故事: Ask HN: Panhandling Engineer?...
2025-08-30 16:02:45,035 - scrapers.hackernews_scraper - INFO - 找到 5 条评论
2025-08-30 16:02:45,038 - scrapers.hackernews_scraper - INFO - 故事 Ask HN: Panhandling Engineer?... 转换完成，包含 5 条评论
2025-08-30 16:02:45,038 - scrapers.hackernews_scraper - INFO - 转换第 11/15 个故事: Ask HN: Daily/weekly/monthly t...
2025-08-30 16:02:47,693 - scrapers.hackernews_scraper - INFO - 找到 0 条评论
2025-08-30 16:02:47,694 - scrapers.hackernews_scraper - INFO - 故事 Ask HN: Daily/weekly/monthly t... 转换完成，包含 0 条评论
2025-08-30 16:02:47,694 - scrapers.hackernews_scraper - INFO - 转换第 12/15 个故事: Ask HN: What to do when you su...
2025-08-30 16:02:50,567 - scrapers.hackernews_scraper - INFO - 找到 7 条评论
2025-08-30 16:02:50,572 - scrapers.hackernews_scraper - INFO - 故事 Ask HN: What to do when you su... 转换完成，包含 7 条评论
2025-08-30 16:02:50,572 - scrapers.hackernews_scraper - INFO - 转换第 13/15 个故事: Ask HN: Theory That Economic G...
2025-08-30 16:02:53,274 - scrapers.hackernews_scraper - INFO - 找到 3 条评论
2025-08-30 16:02:53,275 - scrapers.hackernews_scraper - INFO - 故事 Ask HN: Theory That Economic G... 转换完成，包含 3 条评论
2025-08-30 16:02:53,275 - scrapers.hackernews_scraper - INFO - 转换第 14/15 个故事: Ask HN: Anyone working on brin...
2025-08-30 16:02:55,514 - scrapers.hackernews_scraper - INFO - 找到 10 条评论
2025-08-30 16:02:55,521 - scrapers.hackernews_scraper - INFO - 故事 Ask HN: Anyone working on brin... 转换完成，包含 10 条评论
2025-08-30 16:02:55,521 - scrapers.hackernews_scraper - INFO - 转换第 15/15 个故事: Ask HN: What to Do with Old iP...
2025-08-30 16:02:58,238 - scrapers.hackernews_scraper - INFO - 找到 19 条评论
2025-08-30 16:02:58,252 - scrapers.hackernews_scraper - INFO - 故事 Ask HN: What to Do with Old iP... 转换完成，包含 19 条评论
2025-08-30 16:02:58,252 - scrapers.hackernews_scraper - INFO - 共转换 15 个故事为统一格式
2025-08-30 16:02:58,253 - scrapers.hackernews_scraper - INFO - 爬取完成，共获取 15 个Ask HN故事
2025-08-30 16:02:58,767 - utils.storage_utils - INFO - 已更新源索引: hackernews
2025-08-30 16:02:58,770 - utils.storage_utils - INFO - 数据已保存到 data/hackernews/week_2025-08-25.json
2025-08-30 16:02:58,772 - scrapers.base_scraper - INFO - 数据已保存到 data/hackernews/week_2025-08-25.json
2025-08-30 16:02:58,772 - scrapers.base_scraper - INFO - 成功爬取 Hacker News 的数据
2025-08-30 16:02:58,773 - __main__ - INFO - 完成: 1/3 个爬虫成功运行
2025-08-30 16:02:58,992 - __main__ - INFO - 归档所有源的旧数据
2025-08-30 16:02:58,992 - __main__ - INFO - 源 jandan 归档 无需归档
2025-08-30 16:02:58,992 - __main__ - INFO - 源 reddit 归档 无需归档
2025-08-30 16:02:58,993 - __main__ - INFO - 源 hackernews 归档 无需归档
