2025-05-06 16:01:49,205 - __main__ - INFO - 运行所有爬虫
2025-05-06 16:01:49,205 - scrapers.jandan_scraper - INFO - JandanScraper初始化完成
2025-05-06 16:01:49,206 - scrapers.base_scraper - INFO - 开始爬取 煎蛋网
2025-05-06 16:01:49,206 - scrapers.jandan_scraper - INFO - 开始爬取煎蛋热评
2025-05-06 16:01:52,618 - scrapers.jandan_scraper - INFO - 成功获取HTML内容，长度: 25423
2025-05-06 16:01:52,618 - scrapers.jandan_scraper - INFO - 调试: 手动获取评论 5877984 的吐槽数据
2025-05-06 16:01:52,618 - scrapers.jandan_scraper - INFO - 获取评论 5877984 的吐槽内容: https://jandan.net/api/tucao/list/5877984
2025-05-06 16:01:54,182 - scrapers.jandan_scraper - INFO - 评论 5877984 获取到 1 条热门吐槽, 3 条普通吐槽
2025-05-06 16:01:54,182 - scrapers.jandan_scraper - INFO - 调试: 评论 5877984 获取到 1 条热门吐槽, 3 条普通吐槽
2025-05-06 16:01:54,182 - scrapers.jandan_scraper - INFO - 开始解析页面中的评论
2025-05-06 16:01:54,182 - scrapers.jandan_scraper - INFO - 开始解析HTML内容, 长度: 25423
2025-05-06 16:01:54,191 - scrapers.jandan_scraper - INFO - 找到 0 条热门评论
2025-05-06 16:01:54,191 - scrapers.jandan_scraper - INFO - 解析完成，获取到 0 条评论
2025-05-06 16:01:54,191 - scrapers.jandan_scraper - INFO - 开始转换评论为统一格式
2025-05-06 16:01:54,191 - scrapers.jandan_scraper - INFO - 开始转换 0 条评论到统一格式
2025-05-06 16:01:54,191 - scrapers.jandan_scraper - INFO - 共转换 0 条评论为统一格式
2025-05-06 16:01:54,191 - scrapers.jandan_scraper - INFO - 爬取完成，共获取 0 条热评
2025-05-06 16:01:54,192 - scrapers.base_scraper - ERROR - 爬取 煎蛋网 失败
2025-05-06 16:01:54,193 - scrapers.reddit_scraper - INFO - RedditScraper初始化完成
2025-05-06 16:01:54,193 - scrapers.base_scraper - INFO - 开始爬取 Reddit
2025-05-06 16:01:54,193 - scrapers.reddit_scraper - INFO - 开始爬取Reddit r/confessions每周热门帖子
2025-05-06 16:01:57,238 - utils.http_utils - ERROR - 请求失败: https://www.reddit.com/r/confessions/top/.json?t=week&limit=10, 错误: 403 Client Error: Blocked for url: https://www.reddit.com/r/confessions/top/.json?t=week&limit=10
2025-05-06 16:01:57,238 - scrapers.reddit_scraper - ERROR - 获取API数据失败: 403 Client Error: Blocked for url: https://www.reddit.com/r/confessions/top/.json?t=week&limit=10
2025-05-06 16:01:57,238 - scrapers.base_scraper - ERROR - 爬取 Reddit 失败
2025-05-06 16:01:57,239 - scrapers.hackernews_scraper - INFO - HackerNewsScraper初始化完成
2025-05-06 16:01:57,239 - scrapers.base_scraper - INFO - 开始爬取 Hacker News
2025-05-06 16:01:57,239 - scrapers.hackernews_scraper - INFO - 开始爬取Hacker News Ask HN帖子
2025-05-06 16:01:57,239 - scrapers.hackernews_scraper - INFO - 获取Ask HN页面: https://news.ycombinator.com/ask
2025-05-06 16:01:59,938 - scrapers.hackernews_scraper - INFO - 找到 26 个帖子行
2025-05-06 16:01:59,940 - scrapers.hackernews_scraper - INFO - 成功解析故事: Ask HN: Did Aliexpress stop sh..., 作者=olalonde, 点赞=19, 评论=0
2025-05-06 16:01:59,941 - scrapers.hackernews_scraper - INFO - 成功解析故事: Ask HN: What are you working o..., 作者=david927, 点赞=409, 评论=0
2025-05-06 16:01:59,941 - scrapers.hackernews_scraper - INFO - 成功解析故事: Ask HN: Hackathons feel fake n..., 作者=sepidy, 点赞=198, 评论=0
2025-05-06 16:01:59,942 - scrapers.hackernews_scraper - INFO - 成功解析故事: Ask HN: Who wants to be hired?..., 作者=whoishiring, 点赞=129, 评论=0
2025-05-06 16:01:59,942 - scrapers.hackernews_scraper - INFO - 成功解析故事: Ask HN: Has anyone managed to ..., 作者=hipgrave, 点赞=23, 评论=0
2025-05-06 16:01:59,943 - scrapers.hackernews_scraper - INFO - 成功解析故事: Ask HN: Who is hiring? (May 20..., 作者=whoishiring, 点赞=258, 评论=0
2025-05-06 16:01:59,943 - scrapers.hackernews_scraper - INFO - 成功解析故事: Ask HN: How have you spent tim..., 作者=alex77456, 点赞=3, 评论=0
2025-05-06 16:01:59,944 - scrapers.hackernews_scraper - INFO - 成功解析故事: Ask HN: Given a sufficiently c..., 作者=ricardo81, 点赞=4, 评论=0
2025-05-06 16:01:59,945 - scrapers.hackernews_scraper - INFO - 成功解析故事: Ask HN: Is archive.today/is/md..., 作者=ementally, 点赞=4, 评论=0
2025-05-06 16:01:59,945 - scrapers.hackernews_scraper - INFO - 成功解析故事: Ask HN: Does anyone know the t..., 作者=PonDiDancefloor, 点赞=2, 评论=0
2025-05-06 16:01:59,946 - scrapers.hackernews_scraper - INFO - 成功解析故事: Ask HN: Memory-safe low level ..., 作者=hyperbrainer, 点赞=60, 评论=0
2025-05-06 16:01:59,946 - scrapers.hackernews_scraper - INFO - 成功解析故事: Ask HN: Anyone else give up on..., 作者=999900000999, 点赞=13, 评论=0
2025-05-06 16:01:59,947 - scrapers.hackernews_scraper - INFO - 成功解析故事: Ask HN: Anyone else roll eyes ..., 作者=ronbenton, 点赞=69, 评论=0
2025-05-06 16:01:59,947 - scrapers.hackernews_scraper - INFO - 成功解析故事: Ask HN: Best underrated way to..., 作者=tolarewaju3, 点赞=13, 评论=0
2025-05-06 16:01:59,948 - scrapers.hackernews_scraper - INFO - 成功解析故事: Ask HN: I'm a New PostgreSQL H..., 作者=DumBthInker007, 点赞=7, 评论=0
2025-05-06 16:01:59,948 - scrapers.hackernews_scraper - INFO - 成功解析 15 个Ask HN故事
2025-05-06 16:01:59,948 - scrapers.hackernews_scraper - INFO - 开始转换 15 个故事到统一格式
2025-05-06 16:01:59,948 - scrapers.hackernews_scraper - INFO - 转换第 1/15 个故事: Ask HN: Did Aliexpress stop sh...
2025-05-06 16:02:01,149 - scrapers.hackernews_scraper - INFO - 找到 7 条评论
2025-05-06 16:02:01,154 - scrapers.hackernews_scraper - INFO - 故事 Ask HN: Did Aliexpress stop sh... 转换完成，包含 7 条评论
2025-05-06 16:02:01,154 - scrapers.hackernews_scraper - INFO - 转换第 2/15 个故事: Ask HN: What are you working o...
2025-05-06 16:02:08,851 - scrapers.hackernews_scraper - INFO - 找到 1210 条评论
2025-05-06 16:02:36,156 - scrapers.hackernews_scraper - INFO - 故事 Ask HN: What are you working o... 转换完成，包含 100 条评论
2025-05-06 16:02:36,156 - scrapers.hackernews_scraper - INFO - 转换第 3/15 个故事: Ask HN: Hackathons feel fake n...
2025-05-06 16:02:38,933 - scrapers.hackernews_scraper - INFO - 找到 122 条评论
2025-05-06 16:02:39,248 - scrapers.hackernews_scraper - INFO - 故事 Ask HN: Hackathons feel fake n... 转换完成，包含 100 条评论
2025-05-06 16:02:39,248 - scrapers.hackernews_scraper - INFO - 转换第 4/15 个故事: Ask HN: Who wants to be hired?...
2025-05-06 16:02:43,100 - scrapers.hackernews_scraper - INFO - 找到 353 条评论
2025-05-06 16:02:45,822 - scrapers.hackernews_scraper - INFO - 故事 Ask HN: Who wants to be hired?... 转换完成，包含 100 条评论
2025-05-06 16:02:45,822 - scrapers.hackernews_scraper - INFO - 转换第 5/15 个故事: Ask HN: Has anyone managed to ...
2025-05-06 16:02:47,586 - scrapers.hackernews_scraper - INFO - 找到 11 条评论
2025-05-06 16:02:47,595 - scrapers.hackernews_scraper - INFO - 故事 Ask HN: Has anyone managed to ... 转换完成，包含 11 条评论
2025-05-06 16:02:47,595 - scrapers.hackernews_scraper - INFO - 转换第 6/15 个故事: Ask HN: Who is hiring? (May 20...
2025-05-06 16:02:51,796 - scrapers.hackernews_scraper - INFO - 找到 369 条评论
2025-05-06 16:02:54,674 - scrapers.hackernews_scraper - INFO - 故事 Ask HN: Who is hiring? (May 20... 转换完成，包含 100 条评论
2025-05-06 16:02:54,674 - scrapers.hackernews_scraper - INFO - 转换第 7/15 个故事: Ask HN: How have you spent tim...
2025-05-06 16:02:56,014 - scrapers.hackernews_scraper - INFO - 找到 6 条评论
2025-05-06 16:02:56,018 - scrapers.hackernews_scraper - INFO - 故事 Ask HN: How have you spent tim... 转换完成，包含 6 条评论
2025-05-06 16:02:56,018 - scrapers.hackernews_scraper - INFO - 转换第 8/15 个故事: Ask HN: Given a sufficiently c...
2025-05-06 16:02:58,976 - scrapers.hackernews_scraper - INFO - 找到 7 条评论
2025-05-06 16:02:58,982 - scrapers.hackernews_scraper - INFO - 故事 Ask HN: Given a sufficiently c... 转换完成，包含 7 条评论
2025-05-06 16:02:58,982 - scrapers.hackernews_scraper - INFO - 转换第 9/15 个故事: Ask HN: Is archive.today/is/md...
2025-05-06 16:03:01,725 - scrapers.hackernews_scraper - INFO - 找到 6 条评论
2025-05-06 16:03:01,729 - scrapers.hackernews_scraper - INFO - 故事 Ask HN: Is archive.today/is/md... 转换完成，包含 6 条评论
2025-05-06 16:03:01,729 - scrapers.hackernews_scraper - INFO - 转换第 10/15 个故事: Ask HN: Does anyone know the t...
2025-05-06 16:03:04,138 - scrapers.hackernews_scraper - INFO - 找到 1 条评论
2025-05-06 16:03:04,139 - scrapers.hackernews_scraper - INFO - 故事 Ask HN: Does anyone know the t... 转换完成，包含 1 条评论
2025-05-06 16:03:04,139 - scrapers.hackernews_scraper - INFO - 转换第 11/15 个故事: Ask HN: Memory-safe low level ...
2025-05-06 16:03:06,530 - scrapers.hackernews_scraper - INFO - 找到 116 条评论
2025-05-06 16:03:06,838 - scrapers.hackernews_scraper - INFO - 故事 Ask HN: Memory-safe low level ... 转换完成，包含 100 条评论
2025-05-06 16:03:06,838 - scrapers.hackernews_scraper - INFO - 转换第 12/15 个故事: Ask HN: Anyone else give up on...
2025-05-06 16:03:08,369 - scrapers.hackernews_scraper - INFO - 找到 31 条评论
2025-05-06 16:03:08,403 - scrapers.hackernews_scraper - INFO - 故事 Ask HN: Anyone else give up on... 转换完成，包含 31 条评论
2025-05-06 16:03:08,403 - scrapers.hackernews_scraper - INFO - 转换第 13/15 个故事: Ask HN: Anyone else roll eyes ...
2025-05-06 16:03:10,338 - scrapers.hackernews_scraper - INFO - 找到 49 条评论
2025-05-06 16:03:10,405 - scrapers.hackernews_scraper - INFO - 故事 Ask HN: Anyone else roll eyes ... 转换完成，包含 49 条评论
2025-05-06 16:03:10,405 - scrapers.hackernews_scraper - INFO - 转换第 14/15 个故事: Ask HN: Best underrated way to...
2025-05-06 16:03:11,757 - scrapers.hackernews_scraper - INFO - 找到 32 条评论
2025-05-06 16:03:11,791 - scrapers.hackernews_scraper - INFO - 故事 Ask HN: Best underrated way to... 转换完成，包含 32 条评论
2025-05-06 16:03:11,791 - scrapers.hackernews_scraper - INFO - 转换第 15/15 个故事: Ask HN: I'm a New PostgreSQL H...
2025-05-06 16:03:13,389 - scrapers.hackernews_scraper - INFO - 找到 9 条评论
2025-05-06 16:03:13,395 - scrapers.hackernews_scraper - INFO - 故事 Ask HN: I'm a New PostgreSQL H... 转换完成，包含 9 条评论
2025-05-06 16:03:13,395 - scrapers.hackernews_scraper - INFO - 共转换 15 个故事为统一格式
2025-05-06 16:03:13,395 - scrapers.hackernews_scraper - INFO - 爬取完成，共获取 15 个Ask HN故事
2025-05-06 16:03:13,669 - utils.storage_utils - INFO - 已更新源索引: hackernews
2025-05-06 16:03:13,672 - utils.storage_utils - INFO - 数据已保存到 data/hackernews/week_2025-05-05.json
2025-05-06 16:03:13,672 - scrapers.base_scraper - INFO - 数据已保存到 data/hackernews/week_2025-05-05.json
2025-05-06 16:03:13,673 - scrapers.base_scraper - INFO - 成功爬取 Hacker News 的数据
2025-05-06 16:03:13,673 - __main__ - INFO - 完成: 1/3 个爬虫成功运行
2025-05-06 16:03:13,915 - __main__ - INFO - 归档所有源的旧数据
2025-05-06 16:03:13,915 - __main__ - INFO - 源 jandan 归档 无需归档
2025-05-06 16:03:13,915 - __main__ - INFO - 源 reddit 归档 无需归档
2025-05-06 16:03:13,916 - __main__ - INFO - 源 hackernews 归档 无需归档
