2025-06-07 16:01:37,802 - __main__ - INFO - 运行所有爬虫
2025-06-07 16:01:37,802 - scrapers.jandan_scraper - INFO - JandanScraper初始化完成
2025-06-07 16:01:37,802 - scrapers.base_scraper - INFO - 开始爬取 煎蛋网
2025-06-07 16:01:37,802 - scrapers.jandan_scraper - INFO - 开始爬取煎蛋热评
2025-06-07 16:01:42,593 - scrapers.jandan_scraper - INFO - 成功获取HTML内容，长度: 26158
2025-06-07 16:01:42,593 - scrapers.jandan_scraper - INFO - 调试: 手动获取评论 5877984 的吐槽数据
2025-06-07 16:01:42,593 - scrapers.jandan_scraper - INFO - 获取评论 5877984 的吐槽内容: https://jandan.net/api/tucao/list/5877984
2025-06-07 16:01:45,043 - scrapers.jandan_scraper - INFO - 评论 5877984 获取到 1 条热门吐槽, 3 条普通吐槽
2025-06-07 16:01:45,043 - scrapers.jandan_scraper - INFO - 调试: 评论 5877984 获取到 1 条热门吐槽, 3 条普通吐槽
2025-06-07 16:01:45,043 - scrapers.jandan_scraper - INFO - 开始解析页面中的评论
2025-06-07 16:01:45,043 - scrapers.jandan_scraper - INFO - 开始解析HTML内容, 长度: 26158
2025-06-07 16:01:45,052 - scrapers.jandan_scraper - INFO - 找到 0 条热门评论
2025-06-07 16:01:45,052 - scrapers.jandan_scraper - INFO - 解析完成，获取到 0 条评论
2025-06-07 16:01:45,052 - scrapers.jandan_scraper - INFO - 开始转换评论为统一格式
2025-06-07 16:01:45,052 - scrapers.jandan_scraper - INFO - 开始转换 0 条评论到统一格式
2025-06-07 16:01:45,052 - scrapers.jandan_scraper - INFO - 共转换 0 条评论为统一格式
2025-06-07 16:01:45,052 - scrapers.jandan_scraper - INFO - 爬取完成，共获取 0 条热评
2025-06-07 16:01:45,052 - scrapers.base_scraper - ERROR - 爬取 煎蛋网 失败
2025-06-07 16:01:45,052 - scrapers.reddit_scraper - INFO - RedditScraper初始化完成
2025-06-07 16:01:45,053 - scrapers.base_scraper - INFO - 开始爬取 Reddit
2025-06-07 16:01:45,053 - scrapers.reddit_scraper - INFO - 开始爬取Reddit r/confessions每周热门帖子
2025-06-07 16:01:46,273 - utils.http_utils - ERROR - 请求失败: https://www.reddit.com/r/confessions/top/.json?t=week&limit=10, 错误: 403 Client Error: Blocked for url: https://www.reddit.com/r/confessions/top/.json?t=week&limit=10
2025-06-07 16:01:46,273 - scrapers.reddit_scraper - ERROR - 获取API数据失败: 403 Client Error: Blocked for url: https://www.reddit.com/r/confessions/top/.json?t=week&limit=10
2025-06-07 16:01:46,273 - scrapers.base_scraper - ERROR - 爬取 Reddit 失败
2025-06-07 16:01:46,273 - scrapers.hackernews_scraper - INFO - HackerNewsScraper初始化完成
2025-06-07 16:01:46,273 - scrapers.base_scraper - INFO - 开始爬取 Hacker News
2025-06-07 16:01:46,274 - scrapers.hackernews_scraper - INFO - 开始爬取Hacker News Ask HN帖子
2025-06-07 16:01:46,274 - scrapers.hackernews_scraper - INFO - 获取Ask HN页面: https://news.ycombinator.com/ask
2025-06-07 16:01:49,220 - scrapers.hackernews_scraper - INFO - 找到 30 个帖子行
2025-06-07 16:01:49,222 - scrapers.hackernews_scraper - INFO - 成功解析故事: Ask HN: Any good tools for vie..., 作者=tlhunter, 点赞=99, 评论=0
2025-06-07 16:01:49,222 - scrapers.hackernews_scraper - INFO - 成功解析故事: Ask HN: Startup getting spamme..., 作者=june3739, 点赞=279, 评论=0
2025-06-07 16:01:49,223 - scrapers.hackernews_scraper - INFO - 成功解析故事: Ask HN: What would you work on..., 作者=rblion, 点赞=12, 评论=0
2025-06-07 16:01:49,224 - scrapers.hackernews_scraper - INFO - 成功解析故事: Ask HN: Has anybody built sear..., 作者=neonate, 点赞=285, 评论=0
2025-06-07 16:01:49,224 - scrapers.hackernews_scraper - INFO - 成功解析故事: Ask HN: Do we need a language ..., 作者=baijum, 点赞=3, 评论=0
2025-06-07 16:01:49,225 - scrapers.hackernews_scraper - INFO - 成功解析故事: Ask HN: Who is hiring? (June 2..., 作者=whoishiring, 点赞=367, 评论=0
2025-06-07 16:01:49,225 - scrapers.hackernews_scraper - INFO - 成功解析故事: Ask HN: Anyone else feeling in..., 作者=saubeidl, 点赞=32, 评论=0
2025-06-07 16:01:49,226 - scrapers.hackernews_scraper - INFO - 成功解析故事: Ask HN: How do I learn robotic..., 作者=srijansriv, 点赞=399, 评论=0
2025-06-07 16:01:49,226 - scrapers.hackernews_scraper - INFO - 成功解析故事: Ask HN: A Tetris variant with ..., 作者=amichail, 点赞=3, 评论=0
2025-06-07 16:01:49,227 - scrapers.hackernews_scraper - INFO - 成功解析故事: Ask HN: Is synthetic data gene..., 作者=cpard, 点赞=4, 评论=0
2025-06-07 16:01:49,227 - scrapers.hackernews_scraper - INFO - 成功解析故事: Ask HN: Anyone making a living..., 作者=meander_water, 点赞=248, 评论=0
2025-06-07 16:01:49,228 - scrapers.hackernews_scraper - INFO - 成功解析故事: Ask HN: How do I learn practic..., 作者=juanse, 点赞=182, 评论=0
2025-06-07 16:01:49,228 - scrapers.hackernews_scraper - INFO - 成功解析故事: Ask HN: Who wants to be hired?..., 作者=whoishiring, 点赞=125, 评论=0
2025-06-07 16:01:49,229 - scrapers.hackernews_scraper - INFO - 成功解析故事: Ask HN: Options for One-Handed..., 作者=Townley, 点赞=93, 评论=0
2025-06-07 16:01:49,229 - scrapers.hackernews_scraper - INFO - 成功解析故事: Ask HN: Running AI agents in i..., 作者=polycaster, 点赞=5, 评论=0
2025-06-07 16:01:49,229 - scrapers.hackernews_scraper - INFO - 成功解析 15 个Ask HN故事
2025-06-07 16:01:49,230 - scrapers.hackernews_scraper - INFO - 开始转换 15 个故事到统一格式
2025-06-07 16:01:49,230 - scrapers.hackernews_scraper - INFO - 转换第 1/15 个故事: Ask HN: Any good tools for vie...
2025-06-07 16:01:52,143 - scrapers.hackernews_scraper - INFO - 找到 39 条评论
2025-06-07 16:01:52,191 - scrapers.hackernews_scraper - INFO - 故事 Ask HN: Any good tools for vie... 转换完成，包含 39 条评论
2025-06-07 16:01:52,191 - scrapers.hackernews_scraper - INFO - 转换第 2/15 个故事: Ask HN: Startup getting spamme...
2025-06-07 16:01:54,239 - scrapers.hackernews_scraper - INFO - 找到 181 条评论
2025-06-07 16:01:54,933 - scrapers.hackernews_scraper - INFO - 故事 Ask HN: Startup getting spamme... 转换完成，包含 100 条评论
2025-06-07 16:01:54,934 - scrapers.hackernews_scraper - INFO - 转换第 3/15 个故事: Ask HN: What would you work on...
2025-06-07 16:01:57,126 - scrapers.hackernews_scraper - INFO - 找到 12 条评论
2025-06-07 16:01:57,135 - scrapers.hackernews_scraper - INFO - 故事 Ask HN: What would you work on... 转换完成，包含 12 条评论
2025-06-07 16:01:57,135 - scrapers.hackernews_scraper - INFO - 转换第 4/15 个故事: Ask HN: Has anybody built sear...
2025-06-07 16:01:59,040 - scrapers.hackernews_scraper - INFO - 找到 146 条评论
2025-06-07 16:01:59,507 - scrapers.hackernews_scraper - INFO - 故事 Ask HN: Has anybody built sear... 转换完成，包含 100 条评论
2025-06-07 16:01:59,508 - scrapers.hackernews_scraper - INFO - 转换第 5/15 个故事: Ask HN: Do we need a language ...
2025-06-07 16:02:01,933 - scrapers.hackernews_scraper - INFO - 找到 5 条评论
2025-06-07 16:02:01,936 - scrapers.hackernews_scraper - INFO - 故事 Ask HN: Do we need a language ... 转换完成，包含 5 条评论
2025-06-07 16:02:01,936 - scrapers.hackernews_scraper - INFO - 转换第 6/15 个故事: Ask HN: Who is hiring? (June 2...
2025-06-07 16:02:06,236 - scrapers.hackernews_scraper - INFO - 找到 475 条评论
2025-06-07 16:02:11,313 - scrapers.hackernews_scraper - INFO - 故事 Ask HN: Who is hiring? (June 2... 转换完成，包含 100 条评论
2025-06-07 16:02:11,313 - scrapers.hackernews_scraper - INFO - 转换第 7/15 个故事: Ask HN: Anyone else feeling in...
2025-06-07 16:02:13,889 - scrapers.hackernews_scraper - INFO - 找到 27 条评论
2025-06-07 16:02:13,917 - scrapers.hackernews_scraper - INFO - 故事 Ask HN: Anyone else feeling in... 转换完成，包含 27 条评论
2025-06-07 16:02:13,917 - scrapers.hackernews_scraper - INFO - 转换第 8/15 个故事: Ask HN: How do I learn robotic...
2025-06-07 16:02:16,974 - scrapers.hackernews_scraper - INFO - 找到 100 条评论
2025-06-07 16:02:17,208 - scrapers.hackernews_scraper - INFO - 故事 Ask HN: How do I learn robotic... 转换完成，包含 100 条评论
2025-06-07 16:02:17,209 - scrapers.hackernews_scraper - INFO - 转换第 9/15 个故事: Ask HN: A Tetris variant with ...
2025-06-07 16:02:19,161 - scrapers.hackernews_scraper - INFO - 找到 0 条评论
2025-06-07 16:02:19,161 - scrapers.hackernews_scraper - INFO - 故事 Ask HN: A Tetris variant with ... 转换完成，包含 0 条评论
2025-06-07 16:02:19,161 - scrapers.hackernews_scraper - INFO - 转换第 10/15 个故事: Ask HN: Is synthetic data gene...
2025-06-07 16:02:21,529 - scrapers.hackernews_scraper - INFO - 找到 5 条评论
2025-06-07 16:02:21,532 - scrapers.hackernews_scraper - INFO - 故事 Ask HN: Is synthetic data gene... 转换完成，包含 5 条评论
2025-06-07 16:02:21,532 - scrapers.hackernews_scraper - INFO - 转换第 11/15 个故事: Ask HN: Anyone making a living...
2025-06-07 16:02:24,082 - scrapers.hackernews_scraper - INFO - 找到 173 条评论
2025-06-07 16:02:24,716 - scrapers.hackernews_scraper - INFO - 故事 Ask HN: Anyone making a living... 转换完成，包含 100 条评论
2025-06-07 16:02:24,716 - scrapers.hackernews_scraper - INFO - 转换第 12/15 个故事: Ask HN: How do I learn practic...
2025-06-07 16:02:26,716 - scrapers.hackernews_scraper - INFO - 找到 112 条评论
2025-06-07 16:02:27,005 - scrapers.hackernews_scraper - INFO - 故事 Ask HN: How do I learn practic... 转换完成，包含 100 条评论
2025-06-07 16:02:27,005 - scrapers.hackernews_scraper - INFO - 转换第 13/15 个故事: Ask HN: Who wants to be hired?...
2025-06-07 16:02:30,725 - scrapers.hackernews_scraper - INFO - 找到 394 条评论
2025-06-07 16:02:34,226 - scrapers.hackernews_scraper - INFO - 故事 Ask HN: Who wants to be hired?... 转换完成，包含 100 条评论
2025-06-07 16:02:34,226 - scrapers.hackernews_scraper - INFO - 转换第 14/15 个故事: Ask HN: Options for One-Handed...
2025-06-07 16:02:36,792 - scrapers.hackernews_scraper - INFO - 找到 93 条评论
2025-06-07 16:02:36,998 - scrapers.hackernews_scraper - INFO - 故事 Ask HN: Options for One-Handed... 转换完成，包含 93 条评论
2025-06-07 16:02:36,998 - scrapers.hackernews_scraper - INFO - 转换第 15/15 个故事: Ask HN: Running AI agents in i...
2025-06-07 16:02:38,987 - scrapers.hackernews_scraper - INFO - 找到 1 条评论
2025-06-07 16:02:38,988 - scrapers.hackernews_scraper - INFO - 故事 Ask HN: Running AI agents in i... 转换完成，包含 1 条评论
2025-06-07 16:02:38,988 - scrapers.hackernews_scraper - INFO - 共转换 15 个故事为统一格式
2025-06-07 16:02:38,988 - scrapers.hackernews_scraper - INFO - 爬取完成，共获取 15 个Ask HN故事
2025-06-07 16:02:39,716 - utils.storage_utils - INFO - 已更新源索引: hackernews
2025-06-07 16:02:39,718 - utils.storage_utils - INFO - 数据已保存到 data/hackernews/week_2025-06-02.json
2025-06-07 16:02:39,722 - scrapers.base_scraper - INFO - 数据已保存到 data/hackernews/week_2025-06-02.json
2025-06-07 16:02:39,722 - scrapers.base_scraper - INFO - 成功爬取 Hacker News 的数据
2025-06-07 16:02:39,723 - __main__ - INFO - 完成: 1/3 个爬虫成功运行
2025-06-07 16:02:39,963 - __main__ - INFO - 归档所有源的旧数据
2025-06-07 16:02:39,963 - __main__ - INFO - 源 jandan 归档 无需归档
2025-06-07 16:02:39,964 - __main__ - INFO - 源 reddit 归档 无需归档
2025-06-07 16:02:39,964 - __main__ - INFO - 源 hackernews 归档 无需归档
