2026-06-17 16:59:20,342 - __main__ - INFO - 运行所有爬虫
2026-06-17 16:59:20,342 - scrapers.jandan_scraper - INFO - JandanScraper初始化完成
2026-06-17 16:59:20,342 - scrapers.base_scraper - INFO - 开始爬取 煎蛋网
2026-06-17 16:59:20,342 - scrapers.jandan_scraper - INFO - 开始爬取煎蛋热评
2026-06-17 16:59:22,876 - scrapers.jandan_scraper - INFO - 成功获取HTML内容，长度: 32156
2026-06-17 16:59:22,876 - scrapers.jandan_scraper - INFO - 调试: 手动获取评论 5877984 的吐槽数据
2026-06-17 16:59:22,876 - scrapers.jandan_scraper - INFO - 获取评论 5877984 的吐槽内容: https://jandan.net/api/tucao/list/5877984
2026-06-17 16:59:25,751 - scrapers.jandan_scraper - INFO - 评论 5877984 获取到 0 条热门吐槽, 0 条普通吐槽
2026-06-17 16:59:25,751 - scrapers.jandan_scraper - INFO - 调试: 评论 5877984 获取到 0 条热门吐槽, 0 条普通吐槽
2026-06-17 16:59:25,751 - scrapers.jandan_scraper - INFO - 开始解析页面中的评论
2026-06-17 16:59:25,751 - scrapers.jandan_scraper - INFO - 开始解析HTML内容, 长度: 32156
2026-06-17 16:59:25,761 - scrapers.jandan_scraper - INFO - 找到 0 条热门评论
2026-06-17 16:59:25,761 - scrapers.jandan_scraper - INFO - 解析完成，获取到 0 条评论
2026-06-17 16:59:25,761 - scrapers.jandan_scraper - INFO - 开始转换评论为统一格式
2026-06-17 16:59:25,761 - scrapers.jandan_scraper - INFO - 开始转换 0 条评论到统一格式
2026-06-17 16:59:25,761 - scrapers.jandan_scraper - INFO - 共转换 0 条评论为统一格式
2026-06-17 16:59:25,761 - scrapers.jandan_scraper - INFO - 爬取完成，共获取 0 条热评
2026-06-17 16:59:25,761 - scrapers.base_scraper - ERROR - 爬取 煎蛋网 失败
2026-06-17 16:59:25,762 - scrapers.reddit_scraper - INFO - RedditScraper初始化完成
2026-06-17 16:59:25,764 - scrapers.base_scraper - INFO - 开始爬取 Reddit
2026-06-17 16:59:25,764 - scrapers.reddit_scraper - INFO - 开始爬取Reddit r/confessions每周热门帖子
2026-06-17 16:59:27,509 - utils.http_utils - ERROR - 请求失败: https://www.reddit.com/r/confessions/top/.json?t=week&limit=10, 错误: 403 Client Error: Blocked for url: https://www.reddit.com/r/confessions/top/.json?t=week&limit=10
2026-06-17 16:59:27,509 - scrapers.reddit_scraper - ERROR - 获取API数据失败: 403 Client Error: Blocked for url: https://www.reddit.com/r/confessions/top/.json?t=week&limit=10
2026-06-17 16:59:27,510 - scrapers.base_scraper - ERROR - 爬取 Reddit 失败
2026-06-17 16:59:27,510 - scrapers.hackernews_scraper - INFO - HackerNewsScraper初始化完成
2026-06-17 16:59:27,510 - scrapers.base_scraper - INFO - 开始爬取 Hacker News
2026-06-17 16:59:27,510 - scrapers.hackernews_scraper - INFO - 开始爬取Hacker News Ask HN帖子
2026-06-17 16:59:27,510 - scrapers.hackernews_scraper - INFO - 获取Ask HN页面: https://news.ycombinator.com/ask
2026-06-17 16:59:29,984 - scrapers.hackernews_scraper - INFO - 找到 29 个帖子行
2026-06-17 16:59:29,985 - scrapers.hackernews_scraper - INFO - 成功解析故事: Ask HN: Are other people seein..., 作者=PaulHoule, 点赞=8, 评论=0
2026-06-17 16:59:29,986 - scrapers.hackernews_scraper - INFO - 成功解析故事: Ask HN: Has anyone replaced Cl..., 作者=cloudking, 点赞=1276, 评论=0
2026-06-17 16:59:29,986 - scrapers.hackernews_scraper - INFO - 成功解析故事: Ask HN: How are thinking effor..., 作者=simianwords, 点赞=101, 评论=0
2026-06-17 16:59:29,987 - scrapers.hackernews_scraper - INFO - 成功解析故事: Ask HN: What are you working o..., 作者=david927, 点赞=306, 评论=0
2026-06-17 16:59:29,988 - scrapers.hackernews_scraper - INFO - 成功解析故事: Ask HN: What are your best Cla..., 作者=akashwadhwani35, 点赞=13, 评论=0
2026-06-17 16:59:29,988 - scrapers.hackernews_scraper - INFO - 成功解析故事: Ask HN: Why hasn't there been ..., 作者=mdni007, 点赞=263, 评论=0
2026-06-17 16:59:29,989 - scrapers.hackernews_scraper - INFO - 成功解析故事: Ask HN: Favorite text heavy bl..., 作者=joshmarinacci, 点赞=119, 评论=0
2026-06-17 16:59:29,989 - scrapers.hackernews_scraper - INFO - 成功解析故事: Ask HN: How do you stay at the..., 作者=otekengineering, 点赞=6, 评论=0
2026-06-17 16:59:29,990 - scrapers.hackernews_scraper - INFO - 成功解析故事: Ask HN: Would you want to know..., 作者=JohnDSDev, 点赞=7, 评论=0
2026-06-17 16:59:29,991 - scrapers.hackernews_scraper - INFO - 成功解析故事: Ask HN: Want to build somethin..., 作者=vira28, 点赞=39, 评论=0
2026-06-17 16:59:29,991 - scrapers.hackernews_scraper - INFO - 成功解析故事: Ask HN: Would it be useful to ..., 作者=BugsJustFindMe, 点赞=40, 评论=0
2026-06-17 16:59:29,992 - scrapers.hackernews_scraper - INFO - 成功解析故事: Ask HN: Are most corporate SWE..., 作者=hnthrow10282910, 点赞=249, 评论=0
2026-06-17 16:59:29,993 - scrapers.hackernews_scraper - INFO - 成功解析故事: Ask HN: What are tools you hav..., 作者=aryamaan, 点赞=443, 评论=0
2026-06-17 16:59:29,993 - scrapers.hackernews_scraper - INFO - 成功解析故事: Ask HN: What do people think o..., 作者=hireshbrem, 点赞=5, 评论=0
2026-06-17 16:59:29,994 - scrapers.hackernews_scraper - INFO - 成功解析故事: Ask HN: How do you get into a ..., 作者=kilroy123, 点赞=97, 评论=0
2026-06-17 16:59:29,994 - scrapers.hackernews_scraper - INFO - 成功解析 15 个Ask HN故事
2026-06-17 16:59:29,994 - scrapers.hackernews_scraper - INFO - 开始转换 15 个故事到统一格式
2026-06-17 16:59:29,994 - scrapers.hackernews_scraper - INFO - 转换第 1/15 个故事: Ask HN: Are other people seein...
2026-06-17 16:59:32,871 - utils.http_utils - ERROR - 请求失败: https://news.ycombinator.com/item?id=48571124, 错误: 429 Client Error: Too Many Requests for url: https://news.ycombinator.com/item?id=48571124
2026-06-17 16:59:32,871 - scrapers.hackernews_scraper - ERROR - 获取故事详情失败: 48571124
2026-06-17 16:59:34,846 - utils.http_utils - ERROR - 请求失败: https://news.ycombinator.com/item?id=48571124, 错误: 429 Client Error: Too Many Requests for url: https://news.ycombinator.com/item?id=48571124
2026-06-17 16:59:34,846 - scrapers.hackernews_scraper - ERROR - 获取故事详情失败: 48571124
2026-06-17 16:59:34,846 - scrapers.hackernews_scraper - INFO - 故事 Ask HN: Are other people seein... 转换完成，包含 0 条评论
2026-06-17 16:59:34,846 - scrapers.hackernews_scraper - INFO - 转换第 2/15 个故事: Ask HN: Has anyone replaced Cl...
2026-06-17 16:59:38,720 - scrapers.hackernews_scraper - INFO - 找到 542 条评论
2026-06-17 16:59:44,624 - scrapers.hackernews_scraper - INFO - 故事 Ask HN: Has anyone replaced Cl... 转换完成，包含 100 条评论
2026-06-17 16:59:44,625 - scrapers.hackernews_scraper - INFO - 转换第 3/15 个故事: Ask HN: How are thinking effor...
2026-06-17 16:59:47,459 - scrapers.hackernews_scraper - INFO - 找到 32 条评论
2026-06-17 16:59:47,491 - scrapers.hackernews_scraper - INFO - 故事 Ask HN: How are thinking effor... 转换完成，包含 32 条评论
2026-06-17 16:59:47,491 - scrapers.hackernews_scraper - INFO - 转换第 4/15 个故事: Ask HN: What are you working o...
2026-06-17 16:59:48,692 - utils.http_utils - ERROR - 请求失败: https://news.ycombinator.com/item?id=48528779, 错误: 429 Client Error: Too Many Requests for url: https://news.ycombinator.com/item?id=48528779
2026-06-17 16:59:48,692 - scrapers.hackernews_scraper - ERROR - 获取故事详情失败: 48528779
2026-06-17 16:59:51,132 - utils.http_utils - ERROR - 请求失败: https://news.ycombinator.com/item?id=48528779, 错误: 429 Client Error: Too Many Requests for url: https://news.ycombinator.com/item?id=48528779
2026-06-17 16:59:51,132 - scrapers.hackernews_scraper - ERROR - 获取故事详情失败: 48528779
2026-06-17 16:59:51,132 - scrapers.hackernews_scraper - INFO - 故事 Ask HN: What are you working o... 转换完成，包含 0 条评论
2026-06-17 16:59:51,132 - scrapers.hackernews_scraper - INFO - 转换第 5/15 个故事: Ask HN: What are your best Cla...
2026-06-17 16:59:52,796 - scrapers.hackernews_scraper - INFO - 找到 8 条评论
2026-06-17 16:59:52,802 - scrapers.hackernews_scraper - INFO - 故事 Ask HN: What are your best Cla... 转换完成，包含 8 条评论
2026-06-17 16:59:52,802 - scrapers.hackernews_scraper - INFO - 转换第 6/15 个故事: Ask HN: Why hasn't there been ...
2026-06-17 16:59:54,369 - utils.http_utils - ERROR - 请求失败: https://news.ycombinator.com/item?id=48448313, 错误: 429 Client Error: Too Many Requests for url: https://news.ycombinator.com/item?id=48448313
2026-06-17 16:59:54,369 - scrapers.hackernews_scraper - ERROR - 获取故事详情失败: 48448313
2026-06-17 16:59:55,980 - utils.http_utils - ERROR - 请求失败: https://news.ycombinator.com/item?id=48448313, 错误: 429 Client Error: Too Many Requests for url: https://news.ycombinator.com/item?id=48448313
2026-06-17 16:59:55,980 - scrapers.hackernews_scraper - ERROR - 获取故事详情失败: 48448313
2026-06-17 16:59:55,981 - scrapers.hackernews_scraper - INFO - 故事 Ask HN: Why hasn't there been ... 转换完成，包含 0 条评论
2026-06-17 16:59:55,981 - scrapers.hackernews_scraper - INFO - 转换第 7/15 个故事: Ask HN: Favorite text heavy bl...
2026-06-17 16:59:57,172 - scrapers.hackernews_scraper - INFO - 找到 30 条评论
2026-06-17 16:59:57,203 - scrapers.hackernews_scraper - INFO - 故事 Ask HN: Favorite text heavy bl... 转换完成，包含 30 条评论
2026-06-17 16:59:57,203 - scrapers.hackernews_scraper - INFO - 转换第 8/15 个故事: Ask HN: How do you stay at the...
2026-06-17 16:59:59,930 - scrapers.hackernews_scraper - INFO - 找到 12 条评论
2026-06-17 16:59:59,939 - scrapers.hackernews_scraper - INFO - 故事 Ask HN: How do you stay at the... 转换完成，包含 12 条评论
2026-06-17 16:59:59,939 - scrapers.hackernews_scraper - INFO - 转换第 9/15 个故事: Ask HN: Would you want to know...
2026-06-17 17:00:02,577 - scrapers.hackernews_scraper - INFO - 找到 22 条评论
2026-06-17 17:00:02,596 - scrapers.hackernews_scraper - INFO - 故事 Ask HN: Would you want to know... 转换完成，包含 22 条评论
2026-06-17 17:00:02,596 - scrapers.hackernews_scraper - INFO - 转换第 10/15 个故事: Ask HN: Want to build somethin...
2026-06-17 17:00:04,438 - utils.http_utils - ERROR - 请求失败: https://news.ycombinator.com/item?id=48486932, 错误: 429 Client Error: Too Many Requests for url: https://news.ycombinator.com/item?id=48486932
2026-06-17 17:00:04,438 - scrapers.hackernews_scraper - ERROR - 获取故事详情失败: 48486932
2026-06-17 17:00:07,352 - utils.http_utils - ERROR - 请求失败: https://news.ycombinator.com/item?id=48486932, 错误: 429 Client Error: Too Many Requests for url: https://news.ycombinator.com/item?id=48486932
2026-06-17 17:00:07,352 - scrapers.hackernews_scraper - ERROR - 获取故事详情失败: 48486932
2026-06-17 17:00:07,352 - scrapers.hackernews_scraper - INFO - 故事 Ask HN: Want to build somethin... 转换完成，包含 0 条评论
2026-06-17 17:00:07,352 - scrapers.hackernews_scraper - INFO - 转换第 11/15 个故事: Ask HN: Would it be useful to ...
2026-06-17 17:00:10,084 - utils.http_utils - ERROR - 请求失败: https://news.ycombinator.com/item?id=48481947, 错误: 429 Client Error: Too Many Requests for url: https://news.ycombinator.com/item?id=48481947
2026-06-17 17:00:10,085 - scrapers.hackernews_scraper - ERROR - 获取故事详情失败: 48481947
2026-06-17 17:00:12,252 - utils.http_utils - ERROR - 请求失败: https://news.ycombinator.com/item?id=48481947, 错误: 429 Client Error: Too Many Requests for url: https://news.ycombinator.com/item?id=48481947
2026-06-17 17:00:12,252 - scrapers.hackernews_scraper - ERROR - 获取故事详情失败: 48481947
2026-06-17 17:00:12,252 - scrapers.hackernews_scraper - INFO - 故事 Ask HN: Would it be useful to ... 转换完成，包含 0 条评论
2026-06-17 17:00:12,252 - scrapers.hackernews_scraper - INFO - 转换第 12/15 个故事: Ask HN: Are most corporate SWE...
2026-06-17 17:00:15,133 - utils.http_utils - ERROR - 请求失败: https://news.ycombinator.com/item?id=48475871, 错误: 429 Client Error: Too Many Requests for url: https://news.ycombinator.com/item?id=48475871
2026-06-17 17:00:15,133 - scrapers.hackernews_scraper - ERROR - 获取故事详情失败: 48475871
2026-06-17 17:00:17,422 - utils.http_utils - ERROR - 请求失败: https://news.ycombinator.com/item?id=48475871, 错误: 429 Client Error: Too Many Requests for url: https://news.ycombinator.com/item?id=48475871
2026-06-17 17:00:17,423 - scrapers.hackernews_scraper - ERROR - 获取故事详情失败: 48475871
2026-06-17 17:00:17,423 - scrapers.hackernews_scraper - INFO - 故事 Ask HN: Are most corporate SWE... 转换完成，包含 0 条评论
2026-06-17 17:00:17,423 - scrapers.hackernews_scraper - INFO - 转换第 13/15 个故事: Ask HN: What are tools you hav...
2026-06-17 17:00:18,627 - utils.http_utils - ERROR - 请求失败: https://news.ycombinator.com/item?id=48449187, 错误: 429 Client Error: Too Many Requests for url: https://news.ycombinator.com/item?id=48449187
2026-06-17 17:00:18,627 - scrapers.hackernews_scraper - ERROR - 获取故事详情失败: 48449187
2026-06-17 17:00:19,999 - utils.http_utils - ERROR - 请求失败: https://news.ycombinator.com/item?id=48449187, 错误: 429 Client Error: Too Many Requests for url: https://news.ycombinator.com/item?id=48449187
2026-06-17 17:00:19,999 - scrapers.hackernews_scraper - ERROR - 获取故事详情失败: 48449187
2026-06-17 17:00:19,999 - scrapers.hackernews_scraper - INFO - 故事 Ask HN: What are tools you hav... 转换完成，包含 0 条评论
2026-06-17 17:00:19,999 - scrapers.hackernews_scraper - INFO - 转换第 14/15 个故事: Ask HN: What do people think o...
2026-06-17 17:00:23,011 - utils.http_utils - ERROR - 请求失败: https://news.ycombinator.com/item?id=48554072, 错误: 429 Client Error: Too Many Requests for url: https://news.ycombinator.com/item?id=48554072
2026-06-17 17:00:23,011 - scrapers.hackernews_scraper - ERROR - 获取故事详情失败: 48554072
2026-06-17 17:00:25,865 - utils.http_utils - ERROR - 请求失败: https://news.ycombinator.com/item?id=48554072, 错误: 429 Client Error: Too Many Requests for url: https://news.ycombinator.com/item?id=48554072
2026-06-17 17:00:25,865 - scrapers.hackernews_scraper - ERROR - 获取故事详情失败: 48554072
2026-06-17 17:00:25,865 - scrapers.hackernews_scraper - INFO - 故事 Ask HN: What do people think o... 转换完成，包含 0 条评论
2026-06-17 17:00:25,865 - scrapers.hackernews_scraper - INFO - 转换第 15/15 个故事: Ask HN: How do you get into a ...
2026-06-17 17:00:27,713 - scrapers.hackernews_scraper - INFO - 找到 122 条评论
2026-06-17 17:00:28,022 - scrapers.hackernews_scraper - INFO - 故事 Ask HN: How do you get into a ... 转换完成，包含 100 条评论
2026-06-17 17:00:28,022 - scrapers.hackernews_scraper - INFO - 共转换 15 个故事为统一格式
2026-06-17 17:00:28,022 - scrapers.hackernews_scraper - INFO - 爬取完成，共获取 15 个Ask HN故事
2026-06-17 17:00:28,255 - utils.storage_utils - INFO - 已更新源索引: hackernews
2026-06-17 17:00:28,257 - utils.storage_utils - INFO - 数据已保存到 data/hackernews/week_2026-06-15.json
2026-06-17 17:00:28,258 - scrapers.base_scraper - INFO - 数据已保存到 data/hackernews/week_2026-06-15.json
2026-06-17 17:00:28,258 - scrapers.base_scraper - INFO - 成功爬取 Hacker News 的数据
2026-06-17 17:00:28,259 - __main__ - INFO - 完成: 1/3 个爬虫成功运行
2026-06-17 17:00:28,505 - __main__ - INFO - 归档所有源的旧数据
2026-06-17 17:00:28,506 - __main__ - INFO - 源 jandan 归档 无需归档
2026-06-17 17:00:28,506 - __main__ - INFO - 源 reddit 归档 无需归档
2026-06-17 17:00:28,506 - __main__ - INFO - 源 hackernews 归档 无需归档
