2025-06-19 16:01:50,459 - __main__ - INFO - 运行所有爬虫
2025-06-19 16:01:50,459 - scrapers.jandan_scraper - INFO - JandanScraper初始化完成
2025-06-19 16:01:50,459 - scrapers.base_scraper - INFO - 开始爬取 煎蛋网
2025-06-19 16:01:50,459 - scrapers.jandan_scraper - INFO - 开始爬取煎蛋热评
2025-06-19 16:01:53,876 - scrapers.jandan_scraper - INFO - 成功获取HTML内容，长度: 26153
2025-06-19 16:01:53,877 - scrapers.jandan_scraper - INFO - 调试: 手动获取评论 5877984 的吐槽数据
2025-06-19 16:01:53,877 - scrapers.jandan_scraper - INFO - 获取评论 5877984 的吐槽内容: https://jandan.net/api/tucao/list/5877984
2025-06-19 16:01:57,755 - scrapers.jandan_scraper - INFO - 评论 5877984 获取到 1 条热门吐槽, 3 条普通吐槽
2025-06-19 16:01:57,755 - scrapers.jandan_scraper - INFO - 调试: 评论 5877984 获取到 1 条热门吐槽, 3 条普通吐槽
2025-06-19 16:01:57,755 - scrapers.jandan_scraper - INFO - 开始解析页面中的评论
2025-06-19 16:01:57,755 - scrapers.jandan_scraper - INFO - 开始解析HTML内容, 长度: 26153
2025-06-19 16:01:57,764 - scrapers.jandan_scraper - INFO - 找到 0 条热门评论
2025-06-19 16:01:57,764 - scrapers.jandan_scraper - INFO - 解析完成，获取到 0 条评论
2025-06-19 16:01:57,764 - scrapers.jandan_scraper - INFO - 开始转换评论为统一格式
2025-06-19 16:01:57,764 - scrapers.jandan_scraper - INFO - 开始转换 0 条评论到统一格式
2025-06-19 16:01:57,764 - scrapers.jandan_scraper - INFO - 共转换 0 条评论为统一格式
2025-06-19 16:01:57,764 - scrapers.jandan_scraper - INFO - 爬取完成，共获取 0 条热评
2025-06-19 16:01:57,764 - scrapers.base_scraper - ERROR - 爬取 煎蛋网 失败
2025-06-19 16:01:57,765 - scrapers.reddit_scraper - INFO - RedditScraper初始化完成
2025-06-19 16:01:57,765 - scrapers.base_scraper - INFO - 开始爬取 Reddit
2025-06-19 16:01:57,765 - scrapers.reddit_scraper - INFO - 开始爬取Reddit r/confessions每周热门帖子
2025-06-19 16:01:59,796 - utils.http_utils - ERROR - 请求失败: https://www.reddit.com/r/confessions/top/.json?t=week&limit=10, 错误: 403 Client Error: Blocked for url: https://www.reddit.com/r/confessions/top/.json?t=week&limit=10
2025-06-19 16:01:59,796 - scrapers.reddit_scraper - ERROR - 获取API数据失败: 403 Client Error: Blocked for url: https://www.reddit.com/r/confessions/top/.json?t=week&limit=10
2025-06-19 16:01:59,796 - scrapers.base_scraper - ERROR - 爬取 Reddit 失败
2025-06-19 16:01:59,796 - scrapers.hackernews_scraper - INFO - HackerNewsScraper初始化完成
2025-06-19 16:01:59,796 - scrapers.base_scraper - INFO - 开始爬取 Hacker News
2025-06-19 16:01:59,796 - scrapers.hackernews_scraper - INFO - 开始爬取Hacker News Ask HN帖子
2025-06-19 16:01:59,796 - scrapers.hackernews_scraper - INFO - 获取Ask HN页面: https://news.ycombinator.com/ask
2025-06-19 16:02:02,240 - scrapers.hackernews_scraper - INFO - 找到 21 个帖子行
2025-06-19 16:02:02,241 - scrapers.hackernews_scraper - INFO - 成功解析故事: Ask HN: For a team experienced..., 作者=pinter69, 点赞=3, 评论=0
2025-06-19 16:02:02,242 - scrapers.hackernews_scraper - INFO - 成功解析故事: Ask HN: Is AI 'context switchi..., 作者=interstice, 点赞=12, 评论=0
2025-06-19 16:02:02,242 - scrapers.hackernews_scraper - INFO - 成功解析故事: Ask HN: Data engineers, What s..., 作者=robz75, 点赞=10, 评论=0
2025-06-19 16:02:02,243 - scrapers.hackernews_scraper - INFO - 成功解析故事: Ask HN: Tech people who are se..., 作者=throwaway_owe98, 点赞=18, 评论=0
2025-06-19 16:02:02,244 - scrapers.hackernews_scraper - INFO - 成功解析故事: Ask HN: What cool skill or pro..., 作者=akktor, 点赞=125, 评论=0
2025-06-19 16:02:02,244 - scrapers.hackernews_scraper - INFO - 成功解析故事: Ask HN: How do I give back to ..., 作者=jupiterglimpse, 点赞=395, 评论=0
2025-06-19 16:02:02,245 - scrapers.hackernews_scraper - INFO - 成功解析故事: Ask HN: How to Deal with a Bad..., 作者=finik_throwaway, 点赞=85, 评论=0
2025-06-19 16:02:02,246 - scrapers.hackernews_scraper - INFO - 成功解析故事: Ask HN: In a guide to inner wo..., 作者=cjbarber, 点赞=4, 评论=0
2025-06-19 16:02:02,246 - scrapers.hackernews_scraper - INFO - 成功解析故事: Ask HN: What is your fallback ..., 作者=7402, 点赞=93, 评论=0
2025-06-19 16:02:02,247 - scrapers.hackernews_scraper - INFO - 成功解析故事: Ask HN: How to learn CUDA to p..., 作者=upmind, 点赞=249, 评论=0
2025-06-19 16:02:02,247 - scrapers.hackernews_scraper - INFO - 成功解析故事: Ask HN: Is there an AI bot tha..., 作者=bryanrasmussen, 点赞=18, 评论=0
2025-06-19 16:02:02,248 - scrapers.hackernews_scraper - INFO - 成功解析故事: Ask HN: Genuine alternatives t..., 作者=asjdflakjsdf, 点赞=22, 评论=0
2025-06-19 16:02:02,248 - scrapers.hackernews_scraper - INFO - 成功解析 12 个Ask HN故事
2025-06-19 16:02:02,248 - scrapers.hackernews_scraper - INFO - 开始转换 12 个故事到统一格式
2025-06-19 16:02:02,248 - scrapers.hackernews_scraper - INFO - 转换第 1/12 个故事: Ask HN: For a team experienced...
2025-06-19 16:02:05,276 - scrapers.hackernews_scraper - INFO - 找到 0 条评论
2025-06-19 16:02:05,277 - scrapers.hackernews_scraper - INFO - 故事 Ask HN: For a team experienced... 转换完成，包含 0 条评论
2025-06-19 16:02:05,277 - scrapers.hackernews_scraper - INFO - 转换第 2/12 个故事: Ask HN: Is AI 'context switchi...
2025-06-19 16:02:07,151 - scrapers.hackernews_scraper - INFO - 找到 14 条评论
2025-06-19 16:02:07,162 - scrapers.hackernews_scraper - INFO - 故事 Ask HN: Is AI 'context switchi... 转换完成，包含 14 条评论
2025-06-19 16:02:07,162 - scrapers.hackernews_scraper - INFO - 转换第 3/12 个故事: Ask HN: Data engineers, What s...
2025-06-19 16:02:08,888 - scrapers.hackernews_scraper - INFO - 找到 17 条评论
2025-06-19 16:02:08,903 - scrapers.hackernews_scraper - INFO - 故事 Ask HN: Data engineers, What s... 转换完成，包含 17 条评论
2025-06-19 16:02:08,903 - scrapers.hackernews_scraper - INFO - 转换第 4/12 个故事: Ask HN: Tech people who are se...
2025-06-19 16:02:11,741 - scrapers.hackernews_scraper - INFO - 找到 6 条评论
2025-06-19 16:02:11,746 - scrapers.hackernews_scraper - INFO - 故事 Ask HN: Tech people who are se... 转换完成，包含 6 条评论
2025-06-19 16:02:11,746 - scrapers.hackernews_scraper - INFO - 转换第 5/12 个故事: Ask HN: What cool skill or pro...
2025-06-19 16:02:15,047 - scrapers.hackernews_scraper - INFO - 找到 266 条评论
2025-06-19 16:02:16,440 - scrapers.hackernews_scraper - INFO - 故事 Ask HN: What cool skill or pro... 转换完成，包含 100 条评论
2025-06-19 16:02:16,440 - scrapers.hackernews_scraper - INFO - 转换第 6/12 个故事: Ask HN: How do I give back to ...
2025-06-19 16:02:18,468 - scrapers.hackernews_scraper - INFO - 找到 206 条评论
2025-06-19 16:02:19,317 - scrapers.hackernews_scraper - INFO - 故事 Ask HN: How do I give back to ... 转换完成，包含 100 条评论
2025-06-19 16:02:19,318 - scrapers.hackernews_scraper - INFO - 转换第 7/12 个故事: Ask HN: How to Deal with a Bad...
2025-06-19 16:02:21,420 - scrapers.hackernews_scraper - INFO - 找到 79 条评论
2025-06-19 16:02:21,579 - scrapers.hackernews_scraper - INFO - 故事 Ask HN: How to Deal with a Bad... 转换完成，包含 79 条评论
2025-06-19 16:02:21,579 - scrapers.hackernews_scraper - INFO - 转换第 8/12 个故事: Ask HN: In a guide to inner wo...
2025-06-19 16:02:23,305 - scrapers.hackernews_scraper - INFO - 找到 3 条评论
2025-06-19 16:02:23,307 - scrapers.hackernews_scraper - INFO - 故事 Ask HN: In a guide to inner wo... 转换完成，包含 3 条评论
2025-06-19 16:02:23,307 - scrapers.hackernews_scraper - INFO - 转换第 9/12 个故事: Ask HN: What is your fallback ...
2025-06-19 16:02:26,948 - scrapers.hackernews_scraper - INFO - 找到 193 条评论
2025-06-19 16:02:27,688 - scrapers.hackernews_scraper - INFO - 故事 Ask HN: What is your fallback ... 转换完成，包含 100 条评论
2025-06-19 16:02:27,688 - scrapers.hackernews_scraper - INFO - 转换第 10/12 个故事: Ask HN: How to learn CUDA to p...
2025-06-19 16:02:29,379 - scrapers.hackernews_scraper - INFO - 找到 82 条评论
2025-06-19 16:02:29,540 - scrapers.hackernews_scraper - INFO - 故事 Ask HN: How to learn CUDA to p... 转换完成，包含 82 条评论
2025-06-19 16:02:29,540 - scrapers.hackernews_scraper - INFO - 转换第 11/12 个故事: Ask HN: Is there an AI bot tha...
2025-06-19 16:02:30,917 - scrapers.hackernews_scraper - INFO - 找到 12 条评论
2025-06-19 16:02:30,927 - scrapers.hackernews_scraper - INFO - 故事 Ask HN: Is there an AI bot tha... 转换完成，包含 12 条评论
2025-06-19 16:02:30,927 - scrapers.hackernews_scraper - INFO - 转换第 12/12 个故事: Ask HN: Genuine alternatives t...
2025-06-19 16:02:33,307 - scrapers.hackernews_scraper - INFO - 找到 13 条评论
2025-06-19 16:02:33,317 - scrapers.hackernews_scraper - INFO - 故事 Ask HN: Genuine alternatives t... 转换完成，包含 13 条评论
2025-06-19 16:02:33,317 - scrapers.hackernews_scraper - INFO - 共转换 12 个故事为统一格式
2025-06-19 16:02:33,317 - scrapers.hackernews_scraper - INFO - 爬取完成，共获取 12 个Ask HN故事
2025-06-19 16:02:33,854 - utils.storage_utils - INFO - 已更新源索引: hackernews
2025-06-19 16:02:33,856 - utils.storage_utils - INFO - 数据已保存到 data/hackernews/week_2025-06-16.json
2025-06-19 16:02:33,858 - scrapers.base_scraper - INFO - 数据已保存到 data/hackernews/week_2025-06-16.json
2025-06-19 16:02:33,858 - scrapers.base_scraper - INFO - 成功爬取 Hacker News 的数据
2025-06-19 16:02:33,858 - __main__ - INFO - 完成: 1/3 个爬虫成功运行
2025-06-19 16:02:34,096 - __main__ - INFO - 归档所有源的旧数据
2025-06-19 16:02:34,097 - __main__ - INFO - 源 jandan 归档 无需归档
2025-06-19 16:02:34,097 - __main__ - INFO - 源 reddit 归档 无需归档
2025-06-19 16:02:34,097 - __main__ - INFO - 源 hackernews 归档 无需归档
