2026-06-12 16:55:59,366 - __main__ - INFO - 运行所有爬虫
2026-06-12 16:55:59,366 - scrapers.jandan_scraper - INFO - JandanScraper初始化完成
2026-06-12 16:55:59,366 - scrapers.base_scraper - INFO - 开始爬取 煎蛋网
2026-06-12 16:55:59,366 - scrapers.jandan_scraper - INFO - 开始爬取煎蛋热评
2026-06-12 16:56:01,855 - scrapers.jandan_scraper - INFO - 成功获取HTML内容，长度: 31050
2026-06-12 16:56:01,855 - scrapers.jandan_scraper - INFO - 调试: 手动获取评论 5877984 的吐槽数据
2026-06-12 16:56:01,855 - scrapers.jandan_scraper - INFO - 获取评论 5877984 的吐槽内容: https://jandan.net/api/tucao/list/5877984
2026-06-12 16:56:04,893 - scrapers.jandan_scraper - INFO - 评论 5877984 获取到 1 条热门吐槽, 3 条普通吐槽
2026-06-12 16:56:04,893 - scrapers.jandan_scraper - INFO - 调试: 评论 5877984 获取到 1 条热门吐槽, 3 条普通吐槽
2026-06-12 16:56:04,893 - scrapers.jandan_scraper - INFO - 开始解析页面中的评论
2026-06-12 16:56:04,893 - scrapers.jandan_scraper - INFO - 开始解析HTML内容, 长度: 31050
2026-06-12 16:56:04,903 - scrapers.jandan_scraper - INFO - 找到 0 条热门评论
2026-06-12 16:56:04,903 - scrapers.jandan_scraper - INFO - 解析完成，获取到 0 条评论
2026-06-12 16:56:04,903 - scrapers.jandan_scraper - INFO - 开始转换评论为统一格式
2026-06-12 16:56:04,903 - scrapers.jandan_scraper - INFO - 开始转换 0 条评论到统一格式
2026-06-12 16:56:04,903 - scrapers.jandan_scraper - INFO - 共转换 0 条评论为统一格式
2026-06-12 16:56:04,903 - scrapers.jandan_scraper - INFO - 爬取完成，共获取 0 条热评
2026-06-12 16:56:04,903 - scrapers.base_scraper - ERROR - 爬取 煎蛋网 失败
2026-06-12 16:56:04,904 - scrapers.reddit_scraper - INFO - RedditScraper初始化完成
2026-06-12 16:56:04,905 - scrapers.base_scraper - INFO - 开始爬取 Reddit
2026-06-12 16:56:04,905 - scrapers.reddit_scraper - INFO - 开始爬取Reddit r/confessions每周热门帖子
2026-06-12 16:56:07,839 - utils.http_utils - ERROR - 请求失败: https://www.reddit.com/r/confessions/top/.json?t=week&limit=10, 错误: 403 Client Error: Blocked for url: https://www.reddit.com/r/confessions/top/.json?t=week&limit=10
2026-06-12 16:56:07,840 - scrapers.reddit_scraper - ERROR - 获取API数据失败: 403 Client Error: Blocked for url: https://www.reddit.com/r/confessions/top/.json?t=week&limit=10
2026-06-12 16:56:07,840 - scrapers.base_scraper - ERROR - 爬取 Reddit 失败
2026-06-12 16:56:07,840 - scrapers.hackernews_scraper - INFO - HackerNewsScraper初始化完成
2026-06-12 16:56:07,840 - scrapers.base_scraper - INFO - 开始爬取 Hacker News
2026-06-12 16:56:07,840 - scrapers.hackernews_scraper - INFO - 开始爬取Hacker News Ask HN帖子
2026-06-12 16:56:07,840 - scrapers.hackernews_scraper - INFO - 获取Ask HN页面: https://news.ycombinator.com/ask
2026-06-12 16:56:09,908 - scrapers.hackernews_scraper - INFO - 找到 30 个帖子行
2026-06-12 16:56:09,909 - scrapers.hackernews_scraper - INFO - 成功解析故事: Ask HN: I Need Help for a Prod..., 作者=memoryleakgame, 点赞=3, 评论=0
2026-06-12 16:56:09,910 - scrapers.hackernews_scraper - INFO - 成功解析故事: Ask HN: How are thinking effor..., 作者=simianwords, 点赞=78, 评论=0
2026-06-12 16:56:09,911 - scrapers.hackernews_scraper - INFO - 成功解析故事: Ask HN: Favorite text heavy bl..., 作者=joshmarinacci, 点赞=100, 评论=0
2026-06-12 16:56:09,911 - scrapers.hackernews_scraper - INFO - 成功解析故事: Ask HN: Want to build somethin..., 作者=vira28, 点赞=35, 评论=0
2026-06-12 16:56:09,912 - scrapers.hackernews_scraper - INFO - 成功解析故事: Ask HN: Would it be useful to ..., 作者=BugsJustFindMe, 点赞=30, 评论=0
2026-06-12 16:56:09,913 - scrapers.hackernews_scraper - INFO - 成功解析故事: Ask HN: How do you get into a ..., 作者=kilroy123, 点赞=89, 评论=0
2026-06-12 16:56:09,914 - scrapers.hackernews_scraper - INFO - 成功解析故事: Ask HN: Why hasn't there been ..., 作者=mdni007, 点赞=260, 评论=0
2026-06-12 16:56:09,914 - scrapers.hackernews_scraper - INFO - 成功解析故事: Ask HN: Are most corporate SWE..., 作者=hnthrow10282910, 点赞=243, 评论=0
2026-06-12 16:56:09,915 - scrapers.hackernews_scraper - INFO - 成功解析故事: Ask HN: Is anyone shorting the..., 作者=ggm, 点赞=16, 评论=0
2026-06-12 16:56:09,916 - scrapers.hackernews_scraper - INFO - 成功解析故事: Ask HN: Is there a metric for ..., 作者=fractalf, 点赞=5, 评论=0
2026-06-12 16:56:09,916 - scrapers.hackernews_scraper - INFO - 成功解析故事: Ask HN: Agents get dumber befo..., 作者=sporkland, 点赞=9, 评论=0
2026-06-12 16:56:09,917 - scrapers.hackernews_scraper - INFO - 成功解析故事: Ask HN: What are tools you hav..., 作者=aryamaan, 点赞=436, 评论=0
2026-06-12 16:56:09,917 - scrapers.hackernews_scraper - INFO - 成功解析故事: Ask HN: Are you still using a ..., 作者=y1n0, 点赞=167, 评论=0
2026-06-12 16:56:09,918 - scrapers.hackernews_scraper - INFO - 成功解析故事: Ask HN: What internal tool did..., 作者=nehpets, 点赞=7, 评论=0
2026-06-12 16:56:09,919 - scrapers.hackernews_scraper - INFO - 成功解析故事: Ask HN: Just me feeling that M..., 作者=punnerud, 点赞=4, 评论=0
2026-06-12 16:56:09,919 - scrapers.hackernews_scraper - INFO - 成功解析 15 个Ask HN故事
2026-06-12 16:56:09,919 - scrapers.hackernews_scraper - INFO - 开始转换 15 个故事到统一格式
2026-06-12 16:56:09,919 - scrapers.hackernews_scraper - INFO - 转换第 1/15 个故事: Ask HN: I Need Help for a Prod...
2026-06-12 16:56:11,694 - utils.http_utils - ERROR - 请求失败: https://news.ycombinator.com/item?id=48505805, 错误: 429 Client Error: Too Many Requests for url: https://news.ycombinator.com/item?id=48505805
2026-06-12 16:56:11,694 - scrapers.hackernews_scraper - ERROR - 获取故事详情失败: 48505805
2026-06-12 16:56:13,005 - utils.http_utils - ERROR - 请求失败: https://news.ycombinator.com/item?id=48505805, 错误: 429 Client Error: Too Many Requests for url: https://news.ycombinator.com/item?id=48505805
2026-06-12 16:56:13,005 - scrapers.hackernews_scraper - ERROR - 获取故事详情失败: 48505805
2026-06-12 16:56:13,005 - scrapers.hackernews_scraper - INFO - 故事 Ask HN: I Need Help for a Prod... 转换完成，包含 0 条评论
2026-06-12 16:56:13,005 - scrapers.hackernews_scraper - INFO - 转换第 2/15 个故事: Ask HN: How are thinking effor...
2026-06-12 16:56:15,775 - scrapers.hackernews_scraper - INFO - 找到 29 条评论
2026-06-12 16:56:15,802 - scrapers.hackernews_scraper - INFO - 故事 Ask HN: How are thinking effor... 转换完成，包含 29 条评论
2026-06-12 16:56:15,802 - scrapers.hackernews_scraper - INFO - 转换第 3/15 个故事: Ask HN: Favorite text heavy bl...
2026-06-12 16:56:18,423 - scrapers.hackernews_scraper - INFO - 找到 27 条评论
2026-06-12 16:56:18,448 - scrapers.hackernews_scraper - INFO - 故事 Ask HN: Favorite text heavy bl... 转换完成，包含 27 条评论
2026-06-12 16:56:18,448 - scrapers.hackernews_scraper - INFO - 转换第 4/15 个故事: Ask HN: Want to build somethin...
2026-06-12 16:56:19,731 - scrapers.hackernews_scraper - INFO - 找到 13 条评论
2026-06-12 16:56:19,740 - scrapers.hackernews_scraper - INFO - 故事 Ask HN: Want to build somethin... 转换完成，包含 13 条评论
2026-06-12 16:56:19,740 - scrapers.hackernews_scraper - INFO - 转换第 5/15 个故事: Ask HN: Would it be useful to ...
2026-06-12 16:56:21,397 - utils.http_utils - ERROR - 请求失败: https://news.ycombinator.com/item?id=48481947, 错误: 429 Client Error: Too Many Requests for url: https://news.ycombinator.com/item?id=48481947
2026-06-12 16:56:21,397 - scrapers.hackernews_scraper - ERROR - 获取故事详情失败: 48481947
2026-06-12 16:56:23,645 - utils.http_utils - ERROR - 请求失败: https://news.ycombinator.com/item?id=48481947, 错误: 429 Client Error: Too Many Requests for url: https://news.ycombinator.com/item?id=48481947
2026-06-12 16:56:23,645 - scrapers.hackernews_scraper - ERROR - 获取故事详情失败: 48481947
2026-06-12 16:56:23,645 - scrapers.hackernews_scraper - INFO - 故事 Ask HN: Would it be useful to ... 转换完成，包含 0 条评论
2026-06-12 16:56:23,645 - scrapers.hackernews_scraper - INFO - 转换第 6/15 个故事: Ask HN: How do you get into a ...
2026-06-12 16:56:25,658 - utils.http_utils - ERROR - 请求失败: https://news.ycombinator.com/item?id=48492118, 错误: 429 Client Error: Too Many Requests for url: https://news.ycombinator.com/item?id=48492118
2026-06-12 16:56:25,658 - scrapers.hackernews_scraper - ERROR - 获取故事详情失败: 48492118
2026-06-12 16:56:27,542 - utils.http_utils - ERROR - 请求失败: https://news.ycombinator.com/item?id=48492118, 错误: 429 Client Error: Too Many Requests for url: https://news.ycombinator.com/item?id=48492118
2026-06-12 16:56:27,542 - scrapers.hackernews_scraper - ERROR - 获取故事详情失败: 48492118
2026-06-12 16:56:27,542 - scrapers.hackernews_scraper - INFO - 故事 Ask HN: How do you get into a ... 转换完成，包含 0 条评论
2026-06-12 16:56:27,542 - scrapers.hackernews_scraper - INFO - 转换第 7/15 个故事: Ask HN: Why hasn't there been ...
2026-06-12 16:56:29,461 - utils.http_utils - ERROR - 请求失败: https://news.ycombinator.com/item?id=48448313, 错误: 429 Client Error: Too Many Requests for url: https://news.ycombinator.com/item?id=48448313
2026-06-12 16:56:29,461 - scrapers.hackernews_scraper - ERROR - 获取故事详情失败: 48448313
2026-06-12 16:56:31,359 - utils.http_utils - ERROR - 请求失败: https://news.ycombinator.com/item?id=48448313, 错误: 429 Client Error: Too Many Requests for url: https://news.ycombinator.com/item?id=48448313
2026-06-12 16:56:31,360 - scrapers.hackernews_scraper - ERROR - 获取故事详情失败: 48448313
2026-06-12 16:56:31,360 - scrapers.hackernews_scraper - INFO - 故事 Ask HN: Why hasn't there been ... 转换完成，包含 0 条评论
2026-06-12 16:56:31,360 - scrapers.hackernews_scraper - INFO - 转换第 8/15 个故事: Ask HN: Are most corporate SWE...
2026-06-12 16:56:33,125 - utils.http_utils - ERROR - 请求失败: https://news.ycombinator.com/item?id=48475871, 错误: 429 Client Error: Too Many Requests for url: https://news.ycombinator.com/item?id=48475871
2026-06-12 16:56:33,126 - scrapers.hackernews_scraper - ERROR - 获取故事详情失败: 48475871
2026-06-12 16:56:34,957 - utils.http_utils - ERROR - 请求失败: https://news.ycombinator.com/item?id=48475871, 错误: 429 Client Error: Too Many Requests for url: https://news.ycombinator.com/item?id=48475871
2026-06-12 16:56:34,957 - scrapers.hackernews_scraper - ERROR - 获取故事详情失败: 48475871
2026-06-12 16:56:34,958 - scrapers.hackernews_scraper - INFO - 故事 Ask HN: Are most corporate SWE... 转换完成，包含 0 条评论
2026-06-12 16:56:34,958 - scrapers.hackernews_scraper - INFO - 转换第 9/15 个故事: Ask HN: Is anyone shorting the...
2026-06-12 16:56:36,642 - utils.http_utils - ERROR - 请求失败: https://news.ycombinator.com/item?id=48486763, 错误: 429 Client Error: Too Many Requests for url: https://news.ycombinator.com/item?id=48486763
2026-06-12 16:56:36,642 - scrapers.hackernews_scraper - ERROR - 获取故事详情失败: 48486763
2026-06-12 16:56:37,821 - utils.http_utils - ERROR - 请求失败: https://news.ycombinator.com/item?id=48486763, 错误: 429 Client Error: Too Many Requests for url: https://news.ycombinator.com/item?id=48486763
2026-06-12 16:56:37,821 - scrapers.hackernews_scraper - ERROR - 获取故事详情失败: 48486763
2026-06-12 16:56:37,821 - scrapers.hackernews_scraper - INFO - 故事 Ask HN: Is anyone shorting the... 转换完成，包含 0 条评论
2026-06-12 16:56:37,822 - scrapers.hackernews_scraper - INFO - 转换第 10/15 个故事: Ask HN: Is there a metric for ...
2026-06-12 16:56:40,641 - utils.http_utils - ERROR - 请求失败: https://news.ycombinator.com/item?id=48488990, 错误: 429 Client Error: Too Many Requests for url: https://news.ycombinator.com/item?id=48488990
2026-06-12 16:56:40,641 - scrapers.hackernews_scraper - ERROR - 获取故事详情失败: 48488990
2026-06-12 16:56:43,392 - utils.http_utils - ERROR - 请求失败: https://news.ycombinator.com/item?id=48488990, 错误: 429 Client Error: Too Many Requests for url: https://news.ycombinator.com/item?id=48488990
2026-06-12 16:56:43,392 - scrapers.hackernews_scraper - ERROR - 获取故事详情失败: 48488990
2026-06-12 16:56:43,392 - scrapers.hackernews_scraper - INFO - 故事 Ask HN: Is there a metric for ... 转换完成，包含 0 条评论
2026-06-12 16:56:43,392 - scrapers.hackernews_scraper - INFO - 转换第 11/15 个故事: Ask HN: Agents get dumber befo...
2026-06-12 16:56:45,424 - utils.http_utils - ERROR - 请求失败: https://news.ycombinator.com/item?id=48492515, 错误: 429 Client Error: Too Many Requests for url: https://news.ycombinator.com/item?id=48492515
2026-06-12 16:56:45,424 - scrapers.hackernews_scraper - ERROR - 获取故事详情失败: 48492515
2026-06-12 16:56:47,348 - utils.http_utils - ERROR - 请求失败: https://news.ycombinator.com/item?id=48492515, 错误: 429 Client Error: Too Many Requests for url: https://news.ycombinator.com/item?id=48492515
2026-06-12 16:56:47,348 - scrapers.hackernews_scraper - ERROR - 获取故事详情失败: 48492515
2026-06-12 16:56:47,349 - scrapers.hackernews_scraper - INFO - 故事 Ask HN: Agents get dumber befo... 转换完成，包含 0 条评论
2026-06-12 16:56:47,349 - scrapers.hackernews_scraper - INFO - 转换第 12/15 个故事: Ask HN: What are tools you hav...
2026-06-12 16:56:51,716 - scrapers.hackernews_scraper - INFO - 找到 761 条评论
2026-06-12 16:57:00,823 - scrapers.hackernews_scraper - INFO - 故事 Ask HN: What are tools you hav... 转换完成，包含 100 条评论
2026-06-12 16:57:00,823 - scrapers.hackernews_scraper - INFO - 转换第 13/15 个故事: Ask HN: Are you still using a ...
2026-06-12 16:57:03,291 - scrapers.hackernews_scraper - INFO - 找到 212 条评论
2026-06-12 16:57:04,028 - scrapers.hackernews_scraper - INFO - 故事 Ask HN: Are you still using a ... 转换完成，包含 100 条评论
2026-06-12 16:57:04,028 - scrapers.hackernews_scraper - INFO - 转换第 14/15 个故事: Ask HN: What internal tool did...
2026-06-12 16:57:05,757 - utils.http_utils - ERROR - 请求失败: https://news.ycombinator.com/item?id=48486508, 错误: 429 Client Error: Too Many Requests for url: https://news.ycombinator.com/item?id=48486508
2026-06-12 16:57:05,758 - scrapers.hackernews_scraper - ERROR - 获取故事详情失败: 48486508
2026-06-12 16:57:07,243 - utils.http_utils - ERROR - 请求失败: https://news.ycombinator.com/item?id=48486508, 错误: 429 Client Error: Too Many Requests for url: https://news.ycombinator.com/item?id=48486508
2026-06-12 16:57:07,243 - scrapers.hackernews_scraper - ERROR - 获取故事详情失败: 48486508
2026-06-12 16:57:07,243 - scrapers.hackernews_scraper - INFO - 故事 Ask HN: What internal tool did... 转换完成，包含 0 条评论
2026-06-12 16:57:07,244 - scrapers.hackernews_scraper - INFO - 转换第 15/15 个故事: Ask HN: Just me feeling that M...
2026-06-12 16:57:08,702 - utils.http_utils - ERROR - 请求失败: https://news.ycombinator.com/item?id=48486598, 错误: 429 Client Error: Too Many Requests for url: https://news.ycombinator.com/item?id=48486598
2026-06-12 16:57:08,702 - scrapers.hackernews_scraper - ERROR - 获取故事详情失败: 48486598
2026-06-12 16:57:09,894 - utils.http_utils - ERROR - 请求失败: https://news.ycombinator.com/item?id=48486598, 错误: 429 Client Error: Too Many Requests for url: https://news.ycombinator.com/item?id=48486598
2026-06-12 16:57:09,894 - scrapers.hackernews_scraper - ERROR - 获取故事详情失败: 48486598
2026-06-12 16:57:09,894 - scrapers.hackernews_scraper - INFO - 故事 Ask HN: Just me feeling that M... 转换完成，包含 0 条评论
2026-06-12 16:57:09,894 - scrapers.hackernews_scraper - INFO - 共转换 15 个故事为统一格式
2026-06-12 16:57:09,894 - scrapers.hackernews_scraper - INFO - 爬取完成，共获取 15 个Ask HN故事
2026-06-12 16:57:10,239 - utils.storage_utils - INFO - 已更新源索引: hackernews
2026-06-12 16:57:10,240 - utils.storage_utils - INFO - 数据已保存到 data/hackernews/week_2026-06-08.json
2026-06-12 16:57:10,242 - scrapers.base_scraper - INFO - 数据已保存到 data/hackernews/week_2026-06-08.json
2026-06-12 16:57:10,242 - scrapers.base_scraper - INFO - 成功爬取 Hacker News 的数据
2026-06-12 16:57:10,243 - __main__ - INFO - 完成: 1/3 个爬虫成功运行
2026-06-12 16:57:10,460 - __main__ - INFO - 归档所有源的旧数据
2026-06-12 16:57:10,461 - __main__ - INFO - 源 jandan 归档 无需归档
2026-06-12 16:57:10,461 - __main__ - INFO - 源 reddit 归档 无需归档
2026-06-12 16:57:10,461 - __main__ - INFO - 源 hackernews 归档 无需归档
