2025-07-11 16:01:45,402 - __main__ - INFO - 运行所有爬虫
2025-07-11 16:01:45,402 - scrapers.jandan_scraper - INFO - JandanScraper初始化完成
2025-07-11 16:01:45,403 - scrapers.base_scraper - INFO - 开始爬取 煎蛋网
2025-07-11 16:01:45,403 - scrapers.jandan_scraper - INFO - 开始爬取煎蛋热评
2025-07-11 16:01:48,619 - scrapers.jandan_scraper - INFO - 成功获取HTML内容，长度: 26180
2025-07-11 16:01:48,619 - scrapers.jandan_scraper - INFO - 调试: 手动获取评论 5877984 的吐槽数据
2025-07-11 16:01:48,619 - scrapers.jandan_scraper - INFO - 获取评论 5877984 的吐槽内容: https://jandan.net/api/tucao/list/5877984
2025-07-11 16:01:50,920 - scrapers.jandan_scraper - INFO - 评论 5877984 获取到 1 条热门吐槽, 3 条普通吐槽
2025-07-11 16:01:50,920 - scrapers.jandan_scraper - INFO - 调试: 评论 5877984 获取到 1 条热门吐槽, 3 条普通吐槽
2025-07-11 16:01:50,920 - scrapers.jandan_scraper - INFO - 开始解析页面中的评论
2025-07-11 16:01:50,921 - scrapers.jandan_scraper - INFO - 开始解析HTML内容, 长度: 26180
2025-07-11 16:01:50,929 - scrapers.jandan_scraper - INFO - 找到 0 条热门评论
2025-07-11 16:01:50,929 - scrapers.jandan_scraper - INFO - 解析完成，获取到 0 条评论
2025-07-11 16:01:50,929 - scrapers.jandan_scraper - INFO - 开始转换评论为统一格式
2025-07-11 16:01:50,930 - scrapers.jandan_scraper - INFO - 开始转换 0 条评论到统一格式
2025-07-11 16:01:50,930 - scrapers.jandan_scraper - INFO - 共转换 0 条评论为统一格式
2025-07-11 16:01:50,930 - scrapers.jandan_scraper - INFO - 爬取完成，共获取 0 条热评
2025-07-11 16:01:50,930 - scrapers.base_scraper - ERROR - 爬取 煎蛋网 失败
2025-07-11 16:01:50,930 - scrapers.reddit_scraper - INFO - RedditScraper初始化完成
2025-07-11 16:01:50,931 - scrapers.base_scraper - INFO - 开始爬取 Reddit
2025-07-11 16:01:50,931 - scrapers.reddit_scraper - INFO - 开始爬取Reddit r/confessions每周热门帖子
2025-07-11 16:01:53,765 - utils.http_utils - ERROR - 请求失败: https://www.reddit.com/r/confessions/top/.json?t=week&limit=10, 错误: 403 Client Error: Blocked for url: https://www.reddit.com/r/confessions/top/.json?t=week&limit=10
2025-07-11 16:01:53,765 - scrapers.reddit_scraper - ERROR - 获取API数据失败: 403 Client Error: Blocked for url: https://www.reddit.com/r/confessions/top/.json?t=week&limit=10
2025-07-11 16:01:53,765 - scrapers.base_scraper - ERROR - 爬取 Reddit 失败
2025-07-11 16:01:53,765 - scrapers.hackernews_scraper - INFO - HackerNewsScraper初始化完成
2025-07-11 16:01:53,766 - scrapers.base_scraper - INFO - 开始爬取 Hacker News
2025-07-11 16:01:53,766 - scrapers.hackernews_scraper - INFO - 开始爬取Hacker News Ask HN帖子
2025-07-11 16:01:53,766 - scrapers.hackernews_scraper - INFO - 获取Ask HN页面: https://news.ycombinator.com/ask
2025-07-11 16:01:56,542 - scrapers.hackernews_scraper - INFO - 找到 30 个帖子行
2025-07-11 16:01:56,544 - scrapers.hackernews_scraper - INFO - 成功解析故事: Ask HN: How did Soham Parekh g..., 作者=jshchnz, 点赞=306, 评论=0
2025-07-11 16:01:56,544 - scrapers.hackernews_scraper - INFO - 成功解析故事: Ask HN: How to Create Data Flo..., 作者=shivajikobardan, 点赞=4, 评论=0
2025-07-11 16:01:56,545 - scrapers.hackernews_scraper - INFO - 成功解析故事: Ask HN: Good non tech companie..., 作者=nzmkk, 点赞=3, 评论=0
2025-07-11 16:01:56,546 - scrapers.hackernews_scraper - INFO - 成功解析故事: Ask HN: How can I invest in So..., 作者=idontwantthis, 点赞=4, 评论=0
2025-07-11 16:01:56,547 - scrapers.hackernews_scraper - INFO - 成功解析故事: Ask HN: Bug Bounty Dilemma – T..., 作者=deep_thinker26, 点赞=19, 评论=0
2025-07-11 16:01:56,547 - scrapers.hackernews_scraper - INFO - 成功解析故事: Ask HN: People who work differ..., 作者=tetris11, 点赞=16, 评论=0
2025-07-11 16:01:56,548 - scrapers.hackernews_scraper - INFO - 成功解析故事: Ask HN: Does your on-call rota..., 作者=asciifree, 点赞=11, 评论=0
2025-07-11 16:01:56,548 - scrapers.hackernews_scraper - INFO - 成功解析故事: Ask HN: Worth leaving position..., 作者=NotAnOtter, 点赞=76, 评论=0
2025-07-11 16:01:56,549 - scrapers.hackernews_scraper - INFO - 成功解析故事: Ask HN: New RevOps guy wants t..., 作者=9dev, 点赞=4, 评论=0
2025-07-11 16:01:56,549 - scrapers.hackernews_scraper - INFO - 成功解析故事: Ask HN: What's the verdict on ..., 作者=NewUser76312, 点赞=14, 评论=0
2025-07-11 16:01:56,550 - scrapers.hackernews_scraper - INFO - 成功解析故事: Ask HN: What's Your Experience..., 作者=techlust, 点赞=5, 评论=0
2025-07-11 16:01:56,551 - scrapers.hackernews_scraper - INFO - 成功解析故事: Ask HN: What are some cool or ..., 作者=hao_liu, 点赞=10, 评论=0
2025-07-11 16:01:56,551 - scrapers.hackernews_scraper - INFO - 成功解析故事: Ask HN: Any resources for find..., 作者=everyone, 点赞=156, 评论=0
2025-07-11 16:01:56,552 - scrapers.hackernews_scraper - INFO - 成功解析故事: Ask HN: Who Is the Best Paid E..., 作者=thesuperbigfrog, 点赞=23, 评论=0
2025-07-11 16:01:56,552 - scrapers.hackernews_scraper - INFO - 成功解析故事: Ask HN: Advice for Starting a ..., 作者=pkdpic, 点赞=36, 评论=0
2025-07-11 16:01:56,552 - scrapers.hackernews_scraper - INFO - 成功解析 15 个Ask HN故事
2025-07-11 16:01:56,552 - scrapers.hackernews_scraper - INFO - 开始转换 15 个故事到统一格式
2025-07-11 16:01:56,552 - scrapers.hackernews_scraper - INFO - 转换第 1/15 个故事: Ask HN: How did Soham Parekh g...
2025-07-11 16:02:00,369 - scrapers.hackernews_scraper - INFO - 找到 407 条评论
2025-07-11 16:02:04,127 - scrapers.hackernews_scraper - INFO - 故事 Ask HN: How did Soham Parekh g... 转换完成，包含 100 条评论
2025-07-11 16:02:04,127 - scrapers.hackernews_scraper - INFO - 转换第 2/15 个故事: Ask HN: How to Create Data Flo...
2025-07-11 16:02:05,664 - scrapers.hackernews_scraper - INFO - 找到 2 条评论
2025-07-11 16:02:05,665 - scrapers.hackernews_scraper - INFO - 故事 Ask HN: How to Create Data Flo... 转换完成，包含 2 条评论
2025-07-11 16:02:05,666 - scrapers.hackernews_scraper - INFO - 转换第 3/15 个故事: Ask HN: Good non tech companie...
2025-07-11 16:02:08,530 - scrapers.hackernews_scraper - INFO - 找到 3 条评论
2025-07-11 16:02:08,532 - scrapers.hackernews_scraper - INFO - 故事 Ask HN: Good non tech companie... 转换完成，包含 3 条评论
2025-07-11 16:02:08,532 - scrapers.hackernews_scraper - INFO - 转换第 4/15 个故事: Ask HN: How can I invest in So...
2025-07-11 16:02:10,365 - scrapers.hackernews_scraper - INFO - 找到 7 条评论
2025-07-11 16:02:10,370 - scrapers.hackernews_scraper - INFO - 故事 Ask HN: How can I invest in So... 转换完成，包含 7 条评论
2025-07-11 16:02:10,370 - scrapers.hackernews_scraper - INFO - 转换第 5/15 个故事: Ask HN: Bug Bounty Dilemma – T...
2025-07-11 16:02:12,171 - scrapers.hackernews_scraper - INFO - 找到 11 条评论
2025-07-11 16:02:12,179 - scrapers.hackernews_scraper - INFO - 故事 Ask HN: Bug Bounty Dilemma – T... 转换完成，包含 11 条评论
2025-07-11 16:02:12,179 - scrapers.hackernews_scraper - INFO - 转换第 6/15 个故事: Ask HN: People who work differ...
2025-07-11 16:02:13,886 - scrapers.hackernews_scraper - INFO - 找到 25 条评论
2025-07-11 16:02:13,910 - scrapers.hackernews_scraper - INFO - 故事 Ask HN: People who work differ... 转换完成，包含 25 条评论
2025-07-11 16:02:13,910 - scrapers.hackernews_scraper - INFO - 转换第 7/15 个故事: Ask HN: Does your on-call rota...
2025-07-11 16:02:15,490 - scrapers.hackernews_scraper - INFO - 找到 23 条评论
2025-07-11 16:02:15,511 - scrapers.hackernews_scraper - INFO - 故事 Ask HN: Does your on-call rota... 转换完成，包含 23 条评论
2025-07-11 16:02:15,511 - scrapers.hackernews_scraper - INFO - 转换第 8/15 个故事: Ask HN: Worth leaving position...
2025-07-11 16:02:17,475 - scrapers.hackernews_scraper - INFO - 找到 92 条评论
2025-07-11 16:02:17,671 - scrapers.hackernews_scraper - INFO - 故事 Ask HN: Worth leaving position... 转换完成，包含 92 条评论
2025-07-11 16:02:17,671 - scrapers.hackernews_scraper - INFO - 转换第 9/15 个故事: Ask HN: New RevOps guy wants t...
2025-07-11 16:02:19,923 - scrapers.hackernews_scraper - INFO - 找到 15 条评论
2025-07-11 16:02:19,935 - scrapers.hackernews_scraper - INFO - 故事 Ask HN: New RevOps guy wants t... 转换完成，包含 15 条评论
2025-07-11 16:02:19,935 - scrapers.hackernews_scraper - INFO - 转换第 10/15 个故事: Ask HN: What's the verdict on ...
2025-07-11 16:02:22,245 - scrapers.hackernews_scraper - INFO - 找到 16 条评论
2025-07-11 16:02:22,258 - scrapers.hackernews_scraper - INFO - 故事 Ask HN: What's the verdict on ... 转换完成，包含 16 条评论
2025-07-11 16:02:22,259 - scrapers.hackernews_scraper - INFO - 转换第 11/15 个故事: Ask HN: What's Your Experience...
2025-07-11 16:02:23,521 - scrapers.hackernews_scraper - INFO - 找到 8 条评论
2025-07-11 16:02:23,526 - scrapers.hackernews_scraper - INFO - 故事 Ask HN: What's Your Experience... 转换完成，包含 8 条评论
2025-07-11 16:02:23,527 - scrapers.hackernews_scraper - INFO - 转换第 12/15 个故事: Ask HN: What are some cool or ...
2025-07-11 16:02:25,241 - scrapers.hackernews_scraper - INFO - 找到 3 条评论
2025-07-11 16:02:25,243 - scrapers.hackernews_scraper - INFO - 故事 Ask HN: What are some cool or ... 转换完成，包含 3 条评论
2025-07-11 16:02:25,243 - scrapers.hackernews_scraper - INFO - 转换第 13/15 个故事: Ask HN: Any resources for find...
2025-07-11 16:02:28,439 - scrapers.hackernews_scraper - INFO - 找到 132 条评论
2025-07-11 16:02:28,840 - scrapers.hackernews_scraper - INFO - 故事 Ask HN: Any resources for find... 转换完成，包含 100 条评论
2025-07-11 16:02:28,840 - scrapers.hackernews_scraper - INFO - 转换第 14/15 个故事: Ask HN: Who Is the Best Paid E...
2025-07-11 16:02:31,385 - scrapers.hackernews_scraper - INFO - 找到 43 条评论
2025-07-11 16:02:31,438 - scrapers.hackernews_scraper - INFO - 故事 Ask HN: Who Is the Best Paid E... 转换完成，包含 43 条评论
2025-07-11 16:02:31,438 - scrapers.hackernews_scraper - INFO - 转换第 15/15 个故事: Ask HN: Advice for Starting a ...
2025-07-11 16:02:34,163 - scrapers.hackernews_scraper - INFO - 找到 36 条评论
2025-07-11 16:02:34,202 - scrapers.hackernews_scraper - INFO - 故事 Ask HN: Advice for Starting a ... 转换完成，包含 36 条评论
2025-07-11 16:02:34,202 - scrapers.hackernews_scraper - INFO - 共转换 15 个故事为统一格式
2025-07-11 16:02:34,202 - scrapers.hackernews_scraper - INFO - 爬取完成，共获取 15 个Ask HN故事
2025-07-11 16:02:34,850 - utils.storage_utils - INFO - 已更新源索引: hackernews
2025-07-11 16:02:34,853 - utils.storage_utils - INFO - 数据已保存到 data/hackernews/week_2025-07-07.json
2025-07-11 16:02:34,855 - scrapers.base_scraper - INFO - 数据已保存到 data/hackernews/week_2025-07-07.json
2025-07-11 16:02:34,855 - scrapers.base_scraper - INFO - 成功爬取 Hacker News 的数据
2025-07-11 16:02:34,856 - __main__ - INFO - 完成: 1/3 个爬虫成功运行
2025-07-11 16:02:35,122 - __main__ - INFO - 归档所有源的旧数据
2025-07-11 16:02:35,122 - __main__ - INFO - 源 jandan 归档 无需归档
2025-07-11 16:02:35,123 - __main__ - INFO - 源 reddit 归档 无需归档
2025-07-11 16:02:35,123 - __main__ - INFO - 源 hackernews 归档 无需归档
