2025-06-22 16:01:31,788 - __main__ - INFO - 运行所有爬虫
2025-06-22 16:01:31,788 - scrapers.jandan_scraper - INFO - JandanScraper初始化完成
2025-06-22 16:01:31,788 - scrapers.base_scraper - INFO - 开始爬取 煎蛋网
2025-06-22 16:01:31,788 - scrapers.jandan_scraper - INFO - 开始爬取煎蛋热评
2025-06-22 16:01:35,908 - scrapers.jandan_scraper - INFO - 成功获取HTML内容，长度: 26153
2025-06-22 16:01:35,909 - scrapers.jandan_scraper - INFO - 调试: 手动获取评论 5877984 的吐槽数据
2025-06-22 16:01:35,909 - scrapers.jandan_scraper - INFO - 获取评论 5877984 的吐槽内容: https://jandan.net/api/tucao/list/5877984
2025-06-22 16:01:39,546 - scrapers.jandan_scraper - INFO - 评论 5877984 获取到 1 条热门吐槽, 3 条普通吐槽
2025-06-22 16:01:39,547 - scrapers.jandan_scraper - INFO - 调试: 评论 5877984 获取到 1 条热门吐槽, 3 条普通吐槽
2025-06-22 16:01:39,547 - scrapers.jandan_scraper - INFO - 开始解析页面中的评论
2025-06-22 16:01:39,547 - scrapers.jandan_scraper - INFO - 开始解析HTML内容, 长度: 26153
2025-06-22 16:01:39,556 - scrapers.jandan_scraper - INFO - 找到 0 条热门评论
2025-06-22 16:01:39,556 - scrapers.jandan_scraper - INFO - 解析完成，获取到 0 条评论
2025-06-22 16:01:39,556 - scrapers.jandan_scraper - INFO - 开始转换评论为统一格式
2025-06-22 16:01:39,556 - scrapers.jandan_scraper - INFO - 开始转换 0 条评论到统一格式
2025-06-22 16:01:39,556 - scrapers.jandan_scraper - INFO - 共转换 0 条评论为统一格式
2025-06-22 16:01:39,556 - scrapers.jandan_scraper - INFO - 爬取完成，共获取 0 条热评
2025-06-22 16:01:39,556 - scrapers.base_scraper - ERROR - 爬取 煎蛋网 失败
2025-06-22 16:01:39,557 - scrapers.reddit_scraper - INFO - RedditScraper初始化完成
2025-06-22 16:01:39,557 - scrapers.base_scraper - INFO - 开始爬取 Reddit
2025-06-22 16:01:39,557 - scrapers.reddit_scraper - INFO - 开始爬取Reddit r/confessions每周热门帖子
2025-06-22 16:01:41,980 - utils.http_utils - ERROR - 请求失败: https://www.reddit.com/r/confessions/top/.json?t=week&limit=10, 错误: 403 Client Error: Blocked for url: https://www.reddit.com/r/confessions/top/.json?t=week&limit=10
2025-06-22 16:01:41,980 - scrapers.reddit_scraper - ERROR - 获取API数据失败: 403 Client Error: Blocked for url: https://www.reddit.com/r/confessions/top/.json?t=week&limit=10
2025-06-22 16:01:41,980 - scrapers.base_scraper - ERROR - 爬取 Reddit 失败
2025-06-22 16:01:41,980 - scrapers.hackernews_scraper - INFO - HackerNewsScraper初始化完成
2025-06-22 16:01:41,980 - scrapers.base_scraper - INFO - 开始爬取 Hacker News
2025-06-22 16:01:41,980 - scrapers.hackernews_scraper - INFO - 开始爬取Hacker News Ask HN帖子
2025-06-22 16:01:41,981 - scrapers.hackernews_scraper - INFO - 获取Ask HN页面: https://news.ycombinator.com/ask
2025-06-22 16:01:44,760 - scrapers.hackernews_scraper - INFO - 找到 28 个帖子行
2025-06-22 16:01:44,762 - scrapers.hackernews_scraper - INFO - 成功解析故事: Ask HN: How to regain the abil..., 作者=albert_e, 点赞=11, 评论=0
2025-06-22 16:01:44,763 - scrapers.hackernews_scraper - INFO - 成功解析故事: Ask HN: Are you hesitant to op..., 作者=busymom0, 点赞=13, 评论=0
2025-06-22 16:01:44,763 - scrapers.hackernews_scraper - INFO - 成功解析故事: Ask HN: What newspaper are you..., 作者=mynti, 点赞=21, 评论=0
2025-06-22 16:01:44,764 - scrapers.hackernews_scraper - INFO - 成功解析故事: Ask HN: What is your recommend..., 作者=kirtyv, 点赞=3, 评论=0
2025-06-22 16:01:44,765 - scrapers.hackernews_scraper - INFO - 成功解析故事: Ask HN: Tips for hiring? It ha..., 作者=aprdm, 点赞=26, 评论=0
2025-06-22 16:01:44,765 - scrapers.hackernews_scraper - INFO - 成功解析故事: Ask HN: What do you think abou..., 作者=ttd, 点赞=8, 评论=0
2025-06-22 16:01:44,766 - scrapers.hackernews_scraper - INFO - 成功解析故事: Ask HN: How did you meet your ..., 作者=kwar13, 点赞=4, 评论=0
2025-06-22 16:01:44,766 - scrapers.hackernews_scraper - INFO - 成功解析故事: Ask HN: Is AI 'context switchi..., 作者=interstice, 点赞=16, 评论=0
2025-06-22 16:01:44,767 - scrapers.hackernews_scraper - INFO - 成功解析故事: Ask HN: Data engineers, What s..., 作者=robz75, 点赞=14, 评论=0
2025-06-22 16:01:44,768 - scrapers.hackernews_scraper - INFO - 成功解析故事: Ask HN: Tech people who are se..., 作者=throwaway_owe98, 点赞=25, 评论=0
2025-06-22 16:01:44,768 - scrapers.hackernews_scraper - INFO - 成功解析故事: Ask HN: What is the equivalent..., 作者=sirjaz, 点赞=5, 评论=0
2025-06-22 16:01:44,769 - scrapers.hackernews_scraper - INFO - 成功解析故事: Ask HN: AI agents and the futu..., 作者=jackmenotti, 点赞=10, 评论=0
2025-06-22 16:01:44,769 - scrapers.hackernews_scraper - INFO - 成功解析故事: Ask HN: Advice about transitio..., 作者=tiniuclx, 点赞=7, 评论=0
2025-06-22 16:01:44,770 - scrapers.hackernews_scraper - INFO - 成功解析故事: Ask HN: How should I spend 10 ..., 作者=thelock85, 点赞=4, 评论=0
2025-06-22 16:01:44,771 - scrapers.hackernews_scraper - INFO - 成功解析故事: Ask HN: How to Deal with a Bad..., 作者=finik_throwaway, 点赞=87, 评论=0
2025-06-22 16:01:44,771 - scrapers.hackernews_scraper - INFO - 成功解析 15 个Ask HN故事
2025-06-22 16:01:44,771 - scrapers.hackernews_scraper - INFO - 开始转换 15 个故事到统一格式
2025-06-22 16:01:44,771 - scrapers.hackernews_scraper - INFO - 转换第 1/15 个故事: Ask HN: How to regain the abil...
2025-06-22 16:01:46,716 - scrapers.hackernews_scraper - INFO - 找到 6 条评论
2025-06-22 16:01:46,720 - scrapers.hackernews_scraper - INFO - 故事 Ask HN: How to regain the abil... 转换完成，包含 6 条评论
2025-06-22 16:01:46,720 - scrapers.hackernews_scraper - INFO - 转换第 2/15 个故事: Ask HN: Are you hesitant to op...
2025-06-22 16:01:49,597 - scrapers.hackernews_scraper - INFO - 找到 13 条评论
2025-06-22 16:01:49,607 - scrapers.hackernews_scraper - INFO - 故事 Ask HN: Are you hesitant to op... 转换完成，包含 13 条评论
2025-06-22 16:01:49,607 - scrapers.hackernews_scraper - INFO - 转换第 3/15 个故事: Ask HN: What newspaper are you...
2025-06-22 16:01:51,762 - scrapers.hackernews_scraper - INFO - 找到 69 条评论
2025-06-22 16:01:51,882 - scrapers.hackernews_scraper - INFO - 故事 Ask HN: What newspaper are you... 转换完成，包含 69 条评论
2025-06-22 16:01:51,882 - scrapers.hackernews_scraper - INFO - 转换第 4/15 个故事: Ask HN: What is your recommend...
2025-06-22 16:01:53,806 - scrapers.hackernews_scraper - INFO - 找到 11 条评论
2025-06-22 16:01:53,814 - scrapers.hackernews_scraper - INFO - 故事 Ask HN: What is your recommend... 转换完成，包含 11 条评论
2025-06-22 16:01:53,814 - scrapers.hackernews_scraper - INFO - 转换第 5/15 个故事: Ask HN: Tips for hiring? It ha...
2025-06-22 16:01:56,486 - scrapers.hackernews_scraper - INFO - 找到 36 条评论
2025-06-22 16:01:56,528 - scrapers.hackernews_scraper - INFO - 故事 Ask HN: Tips for hiring? It ha... 转换完成，包含 36 条评论
2025-06-22 16:01:56,528 - scrapers.hackernews_scraper - INFO - 转换第 6/15 个故事: Ask HN: What do you think abou...
2025-06-22 16:01:58,410 - scrapers.hackernews_scraper - INFO - 找到 12 条评论
2025-06-22 16:01:58,419 - scrapers.hackernews_scraper - INFO - 故事 Ask HN: What do you think abou... 转换完成，包含 12 条评论
2025-06-22 16:01:58,419 - scrapers.hackernews_scraper - INFO - 转换第 7/15 个故事: Ask HN: How did you meet your ...
2025-06-22 16:02:00,407 - scrapers.hackernews_scraper - INFO - 找到 10 条评论
2025-06-22 16:02:00,414 - scrapers.hackernews_scraper - INFO - 故事 Ask HN: How did you meet your ... 转换完成，包含 10 条评论
2025-06-22 16:02:00,414 - scrapers.hackernews_scraper - INFO - 转换第 8/15 个故事: Ask HN: Is AI 'context switchi...
2025-06-22 16:02:03,320 - scrapers.hackernews_scraper - INFO - 找到 21 条评论
2025-06-22 16:02:03,339 - scrapers.hackernews_scraper - INFO - 故事 Ask HN: Is AI 'context switchi... 转换完成，包含 21 条评论
2025-06-22 16:02:03,339 - scrapers.hackernews_scraper - INFO - 转换第 9/15 个故事: Ask HN: Data engineers, What s...
2025-06-22 16:02:04,544 - scrapers.hackernews_scraper - INFO - 找到 20 条评论
2025-06-22 16:02:04,562 - scrapers.hackernews_scraper - INFO - 故事 Ask HN: Data engineers, What s... 转换完成，包含 20 条评论
2025-06-22 16:02:04,562 - scrapers.hackernews_scraper - INFO - 转换第 10/15 个故事: Ask HN: Tech people who are se...
2025-06-22 16:02:06,274 - scrapers.hackernews_scraper - INFO - 找到 12 条评论
2025-06-22 16:02:06,284 - scrapers.hackernews_scraper - INFO - 故事 Ask HN: Tech people who are se... 转换完成，包含 12 条评论
2025-06-22 16:02:06,284 - scrapers.hackernews_scraper - INFO - 转换第 11/15 个故事: Ask HN: What is the equivalent...
2025-06-22 16:02:09,067 - scrapers.hackernews_scraper - INFO - 找到 8 条评论
2025-06-22 16:02:09,072 - scrapers.hackernews_scraper - INFO - 故事 Ask HN: What is the equivalent... 转换完成，包含 8 条评论
2025-06-22 16:02:09,072 - scrapers.hackernews_scraper - INFO - 转换第 12/15 个故事: Ask HN: AI agents and the futu...
2025-06-22 16:02:10,991 - scrapers.hackernews_scraper - INFO - 找到 7 条评论
2025-06-22 16:02:10,996 - scrapers.hackernews_scraper - INFO - 故事 Ask HN: AI agents and the futu... 转换完成，包含 7 条评论
2025-06-22 16:02:10,996 - scrapers.hackernews_scraper - INFO - 转换第 13/15 个故事: Ask HN: Advice about transitio...
2025-06-22 16:02:13,579 - scrapers.hackernews_scraper - INFO - 找到 10 条评论
2025-06-22 16:02:13,586 - scrapers.hackernews_scraper - INFO - 故事 Ask HN: Advice about transitio... 转换完成，包含 10 条评论
2025-06-22 16:02:13,586 - scrapers.hackernews_scraper - INFO - 转换第 14/15 个故事: Ask HN: How should I spend 10 ...
2025-06-22 16:02:15,820 - scrapers.hackernews_scraper - INFO - 找到 2 条评论
2025-06-22 16:02:15,821 - scrapers.hackernews_scraper - INFO - 故事 Ask HN: How should I spend 10 ... 转换完成，包含 2 条评论
2025-06-22 16:02:15,822 - scrapers.hackernews_scraper - INFO - 转换第 15/15 个故事: Ask HN: How to Deal with a Bad...
2025-06-22 16:02:17,871 - scrapers.hackernews_scraper - INFO - 找到 79 条评论
2025-06-22 16:02:18,024 - scrapers.hackernews_scraper - INFO - 故事 Ask HN: How to Deal with a Bad... 转换完成，包含 79 条评论
2025-06-22 16:02:18,024 - scrapers.hackernews_scraper - INFO - 共转换 15 个故事为统一格式
2025-06-22 16:02:18,024 - scrapers.hackernews_scraper - INFO - 爬取完成，共获取 15 个Ask HN故事
2025-06-22 16:02:18,649 - utils.storage_utils - INFO - 已更新源索引: hackernews
2025-06-22 16:02:18,651 - utils.storage_utils - INFO - 数据已保存到 data/hackernews/week_2025-06-16.json
2025-06-22 16:02:18,654 - scrapers.base_scraper - INFO - 数据已保存到 data/hackernews/week_2025-06-16.json
2025-06-22 16:02:18,654 - scrapers.base_scraper - INFO - 成功爬取 Hacker News 的数据
2025-06-22 16:02:18,654 - __main__ - INFO - 完成: 1/3 个爬虫成功运行
2025-06-22 16:02:18,891 - __main__ - INFO - 归档所有源的旧数据
2025-06-22 16:02:18,892 - __main__ - INFO - 源 jandan 归档 无需归档
2025-06-22 16:02:18,892 - __main__ - INFO - 源 reddit 归档 无需归档
2025-06-22 16:02:18,892 - __main__ - INFO - 源 hackernews 归档 无需归档
