2026-04-22 16:21:20,422 - __main__ - INFO - 运行所有爬虫
2026-04-22 16:21:20,422 - scrapers.jandan_scraper - INFO - JandanScraper初始化完成
2026-04-22 16:21:20,422 - scrapers.base_scraper - INFO - 开始爬取 煎蛋网
2026-04-22 16:21:20,422 - scrapers.jandan_scraper - INFO - 开始爬取煎蛋热评
2026-04-22 16:21:25,128 - scrapers.jandan_scraper - INFO - 成功获取HTML内容，长度: 27241
2026-04-22 16:21:25,128 - scrapers.jandan_scraper - INFO - 调试: 手动获取评论 5877984 的吐槽数据
2026-04-22 16:21:25,128 - scrapers.jandan_scraper - INFO - 获取评论 5877984 的吐槽内容: https://jandan.net/api/tucao/list/5877984
2026-04-22 16:21:28,432 - scrapers.jandan_scraper - INFO - 评论 5877984 获取到 1 条热门吐槽, 3 条普通吐槽
2026-04-22 16:21:28,432 - scrapers.jandan_scraper - INFO - 调试: 评论 5877984 获取到 1 条热门吐槽, 3 条普通吐槽
2026-04-22 16:21:28,432 - scrapers.jandan_scraper - INFO - 开始解析页面中的评论
2026-04-22 16:21:28,432 - scrapers.jandan_scraper - INFO - 开始解析HTML内容, 长度: 27241
2026-04-22 16:21:28,441 - scrapers.jandan_scraper - INFO - 找到 0 条热门评论
2026-04-22 16:21:28,441 - scrapers.jandan_scraper - INFO - 解析完成，获取到 0 条评论
2026-04-22 16:21:28,441 - scrapers.jandan_scraper - INFO - 开始转换评论为统一格式
2026-04-22 16:21:28,441 - scrapers.jandan_scraper - INFO - 开始转换 0 条评论到统一格式
2026-04-22 16:21:28,441 - scrapers.jandan_scraper - INFO - 共转换 0 条评论为统一格式
2026-04-22 16:21:28,441 - scrapers.jandan_scraper - INFO - 爬取完成，共获取 0 条热评
2026-04-22 16:21:28,442 - scrapers.base_scraper - ERROR - 爬取 煎蛋网 失败
2026-04-22 16:21:28,442 - scrapers.reddit_scraper - INFO - RedditScraper初始化完成
2026-04-22 16:21:28,443 - scrapers.base_scraper - INFO - 开始爬取 Reddit
2026-04-22 16:21:28,443 - scrapers.reddit_scraper - INFO - 开始爬取Reddit r/confessions每周热门帖子
2026-04-22 16:21:31,322 - utils.http_utils - ERROR - 请求失败: https://www.reddit.com/r/confessions/top/.json?t=week&limit=10, 错误: 403 Client Error: Blocked for url: https://www.reddit.com/r/confessions/top/.json?t=week&limit=10
2026-04-22 16:21:31,323 - scrapers.reddit_scraper - ERROR - 获取API数据失败: 403 Client Error: Blocked for url: https://www.reddit.com/r/confessions/top/.json?t=week&limit=10
2026-04-22 16:21:31,323 - scrapers.base_scraper - ERROR - 爬取 Reddit 失败
2026-04-22 16:21:31,323 - scrapers.hackernews_scraper - INFO - HackerNewsScraper初始化完成
2026-04-22 16:21:31,323 - scrapers.base_scraper - INFO - 开始爬取 Hacker News
2026-04-22 16:21:31,323 - scrapers.hackernews_scraper - INFO - 开始爬取Hacker News Ask HN帖子
2026-04-22 16:21:31,323 - scrapers.hackernews_scraper - INFO - 获取Ask HN页面: https://news.ycombinator.com/ask
2026-04-22 16:21:32,767 - scrapers.hackernews_scraper - INFO - 找到 26 个帖子行
2026-04-22 16:21:32,769 - scrapers.hackernews_scraper - INFO - 成功解析故事: Ask HN: Are cloud coding agent..., 作者=Rperry2174, 点赞=3, 评论=0
2026-04-22 16:21:32,770 - scrapers.hackernews_scraper - INFO - 成功解析故事: Ask HN: How to solve the cold ..., 作者=alegd, 点赞=143, 评论=0
2026-04-22 16:21:32,770 - scrapers.hackernews_scraper - INFO - 成功解析故事: Ask HN: How did you land your ..., 作者=modelcroissant, 点赞=295, 评论=0
2026-04-22 16:21:32,771 - scrapers.hackernews_scraper - INFO - 成功解析故事: Ask HN: What Would Make Stack ..., 作者=nnurmanov, 点赞=9, 评论=0
2026-04-22 16:21:32,772 - scrapers.hackernews_scraper - INFO - 成功解析故事: Ask HN: What skills are future..., 作者=sunny678, 点赞=28, 评论=0
2026-04-22 16:21:32,772 - scrapers.hackernews_scraper - INFO - 成功解析故事: Ask HN: Are there any engineer..., 作者=jppope, 点赞=2, 评论=0
2026-04-22 16:21:32,773 - scrapers.hackernews_scraper - INFO - 成功解析故事: Ask HN: Building a solo busine..., 作者=fnoef, 点赞=72, 评论=0
2026-04-22 16:21:32,774 - scrapers.hackernews_scraper - INFO - 成功解析故事: Ask HN: Is GitHub's #1 repo fa..., 作者=throwawaysoso, 点赞=10, 评论=0
2026-04-22 16:21:32,775 - scrapers.hackernews_scraper - INFO - 成功解析故事: Ask HN: What makes a good Prod..., 作者=chairhairair, 点赞=9, 评论=0
2026-04-22 16:21:32,775 - scrapers.hackernews_scraper - INFO - 成功解析故事: Ask HN: May be a basic questio..., 作者=jdw64, 点赞=9, 评论=0
2026-04-22 16:21:32,776 - scrapers.hackernews_scraper - INFO - 成功解析故事: Ask HN: How did you get your f..., 作者=arikusi, 点赞=19, 评论=0
2026-04-22 16:21:32,777 - scrapers.hackernews_scraper - INFO - 成功解析故事: Ask HN: Anyone know of that "l..., 作者=tuvix, 点赞=9, 评论=0
2026-04-22 16:21:32,777 - scrapers.hackernews_scraper - INFO - 成功解析 12 个Ask HN故事
2026-04-22 16:21:32,777 - scrapers.hackernews_scraper - INFO - 开始转换 12 个故事到统一格式
2026-04-22 16:21:32,777 - scrapers.hackernews_scraper - INFO - 转换第 1/12 个故事: Ask HN: Are cloud coding agent...
2026-04-22 16:21:35,138 - scrapers.hackernews_scraper - INFO - 找到 2 条评论
2026-04-22 16:21:35,140 - scrapers.hackernews_scraper - INFO - 故事 Ask HN: Are cloud coding agent... 转换完成，包含 2 条评论
2026-04-22 16:21:35,140 - scrapers.hackernews_scraper - INFO - 转换第 2/12 个故事: Ask HN: How to solve the cold ...
2026-04-22 16:21:37,858 - utils.http_utils - ERROR - 请求失败: https://news.ycombinator.com/item?id=47834213, 错误: 429 Client Error: Too Many Requests for url: https://news.ycombinator.com/item?id=47834213
2026-04-22 16:21:37,858 - scrapers.hackernews_scraper - ERROR - 获取故事详情失败: 47834213
2026-04-22 16:21:40,923 - utils.http_utils - ERROR - 请求失败: https://news.ycombinator.com/item?id=47834213, 错误: 429 Client Error: Too Many Requests for url: https://news.ycombinator.com/item?id=47834213
2026-04-22 16:21:40,923 - scrapers.hackernews_scraper - ERROR - 获取故事详情失败: 47834213
2026-04-22 16:21:40,924 - scrapers.hackernews_scraper - INFO - 故事 Ask HN: How to solve the cold ... 转换完成，包含 0 条评论
2026-04-22 16:21:40,924 - scrapers.hackernews_scraper - INFO - 转换第 3/12 个故事: Ask HN: How did you land your ...
2026-04-22 16:21:43,638 - utils.http_utils - ERROR - 请求失败: https://news.ycombinator.com/item?id=47822940, 错误: 429 Client Error: Too Many Requests for url: https://news.ycombinator.com/item?id=47822940
2026-04-22 16:21:43,638 - scrapers.hackernews_scraper - ERROR - 获取故事详情失败: 47822940
2026-04-22 16:21:46,660 - utils.http_utils - ERROR - 请求失败: https://news.ycombinator.com/item?id=47822940, 错误: 429 Client Error: Too Many Requests for url: https://news.ycombinator.com/item?id=47822940
2026-04-22 16:21:46,660 - scrapers.hackernews_scraper - ERROR - 获取故事详情失败: 47822940
2026-04-22 16:21:46,660 - scrapers.hackernews_scraper - INFO - 故事 Ask HN: How did you land your ... 转换完成，包含 0 条评论
2026-04-22 16:21:46,661 - scrapers.hackernews_scraper - INFO - 转换第 4/12 个故事: Ask HN: What Would Make Stack ...
2026-04-22 16:21:48,960 - utils.http_utils - ERROR - 请求失败: https://news.ycombinator.com/item?id=47858591, 错误: 429 Client Error: Too Many Requests for url: https://news.ycombinator.com/item?id=47858591
2026-04-22 16:21:48,961 - scrapers.hackernews_scraper - ERROR - 获取故事详情失败: 47858591
2026-04-22 16:21:51,689 - utils.http_utils - ERROR - 请求失败: https://news.ycombinator.com/item?id=47858591, 错误: 429 Client Error: Too Many Requests for url: https://news.ycombinator.com/item?id=47858591
2026-04-22 16:21:51,689 - scrapers.hackernews_scraper - ERROR - 获取故事详情失败: 47858591
2026-04-22 16:21:51,689 - scrapers.hackernews_scraper - INFO - 故事 Ask HN: What Would Make Stack ... 转换完成，包含 0 条评论
2026-04-22 16:21:51,689 - scrapers.hackernews_scraper - INFO - 转换第 5/12 个故事: Ask HN: What skills are future...
2026-04-22 16:21:53,891 - scrapers.hackernews_scraper - INFO - 找到 59 条评论
2026-04-22 16:21:53,970 - scrapers.hackernews_scraper - INFO - 故事 Ask HN: What skills are future... 转换完成，包含 59 条评论
2026-04-22 16:21:53,970 - scrapers.hackernews_scraper - INFO - 转换第 6/12 个故事: Ask HN: Are there any engineer...
2026-04-22 16:21:55,958 - utils.http_utils - ERROR - 请求失败: https://news.ycombinator.com/item?id=47856082, 错误: 429 Client Error: Too Many Requests for url: https://news.ycombinator.com/item?id=47856082
2026-04-22 16:21:55,958 - scrapers.hackernews_scraper - ERROR - 获取故事详情失败: 47856082
2026-04-22 16:21:57,716 - utils.http_utils - ERROR - 请求失败: https://news.ycombinator.com/item?id=47856082, 错误: 429 Client Error: Too Many Requests for url: https://news.ycombinator.com/item?id=47856082
2026-04-22 16:21:57,716 - scrapers.hackernews_scraper - ERROR - 获取故事详情失败: 47856082
2026-04-22 16:21:57,717 - scrapers.hackernews_scraper - INFO - 故事 Ask HN: Are there any engineer... 转换完成，包含 0 条评论
2026-04-22 16:21:57,717 - scrapers.hackernews_scraper - INFO - 转换第 7/12 个故事: Ask HN: Building a solo busine...
2026-04-22 16:22:00,938 - scrapers.hackernews_scraper - INFO - 找到 95 条评论
2026-04-22 16:22:01,118 - scrapers.hackernews_scraper - INFO - 故事 Ask HN: Building a solo busine... 转换完成，包含 95 条评论
2026-04-22 16:22:01,118 - scrapers.hackernews_scraper - INFO - 转换第 8/12 个故事: Ask HN: Is GitHub's #1 repo fa...
2026-04-22 16:22:03,216 - utils.http_utils - ERROR - 请求失败: https://news.ycombinator.com/item?id=47836356, 错误: 429 Client Error: Too Many Requests for url: https://news.ycombinator.com/item?id=47836356
2026-04-22 16:22:03,216 - scrapers.hackernews_scraper - ERROR - 获取故事详情失败: 47836356
2026-04-22 16:22:05,071 - utils.http_utils - ERROR - 请求失败: https://news.ycombinator.com/item?id=47836356, 错误: 429 Client Error: Too Many Requests for url: https://news.ycombinator.com/item?id=47836356
2026-04-22 16:22:05,071 - scrapers.hackernews_scraper - ERROR - 获取故事详情失败: 47836356
2026-04-22 16:22:05,071 - scrapers.hackernews_scraper - INFO - 故事 Ask HN: Is GitHub's #1 repo fa... 转换完成，包含 0 条评论
2026-04-22 16:22:05,071 - scrapers.hackernews_scraper - INFO - 转换第 9/12 个故事: Ask HN: What makes a good Prod...
2026-04-22 16:22:06,381 - scrapers.hackernews_scraper - INFO - 找到 10 条评论
2026-04-22 16:22:06,387 - scrapers.hackernews_scraper - INFO - 故事 Ask HN: What makes a good Prod... 转换完成，包含 10 条评论
2026-04-22 16:22:06,387 - scrapers.hackernews_scraper - INFO - 转换第 10/12 个故事: Ask HN: May be a basic questio...
2026-04-22 16:22:07,832 - utils.http_utils - ERROR - 请求失败: https://news.ycombinator.com/item?id=47822787, 错误: 429 Client Error: Too Many Requests for url: https://news.ycombinator.com/item?id=47822787
2026-04-22 16:22:07,832 - scrapers.hackernews_scraper - ERROR - 获取故事详情失败: 47822787
2026-04-22 16:22:09,377 - utils.http_utils - ERROR - 请求失败: https://news.ycombinator.com/item?id=47822787, 错误: 429 Client Error: Too Many Requests for url: https://news.ycombinator.com/item?id=47822787
2026-04-22 16:22:09,377 - scrapers.hackernews_scraper - ERROR - 获取故事详情失败: 47822787
2026-04-22 16:22:09,377 - scrapers.hackernews_scraper - INFO - 故事 Ask HN: May be a basic questio... 转换完成，包含 0 条评论
2026-04-22 16:22:09,377 - scrapers.hackernews_scraper - INFO - 转换第 11/12 个故事: Ask HN: How did you get your f...
2026-04-22 16:22:11,056 - utils.http_utils - ERROR - 请求失败: https://news.ycombinator.com/item?id=47800507, 错误: 429 Client Error: Too Many Requests for url: https://news.ycombinator.com/item?id=47800507
2026-04-22 16:22:11,056 - scrapers.hackernews_scraper - ERROR - 获取故事详情失败: 47800507
2026-04-22 16:22:13,412 - utils.http_utils - ERROR - 请求失败: https://news.ycombinator.com/item?id=47800507, 错误: 429 Client Error: Too Many Requests for url: https://news.ycombinator.com/item?id=47800507
2026-04-22 16:22:13,412 - scrapers.hackernews_scraper - ERROR - 获取故事详情失败: 47800507
2026-04-22 16:22:13,412 - scrapers.hackernews_scraper - INFO - 故事 Ask HN: How did you get your f... 转换完成，包含 0 条评论
2026-04-22 16:22:13,412 - scrapers.hackernews_scraper - INFO - 转换第 12/12 个故事: Ask HN: Anyone know of that "l...
2026-04-22 16:22:16,098 - utils.http_utils - ERROR - 请求失败: https://news.ycombinator.com/item?id=47818097, 错误: 429 Client Error: Too Many Requests for url: https://news.ycombinator.com/item?id=47818097
2026-04-22 16:22:16,098 - scrapers.hackernews_scraper - ERROR - 获取故事详情失败: 47818097
2026-04-22 16:22:18,516 - utils.http_utils - ERROR - 请求失败: https://news.ycombinator.com/item?id=47818097, 错误: 429 Client Error: Too Many Requests for url: https://news.ycombinator.com/item?id=47818097
2026-04-22 16:22:18,516 - scrapers.hackernews_scraper - ERROR - 获取故事详情失败: 47818097
2026-04-22 16:22:18,516 - scrapers.hackernews_scraper - INFO - 故事 Ask HN: Anyone know of that "l... 转换完成，包含 0 条评论
2026-04-22 16:22:18,516 - scrapers.hackernews_scraper - INFO - 共转换 12 个故事为统一格式
2026-04-22 16:22:18,516 - scrapers.hackernews_scraper - INFO - 爬取完成，共获取 12 个Ask HN故事
2026-04-22 16:22:18,891 - utils.storage_utils - INFO - 已更新源索引: hackernews
2026-04-22 16:22:18,893 - utils.storage_utils - INFO - 数据已保存到 data/hackernews/week_2026-04-20.json
2026-04-22 16:22:18,894 - scrapers.base_scraper - INFO - 数据已保存到 data/hackernews/week_2026-04-20.json
2026-04-22 16:22:18,894 - scrapers.base_scraper - INFO - 成功爬取 Hacker News 的数据
2026-04-22 16:22:18,895 - __main__ - INFO - 完成: 1/3 个爬虫成功运行
2026-04-22 16:22:19,138 - __main__ - INFO - 归档所有源的旧数据
2026-04-22 16:22:19,139 - __main__ - INFO - 源 jandan 归档 无需归档
2026-04-22 16:22:19,139 - __main__ - INFO - 源 reddit 归档 无需归档
2026-04-22 16:22:19,139 - __main__ - INFO - 源 hackernews 归档 无需归档
