2025-10-25 16:02:16,835 - __main__ - INFO - 运行所有爬虫
2025-10-25 16:02:16,835 - scrapers.jandan_scraper - INFO - JandanScraper初始化完成
2025-10-25 16:02:16,836 - scrapers.base_scraper - INFO - 开始爬取 煎蛋网
2025-10-25 16:02:16,836 - scrapers.jandan_scraper - INFO - 开始爬取煎蛋热评
2025-10-25 16:02:23,023 - scrapers.jandan_scraper - INFO - 成功获取HTML内容，长度: 24786
2025-10-25 16:02:23,023 - scrapers.jandan_scraper - INFO - 调试: 手动获取评论 5877984 的吐槽数据
2025-10-25 16:02:23,023 - scrapers.jandan_scraper - INFO - 获取评论 5877984 的吐槽内容: https://jandan.net/api/tucao/list/5877984
2025-10-25 16:02:26,321 - scrapers.jandan_scraper - INFO - 评论 5877984 获取到 1 条热门吐槽, 3 条普通吐槽
2025-10-25 16:02:26,321 - scrapers.jandan_scraper - INFO - 调试: 评论 5877984 获取到 1 条热门吐槽, 3 条普通吐槽
2025-10-25 16:02:26,321 - scrapers.jandan_scraper - INFO - 开始解析页面中的评论
2025-10-25 16:02:26,321 - scrapers.jandan_scraper - INFO - 开始解析HTML内容, 长度: 24786
2025-10-25 16:02:26,330 - scrapers.jandan_scraper - INFO - 找到 0 条热门评论
2025-10-25 16:02:26,330 - scrapers.jandan_scraper - INFO - 解析完成，获取到 0 条评论
2025-10-25 16:02:26,330 - scrapers.jandan_scraper - INFO - 开始转换评论为统一格式
2025-10-25 16:02:26,330 - scrapers.jandan_scraper - INFO - 开始转换 0 条评论到统一格式
2025-10-25 16:02:26,330 - scrapers.jandan_scraper - INFO - 共转换 0 条评论为统一格式
2025-10-25 16:02:26,330 - scrapers.jandan_scraper - INFO - 爬取完成，共获取 0 条热评
2025-10-25 16:02:26,330 - scrapers.base_scraper - ERROR - 爬取 煎蛋网 失败
2025-10-25 16:02:26,330 - scrapers.reddit_scraper - INFO - RedditScraper初始化完成
2025-10-25 16:02:26,332 - scrapers.base_scraper - INFO - 开始爬取 Reddit
2025-10-25 16:02:26,332 - scrapers.reddit_scraper - INFO - 开始爬取Reddit r/confessions每周热门帖子
2025-10-25 16:02:27,986 - utils.http_utils - ERROR - 请求失败: https://www.reddit.com/r/confessions/top/.json?t=week&limit=10, 错误: 403 Client Error: Blocked for url: https://www.reddit.com/r/confessions/top/.json?t=week&limit=10
2025-10-25 16:02:27,987 - scrapers.reddit_scraper - ERROR - 获取API数据失败: 403 Client Error: Blocked for url: https://www.reddit.com/r/confessions/top/.json?t=week&limit=10
2025-10-25 16:02:27,987 - scrapers.base_scraper - ERROR - 爬取 Reddit 失败
2025-10-25 16:02:27,987 - scrapers.hackernews_scraper - INFO - HackerNewsScraper初始化完成
2025-10-25 16:02:27,988 - scrapers.base_scraper - INFO - 开始爬取 Hacker News
2025-10-25 16:02:27,988 - scrapers.hackernews_scraper - INFO - 开始爬取Hacker News Ask HN帖子
2025-10-25 16:02:27,988 - scrapers.hackernews_scraper - INFO - 获取Ask HN页面: https://news.ycombinator.com/ask
2025-10-25 16:02:29,420 - scrapers.hackernews_scraper - INFO - 找到 25 个帖子行
2025-10-25 16:02:29,422 - scrapers.hackernews_scraper - INFO - 成功解析故事: Ask HN: Our AWS account got co..., 作者=kinj28, 点赞=393, 评论=0
2025-10-25 16:02:29,423 - scrapers.hackernews_scraper - INFO - 成功解析故事: Ask HN: Anyone else use freepa..., 作者=rlawson, 点赞=15, 评论=0
2025-10-25 16:02:29,423 - scrapers.hackernews_scraper - INFO - 成功解析故事: Ask HN: What is a passkey and ..., 作者=CGMthrowaway, 点赞=15, 评论=0
2025-10-25 16:02:29,424 - scrapers.hackernews_scraper - INFO - 成功解析故事: Ask HN: What do you use for fo..., 作者=jaemo, 点赞=7, 评论=0
2025-10-25 16:02:29,425 - scrapers.hackernews_scraper - INFO - 成功解析故事: Ask HN: What are people doing ..., 作者=jwithington, 点赞=195, 评论=0
2025-10-25 16:02:29,425 - scrapers.hackernews_scraper - INFO - 成功解析故事: Ask HN: Where should an experi..., 作者=productiveminds, 点赞=13, 评论=0
2025-10-25 16:02:29,426 - scrapers.hackernews_scraper - INFO - 成功解析故事: Ask HN: Security of Hardware N..., 作者=WorldDev, 点赞=2, 评论=0
2025-10-25 16:02:29,427 - scrapers.hackernews_scraper - INFO - 成功解析故事: Ask HN: Any good books for a l..., 作者=bmau5, 点赞=24, 评论=0
2025-10-25 16:02:29,427 - scrapers.hackernews_scraper - INFO - 成功解析故事: Ask HN: Abacus, learning; Can ..., 作者=kruffalon, 点赞=2, 评论=0
2025-10-25 16:02:29,428 - scrapers.hackernews_scraper - INFO - 成功解析故事: Ask HN: Best practices for res..., 作者=Eugeleo, 点赞=12, 评论=0
2025-10-25 16:02:29,428 - scrapers.hackernews_scraper - INFO - 成功解析故事: Ask HN: Am I the only one not ..., 作者=acqbu, 点赞=18, 评论=0
2025-10-25 16:02:29,429 - scrapers.hackernews_scraper - INFO - 成功解析故事: Ask HN: Preferred Next.js Alte..., 作者=blinkbat, 点赞=4, 评论=0
2025-10-25 16:02:29,430 - scrapers.hackernews_scraper - INFO - 成功解析故事: Ask HN: How many 9s did AWS lo..., 作者=2dvisio, 点赞=7, 评论=0
2025-10-25 16:02:29,431 - scrapers.hackernews_scraper - INFO - 成功解析故事: Ask HN: Would you like some he..., 作者=seph-reed, 点赞=8, 评论=0
2025-10-25 16:02:29,431 - scrapers.hackernews_scraper - INFO - 成功解析 14 个Ask HN故事
2025-10-25 16:02:29,431 - scrapers.hackernews_scraper - INFO - 开始转换 14 个故事到统一格式
2025-10-25 16:02:29,431 - scrapers.hackernews_scraper - INFO - 转换第 1/14 个故事: Ask HN: Our AWS account got co...
2025-10-25 16:02:31,081 - scrapers.hackernews_scraper - INFO - 找到 95 条评论
2025-10-25 16:02:31,268 - scrapers.hackernews_scraper - INFO - 故事 Ask HN: Our AWS account got co... 转换完成，包含 95 条评论
2025-10-25 16:02:31,268 - scrapers.hackernews_scraper - INFO - 转换第 2/14 个故事: Ask HN: Anyone else use freepa...
2025-10-25 16:02:32,899 - scrapers.hackernews_scraper - INFO - 找到 10 条评论
2025-10-25 16:02:32,906 - scrapers.hackernews_scraper - INFO - 故事 Ask HN: Anyone else use freepa... 转换完成，包含 10 条评论
2025-10-25 16:02:32,906 - scrapers.hackernews_scraper - INFO - 转换第 3/14 个故事: Ask HN: What is a passkey and ...
2025-10-25 16:02:35,109 - scrapers.hackernews_scraper - INFO - 找到 4 条评论
2025-10-25 16:02:35,112 - scrapers.hackernews_scraper - INFO - 故事 Ask HN: What is a passkey and ... 转换完成，包含 4 条评论
2025-10-25 16:02:35,112 - scrapers.hackernews_scraper - INFO - 转换第 4/14 个故事: Ask HN: What do you use for fo...
2025-10-25 16:02:36,901 - scrapers.hackernews_scraper - INFO - 找到 16 条评论
2025-10-25 16:02:36,913 - scrapers.hackernews_scraper - INFO - 故事 Ask HN: What do you use for fo... 转换完成，包含 16 条评论
2025-10-25 16:02:36,913 - scrapers.hackernews_scraper - INFO - 转换第 5/14 个故事: Ask HN: What are people doing ...
2025-10-25 16:02:38,540 - scrapers.hackernews_scraper - INFO - 找到 169 条评论
2025-10-25 16:02:39,063 - scrapers.hackernews_scraper - INFO - 故事 Ask HN: What are people doing ... 转换完成，包含 100 条评论
2025-10-25 16:02:39,063 - scrapers.hackernews_scraper - INFO - 转换第 6/14 个故事: Ask HN: Where should an experi...
2025-10-25 16:02:41,922 - scrapers.hackernews_scraper - INFO - 找到 8 条评论
2025-10-25 16:02:41,927 - scrapers.hackernews_scraper - INFO - 故事 Ask HN: Where should an experi... 转换完成，包含 8 条评论
2025-10-25 16:02:41,927 - scrapers.hackernews_scraper - INFO - 转换第 7/14 个故事: Ask HN: Security of Hardware N...
2025-10-25 16:02:43,283 - scrapers.hackernews_scraper - INFO - 找到 0 条评论
2025-10-25 16:02:43,284 - scrapers.hackernews_scraper - INFO - 故事 Ask HN: Security of Hardware N... 转换完成，包含 0 条评论
2025-10-25 16:02:43,284 - scrapers.hackernews_scraper - INFO - 转换第 8/14 个故事: Ask HN: Any good books for a l...
2025-10-25 16:02:45,260 - scrapers.hackernews_scraper - INFO - 找到 6 条评论
2025-10-25 16:02:45,264 - scrapers.hackernews_scraper - INFO - 故事 Ask HN: Any good books for a l... 转换完成，包含 6 条评论
2025-10-25 16:02:45,264 - scrapers.hackernews_scraper - INFO - 转换第 9/14 个故事: Ask HN: Abacus, learning; Can ...
2025-10-25 16:02:46,531 - scrapers.hackernews_scraper - INFO - 找到 2 条评论
2025-10-25 16:02:46,533 - scrapers.hackernews_scraper - INFO - 故事 Ask HN: Abacus, learning; Can ... 转换完成，包含 2 条评论
2025-10-25 16:02:46,533 - scrapers.hackernews_scraper - INFO - 转换第 10/14 个故事: Ask HN: Best practices for res...
2025-10-25 16:02:49,282 - scrapers.hackernews_scraper - INFO - 找到 5 条评论
2025-10-25 16:02:49,285 - scrapers.hackernews_scraper - INFO - 故事 Ask HN: Best practices for res... 转换完成，包含 5 条评论
2025-10-25 16:02:49,285 - scrapers.hackernews_scraper - INFO - 转换第 11/14 个故事: Ask HN: Am I the only one not ...
2025-10-25 16:02:51,875 - scrapers.hackernews_scraper - INFO - 找到 28 条评论
2025-10-25 16:02:51,901 - scrapers.hackernews_scraper - INFO - 故事 Ask HN: Am I the only one not ... 转换完成，包含 28 条评论
2025-10-25 16:02:51,901 - scrapers.hackernews_scraper - INFO - 转换第 12/14 个故事: Ask HN: Preferred Next.js Alte...
2025-10-25 16:02:53,424 - scrapers.hackernews_scraper - INFO - 找到 16 条评论
2025-10-25 16:02:53,436 - scrapers.hackernews_scraper - INFO - 故事 Ask HN: Preferred Next.js Alte... 转换完成，包含 16 条评论
2025-10-25 16:02:53,436 - scrapers.hackernews_scraper - INFO - 转换第 13/14 个故事: Ask HN: How many 9s did AWS lo...
2025-10-25 16:02:54,727 - scrapers.hackernews_scraper - INFO - 找到 1 条评论
2025-10-25 16:02:54,728 - scrapers.hackernews_scraper - INFO - 故事 Ask HN: How many 9s did AWS lo... 转换完成，包含 1 条评论
2025-10-25 16:02:54,728 - scrapers.hackernews_scraper - INFO - 转换第 14/14 个故事: Ask HN: Would you like some he...
2025-10-25 16:02:56,103 - scrapers.hackernews_scraper - INFO - 找到 5 条评论
2025-10-25 16:02:56,107 - scrapers.hackernews_scraper - INFO - 故事 Ask HN: Would you like some he... 转换完成，包含 5 条评论
2025-10-25 16:02:56,107 - scrapers.hackernews_scraper - INFO - 共转换 14 个故事为统一格式
2025-10-25 16:02:56,107 - scrapers.hackernews_scraper - INFO - 爬取完成，共获取 14 个Ask HN故事
2025-10-25 16:02:56,708 - utils.storage_utils - INFO - 已更新源索引: hackernews
2025-10-25 16:02:56,710 - utils.storage_utils - INFO - 数据已保存到 data/hackernews/week_2025-10-20.json
2025-10-25 16:02:56,713 - scrapers.base_scraper - INFO - 数据已保存到 data/hackernews/week_2025-10-20.json
2025-10-25 16:02:56,713 - scrapers.base_scraper - INFO - 成功爬取 Hacker News 的数据
2025-10-25 16:02:56,714 - __main__ - INFO - 完成: 1/3 个爬虫成功运行
2025-10-25 16:02:56,930 - __main__ - INFO - 归档所有源的旧数据
2025-10-25 16:02:56,930 - __main__ - INFO - 源 jandan 归档 无需归档
2025-10-25 16:02:56,931 - __main__ - INFO - 源 reddit 归档 无需归档
2025-10-25 16:02:56,931 - __main__ - INFO - 源 hackernews 归档 无需归档
