2025-09-14 16:02:17,790 - __main__ - INFO - 运行所有爬虫
2025-09-14 16:02:17,790 - scrapers.jandan_scraper - INFO - JandanScraper初始化完成
2025-09-14 16:02:17,790 - scrapers.base_scraper - INFO - 开始爬取 煎蛋网
2025-09-14 16:02:17,790 - scrapers.jandan_scraper - INFO - 开始爬取煎蛋热评
2025-09-14 16:02:22,654 - scrapers.jandan_scraper - INFO - 成功获取HTML内容，长度: 24792
2025-09-14 16:02:22,654 - scrapers.jandan_scraper - INFO - 调试: 手动获取评论 5877984 的吐槽数据
2025-09-14 16:02:22,654 - scrapers.jandan_scraper - INFO - 获取评论 5877984 的吐槽内容: https://jandan.net/api/tucao/list/5877984
2025-09-14 16:02:26,094 - scrapers.jandan_scraper - INFO - 评论 5877984 获取到 1 条热门吐槽, 3 条普通吐槽
2025-09-14 16:02:26,094 - scrapers.jandan_scraper - INFO - 调试: 评论 5877984 获取到 1 条热门吐槽, 3 条普通吐槽
2025-09-14 16:02:26,094 - scrapers.jandan_scraper - INFO - 开始解析页面中的评论
2025-09-14 16:02:26,094 - scrapers.jandan_scraper - INFO - 开始解析HTML内容, 长度: 24792
2025-09-14 16:02:26,103 - scrapers.jandan_scraper - INFO - 找到 0 条热门评论
2025-09-14 16:02:26,103 - scrapers.jandan_scraper - INFO - 解析完成，获取到 0 条评论
2025-09-14 16:02:26,103 - scrapers.jandan_scraper - INFO - 开始转换评论为统一格式
2025-09-14 16:02:26,103 - scrapers.jandan_scraper - INFO - 开始转换 0 条评论到统一格式
2025-09-14 16:02:26,103 - scrapers.jandan_scraper - INFO - 共转换 0 条评论为统一格式
2025-09-14 16:02:26,103 - scrapers.jandan_scraper - INFO - 爬取完成，共获取 0 条热评
2025-09-14 16:02:26,103 - scrapers.base_scraper - ERROR - 爬取 煎蛋网 失败
2025-09-14 16:02:26,103 - scrapers.reddit_scraper - INFO - RedditScraper初始化完成
2025-09-14 16:02:26,105 - scrapers.base_scraper - INFO - 开始爬取 Reddit
2025-09-14 16:02:26,105 - scrapers.reddit_scraper - INFO - 开始爬取Reddit r/confessions每周热门帖子
2025-09-14 16:02:27,584 - utils.http_utils - ERROR - 请求失败: https://www.reddit.com/r/confessions/top/.json?t=week&limit=10, 错误: 403 Client Error: Blocked for url: https://www.reddit.com/r/confessions/top/.json?t=week&limit=10
2025-09-14 16:02:27,585 - scrapers.reddit_scraper - ERROR - 获取API数据失败: 403 Client Error: Blocked for url: https://www.reddit.com/r/confessions/top/.json?t=week&limit=10
2025-09-14 16:02:27,585 - scrapers.base_scraper - ERROR - 爬取 Reddit 失败
2025-09-14 16:02:27,585 - scrapers.hackernews_scraper - INFO - HackerNewsScraper初始化完成
2025-09-14 16:02:27,585 - scrapers.base_scraper - INFO - 开始爬取 Hacker News
2025-09-14 16:02:27,586 - scrapers.hackernews_scraper - INFO - 开始爬取Hacker News Ask HN帖子
2025-09-14 16:02:27,586 - scrapers.hackernews_scraper - INFO - 获取Ask HN页面: https://news.ycombinator.com/ask
2025-09-14 16:02:30,368 - scrapers.hackernews_scraper - INFO - 找到 12 个帖子行
2025-09-14 16:02:30,370 - scrapers.hackernews_scraper - INFO - 成功解析故事: Ask HN: Getting over Burnout w..., 作者=chrsig, 点赞=17, 评论=0
2025-09-14 16:02:30,371 - scrapers.hackernews_scraper - INFO - 成功解析故事: Ask HN: Are there any modern d..., 作者=butz, 点赞=19, 评论=0
2025-09-14 16:02:30,372 - scrapers.hackernews_scraper - INFO - 成功解析故事: Ask HN: Who wants to be hired?..., 作者=whoishiring, 点赞=124, 评论=0
2025-09-14 16:02:30,372 - scrapers.hackernews_scraper - INFO - 成功解析故事: Ask HN: Good resources for DIY..., 作者=xrd, 点赞=29, 评论=0
2025-09-14 16:02:30,373 - scrapers.hackernews_scraper - INFO - 成功解析故事: Ask HN: Looking for headless C..., 作者=rakshithbellare, 点赞=84, 评论=0
2025-09-14 16:02:30,374 - scrapers.hackernews_scraper - INFO - 成功解析故事: Ask HN: Who is hiring? (Septem..., 作者=whoishiring, 点赞=267, 评论=0
2025-09-14 16:02:30,374 - scrapers.hackernews_scraper - INFO - 成功解析 6 个Ask HN故事
2025-09-14 16:02:30,374 - scrapers.hackernews_scraper - INFO - 开始转换 6 个故事到统一格式
2025-09-14 16:02:30,374 - scrapers.hackernews_scraper - INFO - 转换第 1/6 个故事: Ask HN: Getting over Burnout w...
2025-09-14 16:02:33,038 - scrapers.hackernews_scraper - INFO - 找到 3 条评论
2025-09-14 16:02:33,041 - scrapers.hackernews_scraper - INFO - 故事 Ask HN: Getting over Burnout w... 转换完成，包含 3 条评论
2025-09-14 16:02:33,041 - scrapers.hackernews_scraper - INFO - 转换第 2/6 个故事: Ask HN: Are there any modern d...
2025-09-14 16:02:34,358 - scrapers.hackernews_scraper - INFO - 找到 17 条评论
2025-09-14 16:02:34,372 - scrapers.hackernews_scraper - INFO - 故事 Ask HN: Are there any modern d... 转换完成，包含 17 条评论
2025-09-14 16:02:34,372 - scrapers.hackernews_scraper - INFO - 转换第 3/6 个故事: Ask HN: Who wants to be hired?...
2025-09-14 16:02:38,029 - scrapers.hackernews_scraper - INFO - 找到 386 条评论
2025-09-14 16:02:41,655 - scrapers.hackernews_scraper - INFO - 故事 Ask HN: Who wants to be hired?... 转换完成，包含 100 条评论
2025-09-14 16:02:41,655 - scrapers.hackernews_scraper - INFO - 转换第 4/6 个故事: Ask HN: Good resources for DIY...
2025-09-14 16:02:44,546 - scrapers.hackernews_scraper - INFO - 找到 8 条评论
2025-09-14 16:02:44,551 - scrapers.hackernews_scraper - INFO - 故事 Ask HN: Good resources for DIY... 转换完成，包含 8 条评论
2025-09-14 16:02:44,551 - scrapers.hackernews_scraper - INFO - 转换第 5/6 个故事: Ask HN: Looking for headless C...
2025-09-14 16:02:47,805 - scrapers.hackernews_scraper - INFO - 找到 89 条评论
2025-09-14 16:02:47,971 - scrapers.hackernews_scraper - INFO - 故事 Ask HN: Looking for headless C... 转换完成，包含 89 条评论
2025-09-14 16:02:47,971 - scrapers.hackernews_scraper - INFO - 转换第 6/6 个故事: Ask HN: Who is hiring? (Septem...
2025-09-14 16:02:51,652 - scrapers.hackernews_scraper - INFO - 找到 451 条评论
2025-09-14 16:02:56,290 - scrapers.hackernews_scraper - INFO - 故事 Ask HN: Who is hiring? (Septem... 转换完成，包含 100 条评论
2025-09-14 16:02:56,290 - scrapers.hackernews_scraper - INFO - 共转换 6 个故事为统一格式
2025-09-14 16:02:56,290 - scrapers.hackernews_scraper - INFO - 爬取完成，共获取 6 个Ask HN故事
2025-09-14 16:02:56,958 - utils.storage_utils - INFO - 已更新源索引: hackernews
2025-09-14 16:02:56,960 - utils.storage_utils - INFO - 数据已保存到 data/hackernews/week_2025-09-08.json
2025-09-14 16:02:56,962 - scrapers.base_scraper - INFO - 数据已保存到 data/hackernews/week_2025-09-08.json
2025-09-14 16:02:56,962 - scrapers.base_scraper - INFO - 成功爬取 Hacker News 的数据
2025-09-14 16:02:56,963 - __main__ - INFO - 完成: 1/3 个爬虫成功运行
2025-09-14 16:02:57,188 - __main__ - INFO - 归档所有源的旧数据
2025-09-14 16:02:57,189 - __main__ - INFO - 源 jandan 归档 无需归档
2025-09-14 16:02:57,189 - __main__ - INFO - 源 reddit 归档 无需归档
2025-09-14 16:02:57,189 - __main__ - INFO - 源 hackernews 归档 无需归档
