2026-05-06 16:29:54,237 - __main__ - INFO - 运行所有爬虫
2026-05-06 16:29:54,237 - scrapers.jandan_scraper - INFO - JandanScraper初始化完成
2026-05-06 16:29:54,238 - scrapers.base_scraper - INFO - 开始爬取 煎蛋网
2026-05-06 16:29:54,238 - scrapers.jandan_scraper - INFO - 开始爬取煎蛋热评
2026-05-06 16:29:59,162 - scrapers.jandan_scraper - INFO - 成功获取HTML内容，长度: 27412
2026-05-06 16:29:59,162 - scrapers.jandan_scraper - INFO - 调试: 手动获取评论 5877984 的吐槽数据
2026-05-06 16:29:59,162 - scrapers.jandan_scraper - INFO - 获取评论 5877984 的吐槽内容: https://jandan.net/api/tucao/list/5877984
2026-05-06 16:30:01,945 - scrapers.jandan_scraper - INFO - 评论 5877984 获取到 1 条热门吐槽, 3 条普通吐槽
2026-05-06 16:30:01,945 - scrapers.jandan_scraper - INFO - 调试: 评论 5877984 获取到 1 条热门吐槽, 3 条普通吐槽
2026-05-06 16:30:01,945 - scrapers.jandan_scraper - INFO - 开始解析页面中的评论
2026-05-06 16:30:01,945 - scrapers.jandan_scraper - INFO - 开始解析HTML内容, 长度: 27412
2026-05-06 16:30:01,954 - scrapers.jandan_scraper - INFO - 找到 0 条热门评论
2026-05-06 16:30:01,954 - scrapers.jandan_scraper - INFO - 解析完成，获取到 0 条评论
2026-05-06 16:30:01,954 - scrapers.jandan_scraper - INFO - 开始转换评论为统一格式
2026-05-06 16:30:01,954 - scrapers.jandan_scraper - INFO - 开始转换 0 条评论到统一格式
2026-05-06 16:30:01,955 - scrapers.jandan_scraper - INFO - 共转换 0 条评论为统一格式
2026-05-06 16:30:01,955 - scrapers.jandan_scraper - INFO - 爬取完成，共获取 0 条热评
2026-05-06 16:30:01,955 - scrapers.base_scraper - ERROR - 爬取 煎蛋网 失败
2026-05-06 16:30:01,955 - scrapers.reddit_scraper - INFO - RedditScraper初始化完成
2026-05-06 16:30:01,956 - scrapers.base_scraper - INFO - 开始爬取 Reddit
2026-05-06 16:30:01,956 - scrapers.reddit_scraper - INFO - 开始爬取Reddit r/confessions每周热门帖子
2026-05-06 16:30:04,831 - utils.http_utils - ERROR - 请求失败: https://www.reddit.com/r/confessions/top/.json?t=week&limit=10, 错误: 403 Client Error: Blocked for url: https://www.reddit.com/r/confessions/top/.json?t=week&limit=10
2026-05-06 16:30:04,832 - scrapers.reddit_scraper - ERROR - 获取API数据失败: 403 Client Error: Blocked for url: https://www.reddit.com/r/confessions/top/.json?t=week&limit=10
2026-05-06 16:30:04,832 - scrapers.base_scraper - ERROR - 爬取 Reddit 失败
2026-05-06 16:30:04,832 - scrapers.hackernews_scraper - INFO - HackerNewsScraper初始化完成
2026-05-06 16:30:04,832 - scrapers.base_scraper - INFO - 开始爬取 Hacker News
2026-05-06 16:30:04,832 - scrapers.hackernews_scraper - INFO - 开始爬取Hacker News Ask HN帖子
2026-05-06 16:30:04,833 - scrapers.hackernews_scraper - INFO - 获取Ask HN页面: https://news.ycombinator.com/ask
2026-05-06 16:30:07,681 - scrapers.hackernews_scraper - INFO - 找到 16 个帖子行
2026-05-06 16:30:07,682 - scrapers.hackernews_scraper - INFO - 成功解析故事: Ask HN: Who got hired with Who..., 作者=Gooblebrai, 点赞=8, 评论=0
2026-05-06 16:30:07,683 - scrapers.hackernews_scraper - INFO - 成功解析故事: Ask HN: Is the future everyone..., 作者=ex-aws-dude, 点赞=6, 评论=0
2026-05-06 16:30:07,684 - scrapers.hackernews_scraper - INFO - 成功解析故事: Ask HN: Who wants to be hired?..., 作者=whoishiring, 点赞=149, 评论=0
2026-05-06 16:30:07,685 - scrapers.hackernews_scraper - INFO - 成功解析故事: Ask HN: Who is hiring? (May 20..., 作者=whoishiring, 点赞=304, 评论=0
2026-05-06 16:30:07,685 - scrapers.hackernews_scraper - INFO - 成功解析故事: Ask HN: Best Embedding Models?..., 作者=devstein, 点赞=16, 评论=0
2026-05-06 16:30:07,686 - scrapers.hackernews_scraper - INFO - 成功解析故事: Ask HN: Is there a term for fe..., 作者=ge96, 点赞=19, 评论=0
2026-05-06 16:30:07,686 - scrapers.hackernews_scraper - INFO - 成功解析故事: Ask HN: Is the Job Market Actu..., 作者=idontwantthis, 点赞=126, 评论=0
2026-05-06 16:30:07,687 - scrapers.hackernews_scraper - INFO - 成功解析故事: Ask HN: Where are you getting ..., 作者=baetylus, 点赞=10, 评论=0
2026-05-06 16:30:07,688 - scrapers.hackernews_scraper - INFO - 成功解析故事: Ask HN: Why would we care abou..., 作者=ozozozd, 点赞=4, 评论=0
2026-05-06 16:30:07,689 - scrapers.hackernews_scraper - INFO - 成功解析故事: Ask HN: Is a hands-off, family..., 作者=strix_varius, 点赞=10, 评论=0
2026-05-06 16:30:07,690 - scrapers.hackernews_scraper - INFO - 成功解析故事: Ask HN: Those building Swift a..., 作者=p5v, 点赞=18, 评论=0
2026-05-06 16:30:07,690 - scrapers.hackernews_scraper - INFO - 成功解析 11 个Ask HN故事
2026-05-06 16:30:07,690 - scrapers.hackernews_scraper - INFO - 开始转换 11 个故事到统一格式
2026-05-06 16:30:07,690 - scrapers.hackernews_scraper - INFO - 转换第 1/11 个故事: Ask HN: Who got hired with Who...
2026-05-06 16:30:09,485 - utils.http_utils - ERROR - 请求失败: https://news.ycombinator.com/item?id=48033457, 错误: 429 Client Error: Too Many Requests for url: https://news.ycombinator.com/item?id=48033457
2026-05-06 16:30:09,485 - scrapers.hackernews_scraper - ERROR - 获取故事详情失败: 48033457
2026-05-06 16:30:10,593 - utils.http_utils - ERROR - 请求失败: https://news.ycombinator.com/item?id=48033457, 错误: 429 Client Error: Too Many Requests for url: https://news.ycombinator.com/item?id=48033457
2026-05-06 16:30:10,593 - scrapers.hackernews_scraper - ERROR - 获取故事详情失败: 48033457
2026-05-06 16:30:10,593 - scrapers.hackernews_scraper - INFO - 故事 Ask HN: Who got hired with Who... 转换完成，包含 0 条评论
2026-05-06 16:30:10,593 - scrapers.hackernews_scraper - INFO - 转换第 2/11 个故事: Ask HN: Is the future everyone...
2026-05-06 16:30:13,339 - utils.http_utils - ERROR - 请求失败: https://news.ycombinator.com/item?id=48032863, 错误: 429 Client Error: Too Many Requests for url: https://news.ycombinator.com/item?id=48032863
2026-05-06 16:30:13,339 - scrapers.hackernews_scraper - ERROR - 获取故事详情失败: 48032863
2026-05-06 16:30:15,033 - utils.http_utils - ERROR - 请求失败: https://news.ycombinator.com/item?id=48032863, 错误: 429 Client Error: Too Many Requests for url: https://news.ycombinator.com/item?id=48032863
2026-05-06 16:30:15,033 - scrapers.hackernews_scraper - ERROR - 获取故事详情失败: 48032863
2026-05-06 16:30:15,033 - scrapers.hackernews_scraper - INFO - 故事 Ask HN: Is the future everyone... 转换完成，包含 0 条评论
2026-05-06 16:30:15,033 - scrapers.hackernews_scraper - INFO - 转换第 3/11 个故事: Ask HN: Who wants to be hired?...
2026-05-06 16:30:19,664 - scrapers.hackernews_scraper - INFO - 找到 471 条评论
2026-05-06 16:30:24,097 - scrapers.hackernews_scraper - INFO - 故事 Ask HN: Who wants to be hired?... 转换完成，包含 100 条评论
2026-05-06 16:30:24,097 - scrapers.hackernews_scraper - INFO - 转换第 4/11 个故事: Ask HN: Who is hiring? (May 20...
2026-05-06 16:30:27,609 - scrapers.hackernews_scraper - INFO - 找到 465 条评论
2026-05-06 16:30:31,621 - scrapers.hackernews_scraper - INFO - 故事 Ask HN: Who is hiring? (May 20... 转换完成，包含 100 条评论
2026-05-06 16:30:31,621 - scrapers.hackernews_scraper - INFO - 转换第 5/11 个故事: Ask HN: Best Embedding Models?...
2026-05-06 16:30:33,829 - utils.http_utils - ERROR - 请求失败: https://news.ycombinator.com/item?id=48017668, 错误: 429 Client Error: Too Many Requests for url: https://news.ycombinator.com/item?id=48017668
2026-05-06 16:30:33,829 - scrapers.hackernews_scraper - ERROR - 获取故事详情失败: 48017668
2026-05-06 16:30:36,820 - scrapers.hackernews_scraper - INFO - 找到 17 条评论
2026-05-06 16:30:36,833 - scrapers.hackernews_scraper - INFO - 故事 Ask HN: Best Embedding Models?... 转换完成，包含 17 条评论
2026-05-06 16:30:36,833 - scrapers.hackernews_scraper - INFO - 转换第 6/11 个故事: Ask HN: Is there a term for fe...
2026-05-06 16:30:39,694 - scrapers.hackernews_scraper - INFO - 找到 24 条评论
2026-05-06 16:30:39,714 - scrapers.hackernews_scraper - INFO - 故事 Ask HN: Is there a term for fe... 转换完成，包含 24 条评论
2026-05-06 16:30:39,715 - scrapers.hackernews_scraper - INFO - 转换第 7/11 个故事: Ask HN: Is the Job Market Actu...
2026-05-06 16:30:41,882 - scrapers.hackernews_scraper - INFO - 找到 202 条评论
2026-05-06 16:30:42,580 - scrapers.hackernews_scraper - INFO - 故事 Ask HN: Is the Job Market Actu... 转换完成，包含 100 条评论
2026-05-06 16:30:42,580 - scrapers.hackernews_scraper - INFO - 转换第 8/11 个故事: Ask HN: Where are you getting ...
2026-05-06 16:30:43,881 - scrapers.hackernews_scraper - INFO - 找到 13 条评论
2026-05-06 16:30:43,889 - scrapers.hackernews_scraper - INFO - 故事 Ask HN: Where are you getting ... 转换完成，包含 13 条评论
2026-05-06 16:30:43,890 - scrapers.hackernews_scraper - INFO - 转换第 9/11 个故事: Ask HN: Why would we care abou...
2026-05-06 16:30:45,666 - scrapers.hackernews_scraper - INFO - 找到 5 条评论
2026-05-06 16:30:45,670 - scrapers.hackernews_scraper - INFO - 故事 Ask HN: Why would we care abou... 转换完成，包含 5 条评论
2026-05-06 16:30:45,670 - scrapers.hackernews_scraper - INFO - 转换第 10/11 个故事: Ask HN: Is a hands-off, family...
2026-05-06 16:30:47,484 - scrapers.hackernews_scraper - INFO - 找到 11 条评论
2026-05-06 16:30:47,492 - scrapers.hackernews_scraper - INFO - 故事 Ask HN: Is a hands-off, family... 转换完成，包含 11 条评论
2026-05-06 16:30:47,492 - scrapers.hackernews_scraper - INFO - 转换第 11/11 个故事: Ask HN: Those building Swift a...
2026-05-06 16:30:48,985 - utils.http_utils - ERROR - 请求失败: https://news.ycombinator.com/item?id=47998643, 错误: 429 Client Error: Too Many Requests for url: https://news.ycombinator.com/item?id=47998643
2026-05-06 16:30:48,985 - scrapers.hackernews_scraper - ERROR - 获取故事详情失败: 47998643
2026-05-06 16:30:51,496 - utils.http_utils - ERROR - 请求失败: https://news.ycombinator.com/item?id=47998643, 错误: 429 Client Error: Too Many Requests for url: https://news.ycombinator.com/item?id=47998643
2026-05-06 16:30:51,496 - scrapers.hackernews_scraper - ERROR - 获取故事详情失败: 47998643
2026-05-06 16:30:51,496 - scrapers.hackernews_scraper - INFO - 故事 Ask HN: Those building Swift a... 转换完成，包含 0 条评论
2026-05-06 16:30:51,496 - scrapers.hackernews_scraper - INFO - 共转换 11 个故事为统一格式
2026-05-06 16:30:51,496 - scrapers.hackernews_scraper - INFO - 爬取完成，共获取 11 个Ask HN故事
2026-05-06 16:30:51,817 - utils.storage_utils - INFO - 已更新源索引: hackernews
2026-05-06 16:30:51,817 - utils.storage_utils - INFO - 数据已保存到 data/hackernews/week_2026-05-04.json
2026-05-06 16:30:51,818 - scrapers.base_scraper - INFO - 数据已保存到 data/hackernews/week_2026-05-04.json
2026-05-06 16:30:51,818 - scrapers.base_scraper - INFO - 成功爬取 Hacker News 的数据
2026-05-06 16:30:51,819 - __main__ - INFO - 完成: 1/3 个爬虫成功运行
2026-05-06 16:30:52,053 - __main__ - INFO - 归档所有源的旧数据
2026-05-06 16:30:52,053 - __main__ - INFO - 源 jandan 归档 无需归档
2026-05-06 16:30:52,053 - __main__ - INFO - 源 reddit 归档 无需归档
2026-05-06 16:30:52,054 - __main__ - INFO - 源 hackernews 归档 无需归档
