2025-06-16 16:01:45,306 - __main__ - INFO - 运行所有爬虫
2025-06-16 16:01:45,306 - scrapers.jandan_scraper - INFO - JandanScraper初始化完成
2025-06-16 16:01:45,306 - scrapers.base_scraper - INFO - 开始爬取 煎蛋网
2025-06-16 16:01:45,306 - scrapers.jandan_scraper - INFO - 开始爬取煎蛋热评
2025-06-16 16:01:49,498 - scrapers.jandan_scraper - INFO - 成功获取HTML内容，长度: 26153
2025-06-16 16:01:49,499 - scrapers.jandan_scraper - INFO - 调试: 手动获取评论 5877984 的吐槽数据
2025-06-16 16:01:49,499 - scrapers.jandan_scraper - INFO - 获取评论 5877984 的吐槽内容: https://jandan.net/api/tucao/list/5877984
2025-06-16 16:01:52,203 - scrapers.jandan_scraper - INFO - 评论 5877984 获取到 1 条热门吐槽, 3 条普通吐槽
2025-06-16 16:01:52,203 - scrapers.jandan_scraper - INFO - 调试: 评论 5877984 获取到 1 条热门吐槽, 3 条普通吐槽
2025-06-16 16:01:52,203 - scrapers.jandan_scraper - INFO - 开始解析页面中的评论
2025-06-16 16:01:52,203 - scrapers.jandan_scraper - INFO - 开始解析HTML内容, 长度: 26153
2025-06-16 16:01:52,212 - scrapers.jandan_scraper - INFO - 找到 0 条热门评论
2025-06-16 16:01:52,212 - scrapers.jandan_scraper - INFO - 解析完成，获取到 0 条评论
2025-06-16 16:01:52,212 - scrapers.jandan_scraper - INFO - 开始转换评论为统一格式
2025-06-16 16:01:52,212 - scrapers.jandan_scraper - INFO - 开始转换 0 条评论到统一格式
2025-06-16 16:01:52,212 - scrapers.jandan_scraper - INFO - 共转换 0 条评论为统一格式
2025-06-16 16:01:52,212 - scrapers.jandan_scraper - INFO - 爬取完成，共获取 0 条热评
2025-06-16 16:01:52,213 - scrapers.base_scraper - ERROR - 爬取 煎蛋网 失败
2025-06-16 16:01:52,213 - scrapers.reddit_scraper - INFO - RedditScraper初始化完成
2025-06-16 16:01:52,213 - scrapers.base_scraper - INFO - 开始爬取 Reddit
2025-06-16 16:01:52,213 - scrapers.reddit_scraper - INFO - 开始爬取Reddit r/confessions每周热门帖子
2025-06-16 16:01:54,281 - utils.http_utils - ERROR - 请求失败: https://www.reddit.com/r/confessions/top/.json?t=week&limit=10, 错误: 403 Client Error: Blocked for url: https://www.reddit.com/r/confessions/top/.json?t=week&limit=10
2025-06-16 16:01:54,281 - scrapers.reddit_scraper - ERROR - 获取API数据失败: 403 Client Error: Blocked for url: https://www.reddit.com/r/confessions/top/.json?t=week&limit=10
2025-06-16 16:01:54,281 - scrapers.base_scraper - ERROR - 爬取 Reddit 失败
2025-06-16 16:01:54,281 - scrapers.hackernews_scraper - INFO - HackerNewsScraper初始化完成
2025-06-16 16:01:54,281 - scrapers.base_scraper - INFO - 开始爬取 Hacker News
2025-06-16 16:01:54,281 - scrapers.hackernews_scraper - INFO - 开始爬取Hacker News Ask HN帖子
2025-06-16 16:01:54,282 - scrapers.hackernews_scraper - INFO - 获取Ask HN页面: https://news.ycombinator.com/ask
2025-06-16 16:01:56,181 - scrapers.hackernews_scraper - INFO - 找到 30 个帖子行
2025-06-16 16:01:56,183 - scrapers.hackernews_scraper - INFO - 成功解析故事: Ask HN: Is there an AI bot tha..., 作者=bryanrasmussen, 点赞=14, 评论=0
2025-06-16 16:01:56,184 - scrapers.hackernews_scraper - INFO - 成功解析故事: Ask HN: How do I give back to ..., 作者=jupiterglimpse, 点赞=389, 评论=0
2025-06-16 16:01:56,184 - scrapers.hackernews_scraper - INFO - 成功解析故事: Ask HN: How do you handle an e..., 作者=tropicalfruit, 点赞=8, 评论=0
2025-06-16 16:01:56,185 - scrapers.hackernews_scraper - INFO - 成功解析故事: Ask HN: What cool skill or pro..., 作者=akktor, 点赞=122, 评论=0
2025-06-16 16:01:56,185 - scrapers.hackernews_scraper - INFO - 成功解析故事: Ask HN: Prevent Secrets from C..., 作者=abhijais1, 点赞=6, 评论=0
2025-06-16 16:01:56,186 - scrapers.hackernews_scraper - INFO - 成功解析故事: Ask HN: What is your fallback ..., 作者=7402, 点赞=84, 评论=0
2025-06-16 16:01:56,186 - scrapers.hackernews_scraper - INFO - 成功解析故事: Ask HN: AGI and Product Develo..., 作者=MasihMinawal, 点赞=4, 评论=0
2025-06-16 16:01:56,187 - scrapers.hackernews_scraper - INFO - 成功解析故事: Ask HN: How to learn CUDA to p..., 作者=upmind, 点赞=248, 评论=0
2025-06-16 16:01:56,187 - scrapers.hackernews_scraper - INFO - 成功解析故事: Ask HN: Genuine alternatives t..., 作者=asjdflakjsdf, 点赞=18, 评论=0
2025-06-16 16:01:56,188 - scrapers.hackernews_scraper - INFO - 成功解析故事: Ask HN: Is ageism in tech stil..., 作者=leonagano, 点赞=144, 评论=0
2025-06-16 16:01:56,188 - scrapers.hackernews_scraper - INFO - 成功解析故事: Ask HN: Casual Math Book Sugge..., 作者=vriendspookstem, 点赞=10, 评论=0
2025-06-16 16:01:56,189 - scrapers.hackernews_scraper - INFO - 成功解析故事: Ask HN: Seeking ways to improv..., 作者=skuuuLaPoo, 点赞=19, 评论=0
2025-06-16 16:01:56,189 - scrapers.hackernews_scraper - INFO - 成功解析故事: Ask HN: Minecraft's UI element..., 作者=xeonmc, 点赞=19, 评论=0
2025-06-16 16:01:56,190 - scrapers.hackernews_scraper - INFO - 成功解析故事: Ask HN: What are your Unicode ..., 作者=Rendello, 点赞=5, 评论=0
2025-06-16 16:01:56,190 - scrapers.hackernews_scraper - INFO - 成功解析故事: Ask HN: Is it still a good ide..., 作者=not-so-darkstar, 点赞=10, 评论=0
2025-06-16 16:01:56,190 - scrapers.hackernews_scraper - INFO - 成功解析 15 个Ask HN故事
2025-06-16 16:01:56,190 - scrapers.hackernews_scraper - INFO - 开始转换 15 个故事到统一格式
2025-06-16 16:01:56,190 - scrapers.hackernews_scraper - INFO - 转换第 1/15 个故事: Ask HN: Is there an AI bot tha...
2025-06-16 16:01:58,695 - scrapers.hackernews_scraper - INFO - 找到 11 条评论
2025-06-16 16:01:58,705 - scrapers.hackernews_scraper - INFO - 故事 Ask HN: Is there an AI bot tha... 转换完成，包含 11 条评论
2025-06-16 16:01:58,706 - scrapers.hackernews_scraper - INFO - 转换第 2/15 个故事: Ask HN: How do I give back to ...
2025-06-16 16:02:02,433 - scrapers.hackernews_scraper - INFO - 找到 203 条评论
2025-06-16 16:02:03,259 - scrapers.hackernews_scraper - INFO - 故事 Ask HN: How do I give back to ... 转换完成，包含 100 条评论
2025-06-16 16:02:03,259 - scrapers.hackernews_scraper - INFO - 转换第 3/15 个故事: Ask HN: How do you handle an e...
2025-06-16 16:02:05,559 - scrapers.hackernews_scraper - INFO - 找到 12 条评论
2025-06-16 16:02:05,568 - scrapers.hackernews_scraper - INFO - 故事 Ask HN: How do you handle an e... 转换完成，包含 12 条评论
2025-06-16 16:02:05,568 - scrapers.hackernews_scraper - INFO - 转换第 4/15 个故事: Ask HN: What cool skill or pro...
2025-06-16 16:02:09,329 - scrapers.hackernews_scraper - INFO - 找到 258 条评论
2025-06-16 16:02:10,620 - scrapers.hackernews_scraper - INFO - 故事 Ask HN: What cool skill or pro... 转换完成，包含 100 条评论
2025-06-16 16:02:10,620 - scrapers.hackernews_scraper - INFO - 转换第 5/15 个故事: Ask HN: Prevent Secrets from C...
2025-06-16 16:02:11,970 - scrapers.hackernews_scraper - INFO - 找到 10 条评论
2025-06-16 16:02:11,977 - scrapers.hackernews_scraper - INFO - 故事 Ask HN: Prevent Secrets from C... 转换完成，包含 10 条评论
2025-06-16 16:02:11,978 - scrapers.hackernews_scraper - INFO - 转换第 6/15 个故事: Ask HN: What is your fallback ...
2025-06-16 16:02:13,704 - scrapers.hackernews_scraper - INFO - 找到 177 条评论
2025-06-16 16:02:14,334 - scrapers.hackernews_scraper - INFO - 故事 Ask HN: What is your fallback ... 转换完成，包含 100 条评论
2025-06-16 16:02:14,335 - scrapers.hackernews_scraper - INFO - 转换第 7/15 个故事: Ask HN: AGI and Product Develo...
2025-06-16 16:02:15,516 - scrapers.hackernews_scraper - INFO - 找到 1 条评论
2025-06-16 16:02:15,516 - scrapers.hackernews_scraper - INFO - 故事 Ask HN: AGI and Product Develo... 转换完成，包含 1 条评论
2025-06-16 16:02:15,517 - scrapers.hackernews_scraper - INFO - 转换第 8/15 个故事: Ask HN: How to learn CUDA to p...
2025-06-16 16:02:17,702 - scrapers.hackernews_scraper - INFO - 找到 82 条评论
2025-06-16 16:02:17,862 - scrapers.hackernews_scraper - INFO - 故事 Ask HN: How to learn CUDA to p... 转换完成，包含 82 条评论
2025-06-16 16:02:17,862 - scrapers.hackernews_scraper - INFO - 转换第 9/15 个故事: Ask HN: Genuine alternatives t...
2025-06-16 16:02:19,122 - scrapers.hackernews_scraper - INFO - 找到 12 条评论
2025-06-16 16:02:19,131 - scrapers.hackernews_scraper - INFO - 故事 Ask HN: Genuine alternatives t... 转换完成，包含 12 条评论
2025-06-16 16:02:19,131 - scrapers.hackernews_scraper - INFO - 转换第 10/15 个故事: Ask HN: Is ageism in tech stil...
2025-06-16 16:02:22,276 - scrapers.hackernews_scraper - INFO - 找到 178 条评论
2025-06-16 16:02:22,929 - scrapers.hackernews_scraper - INFO - 故事 Ask HN: Is ageism in tech stil... 转换完成，包含 100 条评论
2025-06-16 16:02:22,930 - scrapers.hackernews_scraper - INFO - 转换第 11/15 个故事: Ask HN: Casual Math Book Sugge...
2025-06-16 16:02:25,472 - scrapers.hackernews_scraper - INFO - 找到 6 条评论
2025-06-16 16:02:25,476 - scrapers.hackernews_scraper - INFO - 故事 Ask HN: Casual Math Book Sugge... 转换完成，包含 6 条评论
2025-06-16 16:02:25,476 - scrapers.hackernews_scraper - INFO - 转换第 12/15 个故事: Ask HN: Seeking ways to improv...
2025-06-16 16:02:28,155 - scrapers.hackernews_scraper - INFO - 找到 7 条评论
2025-06-16 16:02:28,160 - scrapers.hackernews_scraper - INFO - 故事 Ask HN: Seeking ways to improv... 转换完成，包含 7 条评论
2025-06-16 16:02:28,160 - scrapers.hackernews_scraper - INFO - 转换第 13/15 个故事: Ask HN: Minecraft's UI element...
2025-06-16 16:02:29,566 - scrapers.hackernews_scraper - INFO - 找到 16 条评论
2025-06-16 16:02:29,579 - scrapers.hackernews_scraper - INFO - 故事 Ask HN: Minecraft's UI element... 转换完成，包含 16 条评论
2025-06-16 16:02:29,579 - scrapers.hackernews_scraper - INFO - 转换第 14/15 个故事: Ask HN: What are your Unicode ...
2025-06-16 16:02:31,816 - scrapers.hackernews_scraper - INFO - 找到 11 条评论
2025-06-16 16:02:31,825 - scrapers.hackernews_scraper - INFO - 故事 Ask HN: What are your Unicode ... 转换完成，包含 11 条评论
2025-06-16 16:02:31,825 - scrapers.hackernews_scraper - INFO - 转换第 15/15 个故事: Ask HN: Is it still a good ide...
2025-06-16 16:02:33,761 - scrapers.hackernews_scraper - INFO - 找到 15 条评论
2025-06-16 16:02:33,773 - scrapers.hackernews_scraper - INFO - 故事 Ask HN: Is it still a good ide... 转换完成，包含 15 条评论
2025-06-16 16:02:33,773 - scrapers.hackernews_scraper - INFO - 共转换 15 个故事为统一格式
2025-06-16 16:02:33,773 - scrapers.hackernews_scraper - INFO - 爬取完成，共获取 15 个Ask HN故事
2025-06-16 16:02:34,201 - utils.storage_utils - INFO - 已更新源索引: hackernews
2025-06-16 16:02:34,203 - utils.storage_utils - INFO - 数据已保存到 data/hackernews/week_2025-06-16.json
2025-06-16 16:02:34,203 - scrapers.base_scraper - INFO - 数据已保存到 data/hackernews/week_2025-06-16.json
2025-06-16 16:02:34,204 - scrapers.base_scraper - INFO - 成功爬取 Hacker News 的数据
2025-06-16 16:02:34,204 - __main__ - INFO - 完成: 1/3 个爬虫成功运行
2025-06-16 16:02:34,447 - __main__ - INFO - 归档所有源的旧数据
2025-06-16 16:02:34,447 - __main__ - INFO - 源 jandan 归档 无需归档
2025-06-16 16:02:34,447 - __main__ - INFO - 源 reddit 归档 无需归档
2025-06-16 16:02:34,447 - __main__ - INFO - 源 hackernews 归档 无需归档
