2026-03-08 16:02:17,666 - __main__ - INFO - 运行所有爬虫
2026-03-08 16:02:17,666 - scrapers.jandan_scraper - INFO - JandanScraper初始化完成
2026-03-08 16:02:17,667 - scrapers.base_scraper - INFO - 开始爬取 煎蛋网
2026-03-08 16:02:17,667 - scrapers.jandan_scraper - INFO - 开始爬取煎蛋热评
2026-03-08 16:02:20,445 - scrapers.jandan_scraper - INFO - 成功获取HTML内容，长度: 27377
2026-03-08 16:02:20,445 - scrapers.jandan_scraper - INFO - 调试: 手动获取评论 5877984 的吐槽数据
2026-03-08 16:02:20,445 - scrapers.jandan_scraper - INFO - 获取评论 5877984 的吐槽内容: https://jandan.net/api/tucao/list/5877984
2026-03-08 16:02:23,248 - scrapers.jandan_scraper - INFO - 评论 5877984 获取到 1 条热门吐槽, 3 条普通吐槽
2026-03-08 16:02:23,248 - scrapers.jandan_scraper - INFO - 调试: 评论 5877984 获取到 1 条热门吐槽, 3 条普通吐槽
2026-03-08 16:02:23,248 - scrapers.jandan_scraper - INFO - 开始解析页面中的评论
2026-03-08 16:02:23,248 - scrapers.jandan_scraper - INFO - 开始解析HTML内容, 长度: 27377
2026-03-08 16:02:23,257 - scrapers.jandan_scraper - INFO - 找到 0 条热门评论
2026-03-08 16:02:23,257 - scrapers.jandan_scraper - INFO - 解析完成，获取到 0 条评论
2026-03-08 16:02:23,257 - scrapers.jandan_scraper - INFO - 开始转换评论为统一格式
2026-03-08 16:02:23,257 - scrapers.jandan_scraper - INFO - 开始转换 0 条评论到统一格式
2026-03-08 16:02:23,257 - scrapers.jandan_scraper - INFO - 共转换 0 条评论为统一格式
2026-03-08 16:02:23,257 - scrapers.jandan_scraper - INFO - 爬取完成，共获取 0 条热评
2026-03-08 16:02:23,257 - scrapers.base_scraper - ERROR - 爬取 煎蛋网 失败
2026-03-08 16:02:23,257 - scrapers.reddit_scraper - INFO - RedditScraper初始化完成
2026-03-08 16:02:23,259 - scrapers.base_scraper - INFO - 开始爬取 Reddit
2026-03-08 16:02:23,259 - scrapers.reddit_scraper - INFO - 开始爬取Reddit r/confessions每周热门帖子
2026-03-08 16:02:25,471 - utils.http_utils - ERROR - 请求失败: https://www.reddit.com/r/confessions/top/.json?t=week&limit=10, 错误: 403 Client Error: Blocked for url: https://www.reddit.com/r/confessions/top/.json?t=week&limit=10
2026-03-08 16:02:25,472 - scrapers.reddit_scraper - ERROR - 获取API数据失败: 403 Client Error: Blocked for url: https://www.reddit.com/r/confessions/top/.json?t=week&limit=10
2026-03-08 16:02:25,472 - scrapers.base_scraper - ERROR - 爬取 Reddit 失败
2026-03-08 16:02:25,472 - scrapers.hackernews_scraper - INFO - HackerNewsScraper初始化完成
2026-03-08 16:02:25,472 - scrapers.base_scraper - INFO - 开始爬取 Hacker News
2026-03-08 16:02:25,472 - scrapers.hackernews_scraper - INFO - 开始爬取Hacker News Ask HN帖子
2026-03-08 16:02:25,473 - scrapers.hackernews_scraper - INFO - 获取Ask HN页面: https://news.ycombinator.com/ask
2026-03-08 16:02:28,296 - scrapers.hackernews_scraper - INFO - 找到 30 个帖子行
2026-03-08 16:02:28,298 - scrapers.hackernews_scraper - INFO - 成功解析故事: Ask HN: Why Is Phil Wang / Luc..., 作者=vessenes, 点赞=3, 评论=0
2026-03-08 16:02:28,298 - scrapers.hackernews_scraper - INFO - 成功解析故事: Ask HN: Would you use a job bo..., 作者=BelVisgarra, 点赞=49, 评论=0
2026-03-08 16:02:28,299 - scrapers.hackernews_scraper - INFO - 成功解析故事: Ask HN: How are you handling p..., 作者=null-phnix, 点赞=2, 评论=0
2026-03-08 16:02:28,300 - scrapers.hackernews_scraper - INFO - 成功解析故事: Ask HN: Can we talk about AI A..., 作者=overgard, 点赞=34, 评论=0
2026-03-08 16:02:28,301 - scrapers.hackernews_scraper - INFO - 成功解析故事: Ask HN: Last time you wrote co..., 作者=blinkbat, 点赞=4, 评论=0
2026-03-08 16:02:28,302 - scrapers.hackernews_scraper - INFO - 成功解析故事: Ask HN: Anyone else feel this ..., 作者=kypro, 点赞=47, 评论=0
2026-03-08 16:02:28,303 - scrapers.hackernews_scraper - INFO - 成功解析故事: Ask HN: What career will you s..., 作者=DGAP, 点赞=25, 评论=0
2026-03-08 16:02:28,303 - scrapers.hackernews_scraper - INFO - 成功解析故事: Ask HN: How are you using mult..., 作者=paifamily, 点赞=15, 评论=0
2026-03-08 16:02:28,304 - scrapers.hackernews_scraper - INFO - 成功解析故事: Ask HN: Do You Enjoy Your Care..., 作者=karakoram, 点赞=28, 评论=0
2026-03-08 16:02:28,304 - scrapers.hackernews_scraper - INFO - 成功解析故事: Ask HN: Doctor with software d..., 作者=frank-cheynne, 点赞=4, 评论=0
2026-03-08 16:02:28,305 - scrapers.hackernews_scraper - INFO - 成功解析故事: Ask HN: Best way to implement ..., 作者=devstatic, 点赞=4, 评论=0
2026-03-08 16:02:28,305 - scrapers.hackernews_scraper - INFO - 成功解析故事: Ask HN: Do You Have a Homelab?..., 作者=ricardbejarano, 点赞=12, 评论=0
2026-03-08 16:02:28,306 - scrapers.hackernews_scraper - INFO - 成功解析故事: Ask HN: Anyone fought a big co..., 作者=NatalijaAAD, 点赞=6, 评论=0
2026-03-08 16:02:28,306 - scrapers.hackernews_scraper - INFO - 成功解析故事: Ask HN: Has anyone noticed the..., 作者=cedarscarlett, 点赞=14, 评论=0
2026-03-08 16:02:28,307 - scrapers.hackernews_scraper - INFO - 成功解析故事: Ask HN: How to Be Alone?..., 作者=sillysaurusx, 点赞=45, 评论=0
2026-03-08 16:02:28,307 - scrapers.hackernews_scraper - INFO - 成功解析 15 个Ask HN故事
2026-03-08 16:02:28,307 - scrapers.hackernews_scraper - INFO - 开始转换 15 个故事到统一格式
2026-03-08 16:02:28,307 - scrapers.hackernews_scraper - INFO - 转换第 1/15 个故事: Ask HN: Why Is Phil Wang / Luc...
2026-03-08 16:02:29,413 - scrapers.hackernews_scraper - INFO - 找到 2 条评论
2026-03-08 16:02:29,414 - scrapers.hackernews_scraper - INFO - 故事 Ask HN: Why Is Phil Wang / Luc... 转换完成，包含 2 条评论
2026-03-08 16:02:29,414 - scrapers.hackernews_scraper - INFO - 转换第 2/15 个故事: Ask HN: Would you use a job bo...
2026-03-08 16:02:31,103 - scrapers.hackernews_scraper - INFO - 找到 97 条评论
2026-03-08 16:02:31,285 - scrapers.hackernews_scraper - INFO - 故事 Ask HN: Would you use a job bo... 转换完成，包含 97 条评论
2026-03-08 16:02:31,286 - scrapers.hackernews_scraper - INFO - 转换第 3/15 个故事: Ask HN: How are you handling p...
2026-03-08 16:02:33,667 - scrapers.hackernews_scraper - INFO - 找到 0 条评论
2026-03-08 16:02:33,667 - scrapers.hackernews_scraper - INFO - 故事 Ask HN: How are you handling p... 转换完成，包含 0 条评论
2026-03-08 16:02:33,667 - scrapers.hackernews_scraper - INFO - 转换第 4/15 个故事: Ask HN: Can we talk about AI A...
2026-03-08 16:02:36,190 - scrapers.hackernews_scraper - INFO - 找到 26 条评论
2026-03-08 16:02:36,213 - scrapers.hackernews_scraper - INFO - 故事 Ask HN: Can we talk about AI A... 转换完成，包含 26 条评论
2026-03-08 16:02:36,213 - scrapers.hackernews_scraper - INFO - 转换第 5/15 个故事: Ask HN: Last time you wrote co...
2026-03-08 16:02:38,956 - scrapers.hackernews_scraper - INFO - 找到 8 条评论
2026-03-08 16:02:38,962 - scrapers.hackernews_scraper - INFO - 故事 Ask HN: Last time you wrote co... 转换完成，包含 8 条评论
2026-03-08 16:02:38,962 - scrapers.hackernews_scraper - INFO - 转换第 6/15 个故事: Ask HN: Anyone else feel this ...
2026-03-08 16:02:41,187 - scrapers.hackernews_scraper - INFO - 找到 26 条评论
2026-03-08 16:02:41,211 - scrapers.hackernews_scraper - INFO - 故事 Ask HN: Anyone else feel this ... 转换完成，包含 26 条评论
2026-03-08 16:02:41,211 - scrapers.hackernews_scraper - INFO - 转换第 7/15 个故事: Ask HN: What career will you s...
2026-03-08 16:02:43,870 - scrapers.hackernews_scraper - INFO - 找到 24 条评论
2026-03-08 16:02:43,889 - scrapers.hackernews_scraper - INFO - 故事 Ask HN: What career will you s... 转换完成，包含 24 条评论
2026-03-08 16:02:43,889 - scrapers.hackernews_scraper - INFO - 转换第 8/15 个故事: Ask HN: How are you using mult...
2026-03-08 16:02:46,477 - scrapers.hackernews_scraper - INFO - 找到 14 条评论
2026-03-08 16:02:46,487 - scrapers.hackernews_scraper - INFO - 故事 Ask HN: How are you using mult... 转换完成，包含 14 条评论
2026-03-08 16:02:46,487 - scrapers.hackernews_scraper - INFO - 转换第 9/15 个故事: Ask HN: Do You Enjoy Your Care...
2026-03-08 16:02:49,205 - scrapers.hackernews_scraper - INFO - 找到 29 条评论
2026-03-08 16:02:49,231 - scrapers.hackernews_scraper - INFO - 故事 Ask HN: Do You Enjoy Your Care... 转换完成，包含 29 条评论
2026-03-08 16:02:49,232 - scrapers.hackernews_scraper - INFO - 转换第 10/15 个故事: Ask HN: Doctor with software d...
2026-03-08 16:02:50,420 - scrapers.hackernews_scraper - INFO - 找到 3 条评论
2026-03-08 16:02:50,422 - scrapers.hackernews_scraper - INFO - 故事 Ask HN: Doctor with software d... 转换完成，包含 3 条评论
2026-03-08 16:02:50,422 - scrapers.hackernews_scraper - INFO - 转换第 11/15 个故事: Ask HN: Best way to implement ...
2026-03-08 16:02:52,347 - scrapers.hackernews_scraper - INFO - 找到 0 条评论
2026-03-08 16:02:52,347 - scrapers.hackernews_scraper - INFO - 故事 Ask HN: Best way to implement ... 转换完成，包含 0 条评论
2026-03-08 16:02:52,347 - scrapers.hackernews_scraper - INFO - 转换第 12/15 个故事: Ask HN: Do You Have a Homelab?...
2026-03-08 16:02:54,490 - scrapers.hackernews_scraper - INFO - 找到 6 条评论
2026-03-08 16:02:54,494 - scrapers.hackernews_scraper - INFO - 故事 Ask HN: Do You Have a Homelab?... 转换完成，包含 6 条评论
2026-03-08 16:02:54,494 - scrapers.hackernews_scraper - INFO - 转换第 13/15 个故事: Ask HN: Anyone fought a big co...
2026-03-08 16:02:56,333 - scrapers.hackernews_scraper - INFO - 找到 0 条评论
2026-03-08 16:02:56,333 - scrapers.hackernews_scraper - INFO - 故事 Ask HN: Anyone fought a big co... 转换完成，包含 0 条评论
2026-03-08 16:02:56,333 - scrapers.hackernews_scraper - INFO - 转换第 14/15 个故事: Ask HN: Has anyone noticed the...
2026-03-08 16:02:57,844 - scrapers.hackernews_scraper - INFO - 找到 8 条评论
2026-03-08 16:02:57,849 - scrapers.hackernews_scraper - INFO - 故事 Ask HN: Has anyone noticed the... 转换完成，包含 8 条评论
2026-03-08 16:02:57,849 - scrapers.hackernews_scraper - INFO - 转换第 15/15 个故事: Ask HN: How to Be Alone?...
2026-03-08 16:02:59,589 - scrapers.hackernews_scraper - INFO - 找到 70 条评论
2026-03-08 16:02:59,698 - scrapers.hackernews_scraper - INFO - 故事 Ask HN: How to Be Alone?... 转换完成，包含 70 条评论
2026-03-08 16:02:59,698 - scrapers.hackernews_scraper - INFO - 共转换 15 个故事为统一格式
2026-03-08 16:02:59,698 - scrapers.hackernews_scraper - INFO - 爬取完成，共获取 15 个Ask HN故事
2026-03-08 16:03:00,285 - utils.storage_utils - INFO - 已更新源索引: hackernews
2026-03-08 16:03:00,287 - utils.storage_utils - INFO - 数据已保存到 data/hackernews/week_2026-03-02.json
2026-03-08 16:03:00,289 - scrapers.base_scraper - INFO - 数据已保存到 data/hackernews/week_2026-03-02.json
2026-03-08 16:03:00,289 - scrapers.base_scraper - INFO - 成功爬取 Hacker News 的数据
2026-03-08 16:03:00,290 - __main__ - INFO - 完成: 1/3 个爬虫成功运行
2026-03-08 16:03:00,513 - __main__ - INFO - 归档所有源的旧数据
2026-03-08 16:03:00,513 - __main__ - INFO - 源 jandan 归档 无需归档
2026-03-08 16:03:00,513 - __main__ - INFO - 源 reddit 归档 无需归档
2026-03-08 16:03:00,513 - __main__ - INFO - 源 hackernews 归档 无需归档
