2026-06-22 17:29:56,394 - __main__ - INFO - 运行所有爬虫
2026-06-22 17:29:56,395 - scrapers.jandan_scraper - INFO - JandanScraper初始化完成
2026-06-22 17:29:56,395 - scrapers.base_scraper - INFO - 开始爬取 煎蛋网
2026-06-22 17:29:56,395 - scrapers.jandan_scraper - INFO - 开始爬取煎蛋热评
2026-06-22 17:29:58,835 - scrapers.jandan_scraper - INFO - 成功获取HTML内容，长度: 37213
2026-06-22 17:29:58,835 - scrapers.jandan_scraper - INFO - 调试: 手动获取评论 5877984 的吐槽数据
2026-06-22 17:29:58,836 - scrapers.jandan_scraper - INFO - 获取评论 5877984 的吐槽内容: https://jandan.net/api/tucao/list/5877984
2026-06-22 17:30:01,764 - scrapers.jandan_scraper - INFO - 评论 5877984 获取到 0 条热门吐槽, 0 条普通吐槽
2026-06-22 17:30:01,765 - scrapers.jandan_scraper - INFO - 调试: 评论 5877984 获取到 0 条热门吐槽, 0 条普通吐槽
2026-06-22 17:30:01,765 - scrapers.jandan_scraper - INFO - 开始解析页面中的评论
2026-06-22 17:30:01,765 - scrapers.jandan_scraper - INFO - 开始解析HTML内容, 长度: 37213
2026-06-22 17:30:01,773 - scrapers.jandan_scraper - INFO - 找到 0 条热门评论
2026-06-22 17:30:01,773 - scrapers.jandan_scraper - INFO - 解析完成，获取到 0 条评论
2026-06-22 17:30:01,773 - scrapers.jandan_scraper - INFO - 开始转换评论为统一格式
2026-06-22 17:30:01,773 - scrapers.jandan_scraper - INFO - 开始转换 0 条评论到统一格式
2026-06-22 17:30:01,773 - scrapers.jandan_scraper - INFO - 共转换 0 条评论为统一格式
2026-06-22 17:30:01,773 - scrapers.jandan_scraper - INFO - 爬取完成，共获取 0 条热评
2026-06-22 17:30:01,773 - scrapers.base_scraper - ERROR - 爬取 煎蛋网 失败
2026-06-22 17:30:01,774 - scrapers.reddit_scraper - INFO - RedditScraper初始化完成
2026-06-22 17:30:01,776 - scrapers.base_scraper - INFO - 开始爬取 Reddit
2026-06-22 17:30:01,776 - scrapers.reddit_scraper - INFO - 开始爬取Reddit r/confessions每周热门帖子
2026-06-22 17:30:03,729 - utils.http_utils - ERROR - 请求失败: https://www.reddit.com/r/confessions/top/.json?t=week&limit=10, 错误: 403 Client Error: Blocked for url: https://www.reddit.com/r/confessions/top/.json?t=week&limit=10
2026-06-22 17:30:03,730 - scrapers.reddit_scraper - ERROR - 获取API数据失败: 403 Client Error: Blocked for url: https://www.reddit.com/r/confessions/top/.json?t=week&limit=10
2026-06-22 17:30:03,730 - scrapers.base_scraper - ERROR - 爬取 Reddit 失败
2026-06-22 17:30:03,731 - scrapers.hackernews_scraper - INFO - HackerNewsScraper初始化完成
2026-06-22 17:30:03,731 - scrapers.base_scraper - INFO - 开始爬取 Hacker News
2026-06-22 17:30:03,731 - scrapers.hackernews_scraper - INFO - 开始爬取Hacker News Ask HN帖子
2026-06-22 17:30:03,731 - scrapers.hackernews_scraper - INFO - 获取Ask HN页面: https://news.ycombinator.com/ask
2026-06-22 17:30:06,470 - scrapers.hackernews_scraper - INFO - 找到 30 个帖子行
2026-06-22 17:30:06,471 - scrapers.hackernews_scraper - INFO - 成功解析故事: Ask HN: How close are we to lo..., 作者=AbstractH24, 点赞=4, 评论=0
2026-06-22 17:30:06,472 - scrapers.hackernews_scraper - INFO - 成功解析故事: Ask HN: Do you have an unusual..., 作者=xupybd, 点赞=36, 评论=0
2026-06-22 17:30:06,472 - scrapers.hackernews_scraper - INFO - 成功解析故事: Ask HN: What is your opinion o..., 作者=po1nt, 点赞=4, 评论=0
2026-06-22 17:30:06,473 - scrapers.hackernews_scraper - INFO - 成功解析故事: Ask HN: Are you being "529 Ove..., 作者=hmokiguess, 点赞=8, 评论=0
2026-06-22 17:30:06,473 - scrapers.hackernews_scraper - INFO - 成功解析故事: Ask HN: Will programmers write..., 作者=amichail, 点赞=148, 评论=0
2026-06-22 17:30:06,474 - scrapers.hackernews_scraper - INFO - 成功解析故事: Ask HN: Is anyone using the A2..., 作者=asim, 点赞=94, 评论=0
2026-06-22 17:30:06,474 - scrapers.hackernews_scraper - INFO - 成功解析故事: Ask HN: Are people optimistic ..., 作者=JohnDSDev, 点赞=36, 评论=0
2026-06-22 17:30:06,475 - scrapers.hackernews_scraper - INFO - 成功解析故事: Ask HN: What would justify wri..., 作者=alonsovm44, 点赞=4, 评论=0
2026-06-22 17:30:06,475 - scrapers.hackernews_scraper - INFO - 成功解析故事: Ask HN: What tools are you usi..., 作者=agos, 点赞=25, 评论=0
2026-06-22 17:30:06,475 - scrapers.hackernews_scraper - INFO - 成功解析故事: Ask HN: Any AI native Anki alt..., 作者=shadag, 点赞=5, 评论=0
2026-06-22 17:30:06,476 - scrapers.hackernews_scraper - INFO - 成功解析故事: Ask HN: Are You a Workaholic?..., 作者=julienreszka, 点赞=5, 评论=0
2026-06-22 17:30:06,476 - scrapers.hackernews_scraper - INFO - 成功解析故事: Ask HN: How should I convert M..., 作者=lkrubner, 点赞=4, 评论=0
2026-06-22 17:30:06,477 - scrapers.hackernews_scraper - INFO - 成功解析故事: Ask HN: After you ship a featu..., 作者=gaggle_dk, 点赞=10, 评论=0
2026-06-22 17:30:06,477 - scrapers.hackernews_scraper - INFO - 成功解析故事: Ask HN: Favorite aspects of Co..., 作者=elcritch, 点赞=5, 评论=0
2026-06-22 17:30:06,478 - scrapers.hackernews_scraper - INFO - 成功解析故事: Ask HN: What are your favourit..., 作者=Imustaskforhelp, 点赞=4, 评论=0
2026-06-22 17:30:06,478 - scrapers.hackernews_scraper - INFO - 成功解析 15 个Ask HN故事
2026-06-22 17:30:06,478 - scrapers.hackernews_scraper - INFO - 开始转换 15 个故事到统一格式
2026-06-22 17:30:06,478 - scrapers.hackernews_scraper - INFO - 转换第 1/15 个故事: Ask HN: How close are we to lo...
2026-06-22 17:30:08,003 - utils.http_utils - ERROR - 请求失败: https://news.ycombinator.com/item?id=48630423, 错误: 429 Client Error: Too Many Requests for url: https://news.ycombinator.com/item?id=48630423
2026-06-22 17:30:08,003 - scrapers.hackernews_scraper - ERROR - 获取故事详情失败: 48630423
2026-06-22 17:30:10,231 - utils.http_utils - ERROR - 请求失败: https://news.ycombinator.com/item?id=48630423, 错误: 429 Client Error: Too Many Requests for url: https://news.ycombinator.com/item?id=48630423
2026-06-22 17:30:10,231 - scrapers.hackernews_scraper - ERROR - 获取故事详情失败: 48630423
2026-06-22 17:30:10,231 - scrapers.hackernews_scraper - INFO - 故事 Ask HN: How close are we to lo... 转换完成，包含 0 条评论
2026-06-22 17:30:10,231 - scrapers.hackernews_scraper - INFO - 转换第 2/15 个故事: Ask HN: Do you have an unusual...
2026-06-22 17:30:11,364 - scrapers.hackernews_scraper - INFO - 找到 23 条评论
2026-06-22 17:30:11,382 - scrapers.hackernews_scraper - INFO - 故事 Ask HN: Do you have an unusual... 转换完成，包含 23 条评论
2026-06-22 17:30:11,382 - scrapers.hackernews_scraper - INFO - 转换第 3/15 个故事: Ask HN: What is your opinion o...
2026-06-22 17:30:13,664 - utils.http_utils - ERROR - 请求失败: https://news.ycombinator.com/item?id=48628274, 错误: 429 Client Error: Too Many Requests for url: https://news.ycombinator.com/item?id=48628274
2026-06-22 17:30:13,665 - scrapers.hackernews_scraper - ERROR - 获取故事详情失败: 48628274
2026-06-22 17:30:16,013 - utils.http_utils - ERROR - 请求失败: https://news.ycombinator.com/item?id=48628274, 错误: 429 Client Error: Too Many Requests for url: https://news.ycombinator.com/item?id=48628274
2026-06-22 17:30:16,013 - scrapers.hackernews_scraper - ERROR - 获取故事详情失败: 48628274
2026-06-22 17:30:16,013 - scrapers.hackernews_scraper - INFO - 故事 Ask HN: What is your opinion o... 转换完成，包含 0 条评论
2026-06-22 17:30:16,013 - scrapers.hackernews_scraper - INFO - 转换第 4/15 个故事: Ask HN: Are you being "529 Ove...
2026-06-22 17:30:17,529 - utils.http_utils - ERROR - 请求失败: https://news.ycombinator.com/item?id=48624168, 错误: 429 Client Error: Too Many Requests for url: https://news.ycombinator.com/item?id=48624168
2026-06-22 17:30:17,530 - scrapers.hackernews_scraper - ERROR - 获取故事详情失败: 48624168
2026-06-22 17:30:19,183 - utils.http_utils - ERROR - 请求失败: https://news.ycombinator.com/item?id=48624168, 错误: 429 Client Error: Too Many Requests for url: https://news.ycombinator.com/item?id=48624168
2026-06-22 17:30:19,184 - scrapers.hackernews_scraper - ERROR - 获取故事详情失败: 48624168
2026-06-22 17:30:19,184 - scrapers.hackernews_scraper - INFO - 故事 Ask HN: Are you being "529 Ove... 转换完成，包含 0 条评论
2026-06-22 17:30:19,184 - scrapers.hackernews_scraper - INFO - 转换第 5/15 个故事: Ask HN: Will programmers write...
2026-06-22 17:30:21,648 - utils.http_utils - ERROR - 请求失败: https://news.ycombinator.com/item?id=48604232, 错误: 429 Client Error: Too Many Requests for url: https://news.ycombinator.com/item?id=48604232
2026-06-22 17:30:21,648 - scrapers.hackernews_scraper - ERROR - 获取故事详情失败: 48604232
2026-06-22 17:30:23,823 - utils.http_utils - ERROR - 请求失败: https://news.ycombinator.com/item?id=48604232, 错误: 429 Client Error: Too Many Requests for url: https://news.ycombinator.com/item?id=48604232
2026-06-22 17:30:23,823 - scrapers.hackernews_scraper - ERROR - 获取故事详情失败: 48604232
2026-06-22 17:30:23,823 - scrapers.hackernews_scraper - INFO - 故事 Ask HN: Will programmers write... 转换完成，包含 0 条评论
2026-06-22 17:30:23,823 - scrapers.hackernews_scraper - INFO - 转换第 6/15 个故事: Ask HN: Is anyone using the A2...
2026-06-22 17:30:26,049 - utils.http_utils - ERROR - 请求失败: https://news.ycombinator.com/item?id=48582679, 错误: 429 Client Error: Too Many Requests for url: https://news.ycombinator.com/item?id=48582679
2026-06-22 17:30:26,049 - scrapers.hackernews_scraper - ERROR - 获取故事详情失败: 48582679
2026-06-22 17:30:28,189 - utils.http_utils - ERROR - 请求失败: https://news.ycombinator.com/item?id=48582679, 错误: 429 Client Error: Too Many Requests for url: https://news.ycombinator.com/item?id=48582679
2026-06-22 17:30:28,189 - scrapers.hackernews_scraper - ERROR - 获取故事详情失败: 48582679
2026-06-22 17:30:28,189 - scrapers.hackernews_scraper - INFO - 故事 Ask HN: Is anyone using the A2... 转换完成，包含 0 条评论
2026-06-22 17:30:28,190 - scrapers.hackernews_scraper - INFO - 转换第 7/15 个故事: Ask HN: Are people optimistic ...
2026-06-22 17:30:29,451 - utils.http_utils - ERROR - 请求失败: https://news.ycombinator.com/item?id=48611988, 错误: 429 Client Error: Too Many Requests for url: https://news.ycombinator.com/item?id=48611988
2026-06-22 17:30:29,451 - scrapers.hackernews_scraper - ERROR - 获取故事详情失败: 48611988
2026-06-22 17:30:30,933 - utils.http_utils - ERROR - 请求失败: https://news.ycombinator.com/item?id=48611988, 错误: 429 Client Error: Too Many Requests for url: https://news.ycombinator.com/item?id=48611988
2026-06-22 17:30:30,933 - scrapers.hackernews_scraper - ERROR - 获取故事详情失败: 48611988
2026-06-22 17:30:30,933 - scrapers.hackernews_scraper - INFO - 故事 Ask HN: Are people optimistic ... 转换完成，包含 0 条评论
2026-06-22 17:30:30,933 - scrapers.hackernews_scraper - INFO - 转换第 8/15 个故事: Ask HN: What would justify wri...
2026-06-22 17:30:32,516 - utils.http_utils - ERROR - 请求失败: https://news.ycombinator.com/item?id=48623750, 错误: 429 Client Error: Too Many Requests for url: https://news.ycombinator.com/item?id=48623750
2026-06-22 17:30:32,517 - scrapers.hackernews_scraper - ERROR - 获取故事详情失败: 48623750
2026-06-22 17:30:34,514 - utils.http_utils - ERROR - 请求失败: https://news.ycombinator.com/item?id=48623750, 错误: 429 Client Error: Too Many Requests for url: https://news.ycombinator.com/item?id=48623750
2026-06-22 17:30:34,515 - scrapers.hackernews_scraper - ERROR - 获取故事详情失败: 48623750
2026-06-22 17:30:34,515 - scrapers.hackernews_scraper - INFO - 故事 Ask HN: What would justify wri... 转换完成，包含 0 条评论
2026-06-22 17:30:34,515 - scrapers.hackernews_scraper - INFO - 转换第 9/15 个故事: Ask HN: What tools are you usi...
2026-06-22 17:30:36,617 - utils.http_utils - ERROR - 请求失败: https://news.ycombinator.com/item?id=48587808, 错误: 429 Client Error: Too Many Requests for url: https://news.ycombinator.com/item?id=48587808
2026-06-22 17:30:36,617 - scrapers.hackernews_scraper - ERROR - 获取故事详情失败: 48587808
2026-06-22 17:30:38,982 - utils.http_utils - ERROR - 请求失败: https://news.ycombinator.com/item?id=48587808, 错误: 429 Client Error: Too Many Requests for url: https://news.ycombinator.com/item?id=48587808
2026-06-22 17:30:38,982 - scrapers.hackernews_scraper - ERROR - 获取故事详情失败: 48587808
2026-06-22 17:30:38,982 - scrapers.hackernews_scraper - INFO - 故事 Ask HN: What tools are you usi... 转换完成，包含 0 条评论
2026-06-22 17:30:38,982 - scrapers.hackernews_scraper - INFO - 转换第 10/15 个故事: Ask HN: Any AI native Anki alt...
2026-06-22 17:30:41,036 - utils.http_utils - ERROR - 请求失败: https://news.ycombinator.com/item?id=48628009, 错误: 429 Client Error: Too Many Requests for url: https://news.ycombinator.com/item?id=48628009
2026-06-22 17:30:41,036 - scrapers.hackernews_scraper - ERROR - 获取故事详情失败: 48628009
2026-06-22 17:30:43,348 - utils.http_utils - ERROR - 请求失败: https://news.ycombinator.com/item?id=48628009, 错误: 429 Client Error: Too Many Requests for url: https://news.ycombinator.com/item?id=48628009
2026-06-22 17:30:43,348 - scrapers.hackernews_scraper - ERROR - 获取故事详情失败: 48628009
2026-06-22 17:30:43,348 - scrapers.hackernews_scraper - INFO - 故事 Ask HN: Any AI native Anki alt... 转换完成，包含 0 条评论
2026-06-22 17:30:43,348 - scrapers.hackernews_scraper - INFO - 转换第 11/15 个故事: Ask HN: Are You a Workaholic?...
2026-06-22 17:30:44,443 - utils.http_utils - ERROR - 请求失败: https://news.ycombinator.com/item?id=48618170, 错误: 429 Client Error: Too Many Requests for url: https://news.ycombinator.com/item?id=48618170
2026-06-22 17:30:44,443 - scrapers.hackernews_scraper - ERROR - 获取故事详情失败: 48618170
2026-06-22 17:30:46,122 - utils.http_utils - ERROR - 请求失败: https://news.ycombinator.com/item?id=48618170, 错误: 429 Client Error: Too Many Requests for url: https://news.ycombinator.com/item?id=48618170
2026-06-22 17:30:46,122 - scrapers.hackernews_scraper - ERROR - 获取故事详情失败: 48618170
2026-06-22 17:30:46,122 - scrapers.hackernews_scraper - INFO - 故事 Ask HN: Are You a Workaholic?... 转换完成，包含 0 条评论
2026-06-22 17:30:46,122 - scrapers.hackernews_scraper - INFO - 转换第 12/15 个故事: Ask HN: How should I convert M...
2026-06-22 17:30:47,418 - utils.http_utils - ERROR - 请求失败: https://news.ycombinator.com/item?id=48622123, 错误: 429 Client Error: Too Many Requests for url: https://news.ycombinator.com/item?id=48622123
2026-06-22 17:30:47,418 - scrapers.hackernews_scraper - ERROR - 获取故事详情失败: 48622123
2026-06-22 17:30:49,342 - utils.http_utils - ERROR - 请求失败: https://news.ycombinator.com/item?id=48622123, 错误: 429 Client Error: Too Many Requests for url: https://news.ycombinator.com/item?id=48622123
2026-06-22 17:30:49,342 - scrapers.hackernews_scraper - ERROR - 获取故事详情失败: 48622123
2026-06-22 17:30:49,343 - scrapers.hackernews_scraper - INFO - 故事 Ask HN: How should I convert M... 转换完成，包含 0 条评论
2026-06-22 17:30:49,343 - scrapers.hackernews_scraper - INFO - 转换第 13/15 个故事: Ask HN: After you ship a featu...
2026-06-22 17:30:51,335 - utils.http_utils - ERROR - 请求失败: https://news.ycombinator.com/item?id=48613999, 错误: 429 Client Error: Too Many Requests for url: https://news.ycombinator.com/item?id=48613999
2026-06-22 17:30:51,335 - scrapers.hackernews_scraper - ERROR - 获取故事详情失败: 48613999
2026-06-22 17:30:52,715 - utils.http_utils - ERROR - 请求失败: https://news.ycombinator.com/item?id=48613999, 错误: 429 Client Error: Too Many Requests for url: https://news.ycombinator.com/item?id=48613999
2026-06-22 17:30:52,715 - scrapers.hackernews_scraper - ERROR - 获取故事详情失败: 48613999
2026-06-22 17:30:52,715 - scrapers.hackernews_scraper - INFO - 故事 Ask HN: After you ship a featu... 转换完成，包含 0 条评论
2026-06-22 17:30:52,716 - scrapers.hackernews_scraper - INFO - 转换第 14/15 个故事: Ask HN: Favorite aspects of Co...
2026-06-22 17:30:53,855 - utils.http_utils - ERROR - 请求失败: https://news.ycombinator.com/item?id=48616604, 错误: 429 Client Error: Too Many Requests for url: https://news.ycombinator.com/item?id=48616604
2026-06-22 17:30:53,856 - scrapers.hackernews_scraper - ERROR - 获取故事详情失败: 48616604
2026-06-22 17:30:55,690 - utils.http_utils - ERROR - 请求失败: https://news.ycombinator.com/item?id=48616604, 错误: 429 Client Error: Too Many Requests for url: https://news.ycombinator.com/item?id=48616604
2026-06-22 17:30:55,690 - scrapers.hackernews_scraper - ERROR - 获取故事详情失败: 48616604
2026-06-22 17:30:55,690 - scrapers.hackernews_scraper - INFO - 故事 Ask HN: Favorite aspects of Co... 转换完成，包含 0 条评论
2026-06-22 17:30:55,690 - scrapers.hackernews_scraper - INFO - 转换第 15/15 个故事: Ask HN: What are your favourit...
2026-06-22 17:30:56,745 - utils.http_utils - ERROR - 请求失败: https://news.ycombinator.com/item?id=48616590, 错误: 429 Client Error: Too Many Requests for url: https://news.ycombinator.com/item?id=48616590
2026-06-22 17:30:56,745 - scrapers.hackernews_scraper - ERROR - 获取故事详情失败: 48616590
2026-06-22 17:30:59,530 - utils.http_utils - ERROR - 请求失败: https://news.ycombinator.com/item?id=48616590, 错误: 429 Client Error: Too Many Requests for url: https://news.ycombinator.com/item?id=48616590
2026-06-22 17:30:59,530 - scrapers.hackernews_scraper - ERROR - 获取故事详情失败: 48616590
2026-06-22 17:30:59,530 - scrapers.hackernews_scraper - INFO - 故事 Ask HN: What are your favourit... 转换完成，包含 0 条评论
2026-06-22 17:30:59,530 - scrapers.hackernews_scraper - INFO - 共转换 15 个故事为统一格式
2026-06-22 17:30:59,531 - scrapers.hackernews_scraper - INFO - 爬取完成，共获取 15 个Ask HN故事
2026-06-22 17:30:59,713 - utils.storage_utils - INFO - 已更新源索引: hackernews
2026-06-22 17:30:59,715 - utils.storage_utils - INFO - 数据已保存到 data/hackernews/week_2026-06-22.json
2026-06-22 17:30:59,715 - scrapers.base_scraper - INFO - 数据已保存到 data/hackernews/week_2026-06-22.json
2026-06-22 17:30:59,716 - scrapers.base_scraper - INFO - 成功爬取 Hacker News 的数据
2026-06-22 17:30:59,717 - __main__ - INFO - 完成: 1/3 个爬虫成功运行
2026-06-22 17:30:59,945 - __main__ - INFO - 归档所有源的旧数据
2026-06-22 17:30:59,945 - __main__ - INFO - 源 jandan 归档 无需归档
2026-06-22 17:30:59,946 - __main__ - INFO - 源 reddit 归档 无需归档
2026-06-22 17:30:59,946 - utils.storage_utils - INFO - 已将 week_2026-03-30.json 归档
2026-06-22 17:30:59,946 - __main__ - INFO - 源 hackernews 归档 成功
