2025-11-15 16:01:59,356 - __main__ - INFO - 运行所有爬虫
2025-11-15 16:01:59,356 - scrapers.jandan_scraper - INFO - JandanScraper初始化完成
2025-11-15 16:01:59,356 - scrapers.base_scraper - INFO - 开始爬取 煎蛋网
2025-11-15 16:01:59,356 - scrapers.jandan_scraper - INFO - 开始爬取煎蛋热评
2025-11-15 16:02:02,962 - scrapers.jandan_scraper - INFO - 成功获取HTML内容，长度: 24786
2025-11-15 16:02:02,963 - scrapers.jandan_scraper - INFO - 调试: 手动获取评论 5877984 的吐槽数据
2025-11-15 16:02:02,963 - scrapers.jandan_scraper - INFO - 获取评论 5877984 的吐槽内容: https://jandan.net/api/tucao/list/5877984
2025-11-15 16:02:05,870 - scrapers.jandan_scraper - INFO - 评论 5877984 获取到 1 条热门吐槽, 3 条普通吐槽
2025-11-15 16:02:05,870 - scrapers.jandan_scraper - INFO - 调试: 评论 5877984 获取到 1 条热门吐槽, 3 条普通吐槽
2025-11-15 16:02:05,870 - scrapers.jandan_scraper - INFO - 开始解析页面中的评论
2025-11-15 16:02:05,870 - scrapers.jandan_scraper - INFO - 开始解析HTML内容, 长度: 24786
2025-11-15 16:02:05,878 - scrapers.jandan_scraper - INFO - 找到 0 条热门评论
2025-11-15 16:02:05,878 - scrapers.jandan_scraper - INFO - 解析完成，获取到 0 条评论
2025-11-15 16:02:05,879 - scrapers.jandan_scraper - INFO - 开始转换评论为统一格式
2025-11-15 16:02:05,879 - scrapers.jandan_scraper - INFO - 开始转换 0 条评论到统一格式
2025-11-15 16:02:05,879 - scrapers.jandan_scraper - INFO - 共转换 0 条评论为统一格式
2025-11-15 16:02:05,879 - scrapers.jandan_scraper - INFO - 爬取完成，共获取 0 条热评
2025-11-15 16:02:05,879 - scrapers.base_scraper - ERROR - 爬取 煎蛋网 失败
2025-11-15 16:02:05,879 - scrapers.reddit_scraper - INFO - RedditScraper初始化完成
2025-11-15 16:02:05,880 - scrapers.base_scraper - INFO - 开始爬取 Reddit
2025-11-15 16:02:05,881 - scrapers.reddit_scraper - INFO - 开始爬取Reddit r/confessions每周热门帖子
2025-11-15 16:02:08,091 - utils.http_utils - ERROR - 请求失败: https://www.reddit.com/r/confessions/top/.json?t=week&limit=10, 错误: 403 Client Error: Blocked for url: https://www.reddit.com/r/confessions/top/.json?t=week&limit=10
2025-11-15 16:02:08,092 - scrapers.reddit_scraper - ERROR - 获取API数据失败: 403 Client Error: Blocked for url: https://www.reddit.com/r/confessions/top/.json?t=week&limit=10
2025-11-15 16:02:08,092 - scrapers.base_scraper - ERROR - 爬取 Reddit 失败
2025-11-15 16:02:08,092 - scrapers.hackernews_scraper - INFO - HackerNewsScraper初始化完成
2025-11-15 16:02:08,093 - scrapers.base_scraper - INFO - 开始爬取 Hacker News
2025-11-15 16:02:08,093 - scrapers.hackernews_scraper - INFO - 开始爬取Hacker News Ask HN帖子
2025-11-15 16:02:08,093 - scrapers.hackernews_scraper - INFO - 获取Ask HN页面: https://news.ycombinator.com/ask
2025-11-15 16:02:09,708 - scrapers.hackernews_scraper - INFO - 找到 24 个帖子行
2025-11-15 16:02:09,709 - scrapers.hackernews_scraper - INFO - 成功解析故事: Ask HN: What Are You Working O..., 作者=david927, 点赞=455, 评论=0
2025-11-15 16:02:09,710 - scrapers.hackernews_scraper - INFO - 成功解析故事: Ask HN: Anyone else hate the G..., 作者=raffraffraff, 点赞=3, 评论=0
2025-11-15 16:02:09,710 - scrapers.hackernews_scraper - INFO - 成功解析故事: Ask HN: How to learn concurren..., 作者=shivajikobardan, 点赞=37, 评论=0
2025-11-15 16:02:09,711 - scrapers.hackernews_scraper - INFO - 成功解析故事: Ask HN: Is Computer Science st..., 作者=speedylight, 点赞=18, 评论=0
2025-11-15 16:02:09,712 - scrapers.hackernews_scraper - INFO - 成功解析故事: Ask HN: How does one stay moti..., 作者=blutoot, 点赞=85, 评论=0
2025-11-15 16:02:09,712 - scrapers.hackernews_scraper - INFO - 成功解析故事: Ask HN: Interviewing currently..., 作者=akudha, 点赞=3, 评论=0
2025-11-15 16:02:09,713 - scrapers.hackernews_scraper - INFO - 成功解析故事: Ask HN: Are Agents Just Hype?..., 作者=spacemnstr42069, 点赞=4, 评论=0
2025-11-15 16:02:09,713 - scrapers.hackernews_scraper - INFO - 成功解析故事: Ask HN: How common is banning ..., 作者=martypitt, 点赞=9, 评论=0
2025-11-15 16:02:09,714 - scrapers.hackernews_scraper - INFO - 成功解析故事: Ask HN: How would you set up a..., 作者=evolve2k, 点赞=225, 评论=0
2025-11-15 16:02:09,714 - scrapers.hackernews_scraper - INFO - 成功解析故事: Ask HN: Looking for a good cou..., 作者=rabarbers, 点赞=5, 评论=0
2025-11-15 16:02:09,715 - scrapers.hackernews_scraper - INFO - 成功解析故事: Ask HN: How do you handle logg..., 作者=calepayson, 点赞=3, 评论=0
2025-11-15 16:02:09,715 - scrapers.hackernews_scraper - INFO - 成功解析故事: Ask HN: Could Microsoft replac..., 作者=nothrowaways, 点赞=23, 评论=0
2025-11-15 16:02:09,716 - scrapers.hackernews_scraper - INFO - 成功解析故事: Ask HN: What's your solution t..., 作者=asim, 点赞=4, 评论=0
2025-11-15 16:02:09,716 - scrapers.hackernews_scraper - INFO - 成功解析故事: Ask HN: Senior people, how did..., 作者=Seb-C, 点赞=81, 评论=0
2025-11-15 16:02:09,717 - scrapers.hackernews_scraper - INFO - 成功解析故事: Ask HN: What metrics do you tr..., 作者=shubhamintech, 点赞=4, 评论=0
2025-11-15 16:02:09,717 - scrapers.hackernews_scraper - INFO - 成功解析 15 个Ask HN故事
2025-11-15 16:02:09,717 - scrapers.hackernews_scraper - INFO - 开始转换 15 个故事到统一格式
2025-11-15 16:02:09,717 - scrapers.hackernews_scraper - INFO - 转换第 1/15 个故事: Ask HN: What Are You Working O...
2025-11-15 16:02:18,124 - scrapers.hackernews_scraper - INFO - 找到 1339 条评论
2025-11-15 16:02:51,436 - scrapers.hackernews_scraper - INFO - 故事 Ask HN: What Are You Working O... 转换完成，包含 100 条评论
2025-11-15 16:02:51,436 - scrapers.hackernews_scraper - INFO - 转换第 2/15 个故事: Ask HN: Anyone else hate the G...
2025-11-15 16:02:54,355 - scrapers.hackernews_scraper - INFO - 找到 4 条评论
2025-11-15 16:02:54,358 - scrapers.hackernews_scraper - INFO - 故事 Ask HN: Anyone else hate the G... 转换完成，包含 4 条评论
2025-11-15 16:02:54,358 - scrapers.hackernews_scraper - INFO - 转换第 3/15 个故事: Ask HN: How to learn concurren...
2025-11-15 16:02:56,991 - scrapers.hackernews_scraper - INFO - 找到 18 条评论
2025-11-15 16:02:57,005 - scrapers.hackernews_scraper - INFO - 故事 Ask HN: How to learn concurren... 转换完成，包含 18 条评论
2025-11-15 16:02:57,005 - scrapers.hackernews_scraper - INFO - 转换第 4/15 个故事: Ask HN: Is Computer Science st...
2025-11-15 16:02:59,805 - scrapers.hackernews_scraper - INFO - 找到 28 条评论
2025-11-15 16:02:59,830 - scrapers.hackernews_scraper - INFO - 故事 Ask HN: Is Computer Science st... 转换完成，包含 28 条评论
2025-11-15 16:02:59,830 - scrapers.hackernews_scraper - INFO - 转换第 5/15 个故事: Ask HN: How does one stay moti...
2025-11-15 16:03:01,909 - scrapers.hackernews_scraper - INFO - 找到 103 条评论
2025-11-15 16:03:02,110 - scrapers.hackernews_scraper - INFO - 故事 Ask HN: How does one stay moti... 转换完成，包含 100 条评论
2025-11-15 16:03:02,110 - scrapers.hackernews_scraper - INFO - 转换第 6/15 个故事: Ask HN: Interviewing currently...
2025-11-15 16:03:03,833 - scrapers.hackernews_scraper - INFO - 找到 1 条评论
2025-11-15 16:03:03,834 - scrapers.hackernews_scraper - INFO - 故事 Ask HN: Interviewing currently... 转换完成，包含 1 条评论
2025-11-15 16:03:03,834 - scrapers.hackernews_scraper - INFO - 转换第 7/15 个故事: Ask HN: Are Agents Just Hype?...
2025-11-15 16:03:05,270 - scrapers.hackernews_scraper - INFO - 找到 6 条评论
2025-11-15 16:03:05,273 - scrapers.hackernews_scraper - INFO - 故事 Ask HN: Are Agents Just Hype?... 转换完成，包含 6 条评论
2025-11-15 16:03:05,273 - scrapers.hackernews_scraper - INFO - 转换第 8/15 个故事: Ask HN: How common is banning ...
2025-11-15 16:03:07,069 - scrapers.hackernews_scraper - INFO - 找到 12 条评论
2025-11-15 16:03:07,077 - scrapers.hackernews_scraper - INFO - 故事 Ask HN: How common is banning ... 转换完成，包含 12 条评论
2025-11-15 16:03:07,078 - scrapers.hackernews_scraper - INFO - 转换第 9/15 个故事: Ask HN: How would you set up a...
2025-11-15 16:03:09,590 - scrapers.hackernews_scraper - INFO - 找到 296 条评论
2025-11-15 16:03:11,054 - scrapers.hackernews_scraper - INFO - 故事 Ask HN: How would you set up a... 转换完成，包含 100 条评论
2025-11-15 16:03:11,054 - scrapers.hackernews_scraper - INFO - 转换第 10/15 个故事: Ask HN: Looking for a good cou...
2025-11-15 16:03:12,817 - scrapers.hackernews_scraper - INFO - 找到 1 条评论
2025-11-15 16:03:12,818 - scrapers.hackernews_scraper - INFO - 故事 Ask HN: Looking for a good cou... 转换完成，包含 1 条评论
2025-11-15 16:03:12,818 - scrapers.hackernews_scraper - INFO - 转换第 11/15 个故事: Ask HN: How do you handle logg...
2025-11-15 16:03:14,499 - scrapers.hackernews_scraper - INFO - 找到 1 条评论
2025-11-15 16:03:14,500 - scrapers.hackernews_scraper - INFO - 故事 Ask HN: How do you handle logg... 转换完成，包含 1 条评论
2025-11-15 16:03:14,500 - scrapers.hackernews_scraper - INFO - 转换第 12/15 个故事: Ask HN: Could Microsoft replac...
2025-11-15 16:03:16,887 - scrapers.hackernews_scraper - INFO - 找到 36 条评论
2025-11-15 16:03:16,922 - scrapers.hackernews_scraper - INFO - 故事 Ask HN: Could Microsoft replac... 转换完成，包含 36 条评论
2025-11-15 16:03:16,922 - scrapers.hackernews_scraper - INFO - 转换第 13/15 个故事: Ask HN: What's your solution t...
2025-11-15 16:03:19,346 - scrapers.hackernews_scraper - INFO - 找到 9 条评论
2025-11-15 16:03:19,352 - scrapers.hackernews_scraper - INFO - 故事 Ask HN: What's your solution t... 转换完成，包含 9 条评论
2025-11-15 16:03:19,352 - scrapers.hackernews_scraper - INFO - 转换第 14/15 个故事: Ask HN: Senior people, how did...
2025-11-15 16:03:21,393 - scrapers.hackernews_scraper - INFO - 找到 51 条评论
2025-11-15 16:03:21,456 - scrapers.hackernews_scraper - INFO - 故事 Ask HN: Senior people, how did... 转换完成，包含 51 条评论
2025-11-15 16:03:21,456 - scrapers.hackernews_scraper - INFO - 转换第 15/15 个故事: Ask HN: What metrics do you tr...
2025-11-15 16:03:23,997 - scrapers.hackernews_scraper - INFO - 找到 0 条评论
2025-11-15 16:03:23,997 - scrapers.hackernews_scraper - INFO - 故事 Ask HN: What metrics do you tr... 转换完成，包含 0 条评论
2025-11-15 16:03:23,997 - scrapers.hackernews_scraper - INFO - 共转换 15 个故事为统一格式
2025-11-15 16:03:23,997 - scrapers.hackernews_scraper - INFO - 爬取完成，共获取 15 个Ask HN故事
2025-11-15 16:03:24,738 - utils.storage_utils - INFO - 已更新源索引: hackernews
2025-11-15 16:03:24,740 - utils.storage_utils - INFO - 数据已保存到 data/hackernews/week_2025-11-10.json
2025-11-15 16:03:24,743 - scrapers.base_scraper - INFO - 数据已保存到 data/hackernews/week_2025-11-10.json
2025-11-15 16:03:24,743 - scrapers.base_scraper - INFO - 成功爬取 Hacker News 的数据
2025-11-15 16:03:24,744 - __main__ - INFO - 完成: 1/3 个爬虫成功运行
2025-11-15 16:03:24,964 - __main__ - INFO - 归档所有源的旧数据
2025-11-15 16:03:24,964 - __main__ - INFO - 源 jandan 归档 无需归档
2025-11-15 16:03:24,965 - __main__ - INFO - 源 reddit 归档 无需归档
2025-11-15 16:03:24,965 - __main__ - INFO - 源 hackernews 归档 无需归档
