2025-04-19 16:01:37,455 - __main__ - INFO - 运行所有爬虫
2025-04-19 16:01:37,455 - scrapers.jandan_scraper - INFO - JandanScraper初始化完成
2025-04-19 16:01:37,455 - scrapers.base_scraper - INFO - 开始爬取 煎蛋网
2025-04-19 16:01:37,455 - scrapers.jandan_scraper - INFO - 开始爬取煎蛋热评
2025-04-19 16:01:41,097 - scrapers.jandan_scraper - INFO - 成功获取HTML内容，长度: 22942
2025-04-19 16:01:41,097 - scrapers.jandan_scraper - INFO - 调试: 手动获取评论 5877984 的吐槽数据
2025-04-19 16:01:41,097 - scrapers.jandan_scraper - INFO - 获取评论 5877984 的吐槽内容: https://jandan.net/api/tucao/list/5877984
2025-04-19 16:01:42,824 - scrapers.jandan_scraper - INFO - 评论 5877984 获取到 1 条热门吐槽, 3 条普通吐槽
2025-04-19 16:01:42,824 - scrapers.jandan_scraper - INFO - 调试: 评论 5877984 获取到 1 条热门吐槽, 3 条普通吐槽
2025-04-19 16:01:42,824 - scrapers.jandan_scraper - INFO - 开始解析页面中的评论
2025-04-19 16:01:42,824 - scrapers.jandan_scraper - INFO - 开始解析HTML内容, 长度: 22942
2025-04-19 16:01:42,831 - scrapers.jandan_scraper - INFO - 找到 0 条热门评论
2025-04-19 16:01:42,831 - scrapers.jandan_scraper - INFO - 解析完成，获取到 0 条评论
2025-04-19 16:01:42,832 - scrapers.jandan_scraper - INFO - 开始转换评论为统一格式
2025-04-19 16:01:42,832 - scrapers.jandan_scraper - INFO - 开始转换 0 条评论到统一格式
2025-04-19 16:01:42,832 - scrapers.jandan_scraper - INFO - 共转换 0 条评论为统一格式
2025-04-19 16:01:42,832 - scrapers.jandan_scraper - INFO - 爬取完成，共获取 0 条热评
2025-04-19 16:01:42,832 - scrapers.base_scraper - ERROR - 爬取 煎蛋网 失败
2025-04-19 16:01:42,832 - scrapers.reddit_scraper - INFO - RedditScraper初始化完成
2025-04-19 16:01:42,832 - scrapers.base_scraper - INFO - 开始爬取 Reddit
2025-04-19 16:01:42,832 - scrapers.reddit_scraper - INFO - 开始爬取Reddit r/confessions每周热门帖子
2025-04-19 16:01:44,763 - utils.http_utils - ERROR - 请求失败: https://www.reddit.com/r/confessions/top/.json?t=week&limit=10, 错误: 403 Client Error: Blocked for url: https://www.reddit.com/r/confessions/top/.json?t=week&limit=10
2025-04-19 16:01:44,763 - scrapers.reddit_scraper - ERROR - 获取API数据失败: 403 Client Error: Blocked for url: https://www.reddit.com/r/confessions/top/.json?t=week&limit=10
2025-04-19 16:01:44,763 - scrapers.base_scraper - ERROR - 爬取 Reddit 失败
2025-04-19 16:01:44,763 - scrapers.hackernews_scraper - INFO - HackerNewsScraper初始化完成
2025-04-19 16:01:44,764 - scrapers.base_scraper - INFO - 开始爬取 Hacker News
2025-04-19 16:01:44,764 - scrapers.hackernews_scraper - INFO - 开始爬取Hacker News Ask HN帖子
2025-04-19 16:01:44,764 - scrapers.hackernews_scraper - INFO - 获取Ask HN页面: https://news.ycombinator.com/ask
2025-04-19 16:01:47,493 - scrapers.hackernews_scraper - INFO - 找到 28 个帖子行
2025-04-19 16:01:47,495 - scrapers.hackernews_scraper - INFO - 成功解析故事: Ask HN: Why is there no P2P st..., 作者=memet_rush, 点赞=231, 评论=0
2025-04-19 16:01:47,495 - scrapers.hackernews_scraper - INFO - 成功解析故事: Ask HN: How to get my developm..., 作者=ttmuncher, 点赞=34, 评论=0
2025-04-19 16:01:47,496 - scrapers.hackernews_scraper - INFO - 成功解析故事: Ask HN: What do you think of t..., 作者=amichail, 点赞=3, 评论=0
2025-04-19 16:01:47,497 - scrapers.hackernews_scraper - INFO - 成功解析故事: Ask HN: How do you drive adopt..., 作者=kassidycurrey, 点赞=5, 评论=0
2025-04-19 16:01:47,497 - scrapers.hackernews_scraper - INFO - 成功解析故事: Ask HN: I feel pessimistic abo..., 作者=hnuu3, 点赞=38, 评论=0
2025-04-19 16:01:47,498 - scrapers.hackernews_scraper - INFO - 成功解析故事: Ask HN: Have you been contract..., 作者=gamescr, 点赞=8, 评论=0
2025-04-19 16:01:47,499 - scrapers.hackernews_scraper - INFO - 成功解析故事: Ask HN: Why do people buy Nvid..., 作者=behnamoh, 点赞=11, 评论=0
2025-04-19 16:01:47,499 - scrapers.hackernews_scraper - INFO - 成功解析故事: Ask HN: What are the best book..., 作者=terrellbm, 点赞=9, 评论=0
2025-04-19 16:01:47,500 - scrapers.hackernews_scraper - INFO - 成功解析故事: Ask HN: The Future of SaaS..., 作者=pramatosh5125, 点赞=5, 评论=0
2025-04-19 16:01:47,500 - scrapers.hackernews_scraper - INFO - 成功解析故事: Ask HN: How do you monetize pe..., 作者=splimeproject, 点赞=173, 评论=0
2025-04-19 16:01:47,501 - scrapers.hackernews_scraper - INFO - 成功解析故事: Ask HN: Software Engineers to ..., 作者=wronginternet4, 点赞=13, 评论=0
2025-04-19 16:01:47,502 - scrapers.hackernews_scraper - INFO - 成功解析故事: Ask HN: Should I sue my ex-emp..., 作者=throwaway28692, 点赞=8, 评论=0
2025-04-19 16:01:47,502 - scrapers.hackernews_scraper - INFO - 成功解析故事: Ask HN: Git Rebase and Merge o..., 作者=floriangosse, 点赞=6, 评论=0
2025-04-19 16:01:47,503 - scrapers.hackernews_scraper - INFO - 成功解析故事: Ask HN: How do you talk about ..., 作者=newacc250218, 点赞=8, 评论=0
2025-04-19 16:01:47,504 - scrapers.hackernews_scraper - INFO - 成功解析故事: Ask HN: Has anyone quit their ..., 作者=stuck12345, 点赞=77, 评论=0
2025-04-19 16:01:47,504 - scrapers.hackernews_scraper - INFO - 成功解析 15 个Ask HN故事
2025-04-19 16:01:47,504 - scrapers.hackernews_scraper - INFO - 开始转换 15 个故事到统一格式
2025-04-19 16:01:47,504 - scrapers.hackernews_scraper - INFO - 转换第 1/15 个故事: Ask HN: Why is there no P2P st...
2025-04-19 16:01:49,407 - scrapers.hackernews_scraper - INFO - 找到 221 条评论
2025-04-19 16:01:50,432 - scrapers.hackernews_scraper - INFO - 故事 Ask HN: Why is there no P2P st... 转换完成，包含 100 条评论
2025-04-19 16:01:50,432 - scrapers.hackernews_scraper - INFO - 转换第 2/15 个故事: Ask HN: How to get my developm...
2025-04-19 16:01:51,755 - scrapers.hackernews_scraper - INFO - 找到 20 条评论
2025-04-19 16:01:51,773 - scrapers.hackernews_scraper - INFO - 故事 Ask HN: How to get my developm... 转换完成，包含 20 条评论
2025-04-19 16:01:51,773 - scrapers.hackernews_scraper - INFO - 转换第 3/15 个故事: Ask HN: What do you think of t...
2025-04-19 16:01:54,750 - scrapers.hackernews_scraper - INFO - 找到 4 条评论
2025-04-19 16:01:54,752 - scrapers.hackernews_scraper - INFO - 故事 Ask HN: What do you think of t... 转换完成，包含 4 条评论
2025-04-19 16:01:54,752 - scrapers.hackernews_scraper - INFO - 转换第 4/15 个故事: Ask HN: How do you drive adopt...
2025-04-19 16:01:55,859 - scrapers.hackernews_scraper - INFO - 找到 7 条评论
2025-04-19 16:01:55,864 - scrapers.hackernews_scraper - INFO - 故事 Ask HN: How do you drive adopt... 转换完成，包含 7 条评论
2025-04-19 16:01:55,864 - scrapers.hackernews_scraper - INFO - 转换第 5/15 个故事: Ask HN: I feel pessimistic abo...
2025-04-19 16:01:57,752 - scrapers.hackernews_scraper - INFO - 找到 29 条评论
2025-04-19 16:01:57,783 - scrapers.hackernews_scraper - INFO - 故事 Ask HN: I feel pessimistic abo... 转换完成，包含 29 条评论
2025-04-19 16:01:57,784 - scrapers.hackernews_scraper - INFO - 转换第 6/15 个故事: Ask HN: Have you been contract...
2025-04-19 16:01:59,675 - scrapers.hackernews_scraper - INFO - 找到 1 条评论
2025-04-19 16:01:59,676 - scrapers.hackernews_scraper - INFO - 故事 Ask HN: Have you been contract... 转换完成，包含 1 条评论
2025-04-19 16:01:59,676 - scrapers.hackernews_scraper - INFO - 转换第 7/15 个故事: Ask HN: Why do people buy Nvid...
2025-04-19 16:02:00,758 - scrapers.hackernews_scraper - INFO - 找到 9 条评论
2025-04-19 16:02:00,765 - scrapers.hackernews_scraper - INFO - 故事 Ask HN: Why do people buy Nvid... 转换完成，包含 9 条评论
2025-04-19 16:02:00,765 - scrapers.hackernews_scraper - INFO - 转换第 8/15 个故事: Ask HN: What are the best book...
2025-04-19 16:02:02,949 - scrapers.hackernews_scraper - INFO - 找到 22 条评论
2025-04-19 16:02:02,970 - scrapers.hackernews_scraper - INFO - 故事 Ask HN: What are the best book... 转换完成，包含 22 条评论
2025-04-19 16:02:02,970 - scrapers.hackernews_scraper - INFO - 转换第 9/15 个故事: Ask HN: The Future of SaaS...
2025-04-19 16:02:05,892 - scrapers.hackernews_scraper - INFO - 找到 5 条评论
2025-04-19 16:02:05,896 - scrapers.hackernews_scraper - INFO - 故事 Ask HN: The Future of SaaS... 转换完成，包含 5 条评论
2025-04-19 16:02:05,896 - scrapers.hackernews_scraper - INFO - 转换第 10/15 个故事: Ask HN: How do you monetize pe...
2025-04-19 16:02:08,116 - scrapers.hackernews_scraper - INFO - 找到 70 条评论
2025-04-19 16:02:08,243 - scrapers.hackernews_scraper - INFO - 故事 Ask HN: How do you monetize pe... 转换完成，包含 70 条评论
2025-04-19 16:02:08,244 - scrapers.hackernews_scraper - INFO - 转换第 11/15 个故事: Ask HN: Software Engineers to ...
2025-04-19 16:02:10,637 - scrapers.hackernews_scraper - INFO - 找到 14 条评论
2025-04-19 16:02:10,649 - scrapers.hackernews_scraper - INFO - 故事 Ask HN: Software Engineers to ... 转换完成，包含 14 条评论
2025-04-19 16:02:10,649 - scrapers.hackernews_scraper - INFO - 转换第 12/15 个故事: Ask HN: Should I sue my ex-emp...
2025-04-19 16:02:12,185 - scrapers.hackernews_scraper - INFO - 找到 6 条评论
2025-04-19 16:02:12,189 - scrapers.hackernews_scraper - INFO - 故事 Ask HN: Should I sue my ex-emp... 转换完成，包含 6 条评论
2025-04-19 16:02:12,189 - scrapers.hackernews_scraper - INFO - 转换第 13/15 个故事: Ask HN: Git Rebase and Merge o...
2025-04-19 16:02:14,107 - scrapers.hackernews_scraper - INFO - 找到 3 条评论
2025-04-19 16:02:14,109 - scrapers.hackernews_scraper - INFO - 故事 Ask HN: Git Rebase and Merge o... 转换完成，包含 3 条评论
2025-04-19 16:02:14,109 - scrapers.hackernews_scraper - INFO - 转换第 14/15 个故事: Ask HN: How do you talk about ...
2025-04-19 16:02:16,739 - scrapers.hackernews_scraper - INFO - 找到 9 条评论
2025-04-19 16:02:16,745 - scrapers.hackernews_scraper - INFO - 故事 Ask HN: How do you talk about ... 转换完成，包含 9 条评论
2025-04-19 16:02:16,746 - scrapers.hackernews_scraper - INFO - 转换第 15/15 个故事: Ask HN: Has anyone quit their ...
2025-04-19 16:02:19,245 - scrapers.hackernews_scraper - INFO - 找到 75 条评论
2025-04-19 16:02:19,382 - scrapers.hackernews_scraper - INFO - 故事 Ask HN: Has anyone quit their ... 转换完成，包含 75 条评论
2025-04-19 16:02:19,382 - scrapers.hackernews_scraper - INFO - 共转换 15 个故事为统一格式
2025-04-19 16:02:19,383 - scrapers.hackernews_scraper - INFO - 爬取完成，共获取 15 个Ask HN故事
2025-04-19 16:02:19,694 - utils.storage_utils - INFO - 已更新源索引: hackernews
2025-04-19 16:02:19,696 - utils.storage_utils - INFO - 数据已保存到 data/hackernews/week_2025-04-14.json
2025-04-19 16:02:19,698 - scrapers.base_scraper - INFO - 数据已保存到 data/hackernews/week_2025-04-14.json
2025-04-19 16:02:19,698 - scrapers.base_scraper - INFO - 成功爬取 Hacker News 的数据
2025-04-19 16:02:19,699 - __main__ - INFO - 完成: 1/3 个爬虫成功运行
2025-04-19 16:02:19,949 - __main__ - INFO - 归档所有源的旧数据
2025-04-19 16:02:19,949 - __main__ - INFO - 源 jandan 归档 无需归档
2025-04-19 16:02:19,949 - __main__ - INFO - 源 reddit 归档 无需归档
2025-04-19 16:02:19,950 - __main__ - INFO - 源 hackernews 归档 无需归档
