2025-10-05 16:02:08,318 - __main__ - INFO - 运行所有爬虫
2025-10-05 16:02:08,319 - scrapers.jandan_scraper - INFO - JandanScraper初始化完成
2025-10-05 16:02:08,319 - scrapers.base_scraper - INFO - 开始爬取 煎蛋网
2025-10-05 16:02:08,319 - scrapers.jandan_scraper - INFO - 开始爬取煎蛋热评
2025-10-05 16:02:12,324 - scrapers.jandan_scraper - INFO - 成功获取HTML内容，长度: 24786
2025-10-05 16:02:12,325 - scrapers.jandan_scraper - INFO - 调试: 手动获取评论 5877984 的吐槽数据
2025-10-05 16:02:12,325 - scrapers.jandan_scraper - INFO - 获取评论 5877984 的吐槽内容: https://jandan.net/api/tucao/list/5877984
2025-10-05 16:02:15,151 - scrapers.jandan_scraper - INFO - 评论 5877984 获取到 1 条热门吐槽, 3 条普通吐槽
2025-10-05 16:02:15,151 - scrapers.jandan_scraper - INFO - 调试: 评论 5877984 获取到 1 条热门吐槽, 3 条普通吐槽
2025-10-05 16:02:15,151 - scrapers.jandan_scraper - INFO - 开始解析页面中的评论
2025-10-05 16:02:15,151 - scrapers.jandan_scraper - INFO - 开始解析HTML内容, 长度: 24786
2025-10-05 16:02:15,160 - scrapers.jandan_scraper - INFO - 找到 0 条热门评论
2025-10-05 16:02:15,160 - scrapers.jandan_scraper - INFO - 解析完成，获取到 0 条评论
2025-10-05 16:02:15,160 - scrapers.jandan_scraper - INFO - 开始转换评论为统一格式
2025-10-05 16:02:15,160 - scrapers.jandan_scraper - INFO - 开始转换 0 条评论到统一格式
2025-10-05 16:02:15,160 - scrapers.jandan_scraper - INFO - 共转换 0 条评论为统一格式
2025-10-05 16:02:15,160 - scrapers.jandan_scraper - INFO - 爬取完成，共获取 0 条热评
2025-10-05 16:02:15,160 - scrapers.base_scraper - ERROR - 爬取 煎蛋网 失败
2025-10-05 16:02:15,160 - scrapers.reddit_scraper - INFO - RedditScraper初始化完成
2025-10-05 16:02:15,161 - scrapers.base_scraper - INFO - 开始爬取 Reddit
2025-10-05 16:02:15,162 - scrapers.reddit_scraper - INFO - 开始爬取Reddit r/confessions每周热门帖子
2025-10-05 16:02:16,934 - utils.http_utils - ERROR - 请求失败: https://www.reddit.com/r/confessions/top/.json?t=week&limit=10, 错误: 403 Client Error: Blocked for url: https://www.reddit.com/r/confessions/top/.json?t=week&limit=10
2025-10-05 16:02:16,935 - scrapers.reddit_scraper - ERROR - 获取API数据失败: 403 Client Error: Blocked for url: https://www.reddit.com/r/confessions/top/.json?t=week&limit=10
2025-10-05 16:02:16,935 - scrapers.base_scraper - ERROR - 爬取 Reddit 失败
2025-10-05 16:02:16,935 - scrapers.hackernews_scraper - INFO - HackerNewsScraper初始化完成
2025-10-05 16:02:16,935 - scrapers.base_scraper - INFO - 开始爬取 Hacker News
2025-10-05 16:02:16,935 - scrapers.hackernews_scraper - INFO - 开始爬取Hacker News Ask HN帖子
2025-10-05 16:02:16,935 - scrapers.hackernews_scraper - INFO - 获取Ask HN页面: https://news.ycombinator.com/ask
2025-10-05 16:02:19,971 - scrapers.hackernews_scraper - INFO - 找到 24 个帖子行
2025-10-05 16:02:19,973 - scrapers.hackernews_scraper - INFO - 成功解析故事: Ask HN: What's your experience..., 作者=mpetyak, 点赞=78, 评论=0
2025-10-05 16:02:19,973 - scrapers.hackernews_scraper - INFO - 成功解析故事: Ask HN: Why is software qualit..., 作者=razoorka, 点赞=41, 评论=0
2025-10-05 16:02:19,974 - scrapers.hackernews_scraper - INFO - 成功解析故事: Ask HN: Who wants to be hired?..., 作者=whoishiring, 点赞=100, 评论=0
2025-10-05 16:02:19,974 - scrapers.hackernews_scraper - INFO - 成功解析故事: Ask HN: What are you working o..., 作者=david927, 点赞=307, 评论=0
2025-10-05 16:02:19,975 - scrapers.hackernews_scraper - INFO - 成功解析故事: Ask HN: Who is hiring? (Octobe..., 作者=whoishiring, 点赞=236, 评论=0
2025-10-05 16:02:19,976 - scrapers.hackernews_scraper - INFO - 成功解析故事: Ask HN: Why did COM/SOAP/other..., 作者=smj-edison, 点赞=21, 评论=0
2025-10-05 16:02:19,976 - scrapers.hackernews_scraper - INFO - 成功解析故事: Ask HN: Are startups still usi..., 作者=zizee, 点赞=12, 评论=0
2025-10-05 16:02:19,977 - scrapers.hackernews_scraper - INFO - 成功解析故事: Ask HN: Went to prison for 18 ..., 作者=joshmn, 点赞=101, 评论=0
2025-10-05 16:02:19,978 - scrapers.hackernews_scraper - INFO - 成功解析故事: Ask HN: How do robotics teams ..., 作者=Lazaruscv, 点赞=10, 评论=0
2025-10-05 16:02:19,978 - scrapers.hackernews_scraper - INFO - 成功解析故事: Ask HN: How Do I Get over My E..., 作者=OulaX, 点赞=106, 评论=0
2025-10-05 16:02:19,979 - scrapers.hackernews_scraper - INFO - 成功解析故事: Ask HN: Burnt out by my side p..., 作者=ahmedfromtunis, 点赞=12, 评论=0
2025-10-05 16:02:19,979 - scrapers.hackernews_scraper - INFO - 成功解析故事: Ask HN: How is hiring done in ..., 作者=freetonik, 点赞=7, 评论=0
2025-10-05 16:02:19,980 - scrapers.hackernews_scraper - INFO - 成功解析故事: Ask HN: Any local agents to he..., 作者=pcdoodle, 点赞=18, 评论=0
2025-10-05 16:02:19,980 - scrapers.hackernews_scraper - INFO - 成功解析故事: Ask HN: Professional Alternati..., 作者=raasdnil, 点赞=3, 评论=0
2025-10-05 16:02:19,981 - scrapers.hackernews_scraper - INFO - 成功解析故事: Ask HN: Has Hacker News been u..., 作者=sss111, 点赞=3, 评论=0
2025-10-05 16:02:19,981 - scrapers.hackernews_scraper - INFO - 成功解析 15 个Ask HN故事
2025-10-05 16:02:19,981 - scrapers.hackernews_scraper - INFO - 开始转换 15 个故事到统一格式
2025-10-05 16:02:19,981 - scrapers.hackernews_scraper - INFO - 转换第 1/15 个故事: Ask HN: What's your experience...
2025-10-05 16:02:21,710 - scrapers.hackernews_scraper - INFO - 找到 50 条评论
2025-10-05 16:02:21,773 - scrapers.hackernews_scraper - INFO - 故事 Ask HN: What's your experience... 转换完成，包含 50 条评论
2025-10-05 16:02:21,773 - scrapers.hackernews_scraper - INFO - 转换第 2/15 个故事: Ask HN: Why is software qualit...
2025-10-05 16:02:23,990 - scrapers.hackernews_scraper - INFO - 找到 76 条评论
2025-10-05 16:02:24,116 - scrapers.hackernews_scraper - INFO - 故事 Ask HN: Why is software qualit... 转换完成，包含 76 条评论
2025-10-05 16:02:24,116 - scrapers.hackernews_scraper - INFO - 转换第 3/15 个故事: Ask HN: Who wants to be hired?...
2025-10-05 16:02:27,817 - scrapers.hackernews_scraper - INFO - 找到 340 条评论
2025-10-05 16:02:30,115 - scrapers.hackernews_scraper - INFO - 故事 Ask HN: Who wants to be hired?... 转换完成，包含 100 条评论
2025-10-05 16:02:30,115 - scrapers.hackernews_scraper - INFO - 转换第 4/15 个故事: Ask HN: What are you working o...
2025-10-05 16:02:35,660 - scrapers.hackernews_scraper - INFO - 找到 988 条评论
2025-10-05 16:02:51,151 - scrapers.hackernews_scraper - INFO - 故事 Ask HN: What are you working o... 转换完成，包含 100 条评论
2025-10-05 16:02:51,151 - scrapers.hackernews_scraper - INFO - 转换第 5/15 个故事: Ask HN: Who is hiring? (Octobe...
2025-10-05 16:02:53,929 - scrapers.hackernews_scraper - INFO - 找到 383 条评论
2025-10-05 16:02:56,693 - scrapers.hackernews_scraper - INFO - 故事 Ask HN: Who is hiring? (Octobe... 转换完成，包含 100 条评论
2025-10-05 16:02:56,693 - scrapers.hackernews_scraper - INFO - 转换第 6/15 个故事: Ask HN: Why did COM/SOAP/other...
2025-10-05 16:02:58,296 - scrapers.hackernews_scraper - INFO - 找到 53 条评论
2025-10-05 16:02:58,366 - scrapers.hackernews_scraper - INFO - 故事 Ask HN: Why did COM/SOAP/other... 转换完成，包含 53 条评论
2025-10-05 16:02:58,366 - scrapers.hackernews_scraper - INFO - 转换第 7/15 个故事: Ask HN: Are startups still usi...
2025-10-05 16:03:01,410 - scrapers.hackernews_scraper - INFO - 找到 17 条评论
2025-10-05 16:03:01,423 - scrapers.hackernews_scraper - INFO - 故事 Ask HN: Are startups still usi... 转换完成，包含 17 条评论
2025-10-05 16:03:01,423 - scrapers.hackernews_scraper - INFO - 转换第 8/15 个故事: Ask HN: Went to prison for 18 ...
2025-10-05 16:03:04,162 - scrapers.hackernews_scraper - INFO - 找到 93 条评论
2025-10-05 16:03:04,337 - scrapers.hackernews_scraper - INFO - 故事 Ask HN: Went to prison for 18 ... 转换完成，包含 93 条评论
2025-10-05 16:03:04,337 - scrapers.hackernews_scraper - INFO - 转换第 9/15 个故事: Ask HN: How do robotics teams ...
2025-10-05 16:03:06,741 - scrapers.hackernews_scraper - INFO - 找到 12 条评论
2025-10-05 16:03:06,750 - scrapers.hackernews_scraper - INFO - 故事 Ask HN: How do robotics teams ... 转换完成，包含 12 条评论
2025-10-05 16:03:06,750 - scrapers.hackernews_scraper - INFO - 转换第 10/15 个故事: Ask HN: How Do I Get over My E...
2025-10-05 16:03:08,546 - scrapers.hackernews_scraper - INFO - 找到 92 条评论
2025-10-05 16:03:08,714 - scrapers.hackernews_scraper - INFO - 故事 Ask HN: How Do I Get over My E... 转换完成，包含 92 条评论
2025-10-05 16:03:08,715 - scrapers.hackernews_scraper - INFO - 转换第 11/15 个故事: Ask HN: Burnt out by my side p...
2025-10-05 16:03:10,370 - scrapers.hackernews_scraper - INFO - 找到 8 条评论
2025-10-05 16:03:10,375 - scrapers.hackernews_scraper - INFO - 故事 Ask HN: Burnt out by my side p... 转换完成，包含 8 条评论
2025-10-05 16:03:10,375 - scrapers.hackernews_scraper - INFO - 转换第 12/15 个故事: Ask HN: How is hiring done in ...
2025-10-05 16:03:11,731 - scrapers.hackernews_scraper - INFO - 找到 8 条评论
2025-10-05 16:03:11,736 - scrapers.hackernews_scraper - INFO - 故事 Ask HN: How is hiring done in ... 转换完成，包含 8 条评论
2025-10-05 16:03:11,736 - scrapers.hackernews_scraper - INFO - 转换第 13/15 个故事: Ask HN: Any local agents to he...
2025-10-05 16:03:14,451 - scrapers.hackernews_scraper - INFO - 找到 11 条评论
2025-10-05 16:03:14,459 - scrapers.hackernews_scraper - INFO - 故事 Ask HN: Any local agents to he... 转换完成，包含 11 条评论
2025-10-05 16:03:14,459 - scrapers.hackernews_scraper - INFO - 转换第 14/15 个故事: Ask HN: Professional Alternati...
2025-10-05 16:03:17,345 - scrapers.hackernews_scraper - INFO - 找到 15 条评论
2025-10-05 16:03:17,355 - scrapers.hackernews_scraper - INFO - 故事 Ask HN: Professional Alternati... 转换完成，包含 15 条评论
2025-10-05 16:03:17,356 - scrapers.hackernews_scraper - INFO - 转换第 15/15 个故事: Ask HN: Has Hacker News been u...
2025-10-05 16:03:20,221 - scrapers.hackernews_scraper - INFO - 找到 3 条评论
2025-10-05 16:03:20,223 - scrapers.hackernews_scraper - INFO - 故事 Ask HN: Has Hacker News been u... 转换完成，包含 3 条评论
2025-10-05 16:03:20,223 - scrapers.hackernews_scraper - INFO - 共转换 15 个故事为统一格式
2025-10-05 16:03:20,223 - scrapers.hackernews_scraper - INFO - 爬取完成，共获取 15 个Ask HN故事
2025-10-05 16:03:20,791 - utils.storage_utils - INFO - 已更新源索引: hackernews
2025-10-05 16:03:20,792 - utils.storage_utils - INFO - 数据已保存到 data/hackernews/week_2025-09-29.json
2025-10-05 16:03:20,795 - scrapers.base_scraper - INFO - 数据已保存到 data/hackernews/week_2025-09-29.json
2025-10-05 16:03:20,795 - scrapers.base_scraper - INFO - 成功爬取 Hacker News 的数据
2025-10-05 16:03:20,796 - __main__ - INFO - 完成: 1/3 个爬虫成功运行
2025-10-05 16:03:21,013 - __main__ - INFO - 归档所有源的旧数据
2025-10-05 16:03:21,013 - __main__ - INFO - 源 jandan 归档 无需归档
2025-10-05 16:03:21,013 - __main__ - INFO - 源 reddit 归档 无需归档
2025-10-05 16:03:21,013 - __main__ - INFO - 源 hackernews 归档 无需归档
