2026-03-27 16:15:30,569 - __main__ - INFO - 运行所有爬虫
2026-03-27 16:15:30,569 - scrapers.jandan_scraper - INFO - JandanScraper初始化完成
2026-03-27 16:15:30,569 - scrapers.base_scraper - INFO - 开始爬取 煎蛋网
2026-03-27 16:15:30,569 - scrapers.jandan_scraper - INFO - 开始爬取煎蛋热评
2026-03-27 16:15:35,039 - scrapers.jandan_scraper - INFO - 成功获取HTML内容，长度: 27228
2026-03-27 16:15:35,039 - scrapers.jandan_scraper - INFO - 调试: 手动获取评论 5877984 的吐槽数据
2026-03-27 16:15:35,039 - scrapers.jandan_scraper - INFO - 获取评论 5877984 的吐槽内容: https://jandan.net/api/tucao/list/5877984
2026-03-27 16:15:37,728 - scrapers.jandan_scraper - INFO - 评论 5877984 获取到 1 条热门吐槽, 3 条普通吐槽
2026-03-27 16:15:37,728 - scrapers.jandan_scraper - INFO - 调试: 评论 5877984 获取到 1 条热门吐槽, 3 条普通吐槽
2026-03-27 16:15:37,728 - scrapers.jandan_scraper - INFO - 开始解析页面中的评论
2026-03-27 16:15:37,728 - scrapers.jandan_scraper - INFO - 开始解析HTML内容, 长度: 27228
2026-03-27 16:15:37,736 - scrapers.jandan_scraper - INFO - 找到 0 条热门评论
2026-03-27 16:15:37,736 - scrapers.jandan_scraper - INFO - 解析完成，获取到 0 条评论
2026-03-27 16:15:37,736 - scrapers.jandan_scraper - INFO - 开始转换评论为统一格式
2026-03-27 16:15:37,736 - scrapers.jandan_scraper - INFO - 开始转换 0 条评论到统一格式
2026-03-27 16:15:37,736 - scrapers.jandan_scraper - INFO - 共转换 0 条评论为统一格式
2026-03-27 16:15:37,736 - scrapers.jandan_scraper - INFO - 爬取完成，共获取 0 条热评
2026-03-27 16:15:37,737 - scrapers.base_scraper - ERROR - 爬取 煎蛋网 失败
2026-03-27 16:15:37,737 - scrapers.reddit_scraper - INFO - RedditScraper初始化完成
2026-03-27 16:15:37,738 - scrapers.base_scraper - INFO - 开始爬取 Reddit
2026-03-27 16:15:37,738 - scrapers.reddit_scraper - INFO - 开始爬取Reddit r/confessions每周热门帖子
2026-03-27 16:15:40,439 - utils.http_utils - ERROR - 请求失败: https://www.reddit.com/r/confessions/top/.json?t=week&limit=10, 错误: 403 Client Error: Blocked for url: https://www.reddit.com/r/confessions/top/.json?t=week&limit=10
2026-03-27 16:15:40,439 - scrapers.reddit_scraper - ERROR - 获取API数据失败: 403 Client Error: Blocked for url: https://www.reddit.com/r/confessions/top/.json?t=week&limit=10
2026-03-27 16:15:40,440 - scrapers.base_scraper - ERROR - 爬取 Reddit 失败
2026-03-27 16:15:40,440 - scrapers.hackernews_scraper - INFO - HackerNewsScraper初始化完成
2026-03-27 16:15:40,440 - scrapers.base_scraper - INFO - 开始爬取 Hacker News
2026-03-27 16:15:40,440 - scrapers.hackernews_scraper - INFO - 开始爬取Hacker News Ask HN帖子
2026-03-27 16:15:40,440 - scrapers.hackernews_scraper - INFO - 获取Ask HN页面: https://news.ycombinator.com/ask
2026-03-27 16:15:43,503 - scrapers.hackernews_scraper - INFO - 找到 26 个帖子行
2026-03-27 16:15:43,505 - scrapers.hackernews_scraper - INFO - 成功解析故事: Ask HN: Running legacy IE/Acti..., 作者=Servant-of-Inos, 点赞=17, 评论=0
2026-03-27 16:15:43,506 - scrapers.hackernews_scraper - INFO - 成功解析故事: Ask HN: How do you deal with o..., 作者=stackdestroyer, 点赞=4, 评论=0
2026-03-27 16:15:43,507 - scrapers.hackernews_scraper - INFO - 成功解析故事: Ask HN: Founders of estonian e..., 作者=udl, 点赞=16, 评论=0
2026-03-27 16:15:43,507 - scrapers.hackernews_scraper - INFO - 成功解析故事: Ask HN: Personalized mRNA canc..., 作者=imnotlost, 点赞=6, 评论=0
2026-03-27 16:15:43,508 - scrapers.hackernews_scraper - INFO - 成功解析故事: Ask HN: How did you figure out..., 作者=icwtyjj, 点赞=14, 评论=0
2026-03-27 16:15:43,508 - scrapers.hackernews_scraper - INFO - 成功解析故事: Ask HN: Is Antigravity code se..., 作者=sankalpnarula, 点赞=6, 评论=0
2026-03-27 16:15:43,509 - scrapers.hackernews_scraper - INFO - 成功解析故事: Ask HN: Is anyone here also de..., 作者=jawerty, 点赞=31, 评论=0
2026-03-27 16:15:43,510 - scrapers.hackernews_scraper - INFO - 成功解析故事: Ask HN: Is using AI tooling fo..., 作者=latand6, 点赞=9, 评论=0
2026-03-27 16:15:43,510 - scrapers.hackernews_scraper - INFO - 成功解析故事: Ask HN: At what point you deci..., 作者=kathir05, 点赞=8, 评论=0
2026-03-27 16:15:43,511 - scrapers.hackernews_scraper - INFO - 成功解析故事: Ask HN: Does the World need mo..., 作者=Vektorceraptor, 点赞=6, 评论=0
2026-03-27 16:15:43,511 - scrapers.hackernews_scraper - INFO - 成功解析故事: Ask HN: How do you feel when y..., 作者=noduerme, 点赞=4, 评论=0
2026-03-27 16:15:43,512 - scrapers.hackernews_scraper - INFO - 成功解析故事: Ask HN: Any recommended engine..., 作者=Kuraptka, 点赞=4, 评论=0
2026-03-27 16:15:43,513 - scrapers.hackernews_scraper - INFO - 成功解析故事: Ask HN: How do you offload all..., 作者=makingstuffs, 点赞=13, 评论=0
2026-03-27 16:15:43,513 - scrapers.hackernews_scraper - INFO - 成功解析故事: Ask HN: Do you feel less happy..., 作者=zane__chen, 点赞=5, 评论=0
2026-03-27 16:15:43,514 - scrapers.hackernews_scraper - INFO - 成功解析 14 个Ask HN故事
2026-03-27 16:15:43,514 - scrapers.hackernews_scraper - INFO - 开始转换 14 个故事到统一格式
2026-03-27 16:15:43,514 - scrapers.hackernews_scraper - INFO - 转换第 1/14 个故事: Ask HN: Running legacy IE/Acti...
2026-03-27 16:15:46,599 - scrapers.hackernews_scraper - INFO - 找到 17 条评论
2026-03-27 16:15:46,611 - scrapers.hackernews_scraper - INFO - 故事 Ask HN: Running legacy IE/Acti... 转换完成，包含 17 条评论
2026-03-27 16:15:46,611 - scrapers.hackernews_scraper - INFO - 转换第 2/14 个故事: Ask HN: How do you deal with o...
2026-03-27 16:15:49,608 - scrapers.hackernews_scraper - INFO - 找到 13 条评论
2026-03-27 16:15:49,624 - scrapers.hackernews_scraper - INFO - 故事 Ask HN: How do you deal with o... 转换完成，包含 13 条评论
2026-03-27 16:15:49,624 - scrapers.hackernews_scraper - INFO - 转换第 3/14 个故事: Ask HN: Founders of estonian e...
2026-03-27 16:15:50,869 - utils.http_utils - ERROR - 请求失败: https://news.ycombinator.com/item?id=47500239, 错误: 429 Client Error: Too Many Requests for url: https://news.ycombinator.com/item?id=47500239
2026-03-27 16:15:50,869 - scrapers.hackernews_scraper - ERROR - 获取故事详情失败: 47500239
2026-03-27 16:15:54,067 - utils.http_utils - ERROR - 请求失败: https://news.ycombinator.com/item?id=47500239, 错误: 429 Client Error: Too Many Requests for url: https://news.ycombinator.com/item?id=47500239
2026-03-27 16:15:54,067 - scrapers.hackernews_scraper - ERROR - 获取故事详情失败: 47500239
2026-03-27 16:15:54,067 - scrapers.hackernews_scraper - INFO - 故事 Ask HN: Founders of estonian e... 转换完成，包含 0 条评论
2026-03-27 16:15:54,067 - scrapers.hackernews_scraper - INFO - 转换第 4/14 个故事: Ask HN: Personalized mRNA canc...
2026-03-27 16:15:56,814 - scrapers.hackernews_scraper - INFO - 找到 4 条评论
2026-03-27 16:15:56,817 - scrapers.hackernews_scraper - INFO - 故事 Ask HN: Personalized mRNA canc... 转换完成，包含 4 条评论
2026-03-27 16:15:56,817 - scrapers.hackernews_scraper - INFO - 转换第 5/14 个故事: Ask HN: How did you figure out...
2026-03-27 16:15:58,867 - scrapers.hackernews_scraper - INFO - 找到 32 条评论
2026-03-27 16:15:58,895 - scrapers.hackernews_scraper - INFO - 故事 Ask HN: How did you figure out... 转换完成，包含 32 条评论
2026-03-27 16:15:58,895 - scrapers.hackernews_scraper - INFO - 转换第 6/14 个故事: Ask HN: Is Antigravity code se...
2026-03-27 16:16:01,814 - scrapers.hackernews_scraper - INFO - 找到 0 条评论
2026-03-27 16:16:01,815 - scrapers.hackernews_scraper - INFO - 故事 Ask HN: Is Antigravity code se... 转换完成，包含 0 条评论
2026-03-27 16:16:01,815 - scrapers.hackernews_scraper - INFO - 转换第 7/14 个故事: Ask HN: Is anyone here also de...
2026-03-27 16:16:04,734 - scrapers.hackernews_scraper - INFO - 找到 28 条评论
2026-03-27 16:16:04,758 - scrapers.hackernews_scraper - INFO - 故事 Ask HN: Is anyone here also de... 转换完成，包含 28 条评论
2026-03-27 16:16:04,758 - scrapers.hackernews_scraper - INFO - 转换第 8/14 个故事: Ask HN: Is using AI tooling fo...
2026-03-27 16:16:07,531 - scrapers.hackernews_scraper - INFO - 找到 29 条评论
2026-03-27 16:16:07,560 - scrapers.hackernews_scraper - INFO - 故事 Ask HN: Is using AI tooling fo... 转换完成，包含 29 条评论
2026-03-27 16:16:07,560 - scrapers.hackernews_scraper - INFO - 转换第 9/14 个故事: Ask HN: At what point you deci...
2026-03-27 16:16:10,419 - scrapers.hackernews_scraper - INFO - 找到 15 条评论
2026-03-27 16:16:10,429 - scrapers.hackernews_scraper - INFO - 故事 Ask HN: At what point you deci... 转换完成，包含 15 条评论
2026-03-27 16:16:10,429 - scrapers.hackernews_scraper - INFO - 转换第 10/14 个故事: Ask HN: Does the World need mo...
2026-03-27 16:16:12,738 - scrapers.hackernews_scraper - INFO - 找到 16 条评论
2026-03-27 16:16:12,748 - scrapers.hackernews_scraper - INFO - 故事 Ask HN: Does the World need mo... 转换完成，包含 16 条评论
2026-03-27 16:16:12,749 - scrapers.hackernews_scraper - INFO - 转换第 11/14 个故事: Ask HN: How do you feel when y...
2026-03-27 16:16:14,411 - scrapers.hackernews_scraper - INFO - 找到 16 条评论
2026-03-27 16:16:14,422 - scrapers.hackernews_scraper - INFO - 故事 Ask HN: How do you feel when y... 转换完成，包含 16 条评论
2026-03-27 16:16:14,422 - scrapers.hackernews_scraper - INFO - 转换第 12/14 个故事: Ask HN: Any recommended engine...
2026-03-27 16:16:17,423 - scrapers.hackernews_scraper - INFO - 找到 2 条评论
2026-03-27 16:16:17,425 - scrapers.hackernews_scraper - INFO - 故事 Ask HN: Any recommended engine... 转换完成，包含 2 条评论
2026-03-27 16:16:17,425 - scrapers.hackernews_scraper - INFO - 转换第 13/14 个故事: Ask HN: How do you offload all...
2026-03-27 16:16:19,840 - scrapers.hackernews_scraper - INFO - 找到 13 条评论
2026-03-27 16:16:19,848 - scrapers.hackernews_scraper - INFO - 故事 Ask HN: How do you offload all... 转换完成，包含 13 条评论
2026-03-27 16:16:19,848 - scrapers.hackernews_scraper - INFO - 转换第 14/14 个故事: Ask HN: Do you feel less happy...
2026-03-27 16:16:22,902 - utils.http_utils - ERROR - 请求失败: https://news.ycombinator.com/item?id=47511075, 错误: 429 Client Error: Too Many Requests for url: https://news.ycombinator.com/item?id=47511075
2026-03-27 16:16:22,902 - scrapers.hackernews_scraper - ERROR - 获取故事详情失败: 47511075
2026-03-27 16:16:24,992 - scrapers.hackernews_scraper - INFO - 找到 17 条评论
2026-03-27 16:16:25,004 - scrapers.hackernews_scraper - INFO - 故事 Ask HN: Do you feel less happy... 转换完成，包含 17 条评论
2026-03-27 16:16:25,004 - scrapers.hackernews_scraper - INFO - 共转换 14 个故事为统一格式
2026-03-27 16:16:25,004 - scrapers.hackernews_scraper - INFO - 爬取完成，共获取 14 个Ask HN故事
2026-03-27 16:16:25,451 - utils.storage_utils - INFO - 已更新源索引: hackernews
2026-03-27 16:16:25,453 - utils.storage_utils - INFO - 数据已保存到 data/hackernews/week_2026-03-23.json
2026-03-27 16:16:25,454 - scrapers.base_scraper - INFO - 数据已保存到 data/hackernews/week_2026-03-23.json
2026-03-27 16:16:25,454 - scrapers.base_scraper - INFO - 成功爬取 Hacker News 的数据
2026-03-27 16:16:25,455 - __main__ - INFO - 完成: 1/3 个爬虫成功运行
2026-03-27 16:16:25,672 - __main__ - INFO - 归档所有源的旧数据
2026-03-27 16:16:25,673 - __main__ - INFO - 源 jandan 归档 无需归档
2026-03-27 16:16:25,673 - __main__ - INFO - 源 reddit 归档 无需归档
2026-03-27 16:16:25,673 - __main__ - INFO - 源 hackernews 归档 无需归档
