2025-12-31 16:02:23,284 - __main__ - INFO - 运行所有爬虫
2025-12-31 16:02:23,285 - scrapers.jandan_scraper - INFO - JandanScraper初始化完成
2025-12-31 16:02:23,285 - scrapers.base_scraper - INFO - 开始爬取 煎蛋网
2025-12-31 16:02:23,285 - scrapers.jandan_scraper - INFO - 开始爬取煎蛋热评
2025-12-31 16:02:27,581 - scrapers.jandan_scraper - INFO - 成功获取HTML内容，长度: 24808
2025-12-31 16:02:27,581 - scrapers.jandan_scraper - INFO - 调试: 手动获取评论 5877984 的吐槽数据
2025-12-31 16:02:27,581 - scrapers.jandan_scraper - INFO - 获取评论 5877984 的吐槽内容: https://jandan.net/api/tucao/list/5877984
2025-12-31 16:02:30,463 - scrapers.jandan_scraper - INFO - 评论 5877984 获取到 1 条热门吐槽, 3 条普通吐槽
2025-12-31 16:02:30,464 - scrapers.jandan_scraper - INFO - 调试: 评论 5877984 获取到 1 条热门吐槽, 3 条普通吐槽
2025-12-31 16:02:30,464 - scrapers.jandan_scraper - INFO - 开始解析页面中的评论
2025-12-31 16:02:30,464 - scrapers.jandan_scraper - INFO - 开始解析HTML内容, 长度: 24808
2025-12-31 16:02:30,472 - scrapers.jandan_scraper - INFO - 找到 0 条热门评论
2025-12-31 16:02:30,473 - scrapers.jandan_scraper - INFO - 解析完成，获取到 0 条评论
2025-12-31 16:02:30,473 - scrapers.jandan_scraper - INFO - 开始转换评论为统一格式
2025-12-31 16:02:30,473 - scrapers.jandan_scraper - INFO - 开始转换 0 条评论到统一格式
2025-12-31 16:02:30,473 - scrapers.jandan_scraper - INFO - 共转换 0 条评论为统一格式
2025-12-31 16:02:30,473 - scrapers.jandan_scraper - INFO - 爬取完成，共获取 0 条热评
2025-12-31 16:02:30,473 - scrapers.base_scraper - ERROR - 爬取 煎蛋网 失败
2025-12-31 16:02:30,473 - scrapers.reddit_scraper - INFO - RedditScraper初始化完成
2025-12-31 16:02:30,474 - scrapers.base_scraper - INFO - 开始爬取 Reddit
2025-12-31 16:02:30,474 - scrapers.reddit_scraper - INFO - 开始爬取Reddit r/confessions每周热门帖子
2025-12-31 16:02:33,527 - utils.http_utils - ERROR - 请求失败: https://www.reddit.com/r/confessions/top/.json?t=week&limit=10, 错误: 403 Client Error: Blocked for url: https://www.reddit.com/r/confessions/top/.json?t=week&limit=10
2025-12-31 16:02:33,528 - scrapers.reddit_scraper - ERROR - 获取API数据失败: 403 Client Error: Blocked for url: https://www.reddit.com/r/confessions/top/.json?t=week&limit=10
2025-12-31 16:02:33,528 - scrapers.base_scraper - ERROR - 爬取 Reddit 失败
2025-12-31 16:02:33,528 - scrapers.hackernews_scraper - INFO - HackerNewsScraper初始化完成
2025-12-31 16:02:33,529 - scrapers.base_scraper - INFO - 开始爬取 Hacker News
2025-12-31 16:02:33,529 - scrapers.hackernews_scraper - INFO - 开始爬取Hacker News Ask HN帖子
2025-12-31 16:02:33,529 - scrapers.hackernews_scraper - INFO - 获取Ask HN页面: https://news.ycombinator.com/ask
2025-12-31 16:02:35,805 - scrapers.hackernews_scraper - INFO - 找到 30 个帖子行
2025-12-31 16:02:35,807 - scrapers.hackernews_scraper - INFO - 成功解析故事: Ask HN: Any example of success..., 作者=sirnicolaz, 点赞=71, 评论=0
2025-12-31 16:02:35,807 - scrapers.hackernews_scraper - INFO - 成功解析故事: Ask HN: What skills do you wan..., 作者=meridion, 点赞=269, 评论=0
2025-12-31 16:02:35,808 - scrapers.hackernews_scraper - INFO - 成功解析故事: Ask HN: What did you read in 2..., 作者=kwar13, 点赞=330, 评论=0
2025-12-31 16:02:35,809 - scrapers.hackernews_scraper - INFO - 成功解析故事: Ask HN: Loneliness at 19, how ..., 作者=yresting, 点赞=55, 评论=0
2025-12-31 16:02:35,809 - scrapers.hackernews_scraper - INFO - 成功解析故事: Ask HN: Does reading HN make y..., 作者=yakattak, 点赞=42, 评论=0
2025-12-31 16:02:35,810 - scrapers.hackernews_scraper - INFO - 成功解析故事: Ask HN: How to do a Personal C..., 作者=preciousoo, 点赞=23, 评论=0
2025-12-31 16:02:35,811 - scrapers.hackernews_scraper - INFO - 成功解析故事: Ask HN: What do you use to man..., 作者=SunshineTheCat, 点赞=5, 评论=0
2025-12-31 16:02:35,812 - scrapers.hackernews_scraper - INFO - 成功解析故事: Ask HN: How do you manage kids..., 作者=xfax, 点赞=12, 评论=0
2025-12-31 16:02:35,812 - scrapers.hackernews_scraper - INFO - 成功解析故事: Ask HN: How to go back to list..., 作者=muratsu, 点赞=8, 评论=0
2025-12-31 16:02:35,813 - scrapers.hackernews_scraper - INFO - 成功解析故事: Ask HN: What are you building ..., 作者=bayeslaw, 点赞=19, 评论=0
2025-12-31 16:02:35,814 - scrapers.hackernews_scraper - INFO - 成功解析故事: Ask HN: How are you sandboxing..., 作者=m-hodges, 点赞=44, 评论=0
2025-12-31 16:02:35,814 - scrapers.hackernews_scraper - INFO - 成功解析故事: Ask HN: How do you get visibil..., 作者=ClipNoteBook, 点赞=12, 评论=0
2025-12-31 16:02:35,815 - scrapers.hackernews_scraper - INFO - 成功解析故事: Ask HN: What Comic-books did y..., 作者=linesofcode, 点赞=5, 评论=0
2025-12-31 16:02:35,816 - scrapers.hackernews_scraper - INFO - 成功解析故事: Ask HN: How many HN'ers Celebr..., 作者=gist, 点赞=19, 评论=0
2025-12-31 16:02:35,816 - scrapers.hackernews_scraper - INFO - 成功解析故事: Ask HN: What was the hardest b..., 作者=varshith17, 点赞=11, 评论=0
2025-12-31 16:02:35,816 - scrapers.hackernews_scraper - INFO - 成功解析 15 个Ask HN故事
2025-12-31 16:02:35,816 - scrapers.hackernews_scraper - INFO - 开始转换 15 个故事到统一格式
2025-12-31 16:02:35,816 - scrapers.hackernews_scraper - INFO - 转换第 1/15 个故事: Ask HN: Any example of success...
2025-12-31 16:02:37,540 - scrapers.hackernews_scraper - INFO - 找到 106 条评论
2025-12-31 16:02:37,762 - scrapers.hackernews_scraper - INFO - 故事 Ask HN: Any example of success... 转换完成，包含 100 条评论
2025-12-31 16:02:37,762 - scrapers.hackernews_scraper - INFO - 转换第 2/15 个故事: Ask HN: What skills do you wan...
2025-12-31 16:02:40,429 - scrapers.hackernews_scraper - INFO - 找到 413 条评论
2025-12-31 16:02:43,422 - scrapers.hackernews_scraper - INFO - 故事 Ask HN: What skills do you wan... 转换完成，包含 100 条评论
2025-12-31 16:02:43,422 - scrapers.hackernews_scraper - INFO - 转换第 3/15 个故事: Ask HN: What did you read in 2...
2025-12-31 16:02:47,270 - scrapers.hackernews_scraper - INFO - 找到 435 条评论
2025-12-31 16:02:50,572 - scrapers.hackernews_scraper - INFO - 故事 Ask HN: What did you read in 2... 转换完成，包含 100 条评论
2025-12-31 16:02:50,572 - scrapers.hackernews_scraper - INFO - 转换第 4/15 个故事: Ask HN: Loneliness at 19, how ...
2025-12-31 16:02:52,949 - scrapers.hackernews_scraper - INFO - 找到 99 条评论
2025-12-31 16:02:53,147 - scrapers.hackernews_scraper - INFO - 故事 Ask HN: Loneliness at 19, how ... 转换完成，包含 99 条评论
2025-12-31 16:02:53,147 - scrapers.hackernews_scraper - INFO - 转换第 5/15 个故事: Ask HN: Does reading HN make y...
2025-12-31 16:02:55,590 - scrapers.hackernews_scraper - INFO - 找到 27 条评论
2025-12-31 16:02:55,614 - scrapers.hackernews_scraper - INFO - 故事 Ask HN: Does reading HN make y... 转换完成，包含 27 条评论
2025-12-31 16:02:55,614 - scrapers.hackernews_scraper - INFO - 转换第 6/15 个故事: Ask HN: How to do a Personal C...
2025-12-31 16:02:58,328 - scrapers.hackernews_scraper - INFO - 找到 12 条评论
2025-12-31 16:02:58,337 - scrapers.hackernews_scraper - INFO - 故事 Ask HN: How to do a Personal C... 转换完成，包含 12 条评论
2025-12-31 16:02:58,337 - scrapers.hackernews_scraper - INFO - 转换第 7/15 个故事: Ask HN: What do you use to man...
2025-12-31 16:02:59,675 - scrapers.hackernews_scraper - INFO - 找到 9 条评论
2025-12-31 16:02:59,681 - scrapers.hackernews_scraper - INFO - 故事 Ask HN: What do you use to man... 转换完成，包含 9 条评论
2025-12-31 16:02:59,681 - scrapers.hackernews_scraper - INFO - 转换第 8/15 个故事: Ask HN: How do you manage kids...
2025-12-31 16:03:01,953 - scrapers.hackernews_scraper - INFO - 找到 5 条评论
2025-12-31 16:03:01,956 - scrapers.hackernews_scraper - INFO - 故事 Ask HN: How do you manage kids... 转换完成，包含 5 条评论
2025-12-31 16:03:01,956 - scrapers.hackernews_scraper - INFO - 转换第 9/15 个故事: Ask HN: How to go back to list...
2025-12-31 16:03:03,532 - scrapers.hackernews_scraper - INFO - 找到 15 条评论
2025-12-31 16:03:03,543 - scrapers.hackernews_scraper - INFO - 故事 Ask HN: How to go back to list... 转换完成，包含 15 条评论
2025-12-31 16:03:03,544 - scrapers.hackernews_scraper - INFO - 转换第 10/15 个故事: Ask HN: What are you building ...
2025-12-31 16:03:04,862 - scrapers.hackernews_scraper - INFO - 找到 36 条评论
2025-12-31 16:03:04,899 - scrapers.hackernews_scraper - INFO - 故事 Ask HN: What are you building ... 转换完成，包含 36 条评论
2025-12-31 16:03:04,899 - scrapers.hackernews_scraper - INFO - 转换第 11/15 个故事: Ask HN: How are you sandboxing...
2025-12-31 16:03:07,639 - scrapers.hackernews_scraper - INFO - 找到 31 条评论
2025-12-31 16:03:07,669 - scrapers.hackernews_scraper - INFO - 故事 Ask HN: How are you sandboxing... 转换完成，包含 31 条评论
2025-12-31 16:03:07,669 - scrapers.hackernews_scraper - INFO - 转换第 12/15 个故事: Ask HN: How do you get visibil...
2025-12-31 16:03:10,782 - scrapers.hackernews_scraper - INFO - 找到 20 条评论
2025-12-31 16:03:10,798 - scrapers.hackernews_scraper - INFO - 故事 Ask HN: How do you get visibil... 转换完成，包含 20 条评论
2025-12-31 16:03:10,798 - scrapers.hackernews_scraper - INFO - 转换第 13/15 个故事: Ask HN: What Comic-books did y...
2025-12-31 16:03:13,199 - scrapers.hackernews_scraper - INFO - 找到 2 条评论
2025-12-31 16:03:13,200 - scrapers.hackernews_scraper - INFO - 故事 Ask HN: What Comic-books did y... 转换完成，包含 2 条评论
2025-12-31 16:03:13,200 - scrapers.hackernews_scraper - INFO - 转换第 14/15 个故事: Ask HN: How many HN'ers Celebr...
2025-12-31 16:03:16,226 - scrapers.hackernews_scraper - INFO - 找到 36 条评论
2025-12-31 16:03:16,264 - scrapers.hackernews_scraper - INFO - 故事 Ask HN: How many HN'ers Celebr... 转换完成，包含 36 条评论
2025-12-31 16:03:16,264 - scrapers.hackernews_scraper - INFO - 转换第 15/15 个故事: Ask HN: What was the hardest b...
2025-12-31 16:03:18,353 - scrapers.hackernews_scraper - INFO - 找到 6 条评论
2025-12-31 16:03:18,357 - scrapers.hackernews_scraper - INFO - 故事 Ask HN: What was the hardest b... 转换完成，包含 6 条评论
2025-12-31 16:03:18,357 - scrapers.hackernews_scraper - INFO - 共转换 15 个故事为统一格式
2025-12-31 16:03:18,357 - scrapers.hackernews_scraper - INFO - 爬取完成，共获取 15 个Ask HN故事
2025-12-31 16:03:18,838 - utils.storage_utils - INFO - 已更新源索引: hackernews
2025-12-31 16:03:18,840 - utils.storage_utils - INFO - 数据已保存到 data/hackernews/week_2025-12-29.json
2025-12-31 16:03:18,841 - scrapers.base_scraper - INFO - 数据已保存到 data/hackernews/week_2025-12-29.json
2025-12-31 16:03:18,841 - scrapers.base_scraper - INFO - 成功爬取 Hacker News 的数据
2025-12-31 16:03:18,842 - __main__ - INFO - 完成: 1/3 个爬虫成功运行
2025-12-31 16:03:19,061 - __main__ - INFO - 归档所有源的旧数据
2025-12-31 16:03:19,061 - __main__ - INFO - 源 jandan 归档 无需归档
2025-12-31 16:03:19,061 - __main__ - INFO - 源 reddit 归档 无需归档
2025-12-31 16:03:19,061 - __main__ - INFO - 源 hackernews 归档 无需归档
