2025-09-15 16:02:28,268 - __main__ - INFO - 运行所有爬虫
2025-09-15 16:02:28,269 - scrapers.jandan_scraper - INFO - JandanScraper初始化完成
2025-09-15 16:02:28,269 - scrapers.base_scraper - INFO - 开始爬取 煎蛋网
2025-09-15 16:02:28,269 - scrapers.jandan_scraper - INFO - 开始爬取煎蛋热评
2025-09-15 16:02:31,251 - scrapers.jandan_scraper - INFO - 成功获取HTML内容，长度: 24792
2025-09-15 16:02:31,251 - scrapers.jandan_scraper - INFO - 调试: 手动获取评论 5877984 的吐槽数据
2025-09-15 16:02:31,251 - scrapers.jandan_scraper - INFO - 获取评论 5877984 的吐槽内容: https://jandan.net/api/tucao/list/5877984
2025-09-15 16:02:34,156 - scrapers.jandan_scraper - INFO - 评论 5877984 获取到 1 条热门吐槽, 3 条普通吐槽
2025-09-15 16:02:34,157 - scrapers.jandan_scraper - INFO - 调试: 评论 5877984 获取到 1 条热门吐槽, 3 条普通吐槽
2025-09-15 16:02:34,157 - scrapers.jandan_scraper - INFO - 开始解析页面中的评论
2025-09-15 16:02:34,157 - scrapers.jandan_scraper - INFO - 开始解析HTML内容, 长度: 24792
2025-09-15 16:02:34,165 - scrapers.jandan_scraper - INFO - 找到 0 条热门评论
2025-09-15 16:02:34,165 - scrapers.jandan_scraper - INFO - 解析完成，获取到 0 条评论
2025-09-15 16:02:34,165 - scrapers.jandan_scraper - INFO - 开始转换评论为统一格式
2025-09-15 16:02:34,165 - scrapers.jandan_scraper - INFO - 开始转换 0 条评论到统一格式
2025-09-15 16:02:34,165 - scrapers.jandan_scraper - INFO - 共转换 0 条评论为统一格式
2025-09-15 16:02:34,165 - scrapers.jandan_scraper - INFO - 爬取完成，共获取 0 条热评
2025-09-15 16:02:34,165 - scrapers.base_scraper - ERROR - 爬取 煎蛋网 失败
2025-09-15 16:02:34,166 - scrapers.reddit_scraper - INFO - RedditScraper初始化完成
2025-09-15 16:02:34,167 - scrapers.base_scraper - INFO - 开始爬取 Reddit
2025-09-15 16:02:34,167 - scrapers.reddit_scraper - INFO - 开始爬取Reddit r/confessions每周热门帖子
2025-09-15 16:02:35,534 - utils.http_utils - ERROR - 请求失败: https://www.reddit.com/r/confessions/top/.json?t=week&limit=10, 错误: 403 Client Error: Blocked for url: https://www.reddit.com/r/confessions/top/.json?t=week&limit=10
2025-09-15 16:02:35,535 - scrapers.reddit_scraper - ERROR - 获取API数据失败: 403 Client Error: Blocked for url: https://www.reddit.com/r/confessions/top/.json?t=week&limit=10
2025-09-15 16:02:35,536 - scrapers.base_scraper - ERROR - 爬取 Reddit 失败
2025-09-15 16:02:35,536 - scrapers.hackernews_scraper - INFO - HackerNewsScraper初始化完成
2025-09-15 16:02:35,536 - scrapers.base_scraper - INFO - 开始爬取 Hacker News
2025-09-15 16:02:35,536 - scrapers.hackernews_scraper - INFO - 开始爬取Hacker News Ask HN帖子
2025-09-15 16:02:35,536 - scrapers.hackernews_scraper - INFO - 获取Ask HN页面: https://news.ycombinator.com/ask
2025-09-15 16:02:37,705 - scrapers.hackernews_scraper - INFO - 找到 15 个帖子行
2025-09-15 16:02:37,707 - scrapers.hackernews_scraper - INFO - 成功解析故事: Ask HN: Costs for US sales tax..., 作者=throway-9998888, 点赞=3, 评论=0
2025-09-15 16:02:37,708 - scrapers.hackernews_scraper - INFO - 成功解析故事: Ask HN: Getting over Burnout w..., 作者=chrsig, 点赞=20, 评论=0
2025-09-15 16:02:37,709 - scrapers.hackernews_scraper - INFO - 成功解析故事: Ask HN: Who wants to be hired?..., 作者=whoishiring, 点赞=124, 评论=0
2025-09-15 16:02:37,710 - scrapers.hackernews_scraper - INFO - 成功解析故事: Ask HN: Are there any modern d..., 作者=butz, 点赞=22, 评论=0
2025-09-15 16:02:37,711 - scrapers.hackernews_scraper - INFO - 成功解析故事: Ask HN: Who is hiring? (Septem..., 作者=whoishiring, 点赞=267, 评论=0
2025-09-15 16:02:37,711 - scrapers.hackernews_scraper - INFO - 成功解析故事: Ask HN: Good resources for DIY..., 作者=xrd, 点赞=29, 评论=0
2025-09-15 16:02:37,712 - scrapers.hackernews_scraper - INFO - 成功解析故事: Ask HN: Looking for headless C..., 作者=rakshithbellare, 点赞=84, 评论=0
2025-09-15 16:02:37,712 - scrapers.hackernews_scraper - INFO - 成功解析 7 个Ask HN故事
2025-09-15 16:02:37,712 - scrapers.hackernews_scraper - INFO - 开始转换 7 个故事到统一格式
2025-09-15 16:02:37,712 - scrapers.hackernews_scraper - INFO - 转换第 1/7 个故事: Ask HN: Costs for US sales tax...
2025-09-15 16:02:38,826 - scrapers.hackernews_scraper - INFO - 找到 1 条评论
2025-09-15 16:02:38,827 - scrapers.hackernews_scraper - INFO - 故事 Ask HN: Costs for US sales tax... 转换完成，包含 1 条评论
2025-09-15 16:02:38,827 - scrapers.hackernews_scraper - INFO - 转换第 2/7 个故事: Ask HN: Getting over Burnout w...
2025-09-15 16:02:41,930 - scrapers.hackernews_scraper - INFO - 找到 5 条评论
2025-09-15 16:02:41,934 - scrapers.hackernews_scraper - INFO - 故事 Ask HN: Getting over Burnout w... 转换完成，包含 5 条评论
2025-09-15 16:02:41,934 - scrapers.hackernews_scraper - INFO - 转换第 3/7 个故事: Ask HN: Who wants to be hired?...
2025-09-15 16:02:45,206 - scrapers.hackernews_scraper - INFO - 找到 390 条评论
2025-09-15 16:02:48,334 - scrapers.hackernews_scraper - INFO - 故事 Ask HN: Who wants to be hired?... 转换完成，包含 100 条评论
2025-09-15 16:02:48,334 - scrapers.hackernews_scraper - INFO - 转换第 4/7 个故事: Ask HN: Are there any modern d...
2025-09-15 16:02:49,676 - scrapers.hackernews_scraper - INFO - 找到 18 条评论
2025-09-15 16:02:49,690 - scrapers.hackernews_scraper - INFO - 故事 Ask HN: Are there any modern d... 转换完成，包含 18 条评论
2025-09-15 16:02:49,690 - scrapers.hackernews_scraper - INFO - 转换第 5/7 个故事: Ask HN: Who is hiring? (Septem...
2025-09-15 16:02:52,640 - scrapers.hackernews_scraper - INFO - 找到 456 条评论
2025-09-15 16:02:56,643 - scrapers.hackernews_scraper - INFO - 故事 Ask HN: Who is hiring? (Septem... 转换完成，包含 100 条评论
2025-09-15 16:02:56,643 - scrapers.hackernews_scraper - INFO - 转换第 6/7 个故事: Ask HN: Good resources for DIY...
2025-09-15 16:02:59,670 - scrapers.hackernews_scraper - INFO - 找到 8 条评论
2025-09-15 16:02:59,676 - scrapers.hackernews_scraper - INFO - 故事 Ask HN: Good resources for DIY... 转换完成，包含 8 条评论
2025-09-15 16:02:59,676 - scrapers.hackernews_scraper - INFO - 转换第 7/7 个故事: Ask HN: Looking for headless C...
2025-09-15 16:03:03,415 - scrapers.hackernews_scraper - INFO - 找到 89 条评论
2025-09-15 16:03:03,576 - scrapers.hackernews_scraper - INFO - 故事 Ask HN: Looking for headless C... 转换完成，包含 89 条评论
2025-09-15 16:03:03,577 - scrapers.hackernews_scraper - INFO - 共转换 7 个故事为统一格式
2025-09-15 16:03:03,577 - scrapers.hackernews_scraper - INFO - 爬取完成，共获取 7 个Ask HN故事
2025-09-15 16:03:03,956 - utils.storage_utils - INFO - 已更新源索引: hackernews
2025-09-15 16:03:03,957 - utils.storage_utils - INFO - 数据已保存到 data/hackernews/week_2025-09-15.json
2025-09-15 16:03:03,957 - scrapers.base_scraper - INFO - 数据已保存到 data/hackernews/week_2025-09-15.json
2025-09-15 16:03:03,957 - scrapers.base_scraper - INFO - 成功爬取 Hacker News 的数据
2025-09-15 16:03:03,958 - __main__ - INFO - 完成: 1/3 个爬虫成功运行
2025-09-15 16:03:04,175 - __main__ - INFO - 归档所有源的旧数据
2025-09-15 16:03:04,175 - __main__ - INFO - 源 jandan 归档 无需归档
2025-09-15 16:03:04,175 - __main__ - INFO - 源 reddit 归档 无需归档
2025-09-15 16:03:04,175 - utils.storage_utils - INFO - 已将 week_2025-06-23.json 归档
2025-09-15 16:03:04,176 - __main__ - INFO - 源 hackernews 归档 成功
