2026-02-02 16:06:27,814 - __main__ - INFO - 运行所有爬虫
2026-02-02 16:06:27,814 - scrapers.jandan_scraper - INFO - JandanScraper初始化完成
2026-02-02 16:06:27,814 - scrapers.base_scraper - INFO - 开始爬取 煎蛋网
2026-02-02 16:06:27,814 - scrapers.jandan_scraper - INFO - 开始爬取煎蛋热评
2026-02-02 16:06:30,896 - scrapers.jandan_scraper - INFO - 成功获取HTML内容，长度: 25648
2026-02-02 16:06:30,896 - scrapers.jandan_scraper - INFO - 调试: 手动获取评论 5877984 的吐槽数据
2026-02-02 16:06:30,896 - scrapers.jandan_scraper - INFO - 获取评论 5877984 的吐槽内容: https://jandan.net/api/tucao/list/5877984
2026-02-02 16:06:33,392 - scrapers.jandan_scraper - INFO - 评论 5877984 获取到 1 条热门吐槽, 3 条普通吐槽
2026-02-02 16:06:33,392 - scrapers.jandan_scraper - INFO - 调试: 评论 5877984 获取到 1 条热门吐槽, 3 条普通吐槽
2026-02-02 16:06:33,392 - scrapers.jandan_scraper - INFO - 开始解析页面中的评论
2026-02-02 16:06:33,392 - scrapers.jandan_scraper - INFO - 开始解析HTML内容, 长度: 25648
2026-02-02 16:06:33,401 - scrapers.jandan_scraper - INFO - 找到 0 条热门评论
2026-02-02 16:06:33,401 - scrapers.jandan_scraper - INFO - 解析完成，获取到 0 条评论
2026-02-02 16:06:33,401 - scrapers.jandan_scraper - INFO - 开始转换评论为统一格式
2026-02-02 16:06:33,401 - scrapers.jandan_scraper - INFO - 开始转换 0 条评论到统一格式
2026-02-02 16:06:33,401 - scrapers.jandan_scraper - INFO - 共转换 0 条评论为统一格式
2026-02-02 16:06:33,402 - scrapers.jandan_scraper - INFO - 爬取完成，共获取 0 条热评
2026-02-02 16:06:33,402 - scrapers.base_scraper - ERROR - 爬取 煎蛋网 失败
2026-02-02 16:06:33,402 - scrapers.reddit_scraper - INFO - RedditScraper初始化完成
2026-02-02 16:06:33,403 - scrapers.base_scraper - INFO - 开始爬取 Reddit
2026-02-02 16:06:33,403 - scrapers.reddit_scraper - INFO - 开始爬取Reddit r/confessions每周热门帖子
2026-02-02 16:06:35,834 - utils.http_utils - ERROR - 请求失败: https://www.reddit.com/r/confessions/top/.json?t=week&limit=10, 错误: 403 Client Error: Blocked for url: https://www.reddit.com/r/confessions/top/.json?t=week&limit=10
2026-02-02 16:06:35,834 - scrapers.reddit_scraper - ERROR - 获取API数据失败: 403 Client Error: Blocked for url: https://www.reddit.com/r/confessions/top/.json?t=week&limit=10
2026-02-02 16:06:35,834 - scrapers.base_scraper - ERROR - 爬取 Reddit 失败
2026-02-02 16:06:35,835 - scrapers.hackernews_scraper - INFO - HackerNewsScraper初始化完成
2026-02-02 16:06:35,835 - scrapers.base_scraper - INFO - 开始爬取 Hacker News
2026-02-02 16:06:35,835 - scrapers.hackernews_scraper - INFO - 开始爬取Hacker News Ask HN帖子
2026-02-02 16:06:35,835 - scrapers.hackernews_scraper - INFO - 获取Ask HN页面: https://news.ycombinator.com/ask
2026-02-02 16:06:38,553 - scrapers.hackernews_scraper - INFO - 找到 30 个帖子行
2026-02-02 16:06:38,554 - scrapers.hackernews_scraper - INFO - 成功解析故事: Ask HN: Who is hiring? (Februa..., 作者=whoishiring, 点赞=4, 评论=0
2026-02-02 16:06:38,555 - scrapers.hackernews_scraper - INFO - 成功解析故事: Ask HN: Has anybody moved thei..., 作者=madsohm, 点赞=9, 评论=0
2026-02-02 16:06:38,556 - scrapers.hackernews_scraper - INFO - 成功解析故事: Ask HN: Do you still use physi..., 作者=speedylight, 点赞=32, 评论=0
2026-02-02 16:06:38,556 - scrapers.hackernews_scraper - INFO - 成功解析故事: Ask HN: What serious task have..., 作者=lukol, 点赞=3, 评论=0
2026-02-02 16:06:38,557 - scrapers.hackernews_scraper - INFO - 成功解析故事: Ask HN: Junior getting lost..., 作者=TheRegularOne, 点赞=49, 评论=0
2026-02-02 16:06:38,558 - scrapers.hackernews_scraper - INFO - 成功解析故事: Ask HN: Any Successful Co-Ops ..., 作者=rubyn00bie, 点赞=12, 评论=0
2026-02-02 16:06:38,558 - scrapers.hackernews_scraper - INFO - 成功解析故事: Ask HN: Any real OpenClaw (Cla..., 作者=cvhc, 点赞=106, 评论=0
2026-02-02 16:06:38,559 - scrapers.hackernews_scraper - INFO - 成功解析故事: Ask HN: Do you also "hoard" no..., 作者=item007, 点赞=229, 评论=0
2026-02-02 16:06:38,559 - scrapers.hackernews_scraper - INFO - 成功解析故事: Ask HN: How do you handle auth..., 作者=NBenkovich, 点赞=2, 评论=0
2026-02-02 16:06:38,560 - scrapers.hackernews_scraper - INFO - 成功解析故事: Ask HN: How do you reset an Ap..., 作者=OhMeadhbh, 点赞=13, 评论=0
2026-02-02 16:06:38,561 - scrapers.hackernews_scraper - INFO - 成功解析故事: Ask HN: The Next Big OS Leap..., 作者=rafaelmdec, 点赞=4, 评论=0
2026-02-02 16:06:38,561 - scrapers.hackernews_scraper - INFO - 成功解析故事: Ask HN: How do you market a si..., 作者=ruairidhwm, 点赞=11, 评论=0
2026-02-02 16:06:38,562 - scrapers.hackernews_scraper - INFO - 成功解析故事: Ask HN: What's your biggest LL..., 作者=teilom, 点赞=7, 评论=0
2026-02-02 16:06:38,562 - scrapers.hackernews_scraper - INFO - 成功解析故事: Ask HN: What's the Point Anymo..., 作者=fnoef, 点赞=67, 评论=0
2026-02-02 16:06:38,563 - scrapers.hackernews_scraper - INFO - 成功解析故事: Ask HN: What recent UX changes..., 作者=superasn, 点赞=34, 评论=0
2026-02-02 16:06:38,563 - scrapers.hackernews_scraper - INFO - 成功解析 15 个Ask HN故事
2026-02-02 16:06:38,563 - scrapers.hackernews_scraper - INFO - 开始转换 15 个故事到统一格式
2026-02-02 16:06:38,563 - scrapers.hackernews_scraper - INFO - 转换第 1/15 个故事: Ask HN: Who is hiring? (Februa...
2026-02-02 16:06:41,341 - scrapers.hackernews_scraper - INFO - 找到 12 条评论
2026-02-02 16:06:41,352 - scrapers.hackernews_scraper - INFO - 故事 Ask HN: Who is hiring? (Februa... 转换完成，包含 12 条评论
2026-02-02 16:06:41,352 - scrapers.hackernews_scraper - INFO - 转换第 2/15 个故事: Ask HN: Has anybody moved thei...
2026-02-02 16:06:42,494 - scrapers.hackernews_scraper - INFO - 找到 3 条评论
2026-02-02 16:06:42,496 - scrapers.hackernews_scraper - INFO - 故事 Ask HN: Has anybody moved thei... 转换完成，包含 3 条评论
2026-02-02 16:06:42,496 - scrapers.hackernews_scraper - INFO - 转换第 3/15 个故事: Ask HN: Do you still use physi...
2026-02-02 16:06:45,213 - scrapers.hackernews_scraper - INFO - 找到 87 条评论
2026-02-02 16:06:45,363 - scrapers.hackernews_scraper - INFO - 故事 Ask HN: Do you still use physi... 转换完成，包含 87 条评论
2026-02-02 16:06:45,363 - scrapers.hackernews_scraper - INFO - 转换第 4/15 个故事: Ask HN: What serious task have...
2026-02-02 16:06:48,045 - scrapers.hackernews_scraper - INFO - 找到 3 条评论
2026-02-02 16:06:48,047 - scrapers.hackernews_scraper - INFO - 故事 Ask HN: What serious task have... 转换完成，包含 3 条评论
2026-02-02 16:06:48,047 - scrapers.hackernews_scraper - INFO - 转换第 5/15 个故事: Ask HN: Junior getting lost...
2026-02-02 16:06:50,255 - scrapers.hackernews_scraper - INFO - 找到 36 条评论
2026-02-02 16:06:50,294 - scrapers.hackernews_scraper - INFO - 故事 Ask HN: Junior getting lost... 转换完成，包含 36 条评论
2026-02-02 16:06:50,294 - scrapers.hackernews_scraper - INFO - 转换第 6/15 个故事: Ask HN: Any Successful Co-Ops ...
2026-02-02 16:06:53,191 - scrapers.hackernews_scraper - INFO - 找到 9 条评论
2026-02-02 16:06:53,196 - scrapers.hackernews_scraper - INFO - 故事 Ask HN: Any Successful Co-Ops ... 转换完成，包含 9 条评论
2026-02-02 16:06:53,197 - scrapers.hackernews_scraper - INFO - 转换第 7/15 个故事: Ask HN: Any real OpenClaw (Cla...
2026-02-02 16:06:55,645 - scrapers.hackernews_scraper - INFO - 找到 167 条评论
2026-02-02 16:06:56,121 - scrapers.hackernews_scraper - INFO - 故事 Ask HN: Any real OpenClaw (Cla... 转换完成，包含 100 条评论
2026-02-02 16:06:56,121 - scrapers.hackernews_scraper - INFO - 转换第 8/15 个故事: Ask HN: Do you also "hoard" no...
2026-02-02 16:06:59,393 - scrapers.hackernews_scraper - INFO - 找到 211 条评论
2026-02-02 16:07:00,148 - scrapers.hackernews_scraper - INFO - 故事 Ask HN: Do you also "hoard" no... 转换完成，包含 100 条评论
2026-02-02 16:07:00,148 - scrapers.hackernews_scraper - INFO - 转换第 9/15 个故事: Ask HN: How do you handle auth...
2026-02-02 16:07:01,731 - scrapers.hackernews_scraper - INFO - 找到 7 条评论
2026-02-02 16:07:01,736 - scrapers.hackernews_scraper - INFO - 故事 Ask HN: How do you handle auth... 转换完成，包含 7 条评论
2026-02-02 16:07:01,736 - scrapers.hackernews_scraper - INFO - 转换第 10/15 个故事: Ask HN: How do you reset an Ap...
2026-02-02 16:07:04,411 - scrapers.hackernews_scraper - INFO - 找到 26 条评论
2026-02-02 16:07:04,433 - scrapers.hackernews_scraper - INFO - 故事 Ask HN: How do you reset an Ap... 转换完成，包含 26 条评论
2026-02-02 16:07:04,433 - scrapers.hackernews_scraper - INFO - 转换第 11/15 个故事: Ask HN: The Next Big OS Leap...
2026-02-02 16:07:06,847 - scrapers.hackernews_scraper - INFO - 找到 25 条评论
2026-02-02 16:07:06,869 - scrapers.hackernews_scraper - INFO - 故事 Ask HN: The Next Big OS Leap... 转换完成，包含 25 条评论
2026-02-02 16:07:06,869 - scrapers.hackernews_scraper - INFO - 转换第 12/15 个故事: Ask HN: How do you market a si...
2026-02-02 16:07:08,295 - scrapers.hackernews_scraper - INFO - 找到 12 条评论
2026-02-02 16:07:08,303 - scrapers.hackernews_scraper - INFO - 故事 Ask HN: How do you market a si... 转换完成，包含 12 条评论
2026-02-02 16:07:08,303 - scrapers.hackernews_scraper - INFO - 转换第 13/15 个故事: Ask HN: What's your biggest LL...
2026-02-02 16:07:11,128 - scrapers.hackernews_scraper - INFO - 找到 5 条评论
2026-02-02 16:07:11,131 - scrapers.hackernews_scraper - INFO - 故事 Ask HN: What's your biggest LL... 转换完成，包含 5 条评论
2026-02-02 16:07:11,131 - scrapers.hackernews_scraper - INFO - 转换第 14/15 个故事: Ask HN: What's the Point Anymo...
2026-02-02 16:07:14,312 - scrapers.hackernews_scraper - INFO - 找到 82 条评论
2026-02-02 16:07:14,449 - scrapers.hackernews_scraper - INFO - 故事 Ask HN: What's the Point Anymo... 转换完成，包含 82 条评论
2026-02-02 16:07:14,449 - scrapers.hackernews_scraper - INFO - 转换第 15/15 个故事: Ask HN: What recent UX changes...
2026-02-02 16:07:15,921 - scrapers.hackernews_scraper - INFO - 找到 36 条评论
2026-02-02 16:07:15,956 - scrapers.hackernews_scraper - INFO - 故事 Ask HN: What recent UX changes... 转换完成，包含 36 条评论
2026-02-02 16:07:15,956 - scrapers.hackernews_scraper - INFO - 共转换 15 个故事为统一格式
2026-02-02 16:07:15,956 - scrapers.hackernews_scraper - INFO - 爬取完成，共获取 15 个Ask HN故事
2026-02-02 16:07:16,371 - utils.storage_utils - INFO - 已更新源索引: hackernews
2026-02-02 16:07:16,374 - utils.storage_utils - INFO - 数据已保存到 data/hackernews/week_2026-02-02.json
2026-02-02 16:07:16,374 - scrapers.base_scraper - INFO - 数据已保存到 data/hackernews/week_2026-02-02.json
2026-02-02 16:07:16,374 - scrapers.base_scraper - INFO - 成功爬取 Hacker News 的数据
2026-02-02 16:07:16,375 - __main__ - INFO - 完成: 1/3 个爬虫成功运行
2026-02-02 16:07:16,596 - __main__ - INFO - 归档所有源的旧数据
2026-02-02 16:07:16,596 - __main__ - INFO - 源 jandan 归档 无需归档
2026-02-02 16:07:16,596 - __main__ - INFO - 源 reddit 归档 无需归档
2026-02-02 16:07:16,597 - utils.storage_utils - INFO - 已将 week_2025-11-10.json 归档
2026-02-02 16:07:16,597 - __main__ - INFO - 源 hackernews 归档 成功
