2025-09-01 16:02:01,415 - __main__ - INFO - 运行所有爬虫
2025-09-01 16:02:01,415 - scrapers.jandan_scraper - INFO - JandanScraper初始化完成
2025-09-01 16:02:01,415 - scrapers.base_scraper - INFO - 开始爬取 煎蛋网
2025-09-01 16:02:01,415 - scrapers.jandan_scraper - INFO - 开始爬取煎蛋热评
2025-09-01 16:02:05,263 - scrapers.jandan_scraper - INFO - 成功获取HTML内容，长度: 24792
2025-09-01 16:02:05,264 - scrapers.jandan_scraper - INFO - 调试: 手动获取评论 5877984 的吐槽数据
2025-09-01 16:02:05,264 - scrapers.jandan_scraper - INFO - 获取评论 5877984 的吐槽内容: https://jandan.net/api/tucao/list/5877984
2025-09-01 16:02:08,671 - scrapers.jandan_scraper - INFO - 评论 5877984 获取到 1 条热门吐槽, 3 条普通吐槽
2025-09-01 16:02:08,671 - scrapers.jandan_scraper - INFO - 调试: 评论 5877984 获取到 1 条热门吐槽, 3 条普通吐槽
2025-09-01 16:02:08,671 - scrapers.jandan_scraper - INFO - 开始解析页面中的评论
2025-09-01 16:02:08,671 - scrapers.jandan_scraper - INFO - 开始解析HTML内容, 长度: 24792
2025-09-01 16:02:08,680 - scrapers.jandan_scraper - INFO - 找到 0 条热门评论
2025-09-01 16:02:08,680 - scrapers.jandan_scraper - INFO - 解析完成，获取到 0 条评论
2025-09-01 16:02:08,680 - scrapers.jandan_scraper - INFO - 开始转换评论为统一格式
2025-09-01 16:02:08,680 - scrapers.jandan_scraper - INFO - 开始转换 0 条评论到统一格式
2025-09-01 16:02:08,680 - scrapers.jandan_scraper - INFO - 共转换 0 条评论为统一格式
2025-09-01 16:02:08,680 - scrapers.jandan_scraper - INFO - 爬取完成，共获取 0 条热评
2025-09-01 16:02:08,680 - scrapers.base_scraper - ERROR - 爬取 煎蛋网 失败
2025-09-01 16:02:08,680 - scrapers.reddit_scraper - INFO - RedditScraper初始化完成
2025-09-01 16:02:08,682 - scrapers.base_scraper - INFO - 开始爬取 Reddit
2025-09-01 16:02:08,682 - scrapers.reddit_scraper - INFO - 开始爬取Reddit r/confessions每周热门帖子
2025-09-01 16:02:11,378 - utils.http_utils - ERROR - 请求失败: https://www.reddit.com/r/confessions/top/.json?t=week&limit=10, 错误: 403 Client Error: Blocked for url: https://www.reddit.com/r/confessions/top/.json?t=week&limit=10
2025-09-01 16:02:11,379 - scrapers.reddit_scraper - ERROR - 获取API数据失败: 403 Client Error: Blocked for url: https://www.reddit.com/r/confessions/top/.json?t=week&limit=10
2025-09-01 16:02:11,379 - scrapers.base_scraper - ERROR - 爬取 Reddit 失败
2025-09-01 16:02:11,379 - scrapers.hackernews_scraper - INFO - HackerNewsScraper初始化完成
2025-09-01 16:02:11,380 - scrapers.base_scraper - INFO - 开始爬取 Hacker News
2025-09-01 16:02:11,380 - scrapers.hackernews_scraper - INFO - 开始爬取Hacker News Ask HN帖子
2025-09-01 16:02:11,380 - scrapers.hackernews_scraper - INFO - 获取Ask HN页面: https://news.ycombinator.com/ask
2025-09-01 16:02:13,584 - scrapers.hackernews_scraper - INFO - 找到 30 个帖子行
2025-09-01 16:02:13,585 - scrapers.hackernews_scraper - INFO - 成功解析故事: Ask HN: Do custom ROMs exist f..., 作者=j1000, 点赞=30, 评论=0
2025-09-01 16:02:13,586 - scrapers.hackernews_scraper - INFO - 成功解析故事: Ask HN: Best foundation model ..., 作者=philomath868, 点赞=25, 评论=0
2025-09-01 16:02:13,587 - scrapers.hackernews_scraper - INFO - 成功解析故事: Ask HN: The government of my c..., 作者=rickybule, 点赞=1310, 评论=0
2025-09-01 16:02:13,587 - scrapers.hackernews_scraper - INFO - 成功解析故事: Ask HN: How do you fight YouTu..., 作者=angelochecked, 点赞=135, 评论=0
2025-09-01 16:02:13,588 - scrapers.hackernews_scraper - INFO - 成功解析故事: Ask HN: How much are you guys ..., 作者=codeman001, 点赞=10, 评论=0
2025-09-01 16:02:13,589 - scrapers.hackernews_scraper - INFO - 成功解析故事: Ask HN: Did Developers Undermi..., 作者=rayanboulares, 点赞=7, 评论=0
2025-09-01 16:02:13,590 - scrapers.hackernews_scraper - INFO - 成功解析故事: Ask HN: What to learn for math..., 作者=shivajikobardan, 点赞=70, 评论=0
2025-09-01 16:02:13,590 - scrapers.hackernews_scraper - INFO - 成功解析故事: Ask HN: Why hasn't x86 caught ..., 作者=stephenheron, 点赞=447, 评论=0
2025-09-01 16:02:13,591 - scrapers.hackernews_scraper - INFO - 成功解析故事: Ask HN: Which Open Source Lice..., 作者=davidhalter, 点赞=11, 评论=0
2025-09-01 16:02:13,592 - scrapers.hackernews_scraper - INFO - 成功解析故事: Ask HN: How can I recover and ..., 作者=diasks2, 点赞=56, 评论=0
2025-09-01 16:02:13,592 - scrapers.hackernews_scraper - INFO - 成功解析故事: Ask HN: Anyone using their own..., 作者=vasko, 点赞=16, 评论=0
2025-09-01 16:02:13,593 - scrapers.hackernews_scraper - INFO - 成功解析故事: Ask HN: Any Android Engineers ..., 作者=gooob, 点赞=8, 评论=0
2025-09-01 16:02:13,593 - scrapers.hackernews_scraper - INFO - 成功解析故事: Ask HN: What do you think abou..., 作者=JOHN-DAN, 点赞=7, 评论=0
2025-09-01 16:02:13,594 - scrapers.hackernews_scraper - INFO - 成功解析故事: Ask HN: Best self-hosted wiki ..., 作者=jMyles, 点赞=18, 评论=0
2025-09-01 16:02:13,595 - scrapers.hackernews_scraper - INFO - 成功解析故事: Ask HN: Should we stop worryin..., 作者=_pdp_, 点赞=10, 评论=0
2025-09-01 16:02:13,595 - scrapers.hackernews_scraper - INFO - 成功解析 15 个Ask HN故事
2025-09-01 16:02:13,595 - scrapers.hackernews_scraper - INFO - 开始转换 15 个故事到统一格式
2025-09-01 16:02:13,595 - scrapers.hackernews_scraper - INFO - 转换第 1/15 个故事: Ask HN: Do custom ROMs exist f...
2025-09-01 16:02:15,927 - scrapers.hackernews_scraper - INFO - 找到 23 条评论
2025-09-01 16:02:15,947 - scrapers.hackernews_scraper - INFO - 故事 Ask HN: Do custom ROMs exist f... 转换完成，包含 23 条评论
2025-09-01 16:02:15,947 - scrapers.hackernews_scraper - INFO - 转换第 2/15 个故事: Ask HN: Best foundation model ...
2025-09-01 16:02:17,075 - scrapers.hackernews_scraper - INFO - 找到 16 条评论
2025-09-01 16:02:17,087 - scrapers.hackernews_scraper - INFO - 故事 Ask HN: Best foundation model ... 转换完成，包含 16 条评论
2025-09-01 16:02:17,088 - scrapers.hackernews_scraper - INFO - 转换第 3/15 个故事: Ask HN: The government of my c...
2025-09-01 16:02:22,566 - scrapers.hackernews_scraper - INFO - 找到 723 条评论
2025-09-01 16:02:31,655 - scrapers.hackernews_scraper - INFO - 故事 Ask HN: The government of my c... 转换完成，包含 100 条评论
2025-09-01 16:02:31,656 - scrapers.hackernews_scraper - INFO - 转换第 4/15 个故事: Ask HN: How do you fight YouTu...
2025-09-01 16:02:33,627 - scrapers.hackernews_scraper - INFO - 找到 131 条评论
2025-09-01 16:02:33,943 - scrapers.hackernews_scraper - INFO - 故事 Ask HN: How do you fight YouTu... 转换完成，包含 100 条评论
2025-09-01 16:02:33,943 - scrapers.hackernews_scraper - INFO - 转换第 5/15 个故事: Ask HN: How much are you guys ...
2025-09-01 16:02:35,197 - scrapers.hackernews_scraper - INFO - 找到 8 条评论
2025-09-01 16:02:35,203 - scrapers.hackernews_scraper - INFO - 故事 Ask HN: How much are you guys ... 转换完成，包含 8 条评论
2025-09-01 16:02:35,203 - scrapers.hackernews_scraper - INFO - 转换第 6/15 个故事: Ask HN: Did Developers Undermi...
2025-09-01 16:02:37,868 - scrapers.hackernews_scraper - INFO - 找到 14 条评论
2025-09-01 16:02:37,877 - scrapers.hackernews_scraper - INFO - 故事 Ask HN: Did Developers Undermi... 转换完成，包含 14 条评论
2025-09-01 16:02:37,878 - scrapers.hackernews_scraper - INFO - 转换第 7/15 个故事: Ask HN: What to learn for math...
2025-09-01 16:02:39,529 - scrapers.hackernews_scraper - INFO - 找到 28 条评论
2025-09-01 16:02:39,557 - scrapers.hackernews_scraper - INFO - 故事 Ask HN: What to learn for math... 转换完成，包含 28 条评论
2025-09-01 16:02:39,557 - scrapers.hackernews_scraper - INFO - 转换第 8/15 个故事: Ask HN: Why hasn't x86 caught ...
2025-09-01 16:02:42,801 - scrapers.hackernews_scraper - INFO - 找到 620 条评论
2025-09-01 16:02:49,165 - scrapers.hackernews_scraper - INFO - 故事 Ask HN: Why hasn't x86 caught ... 转换完成，包含 100 条评论
2025-09-01 16:02:49,165 - scrapers.hackernews_scraper - INFO - 转换第 9/15 个故事: Ask HN: Which Open Source Lice...
2025-09-01 16:02:50,279 - scrapers.hackernews_scraper - INFO - 找到 12 条评论
2025-09-01 16:02:50,288 - scrapers.hackernews_scraper - INFO - 故事 Ask HN: Which Open Source Lice... 转换完成，包含 12 条评论
2025-09-01 16:02:50,288 - scrapers.hackernews_scraper - INFO - 转换第 10/15 个故事: Ask HN: How can I recover and ...
2025-09-01 16:02:52,291 - scrapers.hackernews_scraper - INFO - 找到 47 条评论
2025-09-01 16:02:52,344 - scrapers.hackernews_scraper - INFO - 故事 Ask HN: How can I recover and ... 转换完成，包含 47 条评论
2025-09-01 16:02:52,345 - scrapers.hackernews_scraper - INFO - 转换第 11/15 个故事: Ask HN: Anyone using their own...
2025-09-01 16:02:54,717 - scrapers.hackernews_scraper - INFO - 找到 7 条评论
2025-09-01 16:02:54,721 - scrapers.hackernews_scraper - INFO - 故事 Ask HN: Anyone using their own... 转换完成，包含 7 条评论
2025-09-01 16:02:54,722 - scrapers.hackernews_scraper - INFO - 转换第 12/15 个故事: Ask HN: Any Android Engineers ...
2025-09-01 16:02:57,259 - scrapers.hackernews_scraper - INFO - 找到 1 条评论
2025-09-01 16:02:57,259 - scrapers.hackernews_scraper - INFO - 故事 Ask HN: Any Android Engineers ... 转换完成，包含 1 条评论
2025-09-01 16:02:57,259 - scrapers.hackernews_scraper - INFO - 转换第 13/15 个故事: Ask HN: What do you think abou...
2025-09-01 16:02:58,774 - scrapers.hackernews_scraper - INFO - 找到 4 条评论
2025-09-01 16:02:58,777 - scrapers.hackernews_scraper - INFO - 故事 Ask HN: What do you think abou... 转换完成，包含 4 条评论
2025-09-01 16:02:58,777 - scrapers.hackernews_scraper - INFO - 转换第 14/15 个故事: Ask HN: Best self-hosted wiki ...
2025-09-01 16:02:59,972 - scrapers.hackernews_scraper - INFO - 找到 6 条评论
2025-09-01 16:02:59,975 - scrapers.hackernews_scraper - INFO - 故事 Ask HN: Best self-hosted wiki ... 转换完成，包含 6 条评论
2025-09-01 16:02:59,975 - scrapers.hackernews_scraper - INFO - 转换第 15/15 个故事: Ask HN: Should we stop worryin...
2025-09-01 16:03:02,444 - scrapers.hackernews_scraper - INFO - 找到 20 条评论
2025-09-01 16:03:02,459 - scrapers.hackernews_scraper - INFO - 故事 Ask HN: Should we stop worryin... 转换完成，包含 20 条评论
2025-09-01 16:03:02,459 - scrapers.hackernews_scraper - INFO - 共转换 15 个故事为统一格式
2025-09-01 16:03:02,459 - scrapers.hackernews_scraper - INFO - 爬取完成，共获取 15 个Ask HN故事
2025-09-01 16:03:02,863 - utils.storage_utils - INFO - 已更新源索引: hackernews
2025-09-01 16:03:02,866 - utils.storage_utils - INFO - 数据已保存到 data/hackernews/week_2025-09-01.json
2025-09-01 16:03:02,866 - scrapers.base_scraper - INFO - 数据已保存到 data/hackernews/week_2025-09-01.json
2025-09-01 16:03:02,866 - scrapers.base_scraper - INFO - 成功爬取 Hacker News 的数据
2025-09-01 16:03:02,867 - __main__ - INFO - 完成: 1/3 个爬虫成功运行
2025-09-01 16:03:03,084 - __main__ - INFO - 归档所有源的旧数据
2025-09-01 16:03:03,084 - __main__ - INFO - 源 jandan 归档 无需归档
2025-09-01 16:03:03,084 - __main__ - INFO - 源 reddit 归档 无需归档
2025-09-01 16:03:03,084 - utils.storage_utils - INFO - 已将 week_2025-06-09.json 归档
2025-09-01 16:03:03,084 - __main__ - INFO - 源 hackernews 归档 成功
