2025-12-25 16:02:17,362 - __main__ - INFO - 运行所有爬虫
2025-12-25 16:02:17,363 - scrapers.jandan_scraper - INFO - JandanScraper初始化完成
2025-12-25 16:02:17,363 - scrapers.base_scraper - INFO - 开始爬取 煎蛋网
2025-12-25 16:02:17,363 - scrapers.jandan_scraper - INFO - 开始爬取煎蛋热评
2025-12-25 16:02:21,343 - scrapers.jandan_scraper - INFO - 成功获取HTML内容，长度: 24804
2025-12-25 16:02:21,343 - scrapers.jandan_scraper - INFO - 调试: 手动获取评论 5877984 的吐槽数据
2025-12-25 16:02:21,343 - scrapers.jandan_scraper - INFO - 获取评论 5877984 的吐槽内容: https://jandan.net/api/tucao/list/5877984
2025-12-25 16:02:22,713 - scrapers.jandan_scraper - INFO - 评论 5877984 获取到 1 条热门吐槽, 3 条普通吐槽
2025-12-25 16:02:22,713 - scrapers.jandan_scraper - INFO - 调试: 评论 5877984 获取到 1 条热门吐槽, 3 条普通吐槽
2025-12-25 16:02:22,713 - scrapers.jandan_scraper - INFO - 开始解析页面中的评论
2025-12-25 16:02:22,713 - scrapers.jandan_scraper - INFO - 开始解析HTML内容, 长度: 24804
2025-12-25 16:02:22,722 - scrapers.jandan_scraper - INFO - 找到 0 条热门评论
2025-12-25 16:02:22,722 - scrapers.jandan_scraper - INFO - 解析完成，获取到 0 条评论
2025-12-25 16:02:22,722 - scrapers.jandan_scraper - INFO - 开始转换评论为统一格式
2025-12-25 16:02:22,722 - scrapers.jandan_scraper - INFO - 开始转换 0 条评论到统一格式
2025-12-25 16:02:22,722 - scrapers.jandan_scraper - INFO - 共转换 0 条评论为统一格式
2025-12-25 16:02:22,722 - scrapers.jandan_scraper - INFO - 爬取完成，共获取 0 条热评
2025-12-25 16:02:22,722 - scrapers.base_scraper - ERROR - 爬取 煎蛋网 失败
2025-12-25 16:02:22,723 - scrapers.reddit_scraper - INFO - RedditScraper初始化完成
2025-12-25 16:02:22,724 - scrapers.base_scraper - INFO - 开始爬取 Reddit
2025-12-25 16:02:22,724 - scrapers.reddit_scraper - INFO - 开始爬取Reddit r/confessions每周热门帖子
2025-12-25 16:02:24,034 - utils.http_utils - ERROR - 请求失败: https://www.reddit.com/r/confessions/top/.json?t=week&limit=10, 错误: 403 Client Error: Blocked for url: https://www.reddit.com/r/confessions/top/.json?t=week&limit=10
2025-12-25 16:02:24,035 - scrapers.reddit_scraper - ERROR - 获取API数据失败: 403 Client Error: Blocked for url: https://www.reddit.com/r/confessions/top/.json?t=week&limit=10
2025-12-25 16:02:24,035 - scrapers.base_scraper - ERROR - 爬取 Reddit 失败
2025-12-25 16:02:24,035 - scrapers.hackernews_scraper - INFO - HackerNewsScraper初始化完成
2025-12-25 16:02:24,036 - scrapers.base_scraper - INFO - 开始爬取 Hacker News
2025-12-25 16:02:24,036 - scrapers.hackernews_scraper - INFO - 开始爬取Hacker News Ask HN帖子
2025-12-25 16:02:24,036 - scrapers.hackernews_scraper - INFO - 获取Ask HN页面: https://news.ycombinator.com/ask
2025-12-25 16:02:25,475 - scrapers.hackernews_scraper - INFO - 找到 30 个帖子行
2025-12-25 16:02:25,477 - scrapers.hackernews_scraper - INFO - 成功解析故事: Ask HN: How do I bridge the ga..., 作者=ecophyseis, 点赞=24, 评论=0
2025-12-25 16:02:25,477 - scrapers.hackernews_scraper - INFO - 成功解析故事: Ask HN: MIT grad, junior dev l..., 作者=MITfather, 点赞=12, 评论=0
2025-12-25 16:02:25,478 - scrapers.hackernews_scraper - INFO - 成功解析故事: Ask HN: Good uses cases for Fa..., 作者=fud101, 点赞=13, 评论=0
2025-12-25 16:02:25,478 - scrapers.hackernews_scraper - INFO - 成功解析故事: Ask HN: How many HN'ers Celebr..., 作者=gist, 点赞=13, 评论=0
2025-12-25 16:02:25,479 - scrapers.hackernews_scraper - INFO - 成功解析故事: Ask HN: Payload in Amazon "Shi..., 作者=krautburglar, 点赞=2, 评论=0
2025-12-25 16:02:25,480 - scrapers.hackernews_scraper - INFO - 成功解析故事: Ask HN: What are the best engi..., 作者=nishilpatel, 点赞=433, 评论=0
2025-12-25 16:02:25,480 - scrapers.hackernews_scraper - INFO - 成功解析故事: Ask HN: At 34, can I aspire to..., 作者=yesitcan, 点赞=15, 评论=0
2025-12-25 16:02:25,481 - scrapers.hackernews_scraper - INFO - 成功解析故事: Ask HN: Did any projects succe..., 作者=asim, 点赞=3, 评论=0
2025-12-25 16:02:25,481 - scrapers.hackernews_scraper - INFO - 成功解析故事: Ask HN: HarmonyOS Open Source ..., 作者=rumpelstiel, 点赞=3, 评论=0
2025-12-25 16:02:25,482 - scrapers.hackernews_scraper - INFO - 成功解析故事: Ask HN: Why isn't there compet..., 作者=antfie, 点赞=56, 评论=0
2025-12-25 16:02:25,482 - scrapers.hackernews_scraper - INFO - 成功解析故事: Ask HN: My mother was scammed ..., 作者=scapbi, 点赞=129, 评论=0
2025-12-25 16:02:25,483 - scrapers.hackernews_scraper - INFO - 成功解析故事: Ask HN: Oberon et al., vs. Rus..., 作者=mikethe, 点赞=16, 评论=0
2025-12-25 16:02:25,484 - scrapers.hackernews_scraper - INFO - 成功解析故事: Ask HN: Why isn't everyone tal..., 作者=ray__, 点赞=6, 评论=0
2025-12-25 16:02:25,484 - scrapers.hackernews_scraper - INFO - 成功解析故事: Ask HN: Why is Hacker News red..., 作者=onesandofgrain, 点赞=12, 评论=0
2025-12-25 16:02:25,485 - scrapers.hackernews_scraper - INFO - 成功解析故事: Ask HN: What developer tool do..., 作者=allenleee, 点赞=19, 评论=0
2025-12-25 16:02:25,485 - scrapers.hackernews_scraper - INFO - 成功解析 15 个Ask HN故事
2025-12-25 16:02:25,485 - scrapers.hackernews_scraper - INFO - 开始转换 15 个故事到统一格式
2025-12-25 16:02:25,485 - scrapers.hackernews_scraper - INFO - 转换第 1/15 个故事: Ask HN: How do I bridge the ga...
2025-12-25 16:02:28,242 - scrapers.hackernews_scraper - INFO - 找到 19 条评论
2025-12-25 16:02:28,257 - scrapers.hackernews_scraper - INFO - 故事 Ask HN: How do I bridge the ga... 转换完成，包含 19 条评论
2025-12-25 16:02:28,257 - scrapers.hackernews_scraper - INFO - 转换第 2/15 个故事: Ask HN: MIT grad, junior dev l...
2025-12-25 16:02:31,258 - scrapers.hackernews_scraper - INFO - 找到 8 条评论
2025-12-25 16:02:31,264 - scrapers.hackernews_scraper - INFO - 故事 Ask HN: MIT grad, junior dev l... 转换完成，包含 8 条评论
2025-12-25 16:02:31,264 - scrapers.hackernews_scraper - INFO - 转换第 3/15 个故事: Ask HN: Good uses cases for Fa...
2025-12-25 16:02:32,848 - scrapers.hackernews_scraper - INFO - 找到 3 条评论
2025-12-25 16:02:32,849 - scrapers.hackernews_scraper - INFO - 故事 Ask HN: Good uses cases for Fa... 转换完成，包含 3 条评论
2025-12-25 16:02:32,849 - scrapers.hackernews_scraper - INFO - 转换第 4/15 个故事: Ask HN: How many HN'ers Celebr...
2025-12-25 16:02:35,503 - scrapers.hackernews_scraper - INFO - 找到 13 条评论
2025-12-25 16:02:35,512 - scrapers.hackernews_scraper - INFO - 故事 Ask HN: How many HN'ers Celebr... 转换完成，包含 13 条评论
2025-12-25 16:02:35,512 - scrapers.hackernews_scraper - INFO - 转换第 5/15 个故事: Ask HN: Payload in Amazon "Shi...
2025-12-25 16:02:38,514 - scrapers.hackernews_scraper - INFO - 找到 2 条评论
2025-12-25 16:02:38,515 - scrapers.hackernews_scraper - INFO - 故事 Ask HN: Payload in Amazon "Shi... 转换完成，包含 2 条评论
2025-12-25 16:02:38,515 - scrapers.hackernews_scraper - INFO - 转换第 6/15 个故事: Ask HN: What are the best engi...
2025-12-25 16:02:40,211 - scrapers.hackernews_scraper - INFO - 找到 127 条评论
2025-12-25 16:02:40,519 - scrapers.hackernews_scraper - INFO - 故事 Ask HN: What are the best engi... 转换完成，包含 100 条评论
2025-12-25 16:02:40,519 - scrapers.hackernews_scraper - INFO - 转换第 7/15 个故事: Ask HN: At 34, can I aspire to...
2025-12-25 16:02:41,760 - scrapers.hackernews_scraper - INFO - 找到 13 条评论
2025-12-25 16:02:41,768 - scrapers.hackernews_scraper - INFO - 故事 Ask HN: At 34, can I aspire to... 转换完成，包含 13 条评论
2025-12-25 16:02:41,769 - scrapers.hackernews_scraper - INFO - 转换第 8/15 个故事: Ask HN: Did any projects succe...
2025-12-25 16:02:43,508 - scrapers.hackernews_scraper - INFO - 找到 1 条评论
2025-12-25 16:02:43,509 - scrapers.hackernews_scraper - INFO - 故事 Ask HN: Did any projects succe... 转换完成，包含 1 条评论
2025-12-25 16:02:43,509 - scrapers.hackernews_scraper - INFO - 转换第 9/15 个故事: Ask HN: HarmonyOS Open Source ...
2025-12-25 16:02:45,116 - scrapers.hackernews_scraper - INFO - 找到 0 条评论
2025-12-25 16:02:45,117 - scrapers.hackernews_scraper - INFO - 故事 Ask HN: HarmonyOS Open Source ... 转换完成，包含 0 条评论
2025-12-25 16:02:45,117 - scrapers.hackernews_scraper - INFO - 转换第 10/15 个故事: Ask HN: Why isn't there compet...
2025-12-25 16:02:47,714 - scrapers.hackernews_scraper - INFO - 找到 56 条评论
2025-12-25 16:02:47,788 - scrapers.hackernews_scraper - INFO - 故事 Ask HN: Why isn't there compet... 转换完成，包含 56 条评论
2025-12-25 16:02:47,788 - scrapers.hackernews_scraper - INFO - 转换第 11/15 个故事: Ask HN: My mother was scammed ...
2025-12-25 16:02:50,040 - scrapers.hackernews_scraper - INFO - 找到 67 条评论
2025-12-25 16:02:50,138 - scrapers.hackernews_scraper - INFO - 故事 Ask HN: My mother was scammed ... 转换完成，包含 67 条评论
2025-12-25 16:02:50,138 - scrapers.hackernews_scraper - INFO - 转换第 12/15 个故事: Ask HN: Oberon et al., vs. Rus...
2025-12-25 16:02:51,510 - scrapers.hackernews_scraper - INFO - 找到 30 条评论
2025-12-25 16:02:51,539 - scrapers.hackernews_scraper - INFO - 故事 Ask HN: Oberon et al., vs. Rus... 转换完成，包含 30 条评论
2025-12-25 16:02:51,539 - scrapers.hackernews_scraper - INFO - 转换第 13/15 个故事: Ask HN: Why isn't everyone tal...
2025-12-25 16:02:52,986 - scrapers.hackernews_scraper - INFO - 找到 0 条评论
2025-12-25 16:02:52,986 - scrapers.hackernews_scraper - INFO - 故事 Ask HN: Why isn't everyone tal... 转换完成，包含 0 条评论
2025-12-25 16:02:52,986 - scrapers.hackernews_scraper - INFO - 转换第 14/15 个故事: Ask HN: Why is Hacker News red...
2025-12-25 16:02:55,299 - scrapers.hackernews_scraper - INFO - 找到 12 条评论
2025-12-25 16:02:55,307 - scrapers.hackernews_scraper - INFO - 故事 Ask HN: Why is Hacker News red... 转换完成，包含 12 条评论
2025-12-25 16:02:55,307 - scrapers.hackernews_scraper - INFO - 转换第 15/15 个故事: Ask HN: What developer tool do...
2025-12-25 16:02:57,861 - scrapers.hackernews_scraper - INFO - 找到 19 条评论
2025-12-25 16:02:57,876 - scrapers.hackernews_scraper - INFO - 故事 Ask HN: What developer tool do... 转换完成，包含 19 条评论
2025-12-25 16:02:57,876 - scrapers.hackernews_scraper - INFO - 共转换 15 个故事为统一格式
2025-12-25 16:02:57,876 - scrapers.hackernews_scraper - INFO - 爬取完成，共获取 15 个Ask HN故事
2025-12-25 16:02:58,404 - utils.storage_utils - INFO - 已更新源索引: hackernews
2025-12-25 16:02:58,406 - utils.storage_utils - INFO - 数据已保存到 data/hackernews/week_2025-12-22.json
2025-12-25 16:02:58,408 - scrapers.base_scraper - INFO - 数据已保存到 data/hackernews/week_2025-12-22.json
2025-12-25 16:02:58,408 - scrapers.base_scraper - INFO - 成功爬取 Hacker News 的数据
2025-12-25 16:02:58,409 - __main__ - INFO - 完成: 1/3 个爬虫成功运行
2025-12-25 16:02:58,627 - __main__ - INFO - 归档所有源的旧数据
2025-12-25 16:02:58,627 - __main__ - INFO - 源 jandan 归档 无需归档
2025-12-25 16:02:58,627 - __main__ - INFO - 源 reddit 归档 无需归档
2025-12-25 16:02:58,628 - __main__ - INFO - 源 hackernews 归档 无需归档
