2026-01-14 16:02:42,251 - __main__ - INFO - 运行所有爬虫
2026-01-14 16:02:42,251 - scrapers.jandan_scraper - INFO - JandanScraper初始化完成
2026-01-14 16:02:42,252 - scrapers.base_scraper - INFO - 开始爬取 煎蛋网
2026-01-14 16:02:42,252 - scrapers.jandan_scraper - INFO - 开始爬取煎蛋热评
2026-01-14 16:02:47,435 - scrapers.jandan_scraper - INFO - 成功获取HTML内容，长度: 24777
2026-01-14 16:02:47,435 - scrapers.jandan_scraper - INFO - 调试: 手动获取评论 5877984 的吐槽数据
2026-01-14 16:02:47,435 - scrapers.jandan_scraper - INFO - 获取评论 5877984 的吐槽内容: https://jandan.net/api/tucao/list/5877984
2026-01-14 16:02:50,178 - scrapers.jandan_scraper - INFO - 评论 5877984 获取到 1 条热门吐槽, 3 条普通吐槽
2026-01-14 16:02:50,178 - scrapers.jandan_scraper - INFO - 调试: 评论 5877984 获取到 1 条热门吐槽, 3 条普通吐槽
2026-01-14 16:02:50,178 - scrapers.jandan_scraper - INFO - 开始解析页面中的评论
2026-01-14 16:02:50,178 - scrapers.jandan_scraper - INFO - 开始解析HTML内容, 长度: 24777
2026-01-14 16:02:50,187 - scrapers.jandan_scraper - INFO - 找到 0 条热门评论
2026-01-14 16:02:50,188 - scrapers.jandan_scraper - INFO - 解析完成，获取到 0 条评论
2026-01-14 16:02:50,188 - scrapers.jandan_scraper - INFO - 开始转换评论为统一格式
2026-01-14 16:02:50,188 - scrapers.jandan_scraper - INFO - 开始转换 0 条评论到统一格式
2026-01-14 16:02:50,188 - scrapers.jandan_scraper - INFO - 共转换 0 条评论为统一格式
2026-01-14 16:02:50,188 - scrapers.jandan_scraper - INFO - 爬取完成，共获取 0 条热评
2026-01-14 16:02:50,188 - scrapers.base_scraper - ERROR - 爬取 煎蛋网 失败
2026-01-14 16:02:50,188 - scrapers.reddit_scraper - INFO - RedditScraper初始化完成
2026-01-14 16:02:50,190 - scrapers.base_scraper - INFO - 开始爬取 Reddit
2026-01-14 16:02:50,190 - scrapers.reddit_scraper - INFO - 开始爬取Reddit r/confessions每周热门帖子
2026-01-14 16:02:51,352 - utils.http_utils - ERROR - 请求失败: https://www.reddit.com/r/confessions/top/.json?t=week&limit=10, 错误: 403 Client Error: Blocked for url: https://www.reddit.com/r/confessions/top/.json?t=week&limit=10
2026-01-14 16:02:51,353 - scrapers.reddit_scraper - ERROR - 获取API数据失败: 403 Client Error: Blocked for url: https://www.reddit.com/r/confessions/top/.json?t=week&limit=10
2026-01-14 16:02:51,353 - scrapers.base_scraper - ERROR - 爬取 Reddit 失败
2026-01-14 16:02:51,353 - scrapers.hackernews_scraper - INFO - HackerNewsScraper初始化完成
2026-01-14 16:02:51,354 - scrapers.base_scraper - INFO - 开始爬取 Hacker News
2026-01-14 16:02:51,354 - scrapers.hackernews_scraper - INFO - 开始爬取Hacker News Ask HN帖子
2026-01-14 16:02:51,354 - scrapers.hackernews_scraper - INFO - 获取Ask HN页面: https://news.ycombinator.com/ask
2026-01-14 16:02:54,327 - scrapers.hackernews_scraper - INFO - 找到 30 个帖子行
2026-01-14 16:02:54,328 - scrapers.hackernews_scraper - INFO - 成功解析故事: Ask HN: How are you doing RAG ..., 作者=tmaly, 点赞=12, 评论=0
2026-01-14 16:02:54,329 - scrapers.hackernews_scraper - INFO - 成功解析故事: Ask HN: Iran's 120h internet s..., 作者=us321, 点赞=94, 评论=0
2026-01-14 16:02:54,329 - scrapers.hackernews_scraper - INFO - 成功解析故事: Ask HN: ADHD – How do you mana..., 作者=chriswright1664, 点赞=98, 评论=0
2026-01-14 16:02:54,330 - scrapers.hackernews_scraper - INFO - 成功解析故事: Ask HN: Quantum Computation, C..., 作者=rramadass, 点赞=29, 评论=0
2026-01-14 16:02:54,330 - scrapers.hackernews_scraper - INFO - 成功解析故事: Ask HN: Vxlan over WireGuard o..., 作者=mlhpdx, 点赞=43, 评论=0
2026-01-14 16:02:54,331 - scrapers.hackernews_scraper - INFO - 成功解析故事: Ask HN: What are you working o..., 作者=david927, 点赞=255, 评论=0
2026-01-14 16:02:54,332 - scrapers.hackernews_scraper - INFO - 成功解析故事: Ask HN: Discrepancy between Li..., 作者=HNLurker2, 点赞=20, 评论=0
2026-01-14 16:02:54,332 - scrapers.hackernews_scraper - INFO - 成功解析故事: Ask HN: Looking for Windows co..., 作者=Ayobamiu, 点赞=7, 评论=0
2026-01-14 16:02:54,333 - scrapers.hackernews_scraper - INFO - 成功解析故事: Ask HN: Personal website featu..., 作者=laffOr, 点赞=4, 评论=0
2026-01-14 16:02:54,334 - scrapers.hackernews_scraper - INFO - 成功解析故事: Ask HN: How to find gaps and o..., 作者=SRMohitkr, 点赞=5, 评论=0
2026-01-14 16:02:54,334 - scrapers.hackernews_scraper - INFO - 成功解析故事: Ask HN: Who remembers AWS Spot..., 作者=aleroawani, 点赞=3, 评论=0
2026-01-14 16:02:54,335 - scrapers.hackernews_scraper - INFO - 成功解析故事: Ask HN: 500 citation MSc CS, s..., 作者=throwawaysafely, 点赞=18, 评论=0
2026-01-14 16:02:54,335 - scrapers.hackernews_scraper - INFO - 成功解析故事: Ask HN: Learning Discoverabili..., 作者=learnwithmattc, 点赞=2, 评论=0
2026-01-14 16:02:54,336 - scrapers.hackernews_scraper - INFO - 成功解析故事: Ask HN: Are you underutilizing..., 作者=nemath, 点赞=4, 评论=0
2026-01-14 16:02:54,336 - scrapers.hackernews_scraper - INFO - 成功解析故事: Ask HN: How are you preventing..., 作者=kundan_s__r, 点赞=2, 评论=0
2026-01-14 16:02:54,336 - scrapers.hackernews_scraper - INFO - 成功解析 15 个Ask HN故事
2026-01-14 16:02:54,337 - scrapers.hackernews_scraper - INFO - 开始转换 15 个故事到统一格式
2026-01-14 16:02:54,337 - scrapers.hackernews_scraper - INFO - 转换第 1/15 个故事: Ask HN: How are you doing RAG ...
2026-01-14 16:02:55,633 - scrapers.hackernews_scraper - INFO - 找到 1 条评论
2026-01-14 16:02:55,634 - scrapers.hackernews_scraper - INFO - 故事 Ask HN: How are you doing RAG ... 转换完成，包含 1 条评论
2026-01-14 16:02:55,634 - scrapers.hackernews_scraper - INFO - 转换第 2/15 个故事: Ask HN: Iran's 120h internet s...
2026-01-14 16:02:58,117 - scrapers.hackernews_scraper - INFO - 找到 89 条评论
2026-01-14 16:02:58,280 - scrapers.hackernews_scraper - INFO - 故事 Ask HN: Iran's 120h internet s... 转换完成，包含 89 条评论
2026-01-14 16:02:58,280 - scrapers.hackernews_scraper - INFO - 转换第 3/15 个故事: Ask HN: ADHD – How do you mana...
2026-01-14 16:03:00,413 - scrapers.hackernews_scraper - INFO - 找到 118 条评论
2026-01-14 16:03:00,689 - scrapers.hackernews_scraper - INFO - 故事 Ask HN: ADHD – How do you mana... 转换完成，包含 100 条评论
2026-01-14 16:03:00,689 - scrapers.hackernews_scraper - INFO - 转换第 4/15 个故事: Ask HN: Quantum Computation, C...
2026-01-14 16:03:02,751 - scrapers.hackernews_scraper - INFO - 找到 25 条评论
2026-01-14 16:03:02,774 - scrapers.hackernews_scraper - INFO - 故事 Ask HN: Quantum Computation, C... 转换完成，包含 25 条评论
2026-01-14 16:03:02,774 - scrapers.hackernews_scraper - INFO - 转换第 5/15 个故事: Ask HN: Vxlan over WireGuard o...
2026-01-14 16:03:04,614 - scrapers.hackernews_scraper - INFO - 找到 72 条评论
2026-01-14 16:03:04,728 - scrapers.hackernews_scraper - INFO - 故事 Ask HN: Vxlan over WireGuard o... 转换完成，包含 72 条评论
2026-01-14 16:03:04,728 - scrapers.hackernews_scraper - INFO - 转换第 6/15 个故事: Ask HN: What are you working o...
2026-01-14 16:03:08,956 - scrapers.hackernews_scraper - INFO - 找到 848 条评论
2026-01-14 16:03:22,324 - scrapers.hackernews_scraper - INFO - 故事 Ask HN: What are you working o... 转换完成，包含 100 条评论
2026-01-14 16:03:22,325 - scrapers.hackernews_scraper - INFO - 转换第 7/15 个故事: Ask HN: Discrepancy between Li...
2026-01-14 16:03:24,469 - scrapers.hackernews_scraper - INFO - 找到 11 条评论
2026-01-14 16:03:24,476 - scrapers.hackernews_scraper - INFO - 故事 Ask HN: Discrepancy between Li... 转换完成，包含 11 条评论
2026-01-14 16:03:24,476 - scrapers.hackernews_scraper - INFO - 转换第 8/15 个故事: Ask HN: Looking for Windows co...
2026-01-14 16:03:26,192 - scrapers.hackernews_scraper - INFO - 找到 1 条评论
2026-01-14 16:03:26,192 - scrapers.hackernews_scraper - INFO - 故事 Ask HN: Looking for Windows co... 转换完成，包含 1 条评论
2026-01-14 16:03:26,192 - scrapers.hackernews_scraper - INFO - 转换第 9/15 个故事: Ask HN: Personal website featu...
2026-01-14 16:03:27,300 - scrapers.hackernews_scraper - INFO - 找到 0 条评论
2026-01-14 16:03:27,300 - scrapers.hackernews_scraper - INFO - 故事 Ask HN: Personal website featu... 转换完成，包含 0 条评论
2026-01-14 16:03:27,300 - scrapers.hackernews_scraper - INFO - 转换第 10/15 个故事: Ask HN: How to find gaps and o...
2026-01-14 16:03:30,540 - scrapers.hackernews_scraper - INFO - 找到 3 条评论
2026-01-14 16:03:30,542 - scrapers.hackernews_scraper - INFO - 故事 Ask HN: How to find gaps and o... 转换完成，包含 3 条评论
2026-01-14 16:03:30,542 - scrapers.hackernews_scraper - INFO - 转换第 11/15 个故事: Ask HN: Who remembers AWS Spot...
2026-01-14 16:03:33,390 - scrapers.hackernews_scraper - INFO - 找到 0 条评论
2026-01-14 16:03:33,390 - scrapers.hackernews_scraper - INFO - 故事 Ask HN: Who remembers AWS Spot... 转换完成，包含 0 条评论
2026-01-14 16:03:33,390 - scrapers.hackernews_scraper - INFO - 转换第 12/15 个故事: Ask HN: 500 citation MSc CS, s...
2026-01-14 16:03:35,104 - scrapers.hackernews_scraper - INFO - 找到 12 条评论
2026-01-14 16:03:35,112 - scrapers.hackernews_scraper - INFO - 故事 Ask HN: 500 citation MSc CS, s... 转换完成，包含 12 条评论
2026-01-14 16:03:35,112 - scrapers.hackernews_scraper - INFO - 转换第 13/15 个故事: Ask HN: Learning Discoverabili...
2026-01-14 16:03:37,157 - scrapers.hackernews_scraper - INFO - 找到 0 条评论
2026-01-14 16:03:37,157 - scrapers.hackernews_scraper - INFO - 故事 Ask HN: Learning Discoverabili... 转换完成，包含 0 条评论
2026-01-14 16:03:37,157 - scrapers.hackernews_scraper - INFO - 转换第 14/15 个故事: Ask HN: Are you underutilizing...
2026-01-14 16:03:38,253 - scrapers.hackernews_scraper - INFO - 找到 4 条评论
2026-01-14 16:03:38,255 - scrapers.hackernews_scraper - INFO - 故事 Ask HN: Are you underutilizing... 转换完成，包含 4 条评论
2026-01-14 16:03:38,255 - scrapers.hackernews_scraper - INFO - 转换第 15/15 个故事: Ask HN: How are you preventing...
2026-01-14 16:03:39,809 - scrapers.hackernews_scraper - INFO - 找到 10 条评论
2026-01-14 16:03:39,817 - scrapers.hackernews_scraper - INFO - 故事 Ask HN: How are you preventing... 转换完成，包含 10 条评论
2026-01-14 16:03:39,817 - scrapers.hackernews_scraper - INFO - 共转换 15 个故事为统一格式
2026-01-14 16:03:39,817 - scrapers.hackernews_scraper - INFO - 爬取完成，共获取 15 个Ask HN故事
2026-01-14 16:03:40,285 - utils.storage_utils - INFO - 已更新源索引: hackernews
2026-01-14 16:03:40,288 - utils.storage_utils - INFO - 数据已保存到 data/hackernews/week_2026-01-12.json
2026-01-14 16:03:40,289 - scrapers.base_scraper - INFO - 数据已保存到 data/hackernews/week_2026-01-12.json
2026-01-14 16:03:40,289 - scrapers.base_scraper - INFO - 成功爬取 Hacker News 的数据
2026-01-14 16:03:40,290 - __main__ - INFO - 完成: 1/3 个爬虫成功运行
2026-01-14 16:03:40,509 - __main__ - INFO - 归档所有源的旧数据
2026-01-14 16:03:40,510 - __main__ - INFO - 源 jandan 归档 无需归档
2026-01-14 16:03:40,510 - __main__ - INFO - 源 reddit 归档 无需归档
2026-01-14 16:03:40,510 - __main__ - INFO - 源 hackernews 归档 无需归档
