2025-11-11 16:02:23,722 - __main__ - INFO - 运行所有爬虫
2025-11-11 16:02:23,722 - scrapers.jandan_scraper - INFO - JandanScraper初始化完成
2025-11-11 16:02:23,723 - scrapers.base_scraper - INFO - 开始爬取 煎蛋网
2025-11-11 16:02:23,723 - scrapers.jandan_scraper - INFO - 开始爬取煎蛋热评
2025-11-11 16:02:27,192 - scrapers.jandan_scraper - INFO - 成功获取HTML内容，长度: 24786
2025-11-11 16:02:27,192 - scrapers.jandan_scraper - INFO - 调试: 手动获取评论 5877984 的吐槽数据
2025-11-11 16:02:27,192 - scrapers.jandan_scraper - INFO - 获取评论 5877984 的吐槽内容: https://jandan.net/api/tucao/list/5877984
2025-11-11 16:02:30,247 - scrapers.jandan_scraper - INFO - 评论 5877984 获取到 1 条热门吐槽, 3 条普通吐槽
2025-11-11 16:02:30,247 - scrapers.jandan_scraper - INFO - 调试: 评论 5877984 获取到 1 条热门吐槽, 3 条普通吐槽
2025-11-11 16:02:30,247 - scrapers.jandan_scraper - INFO - 开始解析页面中的评论
2025-11-11 16:02:30,248 - scrapers.jandan_scraper - INFO - 开始解析HTML内容, 长度: 24786
2025-11-11 16:02:30,256 - scrapers.jandan_scraper - INFO - 找到 0 条热门评论
2025-11-11 16:02:30,256 - scrapers.jandan_scraper - INFO - 解析完成，获取到 0 条评论
2025-11-11 16:02:30,257 - scrapers.jandan_scraper - INFO - 开始转换评论为统一格式
2025-11-11 16:02:30,257 - scrapers.jandan_scraper - INFO - 开始转换 0 条评论到统一格式
2025-11-11 16:02:30,257 - scrapers.jandan_scraper - INFO - 共转换 0 条评论为统一格式
2025-11-11 16:02:30,257 - scrapers.jandan_scraper - INFO - 爬取完成，共获取 0 条热评
2025-11-11 16:02:30,257 - scrapers.base_scraper - ERROR - 爬取 煎蛋网 失败
2025-11-11 16:02:30,257 - scrapers.reddit_scraper - INFO - RedditScraper初始化完成
2025-11-11 16:02:30,258 - scrapers.base_scraper - INFO - 开始爬取 Reddit
2025-11-11 16:02:30,259 - scrapers.reddit_scraper - INFO - 开始爬取Reddit r/confessions每周热门帖子
2025-11-11 16:02:32,139 - utils.http_utils - ERROR - 请求失败: https://www.reddit.com/r/confessions/top/.json?t=week&limit=10, 错误: 403 Client Error: Blocked for url: https://www.reddit.com/r/confessions/top/.json?t=week&limit=10
2025-11-11 16:02:32,140 - scrapers.reddit_scraper - ERROR - 获取API数据失败: 403 Client Error: Blocked for url: https://www.reddit.com/r/confessions/top/.json?t=week&limit=10
2025-11-11 16:02:32,141 - scrapers.base_scraper - ERROR - 爬取 Reddit 失败
2025-11-11 16:02:32,141 - scrapers.hackernews_scraper - INFO - HackerNewsScraper初始化完成
2025-11-11 16:02:32,141 - scrapers.base_scraper - INFO - 开始爬取 Hacker News
2025-11-11 16:02:32,141 - scrapers.hackernews_scraper - INFO - 开始爬取Hacker News Ask HN帖子
2025-11-11 16:02:32,142 - scrapers.hackernews_scraper - INFO - 获取Ask HN页面: https://news.ycombinator.com/ask
2025-11-11 16:02:34,747 - scrapers.hackernews_scraper - INFO - 找到 30 个帖子行
2025-11-11 16:02:34,749 - scrapers.hackernews_scraper - INFO - 成功解析故事: Ask HN: What Are You Working O..., 作者=david927, 点赞=415, 评论=0
2025-11-11 16:02:34,750 - scrapers.hackernews_scraper - INFO - 成功解析故事: Ask HN: Senior people, how did..., 作者=Seb-C, 点赞=6, 评论=0
2025-11-11 16:02:34,751 - scrapers.hackernews_scraper - INFO - 成功解析故事: Ask HN: How would you set up a..., 作者=evolve2k, 点赞=216, 评论=0
2025-11-11 16:02:34,751 - scrapers.hackernews_scraper - INFO - 成功解析故事: Ask HN: Anyone Using Gleam in ..., 作者=akudha, 点赞=6, 评论=0
2025-11-11 16:02:34,752 - scrapers.hackernews_scraper - INFO - 成功解析故事: Ask HN: How do you get over th..., 作者=sodokuwizard, 点赞=72, 评论=0
2025-11-11 16:02:34,752 - scrapers.hackernews_scraper - INFO - 成功解析故事: Ask HN: Why has typing on a ph..., 作者=mvkel, 点赞=10, 评论=0
2025-11-11 16:02:34,753 - scrapers.hackernews_scraper - INFO - 成功解析故事: Ask HN: How to grow and become..., 作者=mattfrommars, 点赞=4, 评论=0
2025-11-11 16:02:34,754 - scrapers.hackernews_scraper - INFO - 成功解析故事: Ask HN: My family business run..., 作者=urnicus, 点赞=315, 评论=0
2025-11-11 16:02:34,754 - scrapers.hackernews_scraper - INFO - 成功解析故事: Ask HN: Who is hiring? (Novemb..., 作者=whoishiring, 点赞=400, 评论=0
2025-11-11 16:02:34,755 - scrapers.hackernews_scraper - INFO - 成功解析故事: Ask HN: Who wants to be hired?..., 作者=whoishiring, 点赞=197, 评论=0
2025-11-11 16:02:34,756 - scrapers.hackernews_scraper - INFO - 成功解析故事: Ask HN: Why do designers have ..., 作者=admissionsguy, 点赞=15, 评论=0
2025-11-11 16:02:34,756 - scrapers.hackernews_scraper - INFO - 成功解析故事: Ask HN: Do you let your kids u..., 作者=eibrahim, 点赞=7, 评论=0
2025-11-11 16:02:34,757 - scrapers.hackernews_scraper - INFO - 成功解析故事: Ask HN: Where to begin with "m..., 作者=weakfish, 点赞=225, 评论=0
2025-11-11 16:02:34,757 - scrapers.hackernews_scraper - INFO - 成功解析故事: Ask HN: How do you deal with e..., 作者=deterministic, 点赞=5, 评论=0
2025-11-11 16:02:34,758 - scrapers.hackernews_scraper - INFO - 成功解析故事: Ask HN: Where did the tech peo..., 作者=stevage, 点赞=10, 评论=0
2025-11-11 16:02:34,758 - scrapers.hackernews_scraper - INFO - 成功解析 15 个Ask HN故事
2025-11-11 16:02:34,758 - scrapers.hackernews_scraper - INFO - 开始转换 15 个故事到统一格式
2025-11-11 16:02:34,758 - scrapers.hackernews_scraper - INFO - 转换第 1/15 个故事: Ask HN: What Are You Working O...
2025-11-11 16:02:41,860 - scrapers.hackernews_scraper - INFO - 找到 1220 条评论
2025-11-11 16:03:14,007 - scrapers.hackernews_scraper - INFO - 故事 Ask HN: What Are You Working O... 转换完成，包含 100 条评论
2025-11-11 16:03:14,008 - scrapers.hackernews_scraper - INFO - 转换第 2/15 个故事: Ask HN: Senior people, how did...
2025-11-11 16:03:15,954 - scrapers.hackernews_scraper - INFO - 找到 1 条评论
2025-11-11 16:03:15,955 - scrapers.hackernews_scraper - INFO - 故事 Ask HN: Senior people, how did... 转换完成，包含 1 条评论
2025-11-11 16:03:15,955 - scrapers.hackernews_scraper - INFO - 转换第 3/15 个故事: Ask HN: How would you set up a...
2025-11-11 16:03:19,955 - scrapers.hackernews_scraper - INFO - 找到 289 条评论
2025-11-11 16:03:21,893 - scrapers.hackernews_scraper - INFO - 故事 Ask HN: How would you set up a... 转换完成，包含 100 条评论
2025-11-11 16:03:21,893 - scrapers.hackernews_scraper - INFO - 转换第 4/15 个故事: Ask HN: Anyone Using Gleam in ...
2025-11-11 16:03:24,451 - scrapers.hackernews_scraper - INFO - 找到 0 条评论
2025-11-11 16:03:24,451 - scrapers.hackernews_scraper - INFO - 故事 Ask HN: Anyone Using Gleam in ... 转换完成，包含 0 条评论
2025-11-11 16:03:24,451 - scrapers.hackernews_scraper - INFO - 转换第 5/15 个故事: Ask HN: How do you get over th...
2025-11-11 16:03:26,166 - scrapers.hackernews_scraper - INFO - 找到 90 条评论
2025-11-11 16:03:26,351 - scrapers.hackernews_scraper - INFO - 故事 Ask HN: How do you get over th... 转换完成，包含 90 条评论
2025-11-11 16:03:26,351 - scrapers.hackernews_scraper - INFO - 转换第 6/15 个故事: Ask HN: Why has typing on a ph...
2025-11-11 16:03:28,859 - scrapers.hackernews_scraper - INFO - 找到 14 条评论
2025-11-11 16:03:28,869 - scrapers.hackernews_scraper - INFO - 故事 Ask HN: Why has typing on a ph... 转换完成，包含 14 条评论
2025-11-11 16:03:28,869 - scrapers.hackernews_scraper - INFO - 转换第 7/15 个故事: Ask HN: How to grow and become...
2025-11-11 16:03:31,881 - scrapers.hackernews_scraper - INFO - 找到 6 条评论
2025-11-11 16:03:31,885 - scrapers.hackernews_scraper - INFO - 故事 Ask HN: How to grow and become... 转换完成，包含 6 条评论
2025-11-11 16:03:31,885 - scrapers.hackernews_scraper - INFO - 转换第 8/15 个故事: Ask HN: My family business run...
2025-11-11 16:03:35,574 - scrapers.hackernews_scraper - INFO - 找到 307 条评论
2025-11-11 16:03:37,710 - scrapers.hackernews_scraper - INFO - 故事 Ask HN: My family business run... 转换完成，包含 100 条评论
2025-11-11 16:03:37,711 - scrapers.hackernews_scraper - INFO - 转换第 9/15 个故事: Ask HN: Who is hiring? (Novemb...
2025-11-11 16:03:41,745 - scrapers.hackernews_scraper - INFO - 找到 566 条评论
2025-11-11 16:03:49,414 - scrapers.hackernews_scraper - INFO - 故事 Ask HN: Who is hiring? (Novemb... 转换完成，包含 100 条评论
2025-11-11 16:03:49,414 - scrapers.hackernews_scraper - INFO - 转换第 10/15 个故事: Ask HN: Who wants to be hired?...
2025-11-11 16:03:53,588 - scrapers.hackernews_scraper - INFO - 找到 465 条评论
2025-11-11 16:03:59,217 - scrapers.hackernews_scraper - INFO - 故事 Ask HN: Who wants to be hired?... 转换完成，包含 100 条评论
2025-11-11 16:03:59,218 - scrapers.hackernews_scraper - INFO - 转换第 11/15 个故事: Ask HN: Why do designers have ...
2025-11-11 16:04:00,379 - scrapers.hackernews_scraper - INFO - 找到 10 条评论
2025-11-11 16:04:00,386 - scrapers.hackernews_scraper - INFO - 故事 Ask HN: Why do designers have ... 转换完成，包含 10 条评论
2025-11-11 16:04:00,386 - scrapers.hackernews_scraper - INFO - 转换第 12/15 个故事: Ask HN: Do you let your kids u...
2025-11-11 16:04:01,758 - scrapers.hackernews_scraper - INFO - 找到 10 条评论
2025-11-11 16:04:01,765 - scrapers.hackernews_scraper - INFO - 故事 Ask HN: Do you let your kids u... 转换完成，包含 10 条评论
2025-11-11 16:04:01,765 - scrapers.hackernews_scraper - INFO - 转换第 13/15 个故事: Ask HN: Where to begin with "m...
2025-11-11 16:04:04,384 - scrapers.hackernews_scraper - INFO - 找到 124 条评论
2025-11-11 16:04:04,699 - scrapers.hackernews_scraper - INFO - 故事 Ask HN: Where to begin with "m... 转换完成，包含 100 条评论
2025-11-11 16:04:04,700 - scrapers.hackernews_scraper - INFO - 转换第 14/15 个故事: Ask HN: How do you deal with e...
2025-11-11 16:04:07,240 - scrapers.hackernews_scraper - INFO - 找到 8 条评论
2025-11-11 16:04:07,245 - scrapers.hackernews_scraper - INFO - 故事 Ask HN: How do you deal with e... 转换完成，包含 8 条评论
2025-11-11 16:04:07,245 - scrapers.hackernews_scraper - INFO - 转换第 15/15 个故事: Ask HN: Where did the tech peo...
2025-11-11 16:04:09,760 - scrapers.hackernews_scraper - INFO - 找到 16 条评论
2025-11-11 16:04:09,772 - scrapers.hackernews_scraper - INFO - 故事 Ask HN: Where did the tech peo... 转换完成，包含 16 条评论
2025-11-11 16:04:09,772 - scrapers.hackernews_scraper - INFO - 共转换 15 个故事为统一格式
2025-11-11 16:04:09,772 - scrapers.hackernews_scraper - INFO - 爬取完成，共获取 15 个Ask HN故事
2025-11-11 16:04:10,295 - utils.storage_utils - INFO - 已更新源索引: hackernews
2025-11-11 16:04:10,298 - utils.storage_utils - INFO - 数据已保存到 data/hackernews/week_2025-11-10.json
2025-11-11 16:04:10,299 - scrapers.base_scraper - INFO - 数据已保存到 data/hackernews/week_2025-11-10.json
2025-11-11 16:04:10,299 - scrapers.base_scraper - INFO - 成功爬取 Hacker News 的数据
2025-11-11 16:04:10,300 - __main__ - INFO - 完成: 1/3 个爬虫成功运行
2025-11-11 16:04:10,534 - __main__ - INFO - 归档所有源的旧数据
2025-11-11 16:04:10,535 - __main__ - INFO - 源 jandan 归档 无需归档
2025-11-11 16:04:10,535 - __main__ - INFO - 源 reddit 归档 无需归档
2025-11-11 16:04:10,535 - __main__ - INFO - 源 hackernews 归档 无需归档
