2025-11-28 16:02:08,021 - __main__ - INFO - 运行所有爬虫
2025-11-28 16:02:08,021 - scrapers.jandan_scraper - INFO - JandanScraper初始化完成
2025-11-28 16:02:08,022 - scrapers.base_scraper - INFO - 开始爬取 煎蛋网
2025-11-28 16:02:08,022 - scrapers.jandan_scraper - INFO - 开始爬取煎蛋热评
2025-11-28 16:02:12,844 - scrapers.jandan_scraper - INFO - 成功获取HTML内容，长度: 24786
2025-11-28 16:02:12,845 - scrapers.jandan_scraper - INFO - 调试: 手动获取评论 5877984 的吐槽数据
2025-11-28 16:02:12,845 - scrapers.jandan_scraper - INFO - 获取评论 5877984 的吐槽内容: https://jandan.net/api/tucao/list/5877984
2025-11-28 16:02:16,621 - scrapers.jandan_scraper - INFO - 评论 5877984 获取到 1 条热门吐槽, 3 条普通吐槽
2025-11-28 16:02:16,621 - scrapers.jandan_scraper - INFO - 调试: 评论 5877984 获取到 1 条热门吐槽, 3 条普通吐槽
2025-11-28 16:02:16,621 - scrapers.jandan_scraper - INFO - 开始解析页面中的评论
2025-11-28 16:02:16,621 - scrapers.jandan_scraper - INFO - 开始解析HTML内容, 长度: 24786
2025-11-28 16:02:16,631 - scrapers.jandan_scraper - INFO - 找到 0 条热门评论
2025-11-28 16:02:16,631 - scrapers.jandan_scraper - INFO - 解析完成，获取到 0 条评论
2025-11-28 16:02:16,631 - scrapers.jandan_scraper - INFO - 开始转换评论为统一格式
2025-11-28 16:02:16,632 - scrapers.jandan_scraper - INFO - 开始转换 0 条评论到统一格式
2025-11-28 16:02:16,632 - scrapers.jandan_scraper - INFO - 共转换 0 条评论为统一格式
2025-11-28 16:02:16,632 - scrapers.jandan_scraper - INFO - 爬取完成，共获取 0 条热评
2025-11-28 16:02:16,632 - scrapers.base_scraper - ERROR - 爬取 煎蛋网 失败
2025-11-28 16:02:16,632 - scrapers.reddit_scraper - INFO - RedditScraper初始化完成
2025-11-28 16:02:16,633 - scrapers.base_scraper - INFO - 开始爬取 Reddit
2025-11-28 16:02:16,633 - scrapers.reddit_scraper - INFO - 开始爬取Reddit r/confessions每周热门帖子
2025-11-28 16:02:18,233 - utils.http_utils - ERROR - 请求失败: https://www.reddit.com/r/confessions/top/.json?t=week&limit=10, 错误: 403 Client Error: Blocked for url: https://www.reddit.com/r/confessions/top/.json?t=week&limit=10
2025-11-28 16:02:18,234 - scrapers.reddit_scraper - ERROR - 获取API数据失败: 403 Client Error: Blocked for url: https://www.reddit.com/r/confessions/top/.json?t=week&limit=10
2025-11-28 16:02:18,234 - scrapers.base_scraper - ERROR - 爬取 Reddit 失败
2025-11-28 16:02:18,234 - scrapers.hackernews_scraper - INFO - HackerNewsScraper初始化完成
2025-11-28 16:02:18,235 - scrapers.base_scraper - INFO - 开始爬取 Hacker News
2025-11-28 16:02:18,235 - scrapers.hackernews_scraper - INFO - 开始爬取Hacker News Ask HN帖子
2025-11-28 16:02:18,235 - scrapers.hackernews_scraper - INFO - 获取Ask HN页面: https://news.ycombinator.com/ask
2025-11-28 16:02:19,727 - scrapers.hackernews_scraper - INFO - 找到 30 个帖子行
2025-11-28 16:02:19,729 - scrapers.hackernews_scraper - INFO - 成功解析故事: Ask HN: Type 1 Hypervisor for ..., 作者=jaitaiwan, 点赞=3, 评论=0
2025-11-28 16:02:19,729 - scrapers.hackernews_scraper - INFO - 成功解析故事: Ask HN: What open source proje..., 作者=jayzalowitz, 点赞=22, 评论=0
2025-11-28 16:02:19,730 - scrapers.hackernews_scraper - INFO - 成功解析故事: Ask HN: Hearing aid wearers, w..., 作者=pugworthy, 点赞=354, 评论=0
2025-11-28 16:02:19,730 - scrapers.hackernews_scraper - INFO - 成功解析故事: Ask HN: What Are You Thankful ..., 作者=nerdsniper, 点赞=8, 评论=0
2025-11-28 16:02:19,731 - scrapers.hackernews_scraper - INFO - 成功解析故事: Ask HN: Do AIs reply with nume..., 作者=amichail, 点赞=6, 评论=0
2025-11-28 16:02:19,732 - scrapers.hackernews_scraper - INFO - 成功解析故事: Ask HN: Scheduling stateful no..., 作者=leo_e, 点赞=23, 评论=0
2025-11-28 16:02:19,732 - scrapers.hackernews_scraper - INFO - 成功解析故事: Ask HN: Good resources to lear..., 作者=_1tan, 点赞=137, 评论=0
2025-11-28 16:02:19,733 - scrapers.hackernews_scraper - INFO - 成功解析故事: Ask HN: Should account creatio..., 作者=megraf, 点赞=26, 评论=0
2025-11-28 16:02:19,734 - scrapers.hackernews_scraper - INFO - 成功解析故事: Ask HN: Would you use a fast/c..., 作者=shaheeniquebal, 点赞=5, 评论=0
2025-11-28 16:02:19,734 - scrapers.hackernews_scraper - INFO - 成功解析故事: Ask HN: What is the best Chris..., 作者=johnsillings, 点赞=7, 评论=0
2025-11-28 16:02:19,735 - scrapers.hackernews_scraper - INFO - 成功解析故事: Ask HN: What's your go-to stra..., 作者=liquid99, 点赞=3, 评论=0
2025-11-28 16:02:19,735 - scrapers.hackernews_scraper - INFO - 成功解析故事: Ask HN: What work problems wou..., 作者=aryanchaurasia, 点赞=16, 评论=0
2025-11-28 16:02:19,736 - scrapers.hackernews_scraper - INFO - 成功解析故事: Ask HN: What did Stripe change..., 作者=dzonga, 点赞=7, 评论=0
2025-11-28 16:02:19,736 - scrapers.hackernews_scraper - INFO - 成功解析故事: Ask HN: Opinions on facial rec..., 作者=bjourne, 点赞=5, 评论=0
2025-11-28 16:02:19,737 - scrapers.hackernews_scraper - INFO - 成功解析故事: Ask HN: TCP/IP Illustrated, v2..., 作者=mayureshkathe, 点赞=7, 评论=0
2025-11-28 16:02:19,737 - scrapers.hackernews_scraper - INFO - 成功解析 15 个Ask HN故事
2025-11-28 16:02:19,738 - scrapers.hackernews_scraper - INFO - 开始转换 15 个故事到统一格式
2025-11-28 16:02:19,738 - scrapers.hackernews_scraper - INFO - 转换第 1/15 个故事: Ask HN: Type 1 Hypervisor for ...
2025-11-28 16:02:21,304 - scrapers.hackernews_scraper - INFO - 找到 2 条评论
2025-11-28 16:02:21,306 - scrapers.hackernews_scraper - INFO - 故事 Ask HN: Type 1 Hypervisor for ... 转换完成，包含 2 条评论
2025-11-28 16:02:21,306 - scrapers.hackernews_scraper - INFO - 转换第 2/15 个故事: Ask HN: What open source proje...
2025-11-28 16:02:23,942 - scrapers.hackernews_scraper - INFO - 找到 26 条评论
2025-11-28 16:02:23,964 - scrapers.hackernews_scraper - INFO - 故事 Ask HN: What open source proje... 转换完成，包含 26 条评论
2025-11-28 16:02:23,964 - scrapers.hackernews_scraper - INFO - 转换第 3/15 个故事: Ask HN: Hearing aid wearers, w...
2025-11-28 16:02:26,568 - scrapers.hackernews_scraper - INFO - 找到 209 条评论
2025-11-28 16:02:27,342 - scrapers.hackernews_scraper - INFO - 故事 Ask HN: Hearing aid wearers, w... 转换完成，包含 100 条评论
2025-11-28 16:02:27,342 - scrapers.hackernews_scraper - INFO - 转换第 4/15 个故事: Ask HN: What Are You Thankful ...
2025-11-28 16:02:28,944 - scrapers.hackernews_scraper - INFO - 找到 8 条评论
2025-11-28 16:02:28,949 - scrapers.hackernews_scraper - INFO - 故事 Ask HN: What Are You Thankful ... 转换完成，包含 8 条评论
2025-11-28 16:02:28,949 - scrapers.hackernews_scraper - INFO - 转换第 5/15 个故事: Ask HN: Do AIs reply with nume...
2025-11-28 16:02:30,926 - scrapers.hackernews_scraper - INFO - 找到 8 条评论
2025-11-28 16:02:30,931 - scrapers.hackernews_scraper - INFO - 故事 Ask HN: Do AIs reply with nume... 转换完成，包含 8 条评论
2025-11-28 16:02:30,931 - scrapers.hackernews_scraper - INFO - 转换第 6/15 个故事: Ask HN: Scheduling stateful no...
2025-11-28 16:02:32,462 - scrapers.hackernews_scraper - INFO - 找到 20 条评论
2025-11-28 16:02:32,478 - scrapers.hackernews_scraper - INFO - 故事 Ask HN: Scheduling stateful no... 转换完成，包含 20 条评论
2025-11-28 16:02:32,478 - scrapers.hackernews_scraper - INFO - 转换第 7/15 个故事: Ask HN: Good resources to lear...
2025-11-28 16:02:33,790 - scrapers.hackernews_scraper - INFO - 找到 28 条评论
2025-11-28 16:02:33,816 - scrapers.hackernews_scraper - INFO - 故事 Ask HN: Good resources to lear... 转换完成，包含 28 条评论
2025-11-28 16:02:33,816 - scrapers.hackernews_scraper - INFO - 转换第 8/15 个故事: Ask HN: Should account creatio...
2025-11-28 16:02:35,554 - scrapers.hackernews_scraper - INFO - 找到 37 条评论
2025-11-28 16:02:35,592 - scrapers.hackernews_scraper - INFO - 故事 Ask HN: Should account creatio... 转换完成，包含 37 条评论
2025-11-28 16:02:35,592 - scrapers.hackernews_scraper - INFO - 转换第 9/15 个故事: Ask HN: Would you use a fast/c...
2025-11-28 16:02:37,914 - scrapers.hackernews_scraper - INFO - 找到 6 条评论
2025-11-28 16:02:37,918 - scrapers.hackernews_scraper - INFO - 故事 Ask HN: Would you use a fast/c... 转换完成，包含 6 条评论
2025-11-28 16:02:37,918 - scrapers.hackernews_scraper - INFO - 转换第 10/15 个故事: Ask HN: What is the best Chris...
2025-11-28 16:02:39,353 - scrapers.hackernews_scraper - INFO - 找到 10 条评论
2025-11-28 16:02:39,360 - scrapers.hackernews_scraper - INFO - 故事 Ask HN: What is the best Chris... 转换完成，包含 10 条评论
2025-11-28 16:02:39,360 - scrapers.hackernews_scraper - INFO - 转换第 11/15 个故事: Ask HN: What's your go-to stra...
2025-11-28 16:02:41,131 - scrapers.hackernews_scraper - INFO - 找到 2 条评论
2025-11-28 16:02:41,132 - scrapers.hackernews_scraper - INFO - 故事 Ask HN: What's your go-to stra... 转换完成，包含 2 条评论
2025-11-28 16:02:41,133 - scrapers.hackernews_scraper - INFO - 转换第 12/15 个故事: Ask HN: What work problems wou...
2025-11-28 16:02:43,212 - scrapers.hackernews_scraper - INFO - 找到 16 条评论
2025-11-28 16:02:43,224 - scrapers.hackernews_scraper - INFO - 故事 Ask HN: What work problems wou... 转换完成，包含 16 条评论
2025-11-28 16:02:43,224 - scrapers.hackernews_scraper - INFO - 转换第 13/15 个故事: Ask HN: What did Stripe change...
2025-11-28 16:02:45,523 - scrapers.hackernews_scraper - INFO - 找到 9 条评论
2025-11-28 16:02:45,529 - scrapers.hackernews_scraper - INFO - 故事 Ask HN: What did Stripe change... 转换完成，包含 9 条评论
2025-11-28 16:02:45,529 - scrapers.hackernews_scraper - INFO - 转换第 14/15 个故事: Ask HN: Opinions on facial rec...
2025-11-28 16:02:48,135 - scrapers.hackernews_scraper - INFO - 找到 30 条评论
2025-11-28 16:02:48,163 - scrapers.hackernews_scraper - INFO - 故事 Ask HN: Opinions on facial rec... 转换完成，包含 30 条评论
2025-11-28 16:02:48,164 - scrapers.hackernews_scraper - INFO - 转换第 15/15 个故事: Ask HN: TCP/IP Illustrated, v2...
2025-11-28 16:02:49,529 - scrapers.hackernews_scraper - INFO - 找到 0 条评论
2025-11-28 16:02:49,529 - scrapers.hackernews_scraper - INFO - 故事 Ask HN: TCP/IP Illustrated, v2... 转换完成，包含 0 条评论
2025-11-28 16:02:49,529 - scrapers.hackernews_scraper - INFO - 共转换 15 个故事为统一格式
2025-11-28 16:02:49,529 - scrapers.hackernews_scraper - INFO - 爬取完成，共获取 15 个Ask HN故事
2025-11-28 16:02:50,101 - utils.storage_utils - INFO - 已更新源索引: hackernews
2025-11-28 16:02:50,103 - utils.storage_utils - INFO - 数据已保存到 data/hackernews/week_2025-11-24.json
2025-11-28 16:02:50,104 - scrapers.base_scraper - INFO - 数据已保存到 data/hackernews/week_2025-11-24.json
2025-11-28 16:02:50,104 - scrapers.base_scraper - INFO - 成功爬取 Hacker News 的数据
2025-11-28 16:02:50,105 - __main__ - INFO - 完成: 1/3 个爬虫成功运行
2025-11-28 16:02:50,325 - __main__ - INFO - 归档所有源的旧数据
2025-11-28 16:02:50,325 - __main__ - INFO - 源 jandan 归档 无需归档
2025-11-28 16:02:50,325 - __main__ - INFO - 源 reddit 归档 无需归档
2025-11-28 16:02:50,325 - __main__ - INFO - 源 hackernews 归档 无需归档
