2025-08-04 16:02:28,782 - __main__ - INFO - 运行所有爬虫
2025-08-04 16:02:28,783 - scrapers.jandan_scraper - INFO - JandanScraper初始化完成
2025-08-04 16:02:28,783 - scrapers.base_scraper - INFO - 开始爬取 煎蛋网
2025-08-04 16:02:28,783 - scrapers.jandan_scraper - INFO - 开始爬取煎蛋热评
2025-08-04 16:02:32,170 - scrapers.jandan_scraper - INFO - 成功获取HTML内容，长度: 24792
2025-08-04 16:02:32,170 - scrapers.jandan_scraper - INFO - 调试: 手动获取评论 5877984 的吐槽数据
2025-08-04 16:02:32,170 - scrapers.jandan_scraper - INFO - 获取评论 5877984 的吐槽内容: https://jandan.net/api/tucao/list/5877984
2025-08-04 16:02:34,888 - scrapers.jandan_scraper - INFO - 评论 5877984 获取到 1 条热门吐槽, 3 条普通吐槽
2025-08-04 16:02:34,888 - scrapers.jandan_scraper - INFO - 调试: 评论 5877984 获取到 1 条热门吐槽, 3 条普通吐槽
2025-08-04 16:02:34,889 - scrapers.jandan_scraper - INFO - 开始解析页面中的评论
2025-08-04 16:02:34,889 - scrapers.jandan_scraper - INFO - 开始解析HTML内容, 长度: 24792
2025-08-04 16:02:34,897 - scrapers.jandan_scraper - INFO - 找到 0 条热门评论
2025-08-04 16:02:34,897 - scrapers.jandan_scraper - INFO - 解析完成，获取到 0 条评论
2025-08-04 16:02:34,897 - scrapers.jandan_scraper - INFO - 开始转换评论为统一格式
2025-08-04 16:02:34,897 - scrapers.jandan_scraper - INFO - 开始转换 0 条评论到统一格式
2025-08-04 16:02:34,897 - scrapers.jandan_scraper - INFO - 共转换 0 条评论为统一格式
2025-08-04 16:02:34,898 - scrapers.jandan_scraper - INFO - 爬取完成，共获取 0 条热评
2025-08-04 16:02:34,898 - scrapers.base_scraper - ERROR - 爬取 煎蛋网 失败
2025-08-04 16:02:34,898 - scrapers.reddit_scraper - INFO - RedditScraper初始化完成
2025-08-04 16:02:34,898 - scrapers.base_scraper - INFO - 开始爬取 Reddit
2025-08-04 16:02:34,898 - scrapers.reddit_scraper - INFO - 开始爬取Reddit r/confessions每周热门帖子
2025-08-04 16:02:37,570 - utils.http_utils - ERROR - 请求失败: https://www.reddit.com/r/confessions/top/.json?t=week&limit=10, 错误: 403 Client Error: Blocked for url: https://www.reddit.com/r/confessions/top/.json?t=week&limit=10
2025-08-04 16:02:37,571 - scrapers.reddit_scraper - ERROR - 获取API数据失败: 403 Client Error: Blocked for url: https://www.reddit.com/r/confessions/top/.json?t=week&limit=10
2025-08-04 16:02:37,571 - scrapers.base_scraper - ERROR - 爬取 Reddit 失败
2025-08-04 16:02:37,571 - scrapers.hackernews_scraper - INFO - HackerNewsScraper初始化完成
2025-08-04 16:02:37,571 - scrapers.base_scraper - INFO - 开始爬取 Hacker News
2025-08-04 16:02:37,571 - scrapers.hackernews_scraper - INFO - 开始爬取Hacker News Ask HN帖子
2025-08-04 16:02:37,571 - scrapers.hackernews_scraper - INFO - 获取Ask HN页面: https://news.ycombinator.com/ask
2025-08-04 16:02:40,209 - scrapers.hackernews_scraper - INFO - 找到 28 个帖子行
2025-08-04 16:02:40,210 - scrapers.hackernews_scraper - INFO - 成功解析故事: Ask HN: How to Extract Shell C..., 作者=debba, 点赞=2, 评论=0
2025-08-04 16:02:40,211 - scrapers.hackernews_scraper - INFO - 成功解析故事: Ask HN: Who wants to be hired?..., 作者=whoishiring, 点赞=111, 评论=0
2025-08-04 16:02:40,211 - scrapers.hackernews_scraper - INFO - 成功解析故事: Ask HN: Who is hiring? (August..., 作者=whoishiring, 点赞=225, 评论=0
2025-08-04 16:02:40,212 - scrapers.hackernews_scraper - INFO - 成功解析故事: Ask HN: What are your best pra..., 作者=hubraumhugo, 点赞=30, 评论=0
2025-08-04 16:02:40,212 - scrapers.hackernews_scraper - INFO - 成功解析故事: Ask HN: Whats Your Observabili..., 作者=okapi_creator, 点赞=7, 评论=0
2025-08-04 16:02:40,213 - scrapers.hackernews_scraper - INFO - 成功解析故事: Ask HN: Why was Windows ME so ..., 作者=alganet, 点赞=10, 评论=0
2025-08-04 16:02:40,214 - scrapers.hackernews_scraper - INFO - 成功解析故事: Ask HN: Want to leave my job w..., 作者=bsjak, 点赞=37, 评论=0
2025-08-04 16:02:40,214 - scrapers.hackernews_scraper - INFO - 成功解析故事: Ask HN: Is fast.ai's "Deep Lea..., 作者=hedgehog0, 点赞=11, 评论=0
2025-08-04 16:02:40,215 - scrapers.hackernews_scraper - INFO - 成功解析故事: Ask HN: Who'd join a San Diego..., 作者=cjbarber, 点赞=4, 评论=0
2025-08-04 16:02:40,216 - scrapers.hackernews_scraper - INFO - 成功解析故事: Ask HN: Will AI push more of u..., 作者=gashmol, 点赞=14, 评论=0
2025-08-04 16:02:40,216 - scrapers.hackernews_scraper - INFO - 成功解析故事: Ask HN: What are you working o..., 作者=david927, 点赞=260, 评论=0
2025-08-04 16:02:40,217 - scrapers.hackernews_scraper - INFO - 成功解析故事: Ask HN: How is it possible to ..., 作者=gus_massa, 点赞=10, 评论=0
2025-08-04 16:02:40,217 - scrapers.hackernews_scraper - INFO - 成功解析故事: Ask HN: How do you avoid job h..., 作者=b8, 点赞=19, 评论=0
2025-08-04 16:02:40,218 - scrapers.hackernews_scraper - INFO - 成功解析故事: Ask HN: What crypto payments o..., 作者=willprice89, 点赞=5, 评论=0
2025-08-04 16:02:40,218 - scrapers.hackernews_scraper - INFO - 成功解析故事: Ask HN: Is true democracy poss..., 作者=ff12wq111, 点赞=13, 评论=0
2025-08-04 16:02:40,218 - scrapers.hackernews_scraper - INFO - 成功解析 15 个Ask HN故事
2025-08-04 16:02:40,218 - scrapers.hackernews_scraper - INFO - 开始转换 15 个故事到统一格式
2025-08-04 16:02:40,218 - scrapers.hackernews_scraper - INFO - 转换第 1/15 个故事: Ask HN: How to Extract Shell C...
2025-08-04 16:02:42,173 - scrapers.hackernews_scraper - INFO - 找到 0 条评论
2025-08-04 16:02:42,173 - scrapers.hackernews_scraper - INFO - 故事 Ask HN: How to Extract Shell C... 转换完成，包含 0 条评论
2025-08-04 16:02:42,173 - scrapers.hackernews_scraper - INFO - 转换第 2/15 个故事: Ask HN: Who wants to be hired?...
2025-08-04 16:02:45,195 - scrapers.hackernews_scraper - INFO - 找到 284 条评论
2025-08-04 16:02:47,153 - scrapers.hackernews_scraper - INFO - 故事 Ask HN: Who wants to be hired?... 转换完成，包含 100 条评论
2025-08-04 16:02:47,154 - scrapers.hackernews_scraper - INFO - 转换第 3/15 个故事: Ask HN: Who is hiring? (August...
2025-08-04 16:02:49,818 - scrapers.hackernews_scraper - INFO - 找到 304 条评论
2025-08-04 16:02:51,758 - scrapers.hackernews_scraper - INFO - 故事 Ask HN: Who is hiring? (August... 转换完成，包含 100 条评论
2025-08-04 16:02:51,758 - scrapers.hackernews_scraper - INFO - 转换第 4/15 个故事: Ask HN: What are your best pra...
2025-08-04 16:02:53,223 - scrapers.hackernews_scraper - INFO - 找到 0 条评论
2025-08-04 16:02:53,224 - scrapers.hackernews_scraper - INFO - 故事 Ask HN: What are your best pra... 转换完成，包含 0 条评论
2025-08-04 16:02:53,224 - scrapers.hackernews_scraper - INFO - 转换第 5/15 个故事: Ask HN: Whats Your Observabili...
2025-08-04 16:02:55,499 - scrapers.hackernews_scraper - INFO - 找到 1 条评论
2025-08-04 16:02:55,500 - scrapers.hackernews_scraper - INFO - 故事 Ask HN: Whats Your Observabili... 转换完成，包含 1 条评论
2025-08-04 16:02:55,500 - scrapers.hackernews_scraper - INFO - 转换第 6/15 个故事: Ask HN: Why was Windows ME so ...
2025-08-04 16:02:58,186 - scrapers.hackernews_scraper - INFO - 找到 12 条评论
2025-08-04 16:02:58,194 - scrapers.hackernews_scraper - INFO - 故事 Ask HN: Why was Windows ME so ... 转换完成，包含 12 条评论
2025-08-04 16:02:58,195 - scrapers.hackernews_scraper - INFO - 转换第 7/15 个故事: Ask HN: Want to leave my job w...
2025-08-04 16:02:59,718 - scrapers.hackernews_scraper - INFO - 找到 36 条评论
2025-08-04 16:02:59,756 - scrapers.hackernews_scraper - INFO - 故事 Ask HN: Want to leave my job w... 转换完成，包含 36 条评论
2025-08-04 16:02:59,756 - scrapers.hackernews_scraper - INFO - 转换第 8/15 个故事: Ask HN: Is fast.ai's "Deep Lea...
2025-08-04 16:03:02,404 - scrapers.hackernews_scraper - INFO - 找到 2 条评论
2025-08-04 16:03:02,406 - scrapers.hackernews_scraper - INFO - 故事 Ask HN: Is fast.ai's "Deep Lea... 转换完成，包含 2 条评论
2025-08-04 16:03:02,406 - scrapers.hackernews_scraper - INFO - 转换第 9/15 个故事: Ask HN: Who'd join a San Diego...
2025-08-04 16:03:04,194 - scrapers.hackernews_scraper - INFO - 找到 1 条评论
2025-08-04 16:03:04,195 - scrapers.hackernews_scraper - INFO - 故事 Ask HN: Who'd join a San Diego... 转换完成，包含 1 条评论
2025-08-04 16:03:04,195 - scrapers.hackernews_scraper - INFO - 转换第 10/15 个故事: Ask HN: Will AI push more of u...
2025-08-04 16:03:05,313 - scrapers.hackernews_scraper - INFO - 找到 16 条评论
2025-08-04 16:03:05,325 - scrapers.hackernews_scraper - INFO - 故事 Ask HN: Will AI push more of u... 转换完成，包含 16 条评论
2025-08-04 16:03:05,325 - scrapers.hackernews_scraper - INFO - 转换第 11/15 个故事: Ask HN: What are you working o...
2025-08-04 16:03:09,799 - scrapers.hackernews_scraper - INFO - 找到 854 条评论
2025-08-04 16:03:25,001 - scrapers.hackernews_scraper - INFO - 故事 Ask HN: What are you working o... 转换完成，包含 100 条评论
2025-08-04 16:03:25,001 - scrapers.hackernews_scraper - INFO - 转换第 12/15 个故事: Ask HN: How is it possible to ...
2025-08-04 16:03:26,811 - scrapers.hackernews_scraper - INFO - 找到 7 条评论
2025-08-04 16:03:26,815 - scrapers.hackernews_scraper - INFO - 故事 Ask HN: How is it possible to ... 转换完成，包含 7 条评论
2025-08-04 16:03:26,816 - scrapers.hackernews_scraper - INFO - 转换第 13/15 个故事: Ask HN: How do you avoid job h...
2025-08-04 16:03:29,081 - scrapers.hackernews_scraper - INFO - 找到 12 条评论
2025-08-04 16:03:29,090 - scrapers.hackernews_scraper - INFO - 故事 Ask HN: How do you avoid job h... 转换完成，包含 12 条评论
2025-08-04 16:03:29,090 - scrapers.hackernews_scraper - INFO - 转换第 14/15 个故事: Ask HN: What crypto payments o...
2025-08-04 16:03:30,912 - scrapers.hackernews_scraper - INFO - 找到 8 条评论
2025-08-04 16:03:30,918 - scrapers.hackernews_scraper - INFO - 故事 Ask HN: What crypto payments o... 转换完成，包含 8 条评论
2025-08-04 16:03:30,918 - scrapers.hackernews_scraper - INFO - 转换第 15/15 个故事: Ask HN: Is true democracy poss...
2025-08-04 16:03:32,884 - scrapers.hackernews_scraper - INFO - 找到 43 条评论
2025-08-04 16:03:32,935 - scrapers.hackernews_scraper - INFO - 故事 Ask HN: Is true democracy poss... 转换完成，包含 43 条评论
2025-08-04 16:03:32,935 - scrapers.hackernews_scraper - INFO - 共转换 15 个故事为统一格式
2025-08-04 16:03:32,935 - scrapers.hackernews_scraper - INFO - 爬取完成，共获取 15 个Ask HN故事
2025-08-04 16:03:33,413 - utils.storage_utils - INFO - 已更新源索引: hackernews
2025-08-04 16:03:33,417 - utils.storage_utils - INFO - 数据已保存到 data/hackernews/week_2025-08-04.json
2025-08-04 16:03:33,417 - scrapers.base_scraper - INFO - 数据已保存到 data/hackernews/week_2025-08-04.json
2025-08-04 16:03:33,417 - scrapers.base_scraper - INFO - 成功爬取 Hacker News 的数据
2025-08-04 16:03:33,417 - __main__ - INFO - 完成: 1/3 个爬虫成功运行
2025-08-04 16:03:33,677 - __main__ - INFO - 归档所有源的旧数据
2025-08-04 16:03:33,677 - __main__ - INFO - 源 jandan 归档 无需归档
2025-08-04 16:03:33,677 - __main__ - INFO - 源 reddit 归档 无需归档
2025-08-04 16:03:33,677 - utils.storage_utils - INFO - 已将 week_2025-05-12.json 归档
2025-08-04 16:03:33,677 - __main__ - INFO - 源 hackernews 归档 成功
