2026-02-27 16:07:58,326 - __main__ - INFO - 运行所有爬虫
2026-02-27 16:07:58,326 - scrapers.jandan_scraper - INFO - JandanScraper初始化完成
2026-02-27 16:07:58,326 - scrapers.base_scraper - INFO - 开始爬取 煎蛋网
2026-02-27 16:07:58,326 - scrapers.jandan_scraper - INFO - 开始爬取煎蛋热评
2026-02-27 16:08:02,247 - scrapers.jandan_scraper - INFO - 成功获取HTML内容，长度: 27377
2026-02-27 16:08:02,247 - scrapers.jandan_scraper - INFO - 调试: 手动获取评论 5877984 的吐槽数据
2026-02-27 16:08:02,247 - scrapers.jandan_scraper - INFO - 获取评论 5877984 的吐槽内容: https://jandan.net/api/tucao/list/5877984
2026-02-27 16:08:04,625 - scrapers.jandan_scraper - INFO - 评论 5877984 获取到 1 条热门吐槽, 3 条普通吐槽
2026-02-27 16:08:04,625 - scrapers.jandan_scraper - INFO - 调试: 评论 5877984 获取到 1 条热门吐槽, 3 条普通吐槽
2026-02-27 16:08:04,625 - scrapers.jandan_scraper - INFO - 开始解析页面中的评论
2026-02-27 16:08:04,625 - scrapers.jandan_scraper - INFO - 开始解析HTML内容, 长度: 27377
2026-02-27 16:08:04,634 - scrapers.jandan_scraper - INFO - 找到 0 条热门评论
2026-02-27 16:08:04,634 - scrapers.jandan_scraper - INFO - 解析完成，获取到 0 条评论
2026-02-27 16:08:04,634 - scrapers.jandan_scraper - INFO - 开始转换评论为统一格式
2026-02-27 16:08:04,634 - scrapers.jandan_scraper - INFO - 开始转换 0 条评论到统一格式
2026-02-27 16:08:04,634 - scrapers.jandan_scraper - INFO - 共转换 0 条评论为统一格式
2026-02-27 16:08:04,635 - scrapers.jandan_scraper - INFO - 爬取完成，共获取 0 条热评
2026-02-27 16:08:04,635 - scrapers.base_scraper - ERROR - 爬取 煎蛋网 失败
2026-02-27 16:08:04,635 - scrapers.reddit_scraper - INFO - RedditScraper初始化完成
2026-02-27 16:08:04,636 - scrapers.base_scraper - INFO - 开始爬取 Reddit
2026-02-27 16:08:04,637 - scrapers.reddit_scraper - INFO - 开始爬取Reddit r/confessions每周热门帖子
2026-02-27 16:08:07,115 - utils.http_utils - ERROR - 请求失败: https://www.reddit.com/r/confessions/top/.json?t=week&limit=10, 错误: 403 Client Error: Blocked for url: https://www.reddit.com/r/confessions/top/.json?t=week&limit=10
2026-02-27 16:08:07,116 - scrapers.reddit_scraper - ERROR - 获取API数据失败: 403 Client Error: Blocked for url: https://www.reddit.com/r/confessions/top/.json?t=week&limit=10
2026-02-27 16:08:07,116 - scrapers.base_scraper - ERROR - 爬取 Reddit 失败
2026-02-27 16:08:07,117 - scrapers.hackernews_scraper - INFO - HackerNewsScraper初始化完成
2026-02-27 16:08:07,117 - scrapers.base_scraper - INFO - 开始爬取 Hacker News
2026-02-27 16:08:07,117 - scrapers.hackernews_scraper - INFO - 开始爬取Hacker News Ask HN帖子
2026-02-27 16:08:07,117 - scrapers.hackernews_scraper - INFO - 获取Ask HN页面: https://news.ycombinator.com/ask
2026-02-27 16:08:08,605 - scrapers.hackernews_scraper - INFO - 找到 30 个帖子行
2026-02-27 16:08:08,607 - scrapers.hackernews_scraper - INFO - 成功解析故事: Ask HN: How do you handle dupl..., 作者=shineDaPoker, 点赞=6, 评论=0
2026-02-27 16:08:08,607 - scrapers.hackernews_scraper - INFO - 成功解析故事: Ask HN: My competitor wants to..., 作者=VladVladikoff, 点赞=4, 评论=0
2026-02-27 16:08:08,608 - scrapers.hackernews_scraper - INFO - 成功解析故事: Ask HN: Who Is Using XMPP?..., 作者=nunobrito, 点赞=23, 评论=0
2026-02-27 16:08:08,609 - scrapers.hackernews_scraper - INFO - 成功解析故事: Ask HN: What's it like working..., 作者=ex-aws-dude, 点赞=20, 评论=0
2026-02-27 16:08:08,610 - scrapers.hackernews_scraper - INFO - 成功解析故事: Ask HN: Starting a New Role wi..., 作者=NoNameHaveI, 点赞=9, 评论=0
2026-02-27 16:08:08,610 - scrapers.hackernews_scraper - INFO - 成功解析故事: Ask HN: What will happen with ..., 作者=maniacwhat, 点赞=7, 评论=0
2026-02-27 16:08:08,611 - scrapers.hackernews_scraper - INFO - 成功解析故事: Ask HN: How do you know if AI ..., 作者=dmpyatyi, 点赞=38, 评论=0
2026-02-27 16:08:08,612 - scrapers.hackernews_scraper - INFO - 成功解析故事: Ask HN: Could you create a com..., 作者=TheAlchemist, 点赞=9, 评论=0
2026-02-27 16:08:08,612 - scrapers.hackernews_scraper - INFO - 成功解析故事: Ask HN: How are you controllin..., 作者=thesvp, 点赞=7, 评论=0
2026-02-27 16:08:08,613 - scrapers.hackernews_scraper - INFO - 成功解析故事: Ask HN: Have top AI research i..., 作者=DietaryNonsense, 点赞=81, 评论=0
2026-02-27 16:08:08,614 - scrapers.hackernews_scraper - INFO - 成功解析故事: Ask HN: Who has seen productiv..., 作者=Kapura, 点赞=12, 评论=0
2026-02-27 16:08:08,614 - scrapers.hackernews_scraper - INFO - 成功解析故事: Ask HN: What Linux Would Be a ..., 作者=Cyberis, 点赞=13, 评论=0
2026-02-27 16:08:08,615 - scrapers.hackernews_scraper - INFO - 成功解析故事: Ask HN: Any DIY open-source Al..., 作者=personality0, 点赞=9, 评论=0
2026-02-27 16:08:08,615 - scrapers.hackernews_scraper - INFO - 成功解析故事: Ask HN: Is it better to have n..., 作者=parvardegr, 点赞=10, 评论=0
2026-02-27 16:08:08,616 - scrapers.hackernews_scraper - INFO - 成功解析 14 个Ask HN故事
2026-02-27 16:08:08,616 - scrapers.hackernews_scraper - INFO - 开始转换 14 个故事到统一格式
2026-02-27 16:08:08,616 - scrapers.hackernews_scraper - INFO - 转换第 1/14 个故事: Ask HN: How do you handle dupl...
2026-02-27 16:08:09,815 - scrapers.hackernews_scraper - INFO - 找到 7 条评论
2026-02-27 16:08:09,820 - scrapers.hackernews_scraper - INFO - 故事 Ask HN: How do you handle dupl... 转换完成，包含 7 条评论
2026-02-27 16:08:09,820 - scrapers.hackernews_scraper - INFO - 转换第 2/14 个故事: Ask HN: My competitor wants to...
2026-02-27 16:08:11,065 - scrapers.hackernews_scraper - INFO - 找到 4 条评论
2026-02-27 16:08:11,067 - scrapers.hackernews_scraper - INFO - 故事 Ask HN: My competitor wants to... 转换完成，包含 4 条评论
2026-02-27 16:08:11,067 - scrapers.hackernews_scraper - INFO - 转换第 3/14 个故事: Ask HN: Who Is Using XMPP?...
2026-02-27 16:08:13,369 - scrapers.hackernews_scraper - INFO - 找到 11 条评论
2026-02-27 16:08:13,377 - scrapers.hackernews_scraper - INFO - 故事 Ask HN: Who Is Using XMPP?... 转换完成，包含 11 条评论
2026-02-27 16:08:13,377 - scrapers.hackernews_scraper - INFO - 转换第 4/14 个故事: Ask HN: What's it like working...
2026-02-27 16:08:15,921 - scrapers.hackernews_scraper - INFO - 找到 9 条评论
2026-02-27 16:08:15,927 - scrapers.hackernews_scraper - INFO - 故事 Ask HN: What's it like working... 转换完成，包含 9 条评论
2026-02-27 16:08:15,927 - scrapers.hackernews_scraper - INFO - 转换第 5/14 个故事: Ask HN: Starting a New Role wi...
2026-02-27 16:08:18,250 - scrapers.hackernews_scraper - INFO - 找到 4 条评论
2026-02-27 16:08:18,253 - scrapers.hackernews_scraper - INFO - 故事 Ask HN: Starting a New Role wi... 转换完成，包含 4 条评论
2026-02-27 16:08:18,253 - scrapers.hackernews_scraper - INFO - 转换第 6/14 个故事: Ask HN: What will happen with ...
2026-02-27 16:08:21,055 - scrapers.hackernews_scraper - INFO - 找到 3 条评论
2026-02-27 16:08:21,057 - scrapers.hackernews_scraper - INFO - 故事 Ask HN: What will happen with ... 转换完成，包含 3 条评论
2026-02-27 16:08:21,057 - scrapers.hackernews_scraper - INFO - 转换第 7/14 个故事: Ask HN: How do you know if AI ...
2026-02-27 16:08:22,889 - scrapers.hackernews_scraper - INFO - 找到 24 条评论
2026-02-27 16:08:22,909 - scrapers.hackernews_scraper - INFO - 故事 Ask HN: How do you know if AI ... 转换完成，包含 24 条评论
2026-02-27 16:08:22,909 - scrapers.hackernews_scraper - INFO - 转换第 8/14 个故事: Ask HN: Could you create a com...
2026-02-27 16:08:25,723 - scrapers.hackernews_scraper - INFO - 找到 14 条评论
2026-02-27 16:08:25,733 - scrapers.hackernews_scraper - INFO - 故事 Ask HN: Could you create a com... 转换完成，包含 14 条评论
2026-02-27 16:08:25,733 - scrapers.hackernews_scraper - INFO - 转换第 9/14 个故事: Ask HN: How are you controllin...
2026-02-27 16:08:26,929 - scrapers.hackernews_scraper - INFO - 找到 20 条评论
2026-02-27 16:08:26,945 - scrapers.hackernews_scraper - INFO - 故事 Ask HN: How are you controllin... 转换完成，包含 20 条评论
2026-02-27 16:08:26,945 - scrapers.hackernews_scraper - INFO - 转换第 10/14 个故事: Ask HN: Have top AI research i...
2026-02-27 16:08:30,136 - scrapers.hackernews_scraper - INFO - 找到 90 条评论
2026-02-27 16:08:30,302 - scrapers.hackernews_scraper - INFO - 故事 Ask HN: Have top AI research i... 转换完成，包含 90 条评论
2026-02-27 16:08:30,303 - scrapers.hackernews_scraper - INFO - 转换第 11/14 个故事: Ask HN: Who has seen productiv...
2026-02-27 16:08:31,661 - scrapers.hackernews_scraper - INFO - 找到 16 条评论
2026-02-27 16:08:31,674 - scrapers.hackernews_scraper - INFO - 故事 Ask HN: Who has seen productiv... 转换完成，包含 16 条评论
2026-02-27 16:08:31,674 - scrapers.hackernews_scraper - INFO - 转换第 12/14 个故事: Ask HN: What Linux Would Be a ...
2026-02-27 16:08:34,640 - scrapers.hackernews_scraper - INFO - 找到 20 条评论
2026-02-27 16:08:34,656 - scrapers.hackernews_scraper - INFO - 故事 Ask HN: What Linux Would Be a ... 转换完成，包含 20 条评论
2026-02-27 16:08:34,656 - scrapers.hackernews_scraper - INFO - 转换第 13/14 个故事: Ask HN: Any DIY open-source Al...
2026-02-27 16:08:37,241 - scrapers.hackernews_scraper - INFO - 找到 4 条评论
2026-02-27 16:08:37,244 - scrapers.hackernews_scraper - INFO - 故事 Ask HN: Any DIY open-source Al... 转换完成，包含 4 条评论
2026-02-27 16:08:37,244 - scrapers.hackernews_scraper - INFO - 转换第 14/14 个故事: Ask HN: Is it better to have n...
2026-02-27 16:08:39,904 - scrapers.hackernews_scraper - INFO - 找到 10 条评论
2026-02-27 16:08:39,911 - scrapers.hackernews_scraper - INFO - 故事 Ask HN: Is it better to have n... 转换完成，包含 10 条评论
2026-02-27 16:08:39,911 - scrapers.hackernews_scraper - INFO - 共转换 14 个故事为统一格式
2026-02-27 16:08:39,911 - scrapers.hackernews_scraper - INFO - 爬取完成，共获取 14 个Ask HN故事
2026-02-27 16:08:40,387 - utils.storage_utils - INFO - 已更新源索引: hackernews
2026-02-27 16:08:40,391 - utils.storage_utils - INFO - 数据已保存到 data/hackernews/week_2026-02-23.json
2026-02-27 16:08:40,392 - scrapers.base_scraper - INFO - 数据已保存到 data/hackernews/week_2026-02-23.json
2026-02-27 16:08:40,392 - scrapers.base_scraper - INFO - 成功爬取 Hacker News 的数据
2026-02-27 16:08:40,393 - __main__ - INFO - 完成: 1/3 个爬虫成功运行
2026-02-27 16:08:40,641 - __main__ - INFO - 归档所有源的旧数据
2026-02-27 16:08:40,642 - __main__ - INFO - 源 jandan 归档 无需归档
2026-02-27 16:08:40,642 - __main__ - INFO - 源 reddit 归档 无需归档
2026-02-27 16:08:40,642 - __main__ - INFO - 源 hackernews 归档 无需归档
