2025-12-04 16:02:47,803 - __main__ - INFO - 运行所有爬虫
2025-12-04 16:02:47,803 - scrapers.jandan_scraper - INFO - JandanScraper初始化完成
2025-12-04 16:02:47,804 - scrapers.base_scraper - INFO - 开始爬取 煎蛋网
2025-12-04 16:02:47,804 - scrapers.jandan_scraper - INFO - 开始爬取煎蛋热评
2025-12-04 16:02:50,660 - scrapers.jandan_scraper - INFO - 成功获取HTML内容，长度: 24786
2025-12-04 16:02:50,660 - scrapers.jandan_scraper - INFO - 调试: 手动获取评论 5877984 的吐槽数据
2025-12-04 16:02:50,660 - scrapers.jandan_scraper - INFO - 获取评论 5877984 的吐槽内容: https://jandan.net/api/tucao/list/5877984
2025-12-04 16:02:53,615 - scrapers.jandan_scraper - INFO - 评论 5877984 获取到 1 条热门吐槽, 3 条普通吐槽
2025-12-04 16:02:53,615 - scrapers.jandan_scraper - INFO - 调试: 评论 5877984 获取到 1 条热门吐槽, 3 条普通吐槽
2025-12-04 16:02:53,615 - scrapers.jandan_scraper - INFO - 开始解析页面中的评论
2025-12-04 16:02:53,615 - scrapers.jandan_scraper - INFO - 开始解析HTML内容, 长度: 24786
2025-12-04 16:02:53,624 - scrapers.jandan_scraper - INFO - 找到 0 条热门评论
2025-12-04 16:02:53,624 - scrapers.jandan_scraper - INFO - 解析完成，获取到 0 条评论
2025-12-04 16:02:53,624 - scrapers.jandan_scraper - INFO - 开始转换评论为统一格式
2025-12-04 16:02:53,624 - scrapers.jandan_scraper - INFO - 开始转换 0 条评论到统一格式
2025-12-04 16:02:53,624 - scrapers.jandan_scraper - INFO - 共转换 0 条评论为统一格式
2025-12-04 16:02:53,624 - scrapers.jandan_scraper - INFO - 爬取完成，共获取 0 条热评
2025-12-04 16:02:53,624 - scrapers.base_scraper - ERROR - 爬取 煎蛋网 失败
2025-12-04 16:02:53,624 - scrapers.reddit_scraper - INFO - RedditScraper初始化完成
2025-12-04 16:02:53,626 - scrapers.base_scraper - INFO - 开始爬取 Reddit
2025-12-04 16:02:53,626 - scrapers.reddit_scraper - INFO - 开始爬取Reddit r/confessions每周热门帖子
2025-12-04 16:02:56,126 - utils.http_utils - ERROR - 请求失败: https://www.reddit.com/r/confessions/top/.json?t=week&limit=10, 错误: 403 Client Error: Blocked for url: https://www.reddit.com/r/confessions/top/.json?t=week&limit=10
2025-12-04 16:02:56,128 - scrapers.reddit_scraper - ERROR - 获取API数据失败: 403 Client Error: Blocked for url: https://www.reddit.com/r/confessions/top/.json?t=week&limit=10
2025-12-04 16:02:56,128 - scrapers.base_scraper - ERROR - 爬取 Reddit 失败
2025-12-04 16:02:56,128 - scrapers.hackernews_scraper - INFO - HackerNewsScraper初始化完成
2025-12-04 16:02:56,128 - scrapers.base_scraper - INFO - 开始爬取 Hacker News
2025-12-04 16:02:56,129 - scrapers.hackernews_scraper - INFO - 开始爬取Hacker News Ask HN帖子
2025-12-04 16:02:56,129 - scrapers.hackernews_scraper - INFO - 获取Ask HN页面: https://news.ycombinator.com/ask
2025-12-04 16:02:59,484 - scrapers.hackernews_scraper - INFO - 找到 30 个帖子行
2025-12-04 16:02:59,486 - scrapers.hackernews_scraper - INFO - 成功解析故事: Ask HN: What are the ethics at..., 作者=jagged-chisel, 点赞=12, 评论=0
2025-12-04 16:02:59,486 - scrapers.hackernews_scraper - INFO - 成功解析故事: Ask HN: Why does Facebook.com ..., 作者=35mm, 点赞=14, 评论=0
2025-12-04 16:02:59,487 - scrapers.hackernews_scraper - INFO - 成功解析故事: Ask HN: Who wants to be hired?..., 作者=whoishiring, 点赞=154, 评论=0
2025-12-04 16:02:59,487 - scrapers.hackernews_scraper - INFO - 成功解析故事: Ask HN: Quality of recent gens..., 作者=ferguess_k, 点赞=103, 评论=0
2025-12-04 16:02:59,488 - scrapers.hackernews_scraper - INFO - 成功解析故事: Ask HN: Who is hiring? (Decemb..., 作者=whoishiring, 点赞=302, 评论=0
2025-12-04 16:02:59,488 - scrapers.hackernews_scraper - INFO - 成功解析故事: Ask HN: Will Kagi's subscripti..., 作者=IndySun, 点赞=2, 评论=0
2025-12-04 16:02:59,489 - scrapers.hackernews_scraper - INFO - 成功解析故事: Ask HN: Is Cloudflare Down for..., 作者=Palmik, 点赞=18, 评论=0
2025-12-04 16:02:59,490 - scrapers.hackernews_scraper - INFO - 成功解析故事: Ask HN: I haven't had to buy a..., 作者=meifun, 点赞=10, 评论=0
2025-12-04 16:02:59,490 - scrapers.hackernews_scraper - INFO - 成功解析故事: Ask HN: Anyone writing code fr..., 作者=mattfrommars, 点赞=5, 评论=0
2025-12-04 16:02:59,491 - scrapers.hackernews_scraper - INFO - 成功解析故事: Ask HN: Does anything beat Het..., 作者=opengrass, 点赞=6, 评论=0
2025-12-04 16:02:59,491 - scrapers.hackernews_scraper - INFO - 成功解析故事: Ask HN: What is better to use ..., 作者=DenisDolya, 点赞=10, 评论=0
2025-12-04 16:02:59,492 - scrapers.hackernews_scraper - INFO - 成功解析故事: Ask HN: Selling one's self..., 作者=it_is_beautiful, 点赞=6, 评论=0
2025-12-04 16:02:59,493 - scrapers.hackernews_scraper - INFO - 成功解析故事: Ask HN: How can a web Senior S..., 作者=llll_lllllll_l, 点赞=3, 评论=0
2025-12-04 16:02:59,493 - scrapers.hackernews_scraper - INFO - 成功解析故事: Ask HN: What has been your exp..., 作者=grandimam, 点赞=7, 评论=0
2025-12-04 16:02:59,494 - scrapers.hackernews_scraper - INFO - 成功解析故事: Ask HN: Why is everyone in tec..., 作者=bunnybomb2, 点赞=20, 评论=0
2025-12-04 16:02:59,494 - scrapers.hackernews_scraper - INFO - 成功解析 15 个Ask HN故事
2025-12-04 16:02:59,494 - scrapers.hackernews_scraper - INFO - 开始转换 15 个故事到统一格式
2025-12-04 16:02:59,494 - scrapers.hackernews_scraper - INFO - 转换第 1/15 个故事: Ask HN: What are the ethics at...
2025-12-04 16:03:01,222 - scrapers.hackernews_scraper - INFO - 找到 5 条评论
2025-12-04 16:03:01,225 - scrapers.hackernews_scraper - INFO - 故事 Ask HN: What are the ethics at... 转换完成，包含 5 条评论
2025-12-04 16:03:01,225 - scrapers.hackernews_scraper - INFO - 转换第 2/15 个故事: Ask HN: Why does Facebook.com ...
2025-12-04 16:03:03,822 - scrapers.hackernews_scraper - INFO - 找到 5 条评论
2025-12-04 16:03:03,825 - scrapers.hackernews_scraper - INFO - 故事 Ask HN: Why does Facebook.com ... 转换完成，包含 5 条评论
2025-12-04 16:03:03,826 - scrapers.hackernews_scraper - INFO - 转换第 3/15 个故事: Ask HN: Who wants to be hired?...
2025-12-04 16:03:08,003 - scrapers.hackernews_scraper - INFO - 找到 366 条评论
2025-12-04 16:03:10,683 - scrapers.hackernews_scraper - INFO - 故事 Ask HN: Who wants to be hired?... 转换完成，包含 100 条评论
2025-12-04 16:03:10,684 - scrapers.hackernews_scraper - INFO - 转换第 4/15 个故事: Ask HN: Quality of recent gens...
2025-12-04 16:03:14,273 - scrapers.hackernews_scraper - INFO - 找到 188 条评论
2025-12-04 16:03:14,892 - scrapers.hackernews_scraper - INFO - 故事 Ask HN: Quality of recent gens... 转换完成，包含 100 条评论
2025-12-04 16:03:14,892 - scrapers.hackernews_scraper - INFO - 转换第 5/15 个故事: Ask HN: Who is hiring? (Decemb...
2025-12-04 16:03:18,262 - scrapers.hackernews_scraper - INFO - 找到 453 条评论
2025-12-04 16:03:22,132 - scrapers.hackernews_scraper - INFO - 故事 Ask HN: Who is hiring? (Decemb... 转换完成，包含 100 条评论
2025-12-04 16:03:22,132 - scrapers.hackernews_scraper - INFO - 转换第 6/15 个故事: Ask HN: Will Kagi's subscripti...
2025-12-04 16:03:24,912 - scrapers.hackernews_scraper - INFO - 找到 2 条评论
2025-12-04 16:03:24,914 - scrapers.hackernews_scraper - INFO - 故事 Ask HN: Will Kagi's subscripti... 转换完成，包含 2 条评论
2025-12-04 16:03:24,914 - scrapers.hackernews_scraper - INFO - 转换第 7/15 个故事: Ask HN: Is Cloudflare Down for...
2025-12-04 16:03:26,707 - scrapers.hackernews_scraper - INFO - 找到 11 条评论
2025-12-04 16:03:26,715 - scrapers.hackernews_scraper - INFO - 故事 Ask HN: Is Cloudflare Down for... 转换完成，包含 11 条评论
2025-12-04 16:03:26,715 - scrapers.hackernews_scraper - INFO - 转换第 8/15 个故事: Ask HN: I haven't had to buy a...
2025-12-04 16:03:29,794 - scrapers.hackernews_scraper - INFO - 找到 16 条评论
2025-12-04 16:03:29,806 - scrapers.hackernews_scraper - INFO - 故事 Ask HN: I haven't had to buy a... 转换完成，包含 16 条评论
2025-12-04 16:03:29,806 - scrapers.hackernews_scraper - INFO - 转换第 9/15 个故事: Ask HN: Anyone writing code fr...
2025-12-04 16:03:31,497 - scrapers.hackernews_scraper - INFO - 找到 6 条评论
2025-12-04 16:03:31,501 - scrapers.hackernews_scraper - INFO - 故事 Ask HN: Anyone writing code fr... 转换完成，包含 6 条评论
2025-12-04 16:03:31,501 - scrapers.hackernews_scraper - INFO - 转换第 10/15 个故事: Ask HN: Does anything beat Het...
2025-12-04 16:03:34,101 - scrapers.hackernews_scraper - INFO - 找到 0 条评论
2025-12-04 16:03:34,101 - scrapers.hackernews_scraper - INFO - 故事 Ask HN: Does anything beat Het... 转换完成，包含 0 条评论
2025-12-04 16:03:34,101 - scrapers.hackernews_scraper - INFO - 转换第 11/15 个故事: Ask HN: What is better to use ...
2025-12-04 16:03:35,746 - scrapers.hackernews_scraper - INFO - 找到 9 条评论
2025-12-04 16:03:35,751 - scrapers.hackernews_scraper - INFO - 故事 Ask HN: What is better to use ... 转换完成，包含 9 条评论
2025-12-04 16:03:35,751 - scrapers.hackernews_scraper - INFO - 转换第 12/15 个故事: Ask HN: Selling one's self...
2025-12-04 16:03:37,305 - scrapers.hackernews_scraper - INFO - 找到 4 条评论
2025-12-04 16:03:37,308 - scrapers.hackernews_scraper - INFO - 故事 Ask HN: Selling one's self... 转换完成，包含 4 条评论
2025-12-04 16:03:37,308 - scrapers.hackernews_scraper - INFO - 转换第 13/15 个故事: Ask HN: How can a web Senior S...
2025-12-04 16:03:38,761 - scrapers.hackernews_scraper - INFO - 找到 9 条评论
2025-12-04 16:03:38,766 - scrapers.hackernews_scraper - INFO - 故事 Ask HN: How can a web Senior S... 转换完成，包含 9 条评论
2025-12-04 16:03:38,767 - scrapers.hackernews_scraper - INFO - 转换第 14/15 个故事: Ask HN: What has been your exp...
2025-12-04 16:03:40,189 - scrapers.hackernews_scraper - INFO - 找到 6 条评论
2025-12-04 16:03:40,192 - scrapers.hackernews_scraper - INFO - 故事 Ask HN: What has been your exp... 转换完成，包含 6 条评论
2025-12-04 16:03:40,193 - scrapers.hackernews_scraper - INFO - 转换第 15/15 个故事: Ask HN: Why is everyone in tec...
2025-12-04 16:03:43,314 - scrapers.hackernews_scraper - INFO - 找到 24 条评论
2025-12-04 16:03:43,334 - scrapers.hackernews_scraper - INFO - 故事 Ask HN: Why is everyone in tec... 转换完成，包含 24 条评论
2025-12-04 16:03:43,334 - scrapers.hackernews_scraper - INFO - 共转换 15 个故事为统一格式
2025-12-04 16:03:43,334 - scrapers.hackernews_scraper - INFO - 爬取完成，共获取 15 个Ask HN故事
2025-12-04 16:03:43,810 - utils.storage_utils - INFO - 已更新源索引: hackernews
2025-12-04 16:03:43,811 - utils.storage_utils - INFO - 数据已保存到 data/hackernews/week_2025-12-01.json
2025-12-04 16:03:43,812 - scrapers.base_scraper - INFO - 数据已保存到 data/hackernews/week_2025-12-01.json
2025-12-04 16:03:43,812 - scrapers.base_scraper - INFO - 成功爬取 Hacker News 的数据
2025-12-04 16:03:43,813 - __main__ - INFO - 完成: 1/3 个爬虫成功运行
2025-12-04 16:03:44,027 - __main__ - INFO - 归档所有源的旧数据
2025-12-04 16:03:44,028 - __main__ - INFO - 源 jandan 归档 无需归档
2025-12-04 16:03:44,028 - __main__ - INFO - 源 reddit 归档 无需归档
2025-12-04 16:03:44,028 - __main__ - INFO - 源 hackernews 归档 无需归档
