2026-06-18 16:59:30,000 - __main__ - INFO - 运行所有爬虫
2026-06-18 16:59:30,000 - scrapers.jandan_scraper - INFO - JandanScraper初始化完成
2026-06-18 16:59:30,000 - scrapers.base_scraper - INFO - 开始爬取 煎蛋网
2026-06-18 16:59:30,000 - scrapers.jandan_scraper - INFO - 开始爬取煎蛋热评
2026-06-18 16:59:33,340 - scrapers.jandan_scraper - INFO - 成功获取HTML内容，长度: 37213
2026-06-18 16:59:33,340 - scrapers.jandan_scraper - INFO - 调试: 手动获取评论 5877984 的吐槽数据
2026-06-18 16:59:33,340 - scrapers.jandan_scraper - INFO - 获取评论 5877984 的吐槽内容: https://jandan.net/api/tucao/list/5877984
2026-06-18 16:59:35,797 - scrapers.jandan_scraper - INFO - 评论 5877984 获取到 0 条热门吐槽, 0 条普通吐槽
2026-06-18 16:59:35,797 - scrapers.jandan_scraper - INFO - 调试: 评论 5877984 获取到 0 条热门吐槽, 0 条普通吐槽
2026-06-18 16:59:35,797 - scrapers.jandan_scraper - INFO - 开始解析页面中的评论
2026-06-18 16:59:35,797 - scrapers.jandan_scraper - INFO - 开始解析HTML内容, 长度: 37213
2026-06-18 16:59:35,807 - scrapers.jandan_scraper - INFO - 找到 0 条热门评论
2026-06-18 16:59:35,807 - scrapers.jandan_scraper - INFO - 解析完成，获取到 0 条评论
2026-06-18 16:59:35,807 - scrapers.jandan_scraper - INFO - 开始转换评论为统一格式
2026-06-18 16:59:35,808 - scrapers.jandan_scraper - INFO - 开始转换 0 条评论到统一格式
2026-06-18 16:59:35,808 - scrapers.jandan_scraper - INFO - 共转换 0 条评论为统一格式
2026-06-18 16:59:35,808 - scrapers.jandan_scraper - INFO - 爬取完成，共获取 0 条热评
2026-06-18 16:59:35,808 - scrapers.base_scraper - ERROR - 爬取 煎蛋网 失败
2026-06-18 16:59:35,809 - scrapers.reddit_scraper - INFO - RedditScraper初始化完成
2026-06-18 16:59:35,810 - scrapers.base_scraper - INFO - 开始爬取 Reddit
2026-06-18 16:59:35,810 - scrapers.reddit_scraper - INFO - 开始爬取Reddit r/confessions每周热门帖子
2026-06-18 16:59:37,194 - utils.http_utils - ERROR - 请求失败: https://www.reddit.com/r/confessions/top/.json?t=week&limit=10, 错误: 403 Client Error: Blocked for url: https://www.reddit.com/r/confessions/top/.json?t=week&limit=10
2026-06-18 16:59:37,195 - scrapers.reddit_scraper - ERROR - 获取API数据失败: 403 Client Error: Blocked for url: https://www.reddit.com/r/confessions/top/.json?t=week&limit=10
2026-06-18 16:59:37,196 - scrapers.base_scraper - ERROR - 爬取 Reddit 失败
2026-06-18 16:59:37,196 - scrapers.hackernews_scraper - INFO - HackerNewsScraper初始化完成
2026-06-18 16:59:37,196 - scrapers.base_scraper - INFO - 开始爬取 Hacker News
2026-06-18 16:59:37,196 - scrapers.hackernews_scraper - INFO - 开始爬取Hacker News Ask HN帖子
2026-06-18 16:59:37,196 - scrapers.hackernews_scraper - INFO - 获取Ask HN页面: https://news.ycombinator.com/ask
2026-06-18 16:59:39,094 - scrapers.hackernews_scraper - INFO - 找到 30 个帖子行
2026-06-18 16:59:39,095 - scrapers.hackernews_scraper - INFO - 成功解析故事: Ask HN: Is there a way to stop..., 作者=arnejenssen, 点赞=4, 评论=0
2026-06-18 16:59:39,096 - scrapers.hackernews_scraper - INFO - 成功解析故事: Ask HN: Has anyone replaced Cl..., 作者=cloudking, 点赞=1294, 评论=0
2026-06-18 16:59:39,097 - scrapers.hackernews_scraper - INFO - 成功解析故事: Ask HN: Looking for a CI/CD pr..., 作者=q8zd3, 点赞=4, 评论=0
2026-06-18 16:59:39,097 - scrapers.hackernews_scraper - INFO - 成功解析故事: Ask HN: Am I being advertised ..., 作者=SpecialistK, 点赞=3, 评论=0
2026-06-18 16:59:39,098 - scrapers.hackernews_scraper - INFO - 成功解析故事: Ask HN: Has anyone had success..., 作者=lyfeninja, 点赞=10, 评论=0
2026-06-18 16:59:39,099 - scrapers.hackernews_scraper - INFO - 成功解析故事: Ask HN: How are thinking effor..., 作者=simianwords, 点赞=103, 评论=0
2026-06-18 16:59:39,099 - scrapers.hackernews_scraper - INFO - 成功解析故事: Ask HN: What are you working o..., 作者=david927, 点赞=310, 评论=0
2026-06-18 16:59:39,100 - scrapers.hackernews_scraper - INFO - 成功解析故事: Ask HN: Are other people seein..., 作者=PaulHoule, 点赞=14, 评论=0
2026-06-18 16:59:39,101 - scrapers.hackernews_scraper - INFO - 成功解析故事: Ask HN: Why hasn't there been ..., 作者=mdni007, 点赞=263, 评论=0
2026-06-18 16:59:39,101 - scrapers.hackernews_scraper - INFO - 成功解析故事: Ask HN: Favorite text heavy bl..., 作者=joshmarinacci, 点赞=119, 评论=0
2026-06-18 16:59:39,102 - scrapers.hackernews_scraper - INFO - 成功解析故事: Ask HN: What are your best Cla..., 作者=akashwadhwani35, 点赞=16, 评论=0
2026-06-18 16:59:39,103 - scrapers.hackernews_scraper - INFO - 成功解析故事: Ask HN: Want to build somethin..., 作者=vira28, 点赞=39, 评论=0
2026-06-18 16:59:39,103 - scrapers.hackernews_scraper - INFO - 成功解析故事: Ask HN: Successful entrepreneu..., 作者=markosn, 点赞=3, 评论=0
2026-06-18 16:59:39,104 - scrapers.hackernews_scraper - INFO - 成功解析故事: Ask HN: What Are the Trade-Off..., 作者=karakoram, 点赞=8, 评论=0
2026-06-18 16:59:39,105 - scrapers.hackernews_scraper - INFO - 成功解析故事: Ask HN: Would it be useful to ..., 作者=BugsJustFindMe, 点赞=41, 评论=0
2026-06-18 16:59:39,105 - scrapers.hackernews_scraper - INFO - 成功解析 15 个Ask HN故事
2026-06-18 16:59:39,105 - scrapers.hackernews_scraper - INFO - 开始转换 15 个故事到统一格式
2026-06-18 16:59:39,105 - scrapers.hackernews_scraper - INFO - 转换第 1/15 个故事: Ask HN: Is there a way to stop...
2026-06-18 16:59:41,764 - scrapers.hackernews_scraper - INFO - 找到 3 条评论
2026-06-18 16:59:41,766 - scrapers.hackernews_scraper - INFO - 故事 Ask HN: Is there a way to stop... 转换完成，包含 3 条评论
2026-06-18 16:59:41,766 - scrapers.hackernews_scraper - INFO - 转换第 2/15 个故事: Ask HN: Has anyone replaced Cl...
2026-06-18 16:59:45,984 - scrapers.hackernews_scraper - INFO - 找到 550 条评论
2026-06-18 16:59:51,216 - scrapers.hackernews_scraper - INFO - 故事 Ask HN: Has anyone replaced Cl... 转换完成，包含 100 条评论
2026-06-18 16:59:51,216 - scrapers.hackernews_scraper - INFO - 转换第 3/15 个故事: Ask HN: Looking for a CI/CD pr...
2026-06-18 16:59:53,078 - utils.http_utils - ERROR - 请求失败: https://news.ycombinator.com/item?id=48583441, 错误: 429 Client Error: Too Many Requests for url: https://news.ycombinator.com/item?id=48583441
2026-06-18 16:59:53,078 - scrapers.hackernews_scraper - ERROR - 获取故事详情失败: 48583441
2026-06-18 16:59:54,237 - utils.http_utils - ERROR - 请求失败: https://news.ycombinator.com/item?id=48583441, 错误: 429 Client Error: Too Many Requests for url: https://news.ycombinator.com/item?id=48583441
2026-06-18 16:59:54,237 - scrapers.hackernews_scraper - ERROR - 获取故事详情失败: 48583441
2026-06-18 16:59:54,237 - scrapers.hackernews_scraper - INFO - 故事 Ask HN: Looking for a CI/CD pr... 转换完成，包含 0 条评论
2026-06-18 16:59:54,237 - scrapers.hackernews_scraper - INFO - 转换第 4/15 个故事: Ask HN: Am I being advertised ...
2026-06-18 16:59:55,400 - scrapers.hackernews_scraper - INFO - 找到 4 条评论
2026-06-18 16:59:55,402 - scrapers.hackernews_scraper - INFO - 故事 Ask HN: Am I being advertised ... 转换完成，包含 4 条评论
2026-06-18 16:59:55,402 - scrapers.hackernews_scraper - INFO - 转换第 5/15 个故事: Ask HN: Has anyone had success...
2026-06-18 16:59:57,350 - scrapers.hackernews_scraper - INFO - 找到 8 条评论
2026-06-18 16:59:57,356 - scrapers.hackernews_scraper - INFO - 故事 Ask HN: Has anyone had success... 转换完成，包含 8 条评论
2026-06-18 16:59:57,356 - scrapers.hackernews_scraper - INFO - 转换第 6/15 个故事: Ask HN: How are thinking effor...
2026-06-18 16:59:58,933 - scrapers.hackernews_scraper - INFO - 找到 33 条评论
2026-06-18 16:59:58,966 - scrapers.hackernews_scraper - INFO - 故事 Ask HN: How are thinking effor... 转换完成，包含 33 条评论
2026-06-18 16:59:58,966 - scrapers.hackernews_scraper - INFO - 转换第 7/15 个故事: Ask HN: What are you working o...
2026-06-18 17:00:05,821 - scrapers.hackernews_scraper - INFO - 找到 1130 条评论
2026-06-18 17:00:29,306 - scrapers.hackernews_scraper - INFO - 故事 Ask HN: What are you working o... 转换完成，包含 100 条评论
2026-06-18 17:00:29,306 - scrapers.hackernews_scraper - INFO - 转换第 8/15 个故事: Ask HN: Are other people seein...
2026-06-18 17:00:30,908 - scrapers.hackernews_scraper - INFO - 找到 11 条评论
2026-06-18 17:00:30,916 - scrapers.hackernews_scraper - INFO - 故事 Ask HN: Are other people seein... 转换完成，包含 11 条评论
2026-06-18 17:00:30,916 - scrapers.hackernews_scraper - INFO - 转换第 9/15 个故事: Ask HN: Why hasn't there been ...
2026-06-18 17:00:34,324 - scrapers.hackernews_scraper - INFO - 找到 241 条评论
2026-06-18 17:00:35,306 - scrapers.hackernews_scraper - INFO - 故事 Ask HN: Why hasn't there been ... 转换完成，包含 100 条评论
2026-06-18 17:00:35,306 - scrapers.hackernews_scraper - INFO - 转换第 10/15 个故事: Ask HN: Favorite text heavy bl...
2026-06-18 17:00:36,876 - scrapers.hackernews_scraper - INFO - 找到 30 条评论
2026-06-18 17:00:36,904 - scrapers.hackernews_scraper - INFO - 故事 Ask HN: Favorite text heavy bl... 转换完成，包含 30 条评论
2026-06-18 17:00:36,905 - scrapers.hackernews_scraper - INFO - 转换第 11/15 个故事: Ask HN: What are your best Cla...
2026-06-18 17:00:38,085 - scrapers.hackernews_scraper - INFO - 找到 14 条评论
2026-06-18 17:00:38,095 - scrapers.hackernews_scraper - INFO - 故事 Ask HN: What are your best Cla... 转换完成，包含 14 条评论
2026-06-18 17:00:38,095 - scrapers.hackernews_scraper - INFO - 转换第 12/15 个故事: Ask HN: Want to build somethin...
2026-06-18 17:00:40,679 - scrapers.hackernews_scraper - INFO - 找到 18 条评论
2026-06-18 17:00:40,693 - scrapers.hackernews_scraper - INFO - 故事 Ask HN: Want to build somethin... 转换完成，包含 18 条评论
2026-06-18 17:00:40,694 - scrapers.hackernews_scraper - INFO - 转换第 13/15 个故事: Ask HN: Successful entrepreneu...
2026-06-18 17:00:42,562 - scrapers.hackernews_scraper - INFO - 找到 4 条评论
2026-06-18 17:00:42,564 - scrapers.hackernews_scraper - INFO - 故事 Ask HN: Successful entrepreneu... 转换完成，包含 4 条评论
2026-06-18 17:00:42,564 - scrapers.hackernews_scraper - INFO - 转换第 14/15 个故事: Ask HN: What Are the Trade-Off...
2026-06-18 17:00:44,514 - utils.http_utils - ERROR - 请求失败: https://news.ycombinator.com/item?id=48573153, 错误: 429 Client Error: Too Many Requests for url: https://news.ycombinator.com/item?id=48573153
2026-06-18 17:00:44,514 - scrapers.hackernews_scraper - ERROR - 获取故事详情失败: 48573153
2026-06-18 17:00:45,604 - utils.http_utils - ERROR - 请求失败: https://news.ycombinator.com/item?id=48573153, 错误: 429 Client Error: Too Many Requests for url: https://news.ycombinator.com/item?id=48573153
2026-06-18 17:00:45,604 - scrapers.hackernews_scraper - ERROR - 获取故事详情失败: 48573153
2026-06-18 17:00:45,604 - scrapers.hackernews_scraper - INFO - 故事 Ask HN: What Are the Trade-Off... 转换完成，包含 0 条评论
2026-06-18 17:00:45,604 - scrapers.hackernews_scraper - INFO - 转换第 15/15 个故事: Ask HN: Would it be useful to ...
2026-06-18 17:00:48,440 - scrapers.hackernews_scraper - INFO - 找到 23 条评论
2026-06-18 17:00:48,459 - scrapers.hackernews_scraper - INFO - 故事 Ask HN: Would it be useful to ... 转换完成，包含 23 条评论
2026-06-18 17:00:48,459 - scrapers.hackernews_scraper - INFO - 共转换 15 个故事为统一格式
2026-06-18 17:00:48,459 - scrapers.hackernews_scraper - INFO - 爬取完成，共获取 15 个Ask HN故事
2026-06-18 17:00:48,721 - utils.storage_utils - INFO - 已更新源索引: hackernews
2026-06-18 17:00:48,722 - utils.storage_utils - INFO - 数据已保存到 data/hackernews/week_2026-06-15.json
2026-06-18 17:00:48,722 - scrapers.base_scraper - INFO - 数据已保存到 data/hackernews/week_2026-06-15.json
2026-06-18 17:00:48,722 - scrapers.base_scraper - INFO - 成功爬取 Hacker News 的数据
2026-06-18 17:00:48,723 - __main__ - INFO - 完成: 1/3 个爬虫成功运行
2026-06-18 17:00:48,952 - __main__ - INFO - 归档所有源的旧数据
2026-06-18 17:00:48,952 - __main__ - INFO - 源 jandan 归档 无需归档
2026-06-18 17:00:48,952 - __main__ - INFO - 源 reddit 归档 无需归档
2026-06-18 17:00:48,952 - __main__ - INFO - 源 hackernews 归档 无需归档
