2025-12-24 16:02:12,963 - __main__ - INFO - 运行所有爬虫
2025-12-24 16:02:12,963 - scrapers.jandan_scraper - INFO - JandanScraper初始化完成
2025-12-24 16:02:12,963 - scrapers.base_scraper - INFO - 开始爬取 煎蛋网
2025-12-24 16:02:12,963 - scrapers.jandan_scraper - INFO - 开始爬取煎蛋热评
2025-12-24 16:02:15,670 - scrapers.jandan_scraper - INFO - 成功获取HTML内容，长度: 24804
2025-12-24 16:02:15,670 - scrapers.jandan_scraper - INFO - 调试: 手动获取评论 5877984 的吐槽数据
2025-12-24 16:02:15,670 - scrapers.jandan_scraper - INFO - 获取评论 5877984 的吐槽内容: https://jandan.net/api/tucao/list/5877984
2025-12-24 16:02:18,231 - scrapers.jandan_scraper - INFO - 评论 5877984 获取到 1 条热门吐槽, 3 条普通吐槽
2025-12-24 16:02:18,231 - scrapers.jandan_scraper - INFO - 调试: 评论 5877984 获取到 1 条热门吐槽, 3 条普通吐槽
2025-12-24 16:02:18,231 - scrapers.jandan_scraper - INFO - 开始解析页面中的评论
2025-12-24 16:02:18,231 - scrapers.jandan_scraper - INFO - 开始解析HTML内容, 长度: 24804
2025-12-24 16:02:18,240 - scrapers.jandan_scraper - INFO - 找到 0 条热门评论
2025-12-24 16:02:18,240 - scrapers.jandan_scraper - INFO - 解析完成，获取到 0 条评论
2025-12-24 16:02:18,240 - scrapers.jandan_scraper - INFO - 开始转换评论为统一格式
2025-12-24 16:02:18,240 - scrapers.jandan_scraper - INFO - 开始转换 0 条评论到统一格式
2025-12-24 16:02:18,240 - scrapers.jandan_scraper - INFO - 共转换 0 条评论为统一格式
2025-12-24 16:02:18,240 - scrapers.jandan_scraper - INFO - 爬取完成，共获取 0 条热评
2025-12-24 16:02:18,240 - scrapers.base_scraper - ERROR - 爬取 煎蛋网 失败
2025-12-24 16:02:18,240 - scrapers.reddit_scraper - INFO - RedditScraper初始化完成
2025-12-24 16:02:18,242 - scrapers.base_scraper - INFO - 开始爬取 Reddit
2025-12-24 16:02:18,242 - scrapers.reddit_scraper - INFO - 开始爬取Reddit r/confessions每周热门帖子
2025-12-24 16:02:21,181 - utils.http_utils - ERROR - 请求失败: https://www.reddit.com/r/confessions/top/.json?t=week&limit=10, 错误: 403 Client Error: Blocked for url: https://www.reddit.com/r/confessions/top/.json?t=week&limit=10
2025-12-24 16:02:21,183 - scrapers.reddit_scraper - ERROR - 获取API数据失败: 403 Client Error: Blocked for url: https://www.reddit.com/r/confessions/top/.json?t=week&limit=10
2025-12-24 16:02:21,183 - scrapers.base_scraper - ERROR - 爬取 Reddit 失败
2025-12-24 16:02:21,183 - scrapers.hackernews_scraper - INFO - HackerNewsScraper初始化完成
2025-12-24 16:02:21,183 - scrapers.base_scraper - INFO - 开始爬取 Hacker News
2025-12-24 16:02:21,183 - scrapers.hackernews_scraper - INFO - 开始爬取Hacker News Ask HN帖子
2025-12-24 16:02:21,184 - scrapers.hackernews_scraper - INFO - 获取Ask HN页面: https://news.ycombinator.com/ask
2025-12-24 16:02:24,392 - scrapers.hackernews_scraper - INFO - 找到 30 个帖子行
2025-12-24 16:02:24,394 - scrapers.hackernews_scraper - INFO - 成功解析故事: Ask HN: What are the best engi..., 作者=nishilpatel, 点赞=410, 评论=0
2025-12-24 16:02:24,395 - scrapers.hackernews_scraper - INFO - 成功解析故事: Ask HN: Which is the best sync..., 作者=olivieropinotti, 点赞=4, 评论=0
2025-12-24 16:02:24,395 - scrapers.hackernews_scraper - INFO - 成功解析故事: Ask HN: Anybody here ever writ..., 作者=ge96, 点赞=3, 评论=0
2025-12-24 16:02:24,396 - scrapers.hackernews_scraper - INFO - 成功解析故事: Ask HN: What did you lose fore..., 作者=postit, 点赞=12, 评论=0
2025-12-24 16:02:24,396 - scrapers.hackernews_scraper - INFO - 成功解析故事: Ask HN: My mother was scammed ..., 作者=scapbi, 点赞=128, 评论=0
2025-12-24 16:02:24,397 - scrapers.hackernews_scraper - INFO - 成功解析故事: Ask HN: Can You Patent Prompts..., 作者=rcarmo, 点赞=12, 评论=0
2025-12-24 16:02:24,397 - scrapers.hackernews_scraper - INFO - 成功解析故事: Ask HN: Those making $500/mont..., 作者=cvbox, 点赞=478, 评论=0
2025-12-24 16:02:24,398 - scrapers.hackernews_scraper - INFO - 成功解析故事: Ask HN: What are your predicti..., 作者=mfrw, 点赞=113, 评论=0
2025-12-24 16:02:24,399 - scrapers.hackernews_scraper - INFO - 成功解析故事: Ask HN: What's the most open/h..., 作者=recvonline, 点赞=15, 评论=0
2025-12-24 16:02:24,400 - scrapers.hackernews_scraper - INFO - 成功解析故事: Ask HN: What would you do if y..., 作者=johnathandos, 点赞=61, 评论=0
2025-12-24 16:02:24,400 - scrapers.hackernews_scraper - INFO - 成功解析故事: Ask HN: Resources to get bette..., 作者=sieep, 点赞=5, 评论=0
2025-12-24 16:02:24,401 - scrapers.hackernews_scraper - INFO - 成功解析故事: Ask HN: What developer tool do..., 作者=allenleee, 点赞=17, 评论=0
2025-12-24 16:02:24,401 - scrapers.hackernews_scraper - INFO - 成功解析故事: Ask HN: Does anyone understand..., 作者=jannesblobel, 点赞=169, 评论=0
2025-12-24 16:02:24,402 - scrapers.hackernews_scraper - INFO - 成功解析故事: Ask HN: Migrating old Substack..., 作者=Praddy, 点赞=2, 评论=0
2025-12-24 16:02:24,402 - scrapers.hackernews_scraper - INFO - 成功解析故事: Ask HN: How many email account..., 作者=asim, 点赞=9, 评论=0
2025-12-24 16:02:24,402 - scrapers.hackernews_scraper - INFO - 成功解析 15 个Ask HN故事
2025-12-24 16:02:24,403 - scrapers.hackernews_scraper - INFO - 开始转换 15 个故事到统一格式
2025-12-24 16:02:24,403 - scrapers.hackernews_scraper - INFO - 转换第 1/15 个故事: Ask HN: What are the best engi...
2025-12-24 16:02:26,864 - scrapers.hackernews_scraper - INFO - 找到 125 条评论
2025-12-24 16:02:27,162 - scrapers.hackernews_scraper - INFO - 故事 Ask HN: What are the best engi... 转换完成，包含 100 条评论
2025-12-24 16:02:27,162 - scrapers.hackernews_scraper - INFO - 转换第 2/15 个故事: Ask HN: Which is the best sync...
2025-12-24 16:02:30,138 - scrapers.hackernews_scraper - INFO - 找到 0 条评论
2025-12-24 16:02:30,138 - scrapers.hackernews_scraper - INFO - 故事 Ask HN: Which is the best sync... 转换完成，包含 0 条评论
2025-12-24 16:02:30,138 - scrapers.hackernews_scraper - INFO - 转换第 3/15 个故事: Ask HN: Anybody here ever writ...
2025-12-24 16:02:32,671 - scrapers.hackernews_scraper - INFO - 找到 1 条评论
2025-12-24 16:02:32,672 - scrapers.hackernews_scraper - INFO - 故事 Ask HN: Anybody here ever writ... 转换完成，包含 1 条评论
2025-12-24 16:02:32,672 - scrapers.hackernews_scraper - INFO - 转换第 4/15 个故事: Ask HN: What did you lose fore...
2025-12-24 16:02:34,619 - scrapers.hackernews_scraper - INFO - 找到 14 条评论
2025-12-24 16:02:34,629 - scrapers.hackernews_scraper - INFO - 故事 Ask HN: What did you lose fore... 转换完成，包含 14 条评论
2025-12-24 16:02:34,629 - scrapers.hackernews_scraper - INFO - 转换第 5/15 个故事: Ask HN: My mother was scammed ...
2025-12-24 16:02:36,141 - scrapers.hackernews_scraper - INFO - 找到 63 条评论
2025-12-24 16:02:36,230 - scrapers.hackernews_scraper - INFO - 故事 Ask HN: My mother was scammed ... 转换完成，包含 63 条评论
2025-12-24 16:02:36,230 - scrapers.hackernews_scraper - INFO - 转换第 6/15 个故事: Ask HN: Can You Patent Prompts...
2025-12-24 16:02:37,418 - scrapers.hackernews_scraper - INFO - 找到 17 条评论
2025-12-24 16:02:37,431 - scrapers.hackernews_scraper - INFO - 故事 Ask HN: Can You Patent Prompts... 转换完成，包含 17 条评论
2025-12-24 16:02:37,431 - scrapers.hackernews_scraper - INFO - 转换第 7/15 个故事: Ask HN: Those making $500/mont...
2025-12-24 16:02:40,419 - scrapers.hackernews_scraper - INFO - 找到 553 条评论
2025-12-24 16:02:45,427 - scrapers.hackernews_scraper - INFO - 故事 Ask HN: Those making $500/mont... 转换完成，包含 100 条评论
2025-12-24 16:02:45,428 - scrapers.hackernews_scraper - INFO - 转换第 8/15 个故事: Ask HN: What are your predicti...
2025-12-24 16:02:49,029 - scrapers.hackernews_scraper - INFO - 找到 199 条评论
2025-12-24 16:02:49,891 - scrapers.hackernews_scraper - INFO - 故事 Ask HN: What are your predicti... 转换完成，包含 100 条评论
2025-12-24 16:02:49,891 - scrapers.hackernews_scraper - INFO - 转换第 9/15 个故事: Ask HN: What's the most open/h...
2025-12-24 16:02:52,231 - scrapers.hackernews_scraper - INFO - 找到 5 条评论
2025-12-24 16:02:52,234 - scrapers.hackernews_scraper - INFO - 故事 Ask HN: What's the most open/h... 转换完成，包含 5 条评论
2025-12-24 16:02:52,234 - scrapers.hackernews_scraper - INFO - 转换第 10/15 个故事: Ask HN: What would you do if y...
2025-12-24 16:02:55,058 - scrapers.hackernews_scraper - INFO - 找到 138 条评论
2025-12-24 16:02:55,424 - scrapers.hackernews_scraper - INFO - 故事 Ask HN: What would you do if y... 转换完成，包含 100 条评论
2025-12-24 16:02:55,424 - scrapers.hackernews_scraper - INFO - 转换第 11/15 个故事: Ask HN: Resources to get bette...
2025-12-24 16:02:57,588 - scrapers.hackernews_scraper - INFO - 找到 4 条评论
2025-12-24 16:02:57,590 - scrapers.hackernews_scraper - INFO - 故事 Ask HN: Resources to get bette... 转换完成，包含 4 条评论
2025-12-24 16:02:57,590 - scrapers.hackernews_scraper - INFO - 转换第 12/15 个故事: Ask HN: What developer tool do...
2025-12-24 16:03:00,147 - scrapers.hackernews_scraper - INFO - 找到 16 条评论
2025-12-24 16:03:00,159 - scrapers.hackernews_scraper - INFO - 故事 Ask HN: What developer tool do... 转换完成，包含 16 条评论
2025-12-24 16:03:00,159 - scrapers.hackernews_scraper - INFO - 转换第 13/15 个故事: Ask HN: Does anyone understand...
2025-12-24 16:03:03,355 - scrapers.hackernews_scraper - INFO - 找到 230 条评论
2025-12-24 16:03:04,287 - scrapers.hackernews_scraper - INFO - 故事 Ask HN: Does anyone understand... 转换完成，包含 100 条评论
2025-12-24 16:03:04,287 - scrapers.hackernews_scraper - INFO - 转换第 14/15 个故事: Ask HN: Migrating old Substack...
2025-12-24 16:03:06,621 - scrapers.hackernews_scraper - INFO - 找到 1 条评论
2025-12-24 16:03:06,622 - scrapers.hackernews_scraper - INFO - 故事 Ask HN: Migrating old Substack... 转换完成，包含 1 条评论
2025-12-24 16:03:06,622 - scrapers.hackernews_scraper - INFO - 转换第 15/15 个故事: Ask HN: How many email account...
2025-12-24 16:03:09,225 - scrapers.hackernews_scraper - INFO - 找到 10 条评论
2025-12-24 16:03:09,232 - scrapers.hackernews_scraper - INFO - 故事 Ask HN: How many email account... 转换完成，包含 10 条评论
2025-12-24 16:03:09,232 - scrapers.hackernews_scraper - INFO - 共转换 15 个故事为统一格式
2025-12-24 16:03:09,232 - scrapers.hackernews_scraper - INFO - 爬取完成，共获取 15 个Ask HN故事
2025-12-24 16:03:09,712 - utils.storage_utils - INFO - 已更新源索引: hackernews
2025-12-24 16:03:09,714 - utils.storage_utils - INFO - 数据已保存到 data/hackernews/week_2025-12-22.json
2025-12-24 16:03:09,716 - scrapers.base_scraper - INFO - 数据已保存到 data/hackernews/week_2025-12-22.json
2025-12-24 16:03:09,716 - scrapers.base_scraper - INFO - 成功爬取 Hacker News 的数据
2025-12-24 16:03:09,717 - __main__ - INFO - 完成: 1/3 个爬虫成功运行
2025-12-24 16:03:09,933 - __main__ - INFO - 归档所有源的旧数据
2025-12-24 16:03:09,934 - __main__ - INFO - 源 jandan 归档 无需归档
2025-12-24 16:03:09,934 - __main__ - INFO - 源 reddit 归档 无需归档
2025-12-24 16:03:09,934 - __main__ - INFO - 源 hackernews 归档 无需归档
