2026-01-31 16:02:14,750 - __main__ - INFO - 运行所有爬虫
2026-01-31 16:02:14,750 - scrapers.jandan_scraper - INFO - JandanScraper初始化完成
2026-01-31 16:02:14,751 - scrapers.base_scraper - INFO - 开始爬取 煎蛋网
2026-01-31 16:02:14,751 - scrapers.jandan_scraper - INFO - 开始爬取煎蛋热评
2026-01-31 16:02:18,142 - scrapers.jandan_scraper - INFO - 成功获取HTML内容，长度: 25648
2026-01-31 16:02:18,142 - scrapers.jandan_scraper - INFO - 调试: 手动获取评论 5877984 的吐槽数据
2026-01-31 16:02:18,142 - scrapers.jandan_scraper - INFO - 获取评论 5877984 的吐槽内容: https://jandan.net/api/tucao/list/5877984
2026-01-31 16:02:20,720 - scrapers.jandan_scraper - INFO - 评论 5877984 获取到 1 条热门吐槽, 3 条普通吐槽
2026-01-31 16:02:20,720 - scrapers.jandan_scraper - INFO - 调试: 评论 5877984 获取到 1 条热门吐槽, 3 条普通吐槽
2026-01-31 16:02:20,720 - scrapers.jandan_scraper - INFO - 开始解析页面中的评论
2026-01-31 16:02:20,720 - scrapers.jandan_scraper - INFO - 开始解析HTML内容, 长度: 25648
2026-01-31 16:02:20,729 - scrapers.jandan_scraper - INFO - 找到 0 条热门评论
2026-01-31 16:02:20,729 - scrapers.jandan_scraper - INFO - 解析完成，获取到 0 条评论
2026-01-31 16:02:20,729 - scrapers.jandan_scraper - INFO - 开始转换评论为统一格式
2026-01-31 16:02:20,729 - scrapers.jandan_scraper - INFO - 开始转换 0 条评论到统一格式
2026-01-31 16:02:20,729 - scrapers.jandan_scraper - INFO - 共转换 0 条评论为统一格式
2026-01-31 16:02:20,729 - scrapers.jandan_scraper - INFO - 爬取完成，共获取 0 条热评
2026-01-31 16:02:20,729 - scrapers.base_scraper - ERROR - 爬取 煎蛋网 失败
2026-01-31 16:02:20,729 - scrapers.reddit_scraper - INFO - RedditScraper初始化完成
2026-01-31 16:02:20,730 - scrapers.base_scraper - INFO - 开始爬取 Reddit
2026-01-31 16:02:20,731 - scrapers.reddit_scraper - INFO - 开始爬取Reddit r/confessions每周热门帖子
2026-01-31 16:02:22,417 - utils.http_utils - ERROR - 请求失败: https://www.reddit.com/r/confessions/top/.json?t=week&limit=10, 错误: 403 Client Error: Blocked for url: https://www.reddit.com/r/confessions/top/.json?t=week&limit=10
2026-01-31 16:02:22,418 - scrapers.reddit_scraper - ERROR - 获取API数据失败: 403 Client Error: Blocked for url: https://www.reddit.com/r/confessions/top/.json?t=week&limit=10
2026-01-31 16:02:22,418 - scrapers.base_scraper - ERROR - 爬取 Reddit 失败
2026-01-31 16:02:22,418 - scrapers.hackernews_scraper - INFO - HackerNewsScraper初始化完成
2026-01-31 16:02:22,419 - scrapers.base_scraper - INFO - 开始爬取 Hacker News
2026-01-31 16:02:22,419 - scrapers.hackernews_scraper - INFO - 开始爬取Hacker News Ask HN帖子
2026-01-31 16:02:22,419 - scrapers.hackernews_scraper - INFO - 获取Ask HN页面: https://news.ycombinator.com/ask
2026-01-31 16:02:24,172 - scrapers.hackernews_scraper - INFO - 找到 30 个帖子行
2026-01-31 16:02:24,174 - scrapers.hackernews_scraper - INFO - 成功解析故事: Ask HN: Do you also "hoard" no..., 作者=item007, 点赞=204, 评论=0
2026-01-31 16:02:24,174 - scrapers.hackernews_scraper - INFO - 成功解析故事: Ask HN: Notification Overload..., 作者=fractal618, 点赞=41, 评论=0
2026-01-31 16:02:24,175 - scrapers.hackernews_scraper - INFO - 成功解析故事: Ask HN: Junior getting lost..., 作者=TheRegularOne, 点赞=44, 评论=0
2026-01-31 16:02:24,176 - scrapers.hackernews_scraper - INFO - 成功解析故事: Ask HN: Is understanding code ..., 作者=mikaelaast, 点赞=11, 评论=0
2026-01-31 16:02:24,176 - scrapers.hackernews_scraper - INFO - 成功解析故事: Ask HN: How do you reset an Ap..., 作者=OhMeadhbh, 点赞=10, 评论=0
2026-01-31 16:02:24,177 - scrapers.hackernews_scraper - INFO - 成功解析故事: Ask HN: How do you market a si..., 作者=ruairidhwm, 点赞=10, 评论=0
2026-01-31 16:02:24,177 - scrapers.hackernews_scraper - INFO - 成功解析故事: Ask HN: Who do you follow via ..., 作者=znpy, 点赞=71, 评论=0
2026-01-31 16:02:24,178 - scrapers.hackernews_scraper - INFO - 成功解析故事: Ask HN: Books to learn 6502 AS..., 作者=abkt, 点赞=102, 评论=0
2026-01-31 16:02:24,179 - scrapers.hackernews_scraper - INFO - 成功解析故事: Ask HN: Should a software engi..., 作者=c_daeda, 点赞=3, 评论=0
2026-01-31 16:02:24,179 - scrapers.hackernews_scraper - INFO - 成功解析故事: Ask HN: DDD was a great debugg..., 作者=manux81, 点赞=56, 评论=0
2026-01-31 16:02:24,180 - scrapers.hackernews_scraper - INFO - 成功解析故事: Ask HN: Ergo wireless keyboard..., 作者=MarcelOlsz, 点赞=4, 评论=0
2026-01-31 16:02:24,181 - scrapers.hackernews_scraper - INFO - 成功解析故事: Ask HN: How are you managing s..., 作者=m-hodges, 点赞=2, 评论=0
2026-01-31 16:02:24,181 - scrapers.hackernews_scraper - INFO - 成功解析故事: Ask HN: Is free identity theft..., 作者=daoboy, 点赞=2, 评论=0
2026-01-31 16:02:24,182 - scrapers.hackernews_scraper - INFO - 成功解析故事: Ask HN: How do you force yours..., 作者=glidea, 点赞=4, 评论=0
2026-01-31 16:02:24,183 - scrapers.hackernews_scraper - INFO - 成功解析故事: Ask HN: Is archive.is currentl..., 作者=bigwheels, 点赞=7, 评论=0
2026-01-31 16:02:24,183 - scrapers.hackernews_scraper - INFO - 成功解析 15 个Ask HN故事
2026-01-31 16:02:24,183 - scrapers.hackernews_scraper - INFO - 开始转换 15 个故事到统一格式
2026-01-31 16:02:24,183 - scrapers.hackernews_scraper - INFO - 转换第 1/15 个故事: Ask HN: Do you also "hoard" no...
2026-01-31 16:02:27,181 - scrapers.hackernews_scraper - INFO - 找到 178 条评论
2026-01-31 16:02:27,749 - scrapers.hackernews_scraper - INFO - 故事 Ask HN: Do you also "hoard" no... 转换完成，包含 100 条评论
2026-01-31 16:02:27,749 - scrapers.hackernews_scraper - INFO - 转换第 2/15 个故事: Ask HN: Notification Overload...
2026-01-31 16:02:29,594 - scrapers.hackernews_scraper - INFO - 找到 74 条评论
2026-01-31 16:02:29,713 - scrapers.hackernews_scraper - INFO - 故事 Ask HN: Notification Overload... 转换完成，包含 74 条评论
2026-01-31 16:02:29,714 - scrapers.hackernews_scraper - INFO - 转换第 3/15 个故事: Ask HN: Junior getting lost...
2026-01-31 16:02:32,271 - scrapers.hackernews_scraper - INFO - 找到 35 条评论
2026-01-31 16:02:32,308 - scrapers.hackernews_scraper - INFO - 故事 Ask HN: Junior getting lost... 转换完成，包含 35 条评论
2026-01-31 16:02:32,308 - scrapers.hackernews_scraper - INFO - 转换第 4/15 个故事: Ask HN: Is understanding code ...
2026-01-31 16:02:33,756 - scrapers.hackernews_scraper - INFO - 找到 13 条评论
2026-01-31 16:02:33,766 - scrapers.hackernews_scraper - INFO - 故事 Ask HN: Is understanding code ... 转换完成，包含 13 条评论
2026-01-31 16:02:33,766 - scrapers.hackernews_scraper - INFO - 转换第 5/15 个故事: Ask HN: How do you reset an Ap...
2026-01-31 16:02:35,648 - scrapers.hackernews_scraper - INFO - 找到 24 条评论
2026-01-31 16:02:35,669 - scrapers.hackernews_scraper - INFO - 故事 Ask HN: How do you reset an Ap... 转换完成，包含 24 条评论
2026-01-31 16:02:35,669 - scrapers.hackernews_scraper - INFO - 转换第 6/15 个故事: Ask HN: How do you market a si...
2026-01-31 16:02:36,925 - scrapers.hackernews_scraper - INFO - 找到 7 条评论
2026-01-31 16:02:36,929 - scrapers.hackernews_scraper - INFO - 故事 Ask HN: How do you market a si... 转换完成，包含 7 条评论
2026-01-31 16:02:36,929 - scrapers.hackernews_scraper - INFO - 转换第 7/15 个故事: Ask HN: Who do you follow via ...
2026-01-31 16:02:39,845 - scrapers.hackernews_scraper - INFO - 找到 53 条评论
2026-01-31 16:02:39,916 - scrapers.hackernews_scraper - INFO - 故事 Ask HN: Who do you follow via ... 转换完成，包含 53 条评论
2026-01-31 16:02:39,916 - scrapers.hackernews_scraper - INFO - 转换第 8/15 个故事: Ask HN: Books to learn 6502 AS...
2026-01-31 16:02:42,567 - scrapers.hackernews_scraper - INFO - 找到 69 条评论
2026-01-31 16:02:42,676 - scrapers.hackernews_scraper - INFO - 故事 Ask HN: Books to learn 6502 AS... 转换完成，包含 69 条评论
2026-01-31 16:02:42,676 - scrapers.hackernews_scraper - INFO - 转换第 9/15 个故事: Ask HN: Should a software engi...
2026-01-31 16:02:43,740 - scrapers.hackernews_scraper - INFO - 找到 1 条评论
2026-01-31 16:02:43,741 - scrapers.hackernews_scraper - INFO - 故事 Ask HN: Should a software engi... 转换完成，包含 1 条评论
2026-01-31 16:02:43,741 - scrapers.hackernews_scraper - INFO - 转换第 10/15 个故事: Ask HN: DDD was a great debugg...
2026-01-31 16:02:45,654 - scrapers.hackernews_scraper - INFO - 找到 60 条评论
2026-01-31 16:02:45,739 - scrapers.hackernews_scraper - INFO - 故事 Ask HN: DDD was a great debugg... 转换完成，包含 60 条评论
2026-01-31 16:02:45,739 - scrapers.hackernews_scraper - INFO - 转换第 11/15 个故事: Ask HN: Ergo wireless keyboard...
2026-01-31 16:02:47,696 - scrapers.hackernews_scraper - INFO - 找到 3 条评论
2026-01-31 16:02:47,698 - scrapers.hackernews_scraper - INFO - 故事 Ask HN: Ergo wireless keyboard... 转换完成，包含 3 条评论
2026-01-31 16:02:47,698 - scrapers.hackernews_scraper - INFO - 转换第 12/15 个故事: Ask HN: How are you managing s...
2026-01-31 16:02:49,299 - scrapers.hackernews_scraper - INFO - 找到 3 条评论
2026-01-31 16:02:49,301 - scrapers.hackernews_scraper - INFO - 故事 Ask HN: How are you managing s... 转换完成，包含 3 条评论
2026-01-31 16:02:49,301 - scrapers.hackernews_scraper - INFO - 转换第 13/15 个故事: Ask HN: Is free identity theft...
2026-01-31 16:02:51,386 - scrapers.hackernews_scraper - INFO - 找到 1 条评论
2026-01-31 16:02:51,386 - scrapers.hackernews_scraper - INFO - 故事 Ask HN: Is free identity theft... 转换完成，包含 1 条评论
2026-01-31 16:02:51,386 - scrapers.hackernews_scraper - INFO - 转换第 14/15 个故事: Ask HN: How do you force yours...
2026-01-31 16:02:54,151 - scrapers.hackernews_scraper - INFO - 找到 12 条评论
2026-01-31 16:02:54,159 - scrapers.hackernews_scraper - INFO - 故事 Ask HN: How do you force yours... 转换完成，包含 12 条评论
2026-01-31 16:02:54,159 - scrapers.hackernews_scraper - INFO - 转换第 15/15 个故事: Ask HN: Is archive.is currentl...
2026-01-31 16:02:56,145 - scrapers.hackernews_scraper - INFO - 找到 3 条评论
2026-01-31 16:02:56,147 - scrapers.hackernews_scraper - INFO - 故事 Ask HN: Is archive.is currentl... 转换完成，包含 3 条评论
2026-01-31 16:02:56,147 - scrapers.hackernews_scraper - INFO - 共转换 15 个故事为统一格式
2026-01-31 16:02:56,147 - scrapers.hackernews_scraper - INFO - 爬取完成，共获取 15 个Ask HN故事
2026-01-31 16:02:56,740 - utils.storage_utils - INFO - 已更新源索引: hackernews
2026-01-31 16:02:56,743 - utils.storage_utils - INFO - 数据已保存到 data/hackernews/week_2026-01-26.json
2026-01-31 16:02:56,745 - scrapers.base_scraper - INFO - 数据已保存到 data/hackernews/week_2026-01-26.json
2026-01-31 16:02:56,745 - scrapers.base_scraper - INFO - 成功爬取 Hacker News 的数据
2026-01-31 16:02:56,746 - __main__ - INFO - 完成: 1/3 个爬虫成功运行
2026-01-31 16:02:56,964 - __main__ - INFO - 归档所有源的旧数据
2026-01-31 16:02:56,964 - __main__ - INFO - 源 jandan 归档 无需归档
2026-01-31 16:02:56,964 - __main__ - INFO - 源 reddit 归档 无需归档
2026-01-31 16:02:56,965 - __main__ - INFO - 源 hackernews 归档 无需归档
