2025-07-02 16:01:52,844 - __main__ - INFO - 运行所有爬虫
2025-07-02 16:01:52,844 - scrapers.jandan_scraper - INFO - JandanScraper初始化完成
2025-07-02 16:01:52,844 - scrapers.base_scraper - INFO - 开始爬取 煎蛋网
2025-07-02 16:01:52,844 - scrapers.jandan_scraper - INFO - 开始爬取煎蛋热评
2025-07-02 16:01:56,882 - scrapers.jandan_scraper - INFO - 成功获取HTML内容，长度: 26153
2025-07-02 16:01:56,882 - scrapers.jandan_scraper - INFO - 调试: 手动获取评论 5877984 的吐槽数据
2025-07-02 16:01:56,882 - scrapers.jandan_scraper - INFO - 获取评论 5877984 的吐槽内容: https://jandan.net/api/tucao/list/5877984
2025-07-02 16:01:59,611 - scrapers.jandan_scraper - INFO - 评论 5877984 获取到 1 条热门吐槽, 3 条普通吐槽
2025-07-02 16:01:59,612 - scrapers.jandan_scraper - INFO - 调试: 评论 5877984 获取到 1 条热门吐槽, 3 条普通吐槽
2025-07-02 16:01:59,612 - scrapers.jandan_scraper - INFO - 开始解析页面中的评论
2025-07-02 16:01:59,612 - scrapers.jandan_scraper - INFO - 开始解析HTML内容, 长度: 26153
2025-07-02 16:01:59,621 - scrapers.jandan_scraper - INFO - 找到 0 条热门评论
2025-07-02 16:01:59,621 - scrapers.jandan_scraper - INFO - 解析完成，获取到 0 条评论
2025-07-02 16:01:59,621 - scrapers.jandan_scraper - INFO - 开始转换评论为统一格式
2025-07-02 16:01:59,621 - scrapers.jandan_scraper - INFO - 开始转换 0 条评论到统一格式
2025-07-02 16:01:59,621 - scrapers.jandan_scraper - INFO - 共转换 0 条评论为统一格式
2025-07-02 16:01:59,621 - scrapers.jandan_scraper - INFO - 爬取完成，共获取 0 条热评
2025-07-02 16:01:59,621 - scrapers.base_scraper - ERROR - 爬取 煎蛋网 失败
2025-07-02 16:01:59,621 - scrapers.reddit_scraper - INFO - RedditScraper初始化完成
2025-07-02 16:01:59,622 - scrapers.base_scraper - INFO - 开始爬取 Reddit
2025-07-02 16:01:59,622 - scrapers.reddit_scraper - INFO - 开始爬取Reddit r/confessions每周热门帖子
2025-07-02 16:02:02,472 - utils.http_utils - ERROR - 请求失败: https://www.reddit.com/r/confessions/top/.json?t=week&limit=10, 错误: 403 Client Error: Blocked for url: https://www.reddit.com/r/confessions/top/.json?t=week&limit=10
2025-07-02 16:02:02,472 - scrapers.reddit_scraper - ERROR - 获取API数据失败: 403 Client Error: Blocked for url: https://www.reddit.com/r/confessions/top/.json?t=week&limit=10
2025-07-02 16:02:02,472 - scrapers.base_scraper - ERROR - 爬取 Reddit 失败
2025-07-02 16:02:02,473 - scrapers.hackernews_scraper - INFO - HackerNewsScraper初始化完成
2025-07-02 16:02:02,473 - scrapers.base_scraper - INFO - 开始爬取 Hacker News
2025-07-02 16:02:02,473 - scrapers.hackernews_scraper - INFO - 开始爬取Hacker News Ask HN帖子
2025-07-02 16:02:02,473 - scrapers.hackernews_scraper - INFO - 获取Ask HN页面: https://news.ycombinator.com/ask
2025-07-02 16:02:03,994 - scrapers.hackernews_scraper - INFO - 找到 30 个帖子行
2025-07-02 16:02:03,996 - scrapers.hackernews_scraper - INFO - 成功解析故事: Ask HN: Who is hiring? (July 2..., 作者=whoishiring, 点赞=260, 评论=0
2025-07-02 16:02:03,996 - scrapers.hackernews_scraper - INFO - 成功解析故事: Ask HN: Who wants to be hired?..., 作者=whoishiring, 点赞=124, 评论=0
2025-07-02 16:02:03,997 - scrapers.hackernews_scraper - INFO - 成功解析故事: Ask HN: Freelancer? Seeking fr..., 作者=whoishiring, 点赞=80, 评论=0
2025-07-02 16:02:03,997 - scrapers.hackernews_scraper - INFO - 成功解析故事: Ask HN: Are AI Copilots Erodin..., 作者=buscoideais, 点赞=2, 评论=0
2025-07-02 16:02:03,998 - scrapers.hackernews_scraper - INFO - 成功解析故事: Ask HN: Why there is no demand..., 作者=drvroom, 点赞=24, 评论=0
2025-07-02 16:02:03,998 - scrapers.hackernews_scraper - INFO - 成功解析故事: Ask HN: Would limiting game si..., 作者=amichail, 点赞=3, 评论=0
2025-07-02 16:02:03,999 - scrapers.hackernews_scraper - INFO - 成功解析故事: Ask HN: What Are You Working O..., 作者=david927, 点赞=420, 评论=0
2025-07-02 16:02:03,999 - scrapers.hackernews_scraper - INFO - 成功解析故事: Ask HN: What's the 2025 stack ..., 作者=jamesxv7, 点赞=221, 评论=0
2025-07-02 16:02:04,000 - scrapers.hackernews_scraper - INFO - 成功解析故事: Ask HN: How to Block Spam Mail..., 作者=mpaepper, 点赞=2, 评论=0
2025-07-02 16:02:04,000 - scrapers.hackernews_scraper - INFO - 成功解析故事: Ask HN: Any updates on what is..., 作者=WolfOliver, 点赞=6, 评论=0
2025-07-02 16:02:04,001 - scrapers.hackernews_scraper - INFO - 成功解析故事: Ask HN: Anyone is an "AI Engin..., 作者=akudha, 点赞=12, 评论=0
2025-07-02 16:02:04,001 - scrapers.hackernews_scraper - INFO - 成功解析故事: Ask HN: Which skill do you bel..., 作者=atleastoptimal, 点赞=11, 评论=0
2025-07-02 16:02:04,002 - scrapers.hackernews_scraper - INFO - 成功解析故事: Ask HN: How have you shared co..., 作者=msencenb, 点赞=17, 评论=0
2025-07-02 16:02:04,002 - scrapers.hackernews_scraper - INFO - 成功解析故事: Ask HN: How do I open up my si..., 作者=picolas, 点赞=6, 评论=0
2025-07-02 16:02:04,003 - scrapers.hackernews_scraper - INFO - 成功解析故事: Ask HN: How did low contrast t..., 作者=mr-pink, 点赞=21, 评论=0
2025-07-02 16:02:04,003 - scrapers.hackernews_scraper - INFO - 成功解析 15 个Ask HN故事
2025-07-02 16:02:04,003 - scrapers.hackernews_scraper - INFO - 开始转换 15 个故事到统一格式
2025-07-02 16:02:04,003 - scrapers.hackernews_scraper - INFO - 转换第 1/15 个故事: Ask HN: Who is hiring? (July 2...
2025-07-02 16:02:06,258 - scrapers.hackernews_scraper - INFO - 找到 295 条评论
2025-07-02 16:02:08,163 - scrapers.hackernews_scraper - INFO - 故事 Ask HN: Who is hiring? (July 2... 转换完成，包含 100 条评论
2025-07-02 16:02:08,163 - scrapers.hackernews_scraper - INFO - 转换第 2/15 个故事: Ask HN: Who wants to be hired?...
2025-07-02 16:02:11,611 - scrapers.hackernews_scraper - INFO - 找到 266 条评论
2025-07-02 16:02:13,162 - scrapers.hackernews_scraper - INFO - 故事 Ask HN: Who wants to be hired?... 转换完成，包含 100 条评论
2025-07-02 16:02:13,162 - scrapers.hackernews_scraper - INFO - 转换第 3/15 个故事: Ask HN: Freelancer? Seeking fr...
2025-07-02 16:02:15,688 - scrapers.hackernews_scraper - INFO - 找到 151 条评论
2025-07-02 16:02:16,213 - scrapers.hackernews_scraper - INFO - 故事 Ask HN: Freelancer? Seeking fr... 转换完成，包含 100 条评论
2025-07-02 16:02:16,213 - scrapers.hackernews_scraper - INFO - 转换第 4/15 个故事: Ask HN: Are AI Copilots Erodin...
2025-07-02 16:02:17,635 - scrapers.hackernews_scraper - INFO - 找到 3 条评论
2025-07-02 16:02:17,637 - scrapers.hackernews_scraper - INFO - 故事 Ask HN: Are AI Copilots Erodin... 转换完成，包含 3 条评论
2025-07-02 16:02:17,637 - scrapers.hackernews_scraper - INFO - 转换第 5/15 个故事: Ask HN: Why there is no demand...
2025-07-02 16:02:19,742 - scrapers.hackernews_scraper - INFO - 找到 24 条评论
2025-07-02 16:02:19,764 - scrapers.hackernews_scraper - INFO - 故事 Ask HN: Why there is no demand... 转换完成，包含 24 条评论
2025-07-02 16:02:19,764 - scrapers.hackernews_scraper - INFO - 转换第 6/15 个故事: Ask HN: Would limiting game si...
2025-07-02 16:02:22,445 - scrapers.hackernews_scraper - INFO - 找到 3 条评论
2025-07-02 16:02:22,446 - scrapers.hackernews_scraper - INFO - 故事 Ask HN: Would limiting game si... 转换完成，包含 3 条评论
2025-07-02 16:02:22,447 - scrapers.hackernews_scraper - INFO - 转换第 7/15 个故事: Ask HN: What Are You Working O...
2025-07-02 16:02:30,366 - scrapers.hackernews_scraper - INFO - 找到 1336 条评论
2025-07-02 16:03:05,430 - scrapers.hackernews_scraper - INFO - 故事 Ask HN: What Are You Working O... 转换完成，包含 100 条评论
2025-07-02 16:03:05,430 - scrapers.hackernews_scraper - INFO - 转换第 8/15 个故事: Ask HN: What's the 2025 stack ...
2025-07-02 16:03:07,253 - scrapers.hackernews_scraper - INFO - 找到 116 条评论
2025-07-02 16:03:07,512 - scrapers.hackernews_scraper - INFO - 故事 Ask HN: What's the 2025 stack ... 转换完成，包含 100 条评论
2025-07-02 16:03:07,512 - scrapers.hackernews_scraper - INFO - 转换第 9/15 个故事: Ask HN: How to Block Spam Mail...
2025-07-02 16:03:08,617 - scrapers.hackernews_scraper - INFO - 找到 7 条评论
2025-07-02 16:03:08,621 - scrapers.hackernews_scraper - INFO - 故事 Ask HN: How to Block Spam Mail... 转换完成，包含 7 条评论
2025-07-02 16:03:08,622 - scrapers.hackernews_scraper - INFO - 转换第 10/15 个故事: Ask HN: Any updates on what is...
2025-07-02 16:03:10,125 - scrapers.hackernews_scraper - INFO - 找到 0 条评论
2025-07-02 16:03:10,125 - scrapers.hackernews_scraper - INFO - 故事 Ask HN: Any updates on what is... 转换完成，包含 0 条评论
2025-07-02 16:03:10,125 - scrapers.hackernews_scraper - INFO - 转换第 11/15 个故事: Ask HN: Anyone is an "AI Engin...
2025-07-02 16:03:11,176 - scrapers.hackernews_scraper - INFO - 找到 7 条评论
2025-07-02 16:03:11,181 - scrapers.hackernews_scraper - INFO - 故事 Ask HN: Anyone is an "AI Engin... 转换完成，包含 7 条评论
2025-07-02 16:03:11,181 - scrapers.hackernews_scraper - INFO - 转换第 12/15 个故事: Ask HN: Which skill do you bel...
2025-07-02 16:03:12,443 - scrapers.hackernews_scraper - INFO - 找到 38 条评论
2025-07-02 16:03:12,487 - scrapers.hackernews_scraper - INFO - 故事 Ask HN: Which skill do you bel... 转换完成，包含 38 条评论
2025-07-02 16:03:12,487 - scrapers.hackernews_scraper - INFO - 转换第 13/15 个故事: Ask HN: How have you shared co...
2025-07-02 16:03:14,413 - scrapers.hackernews_scraper - INFO - 找到 13 条评论
2025-07-02 16:03:14,422 - scrapers.hackernews_scraper - INFO - 故事 Ask HN: How have you shared co... 转换完成，包含 13 条评论
2025-07-02 16:03:14,423 - scrapers.hackernews_scraper - INFO - 转换第 14/15 个故事: Ask HN: How do I open up my si...
2025-07-02 16:03:15,915 - scrapers.hackernews_scraper - INFO - 找到 11 条评论
2025-07-02 16:03:15,922 - scrapers.hackernews_scraper - INFO - 故事 Ask HN: How do I open up my si... 转换完成，包含 11 条评论
2025-07-02 16:03:15,922 - scrapers.hackernews_scraper - INFO - 转换第 15/15 个故事: Ask HN: How did low contrast t...
2025-07-02 16:03:17,383 - scrapers.hackernews_scraper - INFO - 找到 22 条评论
2025-07-02 16:03:17,402 - scrapers.hackernews_scraper - INFO - 故事 Ask HN: How did low contrast t... 转换完成，包含 22 条评论
2025-07-02 16:03:17,402 - scrapers.hackernews_scraper - INFO - 共转换 15 个故事为统一格式
2025-07-02 16:03:17,402 - scrapers.hackernews_scraper - INFO - 爬取完成，共获取 15 个Ask HN故事
2025-07-02 16:03:17,871 - utils.storage_utils - INFO - 已更新源索引: hackernews
2025-07-02 16:03:17,873 - utils.storage_utils - INFO - 数据已保存到 data/hackernews/week_2025-06-30.json
2025-07-02 16:03:17,874 - scrapers.base_scraper - INFO - 数据已保存到 data/hackernews/week_2025-06-30.json
2025-07-02 16:03:17,874 - scrapers.base_scraper - INFO - 成功爬取 Hacker News 的数据
2025-07-02 16:03:17,874 - __main__ - INFO - 完成: 1/3 个爬虫成功运行
2025-07-02 16:03:18,127 - __main__ - INFO - 归档所有源的旧数据
2025-07-02 16:03:18,128 - __main__ - INFO - 源 jandan 归档 无需归档
2025-07-02 16:03:18,128 - __main__ - INFO - 源 reddit 归档 无需归档
2025-07-02 16:03:18,128 - __main__ - INFO - 源 hackernews 归档 无需归档
