2025-08-08 16:01:44,366 - __main__ - INFO - 运行所有爬虫
2025-08-08 16:01:44,366 - scrapers.jandan_scraper - INFO - JandanScraper初始化完成
2025-08-08 16:01:44,366 - scrapers.base_scraper - INFO - 开始爬取 煎蛋网
2025-08-08 16:01:44,366 - scrapers.jandan_scraper - INFO - 开始爬取煎蛋热评
2025-08-08 16:01:47,823 - scrapers.jandan_scraper - INFO - 成功获取HTML内容，长度: 24792
2025-08-08 16:01:47,823 - scrapers.jandan_scraper - INFO - 调试: 手动获取评论 5877984 的吐槽数据
2025-08-08 16:01:47,823 - scrapers.jandan_scraper - INFO - 获取评论 5877984 的吐槽内容: https://jandan.net/api/tucao/list/5877984
2025-08-08 16:01:50,075 - scrapers.jandan_scraper - INFO - 评论 5877984 获取到 1 条热门吐槽, 3 条普通吐槽
2025-08-08 16:01:50,075 - scrapers.jandan_scraper - INFO - 调试: 评论 5877984 获取到 1 条热门吐槽, 3 条普通吐槽
2025-08-08 16:01:50,075 - scrapers.jandan_scraper - INFO - 开始解析页面中的评论
2025-08-08 16:01:50,076 - scrapers.jandan_scraper - INFO - 开始解析HTML内容, 长度: 24792
2025-08-08 16:01:50,084 - scrapers.jandan_scraper - INFO - 找到 0 条热门评论
2025-08-08 16:01:50,084 - scrapers.jandan_scraper - INFO - 解析完成，获取到 0 条评论
2025-08-08 16:01:50,084 - scrapers.jandan_scraper - INFO - 开始转换评论为统一格式
2025-08-08 16:01:50,084 - scrapers.jandan_scraper - INFO - 开始转换 0 条评论到统一格式
2025-08-08 16:01:50,084 - scrapers.jandan_scraper - INFO - 共转换 0 条评论为统一格式
2025-08-08 16:01:50,084 - scrapers.jandan_scraper - INFO - 爬取完成，共获取 0 条热评
2025-08-08 16:01:50,084 - scrapers.base_scraper - ERROR - 爬取 煎蛋网 失败
2025-08-08 16:01:50,084 - scrapers.reddit_scraper - INFO - RedditScraper初始化完成
2025-08-08 16:01:50,085 - scrapers.base_scraper - INFO - 开始爬取 Reddit
2025-08-08 16:01:50,085 - scrapers.reddit_scraper - INFO - 开始爬取Reddit r/confessions每周热门帖子
2025-08-08 16:01:52,818 - utils.http_utils - ERROR - 请求失败: https://www.reddit.com/r/confessions/top/.json?t=week&limit=10, 错误: 403 Client Error: Blocked for url: https://www.reddit.com/r/confessions/top/.json?t=week&limit=10
2025-08-08 16:01:52,818 - scrapers.reddit_scraper - ERROR - 获取API数据失败: 403 Client Error: Blocked for url: https://www.reddit.com/r/confessions/top/.json?t=week&limit=10
2025-08-08 16:01:52,818 - scrapers.base_scraper - ERROR - 爬取 Reddit 失败
2025-08-08 16:01:52,818 - scrapers.hackernews_scraper - INFO - HackerNewsScraper初始化完成
2025-08-08 16:01:52,819 - scrapers.base_scraper - INFO - 开始爬取 Hacker News
2025-08-08 16:01:52,819 - scrapers.hackernews_scraper - INFO - 开始爬取Hacker News Ask HN帖子
2025-08-08 16:01:52,819 - scrapers.hackernews_scraper - INFO - 获取Ask HN页面: https://news.ycombinator.com/ask
2025-08-08 16:01:54,903 - scrapers.hackernews_scraper - INFO - 找到 30 个帖子行
2025-08-08 16:01:54,904 - scrapers.hackernews_scraper - INFO - 成功解析故事: Ask HN: Are you running local ..., 作者=briansun, 点赞=5, 评论=0
2025-08-08 16:01:54,905 - scrapers.hackernews_scraper - INFO - 成功解析故事: Ask HN: Has any of the Pivotal..., 作者=admissionsguy, 点赞=40, 评论=0
2025-08-08 16:01:54,906 - scrapers.hackernews_scraper - INFO - 成功解析故事: Ask HN: What trick of the trad..., 作者=unsupp0rted, 点赞=369, 评论=0
2025-08-08 16:01:54,906 - scrapers.hackernews_scraper - INFO - 成功解析故事: Ask HN: Which processor to pic..., 作者=shivajikobardan, 点赞=6, 评论=0
2025-08-08 16:01:54,907 - scrapers.hackernews_scraper - INFO - 成功解析故事: Ask HN: What do you dislike ab..., 作者=zyruh, 点赞=32, 评论=0
2025-08-08 16:01:54,908 - scrapers.hackernews_scraper - INFO - 成功解析故事: Ask HN: Have you ever regrette..., 作者=paulwilsonn, 点赞=263, 评论=0
2025-08-08 16:01:54,909 - scrapers.hackernews_scraper - INFO - 成功解析故事: Ask HN: Recommendations for sp..., 作者=gusmally, 点赞=7, 评论=0
2025-08-08 16:01:54,910 - scrapers.hackernews_scraper - INFO - 成功解析故事: Ask HN: Who wants to be hired?..., 作者=whoishiring, 点赞=116, 评论=0
2025-08-08 16:01:54,910 - scrapers.hackernews_scraper - INFO - 成功解析故事: Ask HN: Who is hiring? (August..., 作者=whoishiring, 点赞=237, 评论=0
2025-08-08 16:01:54,911 - scrapers.hackernews_scraper - INFO - 成功解析故事: Ask HN: Wywd with a 256gb/40c ..., 作者=AgentMatrixAI, 点赞=2, 评论=0
2025-08-08 16:01:54,911 - scrapers.hackernews_scraper - INFO - 成功解析故事: Ask HN: Using Stripe Atlas to ..., 作者=zffr, 点赞=4, 评论=0
2025-08-08 16:01:54,912 - scrapers.hackernews_scraper - INFO - 成功解析故事: Ask HN: Why Did Mercurial Die?..., 作者=sergiotapia, 点赞=29, 评论=0
2025-08-08 16:01:54,913 - scrapers.hackernews_scraper - INFO - 成功解析故事: Ask HN: What are you looking f..., 作者=ishita159, 点赞=2, 评论=0
2025-08-08 16:01:54,913 - scrapers.hackernews_scraper - INFO - 成功解析故事: Ask HN: Would you soft-launch ..., 作者=CER10TY, 点赞=3, 评论=0
2025-08-08 16:01:54,914 - scrapers.hackernews_scraper - INFO - 成功解析故事: Ask HN: Transition back to job..., 作者=chugchug, 点赞=13, 评论=0
2025-08-08 16:01:54,914 - scrapers.hackernews_scraper - INFO - 成功解析 15 个Ask HN故事
2025-08-08 16:01:54,914 - scrapers.hackernews_scraper - INFO - 开始转换 15 个故事到统一格式
2025-08-08 16:01:54,914 - scrapers.hackernews_scraper - INFO - 转换第 1/15 个故事: Ask HN: Are you running local ...
2025-08-08 16:01:57,391 - scrapers.hackernews_scraper - INFO - 找到 1 条评论
2025-08-08 16:01:57,392 - scrapers.hackernews_scraper - INFO - 故事 Ask HN: Are you running local ... 转换完成，包含 1 条评论
2025-08-08 16:01:57,392 - scrapers.hackernews_scraper - INFO - 转换第 2/15 个故事: Ask HN: Has any of the Pivotal...
2025-08-08 16:01:59,270 - scrapers.hackernews_scraper - INFO - 找到 22 条评论
2025-08-08 16:01:59,288 - scrapers.hackernews_scraper - INFO - 故事 Ask HN: Has any of the Pivotal... 转换完成，包含 22 条评论
2025-08-08 16:01:59,288 - scrapers.hackernews_scraper - INFO - 转换第 3/15 个故事: Ask HN: What trick of the trad...
2025-08-08 16:02:04,078 - scrapers.hackernews_scraper - INFO - 找到 642 条评论
2025-08-08 16:02:10,762 - scrapers.hackernews_scraper - INFO - 故事 Ask HN: What trick of the trad... 转换完成，包含 100 条评论
2025-08-08 16:02:10,762 - scrapers.hackernews_scraper - INFO - 转换第 4/15 个故事: Ask HN: Which processor to pic...
2025-08-08 16:02:12,469 - scrapers.hackernews_scraper - INFO - 找到 6 条评论
2025-08-08 16:02:12,473 - scrapers.hackernews_scraper - INFO - 故事 Ask HN: Which processor to pic... 转换完成，包含 6 条评论
2025-08-08 16:02:12,473 - scrapers.hackernews_scraper - INFO - 转换第 5/15 个故事: Ask HN: What do you dislike ab...
2025-08-08 16:02:15,045 - scrapers.hackernews_scraper - INFO - 找到 120 条评论
2025-08-08 16:02:15,316 - scrapers.hackernews_scraper - INFO - 故事 Ask HN: What do you dislike ab... 转换完成，包含 100 条评论
2025-08-08 16:02:15,316 - scrapers.hackernews_scraper - INFO - 转换第 6/15 个故事: Ask HN: Have you ever regrette...
2025-08-08 16:02:18,371 - scrapers.hackernews_scraper - INFO - 找到 414 条评论
2025-08-08 16:02:21,179 - scrapers.hackernews_scraper - INFO - 故事 Ask HN: Have you ever regrette... 转换完成，包含 100 条评论
2025-08-08 16:02:21,179 - scrapers.hackernews_scraper - INFO - 转换第 7/15 个故事: Ask HN: Recommendations for sp...
2025-08-08 16:02:22,501 - scrapers.hackernews_scraper - INFO - 找到 0 条评论
2025-08-08 16:02:22,501 - scrapers.hackernews_scraper - INFO - 故事 Ask HN: Recommendations for sp... 转换完成，包含 0 条评论
2025-08-08 16:02:22,501 - scrapers.hackernews_scraper - INFO - 转换第 8/15 个故事: Ask HN: Who wants to be hired?...
2025-08-08 16:02:26,965 - scrapers.hackernews_scraper - INFO - 找到 368 条评论
2025-08-08 16:02:29,600 - scrapers.hackernews_scraper - INFO - 故事 Ask HN: Who wants to be hired?... 转换完成，包含 100 条评论
2025-08-08 16:02:29,600 - scrapers.hackernews_scraper - INFO - 转换第 9/15 个故事: Ask HN: Who is hiring? (August...
2025-08-08 16:02:33,021 - scrapers.hackernews_scraper - INFO - 找到 387 条评论
2025-08-08 16:02:35,875 - scrapers.hackernews_scraper - INFO - 故事 Ask HN: Who is hiring? (August... 转换完成，包含 100 条评论
2025-08-08 16:02:35,875 - scrapers.hackernews_scraper - INFO - 转换第 10/15 个故事: Ask HN: Wywd with a 256gb/40c ...
2025-08-08 16:02:37,811 - scrapers.hackernews_scraper - INFO - 找到 3 条评论
2025-08-08 16:02:37,813 - scrapers.hackernews_scraper - INFO - 故事 Ask HN: Wywd with a 256gb/40c ... 转换完成，包含 3 条评论
2025-08-08 16:02:37,813 - scrapers.hackernews_scraper - INFO - 转换第 11/15 个故事: Ask HN: Using Stripe Atlas to ...
2025-08-08 16:02:39,694 - scrapers.hackernews_scraper - INFO - 找到 3 条评论
2025-08-08 16:02:39,696 - scrapers.hackernews_scraper - INFO - 故事 Ask HN: Using Stripe Atlas to ... 转换完成，包含 3 条评论
2025-08-08 16:02:39,696 - scrapers.hackernews_scraper - INFO - 转换第 12/15 个故事: Ask HN: Why Did Mercurial Die?...
2025-08-08 16:02:40,977 - scrapers.hackernews_scraper - INFO - 找到 30 条评论
2025-08-08 16:02:41,005 - scrapers.hackernews_scraper - INFO - 故事 Ask HN: Why Did Mercurial Die?... 转换完成，包含 30 条评论
2025-08-08 16:02:41,005 - scrapers.hackernews_scraper - INFO - 转换第 13/15 个故事: Ask HN: What are you looking f...
2025-08-08 16:02:42,355 - scrapers.hackernews_scraper - INFO - 找到 1 条评论
2025-08-08 16:02:42,356 - scrapers.hackernews_scraper - INFO - 故事 Ask HN: What are you looking f... 转换完成，包含 1 条评论
2025-08-08 16:02:42,356 - scrapers.hackernews_scraper - INFO - 转换第 14/15 个故事: Ask HN: Would you soft-launch ...
2025-08-08 16:02:43,574 - scrapers.hackernews_scraper - INFO - 找到 5 条评论
2025-08-08 16:02:43,577 - scrapers.hackernews_scraper - INFO - 故事 Ask HN: Would you soft-launch ... 转换完成，包含 5 条评论
2025-08-08 16:02:43,577 - scrapers.hackernews_scraper - INFO - 转换第 15/15 个故事: Ask HN: Transition back to job...
2025-08-08 16:02:45,059 - scrapers.hackernews_scraper - INFO - 找到 7 条评论
2025-08-08 16:02:45,064 - scrapers.hackernews_scraper - INFO - 故事 Ask HN: Transition back to job... 转换完成，包含 7 条评论
2025-08-08 16:02:45,064 - scrapers.hackernews_scraper - INFO - 共转换 15 个故事为统一格式
2025-08-08 16:02:45,064 - scrapers.hackernews_scraper - INFO - 爬取完成，共获取 15 个Ask HN故事
2025-08-08 16:02:45,614 - utils.storage_utils - INFO - 已更新源索引: hackernews
2025-08-08 16:02:45,616 - utils.storage_utils - INFO - 数据已保存到 data/hackernews/week_2025-08-04.json
2025-08-08 16:02:45,617 - scrapers.base_scraper - INFO - 数据已保存到 data/hackernews/week_2025-08-04.json
2025-08-08 16:02:45,617 - scrapers.base_scraper - INFO - 成功爬取 Hacker News 的数据
2025-08-08 16:02:45,618 - __main__ - INFO - 完成: 1/3 个爬虫成功运行
2025-08-08 16:02:45,856 - __main__ - INFO - 归档所有源的旧数据
2025-08-08 16:02:45,856 - __main__ - INFO - 源 jandan 归档 无需归档
2025-08-08 16:02:45,856 - __main__ - INFO - 源 reddit 归档 无需归档
2025-08-08 16:02:45,856 - __main__ - INFO - 源 hackernews 归档 无需归档
