2025-06-12 16:01:50,776 - __main__ - INFO - 运行所有爬虫
2025-06-12 16:01:50,776 - scrapers.jandan_scraper - INFO - JandanScraper初始化完成
2025-06-12 16:01:50,776 - scrapers.base_scraper - INFO - 开始爬取 煎蛋网
2025-06-12 16:01:50,776 - scrapers.jandan_scraper - INFO - 开始爬取煎蛋热评
2025-06-12 16:01:54,176 - scrapers.jandan_scraper - INFO - 成功获取HTML内容，长度: 26153
2025-06-12 16:01:54,177 - scrapers.jandan_scraper - INFO - 调试: 手动获取评论 5877984 的吐槽数据
2025-06-12 16:01:54,177 - scrapers.jandan_scraper - INFO - 获取评论 5877984 的吐槽内容: https://jandan.net/api/tucao/list/5877984
2025-06-12 16:01:56,772 - scrapers.jandan_scraper - INFO - 评论 5877984 获取到 1 条热门吐槽, 3 条普通吐槽
2025-06-12 16:01:56,772 - scrapers.jandan_scraper - INFO - 调试: 评论 5877984 获取到 1 条热门吐槽, 3 条普通吐槽
2025-06-12 16:01:56,772 - scrapers.jandan_scraper - INFO - 开始解析页面中的评论
2025-06-12 16:01:56,772 - scrapers.jandan_scraper - INFO - 开始解析HTML内容, 长度: 26153
2025-06-12 16:01:56,781 - scrapers.jandan_scraper - INFO - 找到 0 条热门评论
2025-06-12 16:01:56,781 - scrapers.jandan_scraper - INFO - 解析完成，获取到 0 条评论
2025-06-12 16:01:56,782 - scrapers.jandan_scraper - INFO - 开始转换评论为统一格式
2025-06-12 16:01:56,782 - scrapers.jandan_scraper - INFO - 开始转换 0 条评论到统一格式
2025-06-12 16:01:56,782 - scrapers.jandan_scraper - INFO - 共转换 0 条评论为统一格式
2025-06-12 16:01:56,782 - scrapers.jandan_scraper - INFO - 爬取完成，共获取 0 条热评
2025-06-12 16:01:56,782 - scrapers.base_scraper - ERROR - 爬取 煎蛋网 失败
2025-06-12 16:01:56,782 - scrapers.reddit_scraper - INFO - RedditScraper初始化完成
2025-06-12 16:01:56,782 - scrapers.base_scraper - INFO - 开始爬取 Reddit
2025-06-12 16:01:56,782 - scrapers.reddit_scraper - INFO - 开始爬取Reddit r/confessions每周热门帖子
2025-06-12 16:01:59,224 - utils.http_utils - ERROR - 请求失败: https://www.reddit.com/r/confessions/top/.json?t=week&limit=10, 错误: 403 Client Error: Blocked for url: https://www.reddit.com/r/confessions/top/.json?t=week&limit=10
2025-06-12 16:01:59,224 - scrapers.reddit_scraper - ERROR - 获取API数据失败: 403 Client Error: Blocked for url: https://www.reddit.com/r/confessions/top/.json?t=week&limit=10
2025-06-12 16:01:59,224 - scrapers.base_scraper - ERROR - 爬取 Reddit 失败
2025-06-12 16:01:59,224 - scrapers.hackernews_scraper - INFO - HackerNewsScraper初始化完成
2025-06-12 16:01:59,225 - scrapers.base_scraper - INFO - 开始爬取 Hacker News
2025-06-12 16:01:59,225 - scrapers.hackernews_scraper - INFO - 开始爬取Hacker News Ask HN帖子
2025-06-12 16:01:59,225 - scrapers.hackernews_scraper - INFO - 获取Ask HN页面: https://news.ycombinator.com/ask
2025-06-12 16:02:02,459 - scrapers.hackernews_scraper - INFO - 找到 30 个帖子行
2025-06-12 16:02:02,461 - scrapers.hackernews_scraper - INFO - 成功解析故事: Ask HN: Is anyone doing intell..., 作者=didro, 点赞=2, 评论=0
2025-06-12 16:02:02,461 - scrapers.hackernews_scraper - INFO - 成功解析故事: Ask HN: Minecraft's UI element..., 作者=xeonmc, 点赞=13, 评论=0
2025-06-12 16:02:02,462 - scrapers.hackernews_scraper - INFO - 成功解析故事: Ask HN: What cool skill or pro..., 作者=akktor, 点赞=97, 评论=0
2025-06-12 16:02:02,462 - scrapers.hackernews_scraper - INFO - 成功解析故事: Ask HN: When is it too little ..., 作者=pinter69, 点赞=3, 评论=0
2025-06-12 16:02:02,463 - scrapers.hackernews_scraper - INFO - 成功解析故事: Ask HN: Dear Product Managers ..., 作者=tss93, 点赞=11, 评论=0
2025-06-12 16:02:02,463 - scrapers.hackernews_scraper - INFO - 成功解析故事: Ask HN: What is the latest on ..., 作者=hazrmard, 点赞=25, 评论=0
2025-06-12 16:02:02,464 - scrapers.hackernews_scraper - INFO - 成功解析故事: Ask HN: How to learn CUDA to p..., 作者=upmind, 点赞=242, 评论=0
2025-06-12 16:02:02,465 - scrapers.hackernews_scraper - INFO - 成功解析故事: Ask HN: Parental Controls You ..., 作者=ensemblehq, 点赞=4, 评论=0
2025-06-12 16:02:02,465 - scrapers.hackernews_scraper - INFO - 成功解析故事: Ask HN: Any Way to Sidestep St..., 作者=SilentDonor, 点赞=5, 评论=0
2025-06-12 16:02:02,466 - scrapers.hackernews_scraper - INFO - 成功解析故事: Ask HN: In 15 years, what will..., 作者=thomassmith65, 点赞=53, 评论=0
2025-06-12 16:02:02,466 - scrapers.hackernews_scraper - INFO - 成功解析故事: Ask HN: Does Apple's Liquid Gl..., 作者=divan, 点赞=3, 评论=0
2025-06-12 16:02:02,467 - scrapers.hackernews_scraper - INFO - 成功解析故事: Ask HN: Any good tools for vie..., 作者=tlhunter, 点赞=110, 评论=0
2025-06-12 16:02:02,467 - scrapers.hackernews_scraper - INFO - 成功解析故事: Ask HN: Would You Use a Declar..., 作者=Imazadi, 点赞=3, 评论=0
2025-06-12 16:02:02,468 - scrapers.hackernews_scraper - INFO - 成功解析故事: Ask HN: What's your open sourc..., 作者=3D39739091, 点赞=28, 评论=0
2025-06-12 16:02:02,468 - scrapers.hackernews_scraper - INFO - 成功解析故事: Ask HN: What Happened to the A..., 作者=pera, 点赞=17, 评论=0
2025-06-12 16:02:02,469 - scrapers.hackernews_scraper - INFO - 成功解析 15 个Ask HN故事
2025-06-12 16:02:02,469 - scrapers.hackernews_scraper - INFO - 开始转换 15 个故事到统一格式
2025-06-12 16:02:02,469 - scrapers.hackernews_scraper - INFO - 转换第 1/15 个故事: Ask HN: Is anyone doing intell...
2025-06-12 16:02:04,717 - scrapers.hackernews_scraper - INFO - 找到 0 条评论
2025-06-12 16:02:04,717 - scrapers.hackernews_scraper - INFO - 故事 Ask HN: Is anyone doing intell... 转换完成，包含 0 条评论
2025-06-12 16:02:04,717 - scrapers.hackernews_scraper - INFO - 转换第 2/15 个故事: Ask HN: Minecraft's UI element...
2025-06-12 16:02:07,313 - scrapers.hackernews_scraper - INFO - 找到 15 条评论
2025-06-12 16:02:07,326 - scrapers.hackernews_scraper - INFO - 故事 Ask HN: Minecraft's UI element... 转换完成，包含 15 条评论
2025-06-12 16:02:07,326 - scrapers.hackernews_scraper - INFO - 转换第 3/15 个故事: Ask HN: What cool skill or pro...
2025-06-12 16:02:11,077 - scrapers.hackernews_scraper - INFO - 找到 225 条评论
2025-06-12 16:02:12,093 - scrapers.hackernews_scraper - INFO - 故事 Ask HN: What cool skill or pro... 转换完成，包含 100 条评论
2025-06-12 16:02:12,093 - scrapers.hackernews_scraper - INFO - 转换第 4/15 个故事: Ask HN: When is it too little ...
2025-06-12 16:02:14,556 - scrapers.hackernews_scraper - INFO - 找到 4 条评论
2025-06-12 16:02:14,559 - scrapers.hackernews_scraper - INFO - 故事 Ask HN: When is it too little ... 转换完成，包含 4 条评论
2025-06-12 16:02:14,559 - scrapers.hackernews_scraper - INFO - 转换第 5/15 个故事: Ask HN: Dear Product Managers ...
2025-06-12 16:02:16,614 - scrapers.hackernews_scraper - INFO - 找到 5 条评论
2025-06-12 16:02:16,618 - scrapers.hackernews_scraper - INFO - 故事 Ask HN: Dear Product Managers ... 转换完成，包含 5 条评论
2025-06-12 16:02:16,618 - scrapers.hackernews_scraper - INFO - 转换第 6/15 个故事: Ask HN: What is the latest on ...
2025-06-12 16:02:19,178 - scrapers.hackernews_scraper - INFO - 找到 8 条评论
2025-06-12 16:02:19,184 - scrapers.hackernews_scraper - INFO - 故事 Ask HN: What is the latest on ... 转换完成，包含 8 条评论
2025-06-12 16:02:19,184 - scrapers.hackernews_scraper - INFO - 转换第 7/15 个故事: Ask HN: How to learn CUDA to p...
2025-06-12 16:02:22,095 - scrapers.hackernews_scraper - INFO - 找到 78 条评论
2025-06-12 16:02:22,247 - scrapers.hackernews_scraper - INFO - 故事 Ask HN: How to learn CUDA to p... 转换完成，包含 78 条评论
2025-06-12 16:02:22,247 - scrapers.hackernews_scraper - INFO - 转换第 8/15 个故事: Ask HN: Parental Controls You ...
2025-06-12 16:02:24,412 - scrapers.hackernews_scraper - INFO - 找到 6 条评论
2025-06-12 16:02:24,416 - scrapers.hackernews_scraper - INFO - 故事 Ask HN: Parental Controls You ... 转换完成，包含 6 条评论
2025-06-12 16:02:24,416 - scrapers.hackernews_scraper - INFO - 转换第 9/15 个故事: Ask HN: Any Way to Sidestep St...
2025-06-12 16:02:26,557 - scrapers.hackernews_scraper - INFO - 找到 1 条评论
2025-06-12 16:02:26,558 - scrapers.hackernews_scraper - INFO - 故事 Ask HN: Any Way to Sidestep St... 转换完成，包含 1 条评论
2025-06-12 16:02:26,558 - scrapers.hackernews_scraper - INFO - 转换第 10/15 个故事: Ask HN: In 15 years, what will...
2025-06-12 16:02:30,171 - scrapers.hackernews_scraper - INFO - 找到 158 条评论
2025-06-12 16:02:30,705 - scrapers.hackernews_scraper - INFO - 故事 Ask HN: In 15 years, what will... 转换完成，包含 100 条评论
2025-06-12 16:02:30,705 - scrapers.hackernews_scraper - INFO - 转换第 11/15 个故事: Ask HN: Does Apple's Liquid Gl...
2025-06-12 16:02:32,984 - scrapers.hackernews_scraper - INFO - 找到 3 条评论
2025-06-12 16:02:32,986 - scrapers.hackernews_scraper - INFO - 故事 Ask HN: Does Apple's Liquid Gl... 转换完成，包含 3 条评论
2025-06-12 16:02:32,986 - scrapers.hackernews_scraper - INFO - 转换第 12/15 个故事: Ask HN: Any good tools for vie...
2025-06-12 16:02:35,300 - scrapers.hackernews_scraper - INFO - 找到 40 条评论
2025-06-12 16:02:35,350 - scrapers.hackernews_scraper - INFO - 故事 Ask HN: Any good tools for vie... 转换完成，包含 40 条评论
2025-06-12 16:02:35,350 - scrapers.hackernews_scraper - INFO - 转换第 13/15 个故事: Ask HN: Would You Use a Declar...
2025-06-12 16:02:38,088 - scrapers.hackernews_scraper - INFO - 找到 3 条评论
2025-06-12 16:02:38,090 - scrapers.hackernews_scraper - INFO - 故事 Ask HN: Would You Use a Declar... 转换完成，包含 3 条评论
2025-06-12 16:02:38,090 - scrapers.hackernews_scraper - INFO - 转换第 14/15 个故事: Ask HN: What's your open sourc...
2025-06-12 16:02:40,087 - scrapers.hackernews_scraper - INFO - 找到 14 条评论
2025-06-12 16:02:40,098 - scrapers.hackernews_scraper - INFO - 故事 Ask HN: What's your open sourc... 转换完成，包含 14 条评论
2025-06-12 16:02:40,098 - scrapers.hackernews_scraper - INFO - 转换第 15/15 个故事: Ask HN: What Happened to the A...
2025-06-12 16:02:42,194 - scrapers.hackernews_scraper - INFO - 找到 34 条评论
2025-06-12 16:02:42,234 - scrapers.hackernews_scraper - INFO - 故事 Ask HN: What Happened to the A... 转换完成，包含 34 条评论
2025-06-12 16:02:42,234 - scrapers.hackernews_scraper - INFO - 共转换 15 个故事为统一格式
2025-06-12 16:02:42,234 - scrapers.hackernews_scraper - INFO - 爬取完成，共获取 15 个Ask HN故事
2025-06-12 16:02:42,768 - utils.storage_utils - INFO - 已更新源索引: hackernews
2025-06-12 16:02:42,770 - utils.storage_utils - INFO - 数据已保存到 data/hackernews/week_2025-06-09.json
2025-06-12 16:02:42,772 - scrapers.base_scraper - INFO - 数据已保存到 data/hackernews/week_2025-06-09.json
2025-06-12 16:02:42,772 - scrapers.base_scraper - INFO - 成功爬取 Hacker News 的数据
2025-06-12 16:02:42,772 - __main__ - INFO - 完成: 1/3 个爬虫成功运行
2025-06-12 16:02:43,013 - __main__ - INFO - 归档所有源的旧数据
2025-06-12 16:02:43,013 - __main__ - INFO - 源 jandan 归档 无需归档
2025-06-12 16:02:43,013 - __main__ - INFO - 源 reddit 归档 无需归档
2025-06-12 16:02:43,013 - __main__ - INFO - 源 hackernews 归档 无需归档
