2026-04-15 16:19:08,401 - __main__ - INFO - 运行所有爬虫
2026-04-15 16:19:08,402 - scrapers.jandan_scraper - INFO - JandanScraper初始化完成
2026-04-15 16:19:08,402 - scrapers.base_scraper - INFO - 开始爬取 煎蛋网
2026-04-15 16:19:08,402 - scrapers.jandan_scraper - INFO - 开始爬取煎蛋热评
2026-04-15 16:19:13,121 - scrapers.jandan_scraper - INFO - 成功获取HTML内容，长度: 27237
2026-04-15 16:19:13,121 - scrapers.jandan_scraper - INFO - 调试: 手动获取评论 5877984 的吐槽数据
2026-04-15 16:19:13,121 - scrapers.jandan_scraper - INFO - 获取评论 5877984 的吐槽内容: https://jandan.net/api/tucao/list/5877984
2026-04-15 16:19:15,067 - scrapers.jandan_scraper - INFO - 评论 5877984 获取到 1 条热门吐槽, 3 条普通吐槽
2026-04-15 16:19:15,067 - scrapers.jandan_scraper - INFO - 调试: 评论 5877984 获取到 1 条热门吐槽, 3 条普通吐槽
2026-04-15 16:19:15,067 - scrapers.jandan_scraper - INFO - 开始解析页面中的评论
2026-04-15 16:19:15,067 - scrapers.jandan_scraper - INFO - 开始解析HTML内容, 长度: 27237
2026-04-15 16:19:15,076 - scrapers.jandan_scraper - INFO - 找到 0 条热门评论
2026-04-15 16:19:15,076 - scrapers.jandan_scraper - INFO - 解析完成，获取到 0 条评论
2026-04-15 16:19:15,076 - scrapers.jandan_scraper - INFO - 开始转换评论为统一格式
2026-04-15 16:19:15,076 - scrapers.jandan_scraper - INFO - 开始转换 0 条评论到统一格式
2026-04-15 16:19:15,076 - scrapers.jandan_scraper - INFO - 共转换 0 条评论为统一格式
2026-04-15 16:19:15,077 - scrapers.jandan_scraper - INFO - 爬取完成，共获取 0 条热评
2026-04-15 16:19:15,077 - scrapers.base_scraper - ERROR - 爬取 煎蛋网 失败
2026-04-15 16:19:15,077 - scrapers.reddit_scraper - INFO - RedditScraper初始化完成
2026-04-15 16:19:15,078 - scrapers.base_scraper - INFO - 开始爬取 Reddit
2026-04-15 16:19:15,078 - scrapers.reddit_scraper - INFO - 开始爬取Reddit r/confessions每周热门帖子
2026-04-15 16:19:18,042 - utils.http_utils - ERROR - 请求失败: https://www.reddit.com/r/confessions/top/.json?t=week&limit=10, 错误: 403 Client Error: Blocked for url: https://www.reddit.com/r/confessions/top/.json?t=week&limit=10
2026-04-15 16:19:18,043 - scrapers.reddit_scraper - ERROR - 获取API数据失败: 403 Client Error: Blocked for url: https://www.reddit.com/r/confessions/top/.json?t=week&limit=10
2026-04-15 16:19:18,043 - scrapers.base_scraper - ERROR - 爬取 Reddit 失败
2026-04-15 16:19:18,043 - scrapers.hackernews_scraper - INFO - HackerNewsScraper初始化完成
2026-04-15 16:19:18,043 - scrapers.base_scraper - INFO - 开始爬取 Hacker News
2026-04-15 16:19:18,043 - scrapers.hackernews_scraper - INFO - 开始爬取Hacker News Ask HN帖子
2026-04-15 16:19:18,043 - scrapers.hackernews_scraper - INFO - 获取Ask HN页面: https://news.ycombinator.com/ask
2026-04-15 16:19:20,860 - scrapers.hackernews_scraper - INFO - 找到 30 个帖子行
2026-04-15 16:19:20,861 - scrapers.hackernews_scraper - INFO - 成功解析故事: Ask HN: How do you find motiva..., 作者=RockstarSprain, 点赞=7, 评论=0
2026-04-15 16:19:20,862 - scrapers.hackernews_scraper - INFO - 成功解析故事: Ask HN: Can't view public pull..., 作者=alskdj21, 点赞=4, 评论=0
2026-04-15 16:19:20,862 - scrapers.hackernews_scraper - INFO - 成功解析故事: Ask HN: What Are You Working O..., 作者=david927, 点赞=339, 评论=0
2026-04-15 16:19:20,863 - scrapers.hackernews_scraper - INFO - 成功解析故事: Ask HN: Robotics engineers – h..., 作者=nikhilol, 点赞=3, 评论=0
2026-04-15 16:19:20,864 - scrapers.hackernews_scraper - INFO - 成功解析故事: Ask HN: As an Australian, is i..., 作者=apatheticonion, 点赞=2, 评论=0
2026-04-15 16:19:20,864 - scrapers.hackernews_scraper - INFO - 成功解析故事: Ask HN: What's the point in cr..., 作者=wewewedxfgdf, 点赞=9, 评论=0
2026-04-15 16:19:20,865 - scrapers.hackernews_scraper - INFO - 成功解析故事: Ask HN: Can anyone suggest me ..., 作者=wasimsk, 点赞=4, 评论=0
2026-04-15 16:19:20,866 - scrapers.hackernews_scraper - INFO - 成功解析故事: Ask HN: Easiest UX for Seniors..., 作者=khoury, 点赞=55, 评论=0
2026-04-15 16:19:20,866 - scrapers.hackernews_scraper - INFO - 成功解析故事: Ask HN: Who needs contributors..., 作者=Kathan2651, 点赞=18, 评论=0
2026-04-15 16:19:20,867 - scrapers.hackernews_scraper - INFO - 成功解析故事: Ask HN: I quit my job over wea..., 作者=barratia, 点赞=114, 评论=0
2026-04-15 16:19:20,867 - scrapers.hackernews_scraper - INFO - 成功解析故事: Ask HN: Are Web Agencies Cooke..., 作者=mijustin, 点赞=10, 评论=0
2026-04-15 16:19:20,868 - scrapers.hackernews_scraper - INFO - 成功解析故事: Ask HN: What's your favorite s..., 作者=SunshineTheCat, 点赞=4, 评论=0
2026-04-15 16:19:20,868 - scrapers.hackernews_scraper - INFO - 成功解析故事: Ask HN: What standards or prot..., 作者=lyfeninja, 点赞=2, 评论=0
2026-04-15 16:19:20,869 - scrapers.hackernews_scraper - INFO - 成功解析故事: Ask HN: LeetCode, anyone still..., 作者=kwar13, 点赞=10, 评论=0
2026-04-15 16:19:20,870 - scrapers.hackernews_scraper - INFO - 成功解析故事: Ask HN: What are you building ..., 作者=meander_water, 点赞=152, 评论=0
2026-04-15 16:19:20,870 - scrapers.hackernews_scraper - INFO - 成功解析 15 个Ask HN故事
2026-04-15 16:19:20,870 - scrapers.hackernews_scraper - INFO - 开始转换 15 个故事到统一格式
2026-04-15 16:19:20,870 - scrapers.hackernews_scraper - INFO - 转换第 1/15 个故事: Ask HN: How do you find motiva...
2026-04-15 16:19:22,643 - scrapers.hackernews_scraper - INFO - 找到 9 条评论
2026-04-15 16:19:22,649 - scrapers.hackernews_scraper - INFO - 故事 Ask HN: How do you find motiva... 转换完成，包含 9 条评论
2026-04-15 16:19:22,649 - scrapers.hackernews_scraper - INFO - 转换第 2/15 个故事: Ask HN: Can't view public pull...
2026-04-15 16:19:23,912 - scrapers.hackernews_scraper - INFO - 找到 2 条评论
2026-04-15 16:19:23,914 - scrapers.hackernews_scraper - INFO - 故事 Ask HN: Can't view public pull... 转换完成，包含 2 条评论
2026-04-15 16:19:23,914 - scrapers.hackernews_scraper - INFO - 转换第 3/15 个故事: Ask HN: What Are You Working O...
2026-04-15 16:19:31,070 - scrapers.hackernews_scraper - INFO - 找到 1144 条评论
2026-04-15 16:19:58,025 - scrapers.hackernews_scraper - INFO - 故事 Ask HN: What Are You Working O... 转换完成，包含 100 条评论
2026-04-15 16:19:58,025 - scrapers.hackernews_scraper - INFO - 转换第 4/15 个故事: Ask HN: Robotics engineers – h...
2026-04-15 16:20:01,081 - scrapers.hackernews_scraper - INFO - 找到 1 条评论
2026-04-15 16:20:01,082 - scrapers.hackernews_scraper - INFO - 故事 Ask HN: Robotics engineers – h... 转换完成，包含 1 条评论
2026-04-15 16:20:01,082 - scrapers.hackernews_scraper - INFO - 转换第 5/15 个故事: Ask HN: As an Australian, is i...
2026-04-15 16:20:03,868 - utils.http_utils - ERROR - 请求失败: https://news.ycombinator.com/item?id=47775686, 错误: 429 Client Error: Too Many Requests for url: https://news.ycombinator.com/item?id=47775686
2026-04-15 16:20:03,868 - scrapers.hackernews_scraper - ERROR - 获取故事详情失败: 47775686
2026-04-15 16:20:06,434 - utils.http_utils - ERROR - 请求失败: https://news.ycombinator.com/item?id=47775686, 错误: 429 Client Error: Too Many Requests for url: https://news.ycombinator.com/item?id=47775686
2026-04-15 16:20:06,434 - scrapers.hackernews_scraper - ERROR - 获取故事详情失败: 47775686
2026-04-15 16:20:06,434 - scrapers.hackernews_scraper - INFO - 故事 Ask HN: As an Australian, is i... 转换完成，包含 0 条评论
2026-04-15 16:20:06,434 - scrapers.hackernews_scraper - INFO - 转换第 6/15 个故事: Ask HN: What's the point in cr...
2026-04-15 16:20:08,750 - utils.http_utils - ERROR - 请求失败: https://news.ycombinator.com/item?id=47776366, 错误: 429 Client Error: Too Many Requests for url: https://news.ycombinator.com/item?id=47776366
2026-04-15 16:20:08,750 - scrapers.hackernews_scraper - ERROR - 获取故事详情失败: 47776366
2026-04-15 16:20:10,115 - utils.http_utils - ERROR - 请求失败: https://news.ycombinator.com/item?id=47776366, 错误: 429 Client Error: Too Many Requests for url: https://news.ycombinator.com/item?id=47776366
2026-04-15 16:20:10,115 - scrapers.hackernews_scraper - ERROR - 获取故事详情失败: 47776366
2026-04-15 16:20:10,115 - scrapers.hackernews_scraper - INFO - 故事 Ask HN: What's the point in cr... 转换完成，包含 0 条评论
2026-04-15 16:20:10,116 - scrapers.hackernews_scraper - INFO - 转换第 7/15 个故事: Ask HN: Can anyone suggest me ...
2026-04-15 16:20:12,424 - utils.http_utils - ERROR - 请求失败: https://news.ycombinator.com/item?id=47774890, 错误: 429 Client Error: Too Many Requests for url: https://news.ycombinator.com/item?id=47774890
2026-04-15 16:20:12,424 - scrapers.hackernews_scraper - ERROR - 获取故事详情失败: 47774890
2026-04-15 16:20:14,150 - utils.http_utils - ERROR - 请求失败: https://news.ycombinator.com/item?id=47774890, 错误: 429 Client Error: Too Many Requests for url: https://news.ycombinator.com/item?id=47774890
2026-04-15 16:20:14,150 - scrapers.hackernews_scraper - ERROR - 获取故事详情失败: 47774890
2026-04-15 16:20:14,151 - scrapers.hackernews_scraper - INFO - 故事 Ask HN: Can anyone suggest me ... 转换完成，包含 0 条评论
2026-04-15 16:20:14,151 - scrapers.hackernews_scraper - INFO - 转换第 8/15 个故事: Ask HN: Easiest UX for Seniors...
2026-04-15 16:20:15,837 - scrapers.hackernews_scraper - INFO - 找到 58 条评论
2026-04-15 16:20:15,915 - scrapers.hackernews_scraper - INFO - 故事 Ask HN: Easiest UX for Seniors... 转换完成，包含 58 条评论
2026-04-15 16:20:15,915 - scrapers.hackernews_scraper - INFO - 转换第 9/15 个故事: Ask HN: Who needs contributors...
2026-04-15 16:20:17,186 - scrapers.hackernews_scraper - INFO - 找到 7 条评论
2026-04-15 16:20:17,191 - scrapers.hackernews_scraper - INFO - 故事 Ask HN: Who needs contributors... 转换完成，包含 7 条评论
2026-04-15 16:20:17,191 - scrapers.hackernews_scraper - INFO - 转换第 10/15 个故事: Ask HN: I quit my job over wea...
2026-04-15 16:20:19,014 - scrapers.hackernews_scraper - INFO - 找到 77 条评论
2026-04-15 16:20:19,143 - scrapers.hackernews_scraper - INFO - 故事 Ask HN: I quit my job over wea... 转换完成，包含 77 条评论
2026-04-15 16:20:19,143 - scrapers.hackernews_scraper - INFO - 转换第 11/15 个故事: Ask HN: Are Web Agencies Cooke...
2026-04-15 16:20:22,081 - scrapers.hackernews_scraper - INFO - 找到 7 条评论
2026-04-15 16:20:22,085 - scrapers.hackernews_scraper - INFO - 故事 Ask HN: Are Web Agencies Cooke... 转换完成，包含 7 条评论
2026-04-15 16:20:22,085 - scrapers.hackernews_scraper - INFO - 转换第 12/15 个故事: Ask HN: What's your favorite s...
2026-04-15 16:20:25,212 - scrapers.hackernews_scraper - INFO - 找到 4 条评论
2026-04-15 16:20:25,215 - scrapers.hackernews_scraper - INFO - 故事 Ask HN: What's your favorite s... 转换完成，包含 4 条评论
2026-04-15 16:20:25,215 - scrapers.hackernews_scraper - INFO - 转换第 13/15 个故事: Ask HN: What standards or prot...
2026-04-15 16:20:27,810 - utils.http_utils - ERROR - 请求失败: https://news.ycombinator.com/item?id=47768134, 错误: 429 Client Error: Too Many Requests for url: https://news.ycombinator.com/item?id=47768134
2026-04-15 16:20:27,810 - scrapers.hackernews_scraper - ERROR - 获取故事详情失败: 47768134
2026-04-15 16:20:30,681 - utils.http_utils - ERROR - 请求失败: https://news.ycombinator.com/item?id=47768134, 错误: 429 Client Error: Too Many Requests for url: https://news.ycombinator.com/item?id=47768134
2026-04-15 16:20:30,681 - scrapers.hackernews_scraper - ERROR - 获取故事详情失败: 47768134
2026-04-15 16:20:30,681 - scrapers.hackernews_scraper - INFO - 故事 Ask HN: What standards or prot... 转换完成，包含 0 条评论
2026-04-15 16:20:30,681 - scrapers.hackernews_scraper - INFO - 转换第 14/15 个故事: Ask HN: LeetCode, anyone still...
2026-04-15 16:20:33,551 - utils.http_utils - ERROR - 请求失败: https://news.ycombinator.com/item?id=47761785, 错误: 429 Client Error: Too Many Requests for url: https://news.ycombinator.com/item?id=47761785
2026-04-15 16:20:33,551 - scrapers.hackernews_scraper - ERROR - 获取故事详情失败: 47761785
2026-04-15 16:20:35,221 - utils.http_utils - ERROR - 请求失败: https://news.ycombinator.com/item?id=47761785, 错误: 429 Client Error: Too Many Requests for url: https://news.ycombinator.com/item?id=47761785
2026-04-15 16:20:35,221 - scrapers.hackernews_scraper - ERROR - 获取故事详情失败: 47761785
2026-04-15 16:20:35,221 - scrapers.hackernews_scraper - INFO - 故事 Ask HN: LeetCode, anyone still... 转换完成，包含 0 条评论
2026-04-15 16:20:35,221 - scrapers.hackernews_scraper - INFO - 转换第 15/15 个故事: Ask HN: What are you building ...
2026-04-15 16:20:38,653 - scrapers.hackernews_scraper - INFO - 找到 223 条评论
2026-04-15 16:20:39,542 - scrapers.hackernews_scraper - INFO - 故事 Ask HN: What are you building ... 转换完成，包含 100 条评论
2026-04-15 16:20:39,542 - scrapers.hackernews_scraper - INFO - 共转换 15 个故事为统一格式
2026-04-15 16:20:39,542 - scrapers.hackernews_scraper - INFO - 爬取完成，共获取 15 个Ask HN故事
2026-04-15 16:20:39,927 - utils.storage_utils - INFO - 已更新源索引: hackernews
2026-04-15 16:20:39,930 - utils.storage_utils - INFO - 数据已保存到 data/hackernews/week_2026-04-13.json
2026-04-15 16:20:39,930 - scrapers.base_scraper - INFO - 数据已保存到 data/hackernews/week_2026-04-13.json
2026-04-15 16:20:39,930 - scrapers.base_scraper - INFO - 成功爬取 Hacker News 的数据
2026-04-15 16:20:39,931 - __main__ - INFO - 完成: 1/3 个爬虫成功运行
2026-04-15 16:20:40,184 - __main__ - INFO - 归档所有源的旧数据
2026-04-15 16:20:40,184 - __main__ - INFO - 源 jandan 归档 无需归档
2026-04-15 16:20:40,185 - __main__ - INFO - 源 reddit 归档 无需归档
2026-04-15 16:20:40,185 - __main__ - INFO - 源 hackernews 归档 无需归档
