2025-04-15 16:01:41,778 - __main__ - INFO - 运行所有爬虫
2025-04-15 16:01:41,778 - scrapers.jandan_scraper - INFO - JandanScraper初始化完成
2025-04-15 16:01:41,778 - scrapers.base_scraper - INFO - 开始爬取 煎蛋网
2025-04-15 16:01:41,778 - scrapers.jandan_scraper - INFO - 开始爬取煎蛋热评
2025-04-15 16:01:46,197 - scrapers.jandan_scraper - INFO - 成功获取HTML内容，长度: 25214
2025-04-15 16:01:46,197 - scrapers.jandan_scraper - INFO - 调试: 手动获取评论 5877984 的吐槽数据
2025-04-15 16:01:46,197 - scrapers.jandan_scraper - INFO - 获取评论 5877984 的吐槽内容: https://jandan.net/api/tucao/list/5877984
2025-04-15 16:01:48,186 - scrapers.jandan_scraper - INFO - 评论 5877984 获取到 1 条热门吐槽, 3 条普通吐槽
2025-04-15 16:01:48,186 - scrapers.jandan_scraper - INFO - 调试: 评论 5877984 获取到 1 条热门吐槽, 3 条普通吐槽
2025-04-15 16:01:48,186 - scrapers.jandan_scraper - INFO - 开始解析页面中的评论
2025-04-15 16:01:48,186 - scrapers.jandan_scraper - INFO - 开始解析HTML内容, 长度: 25214
2025-04-15 16:01:48,194 - scrapers.jandan_scraper - INFO - 找到 0 条热门评论
2025-04-15 16:01:48,194 - scrapers.jandan_scraper - INFO - 解析完成，获取到 0 条评论
2025-04-15 16:01:48,194 - scrapers.jandan_scraper - INFO - 开始转换评论为统一格式
2025-04-15 16:01:48,194 - scrapers.jandan_scraper - INFO - 开始转换 0 条评论到统一格式
2025-04-15 16:01:48,194 - scrapers.jandan_scraper - INFO - 共转换 0 条评论为统一格式
2025-04-15 16:01:48,194 - scrapers.jandan_scraper - INFO - 爬取完成，共获取 0 条热评
2025-04-15 16:01:48,194 - scrapers.base_scraper - ERROR - 爬取 煎蛋网 失败
2025-04-15 16:01:48,196 - scrapers.reddit_scraper - INFO - RedditScraper初始化完成
2025-04-15 16:01:48,196 - scrapers.base_scraper - INFO - 开始爬取 Reddit
2025-04-15 16:01:48,196 - scrapers.reddit_scraper - INFO - 开始爬取Reddit r/confessions每周热门帖子
2025-04-15 16:01:49,885 - utils.http_utils - ERROR - 请求失败: https://www.reddit.com/r/confessions/top/.json?t=week&limit=10, 错误: 403 Client Error: Blocked for url: https://www.reddit.com/r/confessions/top/.json?t=week&limit=10
2025-04-15 16:01:49,885 - scrapers.reddit_scraper - ERROR - 获取API数据失败: 403 Client Error: Blocked for url: https://www.reddit.com/r/confessions/top/.json?t=week&limit=10
2025-04-15 16:01:49,885 - scrapers.base_scraper - ERROR - 爬取 Reddit 失败
2025-04-15 16:01:49,885 - scrapers.hackernews_scraper - INFO - HackerNewsScraper初始化完成
2025-04-15 16:01:49,886 - scrapers.base_scraper - INFO - 开始爬取 Hacker News
2025-04-15 16:01:49,886 - scrapers.hackernews_scraper - INFO - 开始爬取Hacker News Ask HN帖子
2025-04-15 16:01:49,886 - scrapers.hackernews_scraper - INFO - 获取Ask HN页面: https://news.ycombinator.com/ask
2025-04-15 16:01:52,567 - scrapers.hackernews_scraper - INFO - 找到 30 个帖子行
2025-04-15 16:01:52,568 - scrapers.hackernews_scraper - INFO - 成功解析故事: Ask HN: Why is there no P2P st..., 作者=memet_rush, 点赞=157, 评论=0
2025-04-15 16:01:52,569 - scrapers.hackernews_scraper - INFO - 成功解析故事: Ask HN: What is the best font ..., 作者=duxup, 点赞=3, 评论=0
2025-04-15 16:01:52,569 - scrapers.hackernews_scraper - INFO - 成功解析故事: Ask HN: How do I jump from Sen..., 作者=KomradeKeeks, 点赞=2, 评论=0
2025-04-15 16:01:52,570 - scrapers.hackernews_scraper - INFO - 成功解析故事: Ask HN: How to unit test AI re..., 作者=bikamonki, 点赞=8, 评论=0
2025-04-15 16:01:52,570 - scrapers.hackernews_scraper - INFO - 成功解析故事: Ask HN: Magic links are bad UX..., 作者=figassis, 点赞=43, 评论=0
2025-04-15 16:01:52,571 - scrapers.hackernews_scraper - INFO - 成功解析故事: Ask HN: How do you monetize pe..., 作者=splimeproject, 点赞=166, 评论=0
2025-04-15 16:01:52,571 - scrapers.hackernews_scraper - INFO - 成功解析故事: Ask HN: How does the iOS Lyft ..., 作者=stpn, 点赞=4, 评论=0
2025-04-15 16:01:52,572 - scrapers.hackernews_scraper - INFO - 成功解析故事: Ask HN: What are the best book..., 作者=jimsojim, 点赞=10, 评论=0
2025-04-15 16:01:52,573 - scrapers.hackernews_scraper - INFO - 成功解析故事: Ask HN: Why don't we have a fu..., 作者=codingmoh, 点赞=19, 评论=0
2025-04-15 16:01:52,573 - scrapers.hackernews_scraper - INFO - 成功解析故事: Ask HN: Are there any truly pr..., 作者=fir3dvst, 点赞=5, 评论=0
2025-04-15 16:01:52,574 - scrapers.hackernews_scraper - INFO - 成功解析故事: Ask HN: Do you still use searc..., 作者=davidkuennen, 点赞=347, 评论=0
2025-04-15 16:01:52,574 - scrapers.hackernews_scraper - INFO - 成功解析故事: Ask HN: What Tools Did You Use..., 作者=schappim, 点赞=7, 评论=0
2025-04-15 16:01:52,575 - scrapers.hackernews_scraper - INFO - 成功解析故事: Ask HN: Has anyone quit their ..., 作者=stuck12345, 点赞=77, 评论=0
2025-04-15 16:01:52,576 - scrapers.hackernews_scraper - INFO - 成功解析故事: Ask HN: SPA vs. SSR in 2024?..., 作者=_bin_, 点赞=7, 评论=0
2025-04-15 16:01:52,576 - scrapers.hackernews_scraper - INFO - 成功解析故事: Ask HN: Seeking advice on doin..., 作者=ad34bacf35a2, 点赞=6, 评论=0
2025-04-15 16:01:52,576 - scrapers.hackernews_scraper - INFO - 成功解析 15 个Ask HN故事
2025-04-15 16:01:52,576 - scrapers.hackernews_scraper - INFO - 开始转换 15 个故事到统一格式
2025-04-15 16:01:52,576 - scrapers.hackernews_scraper - INFO - 转换第 1/15 个故事: Ask HN: Why is there no P2P st...
2025-04-15 16:01:55,725 - scrapers.hackernews_scraper - INFO - 找到 164 条评论
2025-04-15 16:01:56,438 - scrapers.hackernews_scraper - INFO - 故事 Ask HN: Why is there no P2P st... 转换完成，包含 100 条评论
2025-04-15 16:01:56,438 - scrapers.hackernews_scraper - INFO - 转换第 2/15 个故事: Ask HN: What is the best font ...
2025-04-15 16:01:58,401 - scrapers.hackernews_scraper - INFO - 找到 1 条评论
2025-04-15 16:01:58,402 - scrapers.hackernews_scraper - INFO - 故事 Ask HN: What is the best font ... 转换完成，包含 1 条评论
2025-04-15 16:01:58,402 - scrapers.hackernews_scraper - INFO - 转换第 3/15 个故事: Ask HN: How do I jump from Sen...
2025-04-15 16:02:01,387 - scrapers.hackernews_scraper - INFO - 找到 3 条评论
2025-04-15 16:02:01,389 - scrapers.hackernews_scraper - INFO - 故事 Ask HN: How do I jump from Sen... 转换完成，包含 3 条评论
2025-04-15 16:02:01,390 - scrapers.hackernews_scraper - INFO - 转换第 4/15 个故事: Ask HN: How to unit test AI re...
2025-04-15 16:02:02,988 - scrapers.hackernews_scraper - INFO - 找到 6 条评论
2025-04-15 16:02:02,992 - scrapers.hackernews_scraper - INFO - 故事 Ask HN: How to unit test AI re... 转换完成，包含 6 条评论
2025-04-15 16:02:02,992 - scrapers.hackernews_scraper - INFO - 转换第 5/15 个故事: Ask HN: Magic links are bad UX...
2025-04-15 16:02:04,175 - scrapers.hackernews_scraper - INFO - 找到 33 条评论
2025-04-15 16:02:04,212 - scrapers.hackernews_scraper - INFO - 故事 Ask HN: Magic links are bad UX... 转换完成，包含 33 条评论
2025-04-15 16:02:04,212 - scrapers.hackernews_scraper - INFO - 转换第 6/15 个故事: Ask HN: How do you monetize pe...
2025-04-15 16:02:06,521 - scrapers.hackernews_scraper - INFO - 找到 64 条评论
2025-04-15 16:02:06,634 - scrapers.hackernews_scraper - INFO - 故事 Ask HN: How do you monetize pe... 转换完成，包含 64 条评论
2025-04-15 16:02:06,634 - scrapers.hackernews_scraper - INFO - 转换第 7/15 个故事: Ask HN: How does the iOS Lyft ...
2025-04-15 16:02:08,912 - scrapers.hackernews_scraper - INFO - 找到 9 条评论
2025-04-15 16:02:08,919 - scrapers.hackernews_scraper - INFO - 故事 Ask HN: How does the iOS Lyft ... 转换完成，包含 9 条评论
2025-04-15 16:02:08,919 - scrapers.hackernews_scraper - INFO - 转换第 8/15 个故事: Ask HN: What are the best book...
2025-04-15 16:02:11,148 - scrapers.hackernews_scraper - INFO - 找到 5 条评论
2025-04-15 16:02:11,152 - scrapers.hackernews_scraper - INFO - 故事 Ask HN: What are the best book... 转换完成，包含 5 条评论
2025-04-15 16:02:11,152 - scrapers.hackernews_scraper - INFO - 转换第 9/15 个故事: Ask HN: Why don't we have a fu...
2025-04-15 16:02:12,460 - scrapers.hackernews_scraper - INFO - 找到 13 条评论
2025-04-15 16:02:12,472 - scrapers.hackernews_scraper - INFO - 故事 Ask HN: Why don't we have a fu... 转换完成，包含 13 条评论
2025-04-15 16:02:12,472 - scrapers.hackernews_scraper - INFO - 转换第 10/15 个故事: Ask HN: Are there any truly pr...
2025-04-15 16:02:14,413 - scrapers.hackernews_scraper - INFO - 找到 9 条评论
2025-04-15 16:02:14,419 - scrapers.hackernews_scraper - INFO - 故事 Ask HN: Are there any truly pr... 转换完成，包含 9 条评论
2025-04-15 16:02:14,420 - scrapers.hackernews_scraper - INFO - 转换第 11/15 个故事: Ask HN: Do you still use searc...
2025-04-15 16:02:18,736 - scrapers.hackernews_scraper - INFO - 找到 576 条评论
2025-04-15 16:02:26,741 - scrapers.hackernews_scraper - INFO - 故事 Ask HN: Do you still use searc... 转换完成，包含 100 条评论
2025-04-15 16:02:26,742 - scrapers.hackernews_scraper - INFO - 转换第 12/15 个故事: Ask HN: What Tools Did You Use...
2025-04-15 16:02:28,338 - scrapers.hackernews_scraper - INFO - 找到 8 条评论
2025-04-15 16:02:28,344 - scrapers.hackernews_scraper - INFO - 故事 Ask HN: What Tools Did You Use... 转换完成，包含 8 条评论
2025-04-15 16:02:28,344 - scrapers.hackernews_scraper - INFO - 转换第 13/15 个故事: Ask HN: Has anyone quit their ...
2025-04-15 16:02:30,561 - scrapers.hackernews_scraper - INFO - 找到 74 条评论
2025-04-15 16:02:30,697 - scrapers.hackernews_scraper - INFO - 故事 Ask HN: Has anyone quit their ... 转换完成，包含 74 条评论
2025-04-15 16:02:30,698 - scrapers.hackernews_scraper - INFO - 转换第 14/15 个故事: Ask HN: SPA vs. SSR in 2024?...
2025-04-15 16:02:32,322 - scrapers.hackernews_scraper - INFO - 找到 7 条评论
2025-04-15 16:02:32,327 - scrapers.hackernews_scraper - INFO - 故事 Ask HN: SPA vs. SSR in 2024?... 转换完成，包含 7 条评论
2025-04-15 16:02:32,327 - scrapers.hackernews_scraper - INFO - 转换第 15/15 个故事: Ask HN: Seeking advice on doin...
2025-04-15 16:02:33,680 - scrapers.hackernews_scraper - INFO - 找到 12 条评论
2025-04-15 16:02:33,689 - scrapers.hackernews_scraper - INFO - 故事 Ask HN: Seeking advice on doin... 转换完成，包含 12 条评论
2025-04-15 16:02:33,690 - scrapers.hackernews_scraper - INFO - 共转换 15 个故事为统一格式
2025-04-15 16:02:33,690 - scrapers.hackernews_scraper - INFO - 爬取完成，共获取 15 个Ask HN故事
2025-04-15 16:02:33,840 - utils.storage_utils - INFO - 已更新源索引: hackernews
2025-04-15 16:02:33,843 - utils.storage_utils - INFO - 数据已保存到 data/hackernews/week_2025-04-14.json
2025-04-15 16:02:33,843 - scrapers.base_scraper - INFO - 数据已保存到 data/hackernews/week_2025-04-14.json
2025-04-15 16:02:33,844 - scrapers.base_scraper - INFO - 成功爬取 Hacker News 的数据
2025-04-15 16:02:33,844 - __main__ - INFO - 完成: 1/3 个爬虫成功运行
2025-04-15 16:02:34,090 - __main__ - INFO - 归档所有源的旧数据
2025-04-15 16:02:34,090 - __main__ - INFO - 源 jandan 归档 无需归档
2025-04-15 16:02:34,090 - __main__ - INFO - 源 reddit 归档 无需归档
2025-04-15 16:02:34,091 - __main__ - INFO - 源 hackernews 归档 无需归档
