2025-04-20 16:01:39,531 - __main__ - INFO - 运行所有爬虫
2025-04-20 16:01:39,531 - scrapers.jandan_scraper - INFO - JandanScraper初始化完成
2025-04-20 16:01:39,531 - scrapers.base_scraper - INFO - 开始爬取 煎蛋网
2025-04-20 16:01:39,531 - scrapers.jandan_scraper - INFO - 开始爬取煎蛋热评
2025-04-20 16:01:42,979 - scrapers.jandan_scraper - INFO - 成功获取HTML内容，长度: 23135
2025-04-20 16:01:42,979 - scrapers.jandan_scraper - INFO - 调试: 手动获取评论 5877984 的吐槽数据
2025-04-20 16:01:42,979 - scrapers.jandan_scraper - INFO - 获取评论 5877984 的吐槽内容: https://jandan.net/api/tucao/list/5877984
2025-04-20 16:01:44,836 - scrapers.jandan_scraper - INFO - 评论 5877984 获取到 1 条热门吐槽, 3 条普通吐槽
2025-04-20 16:01:44,836 - scrapers.jandan_scraper - INFO - 调试: 评论 5877984 获取到 1 条热门吐槽, 3 条普通吐槽
2025-04-20 16:01:44,836 - scrapers.jandan_scraper - INFO - 开始解析页面中的评论
2025-04-20 16:01:44,836 - scrapers.jandan_scraper - INFO - 开始解析HTML内容, 长度: 23135
2025-04-20 16:01:44,844 - scrapers.jandan_scraper - INFO - 找到 0 条热门评论
2025-04-20 16:01:44,844 - scrapers.jandan_scraper - INFO - 解析完成，获取到 0 条评论
2025-04-20 16:01:44,844 - scrapers.jandan_scraper - INFO - 开始转换评论为统一格式
2025-04-20 16:01:44,844 - scrapers.jandan_scraper - INFO - 开始转换 0 条评论到统一格式
2025-04-20 16:01:44,844 - scrapers.jandan_scraper - INFO - 共转换 0 条评论为统一格式
2025-04-20 16:01:44,844 - scrapers.jandan_scraper - INFO - 爬取完成，共获取 0 条热评
2025-04-20 16:01:44,844 - scrapers.base_scraper - ERROR - 爬取 煎蛋网 失败
2025-04-20 16:01:44,844 - scrapers.reddit_scraper - INFO - RedditScraper初始化完成
2025-04-20 16:01:44,845 - scrapers.base_scraper - INFO - 开始爬取 Reddit
2025-04-20 16:01:44,845 - scrapers.reddit_scraper - INFO - 开始爬取Reddit r/confessions每周热门帖子
2025-04-20 16:01:47,080 - utils.http_utils - ERROR - 请求失败: https://www.reddit.com/r/confessions/top/.json?t=week&limit=10, 错误: 403 Client Error: Blocked for url: https://www.reddit.com/r/confessions/top/.json?t=week&limit=10
2025-04-20 16:01:47,080 - scrapers.reddit_scraper - ERROR - 获取API数据失败: 403 Client Error: Blocked for url: https://www.reddit.com/r/confessions/top/.json?t=week&limit=10
2025-04-20 16:01:47,080 - scrapers.base_scraper - ERROR - 爬取 Reddit 失败
2025-04-20 16:01:47,080 - scrapers.hackernews_scraper - INFO - HackerNewsScraper初始化完成
2025-04-20 16:01:47,080 - scrapers.base_scraper - INFO - 开始爬取 Hacker News
2025-04-20 16:01:47,080 - scrapers.hackernews_scraper - INFO - 开始爬取Hacker News Ask HN帖子
2025-04-20 16:01:47,080 - scrapers.hackernews_scraper - INFO - 获取Ask HN页面: https://news.ycombinator.com/ask
2025-04-20 16:01:50,071 - scrapers.hackernews_scraper - INFO - 找到 30 个帖子行
2025-04-20 16:01:50,073 - scrapers.hackernews_scraper - INFO - 成功解析故事: Ask HN: Books/guides/resources..., 作者=_1tan, 点赞=11, 评论=0
2025-04-20 16:01:50,073 - scrapers.hackernews_scraper - INFO - 成功解析故事: Ask HN: How do you talk about ..., 作者=newacc250218, 点赞=39, 评论=0
2025-04-20 16:01:50,074 - scrapers.hackernews_scraper - INFO - 成功解析故事: Ask HN: Is 4chan Offline Forev..., 作者=HITBIT, 点赞=10, 评论=0
2025-04-20 16:01:50,075 - scrapers.hackernews_scraper - INFO - 成功解析故事: Ask HN: Why is there no P2P st..., 作者=memet_rush, 点赞=234, 评论=0
2025-04-20 16:01:50,075 - scrapers.hackernews_scraper - INFO - 成功解析故事: Ask HN: Happy Easter HN - What..., 作者=hubraumhugo, 点赞=4, 评论=0
2025-04-20 16:01:50,076 - scrapers.hackernews_scraper - INFO - 成功解析故事: Ask HN: How to get my developm..., 作者=ttmuncher, 点赞=41, 评论=0
2025-04-20 16:01:50,076 - scrapers.hackernews_scraper - INFO - 成功解析故事: Ask HN: What is the most inter..., 作者=aabiji, 点赞=8, 评论=0
2025-04-20 16:01:50,077 - scrapers.hackernews_scraper - INFO - 成功解析故事: Ask HN: How to transition into..., 作者=hdks, 点赞=7, 评论=0
2025-04-20 16:01:50,078 - scrapers.hackernews_scraper - INFO - 成功解析故事: Ask HN: Do FAANG corps have an..., 作者=caprock, 点赞=6, 评论=0
2025-04-20 16:01:50,078 - scrapers.hackernews_scraper - INFO - 成功解析故事: Ask HN: What Did You Learn Too..., 作者=schappim, 点赞=12, 评论=0
2025-04-20 16:01:50,079 - scrapers.hackernews_scraper - INFO - 成功解析故事: Ask HN: What are the hottest a..., 作者=dira3, 点赞=5, 评论=0
2025-04-20 16:01:50,079 - scrapers.hackernews_scraper - INFO - 成功解析故事: Ask HN: Why hasn't Swift gaine..., 作者=grandimam, 点赞=7, 评论=0
2025-04-20 16:01:50,080 - scrapers.hackernews_scraper - INFO - 成功解析故事: Ask HN: AI Tools Now Drive 50%..., 作者=plehoux, 点赞=3, 评论=0
2025-04-20 16:01:50,080 - scrapers.hackernews_scraper - INFO - 成功解析故事: Ask HN: What do you think of t..., 作者=amichail, 点赞=4, 评论=0
2025-04-20 16:01:50,081 - scrapers.hackernews_scraper - INFO - 成功解析故事: Ask HN: How do you monetize pe..., 作者=splimeproject, 点赞=174, 评论=0
2025-04-20 16:01:50,081 - scrapers.hackernews_scraper - INFO - 成功解析 15 个Ask HN故事
2025-04-20 16:01:50,081 - scrapers.hackernews_scraper - INFO - 开始转换 15 个故事到统一格式
2025-04-20 16:01:50,081 - scrapers.hackernews_scraper - INFO - 转换第 1/15 个故事: Ask HN: Books/guides/resources...
2025-04-20 16:01:52,136 - scrapers.hackernews_scraper - INFO - 找到 4 条评论
2025-04-20 16:01:52,139 - scrapers.hackernews_scraper - INFO - 故事 Ask HN: Books/guides/resources... 转换完成，包含 4 条评论
2025-04-20 16:01:52,139 - scrapers.hackernews_scraper - INFO - 转换第 2/15 个故事: Ask HN: How do you talk about ...
2025-04-20 16:01:54,877 - scrapers.hackernews_scraper - INFO - 找到 42 条评论
2025-04-20 16:01:54,931 - scrapers.hackernews_scraper - INFO - 故事 Ask HN: How do you talk about ... 转换完成，包含 42 条评论
2025-04-20 16:01:54,931 - scrapers.hackernews_scraper - INFO - 转换第 3/15 个故事: Ask HN: Is 4chan Offline Forev...
2025-04-20 16:01:57,324 - scrapers.hackernews_scraper - INFO - 找到 3 条评论
2025-04-20 16:01:57,326 - scrapers.hackernews_scraper - INFO - 故事 Ask HN: Is 4chan Offline Forev... 转换完成，包含 3 条评论
2025-04-20 16:01:57,326 - scrapers.hackernews_scraper - INFO - 转换第 4/15 个故事: Ask HN: Why is there no P2P st...
2025-04-20 16:01:59,463 - scrapers.hackernews_scraper - INFO - 找到 222 条评论
2025-04-20 16:02:00,474 - scrapers.hackernews_scraper - INFO - 故事 Ask HN: Why is there no P2P st... 转换完成，包含 100 条评论
2025-04-20 16:02:00,475 - scrapers.hackernews_scraper - INFO - 转换第 5/15 个故事: Ask HN: Happy Easter HN - What...
2025-04-20 16:02:03,140 - scrapers.hackernews_scraper - INFO - 找到 3 条评论
2025-04-20 16:02:03,142 - scrapers.hackernews_scraper - INFO - 故事 Ask HN: Happy Easter HN - What... 转换完成，包含 3 条评论
2025-04-20 16:02:03,142 - scrapers.hackernews_scraper - INFO - 转换第 6/15 个故事: Ask HN: How to get my developm...
2025-04-20 16:02:04,885 - scrapers.hackernews_scraper - INFO - 找到 23 条评论
2025-04-20 16:02:04,907 - scrapers.hackernews_scraper - INFO - 故事 Ask HN: How to get my developm... 转换完成，包含 23 条评论
2025-04-20 16:02:04,907 - scrapers.hackernews_scraper - INFO - 转换第 7/15 个故事: Ask HN: What is the most inter...
2025-04-20 16:02:07,695 - scrapers.hackernews_scraper - INFO - 找到 1 条评论
2025-04-20 16:02:07,696 - scrapers.hackernews_scraper - INFO - 故事 Ask HN: What is the most inter... 转换完成，包含 1 条评论
2025-04-20 16:02:07,696 - scrapers.hackernews_scraper - INFO - 转换第 8/15 个故事: Ask HN: How to transition into...
2025-04-20 16:02:09,430 - scrapers.hackernews_scraper - INFO - 找到 7 条评论
2025-04-20 16:02:09,435 - scrapers.hackernews_scraper - INFO - 故事 Ask HN: How to transition into... 转换完成，包含 7 条评论
2025-04-20 16:02:09,435 - scrapers.hackernews_scraper - INFO - 转换第 9/15 个故事: Ask HN: Do FAANG corps have an...
2025-04-20 16:02:10,945 - scrapers.hackernews_scraper - INFO - 找到 2 条评论
2025-04-20 16:02:10,947 - scrapers.hackernews_scraper - INFO - 故事 Ask HN: Do FAANG corps have an... 转换完成，包含 2 条评论
2025-04-20 16:02:10,947 - scrapers.hackernews_scraper - INFO - 转换第 10/15 个故事: Ask HN: What Did You Learn Too...
2025-04-20 16:02:12,570 - scrapers.hackernews_scraper - INFO - 找到 23 条评论
2025-04-20 16:02:12,591 - scrapers.hackernews_scraper - INFO - 故事 Ask HN: What Did You Learn Too... 转换完成，包含 23 条评论
2025-04-20 16:02:12,591 - scrapers.hackernews_scraper - INFO - 转换第 11/15 个故事: Ask HN: What are the hottest a...
2025-04-20 16:02:14,882 - scrapers.hackernews_scraper - INFO - 找到 3 条评论
2025-04-20 16:02:14,884 - scrapers.hackernews_scraper - INFO - 故事 Ask HN: What are the hottest a... 转换完成，包含 3 条评论
2025-04-20 16:02:14,885 - scrapers.hackernews_scraper - INFO - 转换第 12/15 个故事: Ask HN: Why hasn't Swift gaine...
2025-04-20 16:02:17,759 - scrapers.hackernews_scraper - INFO - 找到 8 条评论
2025-04-20 16:02:17,764 - scrapers.hackernews_scraper - INFO - 故事 Ask HN: Why hasn't Swift gaine... 转换完成，包含 8 条评论
2025-04-20 16:02:17,764 - scrapers.hackernews_scraper - INFO - 转换第 13/15 个故事: Ask HN: AI Tools Now Drive 50%...
2025-04-20 16:02:19,421 - scrapers.hackernews_scraper - INFO - 找到 2 条评论
2025-04-20 16:02:19,422 - scrapers.hackernews_scraper - INFO - 故事 Ask HN: AI Tools Now Drive 50%... 转换完成，包含 2 条评论
2025-04-20 16:02:19,422 - scrapers.hackernews_scraper - INFO - 转换第 14/15 个故事: Ask HN: What do you think of t...
2025-04-20 16:02:22,395 - scrapers.hackernews_scraper - INFO - 找到 7 条评论
2025-04-20 16:02:22,399 - scrapers.hackernews_scraper - INFO - 故事 Ask HN: What do you think of t... 转换完成，包含 7 条评论
2025-04-20 16:02:22,399 - scrapers.hackernews_scraper - INFO - 转换第 15/15 个故事: Ask HN: How do you monetize pe...
2025-04-20 16:02:24,214 - scrapers.hackernews_scraper - INFO - 找到 70 条评论
2025-04-20 16:02:24,342 - scrapers.hackernews_scraper - INFO - 故事 Ask HN: How do you monetize pe... 转换完成，包含 70 条评论
2025-04-20 16:02:24,342 - scrapers.hackernews_scraper - INFO - 共转换 15 个故事为统一格式
2025-04-20 16:02:24,342 - scrapers.hackernews_scraper - INFO - 爬取完成，共获取 15 个Ask HN故事
2025-04-20 16:02:24,720 - utils.storage_utils - INFO - 已更新源索引: hackernews
2025-04-20 16:02:24,723 - utils.storage_utils - INFO - 数据已保存到 data/hackernews/week_2025-04-14.json
2025-04-20 16:02:24,724 - scrapers.base_scraper - INFO - 数据已保存到 data/hackernews/week_2025-04-14.json
2025-04-20 16:02:24,725 - scrapers.base_scraper - INFO - 成功爬取 Hacker News 的数据
2025-04-20 16:02:24,725 - __main__ - INFO - 完成: 1/3 个爬虫成功运行
2025-04-20 16:02:24,967 - __main__ - INFO - 归档所有源的旧数据
2025-04-20 16:02:24,967 - __main__ - INFO - 源 jandan 归档 无需归档
2025-04-20 16:02:24,967 - __main__ - INFO - 源 reddit 归档 无需归档
2025-04-20 16:02:24,967 - __main__ - INFO - 源 hackernews 归档 无需归档
