2025-12-02 16:02:29,968 - __main__ - INFO - 运行所有爬虫
2025-12-02 16:02:29,969 - scrapers.jandan_scraper - INFO - JandanScraper初始化完成
2025-12-02 16:02:29,969 - scrapers.base_scraper - INFO - 开始爬取 煎蛋网
2025-12-02 16:02:29,969 - scrapers.jandan_scraper - INFO - 开始爬取煎蛋热评
2025-12-02 16:02:35,233 - scrapers.jandan_scraper - INFO - 成功获取HTML内容，长度: 24786
2025-12-02 16:02:35,233 - scrapers.jandan_scraper - INFO - 调试: 手动获取评论 5877984 的吐槽数据
2025-12-02 16:02:35,233 - scrapers.jandan_scraper - INFO - 获取评论 5877984 的吐槽内容: https://jandan.net/api/tucao/list/5877984
2025-12-02 16:02:36,918 - scrapers.jandan_scraper - INFO - 评论 5877984 获取到 1 条热门吐槽, 3 条普通吐槽
2025-12-02 16:02:36,919 - scrapers.jandan_scraper - INFO - 调试: 评论 5877984 获取到 1 条热门吐槽, 3 条普通吐槽
2025-12-02 16:02:36,919 - scrapers.jandan_scraper - INFO - 开始解析页面中的评论
2025-12-02 16:02:36,919 - scrapers.jandan_scraper - INFO - 开始解析HTML内容, 长度: 24786
2025-12-02 16:02:36,927 - scrapers.jandan_scraper - INFO - 找到 0 条热门评论
2025-12-02 16:02:36,928 - scrapers.jandan_scraper - INFO - 解析完成，获取到 0 条评论
2025-12-02 16:02:36,928 - scrapers.jandan_scraper - INFO - 开始转换评论为统一格式
2025-12-02 16:02:36,928 - scrapers.jandan_scraper - INFO - 开始转换 0 条评论到统一格式
2025-12-02 16:02:36,928 - scrapers.jandan_scraper - INFO - 共转换 0 条评论为统一格式
2025-12-02 16:02:36,928 - scrapers.jandan_scraper - INFO - 爬取完成，共获取 0 条热评
2025-12-02 16:02:36,928 - scrapers.base_scraper - ERROR - 爬取 煎蛋网 失败
2025-12-02 16:02:36,928 - scrapers.reddit_scraper - INFO - RedditScraper初始化完成
2025-12-02 16:02:36,929 - scrapers.base_scraper - INFO - 开始爬取 Reddit
2025-12-02 16:02:36,929 - scrapers.reddit_scraper - INFO - 开始爬取Reddit r/confessions每周热门帖子
2025-12-02 16:02:39,104 - utils.http_utils - ERROR - 请求失败: https://www.reddit.com/r/confessions/top/.json?t=week&limit=10, 错误: 403 Client Error: Blocked for url: https://www.reddit.com/r/confessions/top/.json?t=week&limit=10
2025-12-02 16:02:39,106 - scrapers.reddit_scraper - ERROR - 获取API数据失败: 403 Client Error: Blocked for url: https://www.reddit.com/r/confessions/top/.json?t=week&limit=10
2025-12-02 16:02:39,106 - scrapers.base_scraper - ERROR - 爬取 Reddit 失败
2025-12-02 16:02:39,106 - scrapers.hackernews_scraper - INFO - HackerNewsScraper初始化完成
2025-12-02 16:02:39,106 - scrapers.base_scraper - INFO - 开始爬取 Hacker News
2025-12-02 16:02:39,106 - scrapers.hackernews_scraper - INFO - 开始爬取Hacker News Ask HN帖子
2025-12-02 16:02:39,107 - scrapers.hackernews_scraper - INFO - 获取Ask HN页面: https://news.ycombinator.com/ask
2025-12-02 16:02:41,407 - scrapers.hackernews_scraper - INFO - 找到 30 个帖子行
2025-12-02 16:02:41,409 - scrapers.hackernews_scraper - INFO - 成功解析故事: Ask HN: Who is hiring? (Decemb..., 作者=whoishiring, 点赞=284, 评论=0
2025-12-02 16:02:41,409 - scrapers.hackernews_scraper - INFO - 成功解析故事: Ask HN: Who wants to be hired?..., 作者=whoishiring, 点赞=136, 评论=0
2025-12-02 16:02:41,410 - scrapers.hackernews_scraper - INFO - 成功解析故事: Ask HN: Quality of recent gens..., 作者=ferguess_k, 点赞=87, 评论=0
2025-12-02 16:02:41,410 - scrapers.hackernews_scraper - INFO - 成功解析故事: Ask HN: Is it OK to look at Ao..., 作者=ifh-hn, 点赞=4, 评论=0
2025-12-02 16:02:41,411 - scrapers.hackernews_scraper - INFO - 成功解析故事: Ask HN: Seeking advice in how ..., 作者=_nhh, 点赞=4, 评论=0
2025-12-02 16:02:41,411 - scrapers.hackernews_scraper - INFO - 成功解析故事: Ask HN: Battling Depression..., 作者=server_man3000, 点赞=7, 评论=0
2025-12-02 16:02:41,412 - scrapers.hackernews_scraper - INFO - 成功解析故事: Ask HN: Any experience using L..., 作者=pera, 点赞=5, 评论=0
2025-12-02 16:02:41,412 - scrapers.hackernews_scraper - INFO - 成功解析故事: Ask HN: Recruiters, does contr..., 作者=salt-thrower, 点赞=7, 评论=0
2025-12-02 16:02:41,413 - scrapers.hackernews_scraper - INFO - 成功解析故事: Ask HN: Looking for "invisible..., 作者=Paradigm2020, 点赞=7, 评论=0
2025-12-02 16:02:41,414 - scrapers.hackernews_scraper - INFO - 成功解析故事: Ask HN: What are you working o..., 作者=burgerquizz, 点赞=13, 评论=0
2025-12-02 16:02:41,414 - scrapers.hackernews_scraper - INFO - 成功解析故事: Ask HN: Others seeing agents d..., 作者=jMyles, 点赞=5, 评论=0
2025-12-02 16:02:41,415 - scrapers.hackernews_scraper - INFO - 成功解析故事: Ask HN: What alternatives to D..., 作者=prdonahue, 点赞=3, 评论=0
2025-12-02 16:02:41,416 - scrapers.hackernews_scraper - INFO - 成功解析故事: Ask HN: Does cross-posting to ..., 作者=StealthyStart, 点赞=4, 评论=0
2025-12-02 16:02:41,417 - scrapers.hackernews_scraper - INFO - 成功解析故事: Ask HN: Linux offline knowledg..., 作者=rando77, 点赞=2, 评论=0
2025-12-02 16:02:41,417 - scrapers.hackernews_scraper - INFO - 成功解析故事: Ask HN: Someone impersonates m..., 作者=nilsherzig, 点赞=4, 评论=0
2025-12-02 16:02:41,417 - scrapers.hackernews_scraper - INFO - 成功解析 15 个Ask HN故事
2025-12-02 16:02:41,417 - scrapers.hackernews_scraper - INFO - 开始转换 15 个故事到统一格式
2025-12-02 16:02:41,417 - scrapers.hackernews_scraper - INFO - 转换第 1/15 个故事: Ask HN: Who is hiring? (Decemb...
2025-12-02 16:02:45,070 - scrapers.hackernews_scraper - INFO - 找到 370 条评论
2025-12-02 16:02:47,807 - scrapers.hackernews_scraper - INFO - 故事 Ask HN: Who is hiring? (Decemb... 转换完成，包含 100 条评论
2025-12-02 16:02:47,807 - scrapers.hackernews_scraper - INFO - 转换第 2/15 个故事: Ask HN: Who wants to be hired?...
2025-12-02 16:02:51,896 - scrapers.hackernews_scraper - INFO - 找到 287 条评论
2025-12-02 16:02:53,616 - scrapers.hackernews_scraper - INFO - 故事 Ask HN: Who wants to be hired?... 转换完成，包含 100 条评论
2025-12-02 16:02:53,616 - scrapers.hackernews_scraper - INFO - 转换第 3/15 个故事: Ask HN: Quality of recent gens...
2025-12-02 16:02:55,403 - scrapers.hackernews_scraper - INFO - 找到 160 条评论
2025-12-02 16:02:55,858 - scrapers.hackernews_scraper - INFO - 故事 Ask HN: Quality of recent gens... 转换完成，包含 100 条评论
2025-12-02 16:02:55,858 - scrapers.hackernews_scraper - INFO - 转换第 4/15 个故事: Ask HN: Is it OK to look at Ao...
2025-12-02 16:02:57,665 - scrapers.hackernews_scraper - INFO - 找到 5 条评论
2025-12-02 16:02:57,668 - scrapers.hackernews_scraper - INFO - 故事 Ask HN: Is it OK to look at Ao... 转换完成，包含 5 条评论
2025-12-02 16:02:57,668 - scrapers.hackernews_scraper - INFO - 转换第 5/15 个故事: Ask HN: Seeking advice in how ...
2025-12-02 16:02:59,832 - scrapers.hackernews_scraper - INFO - 找到 3 条评论
2025-12-02 16:02:59,834 - scrapers.hackernews_scraper - INFO - 故事 Ask HN: Seeking advice in how ... 转换完成，包含 3 条评论
2025-12-02 16:02:59,834 - scrapers.hackernews_scraper - INFO - 转换第 6/15 个故事: Ask HN: Battling Depression...
2025-12-02 16:03:02,354 - scrapers.hackernews_scraper - INFO - 找到 9 条评论
2025-12-02 16:03:02,360 - scrapers.hackernews_scraper - INFO - 故事 Ask HN: Battling Depression... 转换完成，包含 9 条评论
2025-12-02 16:03:02,361 - scrapers.hackernews_scraper - INFO - 转换第 7/15 个故事: Ask HN: Any experience using L...
2025-12-02 16:03:05,514 - scrapers.hackernews_scraper - INFO - 找到 3 条评论
2025-12-02 16:03:05,516 - scrapers.hackernews_scraper - INFO - 故事 Ask HN: Any experience using L... 转换完成，包含 3 条评论
2025-12-02 16:03:05,516 - scrapers.hackernews_scraper - INFO - 转换第 8/15 个故事: Ask HN: Recruiters, does contr...
2025-12-02 16:03:07,066 - scrapers.hackernews_scraper - INFO - 找到 0 条评论
2025-12-02 16:03:07,066 - scrapers.hackernews_scraper - INFO - 故事 Ask HN: Recruiters, does contr... 转换完成，包含 0 条评论
2025-12-02 16:03:07,066 - scrapers.hackernews_scraper - INFO - 转换第 9/15 个故事: Ask HN: Looking for "invisible...
2025-12-02 16:03:08,487 - scrapers.hackernews_scraper - INFO - 找到 1 条评论
2025-12-02 16:03:08,488 - scrapers.hackernews_scraper - INFO - 故事 Ask HN: Looking for "invisible... 转换完成，包含 1 条评论
2025-12-02 16:03:08,488 - scrapers.hackernews_scraper - INFO - 转换第 10/15 个故事: Ask HN: What are you working o...
2025-12-02 16:03:10,212 - scrapers.hackernews_scraper - INFO - 找到 14 条评论
2025-12-02 16:03:10,222 - scrapers.hackernews_scraper - INFO - 故事 Ask HN: What are you working o... 转换完成，包含 14 条评论
2025-12-02 16:03:10,222 - scrapers.hackernews_scraper - INFO - 转换第 11/15 个故事: Ask HN: Others seeing agents d...
2025-12-02 16:03:11,395 - scrapers.hackernews_scraper - INFO - 找到 2 条评论
2025-12-02 16:03:11,397 - scrapers.hackernews_scraper - INFO - 故事 Ask HN: Others seeing agents d... 转换完成，包含 2 条评论
2025-12-02 16:03:11,397 - scrapers.hackernews_scraper - INFO - 转换第 12/15 个故事: Ask HN: What alternatives to D...
2025-12-02 16:03:13,718 - scrapers.hackernews_scraper - INFO - 找到 6 条评论
2025-12-02 16:03:13,721 - scrapers.hackernews_scraper - INFO - 故事 Ask HN: What alternatives to D... 转换完成，包含 6 条评论
2025-12-02 16:03:13,721 - scrapers.hackernews_scraper - INFO - 转换第 13/15 个故事: Ask HN: Does cross-posting to ...
2025-12-02 16:03:15,984 - scrapers.hackernews_scraper - INFO - 找到 5 条评论
2025-12-02 16:03:15,987 - scrapers.hackernews_scraper - INFO - 故事 Ask HN: Does cross-posting to ... 转换完成，包含 5 条评论
2025-12-02 16:03:15,987 - scrapers.hackernews_scraper - INFO - 转换第 14/15 个故事: Ask HN: Linux offline knowledg...
2025-12-02 16:03:18,400 - scrapers.hackernews_scraper - INFO - 找到 4 条评论
2025-12-02 16:03:18,403 - scrapers.hackernews_scraper - INFO - 故事 Ask HN: Linux offline knowledg... 转换完成，包含 4 条评论
2025-12-02 16:03:18,403 - scrapers.hackernews_scraper - INFO - 转换第 15/15 个故事: Ask HN: Someone impersonates m...
2025-12-02 16:03:20,359 - scrapers.hackernews_scraper - INFO - 找到 5 条评论
2025-12-02 16:03:20,362 - scrapers.hackernews_scraper - INFO - 故事 Ask HN: Someone impersonates m... 转换完成，包含 5 条评论
2025-12-02 16:03:20,362 - scrapers.hackernews_scraper - INFO - 共转换 15 个故事为统一格式
2025-12-02 16:03:20,362 - scrapers.hackernews_scraper - INFO - 爬取完成，共获取 15 个Ask HN故事
2025-12-02 16:03:20,750 - utils.storage_utils - INFO - 已更新源索引: hackernews
2025-12-02 16:03:20,751 - utils.storage_utils - INFO - 数据已保存到 data/hackernews/week_2025-12-01.json
2025-12-02 16:03:20,751 - scrapers.base_scraper - INFO - 数据已保存到 data/hackernews/week_2025-12-01.json
2025-12-02 16:03:20,751 - scrapers.base_scraper - INFO - 成功爬取 Hacker News 的数据
2025-12-02 16:03:20,752 - __main__ - INFO - 完成: 1/3 个爬虫成功运行
2025-12-02 16:03:20,977 - __main__ - INFO - 归档所有源的旧数据
2025-12-02 16:03:20,978 - __main__ - INFO - 源 jandan 归档 无需归档
2025-12-02 16:03:20,978 - __main__ - INFO - 源 reddit 归档 无需归档
2025-12-02 16:03:20,978 - __main__ - INFO - 源 hackernews 归档 无需归档
