2025-05-05 16:01:55,269 - __main__ - INFO - 运行所有爬虫
2025-05-05 16:01:55,269 - scrapers.jandan_scraper - INFO - JandanScraper初始化完成
2025-05-05 16:01:55,269 - scrapers.base_scraper - INFO - 开始爬取 煎蛋网
2025-05-05 16:01:55,269 - scrapers.jandan_scraper - INFO - 开始爬取煎蛋热评
2025-05-05 16:01:59,695 - scrapers.jandan_scraper - INFO - 成功获取HTML内容，长度: 25423
2025-05-05 16:01:59,695 - scrapers.jandan_scraper - INFO - 调试: 手动获取评论 5877984 的吐槽数据
2025-05-05 16:01:59,695 - scrapers.jandan_scraper - INFO - 获取评论 5877984 的吐槽内容: https://jandan.net/api/tucao/list/5877984
2025-05-05 16:02:02,101 - scrapers.jandan_scraper - INFO - 评论 5877984 获取到 1 条热门吐槽, 3 条普通吐槽
2025-05-05 16:02:02,101 - scrapers.jandan_scraper - INFO - 调试: 评论 5877984 获取到 1 条热门吐槽, 3 条普通吐槽
2025-05-05 16:02:02,101 - scrapers.jandan_scraper - INFO - 开始解析页面中的评论
2025-05-05 16:02:02,101 - scrapers.jandan_scraper - INFO - 开始解析HTML内容, 长度: 25423
2025-05-05 16:02:02,109 - scrapers.jandan_scraper - INFO - 找到 0 条热门评论
2025-05-05 16:02:02,109 - scrapers.jandan_scraper - INFO - 解析完成，获取到 0 条评论
2025-05-05 16:02:02,109 - scrapers.jandan_scraper - INFO - 开始转换评论为统一格式
2025-05-05 16:02:02,109 - scrapers.jandan_scraper - INFO - 开始转换 0 条评论到统一格式
2025-05-05 16:02:02,109 - scrapers.jandan_scraper - INFO - 共转换 0 条评论为统一格式
2025-05-05 16:02:02,109 - scrapers.jandan_scraper - INFO - 爬取完成，共获取 0 条热评
2025-05-05 16:02:02,110 - scrapers.base_scraper - ERROR - 爬取 煎蛋网 失败
2025-05-05 16:02:02,111 - scrapers.reddit_scraper - INFO - RedditScraper初始化完成
2025-05-05 16:02:02,111 - scrapers.base_scraper - INFO - 开始爬取 Reddit
2025-05-05 16:02:02,111 - scrapers.reddit_scraper - INFO - 开始爬取Reddit r/confessions每周热门帖子
2025-05-05 16:02:03,397 - utils.http_utils - ERROR - 请求失败: https://www.reddit.com/r/confessions/top/.json?t=week&limit=10, 错误: 403 Client Error: Blocked for url: https://www.reddit.com/r/confessions/top/.json?t=week&limit=10
2025-05-05 16:02:03,397 - scrapers.reddit_scraper - ERROR - 获取API数据失败: 403 Client Error: Blocked for url: https://www.reddit.com/r/confessions/top/.json?t=week&limit=10
2025-05-05 16:02:03,397 - scrapers.base_scraper - ERROR - 爬取 Reddit 失败
2025-05-05 16:02:03,398 - scrapers.hackernews_scraper - INFO - HackerNewsScraper初始化完成
2025-05-05 16:02:03,398 - scrapers.base_scraper - INFO - 开始爬取 Hacker News
2025-05-05 16:02:03,398 - scrapers.hackernews_scraper - INFO - 开始爬取Hacker News Ask HN帖子
2025-05-05 16:02:03,398 - scrapers.hackernews_scraper - INFO - 获取Ask HN页面: https://news.ycombinator.com/ask
2025-05-05 16:02:04,623 - scrapers.hackernews_scraper - INFO - 找到 25 个帖子行
2025-05-05 16:02:04,625 - scrapers.hackernews_scraper - INFO - 成功解析故事: Ask HN: Has anyone managed to ..., 作者=hipgrave, 点赞=4, 评论=0
2025-05-05 16:02:04,625 - scrapers.hackernews_scraper - INFO - 成功解析故事: Ask HN: Does anyone know the t..., 作者=PonDiDancefloor, 点赞=2, 评论=0
2025-05-05 16:02:04,626 - scrapers.hackernews_scraper - INFO - 成功解析故事: Ask HN: Hackathons feel fake n..., 作者=sepidy, 点赞=178, 评论=0
2025-05-05 16:02:04,627 - scrapers.hackernews_scraper - INFO - 成功解析故事: Ask HN: What are you working o..., 作者=david927, 点赞=408, 评论=0
2025-05-05 16:02:04,627 - scrapers.hackernews_scraper - INFO - 成功解析故事: Ask HN: Who wants to be hired?..., 作者=whoishiring, 点赞=129, 评论=0
2025-05-05 16:02:04,628 - scrapers.hackernews_scraper - INFO - 成功解析故事: Ask HN: Who is hiring? (May 20..., 作者=whoishiring, 点赞=255, 评论=0
2025-05-05 16:02:04,628 - scrapers.hackernews_scraper - INFO - 成功解析故事: Ask HN: Anyone else give up on..., 作者=999900000999, 点赞=6, 评论=0
2025-05-05 16:02:04,629 - scrapers.hackernews_scraper - INFO - 成功解析故事: Ask HN: I'm a New PostgreSQL H..., 作者=DumBthInker007, 点赞=6, 评论=0
2025-05-05 16:02:04,629 - scrapers.hackernews_scraper - INFO - 成功解析故事: Ask HN: Best underrated way to..., 作者=tolarewaju3, 点赞=12, 评论=0
2025-05-05 16:02:04,630 - scrapers.hackernews_scraper - INFO - 成功解析故事: Ask HN: Memory-safe low level ..., 作者=hyperbrainer, 点赞=60, 评论=0
2025-05-05 16:02:04,631 - scrapers.hackernews_scraper - INFO - 成功解析故事: Ask HN: AI tools to help you l..., 作者=ilmoi, 点赞=15, 评论=0
2025-05-05 16:02:04,631 - scrapers.hackernews_scraper - INFO - 成功解析故事: Ask HN: How do I get over my f..., 作者=little_ent, 点赞=8, 评论=0
2025-05-05 16:02:04,632 - scrapers.hackernews_scraper - INFO - 成功解析故事: Ask HN: Sold my company, paren..., 作者=throwaway84321, 点赞=21, 评论=0
2025-05-05 16:02:04,633 - scrapers.hackernews_scraper - INFO - 成功解析故事: Ask HN: CS degrees, do they ma..., 作者=platevoltage, 点赞=86, 评论=0
2025-05-05 16:02:04,633 - scrapers.hackernews_scraper - INFO - 成功解析故事: Ask HN: Are there any apps to ..., 作者=cantrobot, 点赞=23, 评论=0
2025-05-05 16:02:04,633 - scrapers.hackernews_scraper - INFO - 成功解析 15 个Ask HN故事
2025-05-05 16:02:04,634 - scrapers.hackernews_scraper - INFO - 开始转换 15 个故事到统一格式
2025-05-05 16:02:04,634 - scrapers.hackernews_scraper - INFO - 转换第 1/15 个故事: Ask HN: Has anyone managed to ...
2025-05-05 16:02:05,827 - scrapers.hackernews_scraper - INFO - 找到 1 条评论
2025-05-05 16:02:05,828 - scrapers.hackernews_scraper - INFO - 故事 Ask HN: Has anyone managed to ... 转换完成，包含 1 条评论
2025-05-05 16:02:05,828 - scrapers.hackernews_scraper - INFO - 转换第 2/15 个故事: Ask HN: Does anyone know the t...
2025-05-05 16:02:07,516 - scrapers.hackernews_scraper - INFO - 找到 1 条评论
2025-05-05 16:02:07,517 - scrapers.hackernews_scraper - INFO - 故事 Ask HN: Does anyone know the t... 转换完成，包含 1 条评论
2025-05-05 16:02:07,517 - scrapers.hackernews_scraper - INFO - 转换第 3/15 个故事: Ask HN: Hackathons feel fake n...
2025-05-05 16:02:10,432 - scrapers.hackernews_scraper - INFO - 找到 113 条评论
2025-05-05 16:02:10,723 - scrapers.hackernews_scraper - INFO - 故事 Ask HN: Hackathons feel fake n... 转换完成，包含 100 条评论
2025-05-05 16:02:10,723 - scrapers.hackernews_scraper - INFO - 转换第 4/15 个故事: Ask HN: What are you working o...
2025-05-05 16:02:16,746 - scrapers.hackernews_scraper - INFO - 找到 1202 条评论
2025-05-05 16:02:47,097 - scrapers.hackernews_scraper - INFO - 故事 Ask HN: What are you working o... 转换完成，包含 100 条评论
2025-05-05 16:02:47,098 - scrapers.hackernews_scraper - INFO - 转换第 5/15 个故事: Ask HN: Who wants to be hired?...
2025-05-05 16:02:50,829 - scrapers.hackernews_scraper - INFO - 找到 335 条评论
2025-05-05 16:02:53,356 - scrapers.hackernews_scraper - INFO - 故事 Ask HN: Who wants to be hired?... 转换完成，包含 100 条评论
2025-05-05 16:02:53,357 - scrapers.hackernews_scraper - INFO - 转换第 6/15 个故事: Ask HN: Who is hiring? (May 20...
2025-05-05 16:02:56,685 - scrapers.hackernews_scraper - INFO - 找到 345 条评论
2025-05-05 16:02:59,362 - scrapers.hackernews_scraper - INFO - 故事 Ask HN: Who is hiring? (May 20... 转换完成，包含 100 条评论
2025-05-05 16:02:59,362 - scrapers.hackernews_scraper - INFO - 转换第 7/15 个故事: Ask HN: Anyone else give up on...
2025-05-05 16:03:01,454 - scrapers.hackernews_scraper - INFO - 找到 7 条评论
2025-05-05 16:03:01,459 - scrapers.hackernews_scraper - INFO - 故事 Ask HN: Anyone else give up on... 转换完成，包含 7 条评论
2025-05-05 16:03:01,459 - scrapers.hackernews_scraper - INFO - 转换第 8/15 个故事: Ask HN: I'm a New PostgreSQL H...
2025-05-05 16:03:03,488 - scrapers.hackernews_scraper - INFO - 找到 6 条评论
2025-05-05 16:03:03,493 - scrapers.hackernews_scraper - INFO - 故事 Ask HN: I'm a New PostgreSQL H... 转换完成，包含 6 条评论
2025-05-05 16:03:03,493 - scrapers.hackernews_scraper - INFO - 转换第 9/15 个故事: Ask HN: Best underrated way to...
2025-05-05 16:03:05,608 - scrapers.hackernews_scraper - INFO - 找到 31 条评论
2025-05-05 16:03:05,640 - scrapers.hackernews_scraper - INFO - 故事 Ask HN: Best underrated way to... 转换完成，包含 31 条评论
2025-05-05 16:03:05,640 - scrapers.hackernews_scraper - INFO - 转换第 10/15 个故事: Ask HN: Memory-safe low level ...
2025-05-05 16:03:07,707 - scrapers.hackernews_scraper - INFO - 找到 114 条评论
2025-05-05 16:03:08,006 - scrapers.hackernews_scraper - INFO - 故事 Ask HN: Memory-safe low level ... 转换完成，包含 100 条评论
2025-05-05 16:03:08,007 - scrapers.hackernews_scraper - INFO - 转换第 11/15 个故事: Ask HN: AI tools to help you l...
2025-05-05 16:03:09,923 - scrapers.hackernews_scraper - INFO - 找到 4 条评论
2025-05-05 16:03:09,926 - scrapers.hackernews_scraper - INFO - 故事 Ask HN: AI tools to help you l... 转换完成，包含 4 条评论
2025-05-05 16:03:09,926 - scrapers.hackernews_scraper - INFO - 转换第 12/15 个故事: Ask HN: How do I get over my f...
2025-05-05 16:03:11,402 - scrapers.hackernews_scraper - INFO - 找到 15 条评论
2025-05-05 16:03:11,415 - scrapers.hackernews_scraper - INFO - 故事 Ask HN: How do I get over my f... 转换完成，包含 15 条评论
2025-05-05 16:03:11,415 - scrapers.hackernews_scraper - INFO - 转换第 13/15 个故事: Ask HN: Sold my company, paren...
2025-05-05 16:03:14,297 - scrapers.hackernews_scraper - INFO - 找到 19 条评论
2025-05-05 16:03:14,313 - scrapers.hackernews_scraper - INFO - 故事 Ask HN: Sold my company, paren... 转换完成，包含 19 条评论
2025-05-05 16:03:14,313 - scrapers.hackernews_scraper - INFO - 转换第 14/15 个故事: Ask HN: CS degrees, do they ma...
2025-05-05 16:03:16,650 - scrapers.hackernews_scraper - INFO - 找到 238 条评论
2025-05-05 16:03:17,751 - scrapers.hackernews_scraper - INFO - 故事 Ask HN: CS degrees, do they ma... 转换完成，包含 100 条评论
2025-05-05 16:03:17,751 - scrapers.hackernews_scraper - INFO - 转换第 15/15 个故事: Ask HN: Are there any apps to ...
2025-05-05 16:03:20,586 - scrapers.hackernews_scraper - INFO - 找到 19 条评论
2025-05-05 16:03:20,602 - scrapers.hackernews_scraper - INFO - 故事 Ask HN: Are there any apps to ... 转换完成，包含 19 条评论
2025-05-05 16:03:20,602 - scrapers.hackernews_scraper - INFO - 共转换 15 个故事为统一格式
2025-05-05 16:03:20,602 - scrapers.hackernews_scraper - INFO - 爬取完成，共获取 15 个Ask HN故事
2025-05-05 16:03:20,827 - utils.storage_utils - INFO - 已更新源索引: hackernews
2025-05-05 16:03:20,829 - utils.storage_utils - INFO - 数据已保存到 data/hackernews/week_2025-05-05.json
2025-05-05 16:03:20,829 - scrapers.base_scraper - INFO - 数据已保存到 data/hackernews/week_2025-05-05.json
2025-05-05 16:03:20,829 - scrapers.base_scraper - INFO - 成功爬取 Hacker News 的数据
2025-05-05 16:03:20,829 - __main__ - INFO - 完成: 1/3 个爬虫成功运行
2025-05-05 16:03:21,066 - __main__ - INFO - 归档所有源的旧数据
2025-05-05 16:03:21,067 - __main__ - INFO - 源 jandan 归档 无需归档
2025-05-05 16:03:21,067 - __main__ - INFO - 源 reddit 归档 无需归档
2025-05-05 16:03:21,067 - __main__ - INFO - 源 hackernews 归档 无需归档
