2025-06-18 16:01:56,271 - __main__ - INFO - 运行所有爬虫
2025-06-18 16:01:56,272 - scrapers.jandan_scraper - INFO - JandanScraper初始化完成
2025-06-18 16:01:56,272 - scrapers.base_scraper - INFO - 开始爬取 煎蛋网
2025-06-18 16:01:56,272 - scrapers.jandan_scraper - INFO - 开始爬取煎蛋热评
2025-06-18 16:02:01,961 - scrapers.jandan_scraper - INFO - 成功获取HTML内容，长度: 26153
2025-06-18 16:02:01,961 - scrapers.jandan_scraper - INFO - 调试: 手动获取评论 5877984 的吐槽数据
2025-06-18 16:02:01,961 - scrapers.jandan_scraper - INFO - 获取评论 5877984 的吐槽内容: https://jandan.net/api/tucao/list/5877984
2025-06-18 16:02:13,805 - urllib3.connectionpool - WARNING - Retrying (Retry(total=2, connect=None, read=None, redirect=None, status=None)) after connection broken by 'ReadTimeoutError("HTTPSConnectionPool(host='jandan.net', port=443): Read timed out. (read timeout=10)")': /api/tucao/list/5877984
2025-06-18 16:02:15,064 - scrapers.jandan_scraper - INFO - 评论 5877984 获取到 1 条热门吐槽, 3 条普通吐槽
2025-06-18 16:02:15,064 - scrapers.jandan_scraper - INFO - 调试: 评论 5877984 获取到 1 条热门吐槽, 3 条普通吐槽
2025-06-18 16:02:15,064 - scrapers.jandan_scraper - INFO - 开始解析页面中的评论
2025-06-18 16:02:15,064 - scrapers.jandan_scraper - INFO - 开始解析HTML内容, 长度: 26153
2025-06-18 16:02:15,073 - scrapers.jandan_scraper - INFO - 找到 0 条热门评论
2025-06-18 16:02:15,073 - scrapers.jandan_scraper - INFO - 解析完成，获取到 0 条评论
2025-06-18 16:02:15,073 - scrapers.jandan_scraper - INFO - 开始转换评论为统一格式
2025-06-18 16:02:15,073 - scrapers.jandan_scraper - INFO - 开始转换 0 条评论到统一格式
2025-06-18 16:02:15,073 - scrapers.jandan_scraper - INFO - 共转换 0 条评论为统一格式
2025-06-18 16:02:15,074 - scrapers.jandan_scraper - INFO - 爬取完成，共获取 0 条热评
2025-06-18 16:02:15,074 - scrapers.base_scraper - ERROR - 爬取 煎蛋网 失败
2025-06-18 16:02:15,074 - scrapers.reddit_scraper - INFO - RedditScraper初始化完成
2025-06-18 16:02:15,074 - scrapers.base_scraper - INFO - 开始爬取 Reddit
2025-06-18 16:02:15,074 - scrapers.reddit_scraper - INFO - 开始爬取Reddit r/confessions每周热门帖子
2025-06-18 16:02:17,649 - utils.http_utils - ERROR - 请求失败: https://www.reddit.com/r/confessions/top/.json?t=week&limit=10, 错误: 403 Client Error: Blocked for url: https://www.reddit.com/r/confessions/top/.json?t=week&limit=10
2025-06-18 16:02:17,649 - scrapers.reddit_scraper - ERROR - 获取API数据失败: 403 Client Error: Blocked for url: https://www.reddit.com/r/confessions/top/.json?t=week&limit=10
2025-06-18 16:02:17,650 - scrapers.base_scraper - ERROR - 爬取 Reddit 失败
2025-06-18 16:02:17,650 - scrapers.hackernews_scraper - INFO - HackerNewsScraper初始化完成
2025-06-18 16:02:17,650 - scrapers.base_scraper - INFO - 开始爬取 Hacker News
2025-06-18 16:02:17,650 - scrapers.hackernews_scraper - INFO - 开始爬取Hacker News Ask HN帖子
2025-06-18 16:02:17,650 - scrapers.hackernews_scraper - INFO - 获取Ask HN页面: https://news.ycombinator.com/ask
2025-06-18 16:02:19,503 - scrapers.hackernews_scraper - INFO - 找到 30 个帖子行
2025-06-18 16:02:19,504 - scrapers.hackernews_scraper - INFO - 成功解析故事: Ask HN: Data engineers, What s..., 作者=robz75, 点赞=4, 评论=0
2025-06-18 16:02:19,505 - scrapers.hackernews_scraper - INFO - 成功解析故事: Ask HN: You have $35,000 how d..., 作者=asim, 点赞=8, 评论=0
2025-06-18 16:02:19,505 - scrapers.hackernews_scraper - INFO - 成功解析故事: Ask HN: What's your vibe codin..., 作者=closetkantian, 点赞=4, 评论=0
2025-06-18 16:02:19,506 - scrapers.hackernews_scraper - INFO - 成功解析故事: Ask HN: Tech people who are se..., 作者=throwaway_owe98, 点赞=14, 评论=0
2025-06-18 16:02:19,507 - scrapers.hackernews_scraper - INFO - 成功解析故事: Ask HN: How to Deal with a Bad..., 作者=finik_throwaway, 点赞=82, 评论=0
2025-06-18 16:02:19,507 - scrapers.hackernews_scraper - INFO - 成功解析故事: Ask HN: What cool skill or pro..., 作者=akktor, 点赞=124, 评论=0
2025-06-18 16:02:19,508 - scrapers.hackernews_scraper - INFO - 成功解析故事: Ask HN: How do I give back to ..., 作者=jupiterglimpse, 点赞=394, 评论=0
2025-06-18 16:02:19,508 - scrapers.hackernews_scraper - INFO - 成功解析故事: Ask HN: In a guide to inner wo..., 作者=cjbarber, 点赞=3, 评论=0
2025-06-18 16:02:19,509 - scrapers.hackernews_scraper - INFO - 成功解析故事: Ask HN: What is your fallback ..., 作者=7402, 点赞=93, 评论=0
2025-06-18 16:02:19,510 - scrapers.hackernews_scraper - INFO - 成功解析故事: Ask HN: How to learn CUDA to p..., 作者=upmind, 点赞=248, 评论=0
2025-06-18 16:02:19,510 - scrapers.hackernews_scraper - INFO - 成功解析故事: Ask HN: Is there an AI bot tha..., 作者=bryanrasmussen, 点赞=15, 评论=0
2025-06-18 16:02:19,511 - scrapers.hackernews_scraper - INFO - 成功解析故事: Ask HN: Genuine alternatives t..., 作者=asjdflakjsdf, 点赞=22, 评论=0
2025-06-18 16:02:19,512 - scrapers.hackernews_scraper - INFO - 成功解析故事: Ask HN: Prevent Secrets from C..., 作者=abhijais1, 点赞=6, 评论=0
2025-06-18 16:02:19,512 - scrapers.hackernews_scraper - INFO - 成功解析故事: Ask HN: Is ageism in tech stil..., 作者=leonagano, 点赞=149, 评论=0
2025-06-18 16:02:19,513 - scrapers.hackernews_scraper - INFO - 成功解析故事: Ask HN: Casual Math Book Sugge..., 作者=vriendspookstem, 点赞=14, 评论=0
2025-06-18 16:02:19,513 - scrapers.hackernews_scraper - INFO - 成功解析 15 个Ask HN故事
2025-06-18 16:02:19,513 - scrapers.hackernews_scraper - INFO - 开始转换 15 个故事到统一格式
2025-06-18 16:02:19,513 - scrapers.hackernews_scraper - INFO - 转换第 1/15 个故事: Ask HN: Data engineers, What s...
2025-06-18 16:02:21,082 - scrapers.hackernews_scraper - INFO - 找到 10 条评论
2025-06-18 16:02:21,089 - scrapers.hackernews_scraper - INFO - 故事 Ask HN: Data engineers, What s... 转换完成，包含 10 条评论
2025-06-18 16:02:21,089 - scrapers.hackernews_scraper - INFO - 转换第 2/15 个故事: Ask HN: You have $35,000 how d...
2025-06-18 16:02:23,431 - scrapers.hackernews_scraper - INFO - 找到 16 条评论
2025-06-18 16:02:23,444 - scrapers.hackernews_scraper - INFO - 故事 Ask HN: You have $35,000 how d... 转换完成，包含 16 条评论
2025-06-18 16:02:23,444 - scrapers.hackernews_scraper - INFO - 转换第 3/15 个故事: Ask HN: What's your vibe codin...
2025-06-18 16:02:26,073 - scrapers.hackernews_scraper - INFO - 找到 1 条评论
2025-06-18 16:02:26,074 - scrapers.hackernews_scraper - INFO - 故事 Ask HN: What's your vibe codin... 转换完成，包含 1 条评论
2025-06-18 16:02:26,074 - scrapers.hackernews_scraper - INFO - 转换第 4/15 个故事: Ask HN: Tech people who are se...
2025-06-18 16:02:28,810 - scrapers.hackernews_scraper - INFO - 找到 5 条评论
2025-06-18 16:02:28,814 - scrapers.hackernews_scraper - INFO - 故事 Ask HN: Tech people who are se... 转换完成，包含 5 条评论
2025-06-18 16:02:28,814 - scrapers.hackernews_scraper - INFO - 转换第 5/15 个故事: Ask HN: How to Deal with a Bad...
2025-06-18 16:02:30,762 - scrapers.hackernews_scraper - INFO - 找到 77 条评论
2025-06-18 16:02:30,912 - scrapers.hackernews_scraper - INFO - 故事 Ask HN: How to Deal with a Bad... 转换完成，包含 77 条评论
2025-06-18 16:02:30,912 - scrapers.hackernews_scraper - INFO - 转换第 6/15 个故事: Ask HN: What cool skill or pro...
2025-06-18 16:02:33,554 - scrapers.hackernews_scraper - INFO - 找到 261 条评论
2025-06-18 16:02:34,915 - scrapers.hackernews_scraper - INFO - 故事 Ask HN: What cool skill or pro... 转换完成，包含 100 条评论
2025-06-18 16:02:34,915 - scrapers.hackernews_scraper - INFO - 转换第 7/15 个故事: Ask HN: How do I give back to ...
2025-06-18 16:02:37,941 - scrapers.hackernews_scraper - INFO - 找到 206 条评论
2025-06-18 16:02:38,796 - scrapers.hackernews_scraper - INFO - 故事 Ask HN: How do I give back to ... 转换完成，包含 100 条评论
2025-06-18 16:02:38,796 - scrapers.hackernews_scraper - INFO - 转换第 8/15 个故事: Ask HN: In a guide to inner wo...
2025-06-18 16:02:41,795 - scrapers.hackernews_scraper - INFO - 找到 2 条评论
2025-06-18 16:02:41,797 - scrapers.hackernews_scraper - INFO - 故事 Ask HN: In a guide to inner wo... 转换完成，包含 2 条评论
2025-06-18 16:02:41,797 - scrapers.hackernews_scraper - INFO - 转换第 9/15 个故事: Ask HN: What is your fallback ...
2025-06-18 16:02:45,541 - scrapers.hackernews_scraper - INFO - 找到 191 条评论
2025-06-18 16:02:46,279 - scrapers.hackernews_scraper - INFO - 故事 Ask HN: What is your fallback ... 转换完成，包含 100 条评论
2025-06-18 16:02:46,279 - scrapers.hackernews_scraper - INFO - 转换第 10/15 个故事: Ask HN: How to learn CUDA to p...
2025-06-18 16:02:48,674 - scrapers.hackernews_scraper - INFO - 找到 82 条评论
2025-06-18 16:02:48,839 - scrapers.hackernews_scraper - INFO - 故事 Ask HN: How to learn CUDA to p... 转换完成，包含 82 条评论
2025-06-18 16:02:48,839 - scrapers.hackernews_scraper - INFO - 转换第 11/15 个故事: Ask HN: Is there an AI bot tha...
2025-06-18 16:02:51,697 - scrapers.hackernews_scraper - INFO - 找到 11 条评论
2025-06-18 16:02:51,706 - scrapers.hackernews_scraper - INFO - 故事 Ask HN: Is there an AI bot tha... 转换完成，包含 11 条评论
2025-06-18 16:02:51,706 - scrapers.hackernews_scraper - INFO - 转换第 12/15 个故事: Ask HN: Genuine alternatives t...
2025-06-18 16:02:53,810 - scrapers.hackernews_scraper - INFO - 找到 13 条评论
2025-06-18 16:02:53,820 - scrapers.hackernews_scraper - INFO - 故事 Ask HN: Genuine alternatives t... 转换完成，包含 13 条评论
2025-06-18 16:02:53,820 - scrapers.hackernews_scraper - INFO - 转换第 13/15 个故事: Ask HN: Prevent Secrets from C...
2025-06-18 16:02:56,942 - scrapers.hackernews_scraper - INFO - 找到 12 条评论
2025-06-18 16:02:56,952 - scrapers.hackernews_scraper - INFO - 故事 Ask HN: Prevent Secrets from C... 转换完成，包含 12 条评论
2025-06-18 16:02:56,952 - scrapers.hackernews_scraper - INFO - 转换第 14/15 个故事: Ask HN: Is ageism in tech stil...
2025-06-18 16:03:00,107 - scrapers.hackernews_scraper - INFO - 找到 186 条评论
2025-06-18 16:03:00,814 - scrapers.hackernews_scraper - INFO - 故事 Ask HN: Is ageism in tech stil... 转换完成，包含 100 条评论
2025-06-18 16:03:00,814 - scrapers.hackernews_scraper - INFO - 转换第 15/15 个故事: Ask HN: Casual Math Book Sugge...
2025-06-18 16:03:02,401 - scrapers.hackernews_scraper - INFO - 找到 7 条评论
2025-06-18 16:03:02,406 - scrapers.hackernews_scraper - INFO - 故事 Ask HN: Casual Math Book Sugge... 转换完成，包含 7 条评论
2025-06-18 16:03:02,406 - scrapers.hackernews_scraper - INFO - 共转换 15 个故事为统一格式
2025-06-18 16:03:02,406 - scrapers.hackernews_scraper - INFO - 爬取完成，共获取 15 个Ask HN故事
2025-06-18 16:03:02,940 - utils.storage_utils - INFO - 已更新源索引: hackernews
2025-06-18 16:03:02,943 - utils.storage_utils - INFO - 数据已保存到 data/hackernews/week_2025-06-16.json
2025-06-18 16:03:02,944 - scrapers.base_scraper - INFO - 数据已保存到 data/hackernews/week_2025-06-16.json
2025-06-18 16:03:02,944 - scrapers.base_scraper - INFO - 成功爬取 Hacker News 的数据
2025-06-18 16:03:02,945 - __main__ - INFO - 完成: 1/3 个爬虫成功运行
2025-06-18 16:03:03,189 - __main__ - INFO - 归档所有源的旧数据
2025-06-18 16:03:03,190 - __main__ - INFO - 源 jandan 归档 无需归档
2025-06-18 16:03:03,190 - __main__ - INFO - 源 reddit 归档 无需归档
2025-06-18 16:03:03,190 - __main__ - INFO - 源 hackernews 归档 无需归档
