2025-05-04 16:01:32,610 - __main__ - INFO - 运行所有爬虫
2025-05-04 16:01:32,611 - scrapers.jandan_scraper - INFO - JandanScraper初始化完成
2025-05-04 16:01:32,611 - scrapers.base_scraper - INFO - 开始爬取 煎蛋网
2025-05-04 16:01:32,611 - scrapers.jandan_scraper - INFO - 开始爬取煎蛋热评
2025-05-04 16:01:36,429 - scrapers.jandan_scraper - INFO - 成功获取HTML内容，长度: 25423
2025-05-04 16:01:36,429 - scrapers.jandan_scraper - INFO - 调试: 手动获取评论 5877984 的吐槽数据
2025-05-04 16:01:36,429 - scrapers.jandan_scraper - INFO - 获取评论 5877984 的吐槽内容: https://jandan.net/api/tucao/list/5877984
2025-05-04 16:01:38,102 - scrapers.jandan_scraper - INFO - 评论 5877984 获取到 1 条热门吐槽, 3 条普通吐槽
2025-05-04 16:01:38,103 - scrapers.jandan_scraper - INFO - 调试: 评论 5877984 获取到 1 条热门吐槽, 3 条普通吐槽
2025-05-04 16:01:38,103 - scrapers.jandan_scraper - INFO - 开始解析页面中的评论
2025-05-04 16:01:38,103 - scrapers.jandan_scraper - INFO - 开始解析HTML内容, 长度: 25423
2025-05-04 16:01:38,111 - scrapers.jandan_scraper - INFO - 找到 0 条热门评论
2025-05-04 16:01:38,111 - scrapers.jandan_scraper - INFO - 解析完成，获取到 0 条评论
2025-05-04 16:01:38,111 - scrapers.jandan_scraper - INFO - 开始转换评论为统一格式
2025-05-04 16:01:38,111 - scrapers.jandan_scraper - INFO - 开始转换 0 条评论到统一格式
2025-05-04 16:01:38,111 - scrapers.jandan_scraper - INFO - 共转换 0 条评论为统一格式
2025-05-04 16:01:38,111 - scrapers.jandan_scraper - INFO - 爬取完成，共获取 0 条热评
2025-05-04 16:01:38,111 - scrapers.base_scraper - ERROR - 爬取 煎蛋网 失败
2025-05-04 16:01:38,112 - scrapers.reddit_scraper - INFO - RedditScraper初始化完成
2025-05-04 16:01:38,113 - scrapers.base_scraper - INFO - 开始爬取 Reddit
2025-05-04 16:01:38,113 - scrapers.reddit_scraper - INFO - 开始爬取Reddit r/confessions每周热门帖子
2025-05-04 16:01:40,471 - utils.http_utils - ERROR - 请求失败: https://www.reddit.com/r/confessions/top/.json?t=week&limit=10, 错误: 403 Client Error: Blocked for url: https://www.reddit.com/r/confessions/top/.json?t=week&limit=10
2025-05-04 16:01:40,471 - scrapers.reddit_scraper - ERROR - 获取API数据失败: 403 Client Error: Blocked for url: https://www.reddit.com/r/confessions/top/.json?t=week&limit=10
2025-05-04 16:01:40,471 - scrapers.base_scraper - ERROR - 爬取 Reddit 失败
2025-05-04 16:01:40,471 - scrapers.hackernews_scraper - INFO - HackerNewsScraper初始化完成
2025-05-04 16:01:40,471 - scrapers.base_scraper - INFO - 开始爬取 Hacker News
2025-05-04 16:01:40,472 - scrapers.hackernews_scraper - INFO - 开始爬取Hacker News Ask HN帖子
2025-05-04 16:01:40,472 - scrapers.hackernews_scraper - INFO - 获取Ask HN页面: https://news.ycombinator.com/ask
2025-05-04 16:01:42,929 - scrapers.hackernews_scraper - INFO - 找到 30 个帖子行
2025-05-04 16:01:42,930 - scrapers.hackernews_scraper - INFO - 成功解析故事: Ask HN: I'm a New PostgreSQL H..., 作者=DumBthInker007, 点赞=2, 评论=0
2025-05-04 16:01:42,931 - scrapers.hackernews_scraper - INFO - 成功解析故事: Ask HN: What are you working o..., 作者=david927, 点赞=406, 评论=0
2025-05-04 16:01:42,932 - scrapers.hackernews_scraper - INFO - 成功解析故事: Ask HN: Who wants to be hired?..., 作者=whoishiring, 点赞=124, 评论=0
2025-05-04 16:01:42,932 - scrapers.hackernews_scraper - INFO - 成功解析故事: Ask HN: Who is hiring? (May 20..., 作者=whoishiring, 点赞=249, 评论=0
2025-05-04 16:01:42,933 - scrapers.hackernews_scraper - INFO - 成功解析故事: Ask HN: Best underrated way to..., 作者=tolarewaju3, 点赞=9, 评论=0
2025-05-04 16:01:42,934 - scrapers.hackernews_scraper - INFO - 成功解析故事: Ask HN: What Problem Would You..., 作者=hedayet, 点赞=7, 评论=0
2025-05-04 16:01:42,934 - scrapers.hackernews_scraper - INFO - 成功解析故事: Ask HN: How do I get over my f..., 作者=little_ent, 点赞=6, 评论=0
2025-05-04 16:01:42,935 - scrapers.hackernews_scraper - INFO - 成功解析故事: Ask HN: AI tools to help you l..., 作者=ilmoi, 点赞=15, 评论=0
2025-05-04 16:01:42,936 - scrapers.hackernews_scraper - INFO - 成功解析故事: Ask HN: Memory-safe low level ..., 作者=hyperbrainer, 点赞=55, 评论=0
2025-05-04 16:01:42,936 - scrapers.hackernews_scraper - INFO - 成功解析故事: Ask HN: Blocked by Cloudflare ..., 作者=ksec, 点赞=4, 评论=0
2025-05-04 16:01:42,937 - scrapers.hackernews_scraper - INFO - 成功解析故事: Ask HN: Why has there been a r..., 作者=grandimam, 点赞=3, 评论=0
2025-05-04 16:01:42,938 - scrapers.hackernews_scraper - INFO - 成功解析故事: Ask HN: When do tariffs get le..., 作者=givemeethekeys, 点赞=5, 评论=0
2025-05-04 16:01:42,938 - scrapers.hackernews_scraper - INFO - 成功解析故事: Ask HN: CS degrees, do they ma..., 作者=platevoltage, 点赞=86, 评论=0
2025-05-04 16:01:42,939 - scrapers.hackernews_scraper - INFO - 成功解析故事: Ask HN: Can't launch my Androi..., 作者=Naomarik, 点赞=6, 评论=0
2025-05-04 16:01:42,940 - scrapers.hackernews_scraper - INFO - 成功解析故事: Ask HN: What's a good system t..., 作者=dottjt, 点赞=6, 评论=0
2025-05-04 16:01:42,940 - scrapers.hackernews_scraper - INFO - 成功解析 15 个Ask HN故事
2025-05-04 16:01:42,940 - scrapers.hackernews_scraper - INFO - 开始转换 15 个故事到统一格式
2025-05-04 16:01:42,940 - scrapers.hackernews_scraper - INFO - 转换第 1/15 个故事: Ask HN: I'm a New PostgreSQL H...
2025-05-04 16:01:44,129 - scrapers.hackernews_scraper - INFO - 找到 4 条评论
2025-05-04 16:01:44,131 - scrapers.hackernews_scraper - INFO - 故事 Ask HN: I'm a New PostgreSQL H... 转换完成，包含 4 条评论
2025-05-04 16:01:44,132 - scrapers.hackernews_scraper - INFO - 转换第 2/15 个故事: Ask HN: What are you working o...
2025-05-04 16:01:51,578 - scrapers.hackernews_scraper - INFO - 找到 1197 条评论
2025-05-04 16:02:22,405 - scrapers.hackernews_scraper - INFO - 故事 Ask HN: What are you working o... 转换完成，包含 100 条评论
2025-05-04 16:02:22,405 - scrapers.hackernews_scraper - INFO - 转换第 3/15 个故事: Ask HN: Who wants to be hired?...
2025-05-04 16:02:24,923 - scrapers.hackernews_scraper - INFO - 找到 310 条评论
2025-05-04 16:02:27,111 - scrapers.hackernews_scraper - INFO - 故事 Ask HN: Who wants to be hired?... 转换完成，包含 100 条评论
2025-05-04 16:02:27,111 - scrapers.hackernews_scraper - INFO - 转换第 4/15 个故事: Ask HN: Who is hiring? (May 20...
2025-05-04 16:02:30,539 - scrapers.hackernews_scraper - INFO - 找到 319 条评论
2025-05-04 16:02:32,792 - scrapers.hackernews_scraper - INFO - 故事 Ask HN: Who is hiring? (May 20... 转换完成，包含 100 条评论
2025-05-04 16:02:32,793 - scrapers.hackernews_scraper - INFO - 转换第 5/15 个故事: Ask HN: Best underrated way to...
2025-05-04 16:02:34,540 - scrapers.hackernews_scraper - INFO - 找到 25 条评论
2025-05-04 16:02:34,563 - scrapers.hackernews_scraper - INFO - 故事 Ask HN: Best underrated way to... 转换完成，包含 25 条评论
2025-05-04 16:02:34,563 - scrapers.hackernews_scraper - INFO - 转换第 6/15 个故事: Ask HN: What Problem Would You...
2025-05-04 16:02:37,731 - scrapers.hackernews_scraper - INFO - 找到 31 条评论
2025-05-04 16:02:37,765 - scrapers.hackernews_scraper - INFO - 故事 Ask HN: What Problem Would You... 转换完成，包含 31 条评论
2025-05-04 16:02:37,765 - scrapers.hackernews_scraper - INFO - 转换第 7/15 个故事: Ask HN: How do I get over my f...
2025-05-04 16:02:40,632 - scrapers.hackernews_scraper - INFO - 找到 11 条评论
2025-05-04 16:02:40,640 - scrapers.hackernews_scraper - INFO - 故事 Ask HN: How do I get over my f... 转换完成，包含 11 条评论
2025-05-04 16:02:40,640 - scrapers.hackernews_scraper - INFO - 转换第 8/15 个故事: Ask HN: AI tools to help you l...
2025-05-04 16:02:41,912 - scrapers.hackernews_scraper - INFO - 找到 2 条评论
2025-05-04 16:02:41,913 - scrapers.hackernews_scraper - INFO - 故事 Ask HN: AI tools to help you l... 转换完成，包含 2 条评论
2025-05-04 16:02:41,913 - scrapers.hackernews_scraper - INFO - 转换第 9/15 个故事: Ask HN: Memory-safe low level ...
2025-05-04 16:02:43,469 - scrapers.hackernews_scraper - INFO - 找到 112 条评论
2025-05-04 16:02:43,765 - scrapers.hackernews_scraper - INFO - 故事 Ask HN: Memory-safe low level ... 转换完成，包含 100 条评论
2025-05-04 16:02:43,765 - scrapers.hackernews_scraper - INFO - 转换第 10/15 个故事: Ask HN: Blocked by Cloudflare ...
2025-05-04 16:02:45,723 - scrapers.hackernews_scraper - INFO - 找到 8 条评论
2025-05-04 16:02:45,728 - scrapers.hackernews_scraper - INFO - 故事 Ask HN: Blocked by Cloudflare ... 转换完成，包含 8 条评论
2025-05-04 16:02:45,728 - scrapers.hackernews_scraper - INFO - 转换第 11/15 个故事: Ask HN: Why has there been a r...
2025-05-04 16:02:47,932 - scrapers.hackernews_scraper - INFO - 找到 4 条评论
2025-05-04 16:02:47,935 - scrapers.hackernews_scraper - INFO - 故事 Ask HN: Why has there been a r... 转换完成，包含 4 条评论
2025-05-04 16:02:47,935 - scrapers.hackernews_scraper - INFO - 转换第 12/15 个故事: Ask HN: When do tariffs get le...
2025-05-04 16:02:50,569 - scrapers.hackernews_scraper - INFO - 找到 3 条评论
2025-05-04 16:02:50,571 - scrapers.hackernews_scraper - INFO - 故事 Ask HN: When do tariffs get le... 转换完成，包含 3 条评论
2025-05-04 16:02:50,571 - scrapers.hackernews_scraper - INFO - 转换第 13/15 个故事: Ask HN: CS degrees, do they ma...
2025-05-04 16:02:52,567 - scrapers.hackernews_scraper - INFO - 找到 235 条评论
2025-05-04 16:02:53,688 - scrapers.hackernews_scraper - INFO - 故事 Ask HN: CS degrees, do they ma... 转换完成，包含 100 条评论
2025-05-04 16:02:53,688 - scrapers.hackernews_scraper - INFO - 转换第 14/15 个故事: Ask HN: Can't launch my Androi...
2025-05-04 16:02:56,439 - scrapers.hackernews_scraper - INFO - 找到 0 条评论
2025-05-04 16:02:56,439 - scrapers.hackernews_scraper - INFO - 故事 Ask HN: Can't launch my Androi... 转换完成，包含 0 条评论
2025-05-04 16:02:56,439 - scrapers.hackernews_scraper - INFO - 转换第 15/15 个故事: Ask HN: What's a good system t...
2025-05-04 16:02:58,251 - scrapers.hackernews_scraper - INFO - 找到 26 条评论
2025-05-04 16:02:58,277 - scrapers.hackernews_scraper - INFO - 故事 Ask HN: What's a good system t... 转换完成，包含 26 条评论
2025-05-04 16:02:58,277 - scrapers.hackernews_scraper - INFO - 共转换 15 个故事为统一格式
2025-05-04 16:02:58,277 - scrapers.hackernews_scraper - INFO - 爬取完成，共获取 15 个Ask HN故事
2025-05-04 16:02:58,777 - utils.storage_utils - INFO - 已更新源索引: hackernews
2025-05-04 16:02:58,779 - utils.storage_utils - INFO - 数据已保存到 data/hackernews/week_2025-04-28.json
2025-05-04 16:02:58,782 - scrapers.base_scraper - INFO - 数据已保存到 data/hackernews/week_2025-04-28.json
2025-05-04 16:02:58,782 - scrapers.base_scraper - INFO - 成功爬取 Hacker News 的数据
2025-05-04 16:02:58,782 - __main__ - INFO - 完成: 1/3 个爬虫成功运行
2025-05-04 16:02:59,020 - __main__ - INFO - 归档所有源的旧数据
2025-05-04 16:02:59,021 - __main__ - INFO - 源 jandan 归档 无需归档
2025-05-04 16:02:59,021 - __main__ - INFO - 源 reddit 归档 无需归档
2025-05-04 16:02:59,021 - __main__ - INFO - 源 hackernews 归档 无需归档
