2025-07-10 16:01:47,066 - __main__ - INFO - 运行所有爬虫
2025-07-10 16:01:47,067 - scrapers.jandan_scraper - INFO - JandanScraper初始化完成
2025-07-10 16:01:47,067 - scrapers.base_scraper - INFO - 开始爬取 煎蛋网
2025-07-10 16:01:47,067 - scrapers.jandan_scraper - INFO - 开始爬取煎蛋热评
2025-07-10 16:01:50,535 - scrapers.jandan_scraper - INFO - 成功获取HTML内容，长度: 26180
2025-07-10 16:01:50,536 - scrapers.jandan_scraper - INFO - 调试: 手动获取评论 5877984 的吐槽数据
2025-07-10 16:01:50,536 - scrapers.jandan_scraper - INFO - 获取评论 5877984 的吐槽内容: https://jandan.net/api/tucao/list/5877984
2025-07-10 16:01:52,035 - scrapers.jandan_scraper - INFO - 评论 5877984 获取到 1 条热门吐槽, 3 条普通吐槽
2025-07-10 16:01:52,035 - scrapers.jandan_scraper - INFO - 调试: 评论 5877984 获取到 1 条热门吐槽, 3 条普通吐槽
2025-07-10 16:01:52,035 - scrapers.jandan_scraper - INFO - 开始解析页面中的评论
2025-07-10 16:01:52,035 - scrapers.jandan_scraper - INFO - 开始解析HTML内容, 长度: 26180
2025-07-10 16:01:52,043 - scrapers.jandan_scraper - INFO - 找到 0 条热门评论
2025-07-10 16:01:52,043 - scrapers.jandan_scraper - INFO - 解析完成，获取到 0 条评论
2025-07-10 16:01:52,043 - scrapers.jandan_scraper - INFO - 开始转换评论为统一格式
2025-07-10 16:01:52,043 - scrapers.jandan_scraper - INFO - 开始转换 0 条评论到统一格式
2025-07-10 16:01:52,044 - scrapers.jandan_scraper - INFO - 共转换 0 条评论为统一格式
2025-07-10 16:01:52,044 - scrapers.jandan_scraper - INFO - 爬取完成，共获取 0 条热评
2025-07-10 16:01:52,044 - scrapers.base_scraper - ERROR - 爬取 煎蛋网 失败
2025-07-10 16:01:52,044 - scrapers.reddit_scraper - INFO - RedditScraper初始化完成
2025-07-10 16:01:52,044 - scrapers.base_scraper - INFO - 开始爬取 Reddit
2025-07-10 16:01:52,044 - scrapers.reddit_scraper - INFO - 开始爬取Reddit r/confessions每周热门帖子
2025-07-10 16:01:54,091 - utils.http_utils - ERROR - 请求失败: https://www.reddit.com/r/confessions/top/.json?t=week&limit=10, 错误: 403 Client Error: Blocked for url: https://www.reddit.com/r/confessions/top/.json?t=week&limit=10
2025-07-10 16:01:54,091 - scrapers.reddit_scraper - ERROR - 获取API数据失败: 403 Client Error: Blocked for url: https://www.reddit.com/r/confessions/top/.json?t=week&limit=10
2025-07-10 16:01:54,091 - scrapers.base_scraper - ERROR - 爬取 Reddit 失败
2025-07-10 16:01:54,091 - scrapers.hackernews_scraper - INFO - HackerNewsScraper初始化完成
2025-07-10 16:01:54,092 - scrapers.base_scraper - INFO - 开始爬取 Hacker News
2025-07-10 16:01:54,092 - scrapers.hackernews_scraper - INFO - 开始爬取Hacker News Ask HN帖子
2025-07-10 16:01:54,092 - scrapers.hackernews_scraper - INFO - 获取Ask HN页面: https://news.ycombinator.com/ask
2025-07-10 16:01:55,843 - scrapers.hackernews_scraper - INFO - 找到 30 个帖子行
2025-07-10 16:01:55,845 - scrapers.hackernews_scraper - INFO - 成功解析故事: Ask HN: How did Soham Parekh g..., 作者=jshchnz, 点赞=298, 评论=0
2025-07-10 16:01:55,846 - scrapers.hackernews_scraper - INFO - 成功解析故事: Ask HN: Does your on-call rota..., 作者=asciifree, 点赞=9, 评论=0
2025-07-10 16:01:55,846 - scrapers.hackernews_scraper - INFO - 成功解析故事: Ask HN: Bug Bounty Dilemma – T..., 作者=deep_thinker26, 点赞=18, 评论=0
2025-07-10 16:01:55,847 - scrapers.hackernews_scraper - INFO - 成功解析故事: Ask HN: New RevOps guy wants t..., 作者=9dev, 点赞=4, 评论=0
2025-07-10 16:01:55,848 - scrapers.hackernews_scraper - INFO - 成功解析故事: Ask HN: People who work differ..., 作者=tetris11, 点赞=16, 评论=0
2025-07-10 16:01:55,848 - scrapers.hackernews_scraper - INFO - 成功解析故事: Ask HN: What's Your Experience..., 作者=techlust, 点赞=3, 评论=0
2025-07-10 16:01:55,849 - scrapers.hackernews_scraper - INFO - 成功解析故事: Ask HN: What are some cool or ..., 作者=hao_liu, 点赞=10, 评论=0
2025-07-10 16:01:55,850 - scrapers.hackernews_scraper - INFO - 成功解析故事: Ask HN: Worth leaving position..., 作者=NotAnOtter, 点赞=76, 评论=0
2025-07-10 16:01:55,850 - scrapers.hackernews_scraper - INFO - 成功解析故事: Ask HN: Any resources for find..., 作者=everyone, 点赞=156, 评论=0
2025-07-10 16:01:55,851 - scrapers.hackernews_scraper - INFO - 成功解析故事: Ask HN: What's the verdict on ..., 作者=NewUser76312, 点赞=13, 评论=0
2025-07-10 16:01:55,851 - scrapers.hackernews_scraper - INFO - 成功解析故事: Ask HN: Has anyone else learne..., 作者=FerkiHN, 点赞=11, 评论=0
2025-07-10 16:01:55,852 - scrapers.hackernews_scraper - INFO - 成功解析故事: Ask HN: Advice for Starting a ..., 作者=pkdpic, 点赞=35, 评论=0
2025-07-10 16:01:55,853 - scrapers.hackernews_scraper - INFO - 成功解析故事: Ask HN: Do you think a new alt..., 作者=empire23, 点赞=6, 评论=0
2025-07-10 16:01:55,853 - scrapers.hackernews_scraper - INFO - 成功解析故事: Ask HN: What dream did you giv..., 作者=alexcos, 点赞=3, 评论=0
2025-07-10 16:01:55,854 - scrapers.hackernews_scraper - INFO - 成功解析故事: Ask HN: What's the greatest pi..., 作者=nathancspencer, 点赞=7, 评论=0
2025-07-10 16:01:55,854 - scrapers.hackernews_scraper - INFO - 成功解析 15 个Ask HN故事
2025-07-10 16:01:55,854 - scrapers.hackernews_scraper - INFO - 开始转换 15 个故事到统一格式
2025-07-10 16:01:55,854 - scrapers.hackernews_scraper - INFO - 转换第 1/15 个故事: Ask HN: How did Soham Parekh g...
2025-07-10 16:01:59,244 - scrapers.hackernews_scraper - INFO - 找到 407 条评论
2025-07-10 16:02:02,135 - scrapers.hackernews_scraper - INFO - 故事 Ask HN: How did Soham Parekh g... 转换完成，包含 100 条评论
2025-07-10 16:02:02,135 - scrapers.hackernews_scraper - INFO - 转换第 2/15 个故事: Ask HN: Does your on-call rota...
2025-07-10 16:02:04,091 - scrapers.hackernews_scraper - INFO - 找到 20 条评论
2025-07-10 16:02:04,107 - scrapers.hackernews_scraper - INFO - 故事 Ask HN: Does your on-call rota... 转换完成，包含 20 条评论
2025-07-10 16:02:04,107 - scrapers.hackernews_scraper - INFO - 转换第 3/15 个故事: Ask HN: Bug Bounty Dilemma – T...
2025-07-10 16:02:05,618 - scrapers.hackernews_scraper - INFO - 找到 9 条评论
2025-07-10 16:02:05,625 - scrapers.hackernews_scraper - INFO - 故事 Ask HN: Bug Bounty Dilemma – T... 转换完成，包含 9 条评论
2025-07-10 16:02:05,625 - scrapers.hackernews_scraper - INFO - 转换第 4/15 个故事: Ask HN: New RevOps guy wants t...
2025-07-10 16:02:07,330 - scrapers.hackernews_scraper - INFO - 找到 11 条评论
2025-07-10 16:02:07,338 - scrapers.hackernews_scraper - INFO - 故事 Ask HN: New RevOps guy wants t... 转换完成，包含 11 条评论
2025-07-10 16:02:07,338 - scrapers.hackernews_scraper - INFO - 转换第 5/15 个故事: Ask HN: People who work differ...
2025-07-10 16:02:09,429 - scrapers.hackernews_scraper - INFO - 找到 22 条评论
2025-07-10 16:02:09,447 - scrapers.hackernews_scraper - INFO - 故事 Ask HN: People who work differ... 转换完成，包含 22 条评论
2025-07-10 16:02:09,447 - scrapers.hackernews_scraper - INFO - 转换第 6/15 个故事: Ask HN: What's Your Experience...
2025-07-10 16:02:11,963 - scrapers.hackernews_scraper - INFO - 找到 7 条评论
2025-07-10 16:02:11,968 - scrapers.hackernews_scraper - INFO - 故事 Ask HN: What's Your Experience... 转换完成，包含 7 条评论
2025-07-10 16:02:11,968 - scrapers.hackernews_scraper - INFO - 转换第 7/15 个故事: Ask HN: What are some cool or ...
2025-07-10 16:02:14,642 - scrapers.hackernews_scraper - INFO - 找到 3 条评论
2025-07-10 16:02:14,644 - scrapers.hackernews_scraper - INFO - 故事 Ask HN: What are some cool or ... 转换完成，包含 3 条评论
2025-07-10 16:02:14,644 - scrapers.hackernews_scraper - INFO - 转换第 8/15 个故事: Ask HN: Worth leaving position...
2025-07-10 16:02:17,410 - scrapers.hackernews_scraper - INFO - 找到 90 条评论
2025-07-10 16:02:17,581 - scrapers.hackernews_scraper - INFO - 故事 Ask HN: Worth leaving position... 转换完成，包含 90 条评论
2025-07-10 16:02:17,581 - scrapers.hackernews_scraper - INFO - 转换第 9/15 个故事: Ask HN: Any resources for find...
2025-07-10 16:02:20,633 - scrapers.hackernews_scraper - INFO - 找到 132 条评论
2025-07-10 16:02:20,959 - scrapers.hackernews_scraper - INFO - 故事 Ask HN: Any resources for find... 转换完成，包含 100 条评论
2025-07-10 16:02:20,959 - scrapers.hackernews_scraper - INFO - 转换第 10/15 个故事: Ask HN: What's the verdict on ...
2025-07-10 16:02:22,882 - scrapers.hackernews_scraper - INFO - 找到 16 条评论
2025-07-10 16:02:22,894 - scrapers.hackernews_scraper - INFO - 故事 Ask HN: What's the verdict on ... 转换完成，包含 16 条评论
2025-07-10 16:02:22,894 - scrapers.hackernews_scraper - INFO - 转换第 11/15 个故事: Ask HN: Has anyone else learne...
2025-07-10 16:02:24,257 - scrapers.hackernews_scraper - INFO - 找到 7 条评论
2025-07-10 16:02:24,261 - scrapers.hackernews_scraper - INFO - 故事 Ask HN: Has anyone else learne... 转换完成，包含 7 条评论
2025-07-10 16:02:24,261 - scrapers.hackernews_scraper - INFO - 转换第 12/15 个故事: Ask HN: Advice for Starting a ...
2025-07-10 16:02:27,283 - scrapers.hackernews_scraper - INFO - 找到 36 条评论
2025-07-10 16:02:27,320 - scrapers.hackernews_scraper - INFO - 故事 Ask HN: Advice for Starting a ... 转换完成，包含 36 条评论
2025-07-10 16:02:27,320 - scrapers.hackernews_scraper - INFO - 转换第 13/15 个故事: Ask HN: Do you think a new alt...
2025-07-10 16:02:30,256 - scrapers.hackernews_scraper - INFO - 找到 4 条评论
2025-07-10 16:02:30,258 - scrapers.hackernews_scraper - INFO - 故事 Ask HN: Do you think a new alt... 转换完成，包含 4 条评论
2025-07-10 16:02:30,258 - scrapers.hackernews_scraper - INFO - 转换第 14/15 个故事: Ask HN: What dream did you giv...
2025-07-10 16:02:31,471 - scrapers.hackernews_scraper - INFO - 找到 5 条评论
2025-07-10 16:02:31,474 - scrapers.hackernews_scraper - INFO - 故事 Ask HN: What dream did you giv... 转换完成，包含 5 条评论
2025-07-10 16:02:31,474 - scrapers.hackernews_scraper - INFO - 转换第 15/15 个故事: Ask HN: What's the greatest pi...
2025-07-10 16:02:32,882 - scrapers.hackernews_scraper - INFO - 找到 10 条评论
2025-07-10 16:02:32,889 - scrapers.hackernews_scraper - INFO - 故事 Ask HN: What's the greatest pi... 转换完成，包含 10 条评论
2025-07-10 16:02:32,889 - scrapers.hackernews_scraper - INFO - 共转换 15 个故事为统一格式
2025-07-10 16:02:32,889 - scrapers.hackernews_scraper - INFO - 爬取完成，共获取 15 个Ask HN故事
2025-07-10 16:02:33,437 - utils.storage_utils - INFO - 已更新源索引: hackernews
2025-07-10 16:02:33,439 - utils.storage_utils - INFO - 数据已保存到 data/hackernews/week_2025-07-07.json
2025-07-10 16:02:33,440 - scrapers.base_scraper - INFO - 数据已保存到 data/hackernews/week_2025-07-07.json
2025-07-10 16:02:33,440 - scrapers.base_scraper - INFO - 成功爬取 Hacker News 的数据
2025-07-10 16:02:33,441 - __main__ - INFO - 完成: 1/3 个爬虫成功运行
2025-07-10 16:02:33,685 - __main__ - INFO - 归档所有源的旧数据
2025-07-10 16:02:33,685 - __main__ - INFO - 源 jandan 归档 无需归档
2025-07-10 16:02:33,685 - __main__ - INFO - 源 reddit 归档 无需归档
2025-07-10 16:02:33,685 - __main__ - INFO - 源 hackernews 归档 无需归档
