2025-07-07 16:01:46,411 - __main__ - INFO - 运行所有爬虫
2025-07-07 16:01:46,412 - scrapers.jandan_scraper - INFO - JandanScraper初始化完成
2025-07-07 16:01:46,412 - scrapers.base_scraper - INFO - 开始爬取 煎蛋网
2025-07-07 16:01:46,412 - scrapers.jandan_scraper - INFO - 开始爬取煎蛋热评
2025-07-07 16:01:49,862 - scrapers.jandan_scraper - INFO - 成功获取HTML内容，长度: 26153
2025-07-07 16:01:49,862 - scrapers.jandan_scraper - INFO - 调试: 手动获取评论 5877984 的吐槽数据
2025-07-07 16:01:49,862 - scrapers.jandan_scraper - INFO - 获取评论 5877984 的吐槽内容: https://jandan.net/api/tucao/list/5877984
2025-07-07 16:01:53,050 - scrapers.jandan_scraper - INFO - 评论 5877984 获取到 1 条热门吐槽, 3 条普通吐槽
2025-07-07 16:01:53,050 - scrapers.jandan_scraper - INFO - 调试: 评论 5877984 获取到 1 条热门吐槽, 3 条普通吐槽
2025-07-07 16:01:53,050 - scrapers.jandan_scraper - INFO - 开始解析页面中的评论
2025-07-07 16:01:53,050 - scrapers.jandan_scraper - INFO - 开始解析HTML内容, 长度: 26153
2025-07-07 16:01:53,059 - scrapers.jandan_scraper - INFO - 找到 0 条热门评论
2025-07-07 16:01:53,059 - scrapers.jandan_scraper - INFO - 解析完成，获取到 0 条评论
2025-07-07 16:01:53,059 - scrapers.jandan_scraper - INFO - 开始转换评论为统一格式
2025-07-07 16:01:53,059 - scrapers.jandan_scraper - INFO - 开始转换 0 条评论到统一格式
2025-07-07 16:01:53,059 - scrapers.jandan_scraper - INFO - 共转换 0 条评论为统一格式
2025-07-07 16:01:53,059 - scrapers.jandan_scraper - INFO - 爬取完成，共获取 0 条热评
2025-07-07 16:01:53,059 - scrapers.base_scraper - ERROR - 爬取 煎蛋网 失败
2025-07-07 16:01:53,059 - scrapers.reddit_scraper - INFO - RedditScraper初始化完成
2025-07-07 16:01:53,060 - scrapers.base_scraper - INFO - 开始爬取 Reddit
2025-07-07 16:01:53,060 - scrapers.reddit_scraper - INFO - 开始爬取Reddit r/confessions每周热门帖子
2025-07-07 16:01:54,186 - utils.http_utils - ERROR - 请求失败: https://www.reddit.com/r/confessions/top/.json?t=week&limit=10, 错误: 403 Client Error: Blocked for url: https://www.reddit.com/r/confessions/top/.json?t=week&limit=10
2025-07-07 16:01:54,186 - scrapers.reddit_scraper - ERROR - 获取API数据失败: 403 Client Error: Blocked for url: https://www.reddit.com/r/confessions/top/.json?t=week&limit=10
2025-07-07 16:01:54,186 - scrapers.base_scraper - ERROR - 爬取 Reddit 失败
2025-07-07 16:01:54,186 - scrapers.hackernews_scraper - INFO - HackerNewsScraper初始化完成
2025-07-07 16:01:54,187 - scrapers.base_scraper - INFO - 开始爬取 Hacker News
2025-07-07 16:01:54,187 - scrapers.hackernews_scraper - INFO - 开始爬取Hacker News Ask HN帖子
2025-07-07 16:01:54,187 - scrapers.hackernews_scraper - INFO - 获取Ask HN页面: https://news.ycombinator.com/ask
2025-07-07 16:01:55,409 - scrapers.hackernews_scraper - INFO - 找到 30 个帖子行
2025-07-07 16:01:55,411 - scrapers.hackernews_scraper - INFO - 成功解析故事: Ask HN: Any resources for find..., 作者=everyone, 点赞=122, 评论=0
2025-07-07 16:01:55,411 - scrapers.hackernews_scraper - INFO - 成功解析故事: Ask HN: How did Soham Parekh g..., 作者=jshchnz, 点赞=280, 评论=0
2025-07-07 16:01:55,412 - scrapers.hackernews_scraper - INFO - 成功解析故事: Ask HN: What's the greatest pi..., 作者=nathancspencer, 点赞=3, 评论=0
2025-07-07 16:01:55,412 - scrapers.hackernews_scraper - INFO - 成功解析故事: Ask HN: How is the tech scene ..., 作者=asdev, 点赞=7, 评论=0
2025-07-07 16:01:55,413 - scrapers.hackernews_scraper - INFO - 成功解析故事: Ask HN: Advice for Starting a ..., 作者=pkdpic, 点赞=31, 评论=0
2025-07-07 16:01:55,413 - scrapers.hackernews_scraper - INFO - 成功解析故事: Ask HN: Worth leaving position..., 作者=NotAnOtter, 点赞=72, 评论=0
2025-07-07 16:01:55,414 - scrapers.hackernews_scraper - INFO - 成功解析故事: Ask HN: What Are You Working O..., 作者=david927, 点赞=439, 评论=0
2025-07-07 16:01:55,414 - scrapers.hackernews_scraper - INFO - 成功解析故事: Ask HN: Has AWS ever surprised..., 作者=noway_bro, 点赞=5, 评论=0
2025-07-07 16:01:55,415 - scrapers.hackernews_scraper - INFO - 成功解析故事: Ask HN: Freelancer? Seeking fr..., 作者=whoishiring, 点赞=84, 评论=0
2025-07-07 16:01:55,416 - scrapers.hackernews_scraper - INFO - 成功解析故事: Ask HN: How do I buy a typewri..., 作者=indus, 点赞=6, 评论=0
2025-07-07 16:01:55,416 - scrapers.hackernews_scraper - INFO - 成功解析故事: Ask HN: Who is hiring? (July 2..., 作者=whoishiring, 点赞=268, 评论=0
2025-07-07 16:01:55,417 - scrapers.hackernews_scraper - INFO - 成功解析故事: Ask HN: How commonly is PIP de..., 作者=quietthrow, 点赞=3, 评论=0
2025-07-07 16:01:55,417 - scrapers.hackernews_scraper - INFO - 成功解析故事: Ask HN: How to generate produc..., 作者=sarabande, 点赞=2, 评论=0
2025-07-07 16:01:55,418 - scrapers.hackernews_scraper - INFO - 成功解析故事: Ask HN: Who wants to be hired?..., 作者=whoishiring, 点赞=129, 评论=0
2025-07-07 16:01:55,418 - scrapers.hackernews_scraper - INFO - 成功解析故事: Ask HN: What old or outdated s..., 作者=prisenco, 点赞=28, 评论=0
2025-07-07 16:01:55,418 - scrapers.hackernews_scraper - INFO - 成功解析 15 个Ask HN故事
2025-07-07 16:01:55,418 - scrapers.hackernews_scraper - INFO - 开始转换 15 个故事到统一格式
2025-07-07 16:01:55,418 - scrapers.hackernews_scraper - INFO - 转换第 1/15 个故事: Ask HN: Any resources for find...
2025-07-07 16:01:56,826 - scrapers.hackernews_scraper - INFO - 找到 93 条评论
2025-07-07 16:01:56,998 - scrapers.hackernews_scraper - INFO - 故事 Ask HN: Any resources for find... 转换完成，包含 93 条评论
2025-07-07 16:01:56,998 - scrapers.hackernews_scraper - INFO - 转换第 2/15 个故事: Ask HN: How did Soham Parekh g...
2025-07-07 16:01:59,164 - scrapers.hackernews_scraper - INFO - 找到 388 条评论
2025-07-07 16:02:01,865 - scrapers.hackernews_scraper - INFO - 故事 Ask HN: How did Soham Parekh g... 转换完成，包含 100 条评论
2025-07-07 16:02:01,865 - scrapers.hackernews_scraper - INFO - 转换第 3/15 个故事: Ask HN: What's the greatest pi...
2025-07-07 16:02:04,741 - scrapers.hackernews_scraper - INFO - 找到 3 条评论
2025-07-07 16:02:04,743 - scrapers.hackernews_scraper - INFO - 故事 Ask HN: What's the greatest pi... 转换完成，包含 3 条评论
2025-07-07 16:02:04,743 - scrapers.hackernews_scraper - INFO - 转换第 4/15 个故事: Ask HN: How is the tech scene ...
2025-07-07 16:02:05,989 - scrapers.hackernews_scraper - INFO - 找到 0 条评论
2025-07-07 16:02:05,989 - scrapers.hackernews_scraper - INFO - 故事 Ask HN: How is the tech scene ... 转换完成，包含 0 条评论
2025-07-07 16:02:05,989 - scrapers.hackernews_scraper - INFO - 转换第 5/15 个故事: Ask HN: Advice for Starting a ...
2025-07-07 16:02:07,253 - scrapers.hackernews_scraper - INFO - 找到 31 条评论
2025-07-07 16:02:07,283 - scrapers.hackernews_scraper - INFO - 故事 Ask HN: Advice for Starting a ... 转换完成，包含 31 条评论
2025-07-07 16:02:07,283 - scrapers.hackernews_scraper - INFO - 转换第 6/15 个故事: Ask HN: Worth leaving position...
2025-07-07 16:02:10,099 - scrapers.hackernews_scraper - INFO - 找到 88 条评论
2025-07-07 16:02:10,260 - scrapers.hackernews_scraper - INFO - 故事 Ask HN: Worth leaving position... 转换完成，包含 88 条评论
2025-07-07 16:02:10,260 - scrapers.hackernews_scraper - INFO - 转换第 7/15 个故事: Ask HN: What Are You Working O...
2025-07-07 16:02:16,798 - scrapers.hackernews_scraper - INFO - 找到 1381 条评论
2025-07-07 16:02:51,501 - scrapers.hackernews_scraper - INFO - 故事 Ask HN: What Are You Working O... 转换完成，包含 100 条评论
2025-07-07 16:02:51,501 - scrapers.hackernews_scraper - INFO - 转换第 8/15 个故事: Ask HN: Has AWS ever surprised...
2025-07-07 16:02:52,829 - scrapers.hackernews_scraper - INFO - 找到 6 条评论
2025-07-07 16:02:52,833 - scrapers.hackernews_scraper - INFO - 故事 Ask HN: Has AWS ever surprised... 转换完成，包含 6 条评论
2025-07-07 16:02:52,833 - scrapers.hackernews_scraper - INFO - 转换第 9/15 个故事: Ask HN: Freelancer? Seeking fr...
2025-07-07 16:02:56,394 - scrapers.hackernews_scraper - INFO - 找到 205 条评论
2025-07-07 16:02:57,275 - scrapers.hackernews_scraper - INFO - 故事 Ask HN: Freelancer? Seeking fr... 转换完成，包含 100 条评论
2025-07-07 16:02:57,275 - scrapers.hackernews_scraper - INFO - 转换第 10/15 个故事: Ask HN: How do I buy a typewri...
2025-07-07 16:02:59,442 - scrapers.hackernews_scraper - INFO - 找到 12 条评论
2025-07-07 16:02:59,450 - scrapers.hackernews_scraper - INFO - 故事 Ask HN: How do I buy a typewri... 转换完成，包含 12 条评论
2025-07-07 16:02:59,450 - scrapers.hackernews_scraper - INFO - 转换第 11/15 个故事: Ask HN: Who is hiring? (July 2...
2025-07-07 16:03:03,246 - scrapers.hackernews_scraper - INFO - 找到 391 条评论
2025-07-07 16:03:06,150 - scrapers.hackernews_scraper - INFO - 故事 Ask HN: Who is hiring? (July 2... 转换完成，包含 100 条评论
2025-07-07 16:03:06,150 - scrapers.hackernews_scraper - INFO - 转换第 12/15 个故事: Ask HN: How commonly is PIP de...
2025-07-07 16:03:08,689 - scrapers.hackernews_scraper - INFO - 找到 3 条评论
2025-07-07 16:03:08,691 - scrapers.hackernews_scraper - INFO - 故事 Ask HN: How commonly is PIP de... 转换完成，包含 3 条评论
2025-07-07 16:03:08,691 - scrapers.hackernews_scraper - INFO - 转换第 13/15 个故事: Ask HN: How to generate produc...
2025-07-07 16:03:10,340 - scrapers.hackernews_scraper - INFO - 找到 1 条评论
2025-07-07 16:03:10,341 - scrapers.hackernews_scraper - INFO - 故事 Ask HN: How to generate produc... 转换完成，包含 1 条评论
2025-07-07 16:03:10,341 - scrapers.hackernews_scraper - INFO - 转换第 14/15 个故事: Ask HN: Who wants to be hired?...
2025-07-07 16:03:13,155 - scrapers.hackernews_scraper - INFO - 找到 368 条评论
2025-07-07 16:03:15,754 - scrapers.hackernews_scraper - INFO - 故事 Ask HN: Who wants to be hired?... 转换完成，包含 100 条评论
2025-07-07 16:03:15,754 - scrapers.hackernews_scraper - INFO - 转换第 15/15 个故事: Ask HN: What old or outdated s...
2025-07-07 16:03:16,896 - scrapers.hackernews_scraper - INFO - 找到 51 条评论
2025-07-07 16:03:16,956 - scrapers.hackernews_scraper - INFO - 故事 Ask HN: What old or outdated s... 转换完成，包含 51 条评论
2025-07-07 16:03:16,956 - scrapers.hackernews_scraper - INFO - 共转换 15 个故事为统一格式
2025-07-07 16:03:16,956 - scrapers.hackernews_scraper - INFO - 爬取完成，共获取 15 个Ask HN故事
2025-07-07 16:03:17,355 - utils.storage_utils - INFO - 已更新源索引: hackernews
2025-07-07 16:03:17,357 - utils.storage_utils - INFO - 数据已保存到 data/hackernews/week_2025-07-07.json
2025-07-07 16:03:17,357 - scrapers.base_scraper - INFO - 数据已保存到 data/hackernews/week_2025-07-07.json
2025-07-07 16:03:17,357 - scrapers.base_scraper - INFO - 成功爬取 Hacker News 的数据
2025-07-07 16:03:17,357 - __main__ - INFO - 完成: 1/3 个爬虫成功运行
2025-07-07 16:03:17,608 - __main__ - INFO - 归档所有源的旧数据
2025-07-07 16:03:17,608 - __main__ - INFO - 源 jandan 归档 无需归档
2025-07-07 16:03:17,609 - __main__ - INFO - 源 reddit 归档 无需归档
2025-07-07 16:03:17,609 - utils.storage_utils - INFO - 已将 week_2025-04-14.json 归档
2025-07-07 16:03:17,609 - __main__ - INFO - 源 hackernews 归档 成功
