2025-04-30 16:01:49,327 - __main__ - INFO - 运行所有爬虫
2025-04-30 16:01:49,328 - scrapers.jandan_scraper - INFO - JandanScraper初始化完成
2025-04-30 16:01:49,328 - scrapers.base_scraper - INFO - 开始爬取 煎蛋网
2025-04-30 16:01:49,328 - scrapers.jandan_scraper - INFO - 开始爬取煎蛋热评
2025-04-30 16:01:53,342 - scrapers.jandan_scraper - INFO - 成功获取HTML内容，长度: 25423
2025-04-30 16:01:53,342 - scrapers.jandan_scraper - INFO - 调试: 手动获取评论 5877984 的吐槽数据
2025-04-30 16:01:53,342 - scrapers.jandan_scraper - INFO - 获取评论 5877984 的吐槽内容: https://jandan.net/api/tucao/list/5877984
2025-04-30 16:01:55,981 - scrapers.jandan_scraper - INFO - 评论 5877984 获取到 1 条热门吐槽, 3 条普通吐槽
2025-04-30 16:01:55,981 - scrapers.jandan_scraper - INFO - 调试: 评论 5877984 获取到 1 条热门吐槽, 3 条普通吐槽
2025-04-30 16:01:55,982 - scrapers.jandan_scraper - INFO - 开始解析页面中的评论
2025-04-30 16:01:55,982 - scrapers.jandan_scraper - INFO - 开始解析HTML内容, 长度: 25423
2025-04-30 16:01:55,990 - scrapers.jandan_scraper - INFO - 找到 0 条热门评论
2025-04-30 16:01:55,990 - scrapers.jandan_scraper - INFO - 解析完成，获取到 0 条评论
2025-04-30 16:01:55,990 - scrapers.jandan_scraper - INFO - 开始转换评论为统一格式
2025-04-30 16:01:55,990 - scrapers.jandan_scraper - INFO - 开始转换 0 条评论到统一格式
2025-04-30 16:01:55,990 - scrapers.jandan_scraper - INFO - 共转换 0 条评论为统一格式
2025-04-30 16:01:55,990 - scrapers.jandan_scraper - INFO - 爬取完成，共获取 0 条热评
2025-04-30 16:01:55,991 - scrapers.base_scraper - ERROR - 爬取 煎蛋网 失败
2025-04-30 16:01:55,992 - scrapers.reddit_scraper - INFO - RedditScraper初始化完成
2025-04-30 16:01:55,992 - scrapers.base_scraper - INFO - 开始爬取 Reddit
2025-04-30 16:01:55,992 - scrapers.reddit_scraper - INFO - 开始爬取Reddit r/confessions每周热门帖子
2025-04-30 16:01:58,419 - utils.http_utils - ERROR - 请求失败: https://www.reddit.com/r/confessions/top/.json?t=week&limit=10, 错误: 403 Client Error: Blocked for url: https://www.reddit.com/r/confessions/top/.json?t=week&limit=10
2025-04-30 16:01:58,420 - scrapers.reddit_scraper - ERROR - 获取API数据失败: 403 Client Error: Blocked for url: https://www.reddit.com/r/confessions/top/.json?t=week&limit=10
2025-04-30 16:01:58,420 - scrapers.base_scraper - ERROR - 爬取 Reddit 失败
2025-04-30 16:01:58,420 - scrapers.hackernews_scraper - INFO - HackerNewsScraper初始化完成
2025-04-30 16:01:58,420 - scrapers.base_scraper - INFO - 开始爬取 Hacker News
2025-04-30 16:01:58,420 - scrapers.hackernews_scraper - INFO - 开始爬取Hacker News Ask HN帖子
2025-04-30 16:01:58,420 - scrapers.hackernews_scraper - INFO - 获取Ask HN页面: https://news.ycombinator.com/ask
2025-04-30 16:01:59,891 - scrapers.hackernews_scraper - INFO - 找到 30 个帖子行
2025-04-30 16:01:59,892 - scrapers.hackernews_scraper - INFO - 成功解析故事: Ask HN: What are you working o..., 作者=david927, 点赞=386, 评论=0
2025-04-30 16:01:59,893 - scrapers.hackernews_scraper - INFO - 成功解析故事: Ask HN: When will Wayland ecli..., 作者=Rooster61, 点赞=7, 评论=0
2025-04-30 16:01:59,894 - scrapers.hackernews_scraper - INFO - 成功解析故事: Ask HN: Alternatives to Deploy..., 作者=giantg2, 点赞=3, 评论=0
2025-04-30 16:01:59,894 - scrapers.hackernews_scraper - INFO - 成功解析故事: Ask HN: I don't want to work i..., 作者=needtoquitmyjob, 点赞=43, 评论=0
2025-04-30 16:01:59,895 - scrapers.hackernews_scraper - INFO - 成功解析故事: Ask HN: Are there any apps to ..., 作者=cantrobot, 点赞=19, 评论=0
2025-04-30 16:01:59,896 - scrapers.hackernews_scraper - INFO - 成功解析故事: Ask HN: Memory-safe low level ..., 作者=hyperbrainer, 点赞=51, 评论=0
2025-04-30 16:01:59,896 - scrapers.hackernews_scraper - INFO - 成功解析故事: Ask HN: How to fix issue and f..., 作者=timonpimba, 点赞=5, 评论=0
2025-04-30 16:01:59,897 - scrapers.hackernews_scraper - INFO - 成功解析故事: Ask HN: Share your AI prompt t..., 作者=owendarko, 点赞=437, 评论=0
2025-04-30 16:01:59,897 - scrapers.hackernews_scraper - INFO - 成功解析故事: Ask HN: What are your favourit..., 作者=cookie_monsta, 点赞=9, 评论=0
2025-04-30 16:01:59,898 - scrapers.hackernews_scraper - INFO - 成功解析故事: Ask HN: CS degrees, do they ma..., 作者=platevoltage, 点赞=83, 评论=0
2025-04-30 16:01:59,899 - scrapers.hackernews_scraper - INFO - 成功解析故事: Ask HN: Resources for LeetCode..., 作者=uticus, 点赞=4, 评论=0
2025-04-30 16:01:59,899 - scrapers.hackernews_scraper - INFO - 成功解析故事: Ask HN: Do you know niche job ..., 作者=rrmdp, 点赞=7, 评论=0
2025-04-30 16:01:59,900 - scrapers.hackernews_scraper - INFO - 成功解析故事: Ask HN: Is anyone else finding..., 作者=jvergeldedios, 点赞=6, 评论=0
2025-04-30 16:01:59,900 - scrapers.hackernews_scraper - INFO - 成功解析故事: Ask HN: What Is the Hacker New..., 作者=reinaldnaufal, 点赞=4, 评论=0
2025-04-30 16:01:59,901 - scrapers.hackernews_scraper - INFO - 成功解析故事: Ask HN: Is there a list of pro..., 作者=90s_dev, 点赞=17, 评论=0
2025-04-30 16:01:59,901 - scrapers.hackernews_scraper - INFO - 成功解析 15 个Ask HN故事
2025-04-30 16:01:59,901 - scrapers.hackernews_scraper - INFO - 开始转换 15 个故事到统一格式
2025-04-30 16:01:59,901 - scrapers.hackernews_scraper - INFO - 转换第 1/15 个故事: Ask HN: What are you working o...
2025-04-30 16:02:07,303 - scrapers.hackernews_scraper - INFO - 找到 1151 条评论
2025-04-30 16:02:39,497 - scrapers.hackernews_scraper - INFO - 故事 Ask HN: What are you working o... 转换完成，包含 100 条评论
2025-04-30 16:02:39,498 - scrapers.hackernews_scraper - INFO - 转换第 2/15 个故事: Ask HN: When will Wayland ecli...
2025-04-30 16:02:41,245 - scrapers.hackernews_scraper - INFO - 找到 16 条评论
2025-04-30 16:02:41,259 - scrapers.hackernews_scraper - INFO - 故事 Ask HN: When will Wayland ecli... 转换完成，包含 16 条评论
2025-04-30 16:02:41,259 - scrapers.hackernews_scraper - INFO - 转换第 3/15 个故事: Ask HN: Alternatives to Deploy...
2025-04-30 16:02:42,824 - scrapers.hackernews_scraper - INFO - 找到 0 条评论
2025-04-30 16:02:42,824 - scrapers.hackernews_scraper - INFO - 故事 Ask HN: Alternatives to Deploy... 转换完成，包含 0 条评论
2025-04-30 16:02:42,824 - scrapers.hackernews_scraper - INFO - 转换第 4/15 个故事: Ask HN: I don't want to work i...
2025-04-30 16:02:44,383 - scrapers.hackernews_scraper - INFO - 找到 23 条评论
2025-04-30 16:02:44,405 - scrapers.hackernews_scraper - INFO - 故事 Ask HN: I don't want to work i... 转换完成，包含 23 条评论
2025-04-30 16:02:44,405 - scrapers.hackernews_scraper - INFO - 转换第 5/15 个故事: Ask HN: Are there any apps to ...
2025-04-30 16:02:46,921 - scrapers.hackernews_scraper - INFO - 找到 10 条评论
2025-04-30 16:02:46,929 - scrapers.hackernews_scraper - INFO - 故事 Ask HN: Are there any apps to ... 转换完成，包含 10 条评论
2025-04-30 16:02:46,929 - scrapers.hackernews_scraper - INFO - 转换第 6/15 个故事: Ask HN: Memory-safe low level ...
2025-04-30 16:02:50,308 - scrapers.hackernews_scraper - INFO - 找到 109 条评论
2025-04-30 16:02:50,631 - scrapers.hackernews_scraper - INFO - 故事 Ask HN: Memory-safe low level ... 转换完成，包含 100 条评论
2025-04-30 16:02:50,631 - scrapers.hackernews_scraper - INFO - 转换第 7/15 个故事: Ask HN: How to fix issue and f...
2025-04-30 16:02:51,900 - scrapers.hackernews_scraper - INFO - 找到 4 条评论
2025-04-30 16:02:51,904 - scrapers.hackernews_scraper - INFO - 故事 Ask HN: How to fix issue and f... 转换完成，包含 4 条评论
2025-04-30 16:02:51,904 - scrapers.hackernews_scraper - INFO - 转换第 8/15 个故事: Ask HN: Share your AI prompt t...
2025-04-30 16:02:56,826 - scrapers.hackernews_scraper - INFO - 找到 628 条评论
2025-04-30 16:03:06,773 - scrapers.hackernews_scraper - INFO - 故事 Ask HN: Share your AI prompt t... 转换完成，包含 100 条评论
2025-04-30 16:03:06,773 - scrapers.hackernews_scraper - INFO - 转换第 9/15 个故事: Ask HN: What are your favourit...
2025-04-30 16:03:08,192 - scrapers.hackernews_scraper - INFO - 找到 15 条评论
2025-04-30 16:03:08,205 - scrapers.hackernews_scraper - INFO - 故事 Ask HN: What are your favourit... 转换完成，包含 15 条评论
2025-04-30 16:03:08,205 - scrapers.hackernews_scraper - INFO - 转换第 10/15 个故事: Ask HN: CS degrees, do they ma...
2025-04-30 16:03:11,264 - scrapers.hackernews_scraper - INFO - 找到 225 条评论
2025-04-30 16:03:12,624 - scrapers.hackernews_scraper - INFO - 故事 Ask HN: CS degrees, do they ma... 转换完成，包含 100 条评论
2025-04-30 16:03:12,624 - scrapers.hackernews_scraper - INFO - 转换第 11/15 个故事: Ask HN: Resources for LeetCode...
2025-04-30 16:03:15,534 - scrapers.hackernews_scraper - INFO - 找到 4 条评论
2025-04-30 16:03:15,536 - scrapers.hackernews_scraper - INFO - 故事 Ask HN: Resources for LeetCode... 转换完成，包含 4 条评论
2025-04-30 16:03:15,536 - scrapers.hackernews_scraper - INFO - 转换第 12/15 个故事: Ask HN: Do you know niche job ...
2025-04-30 16:03:16,865 - scrapers.hackernews_scraper - INFO - 找到 5 条评论
2025-04-30 16:03:16,869 - scrapers.hackernews_scraper - INFO - 故事 Ask HN: Do you know niche job ... 转换完成，包含 5 条评论
2025-04-30 16:03:16,869 - scrapers.hackernews_scraper - INFO - 转换第 13/15 个故事: Ask HN: Is anyone else finding...
2025-04-30 16:03:18,804 - scrapers.hackernews_scraper - INFO - 找到 1 条评论
2025-04-30 16:03:18,805 - scrapers.hackernews_scraper - INFO - 故事 Ask HN: Is anyone else finding... 转换完成，包含 1 条评论
2025-04-30 16:03:18,805 - scrapers.hackernews_scraper - INFO - 转换第 14/15 个故事: Ask HN: What Is the Hacker New...
2025-04-30 16:03:20,035 - scrapers.hackernews_scraper - INFO - 找到 6 条评论
2025-04-30 16:03:20,039 - scrapers.hackernews_scraper - INFO - 故事 Ask HN: What Is the Hacker New... 转换完成，包含 6 条评论
2025-04-30 16:03:20,039 - scrapers.hackernews_scraper - INFO - 转换第 15/15 个故事: Ask HN: Is there a list of pro...
2025-04-30 16:03:23,015 - scrapers.hackernews_scraper - INFO - 找到 5 条评论
2025-04-30 16:03:23,018 - scrapers.hackernews_scraper - INFO - 故事 Ask HN: Is there a list of pro... 转换完成，包含 5 条评论
2025-04-30 16:03:23,018 - scrapers.hackernews_scraper - INFO - 共转换 15 个故事为统一格式
2025-04-30 16:03:23,018 - scrapers.hackernews_scraper - INFO - 爬取完成，共获取 15 个Ask HN故事
2025-04-30 16:03:23,300 - utils.storage_utils - INFO - 已更新源索引: hackernews
2025-04-30 16:03:23,304 - utils.storage_utils - INFO - 数据已保存到 data/hackernews/week_2025-04-28.json
2025-04-30 16:03:23,305 - scrapers.base_scraper - INFO - 数据已保存到 data/hackernews/week_2025-04-28.json
2025-04-30 16:03:23,305 - scrapers.base_scraper - INFO - 成功爬取 Hacker News 的数据
2025-04-30 16:03:23,305 - __main__ - INFO - 完成: 1/3 个爬虫成功运行
2025-04-30 16:03:23,550 - __main__ - INFO - 归档所有源的旧数据
2025-04-30 16:03:23,551 - __main__ - INFO - 源 jandan 归档 无需归档
2025-04-30 16:03:23,551 - __main__ - INFO - 源 reddit 归档 无需归档
2025-04-30 16:03:23,551 - __main__ - INFO - 源 hackernews 归档 无需归档
