2025-08-03 16:01:50,152 - __main__ - INFO - 运行所有爬虫
2025-08-03 16:01:50,152 - scrapers.jandan_scraper - INFO - JandanScraper初始化完成
2025-08-03 16:01:50,152 - scrapers.base_scraper - INFO - 开始爬取 煎蛋网
2025-08-03 16:01:50,152 - scrapers.jandan_scraper - INFO - 开始爬取煎蛋热评
2025-08-03 16:01:54,425 - scrapers.jandan_scraper - INFO - 成功获取HTML内容，长度: 24792
2025-08-03 16:01:54,426 - scrapers.jandan_scraper - INFO - 调试: 手动获取评论 5877984 的吐槽数据
2025-08-03 16:01:54,426 - scrapers.jandan_scraper - INFO - 获取评论 5877984 的吐槽内容: https://jandan.net/api/tucao/list/5877984
2025-08-03 16:01:57,738 - scrapers.jandan_scraper - INFO - 评论 5877984 获取到 1 条热门吐槽, 3 条普通吐槽
2025-08-03 16:01:57,738 - scrapers.jandan_scraper - INFO - 调试: 评论 5877984 获取到 1 条热门吐槽, 3 条普通吐槽
2025-08-03 16:01:57,738 - scrapers.jandan_scraper - INFO - 开始解析页面中的评论
2025-08-03 16:01:57,738 - scrapers.jandan_scraper - INFO - 开始解析HTML内容, 长度: 24792
2025-08-03 16:01:57,746 - scrapers.jandan_scraper - INFO - 找到 0 条热门评论
2025-08-03 16:01:57,747 - scrapers.jandan_scraper - INFO - 解析完成，获取到 0 条评论
2025-08-03 16:01:57,747 - scrapers.jandan_scraper - INFO - 开始转换评论为统一格式
2025-08-03 16:01:57,747 - scrapers.jandan_scraper - INFO - 开始转换 0 条评论到统一格式
2025-08-03 16:01:57,747 - scrapers.jandan_scraper - INFO - 共转换 0 条评论为统一格式
2025-08-03 16:01:57,747 - scrapers.jandan_scraper - INFO - 爬取完成，共获取 0 条热评
2025-08-03 16:01:57,747 - scrapers.base_scraper - ERROR - 爬取 煎蛋网 失败
2025-08-03 16:01:57,747 - scrapers.reddit_scraper - INFO - RedditScraper初始化完成
2025-08-03 16:01:57,747 - scrapers.base_scraper - INFO - 开始爬取 Reddit
2025-08-03 16:01:57,747 - scrapers.reddit_scraper - INFO - 开始爬取Reddit r/confessions每周热门帖子
2025-08-03 16:02:00,684 - utils.http_utils - ERROR - 请求失败: https://www.reddit.com/r/confessions/top/.json?t=week&limit=10, 错误: 403 Client Error: Blocked for url: https://www.reddit.com/r/confessions/top/.json?t=week&limit=10
2025-08-03 16:02:00,684 - scrapers.reddit_scraper - ERROR - 获取API数据失败: 403 Client Error: Blocked for url: https://www.reddit.com/r/confessions/top/.json?t=week&limit=10
2025-08-03 16:02:00,684 - scrapers.base_scraper - ERROR - 爬取 Reddit 失败
2025-08-03 16:02:00,685 - scrapers.hackernews_scraper - INFO - HackerNewsScraper初始化完成
2025-08-03 16:02:00,685 - scrapers.base_scraper - INFO - 开始爬取 Hacker News
2025-08-03 16:02:00,685 - scrapers.hackernews_scraper - INFO - 开始爬取Hacker News Ask HN帖子
2025-08-03 16:02:00,685 - scrapers.hackernews_scraper - INFO - 获取Ask HN页面: https://news.ycombinator.com/ask
2025-08-03 16:02:03,379 - scrapers.hackernews_scraper - INFO - 找到 30 个帖子行
2025-08-03 16:02:03,381 - scrapers.hackernews_scraper - INFO - 成功解析故事: Ask HN: What are your best pra..., 作者=hubraumhugo, 点赞=4, 评论=0
2025-08-03 16:02:03,381 - scrapers.hackernews_scraper - INFO - 成功解析故事: Ask HN: I think I might have a..., 作者=YSummary, 点赞=3, 评论=0
2025-08-03 16:02:03,382 - scrapers.hackernews_scraper - INFO - 成功解析故事: Ask HN: Who wants to be hired?..., 作者=whoishiring, 点赞=110, 评论=0
2025-08-03 16:02:03,382 - scrapers.hackernews_scraper - INFO - 成功解析故事: Ask HN: Who is hiring? (August..., 作者=whoishiring, 点赞=221, 评论=0
2025-08-03 16:02:03,383 - scrapers.hackernews_scraper - INFO - 成功解析故事: Ask HN: Want to leave my job w..., 作者=bsjak, 点赞=31, 评论=0
2025-08-03 16:02:03,384 - scrapers.hackernews_scraper - INFO - 成功解析故事: Ask HN: Is fast.ai's "Deep Lea..., 作者=hedgehog0, 点赞=9, 评论=0
2025-08-03 16:02:03,384 - scrapers.hackernews_scraper - INFO - 成功解析故事: Ask HN: What crypto payments o..., 作者=willprice89, 点赞=4, 评论=0
2025-08-03 16:02:03,385 - scrapers.hackernews_scraper - INFO - 成功解析故事: Ask HN: Will AI push more of u..., 作者=gashmol, 点赞=13, 评论=0
2025-08-03 16:02:03,385 - scrapers.hackernews_scraper - INFO - 成功解析故事: Ask HN: How is it possible to ..., 作者=gus_massa, 点赞=10, 评论=0
2025-08-03 16:02:03,386 - scrapers.hackernews_scraper - INFO - 成功解析故事: Ask HN: How do you avoid job h..., 作者=b8, 点赞=18, 评论=0
2025-08-03 16:02:03,386 - scrapers.hackernews_scraper - INFO - 成功解析故事: Ask HN: What are you working o..., 作者=david927, 点赞=258, 评论=0
2025-08-03 16:02:03,387 - scrapers.hackernews_scraper - INFO - 成功解析故事: Ask HN: Who Is Looking for a C..., 作者=dontoni, 点赞=27, 评论=0
2025-08-03 16:02:03,387 - scrapers.hackernews_scraper - INFO - 成功解析故事: Ask HN: Have you ever regrette..., 作者=paulwilsonn, 点赞=7, 评论=0
2025-08-03 16:02:03,388 - scrapers.hackernews_scraper - INFO - 成功解析故事: Ask HN: Which software compani..., 作者=DanieleProcida, 点赞=6, 评论=0
2025-08-03 16:02:03,388 - scrapers.hackernews_scraper - INFO - 成功解析故事: Ask HN: Does your company back..., 作者=wewewedxfgdf, 点赞=3, 评论=0
2025-08-03 16:02:03,388 - scrapers.hackernews_scraper - INFO - 成功解析 15 个Ask HN故事
2025-08-03 16:02:03,389 - scrapers.hackernews_scraper - INFO - 开始转换 15 个故事到统一格式
2025-08-03 16:02:03,389 - scrapers.hackernews_scraper - INFO - 转换第 1/15 个故事: Ask HN: What are your best pra...
2025-08-03 16:02:06,293 - scrapers.hackernews_scraper - INFO - 找到 0 条评论
2025-08-03 16:02:06,293 - scrapers.hackernews_scraper - INFO - 故事 Ask HN: What are your best pra... 转换完成，包含 0 条评论
2025-08-03 16:02:06,293 - scrapers.hackernews_scraper - INFO - 转换第 2/15 个故事: Ask HN: I think I might have a...
2025-08-03 16:02:08,456 - scrapers.hackernews_scraper - INFO - 找到 12 条评论
2025-08-03 16:02:08,465 - scrapers.hackernews_scraper - INFO - 故事 Ask HN: I think I might have a... 转换完成，包含 12 条评论
2025-08-03 16:02:08,465 - scrapers.hackernews_scraper - INFO - 转换第 3/15 个故事: Ask HN: Who wants to be hired?...
2025-08-03 16:02:11,546 - scrapers.hackernews_scraper - INFO - 找到 255 条评论
2025-08-03 16:02:12,878 - scrapers.hackernews_scraper - INFO - 故事 Ask HN: Who wants to be hired?... 转换完成，包含 100 条评论
2025-08-03 16:02:12,878 - scrapers.hackernews_scraper - INFO - 转换第 4/15 个故事: Ask HN: Who is hiring? (August...
2025-08-03 16:02:15,922 - scrapers.hackernews_scraper - INFO - 找到 269 条评论
2025-08-03 16:02:17,392 - scrapers.hackernews_scraper - INFO - 故事 Ask HN: Who is hiring? (August... 转换完成，包含 100 条评论
2025-08-03 16:02:17,392 - scrapers.hackernews_scraper - INFO - 转换第 5/15 个故事: Ask HN: Want to leave my job w...
2025-08-03 16:02:19,950 - scrapers.hackernews_scraper - INFO - 找到 26 条评论
2025-08-03 16:02:19,974 - scrapers.hackernews_scraper - INFO - 故事 Ask HN: Want to leave my job w... 转换完成，包含 26 条评论
2025-08-03 16:02:19,975 - scrapers.hackernews_scraper - INFO - 转换第 6/15 个故事: Ask HN: Is fast.ai's "Deep Lea...
2025-08-03 16:02:22,603 - scrapers.hackernews_scraper - INFO - 找到 0 条评论
2025-08-03 16:02:22,603 - scrapers.hackernews_scraper - INFO - 故事 Ask HN: Is fast.ai's "Deep Lea... 转换完成，包含 0 条评论
2025-08-03 16:02:22,603 - scrapers.hackernews_scraper - INFO - 转换第 7/15 个故事: Ask HN: What crypto payments o...
2025-08-03 16:02:24,323 - scrapers.hackernews_scraper - INFO - 找到 3 条评论
2025-08-03 16:02:24,325 - scrapers.hackernews_scraper - INFO - 故事 Ask HN: What crypto payments o... 转换完成，包含 3 条评论
2025-08-03 16:02:24,325 - scrapers.hackernews_scraper - INFO - 转换第 8/15 个故事: Ask HN: Will AI push more of u...
2025-08-03 16:02:26,122 - scrapers.hackernews_scraper - INFO - 找到 15 条评论
2025-08-03 16:02:26,132 - scrapers.hackernews_scraper - INFO - 故事 Ask HN: Will AI push more of u... 转换完成，包含 15 条评论
2025-08-03 16:02:26,133 - scrapers.hackernews_scraper - INFO - 转换第 9/15 个故事: Ask HN: How is it possible to ...
2025-08-03 16:02:28,155 - scrapers.hackernews_scraper - INFO - 找到 4 条评论
2025-08-03 16:02:28,158 - scrapers.hackernews_scraper - INFO - 故事 Ask HN: How is it possible to ... 转换完成，包含 4 条评论
2025-08-03 16:02:28,158 - scrapers.hackernews_scraper - INFO - 转换第 10/15 个故事: Ask HN: How do you avoid job h...
2025-08-03 16:02:30,273 - scrapers.hackernews_scraper - INFO - 找到 10 条评论
2025-08-03 16:02:30,280 - scrapers.hackernews_scraper - INFO - 故事 Ask HN: How do you avoid job h... 转换完成，包含 10 条评论
2025-08-03 16:02:30,280 - scrapers.hackernews_scraper - INFO - 转换第 11/15 个故事: Ask HN: What are you working o...
2025-08-03 16:02:35,513 - scrapers.hackernews_scraper - INFO - 找到 849 条评论
2025-08-03 16:02:47,478 - scrapers.hackernews_scraper - INFO - 故事 Ask HN: What are you working o... 转换完成，包含 100 条评论
2025-08-03 16:02:47,478 - scrapers.hackernews_scraper - INFO - 转换第 12/15 个故事: Ask HN: Who Is Looking for a C...
2025-08-03 16:02:49,513 - scrapers.hackernews_scraper - INFO - 找到 11 条评论
2025-08-03 16:02:49,521 - scrapers.hackernews_scraper - INFO - 故事 Ask HN: Who Is Looking for a C... 转换完成，包含 11 条评论
2025-08-03 16:02:49,521 - scrapers.hackernews_scraper - INFO - 转换第 13/15 个故事: Ask HN: Have you ever regrette...
2025-08-03 16:02:52,081 - scrapers.hackernews_scraper - INFO - 找到 10 条评论
2025-08-03 16:02:52,088 - scrapers.hackernews_scraper - INFO - 故事 Ask HN: Have you ever regrette... 转换完成，包含 10 条评论
2025-08-03 16:02:52,088 - scrapers.hackernews_scraper - INFO - 转换第 14/15 个故事: Ask HN: Which software compani...
2025-08-03 16:02:55,137 - scrapers.hackernews_scraper - INFO - 找到 3 条评论
2025-08-03 16:02:55,138 - scrapers.hackernews_scraper - INFO - 故事 Ask HN: Which software compani... 转换完成，包含 3 条评论
2025-08-03 16:02:55,139 - scrapers.hackernews_scraper - INFO - 转换第 15/15 个故事: Ask HN: Does your company back...
2025-08-03 16:02:57,253 - scrapers.hackernews_scraper - INFO - 找到 5 条评论
2025-08-03 16:02:57,256 - scrapers.hackernews_scraper - INFO - 故事 Ask HN: Does your company back... 转换完成，包含 5 条评论
2025-08-03 16:02:57,256 - scrapers.hackernews_scraper - INFO - 共转换 15 个故事为统一格式
2025-08-03 16:02:57,256 - scrapers.hackernews_scraper - INFO - 爬取完成，共获取 15 个Ask HN故事
2025-08-03 16:02:57,755 - utils.storage_utils - INFO - 已更新源索引: hackernews
2025-08-03 16:02:57,757 - utils.storage_utils - INFO - 数据已保存到 data/hackernews/week_2025-07-28.json
2025-08-03 16:02:57,758 - scrapers.base_scraper - INFO - 数据已保存到 data/hackernews/week_2025-07-28.json
2025-08-03 16:02:57,758 - scrapers.base_scraper - INFO - 成功爬取 Hacker News 的数据
2025-08-03 16:02:57,758 - __main__ - INFO - 完成: 1/3 个爬虫成功运行
2025-08-03 16:02:58,005 - __main__ - INFO - 归档所有源的旧数据
2025-08-03 16:02:58,005 - __main__ - INFO - 源 jandan 归档 无需归档
2025-08-03 16:02:58,005 - __main__ - INFO - 源 reddit 归档 无需归档
2025-08-03 16:02:58,005 - __main__ - INFO - 源 hackernews 归档 无需归档
