2025-10-07 16:02:25,519 - __main__ - INFO - 运行所有爬虫
2025-10-07 16:02:25,520 - scrapers.jandan_scraper - INFO - JandanScraper初始化完成
2025-10-07 16:02:25,520 - scrapers.base_scraper - INFO - 开始爬取 煎蛋网
2025-10-07 16:02:25,520 - scrapers.jandan_scraper - INFO - 开始爬取煎蛋热评
2025-10-07 16:02:29,718 - scrapers.jandan_scraper - INFO - 成功获取HTML内容，长度: 24786
2025-10-07 16:02:29,718 - scrapers.jandan_scraper - INFO - 调试: 手动获取评论 5877984 的吐槽数据
2025-10-07 16:02:29,719 - scrapers.jandan_scraper - INFO - 获取评论 5877984 的吐槽内容: https://jandan.net/api/tucao/list/5877984
2025-10-07 16:02:32,955 - scrapers.jandan_scraper - INFO - 评论 5877984 获取到 1 条热门吐槽, 3 条普通吐槽
2025-10-07 16:02:32,955 - scrapers.jandan_scraper - INFO - 调试: 评论 5877984 获取到 1 条热门吐槽, 3 条普通吐槽
2025-10-07 16:02:32,955 - scrapers.jandan_scraper - INFO - 开始解析页面中的评论
2025-10-07 16:02:32,955 - scrapers.jandan_scraper - INFO - 开始解析HTML内容, 长度: 24786
2025-10-07 16:02:32,963 - scrapers.jandan_scraper - INFO - 找到 0 条热门评论
2025-10-07 16:02:32,963 - scrapers.jandan_scraper - INFO - 解析完成，获取到 0 条评论
2025-10-07 16:02:32,963 - scrapers.jandan_scraper - INFO - 开始转换评论为统一格式
2025-10-07 16:02:32,964 - scrapers.jandan_scraper - INFO - 开始转换 0 条评论到统一格式
2025-10-07 16:02:32,964 - scrapers.jandan_scraper - INFO - 共转换 0 条评论为统一格式
2025-10-07 16:02:32,964 - scrapers.jandan_scraper - INFO - 爬取完成，共获取 0 条热评
2025-10-07 16:02:32,964 - scrapers.base_scraper - ERROR - 爬取 煎蛋网 失败
2025-10-07 16:02:32,964 - scrapers.reddit_scraper - INFO - RedditScraper初始化完成
2025-10-07 16:02:32,965 - scrapers.base_scraper - INFO - 开始爬取 Reddit
2025-10-07 16:02:32,965 - scrapers.reddit_scraper - INFO - 开始爬取Reddit r/confessions每周热门帖子
2025-10-07 16:02:34,466 - utils.http_utils - ERROR - 请求失败: https://www.reddit.com/r/confessions/top/.json?t=week&limit=10, 错误: 403 Client Error: Blocked for url: https://www.reddit.com/r/confessions/top/.json?t=week&limit=10
2025-10-07 16:02:34,467 - scrapers.reddit_scraper - ERROR - 获取API数据失败: 403 Client Error: Blocked for url: https://www.reddit.com/r/confessions/top/.json?t=week&limit=10
2025-10-07 16:02:34,467 - scrapers.base_scraper - ERROR - 爬取 Reddit 失败
2025-10-07 16:02:34,468 - scrapers.hackernews_scraper - INFO - HackerNewsScraper初始化完成
2025-10-07 16:02:34,468 - scrapers.base_scraper - INFO - 开始爬取 Hacker News
2025-10-07 16:02:34,468 - scrapers.hackernews_scraper - INFO - 开始爬取Hacker News Ask HN帖子
2025-10-07 16:02:34,468 - scrapers.hackernews_scraper - INFO - 获取Ask HN页面: https://news.ycombinator.com/ask
2025-10-07 16:02:36,370 - scrapers.hackernews_scraper - INFO - 找到 28 个帖子行
2025-10-07 16:02:36,371 - scrapers.hackernews_scraper - INFO - 成功解析故事: Ask HN: Do you roll your own a..., 作者=break_the_bank, 点赞=4, 评论=0
2025-10-07 16:02:36,372 - scrapers.hackernews_scraper - INFO - 成功解析故事: Ask HN: What do you wish exist..., 作者=pwlm, 点赞=2, 评论=0
2025-10-07 16:02:36,372 - scrapers.hackernews_scraper - INFO - 成功解析故事: Ask HN: How do you assess deve..., 作者=Blue_Cosma, 点赞=3, 评论=0
2025-10-07 16:02:36,373 - scrapers.hackernews_scraper - INFO - 成功解析故事: Ask HN: Any advice on pivoting..., 作者=AbstractH24, 点赞=83, 评论=0
2025-10-07 16:02:36,373 - scrapers.hackernews_scraper - INFO - 成功解析故事: Ask HN: What's your experience..., 作者=mpetyak, 点赞=81, 评论=0
2025-10-07 16:02:36,374 - scrapers.hackernews_scraper - INFO - 成功解析故事: Ask HN: What are you working o..., 作者=david927, 点赞=308, 评论=0
2025-10-07 16:02:36,375 - scrapers.hackernews_scraper - INFO - 成功解析故事: Ask HN: Who wants to be hired?..., 作者=whoishiring, 点赞=100, 评论=0
2025-10-07 16:02:36,375 - scrapers.hackernews_scraper - INFO - 成功解析故事: Ask HN: Who is hiring? (Octobe..., 作者=whoishiring, 点赞=241, 评论=0
2025-10-07 16:02:36,376 - scrapers.hackernews_scraper - INFO - 成功解析故事: Ask HN: Why is software qualit..., 作者=razoorka, 点赞=60, 评论=0
2025-10-07 16:02:36,376 - scrapers.hackernews_scraper - INFO - 成功解析故事: Ask HN: 10-Year Reddit Account..., 作者=guilamu, 点赞=21, 评论=0
2025-10-07 16:02:36,377 - scrapers.hackernews_scraper - INFO - 成功解析故事: Ask HN: Why did COM/SOAP/other..., 作者=smj-edison, 点赞=24, 评论=0
2025-10-07 16:02:36,377 - scrapers.hackernews_scraper - INFO - 成功解析故事: Ask HN: Do coding assistants "..., 作者=cryptography, 点赞=2, 评论=0
2025-10-07 16:02:36,378 - scrapers.hackernews_scraper - INFO - 成功解析故事: Ask HN: ML Engineers not negat..., 作者=AznHisoka, 点赞=3, 评论=0
2025-10-07 16:02:36,379 - scrapers.hackernews_scraper - INFO - 成功解析故事: Ask HN: TT-RSS Forks?..., 作者=4oo4, 点赞=2, 评论=0
2025-10-07 16:02:36,379 - scrapers.hackernews_scraper - INFO - 成功解析故事: Ask HN: Are startups still usi..., 作者=zizee, 点赞=17, 评论=0
2025-10-07 16:02:36,379 - scrapers.hackernews_scraper - INFO - 成功解析 15 个Ask HN故事
2025-10-07 16:02:36,379 - scrapers.hackernews_scraper - INFO - 开始转换 15 个故事到统一格式
2025-10-07 16:02:36,379 - scrapers.hackernews_scraper - INFO - 转换第 1/15 个故事: Ask HN: Do you roll your own a...
2025-10-07 16:02:38,611 - scrapers.hackernews_scraper - INFO - 找到 0 条评论
2025-10-07 16:02:38,611 - scrapers.hackernews_scraper - INFO - 故事 Ask HN: Do you roll your own a... 转换完成，包含 0 条评论
2025-10-07 16:02:38,611 - scrapers.hackernews_scraper - INFO - 转换第 2/15 个故事: Ask HN: What do you wish exist...
2025-10-07 16:02:40,441 - scrapers.hackernews_scraper - INFO - 找到 1 条评论
2025-10-07 16:02:40,442 - scrapers.hackernews_scraper - INFO - 故事 Ask HN: What do you wish exist... 转换完成，包含 1 条评论
2025-10-07 16:02:40,442 - scrapers.hackernews_scraper - INFO - 转换第 3/15 个故事: Ask HN: How do you assess deve...
2025-10-07 16:02:42,168 - scrapers.hackernews_scraper - INFO - 找到 7 条评论
2025-10-07 16:02:42,173 - scrapers.hackernews_scraper - INFO - 故事 Ask HN: How do you assess deve... 转换完成，包含 7 条评论
2025-10-07 16:02:42,173 - scrapers.hackernews_scraper - INFO - 转换第 4/15 个故事: Ask HN: Any advice on pivoting...
2025-10-07 16:02:44,390 - scrapers.hackernews_scraper - INFO - 找到 57 条评论
2025-10-07 16:02:44,469 - scrapers.hackernews_scraper - INFO - 故事 Ask HN: Any advice on pivoting... 转换完成，包含 57 条评论
2025-10-07 16:02:44,469 - scrapers.hackernews_scraper - INFO - 转换第 5/15 个故事: Ask HN: What's your experience...
2025-10-07 16:02:46,313 - scrapers.hackernews_scraper - INFO - 找到 53 条评论
2025-10-07 16:02:46,384 - scrapers.hackernews_scraper - INFO - 故事 Ask HN: What's your experience... 转换完成，包含 53 条评论
2025-10-07 16:02:46,384 - scrapers.hackernews_scraper - INFO - 转换第 6/15 个故事: Ask HN: What are you working o...
2025-10-07 16:02:51,450 - scrapers.hackernews_scraper - INFO - 找到 1002 条评论
2025-10-07 16:03:12,842 - scrapers.hackernews_scraper - INFO - 故事 Ask HN: What are you working o... 转换完成，包含 100 条评论
2025-10-07 16:03:12,842 - scrapers.hackernews_scraper - INFO - 转换第 7/15 个故事: Ask HN: Who wants to be hired?...
2025-10-07 16:03:16,617 - scrapers.hackernews_scraper - INFO - 找到 372 条评论
2025-10-07 16:03:20,137 - scrapers.hackernews_scraper - INFO - 故事 Ask HN: Who wants to be hired?... 转换完成，包含 100 条评论
2025-10-07 16:03:20,137 - scrapers.hackernews_scraper - INFO - 转换第 8/15 个故事: Ask HN: Who is hiring? (Octobe...
2025-10-07 16:03:23,079 - scrapers.hackernews_scraper - INFO - 找到 420 条评论
2025-10-07 16:03:27,503 - scrapers.hackernews_scraper - INFO - 故事 Ask HN: Who is hiring? (Octobe... 转换完成，包含 100 条评论
2025-10-07 16:03:27,503 - scrapers.hackernews_scraper - INFO - 转换第 9/15 个故事: Ask HN: Why is software qualit...
2025-10-07 16:03:29,617 - scrapers.hackernews_scraper - INFO - 找到 92 条评论
2025-10-07 16:03:29,808 - scrapers.hackernews_scraper - INFO - 故事 Ask HN: Why is software qualit... 转换完成，包含 92 条评论
2025-10-07 16:03:29,808 - scrapers.hackernews_scraper - INFO - 转换第 10/15 个故事: Ask HN: 10-Year Reddit Account...
2025-10-07 16:03:32,240 - scrapers.hackernews_scraper - INFO - 找到 24 条评论
2025-10-07 16:03:32,260 - scrapers.hackernews_scraper - INFO - 故事 Ask HN: 10-Year Reddit Account... 转换完成，包含 24 条评论
2025-10-07 16:03:32,261 - scrapers.hackernews_scraper - INFO - 转换第 11/15 个故事: Ask HN: Why did COM/SOAP/other...
2025-10-07 16:03:34,513 - scrapers.hackernews_scraper - INFO - 找到 55 条评论
2025-10-07 16:03:34,588 - scrapers.hackernews_scraper - INFO - 故事 Ask HN: Why did COM/SOAP/other... 转换完成，包含 55 条评论
2025-10-07 16:03:34,588 - scrapers.hackernews_scraper - INFO - 转换第 12/15 个故事: Ask HN: Do coding assistants "...
2025-10-07 16:03:37,244 - scrapers.hackernews_scraper - INFO - 找到 10 条评论
2025-10-07 16:03:37,251 - scrapers.hackernews_scraper - INFO - 故事 Ask HN: Do coding assistants "... 转换完成，包含 10 条评论
2025-10-07 16:03:37,251 - scrapers.hackernews_scraper - INFO - 转换第 13/15 个故事: Ask HN: ML Engineers not negat...
2025-10-07 16:03:38,935 - scrapers.hackernews_scraper - INFO - 找到 5 条评论
2025-10-07 16:03:38,938 - scrapers.hackernews_scraper - INFO - 故事 Ask HN: ML Engineers not negat... 转换完成，包含 5 条评论
2025-10-07 16:03:38,938 - scrapers.hackernews_scraper - INFO - 转换第 14/15 个故事: Ask HN: TT-RSS Forks?...
2025-10-07 16:03:40,678 - scrapers.hackernews_scraper - INFO - 找到 1 条评论
2025-10-07 16:03:40,679 - scrapers.hackernews_scraper - INFO - 故事 Ask HN: TT-RSS Forks?... 转换完成，包含 1 条评论
2025-10-07 16:03:40,679 - scrapers.hackernews_scraper - INFO - 转换第 15/15 个故事: Ask HN: Are startups still usi...
2025-10-07 16:03:43,588 - scrapers.hackernews_scraper - INFO - 找到 18 条评论
2025-10-07 16:03:43,603 - scrapers.hackernews_scraper - INFO - 故事 Ask HN: Are startups still usi... 转换完成，包含 18 条评论
2025-10-07 16:03:43,604 - scrapers.hackernews_scraper - INFO - 共转换 15 个故事为统一格式
2025-10-07 16:03:43,604 - scrapers.hackernews_scraper - INFO - 爬取完成，共获取 15 个Ask HN故事
2025-10-07 16:03:44,051 - utils.storage_utils - INFO - 已更新源索引: hackernews
2025-10-07 16:03:44,053 - utils.storage_utils - INFO - 数据已保存到 data/hackernews/week_2025-10-06.json
2025-10-07 16:03:44,054 - scrapers.base_scraper - INFO - 数据已保存到 data/hackernews/week_2025-10-06.json
2025-10-07 16:03:44,054 - scrapers.base_scraper - INFO - 成功爬取 Hacker News 的数据
2025-10-07 16:03:44,055 - __main__ - INFO - 完成: 1/3 个爬虫成功运行
2025-10-07 16:03:44,296 - __main__ - INFO - 归档所有源的旧数据
2025-10-07 16:03:44,297 - __main__ - INFO - 源 jandan 归档 无需归档
2025-10-07 16:03:44,297 - __main__ - INFO - 源 reddit 归档 无需归档
2025-10-07 16:03:44,297 - __main__ - INFO - 源 hackernews 归档 无需归档
