2026-02-25 16:22:13,111 - __main__ - INFO - 运行所有爬虫
2026-02-25 16:22:13,111 - scrapers.jandan_scraper - INFO - JandanScraper初始化完成
2026-02-25 16:22:13,111 - scrapers.base_scraper - INFO - 开始爬取 煎蛋网
2026-02-25 16:22:13,111 - scrapers.jandan_scraper - INFO - 开始爬取煎蛋热评
2026-02-25 16:22:16,613 - scrapers.jandan_scraper - INFO - 成功获取HTML内容，长度: 27372
2026-02-25 16:22:16,613 - scrapers.jandan_scraper - INFO - 调试: 手动获取评论 5877984 的吐槽数据
2026-02-25 16:22:16,613 - scrapers.jandan_scraper - INFO - 获取评论 5877984 的吐槽内容: https://jandan.net/api/tucao/list/5877984
2026-02-25 16:22:19,700 - scrapers.jandan_scraper - INFO - 评论 5877984 获取到 1 条热门吐槽, 3 条普通吐槽
2026-02-25 16:22:19,700 - scrapers.jandan_scraper - INFO - 调试: 评论 5877984 获取到 1 条热门吐槽, 3 条普通吐槽
2026-02-25 16:22:19,700 - scrapers.jandan_scraper - INFO - 开始解析页面中的评论
2026-02-25 16:22:19,700 - scrapers.jandan_scraper - INFO - 开始解析HTML内容, 长度: 27372
2026-02-25 16:22:19,709 - scrapers.jandan_scraper - INFO - 找到 0 条热门评论
2026-02-25 16:22:19,709 - scrapers.jandan_scraper - INFO - 解析完成，获取到 0 条评论
2026-02-25 16:22:19,709 - scrapers.jandan_scraper - INFO - 开始转换评论为统一格式
2026-02-25 16:22:19,709 - scrapers.jandan_scraper - INFO - 开始转换 0 条评论到统一格式
2026-02-25 16:22:19,709 - scrapers.jandan_scraper - INFO - 共转换 0 条评论为统一格式
2026-02-25 16:22:19,709 - scrapers.jandan_scraper - INFO - 爬取完成，共获取 0 条热评
2026-02-25 16:22:19,709 - scrapers.base_scraper - ERROR - 爬取 煎蛋网 失败
2026-02-25 16:22:19,710 - scrapers.reddit_scraper - INFO - RedditScraper初始化完成
2026-02-25 16:22:19,711 - scrapers.base_scraper - INFO - 开始爬取 Reddit
2026-02-25 16:22:19,711 - scrapers.reddit_scraper - INFO - 开始爬取Reddit r/confessions每周热门帖子
2026-02-25 16:22:21,895 - utils.http_utils - ERROR - 请求失败: https://www.reddit.com/r/confessions/top/.json?t=week&limit=10, 错误: 403 Client Error: Blocked for url: https://www.reddit.com/r/confessions/top/.json?t=week&limit=10
2026-02-25 16:22:21,896 - scrapers.reddit_scraper - ERROR - 获取API数据失败: 403 Client Error: Blocked for url: https://www.reddit.com/r/confessions/top/.json?t=week&limit=10
2026-02-25 16:22:21,897 - scrapers.base_scraper - ERROR - 爬取 Reddit 失败
2026-02-25 16:22:21,897 - scrapers.hackernews_scraper - INFO - HackerNewsScraper初始化完成
2026-02-25 16:22:21,897 - scrapers.base_scraper - INFO - 开始爬取 Hacker News
2026-02-25 16:22:21,897 - scrapers.hackernews_scraper - INFO - 开始爬取Hacker News Ask HN帖子
2026-02-25 16:22:21,897 - scrapers.hackernews_scraper - INFO - 获取Ask HN页面: https://news.ycombinator.com/ask
2026-02-25 16:22:24,937 - scrapers.hackernews_scraper - INFO - 找到 30 个帖子行
2026-02-25 16:22:24,939 - scrapers.hackernews_scraper - INFO - 成功解析故事: Ask HN: Who Is Using XMPP?..., 作者=nunobrito, 点赞=2, 评论=0
2026-02-25 16:22:24,940 - scrapers.hackernews_scraper - INFO - 成功解析故事: Ask HN: Have top AI research i..., 作者=DietaryNonsense, 点赞=63, 评论=0
2026-02-25 16:22:24,940 - scrapers.hackernews_scraper - INFO - 成功解析故事: Ask HN: Programmable Watches w..., 作者=dakiol, 点赞=33, 评论=0
2026-02-25 16:22:24,941 - scrapers.hackernews_scraper - INFO - 成功解析故事: Ask HN: Share your productive ..., 作者=aavci, 点赞=81, 评论=0
2026-02-25 16:22:24,942 - scrapers.hackernews_scraper - INFO - 成功解析故事: Ask HN: Chromebook leads for K..., 作者=techteach00, 点赞=45, 评论=0
2026-02-25 16:22:24,942 - scrapers.hackernews_scraper - INFO - 成功解析故事: Ask HN: How do you know if AI ..., 作者=dmpyatyi, 点赞=31, 评论=0
2026-02-25 16:22:24,943 - scrapers.hackernews_scraper - INFO - 成功解析故事: Ask HN: Is it worth avoiding A..., 作者=2muchclout, 点赞=5, 评论=0
2026-02-25 16:22:24,944 - scrapers.hackernews_scraper - INFO - 成功解析故事: Ask HN: How are you controllin..., 作者=thesvp, 点赞=5, 评论=0
2026-02-25 16:22:24,945 - scrapers.hackernews_scraper - INFO - 成功解析故事: Ask HN: What Linux Would Be a ..., 作者=Cyberis, 点赞=13, 评论=0
2026-02-25 16:22:24,945 - scrapers.hackernews_scraper - INFO - 成功解析故事: Ask HN: Who has seen productiv..., 作者=Kapura, 点赞=7, 评论=0
2026-02-25 16:22:24,946 - scrapers.hackernews_scraper - INFO - 成功解析故事: Ask HN: Are AI "Chatbot Wrappe..., 作者=Swadesh9422, 点赞=2, 评论=0
2026-02-25 16:22:24,947 - scrapers.hackernews_scraper - INFO - 成功解析故事: Ask HN: Any DIY open-source Al..., 作者=personality0, 点赞=6, 评论=0
2026-02-25 16:22:24,947 - scrapers.hackernews_scraper - INFO - 成功解析故事: Ask HN: Is it better to have n..., 作者=parvardegr, 点赞=6, 评论=0
2026-02-25 16:22:24,948 - scrapers.hackernews_scraper - INFO - 成功解析故事: Ask HN: Missing page from Prac..., 作者=sim04ful, 点赞=3, 评论=0
2026-02-25 16:22:24,949 - scrapers.hackernews_scraper - INFO - 成功解析故事: Ask HN: Why doesn't HN have a ..., 作者=sujayk_33, 点赞=9, 评论=0
2026-02-25 16:22:24,949 - scrapers.hackernews_scraper - INFO - 成功解析 15 个Ask HN故事
2026-02-25 16:22:24,949 - scrapers.hackernews_scraper - INFO - 开始转换 15 个故事到统一格式
2026-02-25 16:22:24,949 - scrapers.hackernews_scraper - INFO - 转换第 1/15 个故事: Ask HN: Who Is Using XMPP?...
2026-02-25 16:22:26,201 - scrapers.hackernews_scraper - INFO - 找到 0 条评论
2026-02-25 16:22:26,201 - scrapers.hackernews_scraper - INFO - 故事 Ask HN: Who Is Using XMPP?... 转换完成，包含 0 条评论
2026-02-25 16:22:26,201 - scrapers.hackernews_scraper - INFO - 转换第 2/15 个故事: Ask HN: Have top AI research i...
2026-02-25 16:22:28,314 - scrapers.hackernews_scraper - INFO - 找到 66 条评论
2026-02-25 16:22:28,412 - scrapers.hackernews_scraper - INFO - 故事 Ask HN: Have top AI research i... 转换完成，包含 66 条评论
2026-02-25 16:22:28,412 - scrapers.hackernews_scraper - INFO - 转换第 3/15 个故事: Ask HN: Programmable Watches w...
2026-02-25 16:22:30,694 - scrapers.hackernews_scraper - INFO - 找到 22 条评论
2026-02-25 16:22:30,712 - scrapers.hackernews_scraper - INFO - 故事 Ask HN: Programmable Watches w... 转换完成，包含 22 条评论
2026-02-25 16:22:30,712 - scrapers.hackernews_scraper - INFO - 转换第 4/15 个故事: Ask HN: Share your productive ...
2026-02-25 16:22:32,137 - scrapers.hackernews_scraper - INFO - 找到 63 条评论
2026-02-25 16:22:32,227 - scrapers.hackernews_scraper - INFO - 故事 Ask HN: Share your productive ... 转换完成，包含 63 条评论
2026-02-25 16:22:32,227 - scrapers.hackernews_scraper - INFO - 转换第 5/15 个故事: Ask HN: Chromebook leads for K...
2026-02-25 16:22:35,456 - scrapers.hackernews_scraper - INFO - 找到 44 条评论
2026-02-25 16:22:35,506 - scrapers.hackernews_scraper - INFO - 故事 Ask HN: Chromebook leads for K... 转换完成，包含 44 条评论
2026-02-25 16:22:35,507 - scrapers.hackernews_scraper - INFO - 转换第 6/15 个故事: Ask HN: How do you know if AI ...
2026-02-25 16:22:38,340 - scrapers.hackernews_scraper - INFO - 找到 24 条评论
2026-02-25 16:22:38,360 - scrapers.hackernews_scraper - INFO - 故事 Ask HN: How do you know if AI ... 转换完成，包含 24 条评论
2026-02-25 16:22:38,361 - scrapers.hackernews_scraper - INFO - 转换第 7/15 个故事: Ask HN: Is it worth avoiding A...
2026-02-25 16:22:41,252 - scrapers.hackernews_scraper - INFO - 找到 14 条评论
2026-02-25 16:22:41,262 - scrapers.hackernews_scraper - INFO - 故事 Ask HN: Is it worth avoiding A... 转换完成，包含 14 条评论
2026-02-25 16:22:41,262 - scrapers.hackernews_scraper - INFO - 转换第 8/15 个故事: Ask HN: How are you controllin...
2026-02-25 16:22:43,856 - scrapers.hackernews_scraper - INFO - 找到 17 条评论
2026-02-25 16:22:43,869 - scrapers.hackernews_scraper - INFO - 故事 Ask HN: How are you controllin... 转换完成，包含 17 条评论
2026-02-25 16:22:43,869 - scrapers.hackernews_scraper - INFO - 转换第 9/15 个故事: Ask HN: What Linux Would Be a ...
2026-02-25 16:22:45,123 - scrapers.hackernews_scraper - INFO - 找到 18 条评论
2026-02-25 16:22:45,137 - scrapers.hackernews_scraper - INFO - 故事 Ask HN: What Linux Would Be a ... 转换完成，包含 18 条评论
2026-02-25 16:22:45,137 - scrapers.hackernews_scraper - INFO - 转换第 10/15 个故事: Ask HN: Who has seen productiv...
2026-02-25 16:22:47,340 - scrapers.hackernews_scraper - INFO - 找到 11 条评论
2026-02-25 16:22:47,348 - scrapers.hackernews_scraper - INFO - 故事 Ask HN: Who has seen productiv... 转换完成，包含 11 条评论
2026-02-25 16:22:47,348 - scrapers.hackernews_scraper - INFO - 转换第 11/15 个故事: Ask HN: Are AI "Chatbot Wrappe...
2026-02-25 16:22:50,271 - scrapers.hackernews_scraper - INFO - 找到 3 条评论
2026-02-25 16:22:50,273 - scrapers.hackernews_scraper - INFO - 故事 Ask HN: Are AI "Chatbot Wrappe... 转换完成，包含 3 条评论
2026-02-25 16:22:50,273 - scrapers.hackernews_scraper - INFO - 转换第 12/15 个故事: Ask HN: Any DIY open-source Al...
2026-02-25 16:22:53,164 - scrapers.hackernews_scraper - INFO - 找到 4 条评论
2026-02-25 16:22:53,166 - scrapers.hackernews_scraper - INFO - 故事 Ask HN: Any DIY open-source Al... 转换完成，包含 4 条评论
2026-02-25 16:22:53,166 - scrapers.hackernews_scraper - INFO - 转换第 13/15 个故事: Ask HN: Is it better to have n...
2026-02-25 16:22:55,529 - scrapers.hackernews_scraper - INFO - 找到 8 条评论
2026-02-25 16:22:55,534 - scrapers.hackernews_scraper - INFO - 故事 Ask HN: Is it better to have n... 转换完成，包含 8 条评论
2026-02-25 16:22:55,534 - scrapers.hackernews_scraper - INFO - 转换第 14/15 个故事: Ask HN: Missing page from Prac...
2026-02-25 16:22:58,390 - scrapers.hackernews_scraper - INFO - 找到 0 条评论
2026-02-25 16:22:58,390 - scrapers.hackernews_scraper - INFO - 故事 Ask HN: Missing page from Prac... 转换完成，包含 0 条评论
2026-02-25 16:22:58,390 - scrapers.hackernews_scraper - INFO - 转换第 15/15 个故事: Ask HN: Why doesn't HN have a ...
2026-02-25 16:22:59,880 - scrapers.hackernews_scraper - INFO - 找到 22 条评论
2026-02-25 16:22:59,898 - scrapers.hackernews_scraper - INFO - 故事 Ask HN: Why doesn't HN have a ... 转换完成，包含 22 条评论
2026-02-25 16:22:59,898 - scrapers.hackernews_scraper - INFO - 共转换 15 个故事为统一格式
2026-02-25 16:22:59,899 - scrapers.hackernews_scraper - INFO - 爬取完成，共获取 15 个Ask HN故事
2026-02-25 16:23:00,353 - utils.storage_utils - INFO - 已更新源索引: hackernews
2026-02-25 16:23:00,355 - utils.storage_utils - INFO - 数据已保存到 data/hackernews/week_2026-02-23.json
2026-02-25 16:23:00,356 - scrapers.base_scraper - INFO - 数据已保存到 data/hackernews/week_2026-02-23.json
2026-02-25 16:23:00,356 - scrapers.base_scraper - INFO - 成功爬取 Hacker News 的数据
2026-02-25 16:23:00,357 - __main__ - INFO - 完成: 1/3 个爬虫成功运行
2026-02-25 16:23:00,579 - __main__ - INFO - 归档所有源的旧数据
2026-02-25 16:23:00,580 - __main__ - INFO - 源 jandan 归档 无需归档
2026-02-25 16:23:00,580 - __main__ - INFO - 源 reddit 归档 无需归档
2026-02-25 16:23:00,580 - __main__ - INFO - 源 hackernews 归档 无需归档
