2026-03-01 16:02:22,745 - __main__ - INFO - 运行所有爬虫
2026-03-01 16:02:22,745 - scrapers.jandan_scraper - INFO - JandanScraper初始化完成
2026-03-01 16:02:22,745 - scrapers.base_scraper - INFO - 开始爬取 煎蛋网
2026-03-01 16:02:22,745 - scrapers.jandan_scraper - INFO - 开始爬取煎蛋热评
2026-03-01 16:02:27,333 - scrapers.jandan_scraper - INFO - 成功获取HTML内容，长度: 27377
2026-03-01 16:02:27,333 - scrapers.jandan_scraper - INFO - 调试: 手动获取评论 5877984 的吐槽数据
2026-03-01 16:02:27,334 - scrapers.jandan_scraper - INFO - 获取评论 5877984 的吐槽内容: https://jandan.net/api/tucao/list/5877984
2026-03-01 16:02:30,998 - scrapers.jandan_scraper - INFO - 评论 5877984 获取到 1 条热门吐槽, 3 条普通吐槽
2026-03-01 16:02:30,998 - scrapers.jandan_scraper - INFO - 调试: 评论 5877984 获取到 1 条热门吐槽, 3 条普通吐槽
2026-03-01 16:02:30,998 - scrapers.jandan_scraper - INFO - 开始解析页面中的评论
2026-03-01 16:02:30,998 - scrapers.jandan_scraper - INFO - 开始解析HTML内容, 长度: 27377
2026-03-01 16:02:31,007 - scrapers.jandan_scraper - INFO - 找到 0 条热门评论
2026-03-01 16:02:31,007 - scrapers.jandan_scraper - INFO - 解析完成，获取到 0 条评论
2026-03-01 16:02:31,007 - scrapers.jandan_scraper - INFO - 开始转换评论为统一格式
2026-03-01 16:02:31,007 - scrapers.jandan_scraper - INFO - 开始转换 0 条评论到统一格式
2026-03-01 16:02:31,007 - scrapers.jandan_scraper - INFO - 共转换 0 条评论为统一格式
2026-03-01 16:02:31,007 - scrapers.jandan_scraper - INFO - 爬取完成，共获取 0 条热评
2026-03-01 16:02:31,007 - scrapers.base_scraper - ERROR - 爬取 煎蛋网 失败
2026-03-01 16:02:31,008 - scrapers.reddit_scraper - INFO - RedditScraper初始化完成
2026-03-01 16:02:31,009 - scrapers.base_scraper - INFO - 开始爬取 Reddit
2026-03-01 16:02:31,009 - scrapers.reddit_scraper - INFO - 开始爬取Reddit r/confessions每周热门帖子
2026-03-01 16:02:32,997 - utils.http_utils - ERROR - 请求失败: https://www.reddit.com/r/confessions/top/.json?t=week&limit=10, 错误: 403 Client Error: Blocked for url: https://www.reddit.com/r/confessions/top/.json?t=week&limit=10
2026-03-01 16:02:32,998 - scrapers.reddit_scraper - ERROR - 获取API数据失败: 403 Client Error: Blocked for url: https://www.reddit.com/r/confessions/top/.json?t=week&limit=10
2026-03-01 16:02:32,998 - scrapers.base_scraper - ERROR - 爬取 Reddit 失败
2026-03-01 16:02:32,999 - scrapers.hackernews_scraper - INFO - HackerNewsScraper初始化完成
2026-03-01 16:02:32,999 - scrapers.base_scraper - INFO - 开始爬取 Hacker News
2026-03-01 16:02:32,999 - scrapers.hackernews_scraper - INFO - 开始爬取Hacker News Ask HN帖子
2026-03-01 16:02:32,999 - scrapers.hackernews_scraper - INFO - 获取Ask HN页面: https://news.ycombinator.com/ask
2026-03-01 16:02:34,946 - scrapers.hackernews_scraper - INFO - 找到 25 个帖子行
2026-03-01 16:02:34,947 - scrapers.hackernews_scraper - INFO - 成功解析故事: Ask HN: How do we solve the bo..., 作者=txrx0000, 点赞=7, 评论=0
2026-03-01 16:02:34,948 - scrapers.hackernews_scraper - INFO - 成功解析故事: Ask HN: Builder.ai ($1B Micros..., 作者=gamelock, 点赞=6, 评论=0
2026-03-01 16:02:34,949 - scrapers.hackernews_scraper - INFO - 成功解析故事: Ask HN: Article to share with ..., 作者=killmill, 点赞=5, 评论=0
2026-03-01 16:02:34,950 - scrapers.hackernews_scraper - INFO - 成功解析故事: Ask HN: Why are some websites ..., 作者=ezconnect, 点赞=4, 评论=0
2026-03-01 16:02:34,951 - scrapers.hackernews_scraper - INFO - 成功解析故事: Ask HN: Who Is Using XMPP?..., 作者=nunobrito, 点赞=23, 评论=0
2026-03-01 16:02:34,951 - scrapers.hackernews_scraper - INFO - 成功解析故事: Ask HN: How do you handle dupl..., 作者=shineDaPoker, 点赞=10, 评论=0
2026-03-01 16:02:34,952 - scrapers.hackernews_scraper - INFO - 成功解析故事: Ask HN: My competitor wants to..., 作者=VladVladikoff, 点赞=7, 评论=0
2026-03-01 16:02:34,952 - scrapers.hackernews_scraper - INFO - 成功解析故事: Ask HN: What's it like working..., 作者=ex-aws-dude, 点赞=22, 评论=0
2026-03-01 16:02:34,953 - scrapers.hackernews_scraper - INFO - 成功解析故事: Ask HN: What Happened to HTTPS..., 作者=alexgotoi, 点赞=4, 评论=0
2026-03-01 16:02:34,954 - scrapers.hackernews_scraper - INFO - 成功解析故事: Ask HN: Starting a New Role wi..., 作者=NoNameHaveI, 点赞=10, 评论=0
2026-03-01 16:02:34,954 - scrapers.hackernews_scraper - INFO - 成功解析故事: Ask HN: What will happen with ..., 作者=maniacwhat, 点赞=7, 评论=0
2026-03-01 16:02:34,955 - scrapers.hackernews_scraper - INFO - 成功解析 11 个Ask HN故事
2026-03-01 16:02:34,955 - scrapers.hackernews_scraper - INFO - 开始转换 11 个故事到统一格式
2026-03-01 16:02:34,955 - scrapers.hackernews_scraper - INFO - 转换第 1/11 个故事: Ask HN: How do we solve the bo...
2026-03-01 16:02:37,083 - scrapers.hackernews_scraper - INFO - 找到 11 条评论
2026-03-01 16:02:37,091 - scrapers.hackernews_scraper - INFO - 故事 Ask HN: How do we solve the bo... 转换完成，包含 11 条评论
2026-03-01 16:02:37,091 - scrapers.hackernews_scraper - INFO - 转换第 2/11 个故事: Ask HN: Builder.ai ($1B Micros...
2026-03-01 16:02:39,100 - scrapers.hackernews_scraper - INFO - 找到 4 条评论
2026-03-01 16:02:39,102 - scrapers.hackernews_scraper - INFO - 故事 Ask HN: Builder.ai ($1B Micros... 转换完成，包含 4 条评论
2026-03-01 16:02:39,102 - scrapers.hackernews_scraper - INFO - 转换第 3/11 个故事: Ask HN: Article to share with ...
2026-03-01 16:02:42,030 - scrapers.hackernews_scraper - INFO - 找到 4 条评论
2026-03-01 16:02:42,032 - scrapers.hackernews_scraper - INFO - 故事 Ask HN: Article to share with ... 转换完成，包含 4 条评论
2026-03-01 16:02:42,032 - scrapers.hackernews_scraper - INFO - 转换第 4/11 个故事: Ask HN: Why are some websites ...
2026-03-01 16:02:43,582 - scrapers.hackernews_scraper - INFO - 找到 1 条评论
2026-03-01 16:02:43,583 - scrapers.hackernews_scraper - INFO - 故事 Ask HN: Why are some websites ... 转换完成，包含 1 条评论
2026-03-01 16:02:43,583 - scrapers.hackernews_scraper - INFO - 转换第 5/11 个故事: Ask HN: Who Is Using XMPP?...
2026-03-01 16:02:45,732 - scrapers.hackernews_scraper - INFO - 找到 11 条评论
2026-03-01 16:02:45,741 - scrapers.hackernews_scraper - INFO - 故事 Ask HN: Who Is Using XMPP?... 转换完成，包含 11 条评论
2026-03-01 16:02:45,741 - scrapers.hackernews_scraper - INFO - 转换第 6/11 个故事: Ask HN: How do you handle dupl...
2026-03-01 16:02:48,201 - scrapers.hackernews_scraper - INFO - 找到 10 条评论
2026-03-01 16:02:48,208 - scrapers.hackernews_scraper - INFO - 故事 Ask HN: How do you handle dupl... 转换完成，包含 10 条评论
2026-03-01 16:02:48,208 - scrapers.hackernews_scraper - INFO - 转换第 7/11 个故事: Ask HN: My competitor wants to...
2026-03-01 16:02:49,395 - scrapers.hackernews_scraper - INFO - 找到 8 条评论
2026-03-01 16:02:49,401 - scrapers.hackernews_scraper - INFO - 故事 Ask HN: My competitor wants to... 转换完成，包含 8 条评论
2026-03-01 16:02:49,401 - scrapers.hackernews_scraper - INFO - 转换第 8/11 个故事: Ask HN: What's it like working...
2026-03-01 16:02:51,692 - scrapers.hackernews_scraper - INFO - 找到 14 条评论
2026-03-01 16:02:51,704 - scrapers.hackernews_scraper - INFO - 故事 Ask HN: What's it like working... 转换完成，包含 14 条评论
2026-03-01 16:02:51,704 - scrapers.hackernews_scraper - INFO - 转换第 9/11 个故事: Ask HN: What Happened to HTTPS...
2026-03-01 16:02:54,022 - scrapers.hackernews_scraper - INFO - 找到 0 条评论
2026-03-01 16:02:54,022 - scrapers.hackernews_scraper - INFO - 故事 Ask HN: What Happened to HTTPS... 转换完成，包含 0 条评论
2026-03-01 16:02:54,022 - scrapers.hackernews_scraper - INFO - 转换第 10/11 个故事: Ask HN: Starting a New Role wi...
2026-03-01 16:02:56,113 - scrapers.hackernews_scraper - INFO - 找到 5 条评论
2026-03-01 16:02:56,116 - scrapers.hackernews_scraper - INFO - 故事 Ask HN: Starting a New Role wi... 转换完成，包含 5 条评论
2026-03-01 16:02:56,116 - scrapers.hackernews_scraper - INFO - 转换第 11/11 个故事: Ask HN: What will happen with ...
2026-03-01 16:02:57,965 - scrapers.hackernews_scraper - INFO - 找到 4 条评论
2026-03-01 16:02:57,968 - scrapers.hackernews_scraper - INFO - 故事 Ask HN: What will happen with ... 转换完成，包含 4 条评论
2026-03-01 16:02:57,968 - scrapers.hackernews_scraper - INFO - 共转换 11 个故事为统一格式
2026-03-01 16:02:57,968 - scrapers.hackernews_scraper - INFO - 爬取完成，共获取 11 个Ask HN故事
2026-03-01 16:02:58,439 - utils.storage_utils - INFO - 已更新源索引: hackernews
2026-03-01 16:02:58,441 - utils.storage_utils - INFO - 数据已保存到 data/hackernews/week_2026-02-23.json
2026-03-01 16:02:58,443 - scrapers.base_scraper - INFO - 数据已保存到 data/hackernews/week_2026-02-23.json
2026-03-01 16:02:58,443 - scrapers.base_scraper - INFO - 成功爬取 Hacker News 的数据
2026-03-01 16:02:58,444 - __main__ - INFO - 完成: 1/3 个爬虫成功运行
2026-03-01 16:02:58,670 - __main__ - INFO - 归档所有源的旧数据
2026-03-01 16:02:58,671 - __main__ - INFO - 源 jandan 归档 无需归档
2026-03-01 16:02:58,671 - __main__ - INFO - 源 reddit 归档 无需归档
2026-03-01 16:02:58,671 - __main__ - INFO - 源 hackernews 归档 无需归档
