2025-08-29 16:01:53,702 - __main__ - INFO - 运行所有爬虫
2025-08-29 16:01:53,702 - scrapers.jandan_scraper - INFO - JandanScraper初始化完成
2025-08-29 16:01:53,702 - scrapers.base_scraper - INFO - 开始爬取 煎蛋网
2025-08-29 16:01:53,702 - scrapers.jandan_scraper - INFO - 开始爬取煎蛋热评
2025-08-29 16:01:58,024 - scrapers.jandan_scraper - INFO - 成功获取HTML内容，长度: 24792
2025-08-29 16:01:58,024 - scrapers.jandan_scraper - INFO - 调试: 手动获取评论 5877984 的吐槽数据
2025-08-29 16:01:58,024 - scrapers.jandan_scraper - INFO - 获取评论 5877984 的吐槽内容: https://jandan.net/api/tucao/list/5877984
2025-08-29 16:01:59,663 - scrapers.jandan_scraper - INFO - 评论 5877984 获取到 1 条热门吐槽, 3 条普通吐槽
2025-08-29 16:01:59,663 - scrapers.jandan_scraper - INFO - 调试: 评论 5877984 获取到 1 条热门吐槽, 3 条普通吐槽
2025-08-29 16:01:59,663 - scrapers.jandan_scraper - INFO - 开始解析页面中的评论
2025-08-29 16:01:59,663 - scrapers.jandan_scraper - INFO - 开始解析HTML内容, 长度: 24792
2025-08-29 16:01:59,672 - scrapers.jandan_scraper - INFO - 找到 0 条热门评论
2025-08-29 16:01:59,672 - scrapers.jandan_scraper - INFO - 解析完成，获取到 0 条评论
2025-08-29 16:01:59,672 - scrapers.jandan_scraper - INFO - 开始转换评论为统一格式
2025-08-29 16:01:59,672 - scrapers.jandan_scraper - INFO - 开始转换 0 条评论到统一格式
2025-08-29 16:01:59,672 - scrapers.jandan_scraper - INFO - 共转换 0 条评论为统一格式
2025-08-29 16:01:59,672 - scrapers.jandan_scraper - INFO - 爬取完成，共获取 0 条热评
2025-08-29 16:01:59,672 - scrapers.base_scraper - ERROR - 爬取 煎蛋网 失败
2025-08-29 16:01:59,672 - scrapers.reddit_scraper - INFO - RedditScraper初始化完成
2025-08-29 16:01:59,673 - scrapers.base_scraper - INFO - 开始爬取 Reddit
2025-08-29 16:01:59,673 - scrapers.reddit_scraper - INFO - 开始爬取Reddit r/confessions每周热门帖子
2025-08-29 16:02:01,223 - utils.http_utils - ERROR - 请求失败: https://www.reddit.com/r/confessions/top/.json?t=week&limit=10, 错误: 403 Client Error: Blocked for url: https://www.reddit.com/r/confessions/top/.json?t=week&limit=10
2025-08-29 16:02:01,223 - scrapers.reddit_scraper - ERROR - 获取API数据失败: 403 Client Error: Blocked for url: https://www.reddit.com/r/confessions/top/.json?t=week&limit=10
2025-08-29 16:02:01,223 - scrapers.base_scraper - ERROR - 爬取 Reddit 失败
2025-08-29 16:02:01,224 - scrapers.hackernews_scraper - INFO - HackerNewsScraper初始化完成
2025-08-29 16:02:01,224 - scrapers.base_scraper - INFO - 开始爬取 Hacker News
2025-08-29 16:02:01,224 - scrapers.hackernews_scraper - INFO - 开始爬取Hacker News Ask HN帖子
2025-08-29 16:02:01,224 - scrapers.hackernews_scraper - INFO - 获取Ask HN页面: https://news.ycombinator.com/ask
2025-08-29 16:02:03,644 - scrapers.hackernews_scraper - INFO - 找到 30 个帖子行
2025-08-29 16:02:03,645 - scrapers.hackernews_scraper - INFO - 成功解析故事: Ask HN: The government of my c..., 作者=rickybule, 点赞=1214, 评论=0
2025-08-29 16:02:03,646 - scrapers.hackernews_scraper - INFO - 成功解析故事: Ask HN: What to learn for math..., 作者=shivajikobardan, 点赞=55, 评论=0
2025-08-29 16:02:03,646 - scrapers.hackernews_scraper - INFO - 成功解析故事: Ask HN: Theory That Economic G..., 作者=davidajackson, 点赞=2, 评论=0
2025-08-29 16:02:03,647 - scrapers.hackernews_scraper - INFO - 成功解析故事: Ask HN: Should we stop worryin..., 作者=_pdp_, 点赞=3, 评论=0
2025-08-29 16:02:03,647 - scrapers.hackernews_scraper - INFO - 成功解析故事: Ask HN: What options do I have..., 作者=wzamqo, 点赞=8, 评论=0
2025-08-29 16:02:03,648 - scrapers.hackernews_scraper - INFO - 成功解析故事: Ask HN: Daily/weekly/monthly t..., 作者=shivajikobardan, 点赞=2, 评论=0
2025-08-29 16:02:03,648 - scrapers.hackernews_scraper - INFO - 成功解析故事: Ask HN: Avoiding AI slop in mu..., 作者=kermatt, 点赞=3, 评论=0
2025-08-29 16:02:03,649 - scrapers.hackernews_scraper - INFO - 成功解析故事: Ask HN: Why hasn't x86 caught ..., 作者=stephenheron, 点赞=434, 评论=0
2025-08-29 16:02:03,650 - scrapers.hackernews_scraper - INFO - 成功解析故事: Ask HN: What to do when you su..., 作者=puppycodes, 点赞=15, 评论=0
2025-08-29 16:02:03,650 - scrapers.hackernews_scraper - INFO - 成功解析故事: Ask HN: How can I recover and ..., 作者=diasks2, 点赞=56, 评论=0
2025-08-29 16:02:03,651 - scrapers.hackernews_scraper - INFO - 成功解析故事: Ask HN: Anyone working on brin..., 作者=sam_lowry_, 点赞=8, 评论=0
2025-08-29 16:02:03,651 - scrapers.hackernews_scraper - INFO - 成功解析故事: Ask HN: How much better can th..., 作者=yalogin, 点赞=2, 评论=0
2025-08-29 16:02:03,652 - scrapers.hackernews_scraper - INFO - 成功解析故事: Ask HN: Services for Shutting ..., 作者=Felicia_Juhn, 点赞=2, 评论=0
2025-08-29 16:02:03,652 - scrapers.hackernews_scraper - INFO - 成功解析故事: Ask HN: Where can I see a live..., 作者=Octopus88, 点赞=7, 评论=0
2025-08-29 16:02:03,653 - scrapers.hackernews_scraper - INFO - 成功解析故事: Ask HN: Did modern AI's coding..., 作者=amichail, 点赞=31, 评论=0
2025-08-29 16:02:03,653 - scrapers.hackernews_scraper - INFO - 成功解析 15 个Ask HN故事
2025-08-29 16:02:03,653 - scrapers.hackernews_scraper - INFO - 开始转换 15 个故事到统一格式
2025-08-29 16:02:03,653 - scrapers.hackernews_scraper - INFO - 转换第 1/15 个故事: Ask HN: The government of my c...
2025-08-29 16:02:08,464 - scrapers.hackernews_scraper - INFO - 找到 657 条评论
2025-08-29 16:02:15,272 - scrapers.hackernews_scraper - INFO - 故事 Ask HN: The government of my c... 转换完成，包含 100 条评论
2025-08-29 16:02:15,272 - scrapers.hackernews_scraper - INFO - 转换第 2/15 个故事: Ask HN: What to learn for math...
2025-08-29 16:02:17,806 - scrapers.hackernews_scraper - INFO - 找到 19 条评论
2025-08-29 16:02:17,822 - scrapers.hackernews_scraper - INFO - 故事 Ask HN: What to learn for math... 转换完成，包含 19 条评论
2025-08-29 16:02:17,822 - scrapers.hackernews_scraper - INFO - 转换第 3/15 个故事: Ask HN: Theory That Economic G...
2025-08-29 16:02:19,224 - scrapers.hackernews_scraper - INFO - 找到 1 条评论
2025-08-29 16:02:19,225 - scrapers.hackernews_scraper - INFO - 故事 Ask HN: Theory That Economic G... 转换完成，包含 1 条评论
2025-08-29 16:02:19,225 - scrapers.hackernews_scraper - INFO - 转换第 4/15 个故事: Ask HN: Should we stop worryin...
2025-08-29 16:02:20,512 - scrapers.hackernews_scraper - INFO - 找到 10 条评论
2025-08-29 16:02:20,519 - scrapers.hackernews_scraper - INFO - 故事 Ask HN: Should we stop worryin... 转换完成，包含 10 条评论
2025-08-29 16:02:20,519 - scrapers.hackernews_scraper - INFO - 转换第 5/15 个故事: Ask HN: What options do I have...
2025-08-29 16:02:22,209 - scrapers.hackernews_scraper - INFO - 找到 5 条评论
2025-08-29 16:02:22,212 - scrapers.hackernews_scraper - INFO - 故事 Ask HN: What options do I have... 转换完成，包含 5 条评论
2025-08-29 16:02:22,212 - scrapers.hackernews_scraper - INFO - 转换第 6/15 个故事: Ask HN: Daily/weekly/monthly t...
2025-08-29 16:02:24,900 - scrapers.hackernews_scraper - INFO - 找到 0 条评论
2025-08-29 16:02:24,900 - scrapers.hackernews_scraper - INFO - 故事 Ask HN: Daily/weekly/monthly t... 转换完成，包含 0 条评论
2025-08-29 16:02:24,901 - scrapers.hackernews_scraper - INFO - 转换第 7/15 个故事: Ask HN: Avoiding AI slop in mu...
2025-08-29 16:02:27,599 - scrapers.hackernews_scraper - INFO - 找到 0 条评论
2025-08-29 16:02:27,599 - scrapers.hackernews_scraper - INFO - 故事 Ask HN: Avoiding AI slop in mu... 转换完成，包含 0 条评论
2025-08-29 16:02:27,599 - scrapers.hackernews_scraper - INFO - 转换第 8/15 个故事: Ask HN: Why hasn't x86 caught ...
2025-08-29 16:02:31,372 - scrapers.hackernews_scraper - INFO - 找到 616 条评论
2025-08-29 16:02:37,383 - scrapers.hackernews_scraper - INFO - 故事 Ask HN: Why hasn't x86 caught ... 转换完成，包含 100 条评论
2025-08-29 16:02:37,383 - scrapers.hackernews_scraper - INFO - 转换第 9/15 个故事: Ask HN: What to do when you su...
2025-08-29 16:02:39,975 - scrapers.hackernews_scraper - INFO - 找到 4 条评论
2025-08-29 16:02:39,977 - scrapers.hackernews_scraper - INFO - 故事 Ask HN: What to do when you su... 转换完成，包含 4 条评论
2025-08-29 16:02:39,977 - scrapers.hackernews_scraper - INFO - 转换第 10/15 个故事: Ask HN: How can I recover and ...
2025-08-29 16:02:42,648 - scrapers.hackernews_scraper - INFO - 找到 47 条评论
2025-08-29 16:02:42,704 - scrapers.hackernews_scraper - INFO - 故事 Ask HN: How can I recover and ... 转换完成，包含 47 条评论
2025-08-29 16:02:42,704 - scrapers.hackernews_scraper - INFO - 转换第 11/15 个故事: Ask HN: Anyone working on brin...
2025-08-29 16:02:44,512 - scrapers.hackernews_scraper - INFO - 找到 7 条评论
2025-08-29 16:02:44,516 - scrapers.hackernews_scraper - INFO - 故事 Ask HN: Anyone working on brin... 转换完成，包含 7 条评论
2025-08-29 16:02:44,516 - scrapers.hackernews_scraper - INFO - 转换第 12/15 个故事: Ask HN: How much better can th...
2025-08-29 16:02:45,863 - scrapers.hackernews_scraper - INFO - 找到 3 条评论
2025-08-29 16:02:45,864 - scrapers.hackernews_scraper - INFO - 故事 Ask HN: How much better can th... 转换完成，包含 3 条评论
2025-08-29 16:02:45,864 - scrapers.hackernews_scraper - INFO - 转换第 13/15 个故事: Ask HN: Services for Shutting ...
2025-08-29 16:02:47,383 - scrapers.hackernews_scraper - INFO - 找到 4 条评论
2025-08-29 16:02:47,386 - scrapers.hackernews_scraper - INFO - 故事 Ask HN: Services for Shutting ... 转换完成，包含 4 条评论
2025-08-29 16:02:47,386 - scrapers.hackernews_scraper - INFO - 转换第 14/15 个故事: Ask HN: Where can I see a live...
2025-08-29 16:02:48,798 - scrapers.hackernews_scraper - INFO - 找到 2 条评论
2025-08-29 16:02:48,799 - scrapers.hackernews_scraper - INFO - 故事 Ask HN: Where can I see a live... 转换完成，包含 2 条评论
2025-08-29 16:02:48,799 - scrapers.hackernews_scraper - INFO - 转换第 15/15 个故事: Ask HN: Did modern AI's coding...
2025-08-29 16:02:51,031 - scrapers.hackernews_scraper - INFO - 找到 43 条评论
2025-08-29 16:02:51,077 - scrapers.hackernews_scraper - INFO - 故事 Ask HN: Did modern AI's coding... 转换完成，包含 43 条评论
2025-08-29 16:02:51,077 - scrapers.hackernews_scraper - INFO - 共转换 15 个故事为统一格式
2025-08-29 16:02:51,077 - scrapers.hackernews_scraper - INFO - 爬取完成，共获取 15 个Ask HN故事
2025-08-29 16:02:51,529 - utils.storage_utils - INFO - 已更新源索引: hackernews
2025-08-29 16:02:51,531 - utils.storage_utils - INFO - 数据已保存到 data/hackernews/week_2025-08-25.json
2025-08-29 16:02:51,532 - scrapers.base_scraper - INFO - 数据已保存到 data/hackernews/week_2025-08-25.json
2025-08-29 16:02:51,532 - scrapers.base_scraper - INFO - 成功爬取 Hacker News 的数据
2025-08-29 16:02:51,533 - __main__ - INFO - 完成: 1/3 个爬虫成功运行
2025-08-29 16:02:51,746 - __main__ - INFO - 归档所有源的旧数据
2025-08-29 16:02:51,747 - __main__ - INFO - 源 jandan 归档 无需归档
2025-08-29 16:02:51,747 - __main__ - INFO - 源 reddit 归档 无需归档
2025-08-29 16:02:51,747 - __main__ - INFO - 源 hackernews 归档 无需归档
