2026-05-13 16:43:37,413 - __main__ - INFO - 运行所有爬虫
2026-05-13 16:43:37,413 - scrapers.jandan_scraper - INFO - JandanScraper初始化完成
2026-05-13 16:43:37,414 - scrapers.base_scraper - INFO - 开始爬取 煎蛋网
2026-05-13 16:43:37,414 - scrapers.jandan_scraper - INFO - 开始爬取煎蛋热评
2026-05-13 16:43:41,981 - scrapers.jandan_scraper - INFO - 成功获取HTML内容，长度: 27195
2026-05-13 16:43:41,981 - scrapers.jandan_scraper - INFO - 调试: 手动获取评论 5877984 的吐槽数据
2026-05-13 16:43:41,981 - scrapers.jandan_scraper - INFO - 获取评论 5877984 的吐槽内容: https://jandan.net/api/tucao/list/5877984
2026-05-13 16:43:44,433 - scrapers.jandan_scraper - INFO - 评论 5877984 获取到 1 条热门吐槽, 3 条普通吐槽
2026-05-13 16:43:44,434 - scrapers.jandan_scraper - INFO - 调试: 评论 5877984 获取到 1 条热门吐槽, 3 条普通吐槽
2026-05-13 16:43:44,434 - scrapers.jandan_scraper - INFO - 开始解析页面中的评论
2026-05-13 16:43:44,434 - scrapers.jandan_scraper - INFO - 开始解析HTML内容, 长度: 27195
2026-05-13 16:43:44,441 - scrapers.jandan_scraper - INFO - 找到 0 条热门评论
2026-05-13 16:43:44,441 - scrapers.jandan_scraper - INFO - 解析完成，获取到 0 条评论
2026-05-13 16:43:44,441 - scrapers.jandan_scraper - INFO - 开始转换评论为统一格式
2026-05-13 16:43:44,441 - scrapers.jandan_scraper - INFO - 开始转换 0 条评论到统一格式
2026-05-13 16:43:44,441 - scrapers.jandan_scraper - INFO - 共转换 0 条评论为统一格式
2026-05-13 16:43:44,441 - scrapers.jandan_scraper - INFO - 爬取完成，共获取 0 条热评
2026-05-13 16:43:44,442 - scrapers.base_scraper - ERROR - 爬取 煎蛋网 失败
2026-05-13 16:43:44,442 - scrapers.reddit_scraper - INFO - RedditScraper初始化完成
2026-05-13 16:43:44,443 - scrapers.base_scraper - INFO - 开始爬取 Reddit
2026-05-13 16:43:44,443 - scrapers.reddit_scraper - INFO - 开始爬取Reddit r/confessions每周热门帖子
2026-05-13 16:43:46,991 - utils.http_utils - ERROR - 请求失败: https://www.reddit.com/r/confessions/top/.json?t=week&limit=10, 错误: 403 Client Error: Blocked for url: https://www.reddit.com/r/confessions/top/.json?t=week&limit=10
2026-05-13 16:43:46,992 - scrapers.reddit_scraper - ERROR - 获取API数据失败: 403 Client Error: Blocked for url: https://www.reddit.com/r/confessions/top/.json?t=week&limit=10
2026-05-13 16:43:46,992 - scrapers.base_scraper - ERROR - 爬取 Reddit 失败
2026-05-13 16:43:46,992 - scrapers.hackernews_scraper - INFO - HackerNewsScraper初始化完成
2026-05-13 16:43:46,992 - scrapers.base_scraper - INFO - 开始爬取 Hacker News
2026-05-13 16:43:46,993 - scrapers.hackernews_scraper - INFO - 开始爬取Hacker News Ask HN帖子
2026-05-13 16:43:46,993 - scrapers.hackernews_scraper - INFO - 获取Ask HN页面: https://news.ycombinator.com/ask
2026-05-13 16:43:49,806 - scrapers.hackernews_scraper - INFO - 找到 19 个帖子行
2026-05-13 16:43:49,808 - scrapers.hackernews_scraper - INFO - 成功解析故事: Ask HN: What are you working o..., 作者=BrunoBernardino, 点赞=7, 评论=0
2026-05-13 16:43:49,808 - scrapers.hackernews_scraper - INFO - 成功解析故事: Ask HN: What are you working o..., 作者=david927, 点赞=279, 评论=0
2026-05-13 16:43:49,809 - scrapers.hackernews_scraper - INFO - 成功解析故事: Ask HN: We just had an actual ..., 作者=mittermayr, 点赞=469, 评论=0
2026-05-13 16:43:49,809 - scrapers.hackernews_scraper - INFO - 成功解析故事: Ask HN: If HTML supersedes Mar..., 作者=zameermfm, 点赞=6, 评论=0
2026-05-13 16:43:49,810 - scrapers.hackernews_scraper - INFO - 成功解析故事: Ask HN: Is Spam getting worse ..., 作者=adamtaylor_13, 点赞=7, 评论=0
2026-05-13 16:43:49,810 - scrapers.hackernews_scraper - INFO - 成功解析故事: Ask HN: How to get started in ..., 作者=A_Random_Nerd, 点赞=16, 评论=0
2026-05-13 16:43:49,811 - scrapers.hackernews_scraper - INFO - 成功解析故事: Ask HN: How are you preparing ..., 作者=holden_nelson, 点赞=10, 评论=0
2026-05-13 16:43:49,811 - scrapers.hackernews_scraper - INFO - 成功解析故事: Ask HN: Will low quality AI cu..., 作者=0-bad-sectors, 点赞=24, 评论=0
2026-05-13 16:43:49,812 - scrapers.hackernews_scraper - INFO - 成功解析故事: Ask HN: Best static site gener..., 作者=agenttestjekuqz, 点赞=15, 评论=0
2026-05-13 16:43:49,812 - scrapers.hackernews_scraper - INFO - 成功解析故事: Ask HN: What happens when even..., 作者=kingleopold, 点赞=6, 评论=0
2026-05-13 16:43:49,813 - scrapers.hackernews_scraper - INFO - 成功解析故事: Ask HN: How often do you inves..., 作者=aspectrr, 点赞=4, 评论=0
2026-05-13 16:43:49,813 - scrapers.hackernews_scraper - INFO - 成功解析故事: Ask HN: How do you choose a mo..., 作者=bix6, 点赞=10, 评论=0
2026-05-13 16:43:49,813 - scrapers.hackernews_scraper - INFO - 成功解析故事: Ask HN: Can a tinnitus be trig..., 作者=tinnitus_crazy, 点赞=9, 评论=0
2026-05-13 16:43:49,814 - scrapers.hackernews_scraper - INFO - 成功解析故事: Ask HN: What Wintel/AMD (Lapto..., 作者=aagha, 点赞=6, 评论=0
2026-05-13 16:43:49,815 - scrapers.hackernews_scraper - INFO - 成功解析故事: Ask HN: Do you know the ethics..., 作者=eropatori, 点赞=8, 评论=0
2026-05-13 16:43:49,815 - scrapers.hackernews_scraper - INFO - 成功解析 15 个Ask HN故事
2026-05-13 16:43:49,815 - scrapers.hackernews_scraper - INFO - 开始转换 15 个故事到统一格式
2026-05-13 16:43:49,815 - scrapers.hackernews_scraper - INFO - 转换第 1/15 个故事: Ask HN: What are you working o...
2026-05-13 16:43:51,444 - scrapers.hackernews_scraper - INFO - 找到 7 条评论
2026-05-13 16:43:51,448 - scrapers.hackernews_scraper - INFO - 故事 Ask HN: What are you working o... 转换完成，包含 7 条评论
2026-05-13 16:43:51,448 - scrapers.hackernews_scraper - INFO - 转换第 2/15 个故事: Ask HN: What are you working o...
2026-05-13 16:43:57,408 - scrapers.hackernews_scraper - INFO - 找到 1064 条评论
2026-05-13 16:44:20,222 - scrapers.hackernews_scraper - INFO - 故事 Ask HN: What are you working o... 转换完成，包含 100 条评论
2026-05-13 16:44:20,223 - scrapers.hackernews_scraper - INFO - 转换第 3/15 个故事: Ask HN: We just had an actual ...
2026-05-13 16:44:21,888 - utils.http_utils - ERROR - 请求失败: https://news.ycombinator.com/item?id=48060054, 错误: 429 Client Error: Too Many Requests for url: https://news.ycombinator.com/item?id=48060054
2026-05-13 16:44:21,888 - scrapers.hackernews_scraper - ERROR - 获取故事详情失败: 48060054
2026-05-13 16:44:23,418 - utils.http_utils - ERROR - 请求失败: https://news.ycombinator.com/item?id=48060054, 错误: 429 Client Error: Too Many Requests for url: https://news.ycombinator.com/item?id=48060054
2026-05-13 16:44:23,419 - scrapers.hackernews_scraper - ERROR - 获取故事详情失败: 48060054
2026-05-13 16:44:23,419 - scrapers.hackernews_scraper - INFO - 故事 Ask HN: We just had an actual ... 转换完成，包含 0 条评论
2026-05-13 16:44:23,419 - scrapers.hackernews_scraper - INFO - 转换第 4/15 个故事: Ask HN: If HTML supersedes Mar...
2026-05-13 16:44:25,218 - scrapers.hackernews_scraper - INFO - 找到 19 条评论
2026-05-13 16:44:25,231 - scrapers.hackernews_scraper - INFO - 故事 Ask HN: If HTML supersedes Mar... 转换完成，包含 19 条评论
2026-05-13 16:44:25,231 - scrapers.hackernews_scraper - INFO - 转换第 5/15 个故事: Ask HN: Is Spam getting worse ...
2026-05-13 16:44:26,818 - utils.http_utils - ERROR - 请求失败: https://news.ycombinator.com/item?id=48113611, 错误: 429 Client Error: Too Many Requests for url: https://news.ycombinator.com/item?id=48113611
2026-05-13 16:44:26,818 - scrapers.hackernews_scraper - ERROR - 获取故事详情失败: 48113611
2026-05-13 16:44:29,060 - utils.http_utils - ERROR - 请求失败: https://news.ycombinator.com/item?id=48113611, 错误: 429 Client Error: Too Many Requests for url: https://news.ycombinator.com/item?id=48113611
2026-05-13 16:44:29,060 - scrapers.hackernews_scraper - ERROR - 获取故事详情失败: 48113611
2026-05-13 16:44:29,060 - scrapers.hackernews_scraper - INFO - 故事 Ask HN: Is Spam getting worse ... 转换完成，包含 0 条评论
2026-05-13 16:44:29,060 - scrapers.hackernews_scraper - INFO - 转换第 6/15 个故事: Ask HN: How to get started in ...
2026-05-13 16:44:30,676 - utils.http_utils - ERROR - 请求失败: https://news.ycombinator.com/item?id=48103273, 错误: 429 Client Error: Too Many Requests for url: https://news.ycombinator.com/item?id=48103273
2026-05-13 16:44:30,676 - scrapers.hackernews_scraper - ERROR - 获取故事详情失败: 48103273
2026-05-13 16:44:33,647 - utils.http_utils - ERROR - 请求失败: https://news.ycombinator.com/item?id=48103273, 错误: 429 Client Error: Too Many Requests for url: https://news.ycombinator.com/item?id=48103273
2026-05-13 16:44:33,647 - scrapers.hackernews_scraper - ERROR - 获取故事详情失败: 48103273
2026-05-13 16:44:33,647 - scrapers.hackernews_scraper - INFO - 故事 Ask HN: How to get started in ... 转换完成，包含 0 条评论
2026-05-13 16:44:33,647 - scrapers.hackernews_scraper - INFO - 转换第 7/15 个故事: Ask HN: How are you preparing ...
2026-05-13 16:44:35,817 - scrapers.hackernews_scraper - INFO - 找到 30 条评论
2026-05-13 16:44:35,844 - scrapers.hackernews_scraper - INFO - 故事 Ask HN: How are you preparing ... 转换完成，包含 30 条评论
2026-05-13 16:44:35,844 - scrapers.hackernews_scraper - INFO - 转换第 8/15 个故事: Ask HN: Will low quality AI cu...
2026-05-13 16:44:38,882 - scrapers.hackernews_scraper - INFO - 找到 28 条评论
2026-05-13 16:44:38,905 - scrapers.hackernews_scraper - INFO - 故事 Ask HN: Will low quality AI cu... 转换完成，包含 28 条评论
2026-05-13 16:44:38,905 - scrapers.hackernews_scraper - INFO - 转换第 9/15 个故事: Ask HN: Best static site gener...
2026-05-13 16:44:40,429 - scrapers.hackernews_scraper - INFO - 找到 12 条评论
2026-05-13 16:44:40,437 - scrapers.hackernews_scraper - INFO - 故事 Ask HN: Best static site gener... 转换完成，包含 12 条评论
2026-05-13 16:44:40,437 - scrapers.hackernews_scraper - INFO - 转换第 10/15 个故事: Ask HN: What happens when even...
2026-05-13 16:44:43,140 - utils.http_utils - ERROR - 请求失败: https://news.ycombinator.com/item?id=48101913, 错误: 429 Client Error: Too Many Requests for url: https://news.ycombinator.com/item?id=48101913
2026-05-13 16:44:43,140 - scrapers.hackernews_scraper - ERROR - 获取故事详情失败: 48101913
2026-05-13 16:44:46,003 - utils.http_utils - ERROR - 请求失败: https://news.ycombinator.com/item?id=48101913, 错误: 429 Client Error: Too Many Requests for url: https://news.ycombinator.com/item?id=48101913
2026-05-13 16:44:46,004 - scrapers.hackernews_scraper - ERROR - 获取故事详情失败: 48101913
2026-05-13 16:44:46,004 - scrapers.hackernews_scraper - INFO - 故事 Ask HN: What happens when even... 转换完成，包含 0 条评论
2026-05-13 16:44:46,004 - scrapers.hackernews_scraper - INFO - 转换第 11/15 个故事: Ask HN: How often do you inves...
2026-05-13 16:44:47,274 - utils.http_utils - ERROR - 请求失败: https://news.ycombinator.com/item?id=48097132, 错误: 429 Client Error: Too Many Requests for url: https://news.ycombinator.com/item?id=48097132
2026-05-13 16:44:47,274 - scrapers.hackernews_scraper - ERROR - 获取故事详情失败: 48097132
2026-05-13 16:44:48,424 - utils.http_utils - ERROR - 请求失败: https://news.ycombinator.com/item?id=48097132, 错误: 429 Client Error: Too Many Requests for url: https://news.ycombinator.com/item?id=48097132
2026-05-13 16:44:48,424 - scrapers.hackernews_scraper - ERROR - 获取故事详情失败: 48097132
2026-05-13 16:44:48,424 - scrapers.hackernews_scraper - INFO - 故事 Ask HN: How often do you inves... 转换完成，包含 0 条评论
2026-05-13 16:44:48,424 - scrapers.hackernews_scraper - INFO - 转换第 12/15 个故事: Ask HN: How do you choose a mo...
2026-05-13 16:44:50,906 - utils.http_utils - ERROR - 请求失败: https://news.ycombinator.com/item?id=48096861, 错误: 429 Client Error: Too Many Requests for url: https://news.ycombinator.com/item?id=48096861
2026-05-13 16:44:50,906 - scrapers.hackernews_scraper - ERROR - 获取故事详情失败: 48096861
2026-05-13 16:44:52,928 - utils.http_utils - ERROR - 请求失败: https://news.ycombinator.com/item?id=48096861, 错误: 429 Client Error: Too Many Requests for url: https://news.ycombinator.com/item?id=48096861
2026-05-13 16:44:52,928 - scrapers.hackernews_scraper - ERROR - 获取故事详情失败: 48096861
2026-05-13 16:44:52,929 - scrapers.hackernews_scraper - INFO - 故事 Ask HN: How do you choose a mo... 转换完成，包含 0 条评论
2026-05-13 16:44:52,929 - scrapers.hackernews_scraper - INFO - 转换第 13/15 个故事: Ask HN: Can a tinnitus be trig...
2026-05-13 16:44:54,043 - utils.http_utils - ERROR - 请求失败: https://news.ycombinator.com/item?id=48080516, 错误: 429 Client Error: Too Many Requests for url: https://news.ycombinator.com/item?id=48080516
2026-05-13 16:44:54,044 - scrapers.hackernews_scraper - ERROR - 获取故事详情失败: 48080516
2026-05-13 16:44:55,857 - utils.http_utils - ERROR - 请求失败: https://news.ycombinator.com/item?id=48080516, 错误: 429 Client Error: Too Many Requests for url: https://news.ycombinator.com/item?id=48080516
2026-05-13 16:44:55,857 - scrapers.hackernews_scraper - ERROR - 获取故事详情失败: 48080516
2026-05-13 16:44:55,857 - scrapers.hackernews_scraper - INFO - 故事 Ask HN: Can a tinnitus be trig... 转换完成，包含 0 条评论
2026-05-13 16:44:55,857 - scrapers.hackernews_scraper - INFO - 转换第 14/15 个故事: Ask HN: What Wintel/AMD (Lapto...
2026-05-13 16:44:58,590 - utils.http_utils - ERROR - 请求失败: https://news.ycombinator.com/item?id=48090164, 错误: 429 Client Error: Too Many Requests for url: https://news.ycombinator.com/item?id=48090164
2026-05-13 16:44:58,590 - scrapers.hackernews_scraper - ERROR - 获取故事详情失败: 48090164
2026-05-13 16:45:00,556 - utils.http_utils - ERROR - 请求失败: https://news.ycombinator.com/item?id=48090164, 错误: 429 Client Error: Too Many Requests for url: https://news.ycombinator.com/item?id=48090164
2026-05-13 16:45:00,556 - scrapers.hackernews_scraper - ERROR - 获取故事详情失败: 48090164
2026-05-13 16:45:00,556 - scrapers.hackernews_scraper - INFO - 故事 Ask HN: What Wintel/AMD (Lapto... 转换完成，包含 0 条评论
2026-05-13 16:45:00,556 - scrapers.hackernews_scraper - INFO - 转换第 15/15 个故事: Ask HN: Do you know the ethics...
2026-05-13 16:45:02,300 - utils.http_utils - ERROR - 请求失败: https://news.ycombinator.com/item?id=48092573, 错误: 429 Client Error: Too Many Requests for url: https://news.ycombinator.com/item?id=48092573
2026-05-13 16:45:02,300 - scrapers.hackernews_scraper - ERROR - 获取故事详情失败: 48092573
2026-05-13 16:45:03,997 - utils.http_utils - ERROR - 请求失败: https://news.ycombinator.com/item?id=48092573, 错误: 429 Client Error: Too Many Requests for url: https://news.ycombinator.com/item?id=48092573
2026-05-13 16:45:03,998 - scrapers.hackernews_scraper - ERROR - 获取故事详情失败: 48092573
2026-05-13 16:45:03,998 - scrapers.hackernews_scraper - INFO - 故事 Ask HN: Do you know the ethics... 转换完成，包含 0 条评论
2026-05-13 16:45:03,998 - scrapers.hackernews_scraper - INFO - 共转换 15 个故事为统一格式
2026-05-13 16:45:03,998 - scrapers.hackernews_scraper - INFO - 爬取完成，共获取 15 个Ask HN故事
2026-05-13 16:45:04,288 - utils.storage_utils - INFO - 已更新源索引: hackernews
2026-05-13 16:45:04,289 - utils.storage_utils - INFO - 数据已保存到 data/hackernews/week_2026-05-11.json
2026-05-13 16:45:04,289 - scrapers.base_scraper - INFO - 数据已保存到 data/hackernews/week_2026-05-11.json
2026-05-13 16:45:04,290 - scrapers.base_scraper - INFO - 成功爬取 Hacker News 的数据
2026-05-13 16:45:04,290 - __main__ - INFO - 完成: 1/3 个爬虫成功运行
2026-05-13 16:45:04,526 - __main__ - INFO - 归档所有源的旧数据
2026-05-13 16:45:04,526 - __main__ - INFO - 源 jandan 归档 无需归档
2026-05-13 16:45:04,526 - __main__ - INFO - 源 reddit 归档 无需归档
2026-05-13 16:45:04,526 - __main__ - INFO - 源 hackernews 归档 无需归档
