2026-06-07 16:27:19,726 - __main__ - INFO - 运行所有爬虫
2026-06-07 16:27:19,726 - scrapers.jandan_scraper - INFO - JandanScraper初始化完成
2026-06-07 16:27:19,727 - scrapers.base_scraper - INFO - 开始爬取 煎蛋网
2026-06-07 16:27:19,727 - scrapers.jandan_scraper - INFO - 开始爬取煎蛋热评
2026-06-07 16:27:22,637 - scrapers.jandan_scraper - INFO - 成功获取HTML内容，长度: 27824
2026-06-07 16:27:22,637 - scrapers.jandan_scraper - INFO - 调试: 手动获取评论 5877984 的吐槽数据
2026-06-07 16:27:22,637 - scrapers.jandan_scraper - INFO - 获取评论 5877984 的吐槽内容: https://jandan.net/api/tucao/list/5877984
2026-06-07 16:27:25,445 - scrapers.jandan_scraper - INFO - 评论 5877984 获取到 1 条热门吐槽, 3 条普通吐槽
2026-06-07 16:27:25,445 - scrapers.jandan_scraper - INFO - 调试: 评论 5877984 获取到 1 条热门吐槽, 3 条普通吐槽
2026-06-07 16:27:25,445 - scrapers.jandan_scraper - INFO - 开始解析页面中的评论
2026-06-07 16:27:25,445 - scrapers.jandan_scraper - INFO - 开始解析HTML内容, 长度: 27824
2026-06-07 16:27:25,454 - scrapers.jandan_scraper - INFO - 找到 0 条热门评论
2026-06-07 16:27:25,454 - scrapers.jandan_scraper - INFO - 解析完成，获取到 0 条评论
2026-06-07 16:27:25,454 - scrapers.jandan_scraper - INFO - 开始转换评论为统一格式
2026-06-07 16:27:25,454 - scrapers.jandan_scraper - INFO - 开始转换 0 条评论到统一格式
2026-06-07 16:27:25,454 - scrapers.jandan_scraper - INFO - 共转换 0 条评论为统一格式
2026-06-07 16:27:25,455 - scrapers.jandan_scraper - INFO - 爬取完成，共获取 0 条热评
2026-06-07 16:27:25,455 - scrapers.base_scraper - ERROR - 爬取 煎蛋网 失败
2026-06-07 16:27:25,455 - scrapers.reddit_scraper - INFO - RedditScraper初始化完成
2026-06-07 16:27:25,456 - scrapers.base_scraper - INFO - 开始爬取 Reddit
2026-06-07 16:27:25,456 - scrapers.reddit_scraper - INFO - 开始爬取Reddit r/confessions每周热门帖子
2026-06-07 16:27:27,316 - utils.http_utils - ERROR - 请求失败: https://www.reddit.com/r/confessions/top/.json?t=week&limit=10, 错误: 403 Client Error: Blocked for url: https://www.reddit.com/r/confessions/top/.json?t=week&limit=10
2026-06-07 16:27:27,317 - scrapers.reddit_scraper - ERROR - 获取API数据失败: 403 Client Error: Blocked for url: https://www.reddit.com/r/confessions/top/.json?t=week&limit=10
2026-06-07 16:27:27,317 - scrapers.base_scraper - ERROR - 爬取 Reddit 失败
2026-06-07 16:27:27,317 - scrapers.hackernews_scraper - INFO - HackerNewsScraper初始化完成
2026-06-07 16:27:27,318 - scrapers.base_scraper - INFO - 开始爬取 Hacker News
2026-06-07 16:27:27,318 - scrapers.hackernews_scraper - INFO - 开始爬取Hacker News Ask HN帖子
2026-06-07 16:27:27,318 - scrapers.hackernews_scraper - INFO - 获取Ask HN页面: https://news.ycombinator.com/ask
2026-06-07 16:27:29,176 - scrapers.hackernews_scraper - INFO - 找到 30 个帖子行
2026-06-07 16:27:29,178 - scrapers.hackernews_scraper - INFO - 成功解析故事: Ask HN: What was your "oh shit..., 作者=andrehacker, 点赞=664, 评论=0
2026-06-07 16:27:29,179 - scrapers.hackernews_scraper - INFO - 成功解析故事: Ask HN: How are thinking effor..., 作者=simianwords, 点赞=8, 评论=0
2026-06-07 16:27:29,179 - scrapers.hackernews_scraper - INFO - 成功解析故事: Ask HN: Why is the HN crowd so..., 作者=Ekami, 点赞=430, 评论=0
2026-06-07 16:27:29,180 - scrapers.hackernews_scraper - INFO - 成功解析故事: Ask HN: So what happened to Fa..., 作者=juliusceasar, 点赞=104, 评论=0
2026-06-07 16:27:29,180 - scrapers.hackernews_scraper - INFO - 成功解析故事: Ask HN: What is your (AI) dev ..., 作者=dv35z, 点赞=155, 评论=0
2026-06-07 16:27:29,181 - scrapers.hackernews_scraper - INFO - 成功解析故事: Ask HN: Where do you get the l..., 作者=d0able, 点赞=5, 评论=0
2026-06-07 16:27:29,181 - scrapers.hackernews_scraper - INFO - 成功解析故事: Ask HN: How to get my contact ..., 作者=kaycebasques, 点赞=9, 评论=0
2026-06-07 16:27:29,182 - scrapers.hackernews_scraper - INFO - 成功解析故事: Ask HN: How do you find deep t..., 作者=f311a, 点赞=37, 评论=0
2026-06-07 16:27:29,182 - scrapers.hackernews_scraper - INFO - 成功解析故事: Ask HN: Gin rummy strategies..., 作者=bix6, 点赞=24, 评论=0
2026-06-07 16:27:29,183 - scrapers.hackernews_scraper - INFO - 成功解析故事: Ask HN: What are the best unkn..., 作者=chistev, 点赞=6, 评论=0
2026-06-07 16:27:29,184 - scrapers.hackernews_scraper - INFO - 成功解析故事: Ask HN: Is the web for machine..., 作者=sunshine-o, 点赞=36, 评论=0
2026-06-07 16:27:29,184 - scrapers.hackernews_scraper - INFO - 成功解析故事: Ask HN: My competitors have fl..., 作者=saveitincork, 点赞=11, 评论=0
2026-06-07 16:27:29,185 - scrapers.hackernews_scraper - INFO - 成功解析故事: Ask HN: Does robotics capabili..., 作者=themasterchief, 点赞=8, 评论=0
2026-06-07 16:27:29,185 - scrapers.hackernews_scraper - INFO - 成功解析故事: Ask HN: Were CS profs right to..., 作者=amichail, 点赞=4, 评论=0
2026-06-07 16:27:29,186 - scrapers.hackernews_scraper - INFO - 成功解析故事: Ask HN: How did you discover H..., 作者=chistev, 点赞=10, 评论=0
2026-06-07 16:27:29,186 - scrapers.hackernews_scraper - INFO - 成功解析 15 个Ask HN故事
2026-06-07 16:27:29,186 - scrapers.hackernews_scraper - INFO - 开始转换 15 个故事到统一格式
2026-06-07 16:27:29,186 - scrapers.hackernews_scraper - INFO - 转换第 1/15 个故事: Ask HN: What was your "oh shit...
2026-06-07 16:27:35,377 - scrapers.hackernews_scraper - INFO - 找到 1052 条评论
2026-06-07 16:27:56,759 - scrapers.hackernews_scraper - INFO - 故事 Ask HN: What was your "oh shit... 转换完成，包含 100 条评论
2026-06-07 16:27:56,759 - scrapers.hackernews_scraper - INFO - 转换第 2/15 个故事: Ask HN: How are thinking effor...
2026-06-07 16:27:59,346 - utils.http_utils - ERROR - 请求失败: https://news.ycombinator.com/item?id=48434240, 错误: 429 Client Error: Too Many Requests for url: https://news.ycombinator.com/item?id=48434240
2026-06-07 16:27:59,346 - scrapers.hackernews_scraper - ERROR - 获取故事详情失败: 48434240
2026-06-07 16:28:01,967 - utils.http_utils - ERROR - 请求失败: https://news.ycombinator.com/item?id=48434240, 错误: 429 Client Error: Too Many Requests for url: https://news.ycombinator.com/item?id=48434240
2026-06-07 16:28:01,967 - scrapers.hackernews_scraper - ERROR - 获取故事详情失败: 48434240
2026-06-07 16:28:01,967 - scrapers.hackernews_scraper - INFO - 故事 Ask HN: How are thinking effor... 转换完成，包含 0 条评论
2026-06-07 16:28:01,967 - scrapers.hackernews_scraper - INFO - 转换第 3/15 个故事: Ask HN: Why is the HN crowd so...
2026-06-07 16:28:07,362 - scrapers.hackernews_scraper - INFO - 找到 712 条评论
2026-06-07 16:28:16,697 - scrapers.hackernews_scraper - INFO - 故事 Ask HN: Why is the HN crowd so... 转换完成，包含 100 条评论
2026-06-07 16:28:16,697 - scrapers.hackernews_scraper - INFO - 转换第 4/15 个故事: Ask HN: So what happened to Fa...
2026-06-07 16:28:19,874 - scrapers.hackernews_scraper - INFO - 找到 102 条评论
2026-06-07 16:28:20,073 - scrapers.hackernews_scraper - INFO - 故事 Ask HN: So what happened to Fa... 转换完成，包含 100 条评论
2026-06-07 16:28:20,073 - scrapers.hackernews_scraper - INFO - 转换第 5/15 个故事: Ask HN: What is your (AI) dev ...
2026-06-07 16:28:22,863 - utils.http_utils - ERROR - 请求失败: https://news.ycombinator.com/item?id=48413629, 错误: 429 Client Error: Too Many Requests for url: https://news.ycombinator.com/item?id=48413629
2026-06-07 16:28:22,863 - scrapers.hackernews_scraper - ERROR - 获取故事详情失败: 48413629
2026-06-07 16:28:25,619 - utils.http_utils - ERROR - 请求失败: https://news.ycombinator.com/item?id=48413629, 错误: 429 Client Error: Too Many Requests for url: https://news.ycombinator.com/item?id=48413629
2026-06-07 16:28:25,620 - scrapers.hackernews_scraper - ERROR - 获取故事详情失败: 48413629
2026-06-07 16:28:25,620 - scrapers.hackernews_scraper - INFO - 故事 Ask HN: What is your (AI) dev ... 转换完成，包含 0 条评论
2026-06-07 16:28:25,620 - scrapers.hackernews_scraper - INFO - 转换第 6/15 个故事: Ask HN: Where do you get the l...
2026-06-07 16:28:28,486 - utils.http_utils - ERROR - 请求失败: https://news.ycombinator.com/item?id=48430864, 错误: 429 Client Error: Too Many Requests for url: https://news.ycombinator.com/item?id=48430864
2026-06-07 16:28:28,486 - scrapers.hackernews_scraper - ERROR - 获取故事详情失败: 48430864
2026-06-07 16:28:31,230 - utils.http_utils - ERROR - 请求失败: https://news.ycombinator.com/item?id=48430864, 错误: 429 Client Error: Too Many Requests for url: https://news.ycombinator.com/item?id=48430864
2026-06-07 16:28:31,230 - scrapers.hackernews_scraper - ERROR - 获取故事详情失败: 48430864
2026-06-07 16:28:31,230 - scrapers.hackernews_scraper - INFO - 故事 Ask HN: Where do you get the l... 转换完成，包含 0 条评论
2026-06-07 16:28:31,230 - scrapers.hackernews_scraper - INFO - 转换第 7/15 个故事: Ask HN: How to get my contact ...
2026-06-07 16:28:32,969 - utils.http_utils - ERROR - 请求失败: https://news.ycombinator.com/item?id=48429285, 错误: 429 Client Error: Too Many Requests for url: https://news.ycombinator.com/item?id=48429285
2026-06-07 16:28:32,969 - scrapers.hackernews_scraper - ERROR - 获取故事详情失败: 48429285
2026-06-07 16:28:34,482 - utils.http_utils - ERROR - 请求失败: https://news.ycombinator.com/item?id=48429285, 错误: 429 Client Error: Too Many Requests for url: https://news.ycombinator.com/item?id=48429285
2026-06-07 16:28:34,482 - scrapers.hackernews_scraper - ERROR - 获取故事详情失败: 48429285
2026-06-07 16:28:34,482 - scrapers.hackernews_scraper - INFO - 故事 Ask HN: How to get my contact ... 转换完成，包含 0 条评论
2026-06-07 16:28:34,482 - scrapers.hackernews_scraper - INFO - 转换第 8/15 个故事: Ask HN: How do you find deep t...
2026-06-07 16:28:36,207 - utils.http_utils - ERROR - 请求失败: https://news.ycombinator.com/item?id=48397634, 错误: 429 Client Error: Too Many Requests for url: https://news.ycombinator.com/item?id=48397634
2026-06-07 16:28:36,207 - scrapers.hackernews_scraper - ERROR - 获取故事详情失败: 48397634
2026-06-07 16:28:38,564 - utils.http_utils - ERROR - 请求失败: https://news.ycombinator.com/item?id=48397634, 错误: 429 Client Error: Too Many Requests for url: https://news.ycombinator.com/item?id=48397634
2026-06-07 16:28:38,564 - scrapers.hackernews_scraper - ERROR - 获取故事详情失败: 48397634
2026-06-07 16:28:38,564 - scrapers.hackernews_scraper - INFO - 故事 Ask HN: How do you find deep t... 转换完成，包含 0 条评论
2026-06-07 16:28:38,564 - scrapers.hackernews_scraper - INFO - 转换第 9/15 个故事: Ask HN: Gin rummy strategies...
2026-06-07 16:28:40,007 - scrapers.hackernews_scraper - INFO - 找到 4 条评论
2026-06-07 16:28:40,009 - scrapers.hackernews_scraper - INFO - 故事 Ask HN: Gin rummy strategies... 转换完成，包含 4 条评论
2026-06-07 16:28:40,009 - scrapers.hackernews_scraper - INFO - 转换第 10/15 个故事: Ask HN: What are the best unkn...
2026-06-07 16:28:41,554 - utils.http_utils - ERROR - 请求失败: https://news.ycombinator.com/item?id=48434230, 错误: 429 Client Error: Too Many Requests for url: https://news.ycombinator.com/item?id=48434230
2026-06-07 16:28:41,554 - scrapers.hackernews_scraper - ERROR - 获取故事详情失败: 48434230
2026-06-07 16:28:42,927 - utils.http_utils - ERROR - 请求失败: https://news.ycombinator.com/item?id=48434230, 错误: 429 Client Error: Too Many Requests for url: https://news.ycombinator.com/item?id=48434230
2026-06-07 16:28:42,927 - scrapers.hackernews_scraper - ERROR - 获取故事详情失败: 48434230
2026-06-07 16:28:42,927 - scrapers.hackernews_scraper - INFO - 故事 Ask HN: What are the best unkn... 转换完成，包含 0 条评论
2026-06-07 16:28:42,927 - scrapers.hackernews_scraper - INFO - 转换第 11/15 个故事: Ask HN: Is the web for machine...
2026-06-07 16:28:44,963 - scrapers.hackernews_scraper - INFO - 找到 56 条评论
2026-06-07 16:28:45,035 - scrapers.hackernews_scraper - INFO - 故事 Ask HN: Is the web for machine... 转换完成，包含 56 条评论
2026-06-07 16:28:45,035 - scrapers.hackernews_scraper - INFO - 转换第 12/15 个故事: Ask HN: My competitors have fl...
2026-06-07 16:28:46,382 - utils.http_utils - ERROR - 请求失败: https://news.ycombinator.com/item?id=48406829, 错误: 429 Client Error: Too Many Requests for url: https://news.ycombinator.com/item?id=48406829
2026-06-07 16:28:46,382 - scrapers.hackernews_scraper - ERROR - 获取故事详情失败: 48406829
2026-06-07 16:28:49,230 - utils.http_utils - ERROR - 请求失败: https://news.ycombinator.com/item?id=48406829, 错误: 429 Client Error: Too Many Requests for url: https://news.ycombinator.com/item?id=48406829
2026-06-07 16:28:49,230 - scrapers.hackernews_scraper - ERROR - 获取故事详情失败: 48406829
2026-06-07 16:28:49,230 - scrapers.hackernews_scraper - INFO - 故事 Ask HN: My competitors have fl... 转换完成，包含 0 条评论
2026-06-07 16:28:49,230 - scrapers.hackernews_scraper - INFO - 转换第 13/15 个故事: Ask HN: Does robotics capabili...
2026-06-07 16:28:50,489 - utils.http_utils - ERROR - 请求失败: https://news.ycombinator.com/item?id=48421508, 错误: 429 Client Error: Too Many Requests for url: https://news.ycombinator.com/item?id=48421508
2026-06-07 16:28:50,489 - scrapers.hackernews_scraper - ERROR - 获取故事详情失败: 48421508
2026-06-07 16:28:51,774 - utils.http_utils - ERROR - 请求失败: https://news.ycombinator.com/item?id=48421508, 错误: 429 Client Error: Too Many Requests for url: https://news.ycombinator.com/item?id=48421508
2026-06-07 16:28:51,774 - scrapers.hackernews_scraper - ERROR - 获取故事详情失败: 48421508
2026-06-07 16:28:51,774 - scrapers.hackernews_scraper - INFO - 故事 Ask HN: Does robotics capabili... 转换完成，包含 0 条评论
2026-06-07 16:28:51,774 - scrapers.hackernews_scraper - INFO - 转换第 14/15 个故事: Ask HN: Were CS profs right to...
2026-06-07 16:28:54,138 - utils.http_utils - ERROR - 请求失败: https://news.ycombinator.com/item?id=48425236, 错误: 429 Client Error: Too Many Requests for url: https://news.ycombinator.com/item?id=48425236
2026-06-07 16:28:54,138 - scrapers.hackernews_scraper - ERROR - 获取故事详情失败: 48425236
2026-06-07 16:28:55,826 - utils.http_utils - ERROR - 请求失败: https://news.ycombinator.com/item?id=48425236, 错误: 429 Client Error: Too Many Requests for url: https://news.ycombinator.com/item?id=48425236
2026-06-07 16:28:55,826 - scrapers.hackernews_scraper - ERROR - 获取故事详情失败: 48425236
2026-06-07 16:28:55,826 - scrapers.hackernews_scraper - INFO - 故事 Ask HN: Were CS profs right to... 转换完成，包含 0 条评论
2026-06-07 16:28:55,826 - scrapers.hackernews_scraper - INFO - 转换第 15/15 个故事: Ask HN: How did you discover H...
2026-06-07 16:28:56,961 - utils.http_utils - ERROR - 请求失败: https://news.ycombinator.com/item?id=48413167, 错误: 429 Client Error: Too Many Requests for url: https://news.ycombinator.com/item?id=48413167
2026-06-07 16:28:56,961 - scrapers.hackernews_scraper - ERROR - 获取故事详情失败: 48413167
2026-06-07 16:28:58,704 - utils.http_utils - ERROR - 请求失败: https://news.ycombinator.com/item?id=48413167, 错误: 429 Client Error: Too Many Requests for url: https://news.ycombinator.com/item?id=48413167
2026-06-07 16:28:58,704 - scrapers.hackernews_scraper - ERROR - 获取故事详情失败: 48413167
2026-06-07 16:28:58,704 - scrapers.hackernews_scraper - INFO - 故事 Ask HN: How did you discover H... 转换完成，包含 0 条评论
2026-06-07 16:28:58,704 - scrapers.hackernews_scraper - INFO - 共转换 15 个故事为统一格式
2026-06-07 16:28:58,705 - scrapers.hackernews_scraper - INFO - 爬取完成，共获取 15 个Ask HN故事
2026-06-07 16:28:59,014 - utils.storage_utils - INFO - 已更新源索引: hackernews
2026-06-07 16:28:59,016 - utils.storage_utils - INFO - 数据已保存到 data/hackernews/week_2026-06-01.json
2026-06-07 16:28:59,016 - scrapers.base_scraper - INFO - 数据已保存到 data/hackernews/week_2026-06-01.json
2026-06-07 16:28:59,016 - scrapers.base_scraper - INFO - 成功爬取 Hacker News 的数据
2026-06-07 16:28:59,017 - __main__ - INFO - 完成: 1/3 个爬虫成功运行
2026-06-07 16:28:59,263 - __main__ - INFO - 归档所有源的旧数据
2026-06-07 16:28:59,264 - __main__ - INFO - 源 jandan 归档 无需归档
2026-06-07 16:28:59,264 - __main__ - INFO - 源 reddit 归档 无需归档
2026-06-07 16:28:59,264 - __main__ - INFO - 源 hackernews 归档 无需归档
