2025-11-07 16:02:19,488 - __main__ - INFO - 运行所有爬虫
2025-11-07 16:02:19,489 - scrapers.jandan_scraper - INFO - JandanScraper初始化完成
2025-11-07 16:02:19,489 - scrapers.base_scraper - INFO - 开始爬取 煎蛋网
2025-11-07 16:02:19,489 - scrapers.jandan_scraper - INFO - 开始爬取煎蛋热评
2025-11-07 16:02:23,290 - scrapers.jandan_scraper - INFO - 成功获取HTML内容，长度: 24786
2025-11-07 16:02:23,290 - scrapers.jandan_scraper - INFO - 调试: 手动获取评论 5877984 的吐槽数据
2025-11-07 16:02:23,290 - scrapers.jandan_scraper - INFO - 获取评论 5877984 的吐槽内容: https://jandan.net/api/tucao/list/5877984
2025-11-07 16:02:25,653 - scrapers.jandan_scraper - INFO - 评论 5877984 获取到 1 条热门吐槽, 3 条普通吐槽
2025-11-07 16:02:25,653 - scrapers.jandan_scraper - INFO - 调试: 评论 5877984 获取到 1 条热门吐槽, 3 条普通吐槽
2025-11-07 16:02:25,653 - scrapers.jandan_scraper - INFO - 开始解析页面中的评论
2025-11-07 16:02:25,653 - scrapers.jandan_scraper - INFO - 开始解析HTML内容, 长度: 24786
2025-11-07 16:02:25,662 - scrapers.jandan_scraper - INFO - 找到 0 条热门评论
2025-11-07 16:02:25,662 - scrapers.jandan_scraper - INFO - 解析完成，获取到 0 条评论
2025-11-07 16:02:25,662 - scrapers.jandan_scraper - INFO - 开始转换评论为统一格式
2025-11-07 16:02:25,662 - scrapers.jandan_scraper - INFO - 开始转换 0 条评论到统一格式
2025-11-07 16:02:25,662 - scrapers.jandan_scraper - INFO - 共转换 0 条评论为统一格式
2025-11-07 16:02:25,662 - scrapers.jandan_scraper - INFO - 爬取完成，共获取 0 条热评
2025-11-07 16:02:25,662 - scrapers.base_scraper - ERROR - 爬取 煎蛋网 失败
2025-11-07 16:02:25,662 - scrapers.reddit_scraper - INFO - RedditScraper初始化完成
2025-11-07 16:02:25,663 - scrapers.base_scraper - INFO - 开始爬取 Reddit
2025-11-07 16:02:25,663 - scrapers.reddit_scraper - INFO - 开始爬取Reddit r/confessions每周热门帖子
2025-11-07 16:02:27,888 - utils.http_utils - ERROR - 请求失败: https://www.reddit.com/r/confessions/top/.json?t=week&limit=10, 错误: 403 Client Error: Blocked for url: https://www.reddit.com/r/confessions/top/.json?t=week&limit=10
2025-11-07 16:02:27,889 - scrapers.reddit_scraper - ERROR - 获取API数据失败: 403 Client Error: Blocked for url: https://www.reddit.com/r/confessions/top/.json?t=week&limit=10
2025-11-07 16:02:27,889 - scrapers.base_scraper - ERROR - 爬取 Reddit 失败
2025-11-07 16:02:27,889 - scrapers.hackernews_scraper - INFO - HackerNewsScraper初始化完成
2025-11-07 16:02:27,890 - scrapers.base_scraper - INFO - 开始爬取 Hacker News
2025-11-07 16:02:27,890 - scrapers.hackernews_scraper - INFO - 开始爬取Hacker News Ask HN帖子
2025-11-07 16:02:27,890 - scrapers.hackernews_scraper - INFO - 获取Ask HN页面: https://news.ycombinator.com/ask
2025-11-07 16:02:29,765 - scrapers.hackernews_scraper - INFO - 找到 24 个帖子行
2025-11-07 16:02:29,767 - scrapers.hackernews_scraper - INFO - 成功解析故事: Ask HN: My family business run..., 作者=urnicus, 点赞=304, 评论=0
2025-11-07 16:02:29,768 - scrapers.hackernews_scraper - INFO - 成功解析故事: Ask HN: Who is hiring? (Novemb..., 作者=whoishiring, 点赞=393, 评论=0
2025-11-07 16:02:29,769 - scrapers.hackernews_scraper - INFO - 成功解析故事: Ask HN: Who wants to be hired?..., 作者=whoishiring, 点赞=196, 评论=0
2025-11-07 16:02:29,769 - scrapers.hackernews_scraper - INFO - 成功解析故事: Ask HN: Beta testers for a fre..., 作者=vieews, 点赞=4, 评论=0
2025-11-07 16:02:29,770 - scrapers.hackernews_scraper - INFO - 成功解析故事: Ask HN: What games let you sim..., 作者=tbwriting, 点赞=10, 评论=0
2025-11-07 16:02:29,771 - scrapers.hackernews_scraper - INFO - 成功解析故事: Ask HN: Where to begin with "m..., 作者=weakfish, 点赞=222, 评论=0
2025-11-07 16:02:29,771 - scrapers.hackernews_scraper - INFO - 成功解析故事: Ask HN: Have people started to..., 作者=sandeepkd, 点赞=3, 评论=0
2025-11-07 16:02:29,772 - scrapers.hackernews_scraper - INFO - 成功解析故事: Ask HN: How much time do you s..., 作者=roundstars, 点赞=13, 评论=0
2025-11-07 16:02:29,772 - scrapers.hackernews_scraper - INFO - 成功解析故事: Ask HN: VC-funded startup lurk..., 作者=nduncan_hmc, 点赞=16, 评论=0
2025-11-07 16:02:29,773 - scrapers.hackernews_scraper - INFO - 成功解析故事: Ask HN: Startups should brag l..., 作者=paulwilsonn, 点赞=3, 评论=0
2025-11-07 16:02:29,773 - scrapers.hackernews_scraper - INFO - 成功解析故事: Ask HN: A service for dating t..., 作者=amichail, 点赞=8, 评论=0
2025-11-07 16:02:29,774 - scrapers.hackernews_scraper - INFO - 成功解析故事: Ask HN: How did you find your ..., 作者=dirtybirdnj, 点赞=7, 评论=0
2025-11-07 16:02:29,774 - scrapers.hackernews_scraper - INFO - 成功解析故事: Ask HN: How opiniated Is HN?..., 作者=janikvonrotz, 点赞=11, 评论=0
2025-11-07 16:02:29,775 - scrapers.hackernews_scraper - INFO - 成功解析故事: Ask HN: Is this the fast take ..., 作者=noduerme, 点赞=4, 评论=0
2025-11-07 16:02:29,775 - scrapers.hackernews_scraper - INFO - 成功解析 14 个Ask HN故事
2025-11-07 16:02:29,775 - scrapers.hackernews_scraper - INFO - 开始转换 14 个故事到统一格式
2025-11-07 16:02:29,775 - scrapers.hackernews_scraper - INFO - 转换第 1/14 个故事: Ask HN: My family business run...
2025-11-07 16:02:33,276 - scrapers.hackernews_scraper - INFO - 找到 304 条评论
2025-11-07 16:02:34,819 - scrapers.hackernews_scraper - INFO - 故事 Ask HN: My family business run... 转换完成，包含 100 条评论
2025-11-07 16:02:34,819 - scrapers.hackernews_scraper - INFO - 转换第 2/14 个故事: Ask HN: Who is hiring? (Novemb...
2025-11-07 16:02:37,577 - scrapers.hackernews_scraper - INFO - 找到 528 条评论
2025-11-07 16:02:44,114 - scrapers.hackernews_scraper - INFO - 故事 Ask HN: Who is hiring? (Novemb... 转换完成，包含 100 条评论
2025-11-07 16:02:44,114 - scrapers.hackernews_scraper - INFO - 转换第 3/14 个故事: Ask HN: Who wants to be hired?...
2025-11-07 16:02:47,591 - scrapers.hackernews_scraper - INFO - 找到 428 条评论
2025-11-07 16:02:51,793 - scrapers.hackernews_scraper - INFO - 故事 Ask HN: Who wants to be hired?... 转换完成，包含 100 条评论
2025-11-07 16:02:51,793 - scrapers.hackernews_scraper - INFO - 转换第 4/14 个故事: Ask HN: Beta testers for a fre...
2025-11-07 16:02:54,276 - scrapers.hackernews_scraper - INFO - 找到 0 条评论
2025-11-07 16:02:54,276 - scrapers.hackernews_scraper - INFO - 故事 Ask HN: Beta testers for a fre... 转换完成，包含 0 条评论
2025-11-07 16:02:54,276 - scrapers.hackernews_scraper - INFO - 转换第 5/14 个故事: Ask HN: What games let you sim...
2025-11-07 16:02:56,722 - scrapers.hackernews_scraper - INFO - 找到 5 条评论
2025-11-07 16:02:56,727 - scrapers.hackernews_scraper - INFO - 故事 Ask HN: What games let you sim... 转换完成，包含 5 条评论
2025-11-07 16:02:56,727 - scrapers.hackernews_scraper - INFO - 转换第 6/14 个故事: Ask HN: Where to begin with "m...
2025-11-07 16:02:58,984 - scrapers.hackernews_scraper - INFO - 找到 122 条评论
2025-11-07 16:02:59,272 - scrapers.hackernews_scraper - INFO - 故事 Ask HN: Where to begin with "m... 转换完成，包含 100 条评论
2025-11-07 16:02:59,272 - scrapers.hackernews_scraper - INFO - 转换第 7/14 个故事: Ask HN: Have people started to...
2025-11-07 16:03:01,236 - scrapers.hackernews_scraper - INFO - 找到 7 条评论
2025-11-07 16:03:01,240 - scrapers.hackernews_scraper - INFO - 故事 Ask HN: Have people started to... 转换完成，包含 7 条评论
2025-11-07 16:03:01,240 - scrapers.hackernews_scraper - INFO - 转换第 8/14 个故事: Ask HN: How much time do you s...
2025-11-07 16:03:03,435 - scrapers.hackernews_scraper - INFO - 找到 19 条评论
2025-11-07 16:03:03,451 - scrapers.hackernews_scraper - INFO - 故事 Ask HN: How much time do you s... 转换完成，包含 19 条评论
2025-11-07 16:03:03,451 - scrapers.hackernews_scraper - INFO - 转换第 9/14 个故事: Ask HN: VC-funded startup lurk...
2025-11-07 16:03:04,642 - scrapers.hackernews_scraper - INFO - 找到 9 条评论
2025-11-07 16:03:04,648 - scrapers.hackernews_scraper - INFO - 故事 Ask HN: VC-funded startup lurk... 转换完成，包含 9 条评论
2025-11-07 16:03:04,648 - scrapers.hackernews_scraper - INFO - 转换第 10/14 个故事: Ask HN: Startups should brag l...
2025-11-07 16:03:05,930 - scrapers.hackernews_scraper - INFO - 找到 4 条评论
2025-11-07 16:03:05,935 - scrapers.hackernews_scraper - INFO - 故事 Ask HN: Startups should brag l... 转换完成，包含 4 条评论
2025-11-07 16:03:05,935 - scrapers.hackernews_scraper - INFO - 转换第 11/14 个故事: Ask HN: A service for dating t...
2025-11-07 16:03:07,132 - scrapers.hackernews_scraper - INFO - 找到 10 条评论
2025-11-07 16:03:07,139 - scrapers.hackernews_scraper - INFO - 故事 Ask HN: A service for dating t... 转换完成，包含 10 条评论
2025-11-07 16:03:07,139 - scrapers.hackernews_scraper - INFO - 转换第 12/14 个故事: Ask HN: How did you find your ...
2025-11-07 16:03:08,537 - scrapers.hackernews_scraper - INFO - 找到 14 条评论
2025-11-07 16:03:08,547 - scrapers.hackernews_scraper - INFO - 故事 Ask HN: How did you find your ... 转换完成，包含 14 条评论
2025-11-07 16:03:08,547 - scrapers.hackernews_scraper - INFO - 转换第 13/14 个故事: Ask HN: How opiniated Is HN?...
2025-11-07 16:03:10,198 - scrapers.hackernews_scraper - INFO - 找到 22 条评论
2025-11-07 16:03:10,216 - scrapers.hackernews_scraper - INFO - 故事 Ask HN: How opiniated Is HN?... 转换完成，包含 22 条评论
2025-11-07 16:03:10,216 - scrapers.hackernews_scraper - INFO - 转换第 14/14 个故事: Ask HN: Is this the fast take ...
2025-11-07 16:03:12,377 - scrapers.hackernews_scraper - INFO - 找到 15 条评论
2025-11-07 16:03:12,388 - scrapers.hackernews_scraper - INFO - 故事 Ask HN: Is this the fast take ... 转换完成，包含 15 条评论
2025-11-07 16:03:12,388 - scrapers.hackernews_scraper - INFO - 共转换 14 个故事为统一格式
2025-11-07 16:03:12,388 - scrapers.hackernews_scraper - INFO - 爬取完成，共获取 14 个Ask HN故事
2025-11-07 16:03:13,088 - utils.storage_utils - INFO - 已更新源索引: hackernews
2025-11-07 16:03:13,092 - utils.storage_utils - INFO - 数据已保存到 data/hackernews/week_2025-11-03.json
2025-11-07 16:03:13,097 - scrapers.base_scraper - INFO - 数据已保存到 data/hackernews/week_2025-11-03.json
2025-11-07 16:03:13,097 - scrapers.base_scraper - INFO - 成功爬取 Hacker News 的数据
2025-11-07 16:03:13,099 - __main__ - INFO - 完成: 1/3 个爬虫成功运行
2025-11-07 16:03:13,335 - __main__ - INFO - 归档所有源的旧数据
2025-11-07 16:03:13,335 - __main__ - INFO - 源 jandan 归档 无需归档
2025-11-07 16:03:13,336 - __main__ - INFO - 源 reddit 归档 无需归档
2025-11-07 16:03:13,336 - __main__ - INFO - 源 hackernews 归档 无需归档
