2026-07-18 16:42:56,211 - __main__ - INFO - 运行所有爬虫
2026-07-18 16:42:56,211 - scrapers.jandan_scraper - INFO - JandanScraper初始化完成
2026-07-18 16:42:56,212 - scrapers.base_scraper - INFO - 开始爬取 煎蛋网
2026-07-18 16:42:56,212 - scrapers.jandan_scraper - INFO - 开始爬取煎蛋热评
2026-07-18 16:43:00,966 - scrapers.jandan_scraper - INFO - 成功获取HTML内容，长度: 36949
2026-07-18 16:43:00,966 - scrapers.jandan_scraper - INFO - 调试: 手动获取评论 5877984 的吐槽数据
2026-07-18 16:43:00,966 - scrapers.jandan_scraper - INFO - 获取评论 5877984 的吐槽内容: https://jandan.net/api/tucao/list/5877984
2026-07-18 16:43:03,665 - scrapers.jandan_scraper - INFO - 评论 5877984 获取到 0 条热门吐槽, 0 条普通吐槽
2026-07-18 16:43:03,665 - scrapers.jandan_scraper - INFO - 调试: 评论 5877984 获取到 0 条热门吐槽, 0 条普通吐槽
2026-07-18 16:43:03,665 - scrapers.jandan_scraper - INFO - 开始解析页面中的评论
2026-07-18 16:43:03,665 - scrapers.jandan_scraper - INFO - 开始解析HTML内容, 长度: 36949
2026-07-18 16:43:03,674 - scrapers.jandan_scraper - INFO - 找到 0 条热门评论
2026-07-18 16:43:03,674 - scrapers.jandan_scraper - INFO - 解析完成，获取到 0 条评论
2026-07-18 16:43:03,675 - scrapers.jandan_scraper - INFO - 开始转换评论为统一格式
2026-07-18 16:43:03,675 - scrapers.jandan_scraper - INFO - 开始转换 0 条评论到统一格式
2026-07-18 16:43:03,675 - scrapers.jandan_scraper - INFO - 共转换 0 条评论为统一格式
2026-07-18 16:43:03,675 - scrapers.jandan_scraper - INFO - 爬取完成，共获取 0 条热评
2026-07-18 16:43:03,675 - scrapers.base_scraper - ERROR - 爬取 煎蛋网 失败
2026-07-18 16:43:03,675 - scrapers.reddit_scraper - INFO - RedditScraper初始化完成
2026-07-18 16:43:03,676 - scrapers.base_scraper - INFO - 开始爬取 Reddit
2026-07-18 16:43:03,677 - scrapers.reddit_scraper - INFO - 开始爬取Reddit r/confessions每周热门帖子
2026-07-18 16:43:05,125 - utils.http_utils - ERROR - 请求失败: https://www.reddit.com/r/confessions/top/.json?t=week&limit=10, 错误: 403 Client Error: Blocked for url: https://www.reddit.com/r/confessions/top/.json?t=week&limit=10
2026-07-18 16:43:05,126 - scrapers.reddit_scraper - ERROR - 获取API数据失败: 403 Client Error: Blocked for url: https://www.reddit.com/r/confessions/top/.json?t=week&limit=10
2026-07-18 16:43:05,127 - scrapers.base_scraper - ERROR - 爬取 Reddit 失败
2026-07-18 16:43:05,127 - scrapers.hackernews_scraper - INFO - HackerNewsScraper初始化完成
2026-07-18 16:43:05,127 - scrapers.base_scraper - INFO - 开始爬取 Hacker News
2026-07-18 16:43:05,127 - scrapers.hackernews_scraper - INFO - 开始爬取Hacker News Ask HN帖子
2026-07-18 16:43:05,127 - scrapers.hackernews_scraper - INFO - 获取Ask HN页面: https://news.ycombinator.com/ask
2026-07-18 16:43:07,789 - scrapers.hackernews_scraper - INFO - 找到 21 个帖子行
2026-07-18 16:43:07,791 - scrapers.hackernews_scraper - INFO - 成功解析故事: Ask HN: What Are You Working O..., 作者=david927, 点赞=287, 评论=0
2026-07-18 16:43:07,791 - scrapers.hackernews_scraper - INFO - 成功解析故事: Ask HN: Having a child before ..., 作者=lassearpe, 点赞=3, 评论=0
2026-07-18 16:43:07,792 - scrapers.hackernews_scraper - INFO - 成功解析故事: Ask HN: Did Fable disappear fr..., 作者=cromka, 点赞=90, 评论=0
2026-07-18 16:43:07,792 - scrapers.hackernews_scraper - INFO - 成功解析故事: Ask HN: I've told everyone abo..., 作者=bunnybomb2, 点赞=4, 评论=0
2026-07-18 16:43:07,793 - scrapers.hackernews_scraper - INFO - 成功解析故事: Ask HN: Is it just me, or is s..., 作者=kadhirvelm, 点赞=133, 评论=0
2026-07-18 16:43:07,793 - scrapers.hackernews_scraper - INFO - 成功解析故事: Ask HN: Add flag for AI-genera..., 作者=levkk, 点赞=1091, 评论=0
2026-07-18 16:43:07,794 - scrapers.hackernews_scraper - INFO - 成功解析故事: Ask HN: Is AI sycophancy a way..., 作者=amichail, 点赞=2, 评论=0
2026-07-18 16:43:07,795 - scrapers.hackernews_scraper - INFO - 成功解析故事: Ask HN: I built it and nobody ..., 作者=deadcatfound, 点赞=9, 评论=0
2026-07-18 16:43:07,795 - scrapers.hackernews_scraper - INFO - 成功解析故事: Ask HN: Should I do a CS maste..., 作者=sspehr, 点赞=28, 评论=0
2026-07-18 16:43:07,796 - scrapers.hackernews_scraper - INFO - 成功解析故事: Ask HN: Who gets credits on bi..., 作者=silentmafia, 点赞=9, 评论=0
2026-07-18 16:43:07,797 - scrapers.hackernews_scraper - INFO - 成功解析故事: Ask HN: Are AWS Certs worth ge..., 作者=Gold-Ask-lx, 点赞=12, 评论=0
2026-07-18 16:43:07,797 - scrapers.hackernews_scraper - INFO - 成功解析故事: Ask HN: How do you handle the ..., 作者=ThierryRkt, 点赞=4, 评论=0
2026-07-18 16:43:07,798 - scrapers.hackernews_scraper - INFO - 成功解析故事: Ask HN: What are you working o..., 作者=adithyaharish, 点赞=4, 评论=0
2026-07-18 16:43:07,798 - scrapers.hackernews_scraper - INFO - 成功解析 13 个Ask HN故事
2026-07-18 16:43:07,798 - scrapers.hackernews_scraper - INFO - 开始转换 13 个故事到统一格式
2026-07-18 16:43:07,798 - scrapers.hackernews_scraper - INFO - 转换第 1/13 个故事: Ask HN: What Are You Working O...
2026-07-18 16:43:09,704 - utils.http_utils - ERROR - 请求失败: https://news.ycombinator.com/item?id=48884984, 错误: 429 Client Error: Too Many Requests for url: https://news.ycombinator.com/item?id=48884984
2026-07-18 16:43:09,704 - scrapers.hackernews_scraper - ERROR - 获取故事详情失败: 48884984
2026-07-18 16:43:11,155 - utils.http_utils - ERROR - 请求失败: https://news.ycombinator.com/item?id=48884984, 错误: 429 Client Error: Too Many Requests for url: https://news.ycombinator.com/item?id=48884984
2026-07-18 16:43:11,156 - scrapers.hackernews_scraper - ERROR - 获取故事详情失败: 48884984
2026-07-18 16:43:11,156 - scrapers.hackernews_scraper - INFO - 故事 Ask HN: What Are You Working O... 转换完成，包含 0 条评论
2026-07-18 16:43:11,156 - scrapers.hackernews_scraper - INFO - 转换第 2/13 个故事: Ask HN: Having a child before ...
2026-07-18 16:43:13,371 - scrapers.hackernews_scraper - INFO - 找到 14 条评论
2026-07-18 16:43:13,381 - scrapers.hackernews_scraper - INFO - 故事 Ask HN: Having a child before ... 转换完成，包含 14 条评论
2026-07-18 16:43:13,381 - scrapers.hackernews_scraper - INFO - 转换第 3/13 个故事: Ask HN: Did Fable disappear fr...
2026-07-18 16:43:14,995 - scrapers.hackernews_scraper - INFO - 找到 86 条评论
2026-07-18 16:43:15,142 - scrapers.hackernews_scraper - INFO - 故事 Ask HN: Did Fable disappear fr... 转换完成，包含 86 条评论
2026-07-18 16:43:15,142 - scrapers.hackernews_scraper - INFO - 转换第 4/13 个故事: Ask HN: I've told everyone abo...
2026-07-18 16:43:17,757 - utils.http_utils - ERROR - 请求失败: https://news.ycombinator.com/item?id=48955898, 错误: 429 Client Error: Too Many Requests for url: https://news.ycombinator.com/item?id=48955898
2026-07-18 16:43:17,757 - scrapers.hackernews_scraper - ERROR - 获取故事详情失败: 48955898
2026-07-18 16:43:20,034 - utils.http_utils - ERROR - 请求失败: https://news.ycombinator.com/item?id=48955898, 错误: 429 Client Error: Too Many Requests for url: https://news.ycombinator.com/item?id=48955898
2026-07-18 16:43:20,034 - scrapers.hackernews_scraper - ERROR - 获取故事详情失败: 48955898
2026-07-18 16:43:20,034 - scrapers.hackernews_scraper - INFO - 故事 Ask HN: I've told everyone abo... 转换完成，包含 0 条评论
2026-07-18 16:43:20,034 - scrapers.hackernews_scraper - INFO - 转换第 5/13 个故事: Ask HN: Is it just me, or is s...
2026-07-18 16:43:22,746 - utils.http_utils - ERROR - 请求失败: https://news.ycombinator.com/item?id=48920698, 错误: 429 Client Error: Too Many Requests for url: https://news.ycombinator.com/item?id=48920698
2026-07-18 16:43:22,746 - scrapers.hackernews_scraper - ERROR - 获取故事详情失败: 48920698
2026-07-18 16:43:24,750 - utils.http_utils - ERROR - 请求失败: https://news.ycombinator.com/item?id=48920698, 错误: 429 Client Error: Too Many Requests for url: https://news.ycombinator.com/item?id=48920698
2026-07-18 16:43:24,750 - scrapers.hackernews_scraper - ERROR - 获取故事详情失败: 48920698
2026-07-18 16:43:24,751 - scrapers.hackernews_scraper - INFO - 故事 Ask HN: Is it just me, or is s... 转换完成，包含 0 条评论
2026-07-18 16:43:24,751 - scrapers.hackernews_scraper - INFO - 转换第 6/13 个故事: Ask HN: Add flag for AI-genera...
2026-07-18 16:43:27,059 - utils.http_utils - ERROR - 请求失败: https://news.ycombinator.com/item?id=48886741, 错误: 429 Client Error: Too Many Requests for url: https://news.ycombinator.com/item?id=48886741
2026-07-18 16:43:27,059 - scrapers.hackernews_scraper - ERROR - 获取故事详情失败: 48886741
2026-07-18 16:43:29,173 - utils.http_utils - ERROR - 请求失败: https://news.ycombinator.com/item?id=48886741, 错误: 429 Client Error: Too Many Requests for url: https://news.ycombinator.com/item?id=48886741
2026-07-18 16:43:29,173 - scrapers.hackernews_scraper - ERROR - 获取故事详情失败: 48886741
2026-07-18 16:43:29,174 - scrapers.hackernews_scraper - INFO - 故事 Ask HN: Add flag for AI-genera... 转换完成，包含 0 条评论
2026-07-18 16:43:29,174 - scrapers.hackernews_scraper - INFO - 转换第 7/13 个故事: Ask HN: Is AI sycophancy a way...
2026-07-18 16:43:30,232 - utils.http_utils - ERROR - 请求失败: https://news.ycombinator.com/item?id=48951462, 错误: 429 Client Error: Too Many Requests for url: https://news.ycombinator.com/item?id=48951462
2026-07-18 16:43:30,232 - scrapers.hackernews_scraper - ERROR - 获取故事详情失败: 48951462
2026-07-18 16:43:33,236 - utils.http_utils - ERROR - 请求失败: https://news.ycombinator.com/item?id=48951462, 错误: 429 Client Error: Too Many Requests for url: https://news.ycombinator.com/item?id=48951462
2026-07-18 16:43:33,236 - scrapers.hackernews_scraper - ERROR - 获取故事详情失败: 48951462
2026-07-18 16:43:33,236 - scrapers.hackernews_scraper - INFO - 故事 Ask HN: Is AI sycophancy a way... 转换完成，包含 0 条评论
2026-07-18 16:43:33,236 - scrapers.hackernews_scraper - INFO - 转换第 8/13 个故事: Ask HN: I built it and nobody ...
2026-07-18 16:43:34,616 - utils.http_utils - ERROR - 请求失败: https://news.ycombinator.com/item?id=48942096, 错误: 429 Client Error: Too Many Requests for url: https://news.ycombinator.com/item?id=48942096
2026-07-18 16:43:34,616 - scrapers.hackernews_scraper - ERROR - 获取故事详情失败: 48942096
2026-07-18 16:43:35,898 - utils.http_utils - ERROR - 请求失败: https://news.ycombinator.com/item?id=48942096, 错误: 429 Client Error: Too Many Requests for url: https://news.ycombinator.com/item?id=48942096
2026-07-18 16:43:35,899 - scrapers.hackernews_scraper - ERROR - 获取故事详情失败: 48942096
2026-07-18 16:43:35,899 - scrapers.hackernews_scraper - INFO - 故事 Ask HN: I built it and nobody ... 转换完成，包含 0 条评论
2026-07-18 16:43:35,899 - scrapers.hackernews_scraper - INFO - 转换第 9/13 个故事: Ask HN: Should I do a CS maste...
2026-07-18 16:43:39,142 - scrapers.hackernews_scraper - INFO - 找到 94 条评论
2026-07-18 16:43:39,314 - scrapers.hackernews_scraper - INFO - 故事 Ask HN: Should I do a CS maste... 转换完成，包含 94 条评论
2026-07-18 16:43:39,314 - scrapers.hackernews_scraper - INFO - 转换第 10/13 个故事: Ask HN: Who gets credits on bi...
2026-07-18 16:43:41,033 - utils.http_utils - ERROR - 请求失败: https://news.ycombinator.com/item?id=48940723, 错误: 429 Client Error: Too Many Requests for url: https://news.ycombinator.com/item?id=48940723
2026-07-18 16:43:41,033 - scrapers.hackernews_scraper - ERROR - 获取故事详情失败: 48940723
2026-07-18 16:43:42,974 - utils.http_utils - ERROR - 请求失败: https://news.ycombinator.com/item?id=48940723, 错误: 429 Client Error: Too Many Requests for url: https://news.ycombinator.com/item?id=48940723
2026-07-18 16:43:42,974 - scrapers.hackernews_scraper - ERROR - 获取故事详情失败: 48940723
2026-07-18 16:43:42,974 - scrapers.hackernews_scraper - INFO - 故事 Ask HN: Who gets credits on bi... 转换完成，包含 0 条评论
2026-07-18 16:43:42,974 - scrapers.hackernews_scraper - INFO - 转换第 11/13 个故事: Ask HN: Are AWS Certs worth ge...
2026-07-18 16:43:44,628 - utils.http_utils - ERROR - 请求失败: https://news.ycombinator.com/item?id=48925128, 错误: 429 Client Error: Too Many Requests for url: https://news.ycombinator.com/item?id=48925128
2026-07-18 16:43:44,628 - scrapers.hackernews_scraper - ERROR - 获取故事详情失败: 48925128
2026-07-18 16:43:47,315 - utils.http_utils - ERROR - 请求失败: https://news.ycombinator.com/item?id=48925128, 错误: 429 Client Error: Too Many Requests for url: https://news.ycombinator.com/item?id=48925128
2026-07-18 16:43:47,315 - scrapers.hackernews_scraper - ERROR - 获取故事详情失败: 48925128
2026-07-18 16:43:47,315 - scrapers.hackernews_scraper - INFO - 故事 Ask HN: Are AWS Certs worth ge... 转换完成，包含 0 条评论
2026-07-18 16:43:47,316 - scrapers.hackernews_scraper - INFO - 转换第 12/13 个故事: Ask HN: How do you handle the ...
2026-07-18 16:43:49,589 - utils.http_utils - ERROR - 请求失败: https://news.ycombinator.com/item?id=48947498, 错误: 429 Client Error: Too Many Requests for url: https://news.ycombinator.com/item?id=48947498
2026-07-18 16:43:49,589 - scrapers.hackernews_scraper - ERROR - 获取故事详情失败: 48947498
2026-07-18 16:43:51,853 - utils.http_utils - ERROR - 请求失败: https://news.ycombinator.com/item?id=48947498, 错误: 429 Client Error: Too Many Requests for url: https://news.ycombinator.com/item?id=48947498
2026-07-18 16:43:51,853 - scrapers.hackernews_scraper - ERROR - 获取故事详情失败: 48947498
2026-07-18 16:43:51,853 - scrapers.hackernews_scraper - INFO - 故事 Ask HN: How do you handle the ... 转换完成，包含 0 条评论
2026-07-18 16:43:51,853 - scrapers.hackernews_scraper - INFO - 转换第 13/13 个故事: Ask HN: What are you working o...
2026-07-18 16:43:53,786 - utils.http_utils - ERROR - 请求失败: https://news.ycombinator.com/item?id=48945502, 错误: 429 Client Error: Too Many Requests for url: https://news.ycombinator.com/item?id=48945502
2026-07-18 16:43:53,786 - scrapers.hackernews_scraper - ERROR - 获取故事详情失败: 48945502
2026-07-18 16:43:56,764 - utils.http_utils - ERROR - 请求失败: https://news.ycombinator.com/item?id=48945502, 错误: 429 Client Error: Too Many Requests for url: https://news.ycombinator.com/item?id=48945502
2026-07-18 16:43:56,764 - scrapers.hackernews_scraper - ERROR - 获取故事详情失败: 48945502
2026-07-18 16:43:56,764 - scrapers.hackernews_scraper - INFO - 故事 Ask HN: What are you working o... 转换完成，包含 0 条评论
2026-07-18 16:43:56,764 - scrapers.hackernews_scraper - INFO - 共转换 13 个故事为统一格式
2026-07-18 16:43:56,764 - scrapers.hackernews_scraper - INFO - 爬取完成，共获取 13 个Ask HN故事
2026-07-18 16:43:56,988 - utils.storage_utils - INFO - 已更新源索引: hackernews
2026-07-18 16:43:56,988 - utils.storage_utils - INFO - 数据已保存到 data/hackernews/week_2026-07-13.json
2026-07-18 16:43:56,989 - scrapers.base_scraper - INFO - 数据已保存到 data/hackernews/week_2026-07-13.json
2026-07-18 16:43:56,989 - scrapers.base_scraper - INFO - 成功爬取 Hacker News 的数据
2026-07-18 16:43:56,990 - __main__ - INFO - 完成: 1/3 个爬虫成功运行
2026-07-18 16:43:57,199 - __main__ - INFO - 归档所有源的旧数据
2026-07-18 16:43:57,199 - __main__ - INFO - 源 jandan 归档 无需归档
2026-07-18 16:43:57,200 - __main__ - INFO - 源 reddit 归档 无需归档
2026-07-18 16:43:57,200 - __main__ - INFO - 源 hackernews 归档 无需归档
