2025-05-09 16:01:46,087 - __main__ - INFO - 运行所有爬虫
2025-05-09 16:01:46,088 - scrapers.jandan_scraper - INFO - JandanScraper初始化完成
2025-05-09 16:01:46,088 - scrapers.base_scraper - INFO - 开始爬取 煎蛋网
2025-05-09 16:01:46,088 - scrapers.jandan_scraper - INFO - 开始爬取煎蛋热评
2025-05-09 16:01:50,331 - scrapers.jandan_scraper - INFO - 成功获取HTML内容，长度: 25804
2025-05-09 16:01:50,331 - scrapers.jandan_scraper - INFO - 调试: 手动获取评论 5877984 的吐槽数据
2025-05-09 16:01:50,331 - scrapers.jandan_scraper - INFO - 获取评论 5877984 的吐槽内容: https://jandan.net/api/tucao/list/5877984
2025-05-09 16:01:52,274 - scrapers.jandan_scraper - INFO - 评论 5877984 获取到 1 条热门吐槽, 3 条普通吐槽
2025-05-09 16:01:52,274 - scrapers.jandan_scraper - INFO - 调试: 评论 5877984 获取到 1 条热门吐槽, 3 条普通吐槽
2025-05-09 16:01:52,274 - scrapers.jandan_scraper - INFO - 开始解析页面中的评论
2025-05-09 16:01:52,274 - scrapers.jandan_scraper - INFO - 开始解析HTML内容, 长度: 25804
2025-05-09 16:01:52,282 - scrapers.jandan_scraper - INFO - 找到 0 条热门评论
2025-05-09 16:01:52,282 - scrapers.jandan_scraper - INFO - 解析完成，获取到 0 条评论
2025-05-09 16:01:52,283 - scrapers.jandan_scraper - INFO - 开始转换评论为统一格式
2025-05-09 16:01:52,283 - scrapers.jandan_scraper - INFO - 开始转换 0 条评论到统一格式
2025-05-09 16:01:52,283 - scrapers.jandan_scraper - INFO - 共转换 0 条评论为统一格式
2025-05-09 16:01:52,283 - scrapers.jandan_scraper - INFO - 爬取完成，共获取 0 条热评
2025-05-09 16:01:52,283 - scrapers.base_scraper - ERROR - 爬取 煎蛋网 失败
2025-05-09 16:01:52,284 - scrapers.reddit_scraper - INFO - RedditScraper初始化完成
2025-05-09 16:01:52,284 - scrapers.base_scraper - INFO - 开始爬取 Reddit
2025-05-09 16:01:52,284 - scrapers.reddit_scraper - INFO - 开始爬取Reddit r/confessions每周热门帖子
2025-05-09 16:01:53,677 - utils.http_utils - ERROR - 请求失败: https://www.reddit.com/r/confessions/top/.json?t=week&limit=10, 错误: 403 Client Error: Blocked for url: https://www.reddit.com/r/confessions/top/.json?t=week&limit=10
2025-05-09 16:01:53,677 - scrapers.reddit_scraper - ERROR - 获取API数据失败: 403 Client Error: Blocked for url: https://www.reddit.com/r/confessions/top/.json?t=week&limit=10
2025-05-09 16:01:53,677 - scrapers.base_scraper - ERROR - 爬取 Reddit 失败
2025-05-09 16:01:53,677 - scrapers.hackernews_scraper - INFO - HackerNewsScraper初始化完成
2025-05-09 16:01:53,677 - scrapers.base_scraper - INFO - 开始爬取 Hacker News
2025-05-09 16:01:53,677 - scrapers.hackernews_scraper - INFO - 开始爬取Hacker News Ask HN帖子
2025-05-09 16:01:53,678 - scrapers.hackernews_scraper - INFO - 获取Ask HN页面: https://news.ycombinator.com/ask
2025-05-09 16:01:56,886 - scrapers.hackernews_scraper - INFO - 找到 30 个帖子行
2025-05-09 16:01:56,888 - scrapers.hackernews_scraper - INFO - 成功解析故事: Ask HN: How to get good at mar..., 作者=flashblaze, 点赞=2, 评论=0
2025-05-09 16:01:56,888 - scrapers.hackernews_scraper - INFO - 成功解析故事: Ask HN: What are good high-inf..., 作者=troupo, 点赞=460, 评论=0
2025-05-09 16:01:56,889 - scrapers.hackernews_scraper - INFO - 成功解析故事: Ask HN: How could vibe coding ..., 作者=amichail, 点赞=4, 评论=0
2025-05-09 16:01:56,890 - scrapers.hackernews_scraper - INFO - 成功解析故事: Ask HN: AI-Filtering Browser E..., 作者=v-yanakiev, 点赞=4, 评论=0
2025-05-09 16:01:56,890 - scrapers.hackernews_scraper - INFO - 成功解析故事: Ask HN: How much better are AI..., 作者=lopatin, 点赞=123, 评论=0
2025-05-09 16:01:56,891 - scrapers.hackernews_scraper - INFO - 成功解析故事: Ask HN: Azure Open AI Issues?..., 作者=scottndecker, 点赞=2, 评论=0
2025-05-09 16:01:56,891 - scrapers.hackernews_scraper - INFO - 成功解析故事: Ask HN: My company is forcing ..., 作者=mcsolid, 点赞=11, 评论=0
2025-05-09 16:01:56,892 - scrapers.hackernews_scraper - INFO - 成功解析故事: Ask HN: Are you using AI codin..., 作者=cloudking, 点赞=6, 评论=0
2025-05-09 16:01:56,893 - scrapers.hackernews_scraper - INFO - 成功解析故事: Ask HN: Help us validate our i..., 作者=Kuyawa, 点赞=2, 评论=0
2025-05-09 16:01:56,894 - scrapers.hackernews_scraper - INFO - 成功解析故事: Ask HN: Nvidia GeForce RTX 506..., 作者=byte-bolter, 点赞=9, 评论=0
2025-05-09 16:01:56,894 - scrapers.hackernews_scraper - INFO - 成功解析故事: Ask HN: Privacy concerns when ..., 作者=Kholin, 点赞=6, 评论=0
2025-05-09 16:01:56,895 - scrapers.hackernews_scraper - INFO - 成功解析故事: Ask HN: How do you obtain soft..., 作者=codingclaws, 点赞=29, 评论=0
2025-05-09 16:01:56,895 - scrapers.hackernews_scraper - INFO - 成功解析故事: Ask HN: How are you managing L..., 作者=gray_amps, 点赞=6, 评论=0
2025-05-09 16:01:56,896 - scrapers.hackernews_scraper - INFO - 成功解析故事: Ask HN: Hackathons feel fake n..., 作者=sepidy, 点赞=208, 评论=0
2025-05-09 16:01:56,897 - scrapers.hackernews_scraper - INFO - 成功解析故事: Ask HN: Which Firefox add-ons ..., 作者=vintageclothldn, 点赞=6, 评论=0
2025-05-09 16:01:56,897 - scrapers.hackernews_scraper - INFO - 成功解析 15 个Ask HN故事
2025-05-09 16:01:56,897 - scrapers.hackernews_scraper - INFO - 开始转换 15 个故事到统一格式
2025-05-09 16:01:56,897 - scrapers.hackernews_scraper - INFO - 转换第 1/15 个故事: Ask HN: How to get good at mar...
2025-05-09 16:01:59,910 - scrapers.hackernews_scraper - INFO - 找到 0 条评论
2025-05-09 16:01:59,910 - scrapers.hackernews_scraper - INFO - 故事 Ask HN: How to get good at mar... 转换完成，包含 0 条评论
2025-05-09 16:01:59,910 - scrapers.hackernews_scraper - INFO - 转换第 2/15 个故事: Ask HN: What are good high-inf...
2025-05-09 16:02:03,327 - scrapers.hackernews_scraper - INFO - 找到 349 条评论
2025-05-09 16:02:05,764 - scrapers.hackernews_scraper - INFO - 故事 Ask HN: What are good high-inf... 转换完成，包含 100 条评论
2025-05-09 16:02:05,764 - scrapers.hackernews_scraper - INFO - 转换第 3/15 个故事: Ask HN: How could vibe coding ...
2025-05-09 16:02:06,915 - scrapers.hackernews_scraper - INFO - 找到 6 条评论
2025-05-09 16:02:06,919 - scrapers.hackernews_scraper - INFO - 故事 Ask HN: How could vibe coding ... 转换完成，包含 6 条评论
2025-05-09 16:02:06,919 - scrapers.hackernews_scraper - INFO - 转换第 4/15 个故事: Ask HN: AI-Filtering Browser E...
2025-05-09 16:02:09,311 - scrapers.hackernews_scraper - INFO - 找到 2 条评论
2025-05-09 16:02:09,312 - scrapers.hackernews_scraper - INFO - 故事 Ask HN: AI-Filtering Browser E... 转换完成，包含 2 条评论
2025-05-09 16:02:09,312 - scrapers.hackernews_scraper - INFO - 转换第 5/15 个故事: Ask HN: How much better are AI...
2025-05-09 16:02:12,485 - scrapers.hackernews_scraper - INFO - 找到 125 条评论
2025-05-09 16:02:12,827 - scrapers.hackernews_scraper - INFO - 故事 Ask HN: How much better are AI... 转换完成，包含 100 条评论
2025-05-09 16:02:12,827 - scrapers.hackernews_scraper - INFO - 转换第 6/15 个故事: Ask HN: Azure Open AI Issues?...
2025-05-09 16:02:14,319 - scrapers.hackernews_scraper - INFO - 找到 0 条评论
2025-05-09 16:02:14,319 - scrapers.hackernews_scraper - INFO - 故事 Ask HN: Azure Open AI Issues?... 转换完成，包含 0 条评论
2025-05-09 16:02:14,319 - scrapers.hackernews_scraper - INFO - 转换第 7/15 个故事: Ask HN: My company is forcing ...
2025-05-09 16:02:17,083 - scrapers.hackernews_scraper - INFO - 找到 30 条评论
2025-05-09 16:02:17,114 - scrapers.hackernews_scraper - INFO - 故事 Ask HN: My company is forcing ... 转换完成，包含 30 条评论
2025-05-09 16:02:17,114 - scrapers.hackernews_scraper - INFO - 转换第 8/15 个故事: Ask HN: Are you using AI codin...
2025-05-09 16:02:18,325 - scrapers.hackernews_scraper - INFO - 找到 11 条评论
2025-05-09 16:02:18,333 - scrapers.hackernews_scraper - INFO - 故事 Ask HN: Are you using AI codin... 转换完成，包含 11 条评论
2025-05-09 16:02:18,333 - scrapers.hackernews_scraper - INFO - 转换第 9/15 个故事: Ask HN: Help us validate our i...
2025-05-09 16:02:21,101 - scrapers.hackernews_scraper - INFO - 找到 1 条评论
2025-05-09 16:02:21,102 - scrapers.hackernews_scraper - INFO - 故事 Ask HN: Help us validate our i... 转换完成，包含 1 条评论
2025-05-09 16:02:21,102 - scrapers.hackernews_scraper - INFO - 转换第 10/15 个故事: Ask HN: Nvidia GeForce RTX 506...
2025-05-09 16:02:23,764 - scrapers.hackernews_scraper - INFO - 找到 7 条评论
2025-05-09 16:02:23,769 - scrapers.hackernews_scraper - INFO - 故事 Ask HN: Nvidia GeForce RTX 506... 转换完成，包含 7 条评论
2025-05-09 16:02:23,769 - scrapers.hackernews_scraper - INFO - 转换第 11/15 个故事: Ask HN: Privacy concerns when ...
2025-05-09 16:02:26,517 - scrapers.hackernews_scraper - INFO - 找到 4 条评论
2025-05-09 16:02:26,519 - scrapers.hackernews_scraper - INFO - 故事 Ask HN: Privacy concerns when ... 转换完成，包含 4 条评论
2025-05-09 16:02:26,519 - scrapers.hackernews_scraper - INFO - 转换第 12/15 个故事: Ask HN: How do you obtain soft...
2025-05-09 16:02:27,764 - scrapers.hackernews_scraper - INFO - 找到 17 条评论
2025-05-09 16:02:27,778 - scrapers.hackernews_scraper - INFO - 故事 Ask HN: How do you obtain soft... 转换完成，包含 17 条评论
2025-05-09 16:02:27,779 - scrapers.hackernews_scraper - INFO - 转换第 13/15 个故事: Ask HN: How are you managing L...
2025-05-09 16:02:30,820 - scrapers.hackernews_scraper - INFO - 找到 1 条评论
2025-05-09 16:02:30,821 - scrapers.hackernews_scraper - INFO - 故事 Ask HN: How are you managing L... 转换完成，包含 1 条评论
2025-05-09 16:02:30,821 - scrapers.hackernews_scraper - INFO - 转换第 14/15 个故事: Ask HN: Hackathons feel fake n...
2025-05-09 16:02:33,099 - scrapers.hackernews_scraper - INFO - 找到 127 条评论
2025-05-09 16:02:33,442 - scrapers.hackernews_scraper - INFO - 故事 Ask HN: Hackathons feel fake n... 转换完成，包含 100 条评论
2025-05-09 16:02:33,442 - scrapers.hackernews_scraper - INFO - 转换第 15/15 个故事: Ask HN: Which Firefox add-ons ...
2025-05-09 16:02:36,201 - scrapers.hackernews_scraper - INFO - 找到 10 条评论
2025-05-09 16:02:36,208 - scrapers.hackernews_scraper - INFO - 故事 Ask HN: Which Firefox add-ons ... 转换完成，包含 10 条评论
2025-05-09 16:02:36,208 - scrapers.hackernews_scraper - INFO - 共转换 15 个故事为统一格式
2025-05-09 16:02:36,208 - scrapers.hackernews_scraper - INFO - 爬取完成，共获取 15 个Ask HN故事
2025-05-09 16:02:36,635 - utils.storage_utils - INFO - 已更新源索引: hackernews
2025-05-09 16:02:36,637 - utils.storage_utils - INFO - 数据已保存到 data/hackernews/week_2025-05-05.json
2025-05-09 16:02:36,639 - scrapers.base_scraper - INFO - 数据已保存到 data/hackernews/week_2025-05-05.json
2025-05-09 16:02:36,639 - scrapers.base_scraper - INFO - 成功爬取 Hacker News 的数据
2025-05-09 16:02:36,639 - __main__ - INFO - 完成: 1/3 个爬虫成功运行
2025-05-09 16:02:36,872 - __main__ - INFO - 归档所有源的旧数据
2025-05-09 16:02:36,872 - __main__ - INFO - 源 jandan 归档 无需归档
2025-05-09 16:02:36,872 - __main__ - INFO - 源 reddit 归档 无需归档
2025-05-09 16:02:36,872 - __main__ - INFO - 源 hackernews 归档 无需归档
