2025-11-20 16:02:22,892 - __main__ - INFO - 运行所有爬虫
2025-11-20 16:02:22,892 - scrapers.jandan_scraper - INFO - JandanScraper初始化完成
2025-11-20 16:02:22,892 - scrapers.base_scraper - INFO - 开始爬取 煎蛋网
2025-11-20 16:02:22,892 - scrapers.jandan_scraper - INFO - 开始爬取煎蛋热评
2025-11-20 16:02:27,076 - scrapers.jandan_scraper - INFO - 成功获取HTML内容，长度: 24786
2025-11-20 16:02:27,076 - scrapers.jandan_scraper - INFO - 调试: 手动获取评论 5877984 的吐槽数据
2025-11-20 16:02:27,076 - scrapers.jandan_scraper - INFO - 获取评论 5877984 的吐槽内容: https://jandan.net/api/tucao/list/5877984
2025-11-20 16:02:30,253 - scrapers.jandan_scraper - INFO - 评论 5877984 获取到 1 条热门吐槽, 3 条普通吐槽
2025-11-20 16:02:30,253 - scrapers.jandan_scraper - INFO - 调试: 评论 5877984 获取到 1 条热门吐槽, 3 条普通吐槽
2025-11-20 16:02:30,254 - scrapers.jandan_scraper - INFO - 开始解析页面中的评论
2025-11-20 16:02:30,254 - scrapers.jandan_scraper - INFO - 开始解析HTML内容, 长度: 24786
2025-11-20 16:02:30,262 - scrapers.jandan_scraper - INFO - 找到 0 条热门评论
2025-11-20 16:02:30,262 - scrapers.jandan_scraper - INFO - 解析完成，获取到 0 条评论
2025-11-20 16:02:30,263 - scrapers.jandan_scraper - INFO - 开始转换评论为统一格式
2025-11-20 16:02:30,263 - scrapers.jandan_scraper - INFO - 开始转换 0 条评论到统一格式
2025-11-20 16:02:30,263 - scrapers.jandan_scraper - INFO - 共转换 0 条评论为统一格式
2025-11-20 16:02:30,263 - scrapers.jandan_scraper - INFO - 爬取完成，共获取 0 条热评
2025-11-20 16:02:30,263 - scrapers.base_scraper - ERROR - 爬取 煎蛋网 失败
2025-11-20 16:02:30,263 - scrapers.reddit_scraper - INFO - RedditScraper初始化完成
2025-11-20 16:02:30,264 - scrapers.base_scraper - INFO - 开始爬取 Reddit
2025-11-20 16:02:30,265 - scrapers.reddit_scraper - INFO - 开始爬取Reddit r/confessions每周热门帖子
2025-11-20 16:02:32,448 - utils.http_utils - ERROR - 请求失败: https://www.reddit.com/r/confessions/top/.json?t=week&limit=10, 错误: 403 Client Error: Blocked for url: https://www.reddit.com/r/confessions/top/.json?t=week&limit=10
2025-11-20 16:02:32,449 - scrapers.reddit_scraper - ERROR - 获取API数据失败: 403 Client Error: Blocked for url: https://www.reddit.com/r/confessions/top/.json?t=week&limit=10
2025-11-20 16:02:32,449 - scrapers.base_scraper - ERROR - 爬取 Reddit 失败
2025-11-20 16:02:32,449 - scrapers.hackernews_scraper - INFO - HackerNewsScraper初始化完成
2025-11-20 16:02:32,450 - scrapers.base_scraper - INFO - 开始爬取 Hacker News
2025-11-20 16:02:32,450 - scrapers.hackernews_scraper - INFO - 开始爬取Hacker News Ask HN帖子
2025-11-20 16:02:32,450 - scrapers.hackernews_scraper - INFO - 获取Ask HN页面: https://news.ycombinator.com/ask
2025-11-20 16:02:33,656 - scrapers.hackernews_scraper - INFO - 找到 26 个帖子行
2025-11-20 16:02:33,657 - scrapers.hackernews_scraper - INFO - 成功解析故事: Ask HN: What is the current st..., 作者=jacobwilliamroy, 点赞=18, 评论=0
2025-11-20 16:02:33,658 - scrapers.hackernews_scraper - INFO - 成功解析故事: Ask HN: Struggling founders, p..., 作者=vieews, 点赞=8, 评论=0
2025-11-20 16:02:33,659 - scrapers.hackernews_scraper - INFO - 成功解析故事: Ask HN: Vitalik says that QC m..., 作者=jMyles, 点赞=9, 评论=0
2025-11-20 16:02:33,660 - scrapers.hackernews_scraper - INFO - 成功解析故事: Ask HN: Have you ever seen a p..., 作者=mcdow, 点赞=5, 评论=0
2025-11-20 16:02:33,660 - scrapers.hackernews_scraper - INFO - 成功解析故事: Ask HN: What operating systems..., 作者=pixelworm, 点赞=4, 评论=0
2025-11-20 16:02:33,661 - scrapers.hackernews_scraper - INFO - 成功解析故事: Ask HN: Cloud providers are lo..., 作者=clostao, 点赞=34, 评论=0
2025-11-20 16:02:33,662 - scrapers.hackernews_scraper - INFO - 成功解析故事: Ask HN: Does anyone else feel ..., 作者=keepamovin, 点赞=10, 评论=0
2025-11-20 16:02:33,663 - scrapers.hackernews_scraper - INFO - 成功解析故事: Ask HN: What does "legacy code..., 作者=Arperb, 点赞=7, 评论=0
2025-11-20 16:02:33,663 - scrapers.hackernews_scraper - INFO - 成功解析故事: Ask HN: Am I the only one thin..., 作者=davidguetta, 点赞=5, 评论=0
2025-11-20 16:02:33,664 - scrapers.hackernews_scraper - INFO - 成功解析故事: Ask HN: Why All the Indonesian..., 作者=al2o3cr, 点赞=23, 评论=0
2025-11-20 16:02:33,665 - scrapers.hackernews_scraper - INFO - 成功解析故事: Ask HN: Why does Y Combinator ..., 作者=coldtrait, 点赞=22, 评论=0
2025-11-20 16:02:33,665 - scrapers.hackernews_scraper - INFO - 成功解析故事: Ask HN: How does one stay moti..., 作者=blutoot, 点赞=92, 评论=0
2025-11-20 16:02:33,666 - scrapers.hackernews_scraper - INFO - 成功解析故事: Ask HN: How do early-stage tea..., 作者=rayyanabrar76, 点赞=3, 评论=0
2025-11-20 16:02:33,667 - scrapers.hackernews_scraper - INFO - 成功解析故事: Ask HN: Reason for the DDoS at..., 作者=Meekro, 点赞=8, 评论=0
2025-11-20 16:02:33,668 - scrapers.hackernews_scraper - INFO - 成功解析故事: Ask HN: Engineers working AI t..., 作者=taariqlewis, 点赞=19, 评论=0
2025-11-20 16:02:33,668 - scrapers.hackernews_scraper - INFO - 成功解析 15 个Ask HN故事
2025-11-20 16:02:33,668 - scrapers.hackernews_scraper - INFO - 开始转换 15 个故事到统一格式
2025-11-20 16:02:33,668 - scrapers.hackernews_scraper - INFO - 转换第 1/15 个故事: Ask HN: What is the current st...
2025-11-20 16:02:35,963 - scrapers.hackernews_scraper - INFO - 找到 17 条评论
2025-11-20 16:02:35,975 - scrapers.hackernews_scraper - INFO - 故事 Ask HN: What is the current st... 转换完成，包含 17 条评论
2025-11-20 16:02:35,975 - scrapers.hackernews_scraper - INFO - 转换第 2/15 个故事: Ask HN: Struggling founders, p...
2025-11-20 16:02:38,057 - scrapers.hackernews_scraper - INFO - 找到 9 条评论
2025-11-20 16:02:38,063 - scrapers.hackernews_scraper - INFO - 故事 Ask HN: Struggling founders, p... 转换完成，包含 9 条评论
2025-11-20 16:02:38,063 - scrapers.hackernews_scraper - INFO - 转换第 3/15 个故事: Ask HN: Vitalik says that QC m...
2025-11-20 16:02:40,397 - scrapers.hackernews_scraper - INFO - 找到 5 条评论
2025-11-20 16:02:40,400 - scrapers.hackernews_scraper - INFO - 故事 Ask HN: Vitalik says that QC m... 转换完成，包含 5 条评论
2025-11-20 16:02:40,401 - scrapers.hackernews_scraper - INFO - 转换第 4/15 个故事: Ask HN: Have you ever seen a p...
2025-11-20 16:02:42,783 - scrapers.hackernews_scraper - INFO - 找到 10 条评论
2025-11-20 16:02:42,789 - scrapers.hackernews_scraper - INFO - 故事 Ask HN: Have you ever seen a p... 转换完成，包含 10 条评论
2025-11-20 16:02:42,789 - scrapers.hackernews_scraper - INFO - 转换第 5/15 个故事: Ask HN: What operating systems...
2025-11-20 16:02:43,998 - scrapers.hackernews_scraper - INFO - 找到 3 条评论
2025-11-20 16:02:43,999 - scrapers.hackernews_scraper - INFO - 故事 Ask HN: What operating systems... 转换完成，包含 3 条评论
2025-11-20 16:02:43,999 - scrapers.hackernews_scraper - INFO - 转换第 6/15 个故事: Ask HN: Cloud providers are lo...
2025-11-20 16:02:46,581 - scrapers.hackernews_scraper - INFO - 找到 26 条评论
2025-11-20 16:02:46,605 - scrapers.hackernews_scraper - INFO - 故事 Ask HN: Cloud providers are lo... 转换完成，包含 26 条评论
2025-11-20 16:02:46,605 - scrapers.hackernews_scraper - INFO - 转换第 7/15 个故事: Ask HN: Does anyone else feel ...
2025-11-20 16:02:48,463 - scrapers.hackernews_scraper - INFO - 找到 12 条评论
2025-11-20 16:02:48,472 - scrapers.hackernews_scraper - INFO - 故事 Ask HN: Does anyone else feel ... 转换完成，包含 12 条评论
2025-11-20 16:02:48,472 - scrapers.hackernews_scraper - INFO - 转换第 8/15 个故事: Ask HN: What does "legacy code...
2025-11-20 16:02:50,159 - scrapers.hackernews_scraper - INFO - 找到 14 条评论
2025-11-20 16:02:50,169 - scrapers.hackernews_scraper - INFO - 故事 Ask HN: What does "legacy code... 转换完成，包含 14 条评论
2025-11-20 16:02:50,169 - scrapers.hackernews_scraper - INFO - 转换第 9/15 个故事: Ask HN: Am I the only one thin...
2025-11-20 16:02:51,546 - scrapers.hackernews_scraper - INFO - 找到 7 条评论
2025-11-20 16:02:51,551 - scrapers.hackernews_scraper - INFO - 故事 Ask HN: Am I the only one thin... 转换完成，包含 7 条评论
2025-11-20 16:02:51,551 - scrapers.hackernews_scraper - INFO - 转换第 10/15 个故事: Ask HN: Why All the Indonesian...
2025-11-20 16:02:54,047 - scrapers.hackernews_scraper - INFO - 找到 8 条评论
2025-11-20 16:02:54,052 - scrapers.hackernews_scraper - INFO - 故事 Ask HN: Why All the Indonesian... 转换完成，包含 8 条评论
2025-11-20 16:02:54,052 - scrapers.hackernews_scraper - INFO - 转换第 11/15 个故事: Ask HN: Why does Y Combinator ...
2025-11-20 16:02:55,538 - scrapers.hackernews_scraper - INFO - 找到 14 条评论
2025-11-20 16:02:55,548 - scrapers.hackernews_scraper - INFO - 故事 Ask HN: Why does Y Combinator ... 转换完成，包含 14 条评论
2025-11-20 16:02:55,548 - scrapers.hackernews_scraper - INFO - 转换第 12/15 个故事: Ask HN: How does one stay moti...
2025-11-20 16:02:58,122 - scrapers.hackernews_scraper - INFO - 找到 111 条评论
2025-11-20 16:02:58,358 - scrapers.hackernews_scraper - INFO - 故事 Ask HN: How does one stay moti... 转换完成，包含 100 条评论
2025-11-20 16:02:58,358 - scrapers.hackernews_scraper - INFO - 转换第 13/15 个故事: Ask HN: How do early-stage tea...
2025-11-20 16:03:00,225 - scrapers.hackernews_scraper - INFO - 找到 0 条评论
2025-11-20 16:03:00,225 - scrapers.hackernews_scraper - INFO - 故事 Ask HN: How do early-stage tea... 转换完成，包含 0 条评论
2025-11-20 16:03:00,225 - scrapers.hackernews_scraper - INFO - 转换第 14/15 个故事: Ask HN: Reason for the DDoS at...
2025-11-20 16:03:02,756 - scrapers.hackernews_scraper - INFO - 找到 0 条评论
2025-11-20 16:03:02,756 - scrapers.hackernews_scraper - INFO - 故事 Ask HN: Reason for the DDoS at... 转换完成，包含 0 条评论
2025-11-20 16:03:02,756 - scrapers.hackernews_scraper - INFO - 转换第 15/15 个故事: Ask HN: Engineers working AI t...
2025-11-20 16:03:04,338 - scrapers.hackernews_scraper - INFO - 找到 21 条评论
2025-11-20 16:03:04,355 - scrapers.hackernews_scraper - INFO - 故事 Ask HN: Engineers working AI t... 转换完成，包含 21 条评论
2025-11-20 16:03:04,355 - scrapers.hackernews_scraper - INFO - 共转换 15 个故事为统一格式
2025-11-20 16:03:04,355 - scrapers.hackernews_scraper - INFO - 爬取完成，共获取 15 个Ask HN故事
2025-11-20 16:03:04,899 - utils.storage_utils - INFO - 已更新源索引: hackernews
2025-11-20 16:03:04,903 - utils.storage_utils - INFO - 数据已保存到 data/hackernews/week_2025-11-17.json
2025-11-20 16:03:04,904 - scrapers.base_scraper - INFO - 数据已保存到 data/hackernews/week_2025-11-17.json
2025-11-20 16:03:04,904 - scrapers.base_scraper - INFO - 成功爬取 Hacker News 的数据
2025-11-20 16:03:04,905 - __main__ - INFO - 完成: 1/3 个爬虫成功运行
2025-11-20 16:03:05,125 - __main__ - INFO - 归档所有源的旧数据
2025-11-20 16:03:05,125 - __main__ - INFO - 源 jandan 归档 无需归档
2025-11-20 16:03:05,125 - __main__ - INFO - 源 reddit 归档 无需归档
2025-11-20 16:03:05,126 - __main__ - INFO - 源 hackernews 归档 无需归档
