2026-04-12 16:07:53,226 - __main__ - INFO - 运行所有爬虫
2026-04-12 16:07:53,226 - scrapers.jandan_scraper - INFO - JandanScraper初始化完成
2026-04-12 16:07:53,226 - scrapers.base_scraper - INFO - 开始爬取 煎蛋网
2026-04-12 16:07:53,226 - scrapers.jandan_scraper - INFO - 开始爬取煎蛋热评
2026-04-12 16:07:57,140 - scrapers.jandan_scraper - INFO - 成功获取HTML内容，长度: 27239
2026-04-12 16:07:57,141 - scrapers.jandan_scraper - INFO - 调试: 手动获取评论 5877984 的吐槽数据
2026-04-12 16:07:57,141 - scrapers.jandan_scraper - INFO - 获取评论 5877984 的吐槽内容: https://jandan.net/api/tucao/list/5877984
2026-04-12 16:07:59,668 - scrapers.jandan_scraper - INFO - 评论 5877984 获取到 1 条热门吐槽, 3 条普通吐槽
2026-04-12 16:07:59,668 - scrapers.jandan_scraper - INFO - 调试: 评论 5877984 获取到 1 条热门吐槽, 3 条普通吐槽
2026-04-12 16:07:59,668 - scrapers.jandan_scraper - INFO - 开始解析页面中的评论
2026-04-12 16:07:59,668 - scrapers.jandan_scraper - INFO - 开始解析HTML内容, 长度: 27239
2026-04-12 16:07:59,677 - scrapers.jandan_scraper - INFO - 找到 0 条热门评论
2026-04-12 16:07:59,677 - scrapers.jandan_scraper - INFO - 解析完成，获取到 0 条评论
2026-04-12 16:07:59,677 - scrapers.jandan_scraper - INFO - 开始转换评论为统一格式
2026-04-12 16:07:59,677 - scrapers.jandan_scraper - INFO - 开始转换 0 条评论到统一格式
2026-04-12 16:07:59,677 - scrapers.jandan_scraper - INFO - 共转换 0 条评论为统一格式
2026-04-12 16:07:59,677 - scrapers.jandan_scraper - INFO - 爬取完成，共获取 0 条热评
2026-04-12 16:07:59,677 - scrapers.base_scraper - ERROR - 爬取 煎蛋网 失败
2026-04-12 16:07:59,677 - scrapers.reddit_scraper - INFO - RedditScraper初始化完成
2026-04-12 16:07:59,678 - scrapers.base_scraper - INFO - 开始爬取 Reddit
2026-04-12 16:07:59,679 - scrapers.reddit_scraper - INFO - 开始爬取Reddit r/confessions每周热门帖子
2026-04-12 16:08:02,042 - utils.http_utils - ERROR - 请求失败: https://www.reddit.com/r/confessions/top/.json?t=week&limit=10, 错误: 403 Client Error: Blocked for url: https://www.reddit.com/r/confessions/top/.json?t=week&limit=10
2026-04-12 16:08:02,043 - scrapers.reddit_scraper - ERROR - 获取API数据失败: 403 Client Error: Blocked for url: https://www.reddit.com/r/confessions/top/.json?t=week&limit=10
2026-04-12 16:08:02,043 - scrapers.base_scraper - ERROR - 爬取 Reddit 失败
2026-04-12 16:08:02,043 - scrapers.hackernews_scraper - INFO - HackerNewsScraper初始化完成
2026-04-12 16:08:02,043 - scrapers.base_scraper - INFO - 开始爬取 Hacker News
2026-04-12 16:08:02,043 - scrapers.hackernews_scraper - INFO - 开始爬取Hacker News Ask HN帖子
2026-04-12 16:08:02,044 - scrapers.hackernews_scraper - INFO - 获取Ask HN页面: https://news.ycombinator.com/ask
2026-04-12 16:08:05,022 - scrapers.hackernews_scraper - INFO - 找到 27 个帖子行
2026-04-12 16:08:05,024 - scrapers.hackernews_scraper - INFO - 成功解析故事: Ask HN: Do you trust AI agents..., 作者=devendra116, 点赞=9, 评论=0
2026-04-12 16:08:05,024 - scrapers.hackernews_scraper - INFO - 成功解析故事: Ask HN: Anyone using Nostr as ..., 作者=wasimsk, 点赞=3, 评论=0
2026-04-12 16:08:05,025 - scrapers.hackernews_scraper - INFO - 成功解析故事: Ask HN: Any interesting niche ..., 作者=e-topy, 点赞=478, 评论=0
2026-04-12 16:08:05,026 - scrapers.hackernews_scraper - INFO - 成功解析故事: Ask HN: What should I do with ..., 作者=oyaa52, 点赞=3, 评论=0
2026-04-12 16:08:05,027 - scrapers.hackernews_scraper - INFO - 成功解析故事: Ask HN: Former grok-code-fast-..., 作者=whycombinetor, 点赞=2, 评论=0
2026-04-12 16:08:05,027 - scrapers.hackernews_scraper - INFO - 成功解析故事: Ask HN: What are you building ..., 作者=meander_water, 点赞=144, 评论=0
2026-04-12 16:08:05,028 - scrapers.hackernews_scraper - INFO - 成功解析故事: Ask HN: Best books on building..., 作者=ezzato, 点赞=16, 评论=0
2026-04-12 16:08:05,028 - scrapers.hackernews_scraper - INFO - 成功解析故事: Ask HN: Hiring in the age of A..., 作者=nitramm, 点赞=26, 评论=0
2026-04-12 16:08:05,029 - scrapers.hackernews_scraper - INFO - 成功解析故事: Ask HN: Agentic Permutation of..., 作者=davidajackson, 点赞=4, 评论=0
2026-04-12 16:08:05,029 - scrapers.hackernews_scraper - INFO - 成功解析故事: Ask HN: How do you handle mark..., 作者=lazarkap, 点赞=145, 评论=0
2026-04-12 16:08:05,030 - scrapers.hackernews_scraper - INFO - 成功解析故事: Ask HN: Why Databases Instead ..., 作者=uticus, 点赞=12, 评论=0
2026-04-12 16:08:05,031 - scrapers.hackernews_scraper - INFO - 成功解析故事: Ask HN: Has anyone reconsidere..., 作者=pants2, 点赞=5, 评论=0
2026-04-12 16:08:05,032 - scrapers.hackernews_scraper - INFO - 成功解析故事: Ask HN: Should AI credits be r..., 作者=ed_elliott_asc, 点赞=19, 评论=0
2026-04-12 16:08:05,033 - scrapers.hackernews_scraper - INFO - 成功解析故事: Ask HN: Local-first meetings r..., 作者=dandaka, 点赞=7, 评论=0
2026-04-12 16:08:05,033 - scrapers.hackernews_scraper - INFO - 成功解析故事: Ask HN: How do you manage your..., 作者=orbanlevi, 点赞=15, 评论=0
2026-04-12 16:08:05,033 - scrapers.hackernews_scraper - INFO - 成功解析 15 个Ask HN故事
2026-04-12 16:08:05,034 - scrapers.hackernews_scraper - INFO - 开始转换 15 个故事到统一格式
2026-04-12 16:08:05,034 - scrapers.hackernews_scraper - INFO - 转换第 1/15 个故事: Ask HN: Do you trust AI agents...
2026-04-12 16:08:07,204 - scrapers.hackernews_scraper - INFO - 找到 21 条评论
2026-04-12 16:08:07,222 - scrapers.hackernews_scraper - INFO - 故事 Ask HN: Do you trust AI agents... 转换完成，包含 21 条评论
2026-04-12 16:08:07,222 - scrapers.hackernews_scraper - INFO - 转换第 2/15 个故事: Ask HN: Anyone using Nostr as ...
2026-04-12 16:08:08,315 - scrapers.hackernews_scraper - INFO - 找到 0 条评论
2026-04-12 16:08:08,315 - scrapers.hackernews_scraper - INFO - 故事 Ask HN: Anyone using Nostr as ... 转换完成，包含 0 条评论
2026-04-12 16:08:08,315 - scrapers.hackernews_scraper - INFO - 转换第 3/15 个故事: Ask HN: Any interesting niche ...
2026-04-12 16:08:12,592 - scrapers.hackernews_scraper - INFO - 找到 727 条评论
2026-04-12 16:08:21,756 - scrapers.hackernews_scraper - INFO - 故事 Ask HN: Any interesting niche ... 转换完成，包含 100 条评论
2026-04-12 16:08:21,756 - scrapers.hackernews_scraper - INFO - 转换第 4/15 个故事: Ask HN: What should I do with ...
2026-04-12 16:08:23,115 - scrapers.hackernews_scraper - INFO - 找到 5 条评论
2026-04-12 16:08:23,118 - scrapers.hackernews_scraper - INFO - 故事 Ask HN: What should I do with ... 转换完成，包含 5 条评论
2026-04-12 16:08:23,118 - scrapers.hackernews_scraper - INFO - 转换第 5/15 个故事: Ask HN: Former grok-code-fast-...
2026-04-12 16:08:24,176 - scrapers.hackernews_scraper - INFO - 找到 3 条评论
2026-04-12 16:08:24,178 - scrapers.hackernews_scraper - INFO - 故事 Ask HN: Former grok-code-fast-... 转换完成，包含 3 条评论
2026-04-12 16:08:24,178 - scrapers.hackernews_scraper - INFO - 转换第 6/15 个故事: Ask HN: What are you building ...
2026-04-12 16:08:27,593 - scrapers.hackernews_scraper - INFO - 找到 194 条评论
2026-04-12 16:08:28,327 - scrapers.hackernews_scraper - INFO - 故事 Ask HN: What are you building ... 转换完成，包含 100 条评论
2026-04-12 16:08:28,327 - scrapers.hackernews_scraper - INFO - 转换第 7/15 个故事: Ask HN: Best books on building...
2026-04-12 16:08:30,713 - utils.http_utils - ERROR - 请求失败: https://news.ycombinator.com/item?id=47728352, 错误: 429 Client Error: Too Many Requests for url: https://news.ycombinator.com/item?id=47728352
2026-04-12 16:08:30,713 - scrapers.hackernews_scraper - ERROR - 获取故事详情失败: 47728352
2026-04-12 16:08:32,405 - utils.http_utils - ERROR - 请求失败: https://news.ycombinator.com/item?id=47728352, 错误: 429 Client Error: Too Many Requests for url: https://news.ycombinator.com/item?id=47728352
2026-04-12 16:08:32,405 - scrapers.hackernews_scraper - ERROR - 获取故事详情失败: 47728352
2026-04-12 16:08:32,405 - scrapers.hackernews_scraper - INFO - 故事 Ask HN: Best books on building... 转换完成，包含 0 条评论
2026-04-12 16:08:32,405 - scrapers.hackernews_scraper - INFO - 转换第 8/15 个故事: Ask HN: Hiring in the age of A...
2026-04-12 16:08:34,185 - utils.http_utils - ERROR - 请求失败: https://news.ycombinator.com/item?id=47722081, 错误: 429 Client Error: Too Many Requests for url: https://news.ycombinator.com/item?id=47722081
2026-04-12 16:08:34,185 - scrapers.hackernews_scraper - ERROR - 获取故事详情失败: 47722081
2026-04-12 16:08:36,881 - utils.http_utils - ERROR - 请求失败: https://news.ycombinator.com/item?id=47722081, 错误: 429 Client Error: Too Many Requests for url: https://news.ycombinator.com/item?id=47722081
2026-04-12 16:08:36,881 - scrapers.hackernews_scraper - ERROR - 获取故事详情失败: 47722081
2026-04-12 16:08:36,881 - scrapers.hackernews_scraper - INFO - 故事 Ask HN: Hiring in the age of A... 转换完成，包含 0 条评论
2026-04-12 16:08:36,881 - scrapers.hackernews_scraper - INFO - 转换第 9/15 个故事: Ask HN: Agentic Permutation of...
2026-04-12 16:08:38,571 - utils.http_utils - ERROR - 请求失败: https://news.ycombinator.com/item?id=47733790, 错误: 429 Client Error: Too Many Requests for url: https://news.ycombinator.com/item?id=47733790
2026-04-12 16:08:38,571 - scrapers.hackernews_scraper - ERROR - 获取故事详情失败: 47733790
2026-04-12 16:08:40,079 - utils.http_utils - ERROR - 请求失败: https://news.ycombinator.com/item?id=47733790, 错误: 429 Client Error: Too Many Requests for url: https://news.ycombinator.com/item?id=47733790
2026-04-12 16:08:40,079 - scrapers.hackernews_scraper - ERROR - 获取故事详情失败: 47733790
2026-04-12 16:08:40,079 - scrapers.hackernews_scraper - INFO - 故事 Ask HN: Agentic Permutation of... 转换完成，包含 0 条评论
2026-04-12 16:08:40,079 - scrapers.hackernews_scraper - INFO - 转换第 10/15 个故事: Ask HN: How do you handle mark...
2026-04-12 16:08:42,651 - scrapers.hackernews_scraper - INFO - 找到 107 条评论
2026-04-12 16:08:42,883 - scrapers.hackernews_scraper - INFO - 故事 Ask HN: How do you handle mark... 转换完成，包含 100 条评论
2026-04-12 16:08:42,883 - scrapers.hackernews_scraper - INFO - 转换第 11/15 个故事: Ask HN: Why Databases Instead ...
2026-04-12 16:08:45,688 - scrapers.hackernews_scraper - INFO - 找到 20 条评论
2026-04-12 16:08:45,705 - scrapers.hackernews_scraper - INFO - 故事 Ask HN: Why Databases Instead ... 转换完成，包含 20 条评论
2026-04-12 16:08:45,705 - scrapers.hackernews_scraper - INFO - 转换第 12/15 个故事: Ask HN: Has anyone reconsidere...
2026-04-12 16:08:47,976 - scrapers.hackernews_scraper - INFO - 找到 3 条评论
2026-04-12 16:08:47,978 - scrapers.hackernews_scraper - INFO - 故事 Ask HN: Has anyone reconsidere... 转换完成，包含 3 条评论
2026-04-12 16:08:47,978 - scrapers.hackernews_scraper - INFO - 转换第 13/15 个故事: Ask HN: Should AI credits be r...
2026-04-12 16:08:50,098 - scrapers.hackernews_scraper - INFO - 找到 20 条评论
2026-04-12 16:08:50,113 - scrapers.hackernews_scraper - INFO - 故事 Ask HN: Should AI credits be r... 转换完成，包含 20 条评论
2026-04-12 16:08:50,114 - scrapers.hackernews_scraper - INFO - 转换第 14/15 个故事: Ask HN: Local-first meetings r...
2026-04-12 16:08:51,428 - scrapers.hackernews_scraper - INFO - 找到 1 条评论
2026-04-12 16:08:51,429 - scrapers.hackernews_scraper - INFO - 故事 Ask HN: Local-first meetings r... 转换完成，包含 1 条评论
2026-04-12 16:08:51,429 - scrapers.hackernews_scraper - INFO - 转换第 15/15 个故事: Ask HN: How do you manage your...
2026-04-12 16:08:52,628 - scrapers.hackernews_scraper - INFO - 找到 15 条评论
2026-04-12 16:08:52,638 - scrapers.hackernews_scraper - INFO - 故事 Ask HN: How do you manage your... 转换完成，包含 15 条评论
2026-04-12 16:08:52,639 - scrapers.hackernews_scraper - INFO - 共转换 15 个故事为统一格式
2026-04-12 16:08:52,639 - scrapers.hackernews_scraper - INFO - 爬取完成，共获取 15 个Ask HN故事
2026-04-12 16:08:53,090 - utils.storage_utils - INFO - 已更新源索引: hackernews
2026-04-12 16:08:53,092 - utils.storage_utils - INFO - 数据已保存到 data/hackernews/week_2026-04-06.json
2026-04-12 16:08:53,094 - scrapers.base_scraper - INFO - 数据已保存到 data/hackernews/week_2026-04-06.json
2026-04-12 16:08:53,094 - scrapers.base_scraper - INFO - 成功爬取 Hacker News 的数据
2026-04-12 16:08:53,095 - __main__ - INFO - 完成: 1/3 个爬虫成功运行
2026-04-12 16:08:53,336 - __main__ - INFO - 归档所有源的旧数据
2026-04-12 16:08:53,336 - __main__ - INFO - 源 jandan 归档 无需归档
2026-04-12 16:08:53,337 - __main__ - INFO - 源 reddit 归档 无需归档
2026-04-12 16:08:53,337 - __main__ - INFO - 源 hackernews 归档 无需归档
