2025-04-18 16:01:46,446 - __main__ - INFO - 运行所有爬虫
2025-04-18 16:01:46,447 - scrapers.jandan_scraper - INFO - JandanScraper初始化完成
2025-04-18 16:01:46,447 - scrapers.base_scraper - INFO - 开始爬取 煎蛋网
2025-04-18 16:01:46,447 - scrapers.jandan_scraper - INFO - 开始爬取煎蛋热评
2025-04-18 16:01:49,965 - scrapers.jandan_scraper - INFO - 成功获取HTML内容，长度: 22260
2025-04-18 16:01:49,965 - scrapers.jandan_scraper - INFO - 调试: 手动获取评论 5877984 的吐槽数据
2025-04-18 16:01:49,966 - scrapers.jandan_scraper - INFO - 获取评论 5877984 的吐槽内容: https://jandan.net/api/tucao/list/5877984
2025-04-18 16:01:52,032 - scrapers.jandan_scraper - INFO - 评论 5877984 获取到 1 条热门吐槽, 3 条普通吐槽
2025-04-18 16:01:52,032 - scrapers.jandan_scraper - INFO - 调试: 评论 5877984 获取到 1 条热门吐槽, 3 条普通吐槽
2025-04-18 16:01:52,032 - scrapers.jandan_scraper - INFO - 开始解析页面中的评论
2025-04-18 16:01:52,032 - scrapers.jandan_scraper - INFO - 开始解析HTML内容, 长度: 22260
2025-04-18 16:01:52,042 - scrapers.jandan_scraper - INFO - 找到 0 条热门评论
2025-04-18 16:01:52,042 - scrapers.jandan_scraper - INFO - 解析完成，获取到 0 条评论
2025-04-18 16:01:52,042 - scrapers.jandan_scraper - INFO - 开始转换评论为统一格式
2025-04-18 16:01:52,042 - scrapers.jandan_scraper - INFO - 开始转换 0 条评论到统一格式
2025-04-18 16:01:52,042 - scrapers.jandan_scraper - INFO - 共转换 0 条评论为统一格式
2025-04-18 16:01:52,042 - scrapers.jandan_scraper - INFO - 爬取完成，共获取 0 条热评
2025-04-18 16:01:52,042 - scrapers.base_scraper - ERROR - 爬取 煎蛋网 失败
2025-04-18 16:01:52,042 - scrapers.reddit_scraper - INFO - RedditScraper初始化完成
2025-04-18 16:01:52,042 - scrapers.base_scraper - INFO - 开始爬取 Reddit
2025-04-18 16:01:52,043 - scrapers.reddit_scraper - INFO - 开始爬取Reddit r/confessions每周热门帖子
2025-04-18 16:01:53,571 - utils.http_utils - ERROR - 请求失败: https://www.reddit.com/r/confessions/top/.json?t=week&limit=10, 错误: 403 Client Error: Blocked for url: https://www.reddit.com/r/confessions/top/.json?t=week&limit=10
2025-04-18 16:01:53,571 - scrapers.reddit_scraper - ERROR - 获取API数据失败: 403 Client Error: Blocked for url: https://www.reddit.com/r/confessions/top/.json?t=week&limit=10
2025-04-18 16:01:53,571 - scrapers.base_scraper - ERROR - 爬取 Reddit 失败
2025-04-18 16:01:53,571 - scrapers.hackernews_scraper - INFO - HackerNewsScraper初始化完成
2025-04-18 16:01:53,571 - scrapers.base_scraper - INFO - 开始爬取 Hacker News
2025-04-18 16:01:53,571 - scrapers.hackernews_scraper - INFO - 开始爬取Hacker News Ask HN帖子
2025-04-18 16:01:53,571 - scrapers.hackernews_scraper - INFO - 获取Ask HN页面: https://news.ycombinator.com/ask
2025-04-18 16:01:55,837 - scrapers.hackernews_scraper - INFO - 找到 29 个帖子行
2025-04-18 16:01:55,838 - scrapers.hackernews_scraper - INFO - 成功解析故事: Ask HN: How to get my developm..., 作者=ttmuncher, 点赞=3, 评论=0
2025-04-18 16:01:55,839 - scrapers.hackernews_scraper - INFO - 成功解析故事: Ask HN: Why is there no P2P st..., 作者=memet_rush, 点赞=229, 评论=0
2025-04-18 16:01:55,839 - scrapers.hackernews_scraper - INFO - 成功解析故事: Ask HN: What are the best book..., 作者=terrellbm, 点赞=5, 评论=0
2025-04-18 16:01:55,840 - scrapers.hackernews_scraper - INFO - 成功解析故事: Ask HN: Have you been contract..., 作者=gamescr, 点赞=6, 评论=0
2025-04-18 16:01:55,840 - scrapers.hackernews_scraper - INFO - 成功解析故事: Ask HN: Why do people buy Nvid..., 作者=behnamoh, 点赞=10, 评论=0
2025-04-18 16:01:55,841 - scrapers.hackernews_scraper - INFO - 成功解析故事: Ask HN: Software Engineers to ..., 作者=wronginternet4, 点赞=9, 评论=0
2025-04-18 16:01:55,842 - scrapers.hackernews_scraper - INFO - 成功解析故事: Ask HN: I feel pessimistic abo..., 作者=hnuu3, 点赞=35, 评论=0
2025-04-18 16:01:55,842 - scrapers.hackernews_scraper - INFO - 成功解析故事: Ask HN: The Future of SaaS..., 作者=pramatosh5125, 点赞=4, 评论=0
2025-04-18 16:01:55,843 - scrapers.hackernews_scraper - INFO - 成功解析故事: Ask HN: How do you monetize pe..., 作者=splimeproject, 点赞=172, 评论=0
2025-04-18 16:01:55,843 - scrapers.hackernews_scraper - INFO - 成功解析故事: Ask HN: Git Rebase and Merge o..., 作者=floriangosse, 点赞=5, 评论=0
2025-04-18 16:01:55,844 - scrapers.hackernews_scraper - INFO - 成功解析故事: Ask HN: How do people around y..., 作者=nicbou, 点赞=3, 评论=0
2025-04-18 16:01:55,844 - scrapers.hackernews_scraper - INFO - 成功解析故事: Ask HN: What is the future of ..., 作者=farzd, 点赞=7, 评论=0
2025-04-18 16:01:55,845 - scrapers.hackernews_scraper - INFO - 成功解析故事: Ask HN: What is the best font ..., 作者=duxup, 点赞=16, 评论=0
2025-04-18 16:01:55,846 - scrapers.hackernews_scraper - INFO - 成功解析故事: Ask HN: Why Don't More Product..., 作者=adangit, 点赞=3, 评论=0
2025-04-18 16:01:55,846 - scrapers.hackernews_scraper - INFO - 成功解析故事: Ask HN: What's the Most Effect..., 作者=schappim, 点赞=22, 评论=0
2025-04-18 16:01:55,846 - scrapers.hackernews_scraper - INFO - 成功解析 15 个Ask HN故事
2025-04-18 16:01:55,846 - scrapers.hackernews_scraper - INFO - 开始转换 15 个故事到统一格式
2025-04-18 16:01:55,846 - scrapers.hackernews_scraper - INFO - 转换第 1/15 个故事: Ask HN: How to get my developm...
2025-04-18 16:01:58,802 - scrapers.hackernews_scraper - INFO - 找到 4 条评论
2025-04-18 16:01:58,805 - scrapers.hackernews_scraper - INFO - 故事 Ask HN: How to get my developm... 转换完成，包含 4 条评论
2025-04-18 16:01:58,805 - scrapers.hackernews_scraper - INFO - 转换第 2/15 个故事: Ask HN: Why is there no P2P st...
2025-04-18 16:02:00,832 - scrapers.hackernews_scraper - INFO - 找到 220 条评论
2025-04-18 16:02:01,838 - scrapers.hackernews_scraper - INFO - 故事 Ask HN: Why is there no P2P st... 转换完成，包含 100 条评论
2025-04-18 16:02:01,838 - scrapers.hackernews_scraper - INFO - 转换第 3/15 个故事: Ask HN: What are the best book...
2025-04-18 16:02:03,906 - scrapers.hackernews_scraper - INFO - 找到 7 条评论
2025-04-18 16:02:03,911 - scrapers.hackernews_scraper - INFO - 故事 Ask HN: What are the best book... 转换完成，包含 7 条评论
2025-04-18 16:02:03,911 - scrapers.hackernews_scraper - INFO - 转换第 4/15 个故事: Ask HN: Have you been contract...
2025-04-18 16:02:05,695 - scrapers.hackernews_scraper - INFO - 找到 1 条评论
2025-04-18 16:02:05,696 - scrapers.hackernews_scraper - INFO - 故事 Ask HN: Have you been contract... 转换完成，包含 1 条评论
2025-04-18 16:02:05,696 - scrapers.hackernews_scraper - INFO - 转换第 5/15 个故事: Ask HN: Why do people buy Nvid...
2025-04-18 16:02:08,629 - scrapers.hackernews_scraper - INFO - 找到 7 条评论
2025-04-18 16:02:08,634 - scrapers.hackernews_scraper - INFO - 故事 Ask HN: Why do people buy Nvid... 转换完成，包含 7 条评论
2025-04-18 16:02:08,634 - scrapers.hackernews_scraper - INFO - 转换第 6/15 个故事: Ask HN: Software Engineers to ...
2025-04-18 16:02:10,555 - scrapers.hackernews_scraper - INFO - 找到 12 条评论
2025-04-18 16:02:10,564 - scrapers.hackernews_scraper - INFO - 故事 Ask HN: Software Engineers to ... 转换完成，包含 12 条评论
2025-04-18 16:02:10,564 - scrapers.hackernews_scraper - INFO - 转换第 7/15 个故事: Ask HN: I feel pessimistic abo...
2025-04-18 16:02:11,949 - scrapers.hackernews_scraper - INFO - 找到 26 条评论
2025-04-18 16:02:11,975 - scrapers.hackernews_scraper - INFO - 故事 Ask HN: I feel pessimistic abo... 转换完成，包含 26 条评论
2025-04-18 16:02:11,975 - scrapers.hackernews_scraper - INFO - 转换第 8/15 个故事: Ask HN: The Future of SaaS...
2025-04-18 16:02:13,565 - scrapers.hackernews_scraper - INFO - 找到 3 条评论
2025-04-18 16:02:13,567 - scrapers.hackernews_scraper - INFO - 故事 Ask HN: The Future of SaaS... 转换完成，包含 3 条评论
2025-04-18 16:02:13,568 - scrapers.hackernews_scraper - INFO - 转换第 9/15 个故事: Ask HN: How do you monetize pe...
2025-04-18 16:02:15,782 - scrapers.hackernews_scraper - INFO - 找到 68 条评论
2025-04-18 16:02:15,906 - scrapers.hackernews_scraper - INFO - 故事 Ask HN: How do you monetize pe... 转换完成，包含 68 条评论
2025-04-18 16:02:15,906 - scrapers.hackernews_scraper - INFO - 转换第 10/15 个故事: Ask HN: Git Rebase and Merge o...
2025-04-18 16:02:18,855 - scrapers.hackernews_scraper - INFO - 找到 3 条评论
2025-04-18 16:02:18,857 - scrapers.hackernews_scraper - INFO - 故事 Ask HN: Git Rebase and Merge o... 转换完成，包含 3 条评论
2025-04-18 16:02:18,857 - scrapers.hackernews_scraper - INFO - 转换第 11/15 个故事: Ask HN: How do people around y...
2025-04-18 16:02:21,605 - scrapers.hackernews_scraper - INFO - 找到 10 条评论
2025-04-18 16:02:21,613 - scrapers.hackernews_scraper - INFO - 故事 Ask HN: How do people around y... 转换完成，包含 10 条评论
2025-04-18 16:02:21,613 - scrapers.hackernews_scraper - INFO - 转换第 12/15 个故事: Ask HN: What is the future of ...
2025-04-18 16:02:22,750 - scrapers.hackernews_scraper - INFO - 找到 9 条评论
2025-04-18 16:02:22,757 - scrapers.hackernews_scraper - INFO - 故事 Ask HN: What is the future of ... 转换完成，包含 9 条评论
2025-04-18 16:02:22,757 - scrapers.hackernews_scraper - INFO - 转换第 13/15 个故事: Ask HN: What is the best font ...
2025-04-18 16:02:25,559 - scrapers.hackernews_scraper - INFO - 找到 10 条评论
2025-04-18 16:02:25,566 - scrapers.hackernews_scraper - INFO - 故事 Ask HN: What is the best font ... 转换完成，包含 10 条评论
2025-04-18 16:02:25,566 - scrapers.hackernews_scraper - INFO - 转换第 14/15 个故事: Ask HN: Why Don't More Product...
2025-04-18 16:02:27,676 - scrapers.hackernews_scraper - INFO - 找到 4 条评论
2025-04-18 16:02:27,678 - scrapers.hackernews_scraper - INFO - 故事 Ask HN: Why Don't More Product... 转换完成，包含 4 条评论
2025-04-18 16:02:27,678 - scrapers.hackernews_scraper - INFO - 转换第 15/15 个故事: Ask HN: What's the Most Effect...
2025-04-18 16:02:28,949 - scrapers.hackernews_scraper - INFO - 找到 23 条评论
2025-04-18 16:02:28,971 - scrapers.hackernews_scraper - INFO - 故事 Ask HN: What's the Most Effect... 转换完成，包含 23 条评论
2025-04-18 16:02:28,971 - scrapers.hackernews_scraper - INFO - 共转换 15 个故事为统一格式
2025-04-18 16:02:28,971 - scrapers.hackernews_scraper - INFO - 爬取完成，共获取 15 个Ask HN故事
2025-04-18 16:02:29,243 - utils.storage_utils - INFO - 已更新源索引: hackernews
2025-04-18 16:02:29,247 - utils.storage_utils - INFO - 数据已保存到 data/hackernews/week_2025-04-14.json
2025-04-18 16:02:29,248 - scrapers.base_scraper - INFO - 数据已保存到 data/hackernews/week_2025-04-14.json
2025-04-18 16:02:29,248 - scrapers.base_scraper - INFO - 成功爬取 Hacker News 的数据
2025-04-18 16:02:29,249 - __main__ - INFO - 完成: 1/3 个爬虫成功运行
2025-04-18 16:02:29,494 - __main__ - INFO - 归档所有源的旧数据
2025-04-18 16:02:29,494 - __main__ - INFO - 源 jandan 归档 无需归档
2025-04-18 16:02:29,494 - __main__ - INFO - 源 reddit 归档 无需归档
2025-04-18 16:02:29,495 - __main__ - INFO - 源 hackernews 归档 无需归档
