2025-12-30 16:02:21,817 - __main__ - INFO - 运行所有爬虫
2025-12-30 16:02:21,817 - scrapers.jandan_scraper - INFO - JandanScraper初始化完成
2025-12-30 16:02:21,818 - scrapers.base_scraper - INFO - 开始爬取 煎蛋网
2025-12-30 16:02:21,818 - scrapers.jandan_scraper - INFO - 开始爬取煎蛋热评
2025-12-30 16:02:34,081 - scrapers.jandan_scraper - INFO - 成功获取HTML内容，长度: 24808
2025-12-30 16:02:34,081 - scrapers.jandan_scraper - INFO - 调试: 手动获取评论 5877984 的吐槽数据
2025-12-30 16:02:34,081 - scrapers.jandan_scraper - INFO - 获取评论 5877984 的吐槽内容: https://jandan.net/api/tucao/list/5877984
2025-12-30 16:02:37,134 - scrapers.jandan_scraper - INFO - 评论 5877984 获取到 1 条热门吐槽, 3 条普通吐槽
2025-12-30 16:02:37,134 - scrapers.jandan_scraper - INFO - 调试: 评论 5877984 获取到 1 条热门吐槽, 3 条普通吐槽
2025-12-30 16:02:37,134 - scrapers.jandan_scraper - INFO - 开始解析页面中的评论
2025-12-30 16:02:37,134 - scrapers.jandan_scraper - INFO - 开始解析HTML内容, 长度: 24808
2025-12-30 16:02:37,142 - scrapers.jandan_scraper - INFO - 找到 0 条热门评论
2025-12-30 16:02:37,142 - scrapers.jandan_scraper - INFO - 解析完成，获取到 0 条评论
2025-12-30 16:02:37,142 - scrapers.jandan_scraper - INFO - 开始转换评论为统一格式
2025-12-30 16:02:37,142 - scrapers.jandan_scraper - INFO - 开始转换 0 条评论到统一格式
2025-12-30 16:02:37,142 - scrapers.jandan_scraper - INFO - 共转换 0 条评论为统一格式
2025-12-30 16:02:37,142 - scrapers.jandan_scraper - INFO - 爬取完成，共获取 0 条热评
2025-12-30 16:02:37,143 - scrapers.base_scraper - ERROR - 爬取 煎蛋网 失败
2025-12-30 16:02:37,143 - scrapers.reddit_scraper - INFO - RedditScraper初始化完成
2025-12-30 16:02:37,144 - scrapers.base_scraper - INFO - 开始爬取 Reddit
2025-12-30 16:02:37,144 - scrapers.reddit_scraper - INFO - 开始爬取Reddit r/confessions每周热门帖子
2025-12-30 16:02:40,195 - utils.http_utils - ERROR - 请求失败: https://www.reddit.com/r/confessions/top/.json?t=week&limit=10, 错误: 403 Client Error: Blocked for url: https://www.reddit.com/r/confessions/top/.json?t=week&limit=10
2025-12-30 16:02:40,196 - scrapers.reddit_scraper - ERROR - 获取API数据失败: 403 Client Error: Blocked for url: https://www.reddit.com/r/confessions/top/.json?t=week&limit=10
2025-12-30 16:02:40,196 - scrapers.base_scraper - ERROR - 爬取 Reddit 失败
2025-12-30 16:02:40,196 - scrapers.hackernews_scraper - INFO - HackerNewsScraper初始化完成
2025-12-30 16:02:40,197 - scrapers.base_scraper - INFO - 开始爬取 Hacker News
2025-12-30 16:02:40,197 - scrapers.hackernews_scraper - INFO - 开始爬取Hacker News Ask HN帖子
2025-12-30 16:02:40,197 - scrapers.hackernews_scraper - INFO - 获取Ask HN页面: https://news.ycombinator.com/ask
2025-12-30 16:02:42,008 - scrapers.hackernews_scraper - INFO - 找到 30 个帖子行
2025-12-30 16:02:42,010 - scrapers.hackernews_scraper - INFO - 成功解析故事: Ask HN: Loneliness at 19, how ..., 作者=yresting, 点赞=49, 评论=0
2025-12-30 16:02:42,011 - scrapers.hackernews_scraper - INFO - 成功解析故事: Ask HN: What skills do you wan..., 作者=meridion, 点赞=265, 评论=0
2025-12-30 16:02:42,011 - scrapers.hackernews_scraper - INFO - 成功解析故事: Ask HN: What did you read in 2..., 作者=kwar13, 点赞=326, 评论=0
2025-12-30 16:02:42,012 - scrapers.hackernews_scraper - INFO - 成功解析故事: Ask HN: How to do a Personal C..., 作者=preciousoo, 点赞=21, 评论=0
2025-12-30 16:02:42,013 - scrapers.hackernews_scraper - INFO - 成功解析故事: Ask HN: What are some jobs you..., 作者=roschdal, 点赞=6, 评论=0
2025-12-30 16:02:42,013 - scrapers.hackernews_scraper - INFO - 成功解析故事: Ask HN: How do you manage kids..., 作者=xfax, 点赞=8, 评论=0
2025-12-30 16:02:42,014 - scrapers.hackernews_scraper - INFO - 成功解析故事: Ask HN: What are the best engi..., 作者=nishilpatel, 点赞=462, 评论=0
2025-12-30 16:02:42,015 - scrapers.hackernews_scraper - INFO - 成功解析故事: Ask HN: What Comic-books did y..., 作者=linesofcode, 点赞=4, 评论=0
2025-12-30 16:02:42,015 - scrapers.hackernews_scraper - INFO - 成功解析故事: Ask HN: What are you building ..., 作者=bayeslaw, 点赞=15, 评论=0
2025-12-30 16:02:42,016 - scrapers.hackernews_scraper - INFO - 成功解析故事: Ask HN: How are you sandboxing..., 作者=m-hodges, 点赞=44, 评论=0
2025-12-30 16:02:42,016 - scrapers.hackernews_scraper - INFO - 成功解析故事: Ask HN: Why isn't there compet..., 作者=antfie, 点赞=60, 评论=0
2025-12-30 16:02:42,017 - scrapers.hackernews_scraper - INFO - 成功解析故事: Ask HN: How do you get visibil..., 作者=ClipNoteBook, 点赞=9, 评论=0
2025-12-30 16:02:42,017 - scrapers.hackernews_scraper - INFO - 成功解析故事: Ask HN: If you only needed 200..., 作者=OmKadam, 点赞=11, 评论=0
2025-12-30 16:02:42,018 - scrapers.hackernews_scraper - INFO - 成功解析故事: Ask HN: How to go back to list..., 作者=muratsu, 点赞=5, 评论=0
2025-12-30 16:02:42,018 - scrapers.hackernews_scraper - INFO - 成功解析故事: Ask HN: How many HN'ers Celebr..., 作者=gist, 点赞=19, 评论=0
2025-12-30 16:02:42,018 - scrapers.hackernews_scraper - INFO - 成功解析 15 个Ask HN故事
2025-12-30 16:02:42,018 - scrapers.hackernews_scraper - INFO - 开始转换 15 个故事到统一格式
2025-12-30 16:02:42,018 - scrapers.hackernews_scraper - INFO - 转换第 1/15 个故事: Ask HN: Loneliness at 19, how ...
2025-12-30 16:02:44,435 - scrapers.hackernews_scraper - INFO - 找到 83 条评论
2025-12-30 16:02:44,592 - scrapers.hackernews_scraper - INFO - 故事 Ask HN: Loneliness at 19, how ... 转换完成，包含 83 条评论
2025-12-30 16:02:44,592 - scrapers.hackernews_scraper - INFO - 转换第 2/15 个故事: Ask HN: What skills do you wan...
2025-12-30 16:02:47,562 - scrapers.hackernews_scraper - INFO - 找到 410 条评论
2025-12-30 16:02:50,785 - scrapers.hackernews_scraper - INFO - 故事 Ask HN: What skills do you wan... 转换完成，包含 100 条评论
2025-12-30 16:02:50,786 - scrapers.hackernews_scraper - INFO - 转换第 3/15 个故事: Ask HN: What did you read in 2...
2025-12-30 16:02:53,580 - scrapers.hackernews_scraper - INFO - 找到 432 条评论
2025-12-30 16:02:57,184 - scrapers.hackernews_scraper - INFO - 故事 Ask HN: What did you read in 2... 转换完成，包含 100 条评论
2025-12-30 16:02:57,185 - scrapers.hackernews_scraper - INFO - 转换第 4/15 个故事: Ask HN: How to do a Personal C...
2025-12-30 16:02:58,307 - scrapers.hackernews_scraper - INFO - 找到 10 条评论
2025-12-30 16:02:58,313 - scrapers.hackernews_scraper - INFO - 故事 Ask HN: How to do a Personal C... 转换完成，包含 10 条评论
2025-12-30 16:02:58,313 - scrapers.hackernews_scraper - INFO - 转换第 5/15 个故事: Ask HN: What are some jobs you...
2025-12-30 16:03:00,592 - scrapers.hackernews_scraper - INFO - 找到 1 条评论
2025-12-30 16:03:00,593 - scrapers.hackernews_scraper - INFO - 故事 Ask HN: What are some jobs you... 转换完成，包含 1 条评论
2025-12-30 16:03:00,593 - scrapers.hackernews_scraper - INFO - 转换第 6/15 个故事: Ask HN: How do you manage kids...
2025-12-30 16:03:03,231 - scrapers.hackernews_scraper - INFO - 找到 3 条评论
2025-12-30 16:03:03,233 - scrapers.hackernews_scraper - INFO - 故事 Ask HN: How do you manage kids... 转换完成，包含 3 条评论
2025-12-30 16:03:03,233 - scrapers.hackernews_scraper - INFO - 转换第 7/15 个故事: Ask HN: What are the best engi...
2025-12-30 16:03:06,425 - scrapers.hackernews_scraper - INFO - 找到 139 条评论
2025-12-30 16:03:06,781 - scrapers.hackernews_scraper - INFO - 故事 Ask HN: What are the best engi... 转换完成，包含 100 条评论
2025-12-30 16:03:06,781 - scrapers.hackernews_scraper - INFO - 转换第 8/15 个故事: Ask HN: What Comic-books did y...
2025-12-30 16:03:09,375 - scrapers.hackernews_scraper - INFO - 找到 2 条评论
2025-12-30 16:03:09,376 - scrapers.hackernews_scraper - INFO - 故事 Ask HN: What Comic-books did y... 转换完成，包含 2 条评论
2025-12-30 16:03:09,376 - scrapers.hackernews_scraper - INFO - 转换第 9/15 个故事: Ask HN: What are you building ...
2025-12-30 16:03:11,547 - scrapers.hackernews_scraper - INFO - 找到 27 条评论
2025-12-30 16:03:11,569 - scrapers.hackernews_scraper - INFO - 故事 Ask HN: What are you building ... 转换完成，包含 27 条评论
2025-12-30 16:03:11,569 - scrapers.hackernews_scraper - INFO - 转换第 10/15 个故事: Ask HN: How are you sandboxing...
2025-12-30 16:03:12,914 - scrapers.hackernews_scraper - INFO - 找到 29 条评论
2025-12-30 16:03:12,939 - scrapers.hackernews_scraper - INFO - 故事 Ask HN: How are you sandboxing... 转换完成，包含 29 条评论
2025-12-30 16:03:12,939 - scrapers.hackernews_scraper - INFO - 转换第 11/15 个故事: Ask HN: Why isn't there compet...
2025-12-30 16:03:15,359 - scrapers.hackernews_scraper - INFO - 找到 59 条评论
2025-12-30 16:03:15,434 - scrapers.hackernews_scraper - INFO - 故事 Ask HN: Why isn't there compet... 转换完成，包含 59 条评论
2025-12-30 16:03:15,434 - scrapers.hackernews_scraper - INFO - 转换第 12/15 个故事: Ask HN: How do you get visibil...
2025-12-30 16:03:18,465 - scrapers.hackernews_scraper - INFO - 找到 19 条评论
2025-12-30 16:03:18,479 - scrapers.hackernews_scraper - INFO - 故事 Ask HN: How do you get visibil... 转换完成，包含 19 条评论
2025-12-30 16:03:18,479 - scrapers.hackernews_scraper - INFO - 转换第 13/15 个故事: Ask HN: If you only needed 200...
2025-12-30 16:03:19,937 - scrapers.hackernews_scraper - INFO - 找到 15 条评论
2025-12-30 16:03:19,947 - scrapers.hackernews_scraper - INFO - 故事 Ask HN: If you only needed 200... 转换完成，包含 15 条评论
2025-12-30 16:03:19,947 - scrapers.hackernews_scraper - INFO - 转换第 14/15 个故事: Ask HN: How to go back to list...
2025-12-30 16:03:21,576 - scrapers.hackernews_scraper - INFO - 找到 11 条评论
2025-12-30 16:03:21,582 - scrapers.hackernews_scraper - INFO - 故事 Ask HN: How to go back to list... 转换完成，包含 11 条评论
2025-12-30 16:03:21,583 - scrapers.hackernews_scraper - INFO - 转换第 15/15 个故事: Ask HN: How many HN'ers Celebr...
2025-12-30 16:03:23,968 - scrapers.hackernews_scraper - INFO - 找到 36 条评论
2025-12-30 16:03:24,003 - scrapers.hackernews_scraper - INFO - 故事 Ask HN: How many HN'ers Celebr... 转换完成，包含 36 条评论
2025-12-30 16:03:24,003 - scrapers.hackernews_scraper - INFO - 共转换 15 个故事为统一格式
2025-12-30 16:03:24,003 - scrapers.hackernews_scraper - INFO - 爬取完成，共获取 15 个Ask HN故事
2025-12-30 16:03:24,498 - utils.storage_utils - INFO - 已更新源索引: hackernews
2025-12-30 16:03:24,500 - utils.storage_utils - INFO - 数据已保存到 data/hackernews/week_2025-12-29.json
2025-12-30 16:03:24,501 - scrapers.base_scraper - INFO - 数据已保存到 data/hackernews/week_2025-12-29.json
2025-12-30 16:03:24,501 - scrapers.base_scraper - INFO - 成功爬取 Hacker News 的数据
2025-12-30 16:03:24,502 - __main__ - INFO - 完成: 1/3 个爬虫成功运行
2025-12-30 16:03:24,716 - __main__ - INFO - 归档所有源的旧数据
2025-12-30 16:03:24,716 - __main__ - INFO - 源 jandan 归档 无需归档
2025-12-30 16:03:24,717 - __main__ - INFO - 源 reddit 归档 无需归档
2025-12-30 16:03:24,717 - __main__ - INFO - 源 hackernews 归档 无需归档
