2025-11-27 16:02:14,135 - __main__ - INFO - 运行所有爬虫
2025-11-27 16:02:14,136 - scrapers.jandan_scraper - INFO - JandanScraper初始化完成
2025-11-27 16:02:14,136 - scrapers.base_scraper - INFO - 开始爬取 煎蛋网
2025-11-27 16:02:14,136 - scrapers.jandan_scraper - INFO - 开始爬取煎蛋热评
2025-11-27 16:02:18,801 - scrapers.jandan_scraper - INFO - 成功获取HTML内容，长度: 24786
2025-11-27 16:02:18,801 - scrapers.jandan_scraper - INFO - 调试: 手动获取评论 5877984 的吐槽数据
2025-11-27 16:02:18,801 - scrapers.jandan_scraper - INFO - 获取评论 5877984 的吐槽内容: https://jandan.net/api/tucao/list/5877984
2025-11-27 16:02:22,453 - scrapers.jandan_scraper - INFO - 评论 5877984 获取到 1 条热门吐槽, 3 条普通吐槽
2025-11-27 16:02:22,453 - scrapers.jandan_scraper - INFO - 调试: 评论 5877984 获取到 1 条热门吐槽, 3 条普通吐槽
2025-11-27 16:02:22,453 - scrapers.jandan_scraper - INFO - 开始解析页面中的评论
2025-11-27 16:02:22,454 - scrapers.jandan_scraper - INFO - 开始解析HTML内容, 长度: 24786
2025-11-27 16:02:22,462 - scrapers.jandan_scraper - INFO - 找到 0 条热门评论
2025-11-27 16:02:22,462 - scrapers.jandan_scraper - INFO - 解析完成，获取到 0 条评论
2025-11-27 16:02:22,462 - scrapers.jandan_scraper - INFO - 开始转换评论为统一格式
2025-11-27 16:02:22,462 - scrapers.jandan_scraper - INFO - 开始转换 0 条评论到统一格式
2025-11-27 16:02:22,462 - scrapers.jandan_scraper - INFO - 共转换 0 条评论为统一格式
2025-11-27 16:02:22,462 - scrapers.jandan_scraper - INFO - 爬取完成，共获取 0 条热评
2025-11-27 16:02:22,463 - scrapers.base_scraper - ERROR - 爬取 煎蛋网 失败
2025-11-27 16:02:22,463 - scrapers.reddit_scraper - INFO - RedditScraper初始化完成
2025-11-27 16:02:22,464 - scrapers.base_scraper - INFO - 开始爬取 Reddit
2025-11-27 16:02:22,464 - scrapers.reddit_scraper - INFO - 开始爬取Reddit r/confessions每周热门帖子
2025-11-27 16:02:24,743 - utils.http_utils - ERROR - 请求失败: https://www.reddit.com/r/confessions/top/.json?t=week&limit=10, 错误: 403 Client Error: Blocked for url: https://www.reddit.com/r/confessions/top/.json?t=week&limit=10
2025-11-27 16:02:24,743 - scrapers.reddit_scraper - ERROR - 获取API数据失败: 403 Client Error: Blocked for url: https://www.reddit.com/r/confessions/top/.json?t=week&limit=10
2025-11-27 16:02:24,743 - scrapers.base_scraper - ERROR - 爬取 Reddit 失败
2025-11-27 16:02:24,744 - scrapers.hackernews_scraper - INFO - HackerNewsScraper初始化完成
2025-11-27 16:02:24,744 - scrapers.base_scraper - INFO - 开始爬取 Hacker News
2025-11-27 16:02:24,744 - scrapers.hackernews_scraper - INFO - 开始爬取Hacker News Ask HN帖子
2025-11-27 16:02:24,744 - scrapers.hackernews_scraper - INFO - 获取Ask HN页面: https://news.ycombinator.com/ask
2025-11-27 16:02:27,196 - scrapers.hackernews_scraper - INFO - 找到 30 个帖子行
2025-11-27 16:02:27,198 - scrapers.hackernews_scraper - INFO - 成功解析故事: Ask HN: Do AIs reply with nume..., 作者=amichail, 点赞=3, 评论=0
2025-11-27 16:02:27,198 - scrapers.hackernews_scraper - INFO - 成功解析故事: Ask HN: Would you use a fast/c..., 作者=shaheeniquebal, 点赞=2, 评论=0
2025-11-27 16:02:27,199 - scrapers.hackernews_scraper - INFO - 成功解析故事: Ask HN: TCP/IP Illustrated, v2..., 作者=mayureshkathe, 点赞=6, 评论=0
2025-11-27 16:02:27,200 - scrapers.hackernews_scraper - INFO - 成功解析故事: Ask HN: Hearing aid wearers, w..., 作者=pugworthy, 点赞=352, 评论=0
2025-11-27 16:02:27,200 - scrapers.hackernews_scraper - INFO - 成功解析故事: Ask HN: Should account creatio..., 作者=megraf, 点赞=24, 评论=0
2025-11-27 16:02:27,201 - scrapers.hackernews_scraper - INFO - 成功解析故事: Ask HN: Scheduling stateful no..., 作者=leo_e, 点赞=23, 评论=0
2025-11-27 16:02:27,201 - scrapers.hackernews_scraper - INFO - 成功解析故事: Ask HN: Good resources to lear..., 作者=_1tan, 点赞=137, 评论=0
2025-11-27 16:02:27,202 - scrapers.hackernews_scraper - INFO - 成功解析故事: Ask HN: What did Stripe change..., 作者=dzonga, 点赞=7, 评论=0
2025-11-27 16:02:27,203 - scrapers.hackernews_scraper - INFO - 成功解析故事: Ask HN: Opinions on facial rec..., 作者=bjourne, 点赞=5, 评论=0
2025-11-27 16:02:27,203 - scrapers.hackernews_scraper - INFO - 成功解析故事: Ask HN: What work problems wou..., 作者=aryanchaurasia, 点赞=16, 评论=0
2025-11-27 16:02:27,204 - scrapers.hackernews_scraper - INFO - 成功解析故事: Ask HN: Have major security br..., 作者=Wowfunhappy, 点赞=4, 评论=0
2025-11-27 16:02:27,204 - scrapers.hackernews_scraper - INFO - 成功解析故事: Ask HN: Is Techmeme getting pa..., 作者=dabockster, 点赞=3, 评论=0
2025-11-27 16:02:27,205 - scrapers.hackernews_scraper - INFO - 成功解析故事: Ask HN: Hetzner asking for pas..., 作者=casenmgreen, 点赞=5, 评论=0
2025-11-27 16:02:27,205 - scrapers.hackernews_scraper - INFO - 成功解析故事: Ask HN: What is your monitor s..., 作者=iwebdevfromhome, 点赞=6, 评论=0
2025-11-27 16:02:27,206 - scrapers.hackernews_scraper - INFO - 成功解析故事: Ask HN: How does one move from..., 作者=conqrr, 点赞=10, 评论=0
2025-11-27 16:02:27,206 - scrapers.hackernews_scraper - INFO - 成功解析 15 个Ask HN故事
2025-11-27 16:02:27,206 - scrapers.hackernews_scraper - INFO - 开始转换 15 个故事到统一格式
2025-11-27 16:02:27,206 - scrapers.hackernews_scraper - INFO - 转换第 1/15 个故事: Ask HN: Do AIs reply with nume...
2025-11-27 16:02:29,557 - scrapers.hackernews_scraper - INFO - 找到 5 条评论
2025-11-27 16:02:29,560 - scrapers.hackernews_scraper - INFO - 故事 Ask HN: Do AIs reply with nume... 转换完成，包含 5 条评论
2025-11-27 16:02:29,560 - scrapers.hackernews_scraper - INFO - 转换第 2/15 个故事: Ask HN: Would you use a fast/c...
2025-11-27 16:02:32,212 - scrapers.hackernews_scraper - INFO - 找到 4 条评论
2025-11-27 16:02:32,215 - scrapers.hackernews_scraper - INFO - 故事 Ask HN: Would you use a fast/c... 转换完成，包含 4 条评论
2025-11-27 16:02:32,215 - scrapers.hackernews_scraper - INFO - 转换第 3/15 个故事: Ask HN: TCP/IP Illustrated, v2...
2025-11-27 16:02:34,335 - scrapers.hackernews_scraper - INFO - 找到 0 条评论
2025-11-27 16:02:34,335 - scrapers.hackernews_scraper - INFO - 故事 Ask HN: TCP/IP Illustrated, v2... 转换完成，包含 0 条评论
2025-11-27 16:02:34,335 - scrapers.hackernews_scraper - INFO - 转换第 4/15 个故事: Ask HN: Hearing aid wearers, w...
2025-11-27 16:02:36,767 - scrapers.hackernews_scraper - INFO - 找到 208 条评论
2025-11-27 16:02:37,557 - scrapers.hackernews_scraper - INFO - 故事 Ask HN: Hearing aid wearers, w... 转换完成，包含 100 条评论
2025-11-27 16:02:37,557 - scrapers.hackernews_scraper - INFO - 转换第 5/15 个故事: Ask HN: Should account creatio...
2025-11-27 16:02:38,785 - scrapers.hackernews_scraper - INFO - 找到 36 条评论
2025-11-27 16:02:38,823 - scrapers.hackernews_scraper - INFO - 故事 Ask HN: Should account creatio... 转换完成，包含 36 条评论
2025-11-27 16:02:38,823 - scrapers.hackernews_scraper - INFO - 转换第 6/15 个故事: Ask HN: Scheduling stateful no...
2025-11-27 16:02:41,420 - scrapers.hackernews_scraper - INFO - 找到 18 条评论
2025-11-27 16:02:41,434 - scrapers.hackernews_scraper - INFO - 故事 Ask HN: Scheduling stateful no... 转换完成，包含 18 条评论
2025-11-27 16:02:41,434 - scrapers.hackernews_scraper - INFO - 转换第 7/15 个故事: Ask HN: Good resources to lear...
2025-11-27 16:02:43,916 - scrapers.hackernews_scraper - INFO - 找到 28 条评论
2025-11-27 16:02:43,943 - scrapers.hackernews_scraper - INFO - 故事 Ask HN: Good resources to lear... 转换完成，包含 28 条评论
2025-11-27 16:02:43,943 - scrapers.hackernews_scraper - INFO - 转换第 8/15 个故事: Ask HN: What did Stripe change...
2025-11-27 16:02:45,932 - scrapers.hackernews_scraper - INFO - 找到 9 条评论
2025-11-27 16:02:45,938 - scrapers.hackernews_scraper - INFO - 故事 Ask HN: What did Stripe change... 转换完成，包含 9 条评论
2025-11-27 16:02:45,938 - scrapers.hackernews_scraper - INFO - 转换第 9/15 个故事: Ask HN: Opinions on facial rec...
2025-11-27 16:02:47,790 - scrapers.hackernews_scraper - INFO - 找到 30 条评论
2025-11-27 16:02:47,818 - scrapers.hackernews_scraper - INFO - 故事 Ask HN: Opinions on facial rec... 转换完成，包含 30 条评论
2025-11-27 16:02:47,818 - scrapers.hackernews_scraper - INFO - 转换第 10/15 个故事: Ask HN: What work problems wou...
2025-11-27 16:02:48,995 - scrapers.hackernews_scraper - INFO - 找到 15 条评论
2025-11-27 16:02:49,006 - scrapers.hackernews_scraper - INFO - 故事 Ask HN: What work problems wou... 转换完成，包含 15 条评论
2025-11-27 16:02:49,006 - scrapers.hackernews_scraper - INFO - 转换第 11/15 个故事: Ask HN: Have major security br...
2025-11-27 16:02:50,523 - scrapers.hackernews_scraper - INFO - 找到 6 条评论
2025-11-27 16:02:50,526 - scrapers.hackernews_scraper - INFO - 故事 Ask HN: Have major security br... 转换完成，包含 6 条评论
2025-11-27 16:02:50,526 - scrapers.hackernews_scraper - INFO - 转换第 12/15 个故事: Ask HN: Is Techmeme getting pa...
2025-11-27 16:02:51,722 - scrapers.hackernews_scraper - INFO - 找到 1 条评论
2025-11-27 16:02:51,723 - scrapers.hackernews_scraper - INFO - 故事 Ask HN: Is Techmeme getting pa... 转换完成，包含 1 条评论
2025-11-27 16:02:51,723 - scrapers.hackernews_scraper - INFO - 转换第 13/15 个故事: Ask HN: Hetzner asking for pas...
2025-11-27 16:02:54,555 - scrapers.hackernews_scraper - INFO - 找到 14 条评论
2025-11-27 16:02:54,566 - scrapers.hackernews_scraper - INFO - 故事 Ask HN: Hetzner asking for pas... 转换完成，包含 14 条评论
2025-11-27 16:02:54,566 - scrapers.hackernews_scraper - INFO - 转换第 14/15 个故事: Ask HN: What is your monitor s...
2025-11-27 16:02:56,218 - scrapers.hackernews_scraper - INFO - 找到 15 条评论
2025-11-27 16:02:56,229 - scrapers.hackernews_scraper - INFO - 故事 Ask HN: What is your monitor s... 转换完成，包含 15 条评论
2025-11-27 16:02:56,229 - scrapers.hackernews_scraper - INFO - 转换第 15/15 个故事: Ask HN: How does one move from...
2025-11-27 16:02:58,103 - scrapers.hackernews_scraper - INFO - 找到 5 条评论
2025-11-27 16:02:58,106 - scrapers.hackernews_scraper - INFO - 故事 Ask HN: How does one move from... 转换完成，包含 5 条评论
2025-11-27 16:02:58,107 - scrapers.hackernews_scraper - INFO - 共转换 15 个故事为统一格式
2025-11-27 16:02:58,107 - scrapers.hackernews_scraper - INFO - 爬取完成，共获取 15 个Ask HN故事
2025-11-27 16:02:58,584 - utils.storage_utils - INFO - 已更新源索引: hackernews
2025-11-27 16:02:58,585 - utils.storage_utils - INFO - 数据已保存到 data/hackernews/week_2025-11-24.json
2025-11-27 16:02:58,585 - scrapers.base_scraper - INFO - 数据已保存到 data/hackernews/week_2025-11-24.json
2025-11-27 16:02:58,585 - scrapers.base_scraper - INFO - 成功爬取 Hacker News 的数据
2025-11-27 16:02:58,586 - __main__ - INFO - 完成: 1/3 个爬虫成功运行
2025-11-27 16:02:58,800 - __main__ - INFO - 归档所有源的旧数据
2025-11-27 16:02:58,800 - __main__ - INFO - 源 jandan 归档 无需归档
2025-11-27 16:02:58,801 - __main__ - INFO - 源 reddit 归档 无需归档
2025-11-27 16:02:58,801 - __main__ - INFO - 源 hackernews 归档 无需归档
