2025-11-24 16:02:23,218 - __main__ - INFO - 运行所有爬虫
2025-11-24 16:02:23,219 - scrapers.jandan_scraper - INFO - JandanScraper初始化完成
2025-11-24 16:02:23,219 - scrapers.base_scraper - INFO - 开始爬取 煎蛋网
2025-11-24 16:02:23,219 - scrapers.jandan_scraper - INFO - 开始爬取煎蛋热评
2025-11-24 16:02:26,981 - scrapers.jandan_scraper - INFO - 成功获取HTML内容，长度: 24786
2025-11-24 16:02:26,981 - scrapers.jandan_scraper - INFO - 调试: 手动获取评论 5877984 的吐槽数据
2025-11-24 16:02:26,981 - scrapers.jandan_scraper - INFO - 获取评论 5877984 的吐槽内容: https://jandan.net/api/tucao/list/5877984
2025-11-24 16:02:28,766 - scrapers.jandan_scraper - INFO - 评论 5877984 获取到 1 条热门吐槽, 3 条普通吐槽
2025-11-24 16:02:28,766 - scrapers.jandan_scraper - INFO - 调试: 评论 5877984 获取到 1 条热门吐槽, 3 条普通吐槽
2025-11-24 16:02:28,766 - scrapers.jandan_scraper - INFO - 开始解析页面中的评论
2025-11-24 16:02:28,766 - scrapers.jandan_scraper - INFO - 开始解析HTML内容, 长度: 24786
2025-11-24 16:02:28,775 - scrapers.jandan_scraper - INFO - 找到 0 条热门评论
2025-11-24 16:02:28,775 - scrapers.jandan_scraper - INFO - 解析完成，获取到 0 条评论
2025-11-24 16:02:28,775 - scrapers.jandan_scraper - INFO - 开始转换评论为统一格式
2025-11-24 16:02:28,775 - scrapers.jandan_scraper - INFO - 开始转换 0 条评论到统一格式
2025-11-24 16:02:28,775 - scrapers.jandan_scraper - INFO - 共转换 0 条评论为统一格式
2025-11-24 16:02:28,775 - scrapers.jandan_scraper - INFO - 爬取完成，共获取 0 条热评
2025-11-24 16:02:28,776 - scrapers.base_scraper - ERROR - 爬取 煎蛋网 失败
2025-11-24 16:02:28,776 - scrapers.reddit_scraper - INFO - RedditScraper初始化完成
2025-11-24 16:02:28,777 - scrapers.base_scraper - INFO - 开始爬取 Reddit
2025-11-24 16:02:28,777 - scrapers.reddit_scraper - INFO - 开始爬取Reddit r/confessions每周热门帖子
2025-11-24 16:02:30,660 - utils.http_utils - ERROR - 请求失败: https://www.reddit.com/r/confessions/top/.json?t=week&limit=10, 错误: 403 Client Error: Blocked for url: https://www.reddit.com/r/confessions/top/.json?t=week&limit=10
2025-11-24 16:02:30,661 - scrapers.reddit_scraper - ERROR - 获取API数据失败: 403 Client Error: Blocked for url: https://www.reddit.com/r/confessions/top/.json?t=week&limit=10
2025-11-24 16:02:30,661 - scrapers.base_scraper - ERROR - 爬取 Reddit 失败
2025-11-24 16:02:30,661 - scrapers.hackernews_scraper - INFO - HackerNewsScraper初始化完成
2025-11-24 16:02:30,662 - scrapers.base_scraper - INFO - 开始爬取 Hacker News
2025-11-24 16:02:30,662 - scrapers.hackernews_scraper - INFO - 开始爬取Hacker News Ask HN帖子
2025-11-24 16:02:30,662 - scrapers.hackernews_scraper - INFO - 获取Ask HN页面: https://news.ycombinator.com/ask
2025-11-24 16:02:33,617 - scrapers.hackernews_scraper - INFO - 找到 30 个帖子行
2025-11-24 16:02:33,618 - scrapers.hackernews_scraper - INFO - 成功解析故事: Ask HN: Hearing aid wearers, w..., 作者=pugworthy, 点赞=272, 评论=0
2025-11-24 16:02:33,619 - scrapers.hackernews_scraper - INFO - 成功解析故事: Ask HN: Do smooth, wearable sp..., 作者=spinity, 点赞=2, 评论=0
2025-11-24 16:02:33,620 - scrapers.hackernews_scraper - INFO - 成功解析故事: Ask HN: Good resources to lear..., 作者=_1tan, 点赞=121, 评论=0
2025-11-24 16:02:33,620 - scrapers.hackernews_scraper - INFO - 成功解析故事: Ask HN: Photos corrupted on Go..., 作者=poolnoodle, 点赞=5, 评论=0
2025-11-24 16:02:33,621 - scrapers.hackernews_scraper - INFO - 成功解析故事: Ask HN: What tools do you pay ..., 作者=psicombinator, 点赞=5, 评论=0
2025-11-24 16:02:33,622 - scrapers.hackernews_scraper - INFO - 成功解析故事: Ask HN: Is America in Recessio..., 作者=register, 点赞=19, 评论=0
2025-11-24 16:02:33,622 - scrapers.hackernews_scraper - INFO - 成功解析故事: Ask HN: Advice for feeling lik..., 作者=phdthrowaway1, 点赞=8, 评论=0
2025-11-24 16:02:33,623 - scrapers.hackernews_scraper - INFO - 成功解析故事: Ask HN: How do you balance cre..., 作者=introvertmac, 点赞=12, 评论=0
2025-11-24 16:02:33,624 - scrapers.hackernews_scraper - INFO - 成功解析故事: Ask HN: Working in a language ..., 作者=william-cooke, 点赞=8, 评论=0
2025-11-24 16:02:33,624 - scrapers.hackernews_scraper - INFO - 成功解析故事: Ask HN: Where can you find old..., 作者=GaryBluto, 点赞=12, 评论=0
2025-11-24 16:02:33,625 - scrapers.hackernews_scraper - INFO - 成功解析故事: Ask HN: First Steps with a Pat..., 作者=throwawaynvmbr, 点赞=10, 评论=0
2025-11-24 16:02:33,625 - scrapers.hackernews_scraper - INFO - 成功解析故事: Ask HN: Where could I find ear..., 作者=nonmaskable, 点赞=4, 评论=0
2025-11-24 16:02:33,626 - scrapers.hackernews_scraper - INFO - 成功解析故事: Ask HN: Is it time to measure ..., 作者=cyrusradfar, 点赞=16, 评论=0
2025-11-24 16:02:33,626 - scrapers.hackernews_scraper - INFO - 成功解析故事: Ask HN: Current state of Andro..., 作者=namesarehard, 点赞=8, 评论=0
2025-11-24 16:02:33,627 - scrapers.hackernews_scraper - INFO - 成功解析故事: Ask HN: What is the current st..., 作者=jacobwilliamroy, 点赞=22, 评论=0
2025-11-24 16:02:33,627 - scrapers.hackernews_scraper - INFO - 成功解析 15 个Ask HN故事
2025-11-24 16:02:33,627 - scrapers.hackernews_scraper - INFO - 开始转换 15 个故事到统一格式
2025-11-24 16:02:33,627 - scrapers.hackernews_scraper - INFO - 转换第 1/15 个故事: Ask HN: Hearing aid wearers, w...
2025-11-24 16:02:36,471 - scrapers.hackernews_scraper - INFO - 找到 143 条评论
2025-11-24 16:02:36,844 - scrapers.hackernews_scraper - INFO - 故事 Ask HN: Hearing aid wearers, w... 转换完成，包含 100 条评论
2025-11-24 16:02:36,844 - scrapers.hackernews_scraper - INFO - 转换第 2/15 个故事: Ask HN: Do smooth, wearable sp...
2025-11-24 16:02:39,436 - scrapers.hackernews_scraper - INFO - 找到 2 条评论
2025-11-24 16:02:39,437 - scrapers.hackernews_scraper - INFO - 故事 Ask HN: Do smooth, wearable sp... 转换完成，包含 2 条评论
2025-11-24 16:02:39,437 - scrapers.hackernews_scraper - INFO - 转换第 3/15 个故事: Ask HN: Good resources to lear...
2025-11-24 16:02:40,780 - scrapers.hackernews_scraper - INFO - 找到 24 条评论
2025-11-24 16:02:40,801 - scrapers.hackernews_scraper - INFO - 故事 Ask HN: Good resources to lear... 转换完成，包含 24 条评论
2025-11-24 16:02:40,801 - scrapers.hackernews_scraper - INFO - 转换第 4/15 个故事: Ask HN: Photos corrupted on Go...
2025-11-24 16:02:43,156 - scrapers.hackernews_scraper - INFO - 找到 1 条评论
2025-11-24 16:02:43,157 - scrapers.hackernews_scraper - INFO - 故事 Ask HN: Photos corrupted on Go... 转换完成，包含 1 条评论
2025-11-24 16:02:43,157 - scrapers.hackernews_scraper - INFO - 转换第 5/15 个故事: Ask HN: What tools do you pay ...
2025-11-24 16:02:45,499 - scrapers.hackernews_scraper - INFO - 找到 3 条评论
2025-11-24 16:02:45,501 - scrapers.hackernews_scraper - INFO - 故事 Ask HN: What tools do you pay ... 转换完成，包含 3 条评论
2025-11-24 16:02:45,501 - scrapers.hackernews_scraper - INFO - 转换第 6/15 个故事: Ask HN: Is America in Recessio...
2025-11-24 16:02:47,892 - scrapers.hackernews_scraper - INFO - 找到 25 条评论
2025-11-24 16:02:47,915 - scrapers.hackernews_scraper - INFO - 故事 Ask HN: Is America in Recessio... 转换完成，包含 25 条评论
2025-11-24 16:02:47,915 - scrapers.hackernews_scraper - INFO - 转换第 7/15 个故事: Ask HN: Advice for feeling lik...
2025-11-24 16:02:49,399 - scrapers.hackernews_scraper - INFO - 找到 2 条评论
2025-11-24 16:02:49,400 - scrapers.hackernews_scraper - INFO - 故事 Ask HN: Advice for feeling lik... 转换完成，包含 2 条评论
2025-11-24 16:02:49,400 - scrapers.hackernews_scraper - INFO - 转换第 8/15 个故事: Ask HN: How do you balance cre...
2025-11-24 16:02:51,134 - scrapers.hackernews_scraper - INFO - 找到 9 条评论
2025-11-24 16:02:51,140 - scrapers.hackernews_scraper - INFO - 故事 Ask HN: How do you balance cre... 转换完成，包含 9 条评论
2025-11-24 16:02:51,140 - scrapers.hackernews_scraper - INFO - 转换第 9/15 个故事: Ask HN: Working in a language ...
2025-11-24 16:02:53,790 - scrapers.hackernews_scraper - INFO - 找到 16 条评论
2025-11-24 16:02:53,802 - scrapers.hackernews_scraper - INFO - 故事 Ask HN: Working in a language ... 转换完成，包含 16 条评论
2025-11-24 16:02:53,802 - scrapers.hackernews_scraper - INFO - 转换第 10/15 个故事: Ask HN: Where can you find old...
2025-11-24 16:02:55,401 - scrapers.hackernews_scraper - INFO - 找到 5 条评论
2025-11-24 16:02:55,404 - scrapers.hackernews_scraper - INFO - 故事 Ask HN: Where can you find old... 转换完成，包含 5 条评论
2025-11-24 16:02:55,404 - scrapers.hackernews_scraper - INFO - 转换第 11/15 个故事: Ask HN: First Steps with a Pat...
2025-11-24 16:02:58,513 - scrapers.hackernews_scraper - INFO - 找到 11 条评论
2025-11-24 16:02:58,520 - scrapers.hackernews_scraper - INFO - 故事 Ask HN: First Steps with a Pat... 转换完成，包含 11 条评论
2025-11-24 16:02:58,520 - scrapers.hackernews_scraper - INFO - 转换第 12/15 个故事: Ask HN: Where could I find ear...
2025-11-24 16:03:00,743 - scrapers.hackernews_scraper - INFO - 找到 1 条评论
2025-11-24 16:03:00,744 - scrapers.hackernews_scraper - INFO - 故事 Ask HN: Where could I find ear... 转换完成，包含 1 条评论
2025-11-24 16:03:00,744 - scrapers.hackernews_scraper - INFO - 转换第 13/15 个故事: Ask HN: Is it time to measure ...
2025-11-24 16:03:04,136 - scrapers.hackernews_scraper - INFO - 找到 6 条评论
2025-11-24 16:03:04,140 - scrapers.hackernews_scraper - INFO - 故事 Ask HN: Is it time to measure ... 转换完成，包含 6 条评论
2025-11-24 16:03:04,140 - scrapers.hackernews_scraper - INFO - 转换第 14/15 个故事: Ask HN: Current state of Andro...
2025-11-24 16:03:07,451 - scrapers.hackernews_scraper - INFO - 找到 0 条评论
2025-11-24 16:03:07,451 - scrapers.hackernews_scraper - INFO - 故事 Ask HN: Current state of Andro... 转换完成，包含 0 条评论
2025-11-24 16:03:07,451 - scrapers.hackernews_scraper - INFO - 转换第 15/15 个故事: Ask HN: What is the current st...
2025-11-24 16:03:10,459 - scrapers.hackernews_scraper - INFO - 找到 21 条评论
2025-11-24 16:03:10,475 - scrapers.hackernews_scraper - INFO - 故事 Ask HN: What is the current st... 转换完成，包含 21 条评论
2025-11-24 16:03:10,475 - scrapers.hackernews_scraper - INFO - 共转换 15 个故事为统一格式
2025-11-24 16:03:10,475 - scrapers.hackernews_scraper - INFO - 爬取完成，共获取 15 个Ask HN故事
2025-11-24 16:03:10,878 - utils.storage_utils - INFO - 已更新源索引: hackernews
2025-11-24 16:03:10,881 - utils.storage_utils - INFO - 数据已保存到 data/hackernews/week_2025-11-24.json
2025-11-24 16:03:10,881 - scrapers.base_scraper - INFO - 数据已保存到 data/hackernews/week_2025-11-24.json
2025-11-24 16:03:10,881 - scrapers.base_scraper - INFO - 成功爬取 Hacker News 的数据
2025-11-24 16:03:10,882 - __main__ - INFO - 完成: 1/3 个爬虫成功运行
2025-11-24 16:03:11,110 - __main__ - INFO - 归档所有源的旧数据
2025-11-24 16:03:11,110 - __main__ - INFO - 源 jandan 归档 无需归档
2025-11-24 16:03:11,110 - __main__ - INFO - 源 reddit 归档 无需归档
2025-11-24 16:03:11,110 - utils.storage_utils - INFO - 已将 week_2025-09-01.json 归档
2025-11-24 16:03:11,110 - __main__ - INFO - 源 hackernews 归档 成功
