2025-12-11 16:02:43,316 - __main__ - INFO - 运行所有爬虫
2025-12-11 16:02:43,316 - scrapers.jandan_scraper - INFO - JandanScraper初始化完成
2025-12-11 16:02:43,316 - scrapers.base_scraper - INFO - 开始爬取 煎蛋网
2025-12-11 16:02:43,316 - scrapers.jandan_scraper - INFO - 开始爬取煎蛋热评
2025-12-11 16:02:48,443 - scrapers.jandan_scraper - INFO - 成功获取HTML内容，长度: 24797
2025-12-11 16:02:48,443 - scrapers.jandan_scraper - INFO - 调试: 手动获取评论 5877984 的吐槽数据
2025-12-11 16:02:48,444 - scrapers.jandan_scraper - INFO - 获取评论 5877984 的吐槽内容: https://jandan.net/api/tucao/list/5877984
2025-12-11 16:02:50,800 - scrapers.jandan_scraper - INFO - 评论 5877984 获取到 1 条热门吐槽, 3 条普通吐槽
2025-12-11 16:02:50,801 - scrapers.jandan_scraper - INFO - 调试: 评论 5877984 获取到 1 条热门吐槽, 3 条普通吐槽
2025-12-11 16:02:50,801 - scrapers.jandan_scraper - INFO - 开始解析页面中的评论
2025-12-11 16:02:50,801 - scrapers.jandan_scraper - INFO - 开始解析HTML内容, 长度: 24797
2025-12-11 16:02:50,810 - scrapers.jandan_scraper - INFO - 找到 0 条热门评论
2025-12-11 16:02:50,811 - scrapers.jandan_scraper - INFO - 解析完成，获取到 0 条评论
2025-12-11 16:02:50,811 - scrapers.jandan_scraper - INFO - 开始转换评论为统一格式
2025-12-11 16:02:50,811 - scrapers.jandan_scraper - INFO - 开始转换 0 条评论到统一格式
2025-12-11 16:02:50,811 - scrapers.jandan_scraper - INFO - 共转换 0 条评论为统一格式
2025-12-11 16:02:50,811 - scrapers.jandan_scraper - INFO - 爬取完成，共获取 0 条热评
2025-12-11 16:02:50,811 - scrapers.base_scraper - ERROR - 爬取 煎蛋网 失败
2025-12-11 16:02:50,811 - scrapers.reddit_scraper - INFO - RedditScraper初始化完成
2025-12-11 16:02:50,812 - scrapers.base_scraper - INFO - 开始爬取 Reddit
2025-12-11 16:02:50,812 - scrapers.reddit_scraper - INFO - 开始爬取Reddit r/confessions每周热门帖子
2025-12-11 16:02:53,019 - utils.http_utils - ERROR - 请求失败: https://www.reddit.com/r/confessions/top/.json?t=week&limit=10, 错误: 403 Client Error: Blocked for url: https://www.reddit.com/r/confessions/top/.json?t=week&limit=10
2025-12-11 16:02:53,019 - scrapers.reddit_scraper - ERROR - 获取API数据失败: 403 Client Error: Blocked for url: https://www.reddit.com/r/confessions/top/.json?t=week&limit=10
2025-12-11 16:02:53,020 - scrapers.base_scraper - ERROR - 爬取 Reddit 失败
2025-12-11 16:02:53,020 - scrapers.hackernews_scraper - INFO - HackerNewsScraper初始化完成
2025-12-11 16:02:53,020 - scrapers.base_scraper - INFO - 开始爬取 Hacker News
2025-12-11 16:02:53,020 - scrapers.hackernews_scraper - INFO - 开始爬取Hacker News Ask HN帖子
2025-12-11 16:02:53,020 - scrapers.hackernews_scraper - INFO - 获取Ask HN页面: https://news.ycombinator.com/ask
2025-12-11 16:02:55,208 - scrapers.hackernews_scraper - INFO - 找到 19 个帖子行
2025-12-11 16:02:55,210 - scrapers.hackernews_scraper - INFO - 成功解析故事: Ask HN: Should "I asked $AI, a..., 作者=embedding-shape, 点赞=953, 评论=0
2025-12-11 16:02:55,211 - scrapers.hackernews_scraper - INFO - 成功解析故事: Ask HN: What hard problems are..., 作者=brihati, 点赞=6, 评论=0
2025-12-11 16:02:55,212 - scrapers.hackernews_scraper - INFO - 成功解析故事: Ask HN: Who wants to be hired?..., 作者=whoishiring, 点赞=160, 评论=0
2025-12-11 16:02:55,212 - scrapers.hackernews_scraper - INFO - 成功解析故事: Ask HN: Quality of recent gens..., 作者=ferguess_k, 点赞=112, 评论=0
2025-12-11 16:02:55,213 - scrapers.hackernews_scraper - INFO - 成功解析故事: Ask HN: How do small businesse..., 作者=duckkg5, 点赞=4, 评论=0
2025-12-11 16:02:55,214 - scrapers.hackernews_scraper - INFO - 成功解析故事: Ask HN: Who is hiring? (Decemb..., 作者=whoishiring, 点赞=315, 评论=0
2025-12-11 16:02:55,214 - scrapers.hackernews_scraper - INFO - 成功解析故事: Ask HN: Is there a "good" (non..., 作者=xrd, 点赞=3, 评论=0
2025-12-11 16:02:55,215 - scrapers.hackernews_scraper - INFO - 成功解析故事: Ask HN: How can I learn smartp..., 作者=rishikeshs, 点赞=4, 评论=0
2025-12-11 16:02:55,216 - scrapers.hackernews_scraper - INFO - 成功解析故事: Ask HN: What are young technic..., 作者=drdec, 点赞=12, 评论=0
2025-12-11 16:02:55,216 - scrapers.hackernews_scraper - INFO - 成功解析故事: Ask HN: Is it still worth lear..., 作者=xparadigm, 点赞=11, 评论=0
2025-12-11 16:02:55,217 - scrapers.hackernews_scraper - INFO - 成功解析故事: Ask HN: Are there any viable A..., 作者=gooob, 点赞=12, 评论=0
2025-12-11 16:02:55,218 - scrapers.hackernews_scraper - INFO - 成功解析故事: Ask HN: Modern C# book for exp..., 作者=Fire-Dragon-DoL, 点赞=30, 评论=0
2025-12-11 16:02:55,218 - scrapers.hackernews_scraper - INFO - 成功解析 12 个Ask HN故事
2025-12-11 16:02:55,218 - scrapers.hackernews_scraper - INFO - 开始转换 12 个故事到统一格式
2025-12-11 16:02:55,218 - scrapers.hackernews_scraper - INFO - 转换第 1/12 个故事: Ask HN: Should "I asked $AI, a...
2025-12-11 16:02:58,163 - scrapers.hackernews_scraper - INFO - 找到 459 条评论
2025-12-11 16:03:01,557 - scrapers.hackernews_scraper - INFO - 故事 Ask HN: Should "I asked $AI, a... 转换完成，包含 100 条评论
2025-12-11 16:03:01,557 - scrapers.hackernews_scraper - INFO - 转换第 2/12 个故事: Ask HN: What hard problems are...
2025-12-11 16:03:03,119 - scrapers.hackernews_scraper - INFO - 找到 12 条评论
2025-12-11 16:03:03,127 - scrapers.hackernews_scraper - INFO - 故事 Ask HN: What hard problems are... 转换完成，包含 12 条评论
2025-12-11 16:03:03,127 - scrapers.hackernews_scraper - INFO - 转换第 3/12 个故事: Ask HN: Who wants to be hired?...
2025-12-11 16:03:07,725 - scrapers.hackernews_scraper - INFO - 找到 432 条评论
2025-12-11 16:03:11,351 - scrapers.hackernews_scraper - INFO - 故事 Ask HN: Who wants to be hired?... 转换完成，包含 100 条评论
2025-12-11 16:03:11,351 - scrapers.hackernews_scraper - INFO - 转换第 4/12 个故事: Ask HN: Quality of recent gens...
2025-12-11 16:03:14,939 - scrapers.hackernews_scraper - INFO - 找到 207 条评论
2025-12-11 16:03:15,672 - scrapers.hackernews_scraper - INFO - 故事 Ask HN: Quality of recent gens... 转换完成，包含 100 条评论
2025-12-11 16:03:15,673 - scrapers.hackernews_scraper - INFO - 转换第 5/12 个故事: Ask HN: How do small businesse...
2025-12-11 16:03:17,294 - scrapers.hackernews_scraper - INFO - 找到 4 条评论
2025-12-11 16:03:17,296 - scrapers.hackernews_scraper - INFO - 故事 Ask HN: How do small businesse... 转换完成，包含 4 条评论
2025-12-11 16:03:17,296 - scrapers.hackernews_scraper - INFO - 转换第 6/12 个故事: Ask HN: Who is hiring? (Decemb...
2025-12-11 16:03:20,980 - scrapers.hackernews_scraper - INFO - 找到 530 条评论
2025-12-11 16:03:26,161 - scrapers.hackernews_scraper - INFO - 故事 Ask HN: Who is hiring? (Decemb... 转换完成，包含 100 条评论
2025-12-11 16:03:26,161 - scrapers.hackernews_scraper - INFO - 转换第 7/12 个故事: Ask HN: Is there a "good" (non...
2025-12-11 16:03:28,380 - scrapers.hackernews_scraper - INFO - 找到 2 条评论
2025-12-11 16:03:28,381 - scrapers.hackernews_scraper - INFO - 故事 Ask HN: Is there a "good" (non... 转换完成，包含 2 条评论
2025-12-11 16:03:28,381 - scrapers.hackernews_scraper - INFO - 转换第 8/12 个故事: Ask HN: How can I learn smartp...
2025-12-11 16:03:30,744 - scrapers.hackernews_scraper - INFO - 找到 3 条评论
2025-12-11 16:03:30,746 - scrapers.hackernews_scraper - INFO - 故事 Ask HN: How can I learn smartp... 转换完成，包含 3 条评论
2025-12-11 16:03:30,746 - scrapers.hackernews_scraper - INFO - 转换第 9/12 个故事: Ask HN: What are young technic...
2025-12-11 16:03:32,350 - scrapers.hackernews_scraper - INFO - 找到 17 条评论
2025-12-11 16:03:32,362 - scrapers.hackernews_scraper - INFO - 故事 Ask HN: What are young technic... 转换完成，包含 17 条评论
2025-12-11 16:03:32,362 - scrapers.hackernews_scraper - INFO - 转换第 10/12 个故事: Ask HN: Is it still worth lear...
2025-12-11 16:03:35,129 - scrapers.hackernews_scraper - INFO - 找到 17 条评论
2025-12-11 16:03:35,142 - scrapers.hackernews_scraper - INFO - 故事 Ask HN: Is it still worth lear... 转换完成，包含 17 条评论
2025-12-11 16:03:35,142 - scrapers.hackernews_scraper - INFO - 转换第 11/12 个故事: Ask HN: Are there any viable A...
2025-12-11 16:03:37,966 - scrapers.hackernews_scraper - INFO - 找到 7 条评论
2025-12-11 16:03:37,971 - scrapers.hackernews_scraper - INFO - 故事 Ask HN: Are there any viable A... 转换完成，包含 7 条评论
2025-12-11 16:03:37,971 - scrapers.hackernews_scraper - INFO - 转换第 12/12 个故事: Ask HN: Modern C# book for exp...
2025-12-11 16:03:40,977 - scrapers.hackernews_scraper - INFO - 找到 7 条评论
2025-12-11 16:03:40,981 - scrapers.hackernews_scraper - INFO - 故事 Ask HN: Modern C# book for exp... 转换完成，包含 7 条评论
2025-12-11 16:03:40,981 - scrapers.hackernews_scraper - INFO - 共转换 12 个故事为统一格式
2025-12-11 16:03:40,981 - scrapers.hackernews_scraper - INFO - 爬取完成，共获取 12 个Ask HN故事
2025-12-11 16:03:41,562 - utils.storage_utils - INFO - 已更新源索引: hackernews
2025-12-11 16:03:41,563 - utils.storage_utils - INFO - 数据已保存到 data/hackernews/week_2025-12-08.json
2025-12-11 16:03:41,564 - scrapers.base_scraper - INFO - 数据已保存到 data/hackernews/week_2025-12-08.json
2025-12-11 16:03:41,564 - scrapers.base_scraper - INFO - 成功爬取 Hacker News 的数据
2025-12-11 16:03:41,565 - __main__ - INFO - 完成: 1/3 个爬虫成功运行
2025-12-11 16:03:41,783 - __main__ - INFO - 归档所有源的旧数据
2025-12-11 16:03:41,783 - __main__ - INFO - 源 jandan 归档 无需归档
2025-12-11 16:03:41,783 - __main__ - INFO - 源 reddit 归档 无需归档
2025-12-11 16:03:41,783 - __main__ - INFO - 源 hackernews 归档 无需归档
