2025-12-23 16:02:18,951 - __main__ - INFO - 运行所有爬虫
2025-12-23 16:02:18,951 - scrapers.jandan_scraper - INFO - JandanScraper初始化完成
2025-12-23 16:02:18,952 - scrapers.base_scraper - INFO - 开始爬取 煎蛋网
2025-12-23 16:02:18,952 - scrapers.jandan_scraper - INFO - 开始爬取煎蛋热评
2025-12-23 16:02:22,031 - scrapers.jandan_scraper - INFO - 成功获取HTML内容，长度: 24804
2025-12-23 16:02:22,031 - scrapers.jandan_scraper - INFO - 调试: 手动获取评论 5877984 的吐槽数据
2025-12-23 16:02:22,031 - scrapers.jandan_scraper - INFO - 获取评论 5877984 的吐槽内容: https://jandan.net/api/tucao/list/5877984
2025-12-23 16:02:24,580 - scrapers.jandan_scraper - INFO - 评论 5877984 获取到 1 条热门吐槽, 3 条普通吐槽
2025-12-23 16:02:24,580 - scrapers.jandan_scraper - INFO - 调试: 评论 5877984 获取到 1 条热门吐槽, 3 条普通吐槽
2025-12-23 16:02:24,580 - scrapers.jandan_scraper - INFO - 开始解析页面中的评论
2025-12-23 16:02:24,580 - scrapers.jandan_scraper - INFO - 开始解析HTML内容, 长度: 24804
2025-12-23 16:02:24,589 - scrapers.jandan_scraper - INFO - 找到 0 条热门评论
2025-12-23 16:02:24,589 - scrapers.jandan_scraper - INFO - 解析完成，获取到 0 条评论
2025-12-23 16:02:24,589 - scrapers.jandan_scraper - INFO - 开始转换评论为统一格式
2025-12-23 16:02:24,589 - scrapers.jandan_scraper - INFO - 开始转换 0 条评论到统一格式
2025-12-23 16:02:24,589 - scrapers.jandan_scraper - INFO - 共转换 0 条评论为统一格式
2025-12-23 16:02:24,589 - scrapers.jandan_scraper - INFO - 爬取完成，共获取 0 条热评
2025-12-23 16:02:24,590 - scrapers.base_scraper - ERROR - 爬取 煎蛋网 失败
2025-12-23 16:02:24,590 - scrapers.reddit_scraper - INFO - RedditScraper初始化完成
2025-12-23 16:02:24,591 - scrapers.base_scraper - INFO - 开始爬取 Reddit
2025-12-23 16:02:24,591 - scrapers.reddit_scraper - INFO - 开始爬取Reddit r/confessions每周热门帖子
2025-12-23 16:02:25,797 - utils.http_utils - ERROR - 请求失败: https://www.reddit.com/r/confessions/top/.json?t=week&limit=10, 错误: 403 Client Error: Blocked for url: https://www.reddit.com/r/confessions/top/.json?t=week&limit=10
2025-12-23 16:02:25,797 - scrapers.reddit_scraper - ERROR - 获取API数据失败: 403 Client Error: Blocked for url: https://www.reddit.com/r/confessions/top/.json?t=week&limit=10
2025-12-23 16:02:25,798 - scrapers.base_scraper - ERROR - 爬取 Reddit 失败
2025-12-23 16:02:25,798 - scrapers.hackernews_scraper - INFO - HackerNewsScraper初始化完成
2025-12-23 16:02:25,798 - scrapers.base_scraper - INFO - 开始爬取 Hacker News
2025-12-23 16:02:25,798 - scrapers.hackernews_scraper - INFO - 开始爬取Hacker News Ask HN帖子
2025-12-23 16:02:25,798 - scrapers.hackernews_scraper - INFO - 获取Ask HN页面: https://news.ycombinator.com/ask
2025-12-23 16:02:28,249 - scrapers.hackernews_scraper - INFO - 找到 30 个帖子行
2025-12-23 16:02:28,250 - scrapers.hackernews_scraper - INFO - 成功解析故事: Ask HN: What are the best engi..., 作者=nishilpatel, 点赞=190, 评论=0
2025-12-23 16:02:28,251 - scrapers.hackernews_scraper - INFO - 成功解析故事: Ask HN: Can You Patent Prompts..., 作者=rcarmo, 点赞=3, 评论=0
2025-12-23 16:02:28,252 - scrapers.hackernews_scraper - INFO - 成功解析故事: Ask HN: My mother was scammed ..., 作者=scapbi, 点赞=114, 评论=0
2025-12-23 16:02:28,252 - scrapers.hackernews_scraper - INFO - 成功解析故事: Ask HN: What would you do if y..., 作者=johnathandos, 点赞=58, 评论=0
2025-12-23 16:02:28,253 - scrapers.hackernews_scraper - INFO - 成功解析故事: Ask HN: What's the most open/h..., 作者=recvonline, 点赞=9, 评论=0
2025-12-23 16:02:28,254 - scrapers.hackernews_scraper - INFO - 成功解析故事: Ask HN: Those making $500/mont..., 作者=cvbox, 点赞=472, 评论=0
2025-12-23 16:02:28,254 - scrapers.hackernews_scraper - INFO - 成功解析故事: Ask HN: Migrating old Substack..., 作者=Praddy, 点赞=2, 评论=0
2025-12-23 16:02:28,255 - scrapers.hackernews_scraper - INFO - 成功解析故事: Ask HN: What are your predicti..., 作者=mfrw, 点赞=108, 评论=0
2025-12-23 16:02:28,255 - scrapers.hackernews_scraper - INFO - 成功解析故事: Ask HN: What developer tool do..., 作者=allenleee, 点赞=15, 评论=0
2025-12-23 16:02:28,256 - scrapers.hackernews_scraper - INFO - 成功解析故事: Ask HN: How many email account..., 作者=asim, 点赞=9, 评论=0
2025-12-23 16:02:28,257 - scrapers.hackernews_scraper - INFO - 成功解析故事: Ask HN: Does anyone understand..., 作者=jannesblobel, 点赞=168, 评论=0
2025-12-23 16:02:28,257 - scrapers.hackernews_scraper - INFO - 成功解析故事: Ask HN: How are most people co..., 作者=par, 点赞=18, 评论=0
2025-12-23 16:02:28,258 - scrapers.hackernews_scraper - INFO - 成功解析故事: Ask HN: Who here is not workin..., 作者=ex-aws-dude, 点赞=84, 评论=0
2025-12-23 16:02:28,258 - scrapers.hackernews_scraper - INFO - 成功解析故事: Ask HN: Is GitHub becoming mor..., 作者=pavish, 点赞=9, 评论=0
2025-12-23 16:02:28,259 - scrapers.hackernews_scraper - INFO - 成功解析故事: Ask HN: Why isn't there compet..., 作者=antfie, 点赞=51, 评论=0
2025-12-23 16:02:28,259 - scrapers.hackernews_scraper - INFO - 成功解析 15 个Ask HN故事
2025-12-23 16:02:28,259 - scrapers.hackernews_scraper - INFO - 开始转换 15 个故事到统一格式
2025-12-23 16:02:28,259 - scrapers.hackernews_scraper - INFO - 转换第 1/15 个故事: Ask HN: What are the best engi...
2025-12-23 16:02:30,227 - scrapers.hackernews_scraper - INFO - 找到 59 条评论
2025-12-23 16:02:30,310 - scrapers.hackernews_scraper - INFO - 故事 Ask HN: What are the best engi... 转换完成，包含 59 条评论
2025-12-23 16:02:30,310 - scrapers.hackernews_scraper - INFO - 转换第 2/15 个故事: Ask HN: Can You Patent Prompts...
2025-12-23 16:02:32,325 - scrapers.hackernews_scraper - INFO - 找到 5 条评论
2025-12-23 16:02:32,329 - scrapers.hackernews_scraper - INFO - 故事 Ask HN: Can You Patent Prompts... 转换完成，包含 5 条评论
2025-12-23 16:02:32,329 - scrapers.hackernews_scraper - INFO - 转换第 3/15 个故事: Ask HN: My mother was scammed ...
2025-12-23 16:02:34,521 - scrapers.hackernews_scraper - INFO - 找到 53 条评论
2025-12-23 16:02:34,588 - scrapers.hackernews_scraper - INFO - 故事 Ask HN: My mother was scammed ... 转换完成，包含 53 条评论
2025-12-23 16:02:34,588 - scrapers.hackernews_scraper - INFO - 转换第 4/15 个故事: Ask HN: What would you do if y...
2025-12-23 16:02:36,357 - scrapers.hackernews_scraper - INFO - 找到 129 条评论
2025-12-23 16:02:36,656 - scrapers.hackernews_scraper - INFO - 故事 Ask HN: What would you do if y... 转换完成，包含 100 条评论
2025-12-23 16:02:36,656 - scrapers.hackernews_scraper - INFO - 转换第 5/15 个故事: Ask HN: What's the most open/h...
2025-12-23 16:02:39,272 - scrapers.hackernews_scraper - INFO - 找到 3 条评论
2025-12-23 16:02:39,274 - scrapers.hackernews_scraper - INFO - 故事 Ask HN: What's the most open/h... 转换完成，包含 3 条评论
2025-12-23 16:02:39,274 - scrapers.hackernews_scraper - INFO - 转换第 6/15 个故事: Ask HN: Those making $500/mont...
2025-12-23 16:02:43,469 - scrapers.hackernews_scraper - INFO - 找到 545 条评论
2025-12-23 16:02:48,208 - scrapers.hackernews_scraper - INFO - 故事 Ask HN: Those making $500/mont... 转换完成，包含 100 条评论
2025-12-23 16:02:48,208 - scrapers.hackernews_scraper - INFO - 转换第 7/15 个故事: Ask HN: Migrating old Substack...
2025-12-23 16:02:50,066 - scrapers.hackernews_scraper - INFO - 找到 1 条评论
2025-12-23 16:02:50,067 - scrapers.hackernews_scraper - INFO - 故事 Ask HN: Migrating old Substack... 转换完成，包含 1 条评论
2025-12-23 16:02:50,067 - scrapers.hackernews_scraper - INFO - 转换第 8/15 个故事: Ask HN: What are your predicti...
2025-12-23 16:02:52,110 - scrapers.hackernews_scraper - INFO - 找到 197 条评论
2025-12-23 16:02:52,791 - scrapers.hackernews_scraper - INFO - 故事 Ask HN: What are your predicti... 转换完成，包含 100 条评论
2025-12-23 16:02:52,791 - scrapers.hackernews_scraper - INFO - 转换第 9/15 个故事: Ask HN: What developer tool do...
2025-12-23 16:02:55,323 - scrapers.hackernews_scraper - INFO - 找到 15 条评论
2025-12-23 16:02:55,333 - scrapers.hackernews_scraper - INFO - 故事 Ask HN: What developer tool do... 转换完成，包含 15 条评论
2025-12-23 16:02:55,333 - scrapers.hackernews_scraper - INFO - 转换第 10/15 个故事: Ask HN: How many email account...
2025-12-23 16:02:58,279 - scrapers.hackernews_scraper - INFO - 找到 9 条评论
2025-12-23 16:02:58,285 - scrapers.hackernews_scraper - INFO - 故事 Ask HN: How many email account... 转换完成，包含 9 条评论
2025-12-23 16:02:58,285 - scrapers.hackernews_scraper - INFO - 转换第 11/15 个故事: Ask HN: Does anyone understand...
2025-12-23 16:03:00,757 - scrapers.hackernews_scraper - INFO - 找到 230 条评论
2025-12-23 16:03:01,682 - scrapers.hackernews_scraper - INFO - 故事 Ask HN: Does anyone understand... 转换完成，包含 100 条评论
2025-12-23 16:03:01,682 - scrapers.hackernews_scraper - INFO - 转换第 12/15 个故事: Ask HN: How are most people co...
2025-12-23 16:03:03,638 - scrapers.hackernews_scraper - INFO - 找到 42 条评论
2025-12-23 16:03:03,683 - scrapers.hackernews_scraper - INFO - 故事 Ask HN: How are most people co... 转换完成，包含 42 条评论
2025-12-23 16:03:03,683 - scrapers.hackernews_scraper - INFO - 转换第 13/15 个故事: Ask HN: Who here is not workin...
2025-12-23 16:03:05,821 - scrapers.hackernews_scraper - INFO - 找到 99 条评论
2025-12-23 16:03:06,009 - scrapers.hackernews_scraper - INFO - 故事 Ask HN: Who here is not workin... 转换完成，包含 99 条评论
2025-12-23 16:03:06,009 - scrapers.hackernews_scraper - INFO - 转换第 14/15 个故事: Ask HN: Is GitHub becoming mor...
2025-12-23 16:03:08,745 - scrapers.hackernews_scraper - INFO - 找到 4 条评论
2025-12-23 16:03:08,747 - scrapers.hackernews_scraper - INFO - 故事 Ask HN: Is GitHub becoming mor... 转换完成，包含 4 条评论
2025-12-23 16:03:08,747 - scrapers.hackernews_scraper - INFO - 转换第 15/15 个故事: Ask HN: Why isn't there compet...
2025-12-23 16:03:11,830 - scrapers.hackernews_scraper - INFO - 找到 52 条评论
2025-12-23 16:03:11,895 - scrapers.hackernews_scraper - INFO - 故事 Ask HN: Why isn't there compet... 转换完成，包含 52 条评论
2025-12-23 16:03:11,895 - scrapers.hackernews_scraper - INFO - 共转换 15 个故事为统一格式
2025-12-23 16:03:11,895 - scrapers.hackernews_scraper - INFO - 爬取完成，共获取 15 个Ask HN故事
2025-12-23 16:03:12,347 - utils.storage_utils - INFO - 已更新源索引: hackernews
2025-12-23 16:03:12,349 - utils.storage_utils - INFO - 数据已保存到 data/hackernews/week_2025-12-22.json
2025-12-23 16:03:12,349 - scrapers.base_scraper - INFO - 数据已保存到 data/hackernews/week_2025-12-22.json
2025-12-23 16:03:12,349 - scrapers.base_scraper - INFO - 成功爬取 Hacker News 的数据
2025-12-23 16:03:12,350 - __main__ - INFO - 完成: 1/3 个爬虫成功运行
2025-12-23 16:03:12,563 - __main__ - INFO - 归档所有源的旧数据
2025-12-23 16:03:12,564 - __main__ - INFO - 源 jandan 归档 无需归档
2025-12-23 16:03:12,564 - __main__ - INFO - 源 reddit 归档 无需归档
2025-12-23 16:03:12,564 - __main__ - INFO - 源 hackernews 归档 无需归档
