2025-12-15 16:03:09,657 - __main__ - INFO - 运行所有爬虫
2025-12-15 16:03:09,657 - scrapers.jandan_scraper - INFO - JandanScraper初始化完成
2025-12-15 16:03:09,657 - scrapers.base_scraper - INFO - 开始爬取 煎蛋网
2025-12-15 16:03:09,657 - scrapers.jandan_scraper - INFO - 开始爬取煎蛋热评
2025-12-15 16:03:13,840 - scrapers.jandan_scraper - INFO - 成功获取HTML内容，长度: 24797
2025-12-15 16:03:13,840 - scrapers.jandan_scraper - INFO - 调试: 手动获取评论 5877984 的吐槽数据
2025-12-15 16:03:13,840 - scrapers.jandan_scraper - INFO - 获取评论 5877984 的吐槽内容: https://jandan.net/api/tucao/list/5877984
2025-12-15 16:03:17,179 - scrapers.jandan_scraper - INFO - 评论 5877984 获取到 1 条热门吐槽, 3 条普通吐槽
2025-12-15 16:03:17,179 - scrapers.jandan_scraper - INFO - 调试: 评论 5877984 获取到 1 条热门吐槽, 3 条普通吐槽
2025-12-15 16:03:17,179 - scrapers.jandan_scraper - INFO - 开始解析页面中的评论
2025-12-15 16:03:17,179 - scrapers.jandan_scraper - INFO - 开始解析HTML内容, 长度: 24797
2025-12-15 16:03:17,188 - scrapers.jandan_scraper - INFO - 找到 0 条热门评论
2025-12-15 16:03:17,188 - scrapers.jandan_scraper - INFO - 解析完成，获取到 0 条评论
2025-12-15 16:03:17,188 - scrapers.jandan_scraper - INFO - 开始转换评论为统一格式
2025-12-15 16:03:17,188 - scrapers.jandan_scraper - INFO - 开始转换 0 条评论到统一格式
2025-12-15 16:03:17,188 - scrapers.jandan_scraper - INFO - 共转换 0 条评论为统一格式
2025-12-15 16:03:17,188 - scrapers.jandan_scraper - INFO - 爬取完成，共获取 0 条热评
2025-12-15 16:03:17,188 - scrapers.base_scraper - ERROR - 爬取 煎蛋网 失败
2025-12-15 16:03:17,188 - scrapers.reddit_scraper - INFO - RedditScraper初始化完成
2025-12-15 16:03:17,189 - scrapers.base_scraper - INFO - 开始爬取 Reddit
2025-12-15 16:03:17,190 - scrapers.reddit_scraper - INFO - 开始爬取Reddit r/confessions每周热门帖子
2025-12-15 16:03:19,066 - utils.http_utils - ERROR - 请求失败: https://www.reddit.com/r/confessions/top/.json?t=week&limit=10, 错误: 403 Client Error: Blocked for url: https://www.reddit.com/r/confessions/top/.json?t=week&limit=10
2025-12-15 16:03:19,067 - scrapers.reddit_scraper - ERROR - 获取API数据失败: 403 Client Error: Blocked for url: https://www.reddit.com/r/confessions/top/.json?t=week&limit=10
2025-12-15 16:03:19,068 - scrapers.base_scraper - ERROR - 爬取 Reddit 失败
2025-12-15 16:03:19,068 - scrapers.hackernews_scraper - INFO - HackerNewsScraper初始化完成
2025-12-15 16:03:19,068 - scrapers.base_scraper - INFO - 开始爬取 Hacker News
2025-12-15 16:03:19,068 - scrapers.hackernews_scraper - INFO - 开始爬取Hacker News Ask HN帖子
2025-12-15 16:03:19,068 - scrapers.hackernews_scraper - INFO - 获取Ask HN页面: https://news.ycombinator.com/ask
2025-12-15 16:03:21,509 - scrapers.hackernews_scraper - INFO - 找到 30 个帖子行
2025-12-15 16:03:21,510 - scrapers.hackernews_scraper - INFO - 成功解析故事: Ask HN: What Are You Working O..., 作者=david927, 点赞=342, 评论=0
2025-12-15 16:03:21,511 - scrapers.hackernews_scraper - INFO - 成功解析故事: Ask HN: Is building a calm, no..., 作者=hussein-khalil, 点赞=3, 评论=0
2025-12-15 16:03:21,512 - scrapers.hackernews_scraper - INFO - 成功解析故事: Ask HN: How do you get comfort..., 作者=fnimick, 点赞=6, 评论=0
2025-12-15 16:03:21,512 - scrapers.hackernews_scraper - INFO - 成功解析故事: Ask HN: Is starting a personal..., 作者=nazarh, 点赞=33, 评论=0
2025-12-15 16:03:21,513 - scrapers.hackernews_scraper - INFO - 成功解析故事: Ask HN: Why are modern AIs ign..., 作者=amichail, 点赞=2, 评论=0
2025-12-15 16:03:21,514 - scrapers.hackernews_scraper - INFO - 成功解析故事: Ask HN: Best back end to run m..., 作者=vood, 点赞=6, 评论=0
2025-12-15 16:03:21,514 - scrapers.hackernews_scraper - INFO - 成功解析故事: Ask HN: How can I get better a..., 作者=lemonlime227, 点赞=448, 评论=0
2025-12-15 16:03:21,515 - scrapers.hackernews_scraper - INFO - 成功解析故事: Ask HN: Please suggest a smart..., 作者=VladVladikoff, 点赞=9, 评论=0
2025-12-15 16:03:21,515 - scrapers.hackernews_scraper - INFO - 成功解析故事: Ask HN: How do I navigate horr..., 作者=souravpradhan, 点赞=3, 评论=0
2025-12-15 16:03:21,516 - scrapers.hackernews_scraper - INFO - 成功解析故事: Ask HN: Should "I asked $AI, a..., 作者=embedding-shape, 点赞=976, 评论=0
2025-12-15 16:03:21,516 - scrapers.hackernews_scraper - INFO - 成功解析故事: Ask HN: Thought-Provoking Book..., 作者=Agraillo, 点赞=12, 评论=0
2025-12-15 16:03:21,517 - scrapers.hackernews_scraper - INFO - 成功解析故事: Ask HN: Any online tech spaces..., 作者=jc_811, 点赞=10, 评论=0
2025-12-15 16:03:21,518 - scrapers.hackernews_scraper - INFO - 成功解析故事: Ask HN: Did anyone else notice..., 作者=underlipton, 点赞=24, 评论=0
2025-12-15 16:03:21,518 - scrapers.hackernews_scraper - INFO - 成功解析故事: Ask HN: End of Year Book Recom..., 作者=marai2, 点赞=27, 评论=0
2025-12-15 16:03:21,519 - scrapers.hackernews_scraper - INFO - 成功解析故事: Ask HN: Is writing without AI ..., 作者=amichail, 点赞=3, 评论=0
2025-12-15 16:03:21,519 - scrapers.hackernews_scraper - INFO - 成功解析 15 个Ask HN故事
2025-12-15 16:03:21,519 - scrapers.hackernews_scraper - INFO - 开始转换 15 个故事到统一格式
2025-12-15 16:03:21,519 - scrapers.hackernews_scraper - INFO - 转换第 1/15 个故事: Ask HN: What Are You Working O...
2025-12-15 16:03:28,772 - scrapers.hackernews_scraper - INFO - 找到 1098 条评论
2025-12-15 16:03:54,269 - scrapers.hackernews_scraper - INFO - 故事 Ask HN: What Are You Working O... 转换完成，包含 100 条评论
2025-12-15 16:03:54,270 - scrapers.hackernews_scraper - INFO - 转换第 2/15 个故事: Ask HN: Is building a calm, no...
2025-12-15 16:03:56,668 - scrapers.hackernews_scraper - INFO - 找到 0 条评论
2025-12-15 16:03:56,668 - scrapers.hackernews_scraper - INFO - 故事 Ask HN: Is building a calm, no... 转换完成，包含 0 条评论
2025-12-15 16:03:56,668 - scrapers.hackernews_scraper - INFO - 转换第 3/15 个故事: Ask HN: How do you get comfort...
2025-12-15 16:03:58,142 - scrapers.hackernews_scraper - INFO - 找到 2 条评论
2025-12-15 16:03:58,143 - scrapers.hackernews_scraper - INFO - 故事 Ask HN: How do you get comfort... 转换完成，包含 2 条评论
2025-12-15 16:03:58,143 - scrapers.hackernews_scraper - INFO - 转换第 4/15 个故事: Ask HN: Is starting a personal...
2025-12-15 16:04:00,761 - scrapers.hackernews_scraper - INFO - 找到 59 条评论
2025-12-15 16:04:00,846 - scrapers.hackernews_scraper - INFO - 故事 Ask HN: Is starting a personal... 转换完成，包含 59 条评论
2025-12-15 16:04:00,847 - scrapers.hackernews_scraper - INFO - 转换第 5/15 个故事: Ask HN: Why are modern AIs ign...
2025-12-15 16:04:02,237 - scrapers.hackernews_scraper - INFO - 找到 12 条评论
2025-12-15 16:04:02,245 - scrapers.hackernews_scraper - INFO - 故事 Ask HN: Why are modern AIs ign... 转换完成，包含 12 条评论
2025-12-15 16:04:02,245 - scrapers.hackernews_scraper - INFO - 转换第 6/15 个故事: Ask HN: Best back end to run m...
2025-12-15 16:04:03,712 - scrapers.hackernews_scraper - INFO - 找到 0 条评论
2025-12-15 16:04:03,712 - scrapers.hackernews_scraper - INFO - 故事 Ask HN: Best back end to run m... 转换完成，包含 0 条评论
2025-12-15 16:04:03,712 - scrapers.hackernews_scraper - INFO - 转换第 7/15 个故事: Ask HN: How can I get better a...
2025-12-15 16:04:06,445 - scrapers.hackernews_scraper - INFO - 找到 448 条评论
2025-12-15 16:04:10,707 - scrapers.hackernews_scraper - INFO - 故事 Ask HN: How can I get better a... 转换完成，包含 100 条评论
2025-12-15 16:04:10,707 - scrapers.hackernews_scraper - INFO - 转换第 8/15 个故事: Ask HN: Please suggest a smart...
2025-12-15 16:04:13,301 - scrapers.hackernews_scraper - INFO - 找到 6 条评论
2025-12-15 16:04:13,304 - scrapers.hackernews_scraper - INFO - 故事 Ask HN: Please suggest a smart... 转换完成，包含 6 条评论
2025-12-15 16:04:13,305 - scrapers.hackernews_scraper - INFO - 转换第 9/15 个故事: Ask HN: How do I navigate horr...
2025-12-15 16:04:14,822 - scrapers.hackernews_scraper - INFO - 找到 4 条评论
2025-12-15 16:04:14,825 - scrapers.hackernews_scraper - INFO - 故事 Ask HN: How do I navigate horr... 转换完成，包含 4 条评论
2025-12-15 16:04:14,825 - scrapers.hackernews_scraper - INFO - 转换第 10/15 个故事: Ask HN: Should "I asked $AI, a...
2025-12-15 16:04:19,258 - scrapers.hackernews_scraper - INFO - 找到 461 条评论
2025-12-15 16:04:23,826 - scrapers.hackernews_scraper - INFO - 故事 Ask HN: Should "I asked $AI, a... 转换完成，包含 100 条评论
2025-12-15 16:04:23,826 - scrapers.hackernews_scraper - INFO - 转换第 11/15 个故事: Ask HN: Thought-Provoking Book...
2025-12-15 16:04:26,895 - scrapers.hackernews_scraper - INFO - 找到 14 条评论
2025-12-15 16:04:26,905 - scrapers.hackernews_scraper - INFO - 故事 Ask HN: Thought-Provoking Book... 转换完成，包含 14 条评论
2025-12-15 16:04:26,905 - scrapers.hackernews_scraper - INFO - 转换第 12/15 个故事: Ask HN: Any online tech spaces...
2025-12-15 16:04:29,951 - scrapers.hackernews_scraper - INFO - 找到 8 条评论
2025-12-15 16:04:29,956 - scrapers.hackernews_scraper - INFO - 故事 Ask HN: Any online tech spaces... 转换完成，包含 8 条评论
2025-12-15 16:04:29,956 - scrapers.hackernews_scraper - INFO - 转换第 13/15 个故事: Ask HN: Did anyone else notice...
2025-12-15 16:04:31,713 - scrapers.hackernews_scraper - INFO - 找到 8 条评论
2025-12-15 16:04:31,719 - scrapers.hackernews_scraper - INFO - 故事 Ask HN: Did anyone else notice... 转换完成，包含 8 条评论
2025-12-15 16:04:31,719 - scrapers.hackernews_scraper - INFO - 转换第 14/15 个故事: Ask HN: End of Year Book Recom...
2025-12-15 16:04:33,702 - scrapers.hackernews_scraper - INFO - 找到 15 条评论
2025-12-15 16:04:33,713 - scrapers.hackernews_scraper - INFO - 故事 Ask HN: End of Year Book Recom... 转换完成，包含 15 条评论
2025-12-15 16:04:33,714 - scrapers.hackernews_scraper - INFO - 转换第 15/15 个故事: Ask HN: Is writing without AI ...
2025-12-15 16:04:36,656 - scrapers.hackernews_scraper - INFO - 找到 5 条评论
2025-12-15 16:04:36,659 - scrapers.hackernews_scraper - INFO - 故事 Ask HN: Is writing without AI ... 转换完成，包含 5 条评论
2025-12-15 16:04:36,659 - scrapers.hackernews_scraper - INFO - 共转换 15 个故事为统一格式
2025-12-15 16:04:36,660 - scrapers.hackernews_scraper - INFO - 爬取完成，共获取 15 个Ask HN故事
2025-12-15 16:04:37,140 - utils.storage_utils - INFO - 已更新源索引: hackernews
2025-12-15 16:04:37,142 - utils.storage_utils - INFO - 数据已保存到 data/hackernews/week_2025-12-15.json
2025-12-15 16:04:37,143 - scrapers.base_scraper - INFO - 数据已保存到 data/hackernews/week_2025-12-15.json
2025-12-15 16:04:37,143 - scrapers.base_scraper - INFO - 成功爬取 Hacker News 的数据
2025-12-15 16:04:37,144 - __main__ - INFO - 完成: 1/3 个爬虫成功运行
2025-12-15 16:04:37,376 - __main__ - INFO - 归档所有源的旧数据
2025-12-15 16:04:37,377 - __main__ - INFO - 源 jandan 归档 无需归档
2025-12-15 16:04:37,377 - __main__ - INFO - 源 reddit 归档 无需归档
2025-12-15 16:04:37,377 - utils.storage_utils - INFO - 已将 week_2025-09-22.json 归档
2025-12-15 16:04:37,377 - __main__ - INFO - 源 hackernews 归档 成功
