2026-07-12 16:44:05,315 - __main__ - INFO - 运行所有爬虫
2026-07-12 16:44:05,316 - scrapers.jandan_scraper - INFO - JandanScraper初始化完成
2026-07-12 16:44:05,316 - scrapers.base_scraper - INFO - 开始爬取 煎蛋网
2026-07-12 16:44:05,316 - scrapers.jandan_scraper - INFO - 开始爬取煎蛋热评
2026-07-12 16:44:09,263 - scrapers.jandan_scraper - INFO - 成功获取HTML内容，长度: 36949
2026-07-12 16:44:09,263 - scrapers.jandan_scraper - INFO - 调试: 手动获取评论 5877984 的吐槽数据
2026-07-12 16:44:09,263 - scrapers.jandan_scraper - INFO - 获取评论 5877984 的吐槽内容: https://jandan.net/api/tucao/list/5877984
2026-07-12 16:44:12,030 - scrapers.jandan_scraper - INFO - 评论 5877984 获取到 0 条热门吐槽, 0 条普通吐槽
2026-07-12 16:44:12,030 - scrapers.jandan_scraper - INFO - 调试: 评论 5877984 获取到 0 条热门吐槽, 0 条普通吐槽
2026-07-12 16:44:12,030 - scrapers.jandan_scraper - INFO - 开始解析页面中的评论
2026-07-12 16:44:12,030 - scrapers.jandan_scraper - INFO - 开始解析HTML内容, 长度: 36949
2026-07-12 16:44:12,038 - scrapers.jandan_scraper - INFO - 找到 0 条热门评论
2026-07-12 16:44:12,038 - scrapers.jandan_scraper - INFO - 解析完成，获取到 0 条评论
2026-07-12 16:44:12,038 - scrapers.jandan_scraper - INFO - 开始转换评论为统一格式
2026-07-12 16:44:12,038 - scrapers.jandan_scraper - INFO - 开始转换 0 条评论到统一格式
2026-07-12 16:44:12,038 - scrapers.jandan_scraper - INFO - 共转换 0 条评论为统一格式
2026-07-12 16:44:12,038 - scrapers.jandan_scraper - INFO - 爬取完成，共获取 0 条热评
2026-07-12 16:44:12,039 - scrapers.base_scraper - ERROR - 爬取 煎蛋网 失败
2026-07-12 16:44:12,039 - scrapers.reddit_scraper - INFO - RedditScraper初始化完成
2026-07-12 16:44:12,040 - scrapers.base_scraper - INFO - 开始爬取 Reddit
2026-07-12 16:44:12,040 - scrapers.reddit_scraper - INFO - 开始爬取Reddit r/confessions每周热门帖子
2026-07-12 16:44:14,922 - utils.http_utils - ERROR - 请求失败: https://www.reddit.com/r/confessions/top/.json?t=week&limit=10, 错误: 403 Client Error: Blocked for url: https://www.reddit.com/r/confessions/top/.json?t=week&limit=10
2026-07-12 16:44:14,923 - scrapers.reddit_scraper - ERROR - 获取API数据失败: 403 Client Error: Blocked for url: https://www.reddit.com/r/confessions/top/.json?t=week&limit=10
2026-07-12 16:44:14,923 - scrapers.base_scraper - ERROR - 爬取 Reddit 失败
2026-07-12 16:44:14,924 - scrapers.hackernews_scraper - INFO - HackerNewsScraper初始化完成
2026-07-12 16:44:14,924 - scrapers.base_scraper - INFO - 开始爬取 Hacker News
2026-07-12 16:44:14,924 - scrapers.hackernews_scraper - INFO - 开始爬取Hacker News Ask HN帖子
2026-07-12 16:44:14,924 - scrapers.hackernews_scraper - INFO - 获取Ask HN页面: https://news.ycombinator.com/ask
2026-07-12 16:44:17,262 - scrapers.hackernews_scraper - INFO - 找到 26 个帖子行
2026-07-12 16:44:17,263 - scrapers.hackernews_scraper - INFO - 成功解析故事: Ask HN: Bypass smartphone call..., 作者=sigureitimonnji, 点赞=2, 评论=0
2026-07-12 16:44:17,264 - scrapers.hackernews_scraper - INFO - 成功解析故事: Ask HN: Is looking at the code..., 作者=rstagi, 点赞=4, 评论=0
2026-07-12 16:44:17,265 - scrapers.hackernews_scraper - INFO - 成功解析故事: Ask HN: Are systems ready for ..., 作者=Asmod4n, 点赞=80, 评论=0
2026-07-12 16:44:17,265 - scrapers.hackernews_scraper - INFO - 成功解析故事: Ask HN: Why isn't Google index..., 作者=iameli, 点赞=46, 评论=0
2026-07-12 16:44:17,266 - scrapers.hackernews_scraper - INFO - 成功解析故事: Ask HN: How do you use Vim in ..., 作者=rstagi, 点赞=46, 评论=0
2026-07-12 16:44:17,266 - scrapers.hackernews_scraper - INFO - 成功解析故事: Ask HN: My father died and I n..., 作者=c4kar, 点赞=6, 评论=0
2026-07-12 16:44:17,267 - scrapers.hackernews_scraper - INFO - 成功解析故事: Ask HN: Is anyone experimentin..., 作者=yehiaabdelm, 点赞=212, 评论=0
2026-07-12 16:44:17,267 - scrapers.hackernews_scraper - INFO - 成功解析故事: Ask HN: What was the last task..., 作者=thedebuglife, 点赞=24, 评论=0
2026-07-12 16:44:17,268 - scrapers.hackernews_scraper - INFO - 成功解析故事: Ask HN: HN frontpage feels bor..., 作者=xeonmc, 点赞=50, 评论=0
2026-07-12 16:44:17,269 - scrapers.hackernews_scraper - INFO - 成功解析故事: Ask HN: Where are the good sea..., 作者=lo0dot0, 点赞=57, 评论=0
2026-07-12 16:44:17,269 - scrapers.hackernews_scraper - INFO - 成功解析故事: Ask HN: Who is hiring? (July 2..., 作者=whoishiring, 点赞=246, 评论=0
2026-07-12 16:44:17,269 - scrapers.hackernews_scraper - INFO - 成功解析故事: Ask HN: Burned Tokens scented ..., 作者=Tade0, 点赞=5, 评论=0
2026-07-12 16:44:17,270 - scrapers.hackernews_scraper - INFO - 成功解析故事: Ask HN: Is GitHub preparing to..., 作者=reconnecting, 点赞=56, 评论=0
2026-07-12 16:44:17,270 - scrapers.hackernews_scraper - INFO - 成功解析故事: Ask HN: I hate coding agents. ..., 作者=cmar00, 点赞=18, 评论=0
2026-07-12 16:44:17,270 - scrapers.hackernews_scraper - INFO - 成功解析 14 个Ask HN故事
2026-07-12 16:44:17,270 - scrapers.hackernews_scraper - INFO - 开始转换 14 个故事到统一格式
2026-07-12 16:44:17,270 - scrapers.hackernews_scraper - INFO - 转换第 1/14 个故事: Ask HN: Bypass smartphone call...
2026-07-12 16:44:19,107 - utils.http_utils - ERROR - 请求失败: https://news.ycombinator.com/item?id=48881946, 错误: 429 Client Error: Too Many Requests for url: https://news.ycombinator.com/item?id=48881946
2026-07-12 16:44:19,107 - scrapers.hackernews_scraper - ERROR - 获取故事详情失败: 48881946
2026-07-12 16:44:21,696 - utils.http_utils - ERROR - 请求失败: https://news.ycombinator.com/item?id=48881946, 错误: 429 Client Error: Too Many Requests for url: https://news.ycombinator.com/item?id=48881946
2026-07-12 16:44:21,696 - scrapers.hackernews_scraper - ERROR - 获取故事详情失败: 48881946
2026-07-12 16:44:21,696 - scrapers.hackernews_scraper - INFO - 故事 Ask HN: Bypass smartphone call... 转换完成，包含 0 条评论
2026-07-12 16:44:21,696 - scrapers.hackernews_scraper - INFO - 转换第 2/14 个故事: Ask HN: Is looking at the code...
2026-07-12 16:44:23,113 - utils.http_utils - ERROR - 请求失败: https://news.ycombinator.com/item?id=48881821, 错误: 429 Client Error: Too Many Requests for url: https://news.ycombinator.com/item?id=48881821
2026-07-12 16:44:23,113 - scrapers.hackernews_scraper - ERROR - 获取故事详情失败: 48881821
2026-07-12 16:44:25,065 - utils.http_utils - ERROR - 请求失败: https://news.ycombinator.com/item?id=48881821, 错误: 429 Client Error: Too Many Requests for url: https://news.ycombinator.com/item?id=48881821
2026-07-12 16:44:25,065 - scrapers.hackernews_scraper - ERROR - 获取故事详情失败: 48881821
2026-07-12 16:44:25,065 - scrapers.hackernews_scraper - INFO - 故事 Ask HN: Is looking at the code... 转换完成，包含 0 条评论
2026-07-12 16:44:25,065 - scrapers.hackernews_scraper - INFO - 转换第 3/14 个故事: Ask HN: Are systems ready for ...
2026-07-12 16:44:27,650 - utils.http_utils - ERROR - 请求失败: https://news.ycombinator.com/item?id=48807108, 错误: 429 Client Error: Too Many Requests for url: https://news.ycombinator.com/item?id=48807108
2026-07-12 16:44:27,650 - scrapers.hackernews_scraper - ERROR - 获取故事详情失败: 48807108
2026-07-12 16:44:30,538 - utils.http_utils - ERROR - 请求失败: https://news.ycombinator.com/item?id=48807108, 错误: 429 Client Error: Too Many Requests for url: https://news.ycombinator.com/item?id=48807108
2026-07-12 16:44:30,539 - scrapers.hackernews_scraper - ERROR - 获取故事详情失败: 48807108
2026-07-12 16:44:30,539 - scrapers.hackernews_scraper - INFO - 故事 Ask HN: Are systems ready for ... 转换完成，包含 0 条评论
2026-07-12 16:44:30,539 - scrapers.hackernews_scraper - INFO - 转换第 4/14 个故事: Ask HN: Why isn't Google index...
2026-07-12 16:44:32,008 - utils.http_utils - ERROR - 请求失败: https://news.ycombinator.com/item?id=48874046, 错误: 429 Client Error: Too Many Requests for url: https://news.ycombinator.com/item?id=48874046
2026-07-12 16:44:32,009 - scrapers.hackernews_scraper - ERROR - 获取故事详情失败: 48874046
2026-07-12 16:44:33,079 - utils.http_utils - ERROR - 请求失败: https://news.ycombinator.com/item?id=48874046, 错误: 429 Client Error: Too Many Requests for url: https://news.ycombinator.com/item?id=48874046
2026-07-12 16:44:33,079 - scrapers.hackernews_scraper - ERROR - 获取故事详情失败: 48874046
2026-07-12 16:44:33,079 - scrapers.hackernews_scraper - INFO - 故事 Ask HN: Why isn't Google index... 转换完成，包含 0 条评论
2026-07-12 16:44:33,079 - scrapers.hackernews_scraper - INFO - 转换第 5/14 个故事: Ask HN: How do you use Vim in ...
2026-07-12 16:44:34,285 - utils.http_utils - ERROR - 请求失败: https://news.ycombinator.com/item?id=48859439, 错误: 429 Client Error: Too Many Requests for url: https://news.ycombinator.com/item?id=48859439
2026-07-12 16:44:34,285 - scrapers.hackernews_scraper - ERROR - 获取故事详情失败: 48859439
2026-07-12 16:44:35,783 - utils.http_utils - ERROR - 请求失败: https://news.ycombinator.com/item?id=48859439, 错误: 429 Client Error: Too Many Requests for url: https://news.ycombinator.com/item?id=48859439
2026-07-12 16:44:35,783 - scrapers.hackernews_scraper - ERROR - 获取故事详情失败: 48859439
2026-07-12 16:44:35,783 - scrapers.hackernews_scraper - INFO - 故事 Ask HN: How do you use Vim in ... 转换完成，包含 0 条评论
2026-07-12 16:44:35,783 - scrapers.hackernews_scraper - INFO - 转换第 6/14 个故事: Ask HN: My father died and I n...
2026-07-12 16:44:37,933 - utils.http_utils - ERROR - 请求失败: https://news.ycombinator.com/item?id=48872471, 错误: 429 Client Error: Too Many Requests for url: https://news.ycombinator.com/item?id=48872471
2026-07-12 16:44:37,933 - scrapers.hackernews_scraper - ERROR - 获取故事详情失败: 48872471
2026-07-12 16:44:40,619 - utils.http_utils - ERROR - 请求失败: https://news.ycombinator.com/item?id=48872471, 错误: 429 Client Error: Too Many Requests for url: https://news.ycombinator.com/item?id=48872471
2026-07-12 16:44:40,620 - scrapers.hackernews_scraper - ERROR - 获取故事详情失败: 48872471
2026-07-12 16:44:40,620 - scrapers.hackernews_scraper - INFO - 故事 Ask HN: My father died and I n... 转换完成，包含 0 条评论
2026-07-12 16:44:40,620 - scrapers.hackernews_scraper - INFO - 转换第 7/14 个故事: Ask HN: Is anyone experimentin...
2026-07-12 16:44:43,172 - utils.http_utils - ERROR - 请求失败: https://news.ycombinator.com/item?id=48771515, 错误: 429 Client Error: Too Many Requests for url: https://news.ycombinator.com/item?id=48771515
2026-07-12 16:44:43,172 - scrapers.hackernews_scraper - ERROR - 获取故事详情失败: 48771515
2026-07-12 16:44:46,012 - utils.http_utils - ERROR - 请求失败: https://news.ycombinator.com/item?id=48771515, 错误: 429 Client Error: Too Many Requests for url: https://news.ycombinator.com/item?id=48771515
2026-07-12 16:44:46,013 - scrapers.hackernews_scraper - ERROR - 获取故事详情失败: 48771515
2026-07-12 16:44:46,013 - scrapers.hackernews_scraper - INFO - 故事 Ask HN: Is anyone experimentin... 转换完成，包含 0 条评论
2026-07-12 16:44:46,013 - scrapers.hackernews_scraper - INFO - 转换第 8/14 个故事: Ask HN: What was the last task...
2026-07-12 16:44:48,053 - scrapers.hackernews_scraper - INFO - 找到 29 条评论
2026-07-12 16:44:48,076 - scrapers.hackernews_scraper - INFO - 故事 Ask HN: What was the last task... 转换完成，包含 29 条评论
2026-07-12 16:44:48,076 - scrapers.hackernews_scraper - INFO - 转换第 9/14 个故事: Ask HN: HN frontpage feels bor...
2026-07-12 16:44:50,913 - scrapers.hackernews_scraper - INFO - 找到 36 条评论
2026-07-12 16:44:50,942 - scrapers.hackernews_scraper - INFO - 故事 Ask HN: HN frontpage feels bor... 转换完成，包含 36 条评论
2026-07-12 16:44:50,942 - scrapers.hackernews_scraper - INFO - 转换第 10/14 个故事: Ask HN: Where are the good sea...
2026-07-12 16:44:53,103 - utils.http_utils - ERROR - 请求失败: https://news.ycombinator.com/item?id=48787886, 错误: 429 Client Error: Too Many Requests for url: https://news.ycombinator.com/item?id=48787886
2026-07-12 16:44:53,103 - scrapers.hackernews_scraper - ERROR - 获取故事详情失败: 48787886
2026-07-12 16:44:55,080 - utils.http_utils - ERROR - 请求失败: https://news.ycombinator.com/item?id=48787886, 错误: 429 Client Error: Too Many Requests for url: https://news.ycombinator.com/item?id=48787886
2026-07-12 16:44:55,080 - scrapers.hackernews_scraper - ERROR - 获取故事详情失败: 48787886
2026-07-12 16:44:55,080 - scrapers.hackernews_scraper - INFO - 故事 Ask HN: Where are the good sea... 转换完成，包含 0 条评论
2026-07-12 16:44:55,080 - scrapers.hackernews_scraper - INFO - 转换第 11/14 个故事: Ask HN: Who is hiring? (July 2...
2026-07-12 16:44:57,867 - scrapers.hackernews_scraper - INFO - 找到 408 条评论
2026-07-12 16:45:00,537 - scrapers.hackernews_scraper - INFO - 故事 Ask HN: Who is hiring? (July 2... 转换完成，包含 100 条评论
2026-07-12 16:45:00,537 - scrapers.hackernews_scraper - INFO - 转换第 12/14 个故事: Ask HN: Burned Tokens scented ...
2026-07-12 16:45:01,836 - utils.http_utils - ERROR - 请求失败: https://news.ycombinator.com/item?id=48859873, 错误: 429 Client Error: Too Many Requests for url: https://news.ycombinator.com/item?id=48859873
2026-07-12 16:45:01,836 - scrapers.hackernews_scraper - ERROR - 获取故事详情失败: 48859873
2026-07-12 16:45:04,144 - utils.http_utils - ERROR - 请求失败: https://news.ycombinator.com/item?id=48859873, 错误: 429 Client Error: Too Many Requests for url: https://news.ycombinator.com/item?id=48859873
2026-07-12 16:45:04,144 - scrapers.hackernews_scraper - ERROR - 获取故事详情失败: 48859873
2026-07-12 16:45:04,144 - scrapers.hackernews_scraper - INFO - 故事 Ask HN: Burned Tokens scented ... 转换完成，包含 0 条评论
2026-07-12 16:45:04,144 - scrapers.hackernews_scraper - INFO - 转换第 13/14 个故事: Ask HN: Is GitHub preparing to...
2026-07-12 16:45:07,009 - utils.http_utils - ERROR - 请求失败: https://news.ycombinator.com/item?id=48821803, 错误: 429 Client Error: Too Many Requests for url: https://news.ycombinator.com/item?id=48821803
2026-07-12 16:45:07,009 - scrapers.hackernews_scraper - ERROR - 获取故事详情失败: 48821803
2026-07-12 16:45:09,040 - utils.http_utils - ERROR - 请求失败: https://news.ycombinator.com/item?id=48821803, 错误: 429 Client Error: Too Many Requests for url: https://news.ycombinator.com/item?id=48821803
2026-07-12 16:45:09,040 - scrapers.hackernews_scraper - ERROR - 获取故事详情失败: 48821803
2026-07-12 16:45:09,040 - scrapers.hackernews_scraper - INFO - 故事 Ask HN: Is GitHub preparing to... 转换完成，包含 0 条评论
2026-07-12 16:45:09,041 - scrapers.hackernews_scraper - INFO - 转换第 14/14 个故事: Ask HN: I hate coding agents. ...
2026-07-12 16:45:10,685 - utils.http_utils - ERROR - 请求失败: https://news.ycombinator.com/item?id=48844345, 错误: 429 Client Error: Too Many Requests for url: https://news.ycombinator.com/item?id=48844345
2026-07-12 16:45:10,685 - scrapers.hackernews_scraper - ERROR - 获取故事详情失败: 48844345
2026-07-12 16:45:13,687 - utils.http_utils - ERROR - 请求失败: https://news.ycombinator.com/item?id=48844345, 错误: 429 Client Error: Too Many Requests for url: https://news.ycombinator.com/item?id=48844345
2026-07-12 16:45:13,687 - scrapers.hackernews_scraper - ERROR - 获取故事详情失败: 48844345
2026-07-12 16:45:13,687 - scrapers.hackernews_scraper - INFO - 故事 Ask HN: I hate coding agents. ... 转换完成，包含 0 条评论
2026-07-12 16:45:13,687 - scrapers.hackernews_scraper - INFO - 共转换 14 个故事为统一格式
2026-07-12 16:45:13,687 - scrapers.hackernews_scraper - INFO - 爬取完成，共获取 14 个Ask HN故事
2026-07-12 16:45:14,009 - utils.storage_utils - INFO - 已更新源索引: hackernews
2026-07-12 16:45:14,009 - utils.storage_utils - INFO - 数据已保存到 data/hackernews/week_2026-07-06.json
2026-07-12 16:45:14,011 - scrapers.base_scraper - INFO - 数据已保存到 data/hackernews/week_2026-07-06.json
2026-07-12 16:45:14,011 - scrapers.base_scraper - INFO - 成功爬取 Hacker News 的数据
2026-07-12 16:45:14,012 - __main__ - INFO - 完成: 1/3 个爬虫成功运行
2026-07-12 16:45:14,201 - __main__ - INFO - 归档所有源的旧数据
2026-07-12 16:45:14,201 - __main__ - INFO - 源 jandan 归档 无需归档
2026-07-12 16:45:14,201 - __main__ - INFO - 源 reddit 归档 无需归档
2026-07-12 16:45:14,202 - __main__ - INFO - 源 hackernews 归档 无需归档
