2025-04-21 16:01:41,319 - __main__ - INFO - 运行所有爬虫
2025-04-21 16:01:41,319 - scrapers.jandan_scraper - INFO - JandanScraper初始化完成
2025-04-21 16:01:41,319 - scrapers.base_scraper - INFO - 开始爬取 煎蛋网
2025-04-21 16:01:41,319 - scrapers.jandan_scraper - INFO - 开始爬取煎蛋热评
2025-04-21 16:01:45,501 - scrapers.jandan_scraper - INFO - 成功获取HTML内容，长度: 23135
2025-04-21 16:01:45,502 - scrapers.jandan_scraper - INFO - 调试: 手动获取评论 5877984 的吐槽数据
2025-04-21 16:01:45,502 - scrapers.jandan_scraper - INFO - 获取评论 5877984 的吐槽内容: https://jandan.net/api/tucao/list/5877984
2025-04-21 16:01:47,694 - scrapers.jandan_scraper - INFO - 评论 5877984 获取到 1 条热门吐槽, 3 条普通吐槽
2025-04-21 16:01:47,694 - scrapers.jandan_scraper - INFO - 调试: 评论 5877984 获取到 1 条热门吐槽, 3 条普通吐槽
2025-04-21 16:01:47,694 - scrapers.jandan_scraper - INFO - 开始解析页面中的评论
2025-04-21 16:01:47,694 - scrapers.jandan_scraper - INFO - 开始解析HTML内容, 长度: 23135
2025-04-21 16:01:47,702 - scrapers.jandan_scraper - INFO - 找到 0 条热门评论
2025-04-21 16:01:47,702 - scrapers.jandan_scraper - INFO - 解析完成，获取到 0 条评论
2025-04-21 16:01:47,702 - scrapers.jandan_scraper - INFO - 开始转换评论为统一格式
2025-04-21 16:01:47,702 - scrapers.jandan_scraper - INFO - 开始转换 0 条评论到统一格式
2025-04-21 16:01:47,702 - scrapers.jandan_scraper - INFO - 共转换 0 条评论为统一格式
2025-04-21 16:01:47,702 - scrapers.jandan_scraper - INFO - 爬取完成，共获取 0 条热评
2025-04-21 16:01:47,702 - scrapers.base_scraper - ERROR - 爬取 煎蛋网 失败
2025-04-21 16:01:47,702 - scrapers.reddit_scraper - INFO - RedditScraper初始化完成
2025-04-21 16:01:47,703 - scrapers.base_scraper - INFO - 开始爬取 Reddit
2025-04-21 16:01:47,703 - scrapers.reddit_scraper - INFO - 开始爬取Reddit r/confessions每周热门帖子
2025-04-21 16:01:50,712 - utils.http_utils - ERROR - 请求失败: https://www.reddit.com/r/confessions/top/.json?t=week&limit=10, 错误: 403 Client Error: Blocked for url: https://www.reddit.com/r/confessions/top/.json?t=week&limit=10
2025-04-21 16:01:50,712 - scrapers.reddit_scraper - ERROR - 获取API数据失败: 403 Client Error: Blocked for url: https://www.reddit.com/r/confessions/top/.json?t=week&limit=10
2025-04-21 16:01:50,712 - scrapers.base_scraper - ERROR - 爬取 Reddit 失败
2025-04-21 16:01:50,712 - scrapers.hackernews_scraper - INFO - HackerNewsScraper初始化完成
2025-04-21 16:01:50,713 - scrapers.base_scraper - INFO - 开始爬取 Hacker News
2025-04-21 16:01:50,713 - scrapers.hackernews_scraper - INFO - 开始爬取Hacker News Ask HN帖子
2025-04-21 16:01:50,713 - scrapers.hackernews_scraper - INFO - 获取Ask HN页面: https://news.ycombinator.com/ask
2025-04-21 16:01:53,658 - scrapers.hackernews_scraper - INFO - 找到 30 个帖子行
2025-04-21 16:01:53,659 - scrapers.hackernews_scraper - INFO - 成功解析故事: Ask HN: How are you managing y..., 作者=toomuchtodo, 点赞=3, 评论=0
2025-04-21 16:01:53,660 - scrapers.hackernews_scraper - INFO - 成功解析故事: Ask HN: How do you talk about ..., 作者=newacc250218, 点赞=70, 评论=0
2025-04-21 16:01:53,661 - scrapers.hackernews_scraper - INFO - 成功解析故事: Ask HN: Ways from the EU to th..., 作者=nsiradze, 点赞=4, 评论=0
2025-04-21 16:01:53,661 - scrapers.hackernews_scraper - INFO - 成功解析故事: Ask HN: What is bad about Home..., 作者=croemer, 点赞=5, 评论=0
2025-04-21 16:01:53,662 - scrapers.hackernews_scraper - INFO - 成功解析故事: Ask HN: Why are many of this u..., 作者=nomilk, 点赞=4, 评论=0
2025-04-21 16:01:53,662 - scrapers.hackernews_scraper - INFO - 成功解析故事: Ask HN: Why is there no P2P st..., 作者=memet_rush, 点赞=235, 评论=0
2025-04-21 16:01:53,663 - scrapers.hackernews_scraper - INFO - 成功解析故事: Ask HN: How to get my developm..., 作者=ttmuncher, 点赞=45, 评论=0
2025-04-21 16:01:53,664 - scrapers.hackernews_scraper - INFO - 成功解析故事: Ask HN: How do you drive adopt..., 作者=kassidycurrey, 点赞=6, 评论=0
2025-04-21 16:01:53,664 - scrapers.hackernews_scraper - INFO - 成功解析故事: Ask HN: Happy Easter HN - What..., 作者=hubraumhugo, 点赞=7, 评论=0
2025-04-21 16:01:53,665 - scrapers.hackernews_scraper - INFO - 成功解析故事: Ask HN: How to transition into..., 作者=hdks, 点赞=9, 评论=0
2025-04-21 16:01:53,665 - scrapers.hackernews_scraper - INFO - 成功解析故事: Ask HN: What are the hottest a..., 作者=dira3, 点赞=9, 评论=0
2025-04-21 16:01:53,666 - scrapers.hackernews_scraper - INFO - 成功解析故事: Ask HN: Do FAANG corps have an..., 作者=caprock, 点赞=8, 评论=0
2025-04-21 16:01:53,666 - scrapers.hackernews_scraper - INFO - 成功解析故事: Ask HN: Writing an Interpreter..., 作者=lordleft, 点赞=7, 评论=0
2025-04-21 16:01:53,667 - scrapers.hackernews_scraper - INFO - 成功解析故事: Ask HN: Books/guides/resources..., 作者=_1tan, 点赞=12, 评论=0
2025-04-21 16:01:53,667 - scrapers.hackernews_scraper - INFO - 成功解析故事: Ask HN: How do you monetize pe..., 作者=splimeproject, 点赞=175, 评论=0
2025-04-21 16:01:53,668 - scrapers.hackernews_scraper - INFO - 成功解析 15 个Ask HN故事
2025-04-21 16:01:53,668 - scrapers.hackernews_scraper - INFO - 开始转换 15 个故事到统一格式
2025-04-21 16:01:53,668 - scrapers.hackernews_scraper - INFO - 转换第 1/15 个故事: Ask HN: How are you managing y...
2025-04-21 16:01:55,472 - scrapers.hackernews_scraper - INFO - 找到 0 条评论
2025-04-21 16:01:55,472 - scrapers.hackernews_scraper - INFO - 故事 Ask HN: How are you managing y... 转换完成，包含 0 条评论
2025-04-21 16:01:55,472 - scrapers.hackernews_scraper - INFO - 转换第 2/15 个故事: Ask HN: How do you talk about ...
2025-04-21 16:01:57,224 - scrapers.hackernews_scraper - INFO - 找到 88 条评论
2025-04-21 16:01:57,406 - scrapers.hackernews_scraper - INFO - 故事 Ask HN: How do you talk about ... 转换完成，包含 88 条评论
2025-04-21 16:01:57,406 - scrapers.hackernews_scraper - INFO - 转换第 3/15 个故事: Ask HN: Ways from the EU to th...
2025-04-21 16:01:58,527 - scrapers.hackernews_scraper - INFO - 找到 16 条评论
2025-04-21 16:01:58,540 - scrapers.hackernews_scraper - INFO - 故事 Ask HN: Ways from the EU to th... 转换完成，包含 16 条评论
2025-04-21 16:01:58,540 - scrapers.hackernews_scraper - INFO - 转换第 4/15 个故事: Ask HN: What is bad about Home...
2025-04-21 16:02:00,267 - scrapers.hackernews_scraper - INFO - 找到 1 条评论
2025-04-21 16:02:00,268 - scrapers.hackernews_scraper - INFO - 故事 Ask HN: What is bad about Home... 转换完成，包含 1 条评论
2025-04-21 16:02:00,268 - scrapers.hackernews_scraper - INFO - 转换第 5/15 个故事: Ask HN: Why are many of this u...
2025-04-21 16:02:01,913 - scrapers.hackernews_scraper - INFO - 找到 4 条评论
2025-04-21 16:02:01,916 - scrapers.hackernews_scraper - INFO - 故事 Ask HN: Why are many of this u... 转换完成，包含 4 条评论
2025-04-21 16:02:01,916 - scrapers.hackernews_scraper - INFO - 转换第 6/15 个故事: Ask HN: Why is there no P2P st...
2025-04-21 16:02:05,676 - scrapers.hackernews_scraper - INFO - 找到 223 条评论
2025-04-21 16:02:06,693 - scrapers.hackernews_scraper - INFO - 故事 Ask HN: Why is there no P2P st... 转换完成，包含 100 条评论
2025-04-21 16:02:06,693 - scrapers.hackernews_scraper - INFO - 转换第 7/15 个故事: Ask HN: How to get my developm...
2025-04-21 16:02:08,228 - scrapers.hackernews_scraper - INFO - 找到 25 条评论
2025-04-21 16:02:08,252 - scrapers.hackernews_scraper - INFO - 故事 Ask HN: How to get my developm... 转换完成，包含 25 条评论
2025-04-21 16:02:08,252 - scrapers.hackernews_scraper - INFO - 转换第 8/15 个故事: Ask HN: How do you drive adopt...
2025-04-21 16:02:09,744 - scrapers.hackernews_scraper - INFO - 找到 10 条评论
2025-04-21 16:02:09,751 - scrapers.hackernews_scraper - INFO - 故事 Ask HN: How do you drive adopt... 转换完成，包含 10 条评论
2025-04-21 16:02:09,752 - scrapers.hackernews_scraper - INFO - 转换第 9/15 个故事: Ask HN: Happy Easter HN - What...
2025-04-21 16:02:11,927 - scrapers.hackernews_scraper - INFO - 找到 3 条评论
2025-04-21 16:02:11,929 - scrapers.hackernews_scraper - INFO - 故事 Ask HN: Happy Easter HN - What... 转换完成，包含 3 条评论
2025-04-21 16:02:11,929 - scrapers.hackernews_scraper - INFO - 转换第 10/15 个故事: Ask HN: How to transition into...
2025-04-21 16:02:13,163 - scrapers.hackernews_scraper - INFO - 找到 9 条评论
2025-04-21 16:02:13,169 - scrapers.hackernews_scraper - INFO - 故事 Ask HN: How to transition into... 转换完成，包含 9 条评论
2025-04-21 16:02:13,169 - scrapers.hackernews_scraper - INFO - 转换第 11/15 个故事: Ask HN: What are the hottest a...
2025-04-21 16:02:14,254 - scrapers.hackernews_scraper - INFO - 找到 3 条评论
2025-04-21 16:02:14,256 - scrapers.hackernews_scraper - INFO - 故事 Ask HN: What are the hottest a... 转换完成，包含 3 条评论
2025-04-21 16:02:14,256 - scrapers.hackernews_scraper - INFO - 转换第 12/15 个故事: Ask HN: Do FAANG corps have an...
2025-04-21 16:02:16,680 - scrapers.hackernews_scraper - INFO - 找到 5 条评论
2025-04-21 16:02:16,683 - scrapers.hackernews_scraper - INFO - 故事 Ask HN: Do FAANG corps have an... 转换完成，包含 5 条评论
2025-04-21 16:02:16,683 - scrapers.hackernews_scraper - INFO - 转换第 13/15 个故事: Ask HN: Writing an Interpreter...
2025-04-21 16:02:19,238 - scrapers.hackernews_scraper - INFO - 找到 2 条评论
2025-04-21 16:02:19,239 - scrapers.hackernews_scraper - INFO - 故事 Ask HN: Writing an Interpreter... 转换完成，包含 2 条评论
2025-04-21 16:02:19,239 - scrapers.hackernews_scraper - INFO - 转换第 14/15 个故事: Ask HN: Books/guides/resources...
2025-04-21 16:02:20,801 - scrapers.hackernews_scraper - INFO - 找到 7 条评论
2025-04-21 16:02:20,806 - scrapers.hackernews_scraper - INFO - 故事 Ask HN: Books/guides/resources... 转换完成，包含 7 条评论
2025-04-21 16:02:20,806 - scrapers.hackernews_scraper - INFO - 转换第 15/15 个故事: Ask HN: How do you monetize pe...
2025-04-21 16:02:22,251 - scrapers.hackernews_scraper - INFO - 找到 70 条评论
2025-04-21 16:02:22,378 - scrapers.hackernews_scraper - INFO - 故事 Ask HN: How do you monetize pe... 转换完成，包含 70 条评论
2025-04-21 16:02:22,378 - scrapers.hackernews_scraper - INFO - 共转换 15 个故事为统一格式
2025-04-21 16:02:22,378 - scrapers.hackernews_scraper - INFO - 爬取完成，共获取 15 个Ask HN故事
2025-04-21 16:02:22,504 - utils.storage_utils - INFO - 已更新源索引: hackernews
2025-04-21 16:02:22,506 - utils.storage_utils - INFO - 数据已保存到 data/hackernews/week_2025-04-21.json
2025-04-21 16:02:22,506 - scrapers.base_scraper - INFO - 数据已保存到 data/hackernews/week_2025-04-21.json
2025-04-21 16:02:22,506 - scrapers.base_scraper - INFO - 成功爬取 Hacker News 的数据
2025-04-21 16:02:22,506 - __main__ - INFO - 完成: 1/3 个爬虫成功运行
2025-04-21 16:02:22,744 - __main__ - INFO - 归档所有源的旧数据
2025-04-21 16:02:22,745 - __main__ - INFO - 源 jandan 归档 无需归档
2025-04-21 16:02:22,745 - __main__ - INFO - 源 reddit 归档 无需归档
2025-04-21 16:02:22,745 - __main__ - INFO - 源 hackernews 归档 无需归档
