2026-06-10 16:59:55,905 - __main__ - INFO - 运行所有爬虫
2026-06-10 16:59:55,906 - scrapers.jandan_scraper - INFO - JandanScraper初始化完成
2026-06-10 16:59:55,906 - scrapers.base_scraper - INFO - 开始爬取 煎蛋网
2026-06-10 16:59:55,906 - scrapers.jandan_scraper - INFO - 开始爬取煎蛋热评
2026-06-10 17:00:00,952 - scrapers.jandan_scraper - INFO - 成功获取HTML内容，长度: 27824
2026-06-10 17:00:00,952 - scrapers.jandan_scraper - INFO - 调试: 手动获取评论 5877984 的吐槽数据
2026-06-10 17:00:00,953 - scrapers.jandan_scraper - INFO - 获取评论 5877984 的吐槽内容: https://jandan.net/api/tucao/list/5877984
2026-06-10 17:00:03,231 - scrapers.jandan_scraper - INFO - 评论 5877984 获取到 1 条热门吐槽, 3 条普通吐槽
2026-06-10 17:00:03,231 - scrapers.jandan_scraper - INFO - 调试: 评论 5877984 获取到 1 条热门吐槽, 3 条普通吐槽
2026-06-10 17:00:03,231 - scrapers.jandan_scraper - INFO - 开始解析页面中的评论
2026-06-10 17:00:03,231 - scrapers.jandan_scraper - INFO - 开始解析HTML内容, 长度: 27824
2026-06-10 17:00:03,238 - scrapers.jandan_scraper - INFO - 找到 0 条热门评论
2026-06-10 17:00:03,238 - scrapers.jandan_scraper - INFO - 解析完成，获取到 0 条评论
2026-06-10 17:00:03,238 - scrapers.jandan_scraper - INFO - 开始转换评论为统一格式
2026-06-10 17:00:03,238 - scrapers.jandan_scraper - INFO - 开始转换 0 条评论到统一格式
2026-06-10 17:00:03,238 - scrapers.jandan_scraper - INFO - 共转换 0 条评论为统一格式
2026-06-10 17:00:03,238 - scrapers.jandan_scraper - INFO - 爬取完成，共获取 0 条热评
2026-06-10 17:00:03,239 - scrapers.base_scraper - ERROR - 爬取 煎蛋网 失败
2026-06-10 17:00:03,239 - scrapers.reddit_scraper - INFO - RedditScraper初始化完成
2026-06-10 17:00:03,240 - scrapers.base_scraper - INFO - 开始爬取 Reddit
2026-06-10 17:00:03,240 - scrapers.reddit_scraper - INFO - 开始爬取Reddit r/confessions每周热门帖子
2026-06-10 17:00:04,911 - utils.http_utils - ERROR - 请求失败: https://www.reddit.com/r/confessions/top/.json?t=week&limit=10, 错误: 403 Client Error: Blocked for url: https://www.reddit.com/r/confessions/top/.json?t=week&limit=10
2026-06-10 17:00:04,911 - scrapers.reddit_scraper - ERROR - 获取API数据失败: 403 Client Error: Blocked for url: https://www.reddit.com/r/confessions/top/.json?t=week&limit=10
2026-06-10 17:00:04,912 - scrapers.base_scraper - ERROR - 爬取 Reddit 失败
2026-06-10 17:00:04,912 - scrapers.hackernews_scraper - INFO - HackerNewsScraper初始化完成
2026-06-10 17:00:04,912 - scrapers.base_scraper - INFO - 开始爬取 Hacker News
2026-06-10 17:00:04,912 - scrapers.hackernews_scraper - INFO - 开始爬取Hacker News Ask HN帖子
2026-06-10 17:00:04,912 - scrapers.hackernews_scraper - INFO - 获取Ask HN页面: https://news.ycombinator.com/ask
2026-06-10 17:00:06,363 - scrapers.hackernews_scraper - INFO - 找到 30 个帖子行
2026-06-10 17:00:06,365 - scrapers.hackernews_scraper - INFO - 成功解析故事: Ask HN: Are most corporate SWE..., 作者=hnthrow10282910, 点赞=82, 评论=0
2026-06-10 17:00:06,366 - scrapers.hackernews_scraper - INFO - 成功解析故事: Ask HN: The next evolutionary ..., 作者=tomaytotomato, 点赞=2, 评论=0
2026-06-10 17:00:06,366 - scrapers.hackernews_scraper - INFO - 成功解析故事: Ask HN: Why hasn't there been ..., 作者=mdni007, 点赞=254, 评论=0
2026-06-10 17:00:06,367 - scrapers.hackernews_scraper - INFO - 成功解析故事: Ask HN: Are you still using a ..., 作者=y1n0, 点赞=160, 评论=0
2026-06-10 17:00:06,367 - scrapers.hackernews_scraper - INFO - 成功解析故事: Ask HN: What are tools you hav..., 作者=aryamaan, 点赞=423, 评论=0
2026-06-10 17:00:06,367 - scrapers.hackernews_scraper - INFO - 成功解析故事: Ask HN: Favorite text heavy bl..., 作者=joshmarinacci, 点赞=34, 评论=0
2026-06-10 17:00:06,368 - scrapers.hackernews_scraper - INFO - 成功解析故事: Ask HN: Are we all walking int..., 作者=skor, 点赞=5, 评论=0
2026-06-10 17:00:06,368 - scrapers.hackernews_scraper - INFO - 成功解析故事: Ask HN: What was your "oh shit..., 作者=andrehacker, 点赞=731, 评论=0
2026-06-10 17:00:06,369 - scrapers.hackernews_scraper - INFO - 成功解析故事: Ask HN: So what happened to Fa..., 作者=juliusceasar, 点赞=107, 评论=0
2026-06-10 17:00:06,369 - scrapers.hackernews_scraper - INFO - 成功解析故事: Ask HN: Prediction for SpaceX ..., 作者=bix6, 点赞=6, 评论=0
2026-06-10 17:00:06,370 - scrapers.hackernews_scraper - INFO - 成功解析故事: Ask HN: How to escalate a reje..., 作者=modzu, 点赞=23, 评论=0
2026-06-10 17:00:06,370 - scrapers.hackernews_scraper - INFO - 成功解析故事: Ask HN: How do you cope when y..., 作者=jasonephraim, 点赞=14, 评论=0
2026-06-10 17:00:06,371 - scrapers.hackernews_scraper - INFO - 成功解析故事: Ask HN: What is your (AI) dev ..., 作者=dv35z, 点赞=166, 评论=0
2026-06-10 17:00:06,371 - scrapers.hackernews_scraper - INFO - 成功解析故事: Ask HN: Why is the HN crowd so..., 作者=Ekami, 点赞=457, 评论=0
2026-06-10 17:00:06,371 - scrapers.hackernews_scraper - INFO - 成功解析故事: Ask HN: Which companies gained..., 作者=j1000, 点赞=5, 评论=0
2026-06-10 17:00:06,371 - scrapers.hackernews_scraper - INFO - 成功解析 15 个Ask HN故事
2026-06-10 17:00:06,371 - scrapers.hackernews_scraper - INFO - 开始转换 15 个故事到统一格式
2026-06-10 17:00:06,371 - scrapers.hackernews_scraper - INFO - 转换第 1/15 个故事: Ask HN: Are most corporate SWE...
2026-06-10 17:00:08,266 - scrapers.hackernews_scraper - INFO - 找到 98 条评论
2026-06-10 17:00:08,446 - scrapers.hackernews_scraper - INFO - 故事 Ask HN: Are most corporate SWE... 转换完成，包含 98 条评论
2026-06-10 17:00:08,447 - scrapers.hackernews_scraper - INFO - 转换第 2/15 个故事: Ask HN: The next evolutionary ...
2026-06-10 17:00:10,689 - scrapers.hackernews_scraper - INFO - 找到 0 条评论
2026-06-10 17:00:10,689 - scrapers.hackernews_scraper - INFO - 故事 Ask HN: The next evolutionary ... 转换完成，包含 0 条评论
2026-06-10 17:00:10,689 - scrapers.hackernews_scraper - INFO - 转换第 3/15 个故事: Ask HN: Why hasn't there been ...
2026-06-10 17:00:13,609 - utils.http_utils - ERROR - 请求失败: https://news.ycombinator.com/item?id=48448313, 错误: 429 Client Error: Too Many Requests for url: https://news.ycombinator.com/item?id=48448313
2026-06-10 17:00:13,610 - scrapers.hackernews_scraper - ERROR - 获取故事详情失败: 48448313
2026-06-10 17:00:14,979 - utils.http_utils - ERROR - 请求失败: https://news.ycombinator.com/item?id=48448313, 错误: 429 Client Error: Too Many Requests for url: https://news.ycombinator.com/item?id=48448313
2026-06-10 17:00:14,979 - scrapers.hackernews_scraper - ERROR - 获取故事详情失败: 48448313
2026-06-10 17:00:14,979 - scrapers.hackernews_scraper - INFO - 故事 Ask HN: Why hasn't there been ... 转换完成，包含 0 条评论
2026-06-10 17:00:14,979 - scrapers.hackernews_scraper - INFO - 转换第 4/15 个故事: Ask HN: Are you still using a ...
2026-06-10 17:00:17,212 - scrapers.hackernews_scraper - INFO - 找到 202 条评论
2026-06-10 17:00:17,896 - scrapers.hackernews_scraper - INFO - 故事 Ask HN: Are you still using a ... 转换完成，包含 100 条评论
2026-06-10 17:00:17,896 - scrapers.hackernews_scraper - INFO - 转换第 5/15 个故事: Ask HN: What are tools you hav...
2026-06-10 17:00:21,790 - scrapers.hackernews_scraper - INFO - 找到 726 条评论
2026-06-10 17:00:30,278 - scrapers.hackernews_scraper - INFO - 故事 Ask HN: What are tools you hav... 转换完成，包含 100 条评论
2026-06-10 17:00:30,278 - scrapers.hackernews_scraper - INFO - 转换第 6/15 个故事: Ask HN: Favorite text heavy bl...
2026-06-10 17:00:32,254 - scrapers.hackernews_scraper - INFO - 找到 13 条评论
2026-06-10 17:00:32,263 - scrapers.hackernews_scraper - INFO - 故事 Ask HN: Favorite text heavy bl... 转换完成，包含 13 条评论
2026-06-10 17:00:32,263 - scrapers.hackernews_scraper - INFO - 转换第 7/15 个故事: Ask HN: Are we all walking int...
2026-06-10 17:00:34,527 - utils.http_utils - ERROR - 请求失败: https://news.ycombinator.com/item?id=48473909, 错误: 429 Client Error: Too Many Requests for url: https://news.ycombinator.com/item?id=48473909
2026-06-10 17:00:34,527 - scrapers.hackernews_scraper - ERROR - 获取故事详情失败: 48473909
2026-06-10 17:00:36,875 - utils.http_utils - ERROR - 请求失败: https://news.ycombinator.com/item?id=48473909, 错误: 429 Client Error: Too Many Requests for url: https://news.ycombinator.com/item?id=48473909
2026-06-10 17:00:36,875 - scrapers.hackernews_scraper - ERROR - 获取故事详情失败: 48473909
2026-06-10 17:00:36,875 - scrapers.hackernews_scraper - INFO - 故事 Ask HN: Are we all walking int... 转换完成，包含 0 条评论
2026-06-10 17:00:36,875 - scrapers.hackernews_scraper - INFO - 转换第 8/15 个故事: Ask HN: What was your "oh shit...
2026-06-10 17:00:38,891 - utils.http_utils - ERROR - 请求失败: https://news.ycombinator.com/item?id=48406174, 错误: 429 Client Error: Too Many Requests for url: https://news.ycombinator.com/item?id=48406174
2026-06-10 17:00:38,891 - scrapers.hackernews_scraper - ERROR - 获取故事详情失败: 48406174
2026-06-10 17:00:41,376 - utils.http_utils - ERROR - 请求失败: https://news.ycombinator.com/item?id=48406174, 错误: 429 Client Error: Too Many Requests for url: https://news.ycombinator.com/item?id=48406174
2026-06-10 17:00:41,376 - scrapers.hackernews_scraper - ERROR - 获取故事详情失败: 48406174
2026-06-10 17:00:41,377 - scrapers.hackernews_scraper - INFO - 故事 Ask HN: What was your "oh shit... 转换完成，包含 0 条评论
2026-06-10 17:00:41,377 - scrapers.hackernews_scraper - INFO - 转换第 9/15 个故事: Ask HN: So what happened to Fa...
2026-06-10 17:00:43,741 - utils.http_utils - ERROR - 请求失败: https://news.ycombinator.com/item?id=48397731, 错误: 429 Client Error: Too Many Requests for url: https://news.ycombinator.com/item?id=48397731
2026-06-10 17:00:43,741 - scrapers.hackernews_scraper - ERROR - 获取故事详情失败: 48397731
2026-06-10 17:00:46,474 - utils.http_utils - ERROR - 请求失败: https://news.ycombinator.com/item?id=48397731, 错误: 429 Client Error: Too Many Requests for url: https://news.ycombinator.com/item?id=48397731
2026-06-10 17:00:46,475 - scrapers.hackernews_scraper - ERROR - 获取故事详情失败: 48397731
2026-06-10 17:00:46,475 - scrapers.hackernews_scraper - INFO - 故事 Ask HN: So what happened to Fa... 转换完成，包含 0 条评论
2026-06-10 17:00:46,475 - scrapers.hackernews_scraper - INFO - 转换第 10/15 个故事: Ask HN: Prediction for SpaceX ...
2026-06-10 17:00:48,105 - utils.http_utils - ERROR - 请求失败: https://news.ycombinator.com/item?id=48466828, 错误: 429 Client Error: Too Many Requests for url: https://news.ycombinator.com/item?id=48466828
2026-06-10 17:00:48,105 - scrapers.hackernews_scraper - ERROR - 获取故事详情失败: 48466828
2026-06-10 17:00:50,450 - utils.http_utils - ERROR - 请求失败: https://news.ycombinator.com/item?id=48466828, 错误: 429 Client Error: Too Many Requests for url: https://news.ycombinator.com/item?id=48466828
2026-06-10 17:00:50,450 - scrapers.hackernews_scraper - ERROR - 获取故事详情失败: 48466828
2026-06-10 17:00:50,450 - scrapers.hackernews_scraper - INFO - 故事 Ask HN: Prediction for SpaceX ... 转换完成，包含 0 条评论
2026-06-10 17:00:50,450 - scrapers.hackernews_scraper - INFO - 转换第 11/15 个故事: Ask HN: How to escalate a reje...
2026-06-10 17:00:53,282 - utils.http_utils - ERROR - 请求失败: https://news.ycombinator.com/item?id=48447980, 错误: 429 Client Error: Too Many Requests for url: https://news.ycombinator.com/item?id=48447980
2026-06-10 17:00:53,282 - scrapers.hackernews_scraper - ERROR - 获取故事详情失败: 48447980
2026-06-10 17:00:54,464 - utils.http_utils - ERROR - 请求失败: https://news.ycombinator.com/item?id=48447980, 错误: 429 Client Error: Too Many Requests for url: https://news.ycombinator.com/item?id=48447980
2026-06-10 17:00:54,464 - scrapers.hackernews_scraper - ERROR - 获取故事详情失败: 48447980
2026-06-10 17:00:54,464 - scrapers.hackernews_scraper - INFO - 故事 Ask HN: How to escalate a reje... 转换完成，包含 0 条评论
2026-06-10 17:00:54,464 - scrapers.hackernews_scraper - INFO - 转换第 12/15 个故事: Ask HN: How do you cope when y...
2026-06-10 17:00:55,991 - utils.http_utils - ERROR - 请求失败: https://news.ycombinator.com/item?id=48453224, 错误: 429 Client Error: Too Many Requests for url: https://news.ycombinator.com/item?id=48453224
2026-06-10 17:00:55,991 - scrapers.hackernews_scraper - ERROR - 获取故事详情失败: 48453224
2026-06-10 17:00:57,606 - utils.http_utils - ERROR - 请求失败: https://news.ycombinator.com/item?id=48453224, 错误: 429 Client Error: Too Many Requests for url: https://news.ycombinator.com/item?id=48453224
2026-06-10 17:00:57,606 - scrapers.hackernews_scraper - ERROR - 获取故事详情失败: 48453224
2026-06-10 17:00:57,606 - scrapers.hackernews_scraper - INFO - 故事 Ask HN: How do you cope when y... 转换完成，包含 0 条评论
2026-06-10 17:00:57,606 - scrapers.hackernews_scraper - INFO - 转换第 13/15 个故事: Ask HN: What is your (AI) dev ...
2026-06-10 17:00:59,626 - scrapers.hackernews_scraper - INFO - 找到 135 条评论
2026-06-10 17:00:59,964 - scrapers.hackernews_scraper - INFO - 故事 Ask HN: What is your (AI) dev ... 转换完成，包含 100 条评论
2026-06-10 17:00:59,964 - scrapers.hackernews_scraper - INFO - 转换第 14/15 个故事: Ask HN: Why is the HN crowd so...
2026-06-10 17:01:04,959 - scrapers.hackernews_scraper - INFO - 找到 758 条评论
2026-06-10 17:01:14,383 - scrapers.hackernews_scraper - INFO - 故事 Ask HN: Why is the HN crowd so... 转换完成，包含 100 条评论
2026-06-10 17:01:14,383 - scrapers.hackernews_scraper - INFO - 转换第 15/15 个故事: Ask HN: Which companies gained...
2026-06-10 17:01:15,982 - utils.http_utils - ERROR - 请求失败: https://news.ycombinator.com/item?id=48445780, 错误: 429 Client Error: Too Many Requests for url: https://news.ycombinator.com/item?id=48445780
2026-06-10 17:01:15,982 - scrapers.hackernews_scraper - ERROR - 获取故事详情失败: 48445780
2026-06-10 17:01:17,740 - utils.http_utils - ERROR - 请求失败: https://news.ycombinator.com/item?id=48445780, 错误: 429 Client Error: Too Many Requests for url: https://news.ycombinator.com/item?id=48445780
2026-06-10 17:01:17,741 - scrapers.hackernews_scraper - ERROR - 获取故事详情失败: 48445780
2026-06-10 17:01:17,741 - scrapers.hackernews_scraper - INFO - 故事 Ask HN: Which companies gained... 转换完成，包含 0 条评论
2026-06-10 17:01:17,741 - scrapers.hackernews_scraper - INFO - 共转换 15 个故事为统一格式
2026-06-10 17:01:17,741 - scrapers.hackernews_scraper - INFO - 爬取完成，共获取 15 个Ask HN故事
2026-06-10 17:01:18,038 - utils.storage_utils - INFO - 已更新源索引: hackernews
2026-06-10 17:01:18,039 - utils.storage_utils - INFO - 数据已保存到 data/hackernews/week_2026-06-08.json
2026-06-10 17:01:18,039 - scrapers.base_scraper - INFO - 数据已保存到 data/hackernews/week_2026-06-08.json
2026-06-10 17:01:18,040 - scrapers.base_scraper - INFO - 成功爬取 Hacker News 的数据
2026-06-10 17:01:18,040 - __main__ - INFO - 完成: 1/3 个爬虫成功运行
2026-06-10 17:01:18,253 - __main__ - INFO - 归档所有源的旧数据
2026-06-10 17:01:18,254 - __main__ - INFO - 源 jandan 归档 无需归档
2026-06-10 17:01:18,254 - __main__ - INFO - 源 reddit 归档 无需归档
2026-06-10 17:01:18,254 - __main__ - INFO - 源 hackernews 归档 无需归档
