2026-01-01 16:02:17,219 - __main__ - INFO - 运行所有爬虫
2026-01-01 16:02:17,220 - scrapers.jandan_scraper - INFO - JandanScraper初始化完成
2026-01-01 16:02:17,220 - scrapers.base_scraper - INFO - 开始爬取 煎蛋网
2026-01-01 16:02:17,220 - scrapers.jandan_scraper - INFO - 开始爬取煎蛋热评
2026-01-01 16:02:26,677 - scrapers.jandan_scraper - INFO - 成功获取HTML内容，长度: 24808
2026-01-01 16:02:26,677 - scrapers.jandan_scraper - INFO - 调试: 手动获取评论 5877984 的吐槽数据
2026-01-01 16:02:26,677 - scrapers.jandan_scraper - INFO - 获取评论 5877984 的吐槽内容: https://jandan.net/api/tucao/list/5877984
2026-01-01 16:02:30,637 - scrapers.jandan_scraper - INFO - 评论 5877984 获取到 1 条热门吐槽, 3 条普通吐槽
2026-01-01 16:02:30,637 - scrapers.jandan_scraper - INFO - 调试: 评论 5877984 获取到 1 条热门吐槽, 3 条普通吐槽
2026-01-01 16:02:30,637 - scrapers.jandan_scraper - INFO - 开始解析页面中的评论
2026-01-01 16:02:30,637 - scrapers.jandan_scraper - INFO - 开始解析HTML内容, 长度: 24808
2026-01-01 16:02:30,646 - scrapers.jandan_scraper - INFO - 找到 0 条热门评论
2026-01-01 16:02:30,646 - scrapers.jandan_scraper - INFO - 解析完成，获取到 0 条评论
2026-01-01 16:02:30,646 - scrapers.jandan_scraper - INFO - 开始转换评论为统一格式
2026-01-01 16:02:30,646 - scrapers.jandan_scraper - INFO - 开始转换 0 条评论到统一格式
2026-01-01 16:02:30,646 - scrapers.jandan_scraper - INFO - 共转换 0 条评论为统一格式
2026-01-01 16:02:30,646 - scrapers.jandan_scraper - INFO - 爬取完成，共获取 0 条热评
2026-01-01 16:02:30,646 - scrapers.base_scraper - ERROR - 爬取 煎蛋网 失败
2026-01-01 16:02:30,646 - scrapers.reddit_scraper - INFO - RedditScraper初始化完成
2026-01-01 16:02:30,648 - scrapers.base_scraper - INFO - 开始爬取 Reddit
2026-01-01 16:02:30,648 - scrapers.reddit_scraper - INFO - 开始爬取Reddit r/confessions每周热门帖子
2026-01-01 16:02:31,774 - utils.http_utils - ERROR - 请求失败: https://www.reddit.com/r/confessions/top/.json?t=week&limit=10, 错误: 403 Client Error: Blocked for url: https://www.reddit.com/r/confessions/top/.json?t=week&limit=10
2026-01-01 16:02:31,775 - scrapers.reddit_scraper - ERROR - 获取API数据失败: 403 Client Error: Blocked for url: https://www.reddit.com/r/confessions/top/.json?t=week&limit=10
2026-01-01 16:02:31,776 - scrapers.base_scraper - ERROR - 爬取 Reddit 失败
2026-01-01 16:02:31,776 - scrapers.hackernews_scraper - INFO - HackerNewsScraper初始化完成
2026-01-01 16:02:31,776 - scrapers.base_scraper - INFO - 开始爬取 Hacker News
2026-01-01 16:02:31,776 - scrapers.hackernews_scraper - INFO - 开始爬取Hacker News Ask HN帖子
2026-01-01 16:02:31,776 - scrapers.hackernews_scraper - INFO - 获取Ask HN页面: https://news.ycombinator.com/ask
2026-01-01 16:02:34,376 - scrapers.hackernews_scraper - INFO - 找到 30 个帖子行
2026-01-01 16:02:34,378 - scrapers.hackernews_scraper - INFO - 成功解析故事: Ask HN: What is the best micro..., 作者=zfoong, 点赞=7, 评论=0
2026-01-01 16:02:34,379 - scrapers.hackernews_scraper - INFO - 成功解析故事: Ask HN: What skills do you wan..., 作者=meridion, 点赞=271, 评论=0
2026-01-01 16:02:34,379 - scrapers.hackernews_scraper - INFO - 成功解析故事: Ask HN: What did you read in 2..., 作者=kwar13, 点赞=332, 评论=0
2026-01-01 16:02:34,380 - scrapers.hackernews_scraper - INFO - 成功解析故事: Ask HN: Loneliness at 19, how ..., 作者=yresting, 点赞=60, 评论=0
2026-01-01 16:02:34,380 - scrapers.hackernews_scraper - INFO - 成功解析故事: Ask HN: Any example of success..., 作者=sirnicolaz, 点赞=76, 评论=0
2026-01-01 16:02:34,381 - scrapers.hackernews_scraper - INFO - 成功解析故事: Ask HN: How long before the fi..., 作者=givemeethekeys, 点赞=2, 评论=0
2026-01-01 16:02:34,382 - scrapers.hackernews_scraper - INFO - 成功解析故事: Ask HN: Does reading HN make y..., 作者=yakattak, 点赞=44, 评论=0
2026-01-01 16:02:34,382 - scrapers.hackernews_scraper - INFO - 成功解析故事: Ask HN: How to do a Personal C..., 作者=preciousoo, 点赞=24, 评论=0
2026-01-01 16:02:34,383 - scrapers.hackernews_scraper - INFO - 成功解析故事: Ask HN: How did you make yours..., 作者=ronbenton, 点赞=11, 评论=0
2026-01-01 16:02:34,384 - scrapers.hackernews_scraper - INFO - 成功解析故事: Ask HN: How to go back to list..., 作者=muratsu, 点赞=8, 评论=0
2026-01-01 16:02:34,384 - scrapers.hackernews_scraper - INFO - 成功解析故事: Ask HN: What are you building ..., 作者=bayeslaw, 点赞=21, 评论=0
2026-01-01 16:02:34,385 - scrapers.hackernews_scraper - INFO - 成功解析故事: Ask HN: How are you sandboxing..., 作者=m-hodges, 点赞=44, 评论=0
2026-01-01 16:02:34,385 - scrapers.hackernews_scraper - INFO - 成功解析故事: Ask HN: How do you manage kids..., 作者=xfax, 点赞=12, 评论=0
2026-01-01 16:02:34,386 - scrapers.hackernews_scraper - INFO - 成功解析故事: Ask HN: What do you use to man..., 作者=SunshineTheCat, 点赞=5, 评论=0
2026-01-01 16:02:34,386 - scrapers.hackernews_scraper - INFO - 成功解析故事: Ask HN: How do you get visibil..., 作者=ClipNoteBook, 点赞=13, 评论=0
2026-01-01 16:02:34,386 - scrapers.hackernews_scraper - INFO - 成功解析 15 个Ask HN故事
2026-01-01 16:02:34,387 - scrapers.hackernews_scraper - INFO - 开始转换 15 个故事到统一格式
2026-01-01 16:02:34,387 - scrapers.hackernews_scraper - INFO - 转换第 1/15 个故事: Ask HN: What is the best micro...
2026-01-01 16:02:36,173 - scrapers.hackernews_scraper - INFO - 找到 2 条评论
2026-01-01 16:02:36,174 - scrapers.hackernews_scraper - INFO - 故事 Ask HN: What is the best micro... 转换完成，包含 2 条评论
2026-01-01 16:02:36,174 - scrapers.hackernews_scraper - INFO - 转换第 2/15 个故事: Ask HN: What skills do you wan...
2026-01-01 16:02:39,822 - scrapers.hackernews_scraper - INFO - 找到 414 条评论
2026-01-01 16:02:43,208 - scrapers.hackernews_scraper - INFO - 故事 Ask HN: What skills do you wan... 转换完成，包含 100 条评论
2026-01-01 16:02:43,208 - scrapers.hackernews_scraper - INFO - 转换第 3/15 个故事: Ask HN: What did you read in 2...
2026-01-01 16:02:45,625 - scrapers.hackernews_scraper - INFO - 找到 442 条评论
2026-01-01 16:02:49,277 - scrapers.hackernews_scraper - INFO - 故事 Ask HN: What did you read in 2... 转换完成，包含 100 条评论
2026-01-01 16:02:49,277 - scrapers.hackernews_scraper - INFO - 转换第 4/15 个故事: Ask HN: Loneliness at 19, how ...
2026-01-01 16:02:51,093 - scrapers.hackernews_scraper - INFO - 找到 104 条评论
2026-01-01 16:02:51,313 - scrapers.hackernews_scraper - INFO - 故事 Ask HN: Loneliness at 19, how ... 转换完成，包含 100 条评论
2026-01-01 16:02:51,313 - scrapers.hackernews_scraper - INFO - 转换第 5/15 个故事: Ask HN: Any example of success...
2026-01-01 16:02:53,974 - scrapers.hackernews_scraper - INFO - 找到 116 条评论
2026-01-01 16:02:54,235 - scrapers.hackernews_scraper - INFO - 故事 Ask HN: Any example of success... 转换完成，包含 100 条评论
2026-01-01 16:02:54,235 - scrapers.hackernews_scraper - INFO - 转换第 6/15 个故事: Ask HN: How long before the fi...
2026-01-01 16:02:56,485 - scrapers.hackernews_scraper - INFO - 找到 9 条评论
2026-01-01 16:02:56,491 - scrapers.hackernews_scraper - INFO - 故事 Ask HN: How long before the fi... 转换完成，包含 9 条评论
2026-01-01 16:02:56,491 - scrapers.hackernews_scraper - INFO - 转换第 7/15 个故事: Ask HN: Does reading HN make y...
2026-01-01 16:02:59,346 - scrapers.hackernews_scraper - INFO - 找到 32 条评论
2026-01-01 16:02:59,377 - scrapers.hackernews_scraper - INFO - 故事 Ask HN: Does reading HN make y... 转换完成，包含 32 条评论
2026-01-01 16:02:59,377 - scrapers.hackernews_scraper - INFO - 转换第 8/15 个故事: Ask HN: How to do a Personal C...
2026-01-01 16:03:01,364 - scrapers.hackernews_scraper - INFO - 找到 12 条评论
2026-01-01 16:03:01,372 - scrapers.hackernews_scraper - INFO - 故事 Ask HN: How to do a Personal C... 转换完成，包含 12 条评论
2026-01-01 16:03:01,372 - scrapers.hackernews_scraper - INFO - 转换第 9/15 个故事: Ask HN: How did you make yours...
2026-01-01 16:03:02,748 - scrapers.hackernews_scraper - INFO - 找到 9 条评论
2026-01-01 16:03:02,754 - scrapers.hackernews_scraper - INFO - 故事 Ask HN: How did you make yours... 转换完成，包含 9 条评论
2026-01-01 16:03:02,754 - scrapers.hackernews_scraper - INFO - 转换第 10/15 个故事: Ask HN: How to go back to list...
2026-01-01 16:03:05,713 - scrapers.hackernews_scraper - INFO - 找到 21 条评论
2026-01-01 16:03:05,731 - scrapers.hackernews_scraper - INFO - 故事 Ask HN: How to go back to list... 转换完成，包含 21 条评论
2026-01-01 16:03:05,731 - scrapers.hackernews_scraper - INFO - 转换第 11/15 个故事: Ask HN: What are you building ...
2026-01-01 16:03:06,994 - scrapers.hackernews_scraper - INFO - 找到 37 条评论
2026-01-01 16:03:07,033 - scrapers.hackernews_scraper - INFO - 故事 Ask HN: What are you building ... 转换完成，包含 37 条评论
2026-01-01 16:03:07,033 - scrapers.hackernews_scraper - INFO - 转换第 12/15 个故事: Ask HN: How are you sandboxing...
2026-01-01 16:03:09,901 - scrapers.hackernews_scraper - INFO - 找到 31 条评论
2026-01-01 16:03:09,931 - scrapers.hackernews_scraper - INFO - 故事 Ask HN: How are you sandboxing... 转换完成，包含 31 条评论
2026-01-01 16:03:09,931 - scrapers.hackernews_scraper - INFO - 转换第 13/15 个故事: Ask HN: How do you manage kids...
2026-01-01 16:03:11,608 - scrapers.hackernews_scraper - INFO - 找到 6 条评论
2026-01-01 16:03:11,612 - scrapers.hackernews_scraper - INFO - 故事 Ask HN: How do you manage kids... 转换完成，包含 6 条评论
2026-01-01 16:03:11,612 - scrapers.hackernews_scraper - INFO - 转换第 14/15 个故事: Ask HN: What do you use to man...
2026-01-01 16:03:13,678 - scrapers.hackernews_scraper - INFO - 找到 10 条评论
2026-01-01 16:03:13,684 - scrapers.hackernews_scraper - INFO - 故事 Ask HN: What do you use to man... 转换完成，包含 10 条评论
2026-01-01 16:03:13,684 - scrapers.hackernews_scraper - INFO - 转换第 15/15 个故事: Ask HN: How do you get visibil...
2026-01-01 16:03:15,118 - scrapers.hackernews_scraper - INFO - 找到 20 条评论
2026-01-01 16:03:15,134 - scrapers.hackernews_scraper - INFO - 故事 Ask HN: How do you get visibil... 转换完成，包含 20 条评论
2026-01-01 16:03:15,134 - scrapers.hackernews_scraper - INFO - 共转换 15 个故事为统一格式
2026-01-01 16:03:15,134 - scrapers.hackernews_scraper - INFO - 爬取完成，共获取 15 个Ask HN故事
2026-01-01 16:03:15,672 - utils.storage_utils - INFO - 已更新源索引: hackernews
2026-01-01 16:03:15,675 - utils.storage_utils - INFO - 数据已保存到 data/hackernews/week_2025-12-29.json
2026-01-01 16:03:15,677 - scrapers.base_scraper - INFO - 数据已保存到 data/hackernews/week_2025-12-29.json
2026-01-01 16:03:15,677 - scrapers.base_scraper - INFO - 成功爬取 Hacker News 的数据
2026-01-01 16:03:15,678 - __main__ - INFO - 完成: 1/3 个爬虫成功运行
2026-01-01 16:03:15,899 - __main__ - INFO - 归档所有源的旧数据
2026-01-01 16:03:15,900 - __main__ - INFO - 源 jandan 归档 无需归档
2026-01-01 16:03:15,900 - __main__ - INFO - 源 reddit 归档 无需归档
2026-01-01 16:03:15,900 - __main__ - INFO - 源 hackernews 归档 无需归档
